[0.089s] Invoking command in '/home/jozef/ros2_ws/build/mocap4r2_optitrack_driver': AMENT_PREFIX_PATH=/home/jozef/ros2_ws/install/mocap4r2_control:/home/jozef/ros2_ws/install/mocap4r2_msgs:/home/jozef/ros2_ws/install/mocap4r2_control_msgs:${AMENT_PREFIX_PATH} CMAKE_PREFIX_PATH=/home/jozef/ros2_ws/install/mocap4r2_control:/home/jozef/ros2_ws/install/mocap4r2_msgs:/home/jozef/ros2_ws/install/mocap4r2_control_msgs:/home/jozef/ros2_ws/install/tb2_slam:/home/jozef/ros2_ws/install/neo_localization2:/home/jozef/ros2_ws/install/mrpt_navigation:/home/jozef/ros2_ws/install/mrpt_tutorials:/home/jozef/ros2_ws/install/mrpt_tps_astar_planner:/home/jozef/ros2_ws/install/mrpt_reactivenav2d:/home/jozef/ros2_ws/install/mrpt_rawlog:/home/jozef/ros2_ws/install/mrpt_pointcloud_pipeline:/home/jozef/ros2_ws/install/mrpt_pf_localization:/home/jozef/ros2_ws/install/mrpt_map_server:/home/jozef/ros2_ws/install/mrpt_nav_interfaces:/home/jozef/ros2_ws/install/mrpt_msgs_bridge:/home/jozef/ros2_ws/install/mrpt_msgs:/home/jozef/ros2_ws/install/tb2_control:/opt/ros/humble LD_LIBRARY_PATH=/home/jozef/ros2_ws/install/mocap4r2_control/lib:/home/jozef/ros2_ws/install/mocap4r2_msgs/lib:/home/jozef/ros2_ws/install/mocap4r2_control_msgs/lib:${LD_LIBRARY_PATH} PYTHONPATH=/home/jozef/ros2_ws/install/mocap4r2_msgs/local/lib/python3.10/dist-packages:/home/jozef/ros2_ws/install/mocap4r2_control_msgs/local/lib/python3.10/dist-packages:${PYTHONPATH} /usr/bin/cmake --build /home/jozef/ros2_ws/build/mocap4r2_optitrack_driver -- -j8 -l8
[0.213s] [35m[1mConsolidate compiler generated dependencies of target mocap4r2_optitrack_driver[0m
[0.275s] [ 50%] Built target mocap4r2_optitrack_driver
[0.310s] [35m[1mConsolidate compiler generated dependencies of target mocap4r2_optitrack_driver_main[0m
[0.379s] [100%] Built target mocap4r2_optitrack_driver_main
[0.412s] Invoked command in '/home/jozef/ros2_ws/build/mocap4r2_optitrack_driver' returned '0': AMENT_PREFIX_PATH=/home/jozef/ros2_ws/install/mocap4r2_control:/home/jozef/ros2_ws/install/mocap4r2_msgs:/home/jozef/ros2_ws/install/mocap4r2_control_msgs:${AMENT_PREFIX_PATH} CMAKE_PREFIX_PATH=/home/jozef/ros2_ws/install/mocap4r2_control:/home/jozef/ros2_ws/install/mocap4r2_msgs:/home/jozef/ros2_ws/install/mocap4r2_control_msgs:/home/jozef/ros2_ws/install/tb2_slam:/home/jozef/ros2_ws/install/neo_localization2:/home/jozef/ros2_ws/install/mrpt_navigation:/home/jozef/ros2_ws/install/mrpt_tutorials:/home/jozef/ros2_ws/install/mrpt_tps_astar_planner:/home/jozef/ros2_ws/install/mrpt_reactivenav2d:/home/jozef/ros2_ws/install/mrpt_rawlog:/home/jozef/ros2_ws/install/mrpt_pointcloud_pipeline:/home/jozef/ros2_ws/install/mrpt_pf_localization:/home/jozef/ros2_ws/install/mrpt_map_server:/home/jozef/ros2_ws/install/mrpt_nav_interfaces:/home/jozef/ros2_ws/install/mrpt_msgs_bridge:/home/jozef/ros2_ws/install/mrpt_msgs:/home/jozef/ros2_ws/install/tb2_control:/opt/ros/humble LD_LIBRARY_PATH=/home/jozef/ros2_ws/install/mocap4r2_control/lib:/home/jozef/ros2_ws/install/mocap4r2_msgs/lib:/home/jozef/ros2_ws/install/mocap4r2_control_msgs/lib:${LD_LIBRARY_PATH} PYTHONPATH=/home/jozef/ros2_ws/install/mocap4r2_msgs/local/lib/python3.10/dist-packages:/home/jozef/ros2_ws/install/mocap4r2_control_msgs/local/lib/python3.10/dist-packages:${PYTHONPATH} /usr/bin/cmake --build /home/jozef/ros2_ws/build/mocap4r2_optitrack_driver -- -j8 -l8
[0.418s] Invoking command in '/home/jozef/ros2_ws/build/mocap4r2_optitrack_driver': AMENT_PREFIX_PATH=/home/jozef/ros2_ws/install/mocap4r2_control:/home/jozef/ros2_ws/install/mocap4r2_msgs:/home/jozef/ros2_ws/install/mocap4r2_control_msgs:${AMENT_PREFIX_PATH} CMAKE_PREFIX_PATH=/home/jozef/ros2_ws/install/mocap4r2_control:/home/jozef/ros2_ws/install/mocap4r2_msgs:/home/jozef/ros2_ws/install/mocap4r2_control_msgs:/home/jozef/ros2_ws/install/tb2_slam:/home/jozef/ros2_ws/install/neo_localization2:/home/jozef/ros2_ws/install/mrpt_navigation:/home/jozef/ros2_ws/install/mrpt_tutorials:/home/jozef/ros2_ws/install/mrpt_tps_astar_planner:/home/jozef/ros2_ws/install/mrpt_reactivenav2d:/home/jozef/ros2_ws/install/mrpt_rawlog:/home/jozef/ros2_ws/install/mrpt_pointcloud_pipeline:/home/jozef/ros2_ws/install/mrpt_pf_localization:/home/jozef/ros2_ws/install/mrpt_map_server:/home/jozef/ros2_ws/install/mrpt_nav_interfaces:/home/jozef/ros2_ws/install/mrpt_msgs_bridge:/home/jozef/ros2_ws/install/mrpt_msgs:/home/jozef/ros2_ws/install/tb2_control:/opt/ros/humble LD_LIBRARY_PATH=/home/jozef/ros2_ws/install/mocap4r2_control/lib:/home/jozef/ros2_ws/install/mocap4r2_msgs/lib:/home/jozef/ros2_ws/install/mocap4r2_control_msgs/lib:${LD_LIBRARY_PATH} PYTHONPATH=/home/jozef/ros2_ws/install/mocap4r2_msgs/local/lib/python3.10/dist-packages:/home/jozef/ros2_ws/install/mocap4r2_control_msgs/local/lib/python3.10/dist-packages:${PYTHONPATH} /usr/bin/cmake --install /home/jozef/ros2_ws/build/mocap4r2_optitrack_driver
[0.432s] -- Install configuration: ""
[0.433s] -- Execute custom install script
[0.433s] -- Up-to-date symlink: /home/jozef/ros2_ws/install/mocap4r2_optitrack_driver/include//mocap4r2_optitrack_driver/mocap4r2_optitrack_driver.hpp
[0.433s] -- Up-to-date symlink: /home/jozef/ros2_ws/install/mocap4r2_optitrack_driver/share/mocap4r2_optitrack_driver/launch/optitrack2.launch.py
[0.434s] -- Up-to-date symlink: /home/jozef/ros2_ws/install/mocap4r2_optitrack_driver/share/mocap4r2_optitrack_driver/config/mocap4r2_optitrack_driver_params.yaml
[0.435s] -- Up-to-date symlink: /home/jozef/ros2_ws/install/mocap4r2_optitrack_driver/lib/mocap4r2_optitrack_driver/mocap4r2_optitrack_driver_main
[0.435s] -- Up-to-date symlink: /home/jozef/ros2_ws/install/mocap4r2_optitrack_driver/lib/libmocap4r2_optitrack_driver.a
[0.435s] -- Up-to-date symlink: /home/jozef/ros2_ws/install/mocap4r2_optitrack_driver/share/mocap4r2_optitrack_driver/environment/library_path.sh
[0.435s] -- Up-to-date symlink: /home/jozef/ros2_ws/install/mocap4r2_optitrack_driver/share/mocap4r2_optitrack_driver/environment/library_path.dsv
[0.436s] -- Up-to-date symlink: /home/jozef/ros2_ws/install/mocap4r2_optitrack_driver/share/ament_index/resource_index/package_run_dependencies/mocap4r2_optitrack_driver
[0.437s] -- Up-to-date symlink: /home/jozef/ros2_ws/install/mocap4r2_optitrack_driver/share/ament_index/resource_index/parent_prefix_path/mocap4r2_optitrack_driver
[0.437s] -- Up-to-date symlink: /home/jozef/ros2_ws/install/mocap4r2_optitrack_driver/share/mocap4r2_optitrack_driver/environment/ament_prefix_path.sh
[0.437s] -- Up-to-date symlink: /home/jozef/ros2_ws/install/mocap4r2_optitrack_driver/share/mocap4r2_optitrack_driver/environment/ament_prefix_path.dsv
[0.439s] -- Up-to-date symlink: /home/jozef/ros2_ws/install/mocap4r2_optitrack_driver/share/mocap4r2_optitrack_driver/environment/path.sh
[0.439s] -- Up-to-date symlink: /home/jozef/ros2_ws/install/mocap4r2_optitrack_driver/share/mocap4r2_optitrack_driver/environment/path.dsv
[0.439s] -- Up-to-date symlink: /home/jozef/ros2_ws/install/mocap4r2_optitrack_driver/share/mocap4r2_optitrack_driver/local_setup.bash
[0.440s] -- Up-to-date symlink: /home/jozef/ros2_ws/install/mocap4r2_optitrack_driver/share/mocap4r2_optitrack_driver/local_setup.sh
[0.440s] -- Up-to-date symlink: /home/jozef/ros2_ws/install/mocap4r2_optitrack_driver/share/mocap4r2_optitrack_driver/local_setup.zsh
[0.440s] -- Up-to-date symlink: /home/jozef/ros2_ws/install/mocap4r2_optitrack_driver/share/mocap4r2_optitrack_driver/local_setup.dsv
[0.440s] -- Symlinking: /home/jozef/ros2_ws/install/mocap4r2_optitrack_driver/share/mocap4r2_optitrack_driver/package.dsv
[0.464s] -- Up-to-date symlink: /home/jozef/ros2_ws/install/mocap4r2_optitrack_driver/share/ament_index/resource_index/packages/mocap4r2_optitrack_driver
[0.465s] -- Up-to-date symlink: /home/jozef/ros2_ws/install/mocap4r2_optitrack_driver/share/mocap4r2_optitrack_driver/cmake/ament_cmake_export_include_directories-extras.cmake
[0.467s] -- Up-to-date symlink: /home/jozef/ros2_ws/install/mocap4r2_optitrack_driver/share/mocap4r2_optitrack_driver/cmake/ament_cmake_export_libraries-extras.cmake
[0.468s] -- Up-to-date symlink: /home/jozef/ros2_ws/install/mocap4r2_optitrack_driver/share/mocap4r2_optitrack_driver/cmake/ament_cmake_export_dependencies-extras.cmake
[0.471s] -- Up-to-date symlink: /home/jozef/ros2_ws/install/mocap4r2_optitrack_driver/share/mocap4r2_optitrack_driver/cmake/mocap4r2_optitrack_driverConfig.cmake
[0.471s] -- Up-to-date symlink: /home/jozef/ros2_ws/install/mocap4r2_optitrack_driver/share/mocap4r2_optitrack_driver/cmake/mocap4r2_optitrack_driverConfig-version.cmake
[0.472s] -- Up-to-date symlink: /home/jozef/ros2_ws/install/mocap4r2_optitrack_driver/share/mocap4r2_optitrack_driver/package.xml
[0.514s] Invoked command in '/home/jozef/ros2_ws/build/mocap4r2_optitrack_driver' returned '0': AMENT_PREFIX_PATH=/home/jozef/ros2_ws/install/mocap4r2_control:/home/jozef/ros2_ws/install/mocap4r2_msgs:/home/jozef/ros2_ws/install/mocap4r2_control_msgs:${AMENT_PREFIX_PATH} CMAKE_PREFIX_PATH=/home/jozef/ros2_ws/install/mocap4r2_control:/home/jozef/ros2_ws/install/mocap4r2_msgs:/home/jozef/ros2_ws/install/mocap4r2_control_msgs:/home/jozef/ros2_ws/install/tb2_slam:/home/jozef/ros2_ws/install/neo_localization2:/home/jozef/ros2_ws/install/mrpt_navigation:/home/jozef/ros2_ws/install/mrpt_tutorials:/home/jozef/ros2_ws/install/mrpt_tps_astar_planner:/home/jozef/ros2_ws/install/mrpt_reactivenav2d:/home/jozef/ros2_ws/install/mrpt_rawlog:/home/jozef/ros2_ws/install/mrpt_pointcloud_pipeline:/home/jozef/ros2_ws/install/mrpt_pf_localization:/home/jozef/ros2_ws/install/mrpt_map_server:/home/jozef/ros2_ws/install/mrpt_nav_interfaces:/home/jozef/ros2_ws/install/mrpt_msgs_bridge:/home/jozef/ros2_ws/install/mrpt_msgs:/home/jozef/ros2_ws/install/tb2_control:/opt/ros/humble LD_LIBRARY_PATH=/home/jozef/ros2_ws/install/mocap4r2_control/lib:/home/jozef/ros2_ws/install/mocap4r2_msgs/lib:/home/jozef/ros2_ws/install/mocap4r2_control_msgs/lib:${LD_LIBRARY_PATH} PYTHONPATH=/home/jozef/ros2_ws/install/mocap4r2_msgs/local/lib/python3.10/dist-packages:/home/jozef/ros2_ws/install/mocap4r2_control_msgs/local/lib/python3.10/dist-packages:${PYTHONPATH} /usr/bin/cmake --install /home/jozef/ros2_ws/build/mocap4r2_optitrack_driver
