[0.062s] Invoking command in '/home/jozef/ros2_ws/build/mocap4r2_marker_viz_srvs': CMAKE_PREFIX_PATH=${CMAKE_PREFIX_PATH}:/home/jozef/ros2_ws/install/tb2_control:/home/jozef/ros2_ws/install/mocap4r2cli:/home/jozef/ros2_ws/install/localization_benchmarking:/opt/ros/humble /usr/bin/cmake /home/jozef/ros2_ws/src/mocap4r2_marker_viz/mocap4r2_marker_viz_srvs -DAMENT_CMAKE_SYMLINK_INSTALL=1 -DCMAKE_INSTALL_PREFIX=/home/jozef/ros2_ws/install/mocap4r2_marker_viz_srvs
[0.411s] -- The C compiler identification is GNU 11.4.0
[0.639s] -- The CXX compiler identification is GNU 11.4.0
[0.657s] -- Detecting C compiler ABI info
[0.885s] -- Detecting C compiler ABI info - done
[0.899s] -- Check for working C compiler: /usr/bin/cc - skipped
[0.899s] -- Detecting C compile features
[0.899s] -- Detecting C compile features - done
[0.904s] -- Detecting CXX compiler ABI info
[1.189s] -- Detecting CXX compiler ABI info - done
[1.210s] -- Check for working CXX compiler: /usr/bin/c++ - skipped
[1.210s] -- Detecting CXX compile features
[1.211s] -- Detecting CXX compile features - done
[1.232s] -- Found ament_cmake: 1.3.11 (/opt/ros/humble/share/ament_cmake/cmake)
[2.226s] -- Found Python3: /usr/bin/python3 (found version "3.10.12") found components: Interpreter 
[2.403s] -- Override CMake install command with custom implementation using symlinks instead of copying resources
[2.530s] -- Found rosidl_default_generators: 1.2.0 (/opt/ros/humble/share/rosidl_default_generators/cmake)
[2.548s] -- Using all available rosidl_typesupport_c: rosidl_typesupport_fastrtps_c;rosidl_typesupport_introspection_c
[2.567s] -- Found rosidl_adapter: 3.1.6 (/opt/ros/humble/share/rosidl_adapter/cmake)
[2.694s] -- Using all available rosidl_typesupport_cpp: rosidl_typesupport_fastrtps_cpp;rosidl_typesupport_introspection_cpp
[2.781s] -- Found std_msgs: 4.2.4 (/opt/ros/humble/share/std_msgs/cmake)
[3.487s] -- Found ament_cmake_cppcheck: 0.12.11 (/opt/ros/humble/share/ament_cmake_cppcheck/cmake)
[3.495s] -- Found ament_cmake_cpplint: 0.12.11 (/opt/ros/humble/share/ament_cmake_cpplint/cmake)
[3.502s] -- Found ament_cmake_uncrustify: 0.12.11 (/opt/ros/humble/share/ament_cmake_uncrustify/cmake)
[3.511s] -- Found ament_cmake_ros: 0.10.0 (/opt/ros/humble/share/ament_cmake_ros/cmake)
[4.130s] -- Using all available rosidl_typesupport_c: rosidl_typesupport_fastrtps_c;rosidl_typesupport_introspection_c
[5.114s] -- Using all available rosidl_typesupport_cpp: rosidl_typesupport_fastrtps_cpp;rosidl_typesupport_introspection_cpp
[5.206s] -- Found PythonInterp: /usr/bin/python3 (found suitable version "3.10.12", minimum required is "3.6") 
[5.214s] -- Found python_cmake_module: 0.10.0 (/opt/ros/humble/share/python_cmake_module/cmake)
[5.311s] -- Found PythonLibs: /usr/lib/x86_64-linux-gnu/libpython3.10.so (found suitable version "3.10.12", minimum required is "3.5") 
[5.312s] -- Using PYTHON_EXECUTABLE: /usr/bin/python3
[5.312s] -- Using PYTHON_INCLUDE_DIRS: /usr/include/python3.10
[5.312s] -- Using PYTHON_LIBRARIES: /usr/lib/x86_64-linux-gnu/libpython3.10.so
[5.385s] -- Found PythonExtra: .so  
[5.572s] -- Found ament_cmake_flake8: 0.12.11 (/opt/ros/humble/share/ament_cmake_flake8/cmake)
[5.585s] -- Found ament_cmake_pep257: 0.12.11 (/opt/ros/humble/share/ament_cmake_pep257/cmake)
[5.643s] -- Configuring done
[5.758s] -- Generating done
[5.826s] -- Build files have been written to: /home/jozef/ros2_ws/build/mocap4r2_marker_viz_srvs
[5.967s] Invoked command in '/home/jozef/ros2_ws/build/mocap4r2_marker_viz_srvs' returned '0': CMAKE_PREFIX_PATH=${CMAKE_PREFIX_PATH}:/home/jozef/ros2_ws/install/tb2_control:/home/jozef/ros2_ws/install/mocap4r2cli:/home/jozef/ros2_ws/install/localization_benchmarking:/opt/ros/humble /usr/bin/cmake /home/jozef/ros2_ws/src/mocap4r2_marker_viz/mocap4r2_marker_viz_srvs -DAMENT_CMAKE_SYMLINK_INSTALL=1 -DCMAKE_INSTALL_PREFIX=/home/jozef/ros2_ws/install/mocap4r2_marker_viz_srvs
[5.970s] Invoking command in '/home/jozef/ros2_ws/build/mocap4r2_marker_viz_srvs': CMAKE_PREFIX_PATH=${CMAKE_PREFIX_PATH}:/home/jozef/ros2_ws/install/tb2_control:/home/jozef/ros2_ws/install/mocap4r2cli:/home/jozef/ros2_ws/install/localization_benchmarking:/opt/ros/humble /usr/bin/cmake --build /home/jozef/ros2_ws/build/mocap4r2_marker_viz_srvs -- -j8 -l8
[6.187s] [  2%] [34m[1mGenerating C code for ROS interfaces[0m
[6.254s] [  5%] [34m[1mGenerating C++ code for ROS interfaces[0m
[6.312s] [  5%] Built target ament_cmake_python_symlink_mocap4r2_marker_viz_srvs
[7.402s] running egg_info
[7.418s] creating mocap4r2_marker_viz_srvs.egg-info
[7.533s] writing mocap4r2_marker_viz_srvs.egg-info/PKG-INFO
[7.538s] writing dependency_links to mocap4r2_marker_viz_srvs.egg-info/dependency_links.txt
[7.538s] writing top-level names to mocap4r2_marker_viz_srvs.egg-info/top_level.txt
[7.539s] writing manifest file 'mocap4r2_marker_viz_srvs.egg-info/SOURCES.txt'
[7.948s] reading manifest file 'mocap4r2_marker_viz_srvs.egg-info/SOURCES.txt'
[7.949s] writing manifest file 'mocap4r2_marker_viz_srvs.egg-info/SOURCES.txt'
[8.208s] [  5%] Built target ament_cmake_python_build_mocap4r2_marker_viz_srvs_egg
[8.391s] [  7%] [32mBuilding C object CMakeFiles/mocap4r2_marker_viz_srvs__rosidl_generator_c.dir/rosidl_generator_c/mocap4r2_marker_viz_srvs/srv/detail/reset_marker_color__functions.c.o[0m
[8.409s] [ 10%] [32mBuilding C object CMakeFiles/mocap4r2_marker_viz_srvs__rosidl_generator_c.dir/rosidl_generator_c/mocap4r2_marker_viz_srvs/srv/detail/set_marker_color__functions.c.o[0m
[8.914s] [ 12%] [32m[1mLinking C shared library libmocap4r2_marker_viz_srvs__rosidl_generator_c.so[0m
[9.242s] [ 12%] Built target mocap4r2_marker_viz_srvs__cpp
[9.295s] [ 15%] [34m[1mGenerating C++ type support dispatch for ROS interfaces[0m
[9.316s] [ 15%] Built target mocap4r2_marker_viz_srvs__rosidl_generator_c
[9.334s] [ 17%] [34m[1mGenerating C++ introspection for ROS interfaces[0m
[9.336s] [ 20%] [34m[1mGenerating C++ type support for eProsima Fast-RTPS[0m
[9.394s] [ 23%] [34m[1mGenerating C type support dispatch for ROS interfaces[0m
[9.401s] [ 25%] [34m[1mGenerating C introspection for ROS interfaces[0m
[9.424s] [ 28%] [34m[1mGenerating C type support for eProsima Fast-RTPS[0m
[10.977s] [ 30%] [32mBuilding CXX object CMakeFiles/mocap4r2_marker_viz_srvs__rosidl_typesupport_cpp.dir/rosidl_typesupport_cpp/mocap4r2_marker_viz_srvs/srv/set_marker_color__type_support.cpp.o[0m
[10.996s] [ 33%] [32mBuilding CXX object CMakeFiles/mocap4r2_marker_viz_srvs__rosidl_typesupport_cpp.dir/rosidl_typesupport_cpp/mocap4r2_marker_viz_srvs/srv/reset_marker_color__type_support.cpp.o[0m
[11.537s] [ 35%] [32mBuilding CXX object CMakeFiles/mocap4r2_marker_viz_srvs__rosidl_typesupport_fastrtps_c.dir/rosidl_typesupport_fastrtps_c/mocap4r2_marker_viz_srvs/srv/detail/set_marker_color__type_support_c.cpp.o[0m
[11.580s] [ 38%] [32mBuilding CXX object CMakeFiles/mocap4r2_marker_viz_srvs__rosidl_typesupport_fastrtps_c.dir/rosidl_typesupport_fastrtps_c/mocap4r2_marker_viz_srvs/srv/detail/reset_marker_color__type_support_c.cpp.o[0m
[12.103s] [ 41%] [32mBuilding CXX object CMakeFiles/mocap4r2_marker_viz_srvs__rosidl_typesupport_c.dir/rosidl_typesupport_c/mocap4r2_marker_viz_srvs/srv/set_marker_color__type_support.cpp.o[0m
[12.309s] [ 43%] [32mBuilding CXX object CMakeFiles/mocap4r2_marker_viz_srvs__rosidl_typesupport_c.dir/rosidl_typesupport_c/mocap4r2_marker_viz_srvs/srv/reset_marker_color__type_support.cpp.o[0m
[12.729s] [ 46%] [32m[1mLinking CXX shared library libmocap4r2_marker_viz_srvs__rosidl_typesupport_c.so[0m
[13.187s] [ 46%] Built target mocap4r2_marker_viz_srvs__rosidl_typesupport_c
[13.377s] [ 48%] [32mBuilding CXX object CMakeFiles/mocap4r2_marker_viz_srvs__rosidl_typesupport_introspection_cpp.dir/rosidl_typesupport_introspection_cpp/mocap4r2_marker_viz_srvs/srv/detail/set_marker_color__type_support.cpp.o[0m
[13.400s] [ 51%] [32mBuilding CXX object CMakeFiles/mocap4r2_marker_viz_srvs__rosidl_typesupport_introspection_cpp.dir/rosidl_typesupport_introspection_cpp/mocap4r2_marker_viz_srvs/srv/detail/reset_marker_color__type_support.cpp.o[0m
[13.465s] [ 53%] [32mBuilding CXX object CMakeFiles/mocap4r2_marker_viz_srvs__rosidl_typesupport_fastrtps_cpp.dir/rosidl_typesupport_fastrtps_cpp/mocap4r2_marker_viz_srvs/srv/detail/dds_fastrtps/reset_marker_color__type_support.cpp.o[0m
[13.471s] [ 56%] [32mBuilding CXX object CMakeFiles/mocap4r2_marker_viz_srvs__rosidl_typesupport_fastrtps_cpp.dir/rosidl_typesupport_fastrtps_cpp/mocap4r2_marker_viz_srvs/srv/detail/dds_fastrtps/set_marker_color__type_support.cpp.o[0m
[13.589s] [ 58%] [32mBuilding C object CMakeFiles/mocap4r2_marker_viz_srvs__rosidl_typesupport_introspection_c.dir/rosidl_typesupport_introspection_c/mocap4r2_marker_viz_srvs/srv/detail/set_marker_color__type_support.c.o[0m
[13.993s] [ 61%] [32m[1mLinking CXX shared library libmocap4r2_marker_viz_srvs__rosidl_typesupport_cpp.so[0m
[13.996s] [ 64%] [32mBuilding C object CMakeFiles/mocap4r2_marker_viz_srvs__rosidl_typesupport_introspection_c.dir/rosidl_typesupport_introspection_c/mocap4r2_marker_viz_srvs/srv/detail/reset_marker_color__type_support.c.o[0m
[14.239s] [ 66%] [32m[1mLinking C shared library libmocap4r2_marker_viz_srvs__rosidl_typesupport_introspection_c.so[0m
[14.397s] [ 66%] Built target mocap4r2_marker_viz_srvs__rosidl_typesupport_cpp
[14.708s] [ 66%] Built target mocap4r2_marker_viz_srvs__rosidl_typesupport_introspection_c
[15.731s] [ 69%] [32m[1mLinking CXX shared library libmocap4r2_marker_viz_srvs__rosidl_typesupport_fastrtps_c.so[0m
[16.474s] [ 69%] Built target mocap4r2_marker_viz_srvs__rosidl_typesupport_fastrtps_c
[17.098s] [ 71%] [32m[1mLinking CXX shared library libmocap4r2_marker_viz_srvs__rosidl_typesupport_fastrtps_cpp.so[0m
[17.901s] [ 71%] Built target mocap4r2_marker_viz_srvs__rosidl_typesupport_fastrtps_cpp
[17.990s] [ 74%] [32m[1mLinking CXX shared library libmocap4r2_marker_viz_srvs__rosidl_typesupport_introspection_cpp.so[0m
[18.508s] [ 74%] Built target mocap4r2_marker_viz_srvs__rosidl_typesupport_introspection_cpp
[18.623s] [ 74%] Built target mocap4r2_marker_viz_srvs
[18.747s] [ 76%] [34m[1mGenerating Python code for ROS interfaces[0m
[166.743s] [ 76%] Built target mocap4r2_marker_viz_srvs__py
[167.012s] [ 79%] [32mBuilding C object CMakeFiles/mocap4r2_marker_viz_srvs__rosidl_generator_py.dir/rosidl_generator_py/mocap4r2_marker_viz_srvs/srv/_set_marker_color_s.c.o[0m
