[0.035s] Invoking command in '/home/jozef/ros2_ws/build/mrpt_msgs_bridge': CMAKE_PREFIX_PATH=/home/jozef/ros2_ws/install/mrpt_msgs:/home/jozef/ros2_ws/install/tb2_slam:/home/jozef/ros2_ws/install/neo_localization2:/home/jozef/ros2_ws/install/mrpt_navigation:/home/jozef/ros2_ws/install/mrpt_tutorials:/home/jozef/ros2_ws/install/mrpt_tps_astar_planner:/home/jozef/ros2_ws/install/mrpt_reactivenav2d:/home/jozef/ros2_ws/install/mrpt_rawlog:/home/jozef/ros2_ws/install/mrpt_pointcloud_pipeline:/home/jozef/ros2_ws/install/mrpt_pf_localization:/home/jozef/ros2_ws/install/mrpt_map_server:/home/jozef/ros2_ws/install/mrpt_nav_interfaces:/home/jozef/ros2_ws/install/mrpt_msgs_bridge:/home/jozef/ros2_ws/install/tb2_control:/opt/ros/humble LD_LIBRARY_PATH=/home/jozef/ros2_ws/install/mrpt_msgs/lib:/home/jozef/ros2_ws/install/neo_localization2/lib:/home/jozef/ros2_ws/install/mrpt_pointcloud_pipeline/lib:/home/jozef/ros2_ws/install/mrpt_pf_localization/lib:/home/jozef/ros2_ws/install/mrpt_nav_interfaces/lib:/opt/ros/humble/opt/rviz_ogre_vendor/lib:/opt/ros/humble/lib/x86_64-linux-gnu:/opt/ros/humble/lib /usr/bin/cmake --build /home/jozef/ros2_ws/build/mrpt_msgs_bridge -- -j8 -l8
[1.110s] [35m[1mConsolidate compiler generated dependencies of target mrpt_msgs_bridge[0m
[1.110s] [100%] Built target mrpt_msgs_bridge
[1.111s] Invoked command in '/home/jozef/ros2_ws/build/mrpt_msgs_bridge' returned '0': CMAKE_PREFIX_PATH=/home/jozef/ros2_ws/install/mrpt_msgs:/home/jozef/ros2_ws/install/tb2_slam:/home/jozef/ros2_ws/install/neo_localization2:/home/jozef/ros2_ws/install/mrpt_navigation:/home/jozef/ros2_ws/install/mrpt_tutorials:/home/jozef/ros2_ws/install/mrpt_tps_astar_planner:/home/jozef/ros2_ws/install/mrpt_reactivenav2d:/home/jozef/ros2_ws/install/mrpt_rawlog:/home/jozef/ros2_ws/install/mrpt_pointcloud_pipeline:/home/jozef/ros2_ws/install/mrpt_pf_localization:/home/jozef/ros2_ws/install/mrpt_map_server:/home/jozef/ros2_ws/install/mrpt_nav_interfaces:/home/jozef/ros2_ws/install/mrpt_msgs_bridge:/home/jozef/ros2_ws/install/tb2_control:/opt/ros/humble LD_LIBRARY_PATH=/home/jozef/ros2_ws/install/mrpt_msgs/lib:/home/jozef/ros2_ws/install/neo_localization2/lib:/home/jozef/ros2_ws/install/mrpt_pointcloud_pipeline/lib:/home/jozef/ros2_ws/install/mrpt_pf_localization/lib:/home/jozef/ros2_ws/install/mrpt_nav_interfaces/lib:/opt/ros/humble/opt/rviz_ogre_vendor/lib:/opt/ros/humble/lib/x86_64-linux-gnu:/opt/ros/humble/lib /usr/bin/cmake --build /home/jozef/ros2_ws/build/mrpt_msgs_bridge -- -j8 -l8
[1.120s] Invoking command in '/home/jozef/ros2_ws/build/mrpt_msgs_bridge': CMAKE_PREFIX_PATH=/home/jozef/ros2_ws/install/mrpt_msgs:/home/jozef/ros2_ws/install/tb2_slam:/home/jozef/ros2_ws/install/neo_localization2:/home/jozef/ros2_ws/install/mrpt_navigation:/home/jozef/ros2_ws/install/mrpt_tutorials:/home/jozef/ros2_ws/install/mrpt_tps_astar_planner:/home/jozef/ros2_ws/install/mrpt_reactivenav2d:/home/jozef/ros2_ws/install/mrpt_rawlog:/home/jozef/ros2_ws/install/mrpt_pointcloud_pipeline:/home/jozef/ros2_ws/install/mrpt_pf_localization:/home/jozef/ros2_ws/install/mrpt_map_server:/home/jozef/ros2_ws/install/mrpt_nav_interfaces:/home/jozef/ros2_ws/install/mrpt_msgs_bridge:/home/jozef/ros2_ws/install/tb2_control:/opt/ros/humble LD_LIBRARY_PATH=/home/jozef/ros2_ws/install/mrpt_msgs/lib:/home/jozef/ros2_ws/install/neo_localization2/lib:/home/jozef/ros2_ws/install/mrpt_pointcloud_pipeline/lib:/home/jozef/ros2_ws/install/mrpt_pf_localization/lib:/home/jozef/ros2_ws/install/mrpt_nav_interfaces/lib:/opt/ros/humble/opt/rviz_ogre_vendor/lib:/opt/ros/humble/lib/x86_64-linux-gnu:/opt/ros/humble/lib /usr/bin/cmake --install /home/jozef/ros2_ws/build/mrpt_msgs_bridge
[1.149s] -- Install configuration: ""
[1.153s] -- Execute custom install script
[1.153s] -- Up-to-date symlink: /home/jozef/ros2_ws/install/mrpt_msgs_bridge/lib/mrpt_msgs_bridge/libmrpt_msgs_bridge.a
[1.153s] -- Up-to-date symlink: /home/jozef/ros2_ws/install/mrpt_msgs_bridge/share/ament_index/resource_index/package_run_dependencies/mrpt_msgs_bridge
[1.153s] -- Up-to-date symlink: /home/jozef/ros2_ws/install/mrpt_msgs_bridge/share/ament_index/resource_index/parent_prefix_path/mrpt_msgs_bridge
[1.154s] -- Up-to-date symlink: /home/jozef/ros2_ws/install/mrpt_msgs_bridge/share/mrpt_msgs_bridge/environment/ament_prefix_path.sh
[1.154s] -- Up-to-date symlink: /home/jozef/ros2_ws/install/mrpt_msgs_bridge/share/mrpt_msgs_bridge/environment/ament_prefix_path.dsv
[1.154s] -- Up-to-date symlink: /home/jozef/ros2_ws/install/mrpt_msgs_bridge/share/mrpt_msgs_bridge/environment/path.sh
[1.154s] -- Up-to-date symlink: /home/jozef/ros2_ws/install/mrpt_msgs_bridge/share/mrpt_msgs_bridge/environment/path.dsv
[1.155s] -- Up-to-date symlink: /home/jozef/ros2_ws/install/mrpt_msgs_bridge/share/mrpt_msgs_bridge/local_setup.bash
[1.157s] -- Up-to-date symlink: /home/jozef/ros2_ws/install/mrpt_msgs_bridge/share/mrpt_msgs_bridge/local_setup.sh
[1.157s] -- Up-to-date symlink: /home/jozef/ros2_ws/install/mrpt_msgs_bridge/share/mrpt_msgs_bridge/local_setup.zsh
[1.157s] -- Up-to-date symlink: /home/jozef/ros2_ws/install/mrpt_msgs_bridge/share/mrpt_msgs_bridge/local_setup.dsv
[1.158s] -- Symlinking: /home/jozef/ros2_ws/install/mrpt_msgs_bridge/share/mrpt_msgs_bridge/package.dsv
[1.179s] -- Up-to-date symlink: /home/jozef/ros2_ws/install/mrpt_msgs_bridge/share/ament_index/resource_index/packages/mrpt_msgs_bridge
[1.179s] -- Up-to-date symlink: /home/jozef/ros2_ws/install/mrpt_msgs_bridge/share/mrpt_msgs_bridge/cmake/ament_cmake_export_targets-extras.cmake
[1.180s] -- Up-to-date symlink: /home/jozef/ros2_ws/install/mrpt_msgs_bridge/share/mrpt_msgs_bridge/cmake/mrpt_msgs_bridgeConfig.cmake
[1.181s] -- Up-to-date symlink: /home/jozef/ros2_ws/install/mrpt_msgs_bridge/share/mrpt_msgs_bridge/cmake/mrpt_msgs_bridgeConfig-version.cmake
[1.182s] -- Up-to-date symlink: /home/jozef/ros2_ws/install/mrpt_msgs_bridge/share/mrpt_msgs_bridge/package.xml
[1.182s] -- Up-to-date: /home/jozef/ros2_ws/install/mrpt_msgs_bridge/include/mrpt_msgs_bridge
[1.182s] -- Up-to-date: /home/jozef/ros2_ws/install/mrpt_msgs_bridge/include/mrpt_msgs_bridge/marker_msgs.hpp
[1.182s] -- Up-to-date: /home/jozef/ros2_ws/install/mrpt_msgs_bridge/include/mrpt_msgs_bridge/beacon.hpp
[1.188s] -- Up-to-date: /home/jozef/ros2_ws/install/mrpt_msgs_bridge/include/mrpt_msgs_bridge/landmark.hpp
[1.188s] -- Up-to-date: /home/jozef/ros2_ws/install/mrpt_msgs_bridge/include/mrpt_msgs_bridge/network_of_poses.hpp
[1.188s] -- Up-to-date: /home/jozef/ros2_ws/install/mrpt_msgs_bridge/lib/libmrpt_msgs_bridge.a
[1.189s] -- Up-to-date: /home/jozef/ros2_ws/install/mrpt_msgs_bridge/share/mrpt_msgs_bridge/cmake/mrpt_msgs_bridgeExport.cmake
[1.189s] -- Up-to-date: /home/jozef/ros2_ws/install/mrpt_msgs_bridge/share/mrpt_msgs_bridge/cmake/mrpt_msgs_bridgeExport-noconfig.cmake
[1.200s] Invoked command in '/home/jozef/ros2_ws/build/mrpt_msgs_bridge' returned '0': CMAKE_PREFIX_PATH=/home/jozef/ros2_ws/install/mrpt_msgs:/home/jozef/ros2_ws/install/tb2_slam:/home/jozef/ros2_ws/install/neo_localization2:/home/jozef/ros2_ws/install/mrpt_navigation:/home/jozef/ros2_ws/install/mrpt_tutorials:/home/jozef/ros2_ws/install/mrpt_tps_astar_planner:/home/jozef/ros2_ws/install/mrpt_reactivenav2d:/home/jozef/ros2_ws/install/mrpt_rawlog:/home/jozef/ros2_ws/install/mrpt_pointcloud_pipeline:/home/jozef/ros2_ws/install/mrpt_pf_localization:/home/jozef/ros2_ws/install/mrpt_map_server:/home/jozef/ros2_ws/install/mrpt_nav_interfaces:/home/jozef/ros2_ws/install/mrpt_msgs_bridge:/home/jozef/ros2_ws/install/tb2_control:/opt/ros/humble LD_LIBRARY_PATH=/home/jozef/ros2_ws/install/mrpt_msgs/lib:/home/jozef/ros2_ws/install/neo_localization2/lib:/home/jozef/ros2_ws/install/mrpt_pointcloud_pipeline/lib:/home/jozef/ros2_ws/install/mrpt_pf_localization/lib:/home/jozef/ros2_ws/install/mrpt_nav_interfaces/lib:/opt/ros/humble/opt/rviz_ogre_vendor/lib:/opt/ros/humble/lib/x86_64-linux-gnu:/opt/ros/humble/lib /usr/bin/cmake --install /home/jozef/ros2_ws/build/mrpt_msgs_bridge
