[0.148s] Invoking command in '/home/jozef/ros2_ws/build/mocap4r2_marker_viz': AMENT_PREFIX_PATH=/home/jozef/ros2_ws/install/mocap4r2_msgs:/home/jozef/ros2_ws/install/mocap4r2_marker_viz_srvs:${AMENT_PREFIX_PATH} CMAKE_PREFIX_PATH=/home/jozef/ros2_ws/install/mocap4r2_msgs:/home/jozef/ros2_ws/install/mocap4r2_marker_viz_srvs:/opt/ros/humble LD_LIBRARY_PATH=/home/jozef/ros2_ws/install/mocap4r2_msgs/lib:/home/jozef/ros2_ws/install/mocap4r2_marker_viz_srvs/lib:${LD_LIBRARY_PATH} PYTHONPATH=/home/jozef/ros2_ws/install/mocap4r2_msgs/local/lib/python3.10/dist-packages:/home/jozef/ros2_ws/install/mocap4r2_marker_viz_srvs/local/lib/python3.10/dist-packages:${PYTHONPATH} /usr/bin/cmake --build /home/jozef/ros2_ws/build/mocap4r2_marker_viz -- -j8 -l8
[0.424s] [ 50%] Built target mocap4r2_marker_viz_NODE
[0.555s] [100%] Built target mocap4r2_marker_viz
[1.256s] Invoked command in '/home/jozef/ros2_ws/build/mocap4r2_marker_viz' returned '0': AMENT_PREFIX_PATH=/home/jozef/ros2_ws/install/mocap4r2_msgs:/home/jozef/ros2_ws/install/mocap4r2_marker_viz_srvs:${AMENT_PREFIX_PATH} CMAKE_PREFIX_PATH=/home/jozef/ros2_ws/install/mocap4r2_msgs:/home/jozef/ros2_ws/install/mocap4r2_marker_viz_srvs:/opt/ros/humble LD_LIBRARY_PATH=/home/jozef/ros2_ws/install/mocap4r2_msgs/lib:/home/jozef/ros2_ws/install/mocap4r2_marker_viz_srvs/lib:${LD_LIBRARY_PATH} PYTHONPATH=/home/jozef/ros2_ws/install/mocap4r2_msgs/local/lib/python3.10/dist-packages:/home/jozef/ros2_ws/install/mocap4r2_marker_viz_srvs/local/lib/python3.10/dist-packages:${PYTHONPATH} /usr/bin/cmake --build /home/jozef/ros2_ws/build/mocap4r2_marker_viz -- -j8 -l8
[1.261s] Invoking command in '/home/jozef/ros2_ws/build/mocap4r2_marker_viz': AMENT_PREFIX_PATH=/home/jozef/ros2_ws/install/mocap4r2_msgs:/home/jozef/ros2_ws/install/mocap4r2_marker_viz_srvs:${AMENT_PREFIX_PATH} CMAKE_PREFIX_PATH=/home/jozef/ros2_ws/install/mocap4r2_msgs:/home/jozef/ros2_ws/install/mocap4r2_marker_viz_srvs:/opt/ros/humble LD_LIBRARY_PATH=/home/jozef/ros2_ws/install/mocap4r2_msgs/lib:/home/jozef/ros2_ws/install/mocap4r2_marker_viz_srvs/lib:${LD_LIBRARY_PATH} PYTHONPATH=/home/jozef/ros2_ws/install/mocap4r2_msgs/local/lib/python3.10/dist-packages:/home/jozef/ros2_ws/install/mocap4r2_marker_viz_srvs/local/lib/python3.10/dist-packages:${PYTHONPATH} /usr/bin/cmake --install /home/jozef/ros2_ws/build/mocap4r2_marker_viz
[1.281s] -- Install configuration: ""
[1.286s] -- Execute custom install script
[1.287s] -- Up-to-date symlink: /home/jozef/ros2_ws/install/mocap4r2_marker_viz/lib/libmocap4r2_marker_viz_NODE.a
[1.288s] -- Up-to-date symlink: /home/jozef/ros2_ws/install/mocap4r2_marker_viz/lib/mocap4r2_marker_viz/mocap4r2_marker_viz
[1.288s] -- Up-to-date symlink: /home/jozef/ros2_ws/install/mocap4r2_marker_viz/share/mocap4r2_marker_viz/launch/mocap4r2_marker_viz.launch.py
[1.303s] -- Up-to-date symlink: /home/jozef/ros2_ws/install/mocap4r2_marker_viz/share/mocap4r2_marker_viz/rviz/config.rviz
[1.304s] -- Up-to-date symlink: /home/jozef/ros2_ws/install/mocap4r2_marker_viz/share/ament_index/resource_index/package_run_dependencies/mocap4r2_marker_viz
[1.304s] -- Up-to-date symlink: /home/jozef/ros2_ws/install/mocap4r2_marker_viz/share/ament_index/resource_index/parent_prefix_path/mocap4r2_marker_viz
[1.304s] -- Up-to-date symlink: /home/jozef/ros2_ws/install/mocap4r2_marker_viz/share/mocap4r2_marker_viz/environment/ament_prefix_path.sh
[1.304s] -- Up-to-date symlink: /home/jozef/ros2_ws/install/mocap4r2_marker_viz/share/mocap4r2_marker_viz/environment/ament_prefix_path.dsv
[1.311s] -- Up-to-date symlink: /home/jozef/ros2_ws/install/mocap4r2_marker_viz/share/mocap4r2_marker_viz/environment/path.sh
[1.312s] -- Up-to-date symlink: /home/jozef/ros2_ws/install/mocap4r2_marker_viz/share/mocap4r2_marker_viz/environment/path.dsv
[1.312s] -- Up-to-date symlink: /home/jozef/ros2_ws/install/mocap4r2_marker_viz/share/mocap4r2_marker_viz/local_setup.bash
[1.313s] -- Up-to-date symlink: /home/jozef/ros2_ws/install/mocap4r2_marker_viz/share/mocap4r2_marker_viz/local_setup.sh
[1.313s] -- Up-to-date symlink: /home/jozef/ros2_ws/install/mocap4r2_marker_viz/share/mocap4r2_marker_viz/local_setup.zsh
[1.313s] -- Up-to-date symlink: /home/jozef/ros2_ws/install/mocap4r2_marker_viz/share/mocap4r2_marker_viz/local_setup.dsv
[1.313s] -- Symlinking: /home/jozef/ros2_ws/install/mocap4r2_marker_viz/share/mocap4r2_marker_viz/package.dsv
[1.358s] -- Up-to-date symlink: /home/jozef/ros2_ws/install/mocap4r2_marker_viz/share/ament_index/resource_index/packages/mocap4r2_marker_viz
[1.358s] -- Up-to-date symlink: /home/jozef/ros2_ws/install/mocap4r2_marker_viz/share/mocap4r2_marker_viz/cmake/mocap4r2_marker_vizConfig.cmake
[1.358s] -- Up-to-date symlink: /home/jozef/ros2_ws/install/mocap4r2_marker_viz/share/mocap4r2_marker_viz/cmake/mocap4r2_marker_vizConfig-version.cmake
[1.359s] -- Up-to-date symlink: /home/jozef/ros2_ws/install/mocap4r2_marker_viz/share/mocap4r2_marker_viz/package.xml
[1.585s] Invoked command in '/home/jozef/ros2_ws/build/mocap4r2_marker_viz' returned '0': AMENT_PREFIX_PATH=/home/jozef/ros2_ws/install/mocap4r2_msgs:/home/jozef/ros2_ws/install/mocap4r2_marker_viz_srvs:${AMENT_PREFIX_PATH} CMAKE_PREFIX_PATH=/home/jozef/ros2_ws/install/mocap4r2_msgs:/home/jozef/ros2_ws/install/mocap4r2_marker_viz_srvs:/opt/ros/humble LD_LIBRARY_PATH=/home/jozef/ros2_ws/install/mocap4r2_msgs/lib:/home/jozef/ros2_ws/install/mocap4r2_marker_viz_srvs/lib:${LD_LIBRARY_PATH} PYTHONPATH=/home/jozef/ros2_ws/install/mocap4r2_msgs/local/lib/python3.10/dist-packages:/home/jozef/ros2_ws/install/mocap4r2_marker_viz_srvs/local/lib/python3.10/dist-packages:${PYTHONPATH} /usr/bin/cmake --install /home/jozef/ros2_ws/build/mocap4r2_marker_viz
