[0.071s] Invoking command in '/home/jozef/ros2_ws/build/mocap4r2_control_msgs': CMAKE_PREFIX_PATH=/home/jozef/ros2_ws/install/tb2_slam:/home/jozef/ros2_ws/install/rqt_mocap4r2_control:/home/jozef/ros2_ws/install/neo_localization2:/home/jozef/ros2_ws/install/mrpt_navigation:/home/jozef/ros2_ws/install/mrpt_tutorials:/home/jozef/ros2_ws/install/mrpt_tps_astar_planner:/home/jozef/ros2_ws/install/mrpt_reactivenav2d:/home/jozef/ros2_ws/install/mrpt_rawlog:/home/jozef/ros2_ws/install/mrpt_pointcloud_pipeline:/home/jozef/ros2_ws/install/mrpt_pf_localization:/home/jozef/ros2_ws/install/mrpt_map_server:/home/jozef/ros2_ws/install/mrpt_nav_interfaces:/home/jozef/ros2_ws/install/mrpt_msgs_bridge:/home/jozef/ros2_ws/install/tb2_control:/home/jozef/ros2_ws/install/tb2_bringup:/home/jozef/ros2_ws/install/mocap4r2cli:/home/jozef/ros2_ws/install/localization_benchmarking:/opt/ros/humble:/home/jozef/ros2_ws/install/mrpt_msgs:/home/jozef/ros2_ws/install/mocap4r2_robot_gt:/home/jozef/ros2_ws/install/mocap4r2_robot_gt_msgs:/home/jozef/ros2_ws/install/mocap4r2_optitrack_driver:/home/jozef/ros2_ws/install/mocap4r2_marker_viz:/home/jozef/ros2_ws/install/mocap4r2_marker_publisher:/home/jozef/ros2_ws/install/mocap4r2_dummy_driver:/home/jozef/ros2_ws/install/mocap4r2_msgs:/home/jozef/ros2_ws/install/mocap4r2_marker_viz_srvs:/home/jozef/ros2_ws/install/mocap4r2_control:/home/jozef/ros2_ws/install/mocap4r2_control_msgs:/home/jozef/ros2_ws/install/message_filters /usr/bin/cmake --build /home/jozef/ros2_ws/build/mocap4r2_control_msgs -- -j8 -l8
[0.224s] [  2%] Built target mocap4r2_control_msgs__cpp
[0.279s] [ 12%] Built target mocap4r2_control_msgs__rosidl_generator_c
[0.351s] [ 12%] Built target ament_cmake_python_symlink_mocap4r2_control_msgs
[0.381s] [ 23%] Built target mocap4r2_control_msgs__rosidl_typesupport_fastrtps_cpp
[0.393s] [ 33%] Built target mocap4r2_control_msgs__rosidl_typesupport_introspection_cpp
[0.402s] [ 43%] Built target mocap4r2_control_msgs__rosidl_typesupport_cpp
[0.506s] [ 53%] Built target mocap4r2_control_msgs__rosidl_typesupport_c
[0.518s] [ 64%] Built target mocap4r2_control_msgs__rosidl_typesupport_fastrtps_c
[0.522s] [ 74%] Built target mocap4r2_control_msgs__rosidl_typesupport_introspection_c
[0.618s] [ 74%] Built target mocap4r2_control_msgs
[0.721s] [ 76%] Built target mocap4r2_control_msgs__py
[0.840s] [ 84%] Built target mocap4r2_control_msgs__rosidl_generator_py
[0.987s] [ 89%] Built target mocap4r2_control_msgs__rosidl_typesupport_c__pyext
[0.989s] [ 94%] Built target mocap4r2_control_msgs__rosidl_typesupport_fastrtps_c__pyext
[0.996s] [100%] Built target mocap4r2_control_msgs__rosidl_typesupport_introspection_c__pyext
[1.211s] running egg_info
[1.275s] writing mocap4r2_control_msgs.egg-info/PKG-INFO
[1.275s] writing dependency_links to mocap4r2_control_msgs.egg-info/dependency_links.txt
[1.276s] writing top-level names to mocap4r2_control_msgs.egg-info/top_level.txt
[1.383s] reading manifest file 'mocap4r2_control_msgs.egg-info/SOURCES.txt'
[1.384s] writing manifest file 'mocap4r2_control_msgs.egg-info/SOURCES.txt'
[1.495s] [100%] Built target ament_cmake_python_build_mocap4r2_control_msgs_egg
[1.575s] Invoked command in '/home/jozef/ros2_ws/build/mocap4r2_control_msgs' returned '0': CMAKE_PREFIX_PATH=/home/jozef/ros2_ws/install/tb2_slam:/home/jozef/ros2_ws/install/rqt_mocap4r2_control:/home/jozef/ros2_ws/install/neo_localization2:/home/jozef/ros2_ws/install/mrpt_navigation:/home/jozef/ros2_ws/install/mrpt_tutorials:/home/jozef/ros2_ws/install/mrpt_tps_astar_planner:/home/jozef/ros2_ws/install/mrpt_reactivenav2d:/home/jozef/ros2_ws/install/mrpt_rawlog:/home/jozef/ros2_ws/install/mrpt_pointcloud_pipeline:/home/jozef/ros2_ws/install/mrpt_pf_localization:/home/jozef/ros2_ws/install/mrpt_map_server:/home/jozef/ros2_ws/install/mrpt_nav_interfaces:/home/jozef/ros2_ws/install/mrpt_msgs_bridge:/home/jozef/ros2_ws/install/tb2_control:/home/jozef/ros2_ws/install/tb2_bringup:/home/jozef/ros2_ws/install/mocap4r2cli:/home/jozef/ros2_ws/install/localization_benchmarking:/opt/ros/humble:/home/jozef/ros2_ws/install/mrpt_msgs:/home/jozef/ros2_ws/install/mocap4r2_robot_gt:/home/jozef/ros2_ws/install/mocap4r2_robot_gt_msgs:/home/jozef/ros2_ws/install/mocap4r2_optitrack_driver:/home/jozef/ros2_ws/install/mocap4r2_marker_viz:/home/jozef/ros2_ws/install/mocap4r2_marker_publisher:/home/jozef/ros2_ws/install/mocap4r2_dummy_driver:/home/jozef/ros2_ws/install/mocap4r2_msgs:/home/jozef/ros2_ws/install/mocap4r2_marker_viz_srvs:/home/jozef/ros2_ws/install/mocap4r2_control:/home/jozef/ros2_ws/install/mocap4r2_control_msgs:/home/jozef/ros2_ws/install/message_filters /usr/bin/cmake --build /home/jozef/ros2_ws/build/mocap4r2_control_msgs -- -j8 -l8
[1.580s] Invoking command in '/home/jozef/ros2_ws/build/mocap4r2_control_msgs': CMAKE_PREFIX_PATH=/home/jozef/ros2_ws/install/tb2_slam:/home/jozef/ros2_ws/install/rqt_mocap4r2_control:/home/jozef/ros2_ws/install/neo_localization2:/home/jozef/ros2_ws/install/mrpt_navigation:/home/jozef/ros2_ws/install/mrpt_tutorials:/home/jozef/ros2_ws/install/mrpt_tps_astar_planner:/home/jozef/ros2_ws/install/mrpt_reactivenav2d:/home/jozef/ros2_ws/install/mrpt_rawlog:/home/jozef/ros2_ws/install/mrpt_pointcloud_pipeline:/home/jozef/ros2_ws/install/mrpt_pf_localization:/home/jozef/ros2_ws/install/mrpt_map_server:/home/jozef/ros2_ws/install/mrpt_nav_interfaces:/home/jozef/ros2_ws/install/mrpt_msgs_bridge:/home/jozef/ros2_ws/install/tb2_control:/home/jozef/ros2_ws/install/tb2_bringup:/home/jozef/ros2_ws/install/mocap4r2cli:/home/jozef/ros2_ws/install/localization_benchmarking:/opt/ros/humble:/home/jozef/ros2_ws/install/mrpt_msgs:/home/jozef/ros2_ws/install/mocap4r2_robot_gt:/home/jozef/ros2_ws/install/mocap4r2_robot_gt_msgs:/home/jozef/ros2_ws/install/mocap4r2_optitrack_driver:/home/jozef/ros2_ws/install/mocap4r2_marker_viz:/home/jozef/ros2_ws/install/mocap4r2_marker_publisher:/home/jozef/ros2_ws/install/mocap4r2_dummy_driver:/home/jozef/ros2_ws/install/mocap4r2_msgs:/home/jozef/ros2_ws/install/mocap4r2_marker_viz_srvs:/home/jozef/ros2_ws/install/mocap4r2_control:/home/jozef/ros2_ws/install/mocap4r2_control_msgs:/home/jozef/ros2_ws/install/message_filters /usr/bin/cmake --install /home/jozef/ros2_ws/build/mocap4r2_control_msgs
[1.627s] -- Install configuration: ""
[1.630s] -- Execute custom install script
[1.645s] -- Up-to-date symlink: /home/jozef/ros2_ws/install/mocap4r2_control_msgs/share/ament_index/resource_index/rosidl_interfaces/mocap4r2_control_msgs
[1.645s] -- Up-to-date symlink: /home/jozef/ros2_ws/install/mocap4r2_control_msgs/include/mocap4r2_control_msgs/mocap4r2_control_msgs/msg/control.h
[1.645s] -- Up-to-date symlink: /home/jozef/ros2_ws/install/mocap4r2_control_msgs/include/mocap4r2_control_msgs/mocap4r2_control_msgs/msg/detail/control__functions.h
[1.645s] -- Up-to-date symlink: /home/jozef/ros2_ws/install/mocap4r2_control_msgs/include/mocap4r2_control_msgs/mocap4r2_control_msgs/msg/detail/control__struct.h
[1.645s] -- Up-to-date symlink: /home/jozef/ros2_ws/install/mocap4r2_control_msgs/include/mocap4r2_control_msgs/mocap4r2_control_msgs/msg/detail/control__type_support.h
[1.645s] -- Up-to-date symlink: /home/jozef/ros2_ws/install/mocap4r2_control_msgs/include/mocap4r2_control_msgs/mocap4r2_control_msgs/msg/detail/mocap_info__functions.h
[1.646s] -- Up-to-date symlink: /home/jozef/ros2_ws/install/mocap4r2_control_msgs/include/mocap4r2_control_msgs/mocap4r2_control_msgs/msg/detail/mocap_info__struct.h
[1.646s] -- Up-to-date symlink: /home/jozef/ros2_ws/install/mocap4r2_control_msgs/include/mocap4r2_control_msgs/mocap4r2_control_msgs/msg/detail/mocap_info__type_support.h
[1.646s] -- Up-to-date symlink: /home/jozef/ros2_ws/install/mocap4r2_control_msgs/include/mocap4r2_control_msgs/mocap4r2_control_msgs/msg/mocap_info.h
[1.646s] -- Up-to-date symlink: /home/jozef/ros2_ws/install/mocap4r2_control_msgs/include/mocap4r2_control_msgs/mocap4r2_control_msgs/msg/rosidl_generator_c__visibility_control.h
[1.646s] -- Up-to-date symlink: /home/jozef/ros2_ws/install/mocap4r2_control_msgs/share/mocap4r2_control_msgs/environment/library_path.sh
[1.662s] -- Up-to-date symlink: /home/jozef/ros2_ws/install/mocap4r2_control_msgs/share/mocap4r2_control_msgs/environment/library_path.dsv
[1.662s] -- Up-to-date symlink: /home/jozef/ros2_ws/install/mocap4r2_control_msgs/include/mocap4r2_control_msgs/mocap4r2_control_msgs/msg/detail/control__rosidl_typesupport_fastrtps_c.h
[1.662s] -- Up-to-date symlink: /home/jozef/ros2_ws/install/mocap4r2_control_msgs/include/mocap4r2_control_msgs/mocap4r2_control_msgs/msg/detail/mocap_info__rosidl_typesupport_fastrtps_c.h
[1.662s] -- Up-to-date symlink: /home/jozef/ros2_ws/install/mocap4r2_control_msgs/include/mocap4r2_control_msgs/mocap4r2_control_msgs/msg/rosidl_typesupport_fastrtps_c__visibility_control.h
[1.662s] -- Up-to-date symlink: /home/jozef/ros2_ws/install/mocap4r2_control_msgs/include/mocap4r2_control_msgs/mocap4r2_control_msgs/msg/detail/control__rosidl_typesupport_introspection_c.h
[1.663s] -- Up-to-date symlink: /home/jozef/ros2_ws/install/mocap4r2_control_msgs/include/mocap4r2_control_msgs/mocap4r2_control_msgs/msg/detail/mocap_info__rosidl_typesupport_introspection_c.h
[1.667s] -- Up-to-date symlink: /home/jozef/ros2_ws/install/mocap4r2_control_msgs/include/mocap4r2_control_msgs/mocap4r2_control_msgs/msg/rosidl_typesupport_introspection_c__visibility_control.h
[1.668s] -- Up-to-date symlink: /home/jozef/ros2_ws/install/mocap4r2_control_msgs/include/mocap4r2_control_msgs/mocap4r2_control_msgs/msg/control.hpp
[1.670s] -- Up-to-date symlink: /home/jozef/ros2_ws/install/mocap4r2_control_msgs/include/mocap4r2_control_msgs/mocap4r2_control_msgs/msg/detail/control__builder.hpp
[1.670s] -- Up-to-date symlink: /home/jozef/ros2_ws/install/mocap4r2_control_msgs/include/mocap4r2_control_msgs/mocap4r2_control_msgs/msg/detail/control__struct.hpp
[1.670s] -- Up-to-date symlink: /home/jozef/ros2_ws/install/mocap4r2_control_msgs/include/mocap4r2_control_msgs/mocap4r2_control_msgs/msg/detail/control__traits.hpp
[1.670s] -- Up-to-date symlink: /home/jozef/ros2_ws/install/mocap4r2_control_msgs/include/mocap4r2_control_msgs/mocap4r2_control_msgs/msg/detail/control__type_support.hpp
[1.670s] -- Up-to-date symlink: /home/jozef/ros2_ws/install/mocap4r2_control_msgs/include/mocap4r2_control_msgs/mocap4r2_control_msgs/msg/detail/mocap_info__builder.hpp
[1.671s] -- Up-to-date symlink: /home/jozef/ros2_ws/install/mocap4r2_control_msgs/include/mocap4r2_control_msgs/mocap4r2_control_msgs/msg/detail/mocap_info__struct.hpp
[1.671s] -- Up-to-date symlink: /home/jozef/ros2_ws/install/mocap4r2_control_msgs/include/mocap4r2_control_msgs/mocap4r2_control_msgs/msg/detail/mocap_info__traits.hpp
[1.671s] -- Up-to-date symlink: /home/jozef/ros2_ws/install/mocap4r2_control_msgs/include/mocap4r2_control_msgs/mocap4r2_control_msgs/msg/detail/mocap_info__type_support.hpp
[1.679s] -- Up-to-date symlink: /home/jozef/ros2_ws/install/mocap4r2_control_msgs/include/mocap4r2_control_msgs/mocap4r2_control_msgs/msg/mocap_info.hpp
[1.679s] -- Up-to-date symlink: /home/jozef/ros2_ws/install/mocap4r2_control_msgs/include/mocap4r2_control_msgs/mocap4r2_control_msgs/msg/rosidl_generator_cpp__visibility_control.hpp
[1.682s] -- Up-to-date symlink: /home/jozef/ros2_ws/install/mocap4r2_control_msgs/include/mocap4r2_control_msgs/mocap4r2_control_msgs/msg/detail/control__rosidl_typesupport_fastrtps_cpp.hpp
[1.682s] -- Up-to-date symlink: /home/jozef/ros2_ws/install/mocap4r2_control_msgs/include/mocap4r2_control_msgs/mocap4r2_control_msgs/msg/detail/mocap_info__rosidl_typesupport_fastrtps_cpp.hpp
[1.682s] -- Up-to-date symlink: /home/jozef/ros2_ws/install/mocap4r2_control_msgs/include/mocap4r2_control_msgs/mocap4r2_control_msgs/msg/rosidl_typesupport_fastrtps_cpp__visibility_control.h
[1.682s] -- Up-to-date symlink: /home/jozef/ros2_ws/install/mocap4r2_control_msgs/include/mocap4r2_control_msgs/mocap4r2_control_msgs/msg/detail/control__rosidl_typesupport_introspection_cpp.hpp
[1.683s] -- Up-to-date symlink: /home/jozef/ros2_ws/install/mocap4r2_control_msgs/include/mocap4r2_control_msgs/mocap4r2_control_msgs/msg/detail/mocap_info__rosidl_typesupport_introspection_cpp.hpp
[1.683s] -- Up-to-date symlink: /home/jozef/ros2_ws/install/mocap4r2_control_msgs/share/mocap4r2_control_msgs/environment/pythonpath.sh
[1.683s] -- Up-to-date symlink: /home/jozef/ros2_ws/install/mocap4r2_control_msgs/share/mocap4r2_control_msgs/environment/pythonpath.dsv
[1.691s] -- Up-to-date symlink: /home/jozef/ros2_ws/install/mocap4r2_control_msgs/local/lib/python3.10/dist-packages/mocap4r2_control_msgs-0.0.7-py3.10.egg-info/PKG-INFO
[1.691s] -- Up-to-date symlink: /home/jozef/ros2_ws/install/mocap4r2_control_msgs/local/lib/python3.10/dist-packages/mocap4r2_control_msgs-0.0.7-py3.10.egg-info/SOURCES.txt
[1.691s] -- Up-to-date symlink: /home/jozef/ros2_ws/install/mocap4r2_control_msgs/local/lib/python3.10/dist-packages/mocap4r2_control_msgs-0.0.7-py3.10.egg-info/dependency_links.txt
[1.692s] -- Up-to-date symlink: /home/jozef/ros2_ws/install/mocap4r2_control_msgs/local/lib/python3.10/dist-packages/mocap4r2_control_msgs-0.0.7-py3.10.egg-info/top_level.txt
[1.693s] -- Up-to-date symlink: /home/jozef/ros2_ws/install/mocap4r2_control_msgs/local/lib/python3.10/dist-packages/mocap4r2_control_msgs/__init__.py
[1.693s] -- Up-to-date symlink: /home/jozef/ros2_ws/install/mocap4r2_control_msgs/local/lib/python3.10/dist-packages/mocap4r2_control_msgs/_mocap4r2_control_msgs_s.ep.rosidl_typesupport_c.c
[1.693s] -- Up-to-date symlink: /home/jozef/ros2_ws/install/mocap4r2_control_msgs/local/lib/python3.10/dist-packages/mocap4r2_control_msgs/_mocap4r2_control_msgs_s.ep.rosidl_typesupport_fastrtps_c.c
[1.693s] -- Up-to-date symlink: /home/jozef/ros2_ws/install/mocap4r2_control_msgs/local/lib/python3.10/dist-packages/mocap4r2_control_msgs/_mocap4r2_control_msgs_s.ep.rosidl_typesupport_introspection_c.c
[1.695s] -- Up-to-date symlink: /home/jozef/ros2_ws/install/mocap4r2_control_msgs/local/lib/python3.10/dist-packages/mocap4r2_control_msgs/libmocap4r2_control_msgs__rosidl_generator_py.so
[1.696s] -- Up-to-date symlink: /home/jozef/ros2_ws/install/mocap4r2_control_msgs/local/lib/python3.10/dist-packages/mocap4r2_control_msgs/mocap4r2_control_msgs_s__rosidl_typesupport_c.cpython-310-x86_64-linux-gnu.so
[1.702s] -- Up-to-date symlink: /home/jozef/ros2_ws/install/mocap4r2_control_msgs/local/lib/python3.10/dist-packages/mocap4r2_control_msgs/mocap4r2_control_msgs_s__rosidl_typesupport_fastrtps_c.cpython-310-x86_64-linux-gnu.so
[1.702s] -- Up-to-date symlink: /home/jozef/ros2_ws/install/mocap4r2_control_msgs/local/lib/python3.10/dist-packages/mocap4r2_control_msgs/mocap4r2_control_msgs_s__rosidl_typesupport_introspection_c.cpython-310-x86_64-linux-gnu.so
[1.702s] -- Up-to-date symlink: /home/jozef/ros2_ws/install/mocap4r2_control_msgs/local/lib/python3.10/dist-packages/mocap4r2_control_msgs/msg/__init__.py
[1.702s] -- Up-to-date symlink: /home/jozef/ros2_ws/install/mocap4r2_control_msgs/local/lib/python3.10/dist-packages/mocap4r2_control_msgs/msg/_control.py
[1.703s] -- Up-to-date symlink: /home/jozef/ros2_ws/install/mocap4r2_control_msgs/local/lib/python3.10/dist-packages/mocap4r2_control_msgs/msg/_control_s.c
[1.703s] -- Up-to-date symlink: /home/jozef/ros2_ws/install/mocap4r2_control_msgs/local/lib/python3.10/dist-packages/mocap4r2_control_msgs/msg/_mocap_info.py
[1.704s] -- Up-to-date symlink: /home/jozef/ros2_ws/install/mocap4r2_control_msgs/local/lib/python3.10/dist-packages/mocap4r2_control_msgs/msg/_mocap_info_s.c
[1.705s] -- Up-to-date symlink: /home/jozef/ros2_ws/install/mocap4r2_control_msgs/local/lib/python3.10/dist-packages/mocap4r2_control_msgs/mocap4r2_control_msgs_s__rosidl_typesupport_fastrtps_c.cpython-310-x86_64-linux-gnu.so
[1.705s] -- Up-to-date symlink: /home/jozef/ros2_ws/install/mocap4r2_control_msgs/local/lib/python3.10/dist-packages/mocap4r2_control_msgs/mocap4r2_control_msgs_s__rosidl_typesupport_introspection_c.cpython-310-x86_64-linux-gnu.so
[1.705s] -- Up-to-date symlink: /home/jozef/ros2_ws/install/mocap4r2_control_msgs/local/lib/python3.10/dist-packages/mocap4r2_control_msgs/mocap4r2_control_msgs_s__rosidl_typesupport_c.cpython-310-x86_64-linux-gnu.so
[1.705s] -- Up-to-date symlink: /home/jozef/ros2_ws/install/mocap4r2_control_msgs/share/mocap4r2_control_msgs/msg/Control.idl
[1.705s] -- Up-to-date symlink: /home/jozef/ros2_ws/install/mocap4r2_control_msgs/share/mocap4r2_control_msgs/msg/MocapInfo.idl
[1.712s] -- Up-to-date symlink: /home/jozef/ros2_ws/install/mocap4r2_control_msgs/share/mocap4r2_control_msgs/msg/Control.msg
[1.712s] -- Up-to-date symlink: /home/jozef/ros2_ws/install/mocap4r2_control_msgs/share/mocap4r2_control_msgs/msg/MocapInfo.msg
[1.712s] -- Up-to-date symlink: /home/jozef/ros2_ws/install/mocap4r2_control_msgs/share/mocap4r2_control_msgs/mocap4r2_control_bridge_mapping_rule.yaml
[1.713s] -- Up-to-date symlink: /home/jozef/ros2_ws/install/mocap4r2_control_msgs/share/ament_index/resource_index/package_run_dependencies/mocap4r2_control_msgs
[1.713s] -- Up-to-date symlink: /home/jozef/ros2_ws/install/mocap4r2_control_msgs/share/ament_index/resource_index/parent_prefix_path/mocap4r2_control_msgs
[1.714s] -- Up-to-date symlink: /home/jozef/ros2_ws/install/mocap4r2_control_msgs/share/mocap4r2_control_msgs/environment/ament_prefix_path.sh
[1.714s] -- Up-to-date symlink: /home/jozef/ros2_ws/install/mocap4r2_control_msgs/share/mocap4r2_control_msgs/environment/ament_prefix_path.dsv
[1.714s] -- Up-to-date symlink: /home/jozef/ros2_ws/install/mocap4r2_control_msgs/share/mocap4r2_control_msgs/environment/path.sh
[1.714s] -- Up-to-date symlink: /home/jozef/ros2_ws/install/mocap4r2_control_msgs/share/mocap4r2_control_msgs/environment/path.dsv
[1.715s] -- Up-to-date symlink: /home/jozef/ros2_ws/install/mocap4r2_control_msgs/share/mocap4r2_control_msgs/local_setup.bash
[1.715s] -- Up-to-date symlink: /home/jozef/ros2_ws/install/mocap4r2_control_msgs/share/mocap4r2_control_msgs/local_setup.sh
[1.727s] -- Up-to-date symlink: /home/jozef/ros2_ws/install/mocap4r2_control_msgs/share/mocap4r2_control_msgs/local_setup.zsh
[1.730s] -- Up-to-date symlink: /home/jozef/ros2_ws/install/mocap4r2_control_msgs/share/mocap4r2_control_msgs/local_setup.dsv
[1.731s] -- Symlinking: /home/jozef/ros2_ws/install/mocap4r2_control_msgs/share/mocap4r2_control_msgs/package.dsv
[1.820s] -- Up-to-date symlink: /home/jozef/ros2_ws/install/mocap4r2_control_msgs/share/ament_index/resource_index/packages/mocap4r2_control_msgs
[1.820s] -- Up-to-date symlink: /home/jozef/ros2_ws/install/mocap4r2_control_msgs/share/mocap4r2_control_msgs/cmake/rosidl_cmake-extras.cmake
[1.821s] -- Up-to-date symlink: /home/jozef/ros2_ws/install/mocap4r2_control_msgs/share/mocap4r2_control_msgs/cmake/ament_cmake_export_dependencies-extras.cmake
[1.830s] -- Up-to-date symlink: /home/jozef/ros2_ws/install/mocap4r2_control_msgs/share/mocap4r2_control_msgs/cmake/ament_cmake_export_include_directories-extras.cmake
[1.831s] -- Up-to-date symlink: /home/jozef/ros2_ws/install/mocap4r2_control_msgs/share/mocap4r2_control_msgs/cmake/ament_cmake_export_libraries-extras.cmake
[1.831s] -- Up-to-date symlink: /home/jozef/ros2_ws/install/mocap4r2_control_msgs/share/mocap4r2_control_msgs/cmake/ament_cmake_export_targets-extras.cmake
[1.831s] -- Up-to-date symlink: /home/jozef/ros2_ws/install/mocap4r2_control_msgs/share/mocap4r2_control_msgs/cmake/rosidl_cmake_export_typesupport_targets-extras.cmake
[1.832s] -- Up-to-date symlink: /home/jozef/ros2_ws/install/mocap4r2_control_msgs/share/mocap4r2_control_msgs/cmake/rosidl_cmake_export_typesupport_libraries-extras.cmake
[1.832s] -- Up-to-date symlink: /home/jozef/ros2_ws/install/mocap4r2_control_msgs/share/mocap4r2_control_msgs/cmake/mocap4r2_control_msgsConfig.cmake
[1.832s] -- Up-to-date symlink: /home/jozef/ros2_ws/install/mocap4r2_control_msgs/share/mocap4r2_control_msgs/cmake/mocap4r2_control_msgsConfig-version.cmake
[1.832s] -- Up-to-date symlink: /home/jozef/ros2_ws/install/mocap4r2_control_msgs/share/mocap4r2_control_msgs/package.xml
[1.833s] -- Up-to-date: /home/jozef/ros2_ws/install/mocap4r2_control_msgs/lib/libmocap4r2_control_msgs__rosidl_generator_c.so
[1.833s] -- Up-to-date: /home/jozef/ros2_ws/install/mocap4r2_control_msgs/lib/libmocap4r2_control_msgs__rosidl_typesupport_fastrtps_c.so
[1.833s] -- Up-to-date: /home/jozef/ros2_ws/install/mocap4r2_control_msgs/lib/libmocap4r2_control_msgs__rosidl_typesupport_introspection_c.so
[1.833s] -- Up-to-date: /home/jozef/ros2_ws/install/mocap4r2_control_msgs/lib/libmocap4r2_control_msgs__rosidl_typesupport_c.so
[1.833s] -- Up-to-date: /home/jozef/ros2_ws/install/mocap4r2_control_msgs/lib/libmocap4r2_control_msgs__rosidl_typesupport_fastrtps_cpp.so
[1.841s] -- Up-to-date: /home/jozef/ros2_ws/install/mocap4r2_control_msgs/lib/libmocap4r2_control_msgs__rosidl_typesupport_introspection_cpp.so
[1.841s] -- Up-to-date: /home/jozef/ros2_ws/install/mocap4r2_control_msgs/lib/libmocap4r2_control_msgs__rosidl_typesupport_cpp.so
[2.030s] Listing '/home/jozef/ros2_ws/install/mocap4r2_control_msgs/local/lib/python3.10/dist-packages/mocap4r2_control_msgs'...
[2.031s] Listing '/home/jozef/ros2_ws/install/mocap4r2_control_msgs/local/lib/python3.10/dist-packages/mocap4r2_control_msgs/msg'...
[2.074s] -- Up-to-date: /home/jozef/ros2_ws/install/mocap4r2_control_msgs/lib/libmocap4r2_control_msgs__rosidl_generator_py.so
[2.083s] -- Up-to-date: /home/jozef/ros2_ws/install/mocap4r2_control_msgs/share/mocap4r2_control_msgs/cmake/export_mocap4r2_control_msgs__rosidl_generator_cExport.cmake
[2.083s] -- Up-to-date: /home/jozef/ros2_ws/install/mocap4r2_control_msgs/share/mocap4r2_control_msgs/cmake/export_mocap4r2_control_msgs__rosidl_generator_cExport-noconfig.cmake
[2.083s] -- Up-to-date: /home/jozef/ros2_ws/install/mocap4r2_control_msgs/share/mocap4r2_control_msgs/cmake/export_mocap4r2_control_msgs__rosidl_typesupport_fastrtps_cExport.cmake
[2.083s] -- Up-to-date: /home/jozef/ros2_ws/install/mocap4r2_control_msgs/share/mocap4r2_control_msgs/cmake/export_mocap4r2_control_msgs__rosidl_typesupport_fastrtps_cExport-noconfig.cmake
[2.083s] -- Up-to-date: /home/jozef/ros2_ws/install/mocap4r2_control_msgs/share/mocap4r2_control_msgs/cmake/mocap4r2_control_msgs__rosidl_typesupport_introspection_cExport.cmake
[2.084s] -- Up-to-date: /home/jozef/ros2_ws/install/mocap4r2_control_msgs/share/mocap4r2_control_msgs/cmake/mocap4r2_control_msgs__rosidl_typesupport_introspection_cExport-noconfig.cmake
[2.084s] -- Up-to-date: /home/jozef/ros2_ws/install/mocap4r2_control_msgs/share/mocap4r2_control_msgs/cmake/mocap4r2_control_msgs__rosidl_typesupport_cExport.cmake
[2.084s] -- Up-to-date: /home/jozef/ros2_ws/install/mocap4r2_control_msgs/share/mocap4r2_control_msgs/cmake/mocap4r2_control_msgs__rosidl_typesupport_cExport-noconfig.cmake
[2.084s] -- Up-to-date: /home/jozef/ros2_ws/install/mocap4r2_control_msgs/share/mocap4r2_control_msgs/cmake/export_mocap4r2_control_msgs__rosidl_generator_cppExport.cmake
[2.084s] -- Up-to-date: /home/jozef/ros2_ws/install/mocap4r2_control_msgs/share/mocap4r2_control_msgs/cmake/export_mocap4r2_control_msgs__rosidl_typesupport_fastrtps_cppExport.cmake
[2.084s] -- Up-to-date: /home/jozef/ros2_ws/install/mocap4r2_control_msgs/share/mocap4r2_control_msgs/cmake/export_mocap4r2_control_msgs__rosidl_typesupport_fastrtps_cppExport-noconfig.cmake
[2.084s] -- Up-to-date: /home/jozef/ros2_ws/install/mocap4r2_control_msgs/share/mocap4r2_control_msgs/cmake/mocap4r2_control_msgs__rosidl_typesupport_introspection_cppExport.cmake
[2.084s] -- Up-to-date: /home/jozef/ros2_ws/install/mocap4r2_control_msgs/share/mocap4r2_control_msgs/cmake/mocap4r2_control_msgs__rosidl_typesupport_introspection_cppExport-noconfig.cmake
[2.085s] -- Up-to-date: /home/jozef/ros2_ws/install/mocap4r2_control_msgs/share/mocap4r2_control_msgs/cmake/mocap4r2_control_msgs__rosidl_typesupport_cppExport.cmake
[2.085s] -- Up-to-date: /home/jozef/ros2_ws/install/mocap4r2_control_msgs/share/mocap4r2_control_msgs/cmake/mocap4r2_control_msgs__rosidl_typesupport_cppExport-noconfig.cmake
[2.085s] -- Up-to-date: /home/jozef/ros2_ws/install/mocap4r2_control_msgs/share/mocap4r2_control_msgs/cmake/export_mocap4r2_control_msgs__rosidl_generator_pyExport.cmake
[2.085s] -- Up-to-date: /home/jozef/ros2_ws/install/mocap4r2_control_msgs/share/mocap4r2_control_msgs/cmake/export_mocap4r2_control_msgs__rosidl_generator_pyExport-noconfig.cmake
[2.714s] Invoked command in '/home/jozef/ros2_ws/build/mocap4r2_control_msgs' returned '0': CMAKE_PREFIX_PATH=/home/jozef/ros2_ws/install/tb2_slam:/home/jozef/ros2_ws/install/rqt_mocap4r2_control:/home/jozef/ros2_ws/install/neo_localization2:/home/jozef/ros2_ws/install/mrpt_navigation:/home/jozef/ros2_ws/install/mrpt_tutorials:/home/jozef/ros2_ws/install/mrpt_tps_astar_planner:/home/jozef/ros2_ws/install/mrpt_reactivenav2d:/home/jozef/ros2_ws/install/mrpt_rawlog:/home/jozef/ros2_ws/install/mrpt_pointcloud_pipeline:/home/jozef/ros2_ws/install/mrpt_pf_localization:/home/jozef/ros2_ws/install/mrpt_map_server:/home/jozef/ros2_ws/install/mrpt_nav_interfaces:/home/jozef/ros2_ws/install/mrpt_msgs_bridge:/home/jozef/ros2_ws/install/tb2_control:/home/jozef/ros2_ws/install/tb2_bringup:/home/jozef/ros2_ws/install/mocap4r2cli:/home/jozef/ros2_ws/install/localization_benchmarking:/opt/ros/humble:/home/jozef/ros2_ws/install/mrpt_msgs:/home/jozef/ros2_ws/install/mocap4r2_robot_gt:/home/jozef/ros2_ws/install/mocap4r2_robot_gt_msgs:/home/jozef/ros2_ws/install/mocap4r2_optitrack_driver:/home/jozef/ros2_ws/install/mocap4r2_marker_viz:/home/jozef/ros2_ws/install/mocap4r2_marker_publisher:/home/jozef/ros2_ws/install/mocap4r2_dummy_driver:/home/jozef/ros2_ws/install/mocap4r2_msgs:/home/jozef/ros2_ws/install/mocap4r2_marker_viz_srvs:/home/jozef/ros2_ws/install/mocap4r2_control:/home/jozef/ros2_ws/install/mocap4r2_control_msgs:/home/jozef/ros2_ws/install/message_filters /usr/bin/cmake --install /home/jozef/ros2_ws/build/mocap4r2_control_msgs
