[0.044s] Invoking command in '/home/jozef/ros2_ws/build/mrpt_map_server': AMENT_PREFIX_PATH=/home/jozef/ros2_ws/install/mrpt_nav_interfaces:/home/jozef/ros2_ws/install/mrpt_msgs:${AMENT_PREFIX_PATH} CMAKE_PREFIX_PATH=/home/jozef/ros2_ws/install/mrpt_nav_interfaces:/home/jozef/ros2_ws/install/mrpt_msgs:/opt/ros/humble LD_LIBRARY_PATH=/home/jozef/ros2_ws/install/mrpt_nav_interfaces/lib:/home/jozef/ros2_ws/install/mrpt_msgs/lib:${LD_LIBRARY_PATH} PYTHONPATH=/home/jozef/ros2_ws/install/mrpt_nav_interfaces/local/lib/python3.10/dist-packages:/home/jozef/ros2_ws/install/mrpt_msgs/local/lib/python3.10/dist-packages:${PYTHONPATH} /usr/bin/cmake /home/jozef/ros2_ws/src/mrpt_navigation/mrpt_map_server -DAMENT_CMAKE_SYMLINK_INSTALL=1 -DCMAKE_INSTALL_PREFIX=/home/jozef/ros2_ws/install/mrpt_map_server
[0.174s] -- The C compiler identification is GNU 11.4.0
[0.310s] -- The CXX compiler identification is GNU 11.4.0
[0.324s] -- Detecting C compiler ABI info
[0.480s] -- Detecting C compiler ABI info - done
[0.504s] -- Check for working C compiler: /usr/bin/cc - skipped
[0.504s] -- Detecting C compile features
[0.504s] -- Detecting C compile features - done
[0.510s] -- Detecting CXX compiler ABI info
[0.714s] -- Detecting CXX compiler ABI info - done
[0.727s] -- Check for working CXX compiler: /usr/bin/c++ - skipped
[0.727s] -- Detecting CXX compile features
[0.728s] -- Detecting CXX compile features - done
[0.733s] -- Found ament_cmake: 1.3.11 (/opt/ros/humble/share/ament_cmake/cmake)
[1.703s] -- Found Python3: /usr/bin/python3 (found version "3.10.12") found components: Interpreter 
[1.923s] -- Override CMake install command with custom implementation using symlinks instead of copying resources
[2.001s] -- Found rclcpp: 16.0.11 (/opt/ros/humble/share/rclcpp/cmake)
[2.113s] -- Found rosidl_generator_c: 3.1.6 (/opt/ros/humble/share/rosidl_generator_c/cmake)
[2.126s] -- Found rosidl_adapter: 3.1.6 (/opt/ros/humble/share/rosidl_adapter/cmake)
[2.149s] -- Found rosidl_generator_cpp: 3.1.6 (/opt/ros/humble/share/rosidl_generator_cpp/cmake)
[2.184s] -- Using all available rosidl_typesupport_c: rosidl_typesupport_fastrtps_c;rosidl_typesupport_introspection_c
[2.232s] -- Using all available rosidl_typesupport_cpp: rosidl_typesupport_fastrtps_cpp;rosidl_typesupport_introspection_cpp
[2.372s] -- Found rmw_implementation_cmake: 6.1.2 (/opt/ros/humble/share/rmw_implementation_cmake/cmake)
[2.383s] -- Found rmw_fastrtps_cpp: 6.2.7 (/opt/ros/humble/share/rmw_fastrtps_cpp/cmake)
[2.656s] -- Found OpenSSL: /usr/lib/x86_64-linux-gnu/libcrypto.so (found version "3.0.2")  
[2.712s] -- Found FastRTPS: /opt/ros/humble/include  
[2.791s] -- Using RMW implementation 'rmw_fastrtps_cpp' as default
[2.808s] -- Looking for pthread.h
[2.940s] -- Looking for pthread.h - found
[2.941s] -- Performing Test CMAKE_HAVE_LIBC_PTHREAD
[3.081s] -- Performing Test CMAKE_HAVE_LIBC_PTHREAD - Success
[3.084s] -- Found Threads: TRUE  
[3.192s] -- Found rclcpp_components: 16.0.11 (/opt/ros/humble/share/rclcpp_components/cmake)
[3.239s] -- Found nav_msgs: 4.2.4 (/opt/ros/humble/share/nav_msgs/cmake)
[3.302s] -- Found mrpt_msgs: 0.5.0 (/home/jozef/ros2_ws/install/mrpt_msgs/share/mrpt_msgs/cmake)
[3.382s] -- Found mrpt_nav_interfaces: 2.2.1 (/home/jozef/ros2_ws/install/mrpt_nav_interfaces/share/mrpt_nav_interfaces/cmake)
[3.477s] -- Found tf2: 0.25.9 (/opt/ros/humble/share/tf2/cmake)
[3.491s] -- Found tf2_ros: 0.25.9 (/opt/ros/humble/share/tf2_ros/cmake)
[3.588s] -- Found tf2_geometry_msgs: 0.25.9 (/opt/ros/humble/share/tf2_geometry_msgs/cmake)
[3.624s] -- Found eigen3_cmake_module: 0.1.1 (/opt/ros/humble/share/eigen3_cmake_module/cmake)
[3.626s] -- Found Eigen3: TRUE (found version "3.4.0") 
[3.626s] -- Ensuring Eigen3 include directory is part of orocos-kdl CMake target
[3.679s] -- Found stereo_msgs: 4.2.4 (/opt/ros/humble/share/stereo_msgs/cmake)
[3.719s] -- Found cv_bridge: 3.2.1 (/opt/ros/humble/share/cv_bridge/cmake)
[3.755s] -- MRPT_VERSION: 
[3.769s] -- Found ament_lint_auto: 0.12.11 (/opt/ros/humble/share/ament_lint_auto/cmake)
[3.918s] -- Configuring done
[3.960s] -- Generating done
[3.973s] -- Build files have been written to: /home/jozef/ros2_ws/build/mrpt_map_server
[4.008s] Invoked command in '/home/jozef/ros2_ws/build/mrpt_map_server' returned '0': AMENT_PREFIX_PATH=/home/jozef/ros2_ws/install/mrpt_nav_interfaces:/home/jozef/ros2_ws/install/mrpt_msgs:${AMENT_PREFIX_PATH} CMAKE_PREFIX_PATH=/home/jozef/ros2_ws/install/mrpt_nav_interfaces:/home/jozef/ros2_ws/install/mrpt_msgs:/opt/ros/humble LD_LIBRARY_PATH=/home/jozef/ros2_ws/install/mrpt_nav_interfaces/lib:/home/jozef/ros2_ws/install/mrpt_msgs/lib:${LD_LIBRARY_PATH} PYTHONPATH=/home/jozef/ros2_ws/install/mrpt_nav_interfaces/local/lib/python3.10/dist-packages:/home/jozef/ros2_ws/install/mrpt_msgs/local/lib/python3.10/dist-packages:${PYTHONPATH} /usr/bin/cmake /home/jozef/ros2_ws/src/mrpt_navigation/mrpt_map_server -DAMENT_CMAKE_SYMLINK_INSTALL=1 -DCMAKE_INSTALL_PREFIX=/home/jozef/ros2_ws/install/mrpt_map_server
[4.011s] Invoking command in '/home/jozef/ros2_ws/build/mrpt_map_server': AMENT_PREFIX_PATH=/home/jozef/ros2_ws/install/mrpt_nav_interfaces:/home/jozef/ros2_ws/install/mrpt_msgs:${AMENT_PREFIX_PATH} CMAKE_PREFIX_PATH=/home/jozef/ros2_ws/install/mrpt_nav_interfaces:/home/jozef/ros2_ws/install/mrpt_msgs:/opt/ros/humble LD_LIBRARY_PATH=/home/jozef/ros2_ws/install/mrpt_nav_interfaces/lib:/home/jozef/ros2_ws/install/mrpt_msgs/lib:${LD_LIBRARY_PATH} PYTHONPATH=/home/jozef/ros2_ws/install/mrpt_nav_interfaces/local/lib/python3.10/dist-packages:/home/jozef/ros2_ws/install/mrpt_msgs/local/lib/python3.10/dist-packages:${PYTHONPATH} /usr/bin/cmake --build /home/jozef/ros2_ws/build/mrpt_map_server -- -j8 -l8
[4.128s] [ 50%] [32mBuilding CXX object CMakeFiles/map_server_node.dir/src/map_server_node.cpp.o[0m
[32.546s] [100%] [32m[1mLinking CXX executable map_server_node[0m
[33.738s] [100%] Built target map_server_node
[33.762s] Invoked command in '/home/jozef/ros2_ws/build/mrpt_map_server' returned '0': AMENT_PREFIX_PATH=/home/jozef/ros2_ws/install/mrpt_nav_interfaces:/home/jozef/ros2_ws/install/mrpt_msgs:${AMENT_PREFIX_PATH} CMAKE_PREFIX_PATH=/home/jozef/ros2_ws/install/mrpt_nav_interfaces:/home/jozef/ros2_ws/install/mrpt_msgs:/opt/ros/humble LD_LIBRARY_PATH=/home/jozef/ros2_ws/install/mrpt_nav_interfaces/lib:/home/jozef/ros2_ws/install/mrpt_msgs/lib:${LD_LIBRARY_PATH} PYTHONPATH=/home/jozef/ros2_ws/install/mrpt_nav_interfaces/local/lib/python3.10/dist-packages:/home/jozef/ros2_ws/install/mrpt_msgs/local/lib/python3.10/dist-packages:${PYTHONPATH} /usr/bin/cmake --build /home/jozef/ros2_ws/build/mrpt_map_server -- -j8 -l8
[33.767s] Invoking command in '/home/jozef/ros2_ws/build/mrpt_map_server': AMENT_PREFIX_PATH=/home/jozef/ros2_ws/install/mrpt_nav_interfaces:/home/jozef/ros2_ws/install/mrpt_msgs:${AMENT_PREFIX_PATH} CMAKE_PREFIX_PATH=/home/jozef/ros2_ws/install/mrpt_nav_interfaces:/home/jozef/ros2_ws/install/mrpt_msgs:/opt/ros/humble LD_LIBRARY_PATH=/home/jozef/ros2_ws/install/mrpt_nav_interfaces/lib:/home/jozef/ros2_ws/install/mrpt_msgs/lib:${LD_LIBRARY_PATH} PYTHONPATH=/home/jozef/ros2_ws/install/mrpt_nav_interfaces/local/lib/python3.10/dist-packages:/home/jozef/ros2_ws/install/mrpt_msgs/local/lib/python3.10/dist-packages:${PYTHONPATH} /usr/bin/cmake --install /home/jozef/ros2_ws/build/mrpt_map_server
[33.778s] -- Install configuration: ""
[33.779s] -- Execute custom install script
[33.780s] -- Symlinking: /home/jozef/ros2_ws/install/mrpt_map_server/lib/mrpt_map_server/map_server_node
[33.796s] -- Symlinking: /home/jozef/ros2_ws/install/mrpt_map_server/share/mrpt_map_server/launch/mrpt_map_server.launch.py
[33.812s] -- Symlinking: /home/jozef/ros2_ws/install/mrpt_map_server/share/mrpt_map_server/params/README.md
[33.826s] -- Symlinking: /home/jozef/ros2_ws/install/mrpt_map_server/share/mrpt_map_server/params/metric-map-gridmap.ini
[33.841s] -- Symlinking: /home/jozef/ros2_ws/install/mrpt_map_server/share/ament_index/resource_index/package_run_dependencies/mrpt_map_server
[33.859s] -- Symlinking: /home/jozef/ros2_ws/install/mrpt_map_server/share/ament_index/resource_index/parent_prefix_path/mrpt_map_server
[33.876s] -- Symlinking: /home/jozef/ros2_ws/install/mrpt_map_server/share/mrpt_map_server/environment/ament_prefix_path.sh
[33.892s] -- Symlinking: /home/jozef/ros2_ws/install/mrpt_map_server/share/mrpt_map_server/environment/ament_prefix_path.dsv
[33.907s] -- Symlinking: /home/jozef/ros2_ws/install/mrpt_map_server/share/mrpt_map_server/environment/path.sh
[33.922s] -- Symlinking: /home/jozef/ros2_ws/install/mrpt_map_server/share/mrpt_map_server/environment/path.dsv
[33.937s] -- Symlinking: /home/jozef/ros2_ws/install/mrpt_map_server/share/mrpt_map_server/local_setup.bash
[33.956s] -- Symlinking: /home/jozef/ros2_ws/install/mrpt_map_server/share/mrpt_map_server/local_setup.sh
[33.972s] -- Symlinking: /home/jozef/ros2_ws/install/mrpt_map_server/share/mrpt_map_server/local_setup.zsh
[33.989s] -- Symlinking: /home/jozef/ros2_ws/install/mrpt_map_server/share/mrpt_map_server/local_setup.dsv
[34.004s] -- Symlinking: /home/jozef/ros2_ws/install/mrpt_map_server/share/mrpt_map_server/package.dsv
[34.019s] -- Symlinking: /home/jozef/ros2_ws/install/mrpt_map_server/share/ament_index/resource_index/packages/mrpt_map_server
[34.035s] -- Symlinking: /home/jozef/ros2_ws/install/mrpt_map_server/share/mrpt_map_server/cmake/mrpt_map_serverConfig.cmake
[34.051s] -- Symlinking: /home/jozef/ros2_ws/install/mrpt_map_server/share/mrpt_map_server/cmake/mrpt_map_serverConfig-version.cmake
[34.068s] -- Symlinking: /home/jozef/ros2_ws/install/mrpt_map_server/share/mrpt_map_server/package.xml
[34.088s] Invoked command in '/home/jozef/ros2_ws/build/mrpt_map_server' returned '0': AMENT_PREFIX_PATH=/home/jozef/ros2_ws/install/mrpt_nav_interfaces:/home/jozef/ros2_ws/install/mrpt_msgs:${AMENT_PREFIX_PATH} CMAKE_PREFIX_PATH=/home/jozef/ros2_ws/install/mrpt_nav_interfaces:/home/jozef/ros2_ws/install/mrpt_msgs:/opt/ros/humble LD_LIBRARY_PATH=/home/jozef/ros2_ws/install/mrpt_nav_interfaces/lib:/home/jozef/ros2_ws/install/mrpt_msgs/lib:${LD_LIBRARY_PATH} PYTHONPATH=/home/jozef/ros2_ws/install/mrpt_nav_interfaces/local/lib/python3.10/dist-packages:/home/jozef/ros2_ws/install/mrpt_msgs/local/lib/python3.10/dist-packages:${PYTHONPATH} /usr/bin/cmake --install /home/jozef/ros2_ws/build/mrpt_map_server
