[0.079s] Invoking command in '/home/jozef/ros2_ws/build/mocap4r2_robot_gt': AMENT_PREFIX_PATH=/home/jozef/ros2_ws/install/mocap4r2_robot_gt_msgs:/home/jozef/ros2_ws/install/mocap4r2_msgs:${AMENT_PREFIX_PATH} CMAKE_PREFIX_PATH=/home/jozef/ros2_ws/install/mocap4r2_robot_gt_msgs:/home/jozef/ros2_ws/install/mocap4r2_msgs:/opt/ros/humble LD_LIBRARY_PATH=/home/jozef/ros2_ws/install/mocap4r2_robot_gt_msgs/lib:/home/jozef/ros2_ws/install/mocap4r2_msgs/lib:${LD_LIBRARY_PATH} PYTHONPATH=/home/jozef/ros2_ws/install/mocap4r2_robot_gt_msgs/local/lib/python3.10/dist-packages:/home/jozef/ros2_ws/install/mocap4r2_msgs/local/lib/python3.10/dist-packages:${PYTHONPATH} /usr/bin/cmake /home/jozef/ros2_ws/src/mocap4r2_robot_gt/mocap4r2_robot_gt -DAMENT_CMAKE_SYMLINK_INSTALL=1 -DCMAKE_INSTALL_PREFIX=/home/jozef/ros2_ws/install/mocap4r2_robot_gt
[9.671s] -- The C compiler identification is GNU 11.4.0
[9.672s] -- The CXX compiler identification is GNU 11.4.0
[9.672s] -- Detecting C compiler ABI info
[9.681s] -- Detecting C compiler ABI info - done
[9.681s] -- Check for working C compiler: /usr/bin/cc - skipped
[9.681s] -- Detecting C compile features
[9.682s] -- Detecting C compile features - done
[9.682s] -- Detecting CXX compiler ABI info
[9.682s] -- Detecting CXX compiler ABI info - done
[9.682s] -- Check for working CXX compiler: /usr/bin/c++ - skipped
[9.682s] -- Detecting CXX compile features
[9.682s] -- Detecting CXX compile features - done
[9.682s] -- Found ament_cmake: 1.3.11 (/opt/ros/humble/share/ament_cmake/cmake)
[9.682s] -- Found Python3: /usr/bin/python3 (found version "3.10.12") found components: Interpreter 
[9.683s] -- Override CMake install command with custom implementation using symlinks instead of copying resources
[9.683s] -- Found rclcpp: 16.0.11 (/opt/ros/humble/share/rclcpp/cmake)
[9.683s] -- Found rosidl_generator_c: 3.1.6 (/opt/ros/humble/share/rosidl_generator_c/cmake)
[9.683s] -- Found rosidl_adapter: 3.1.6 (/opt/ros/humble/share/rosidl_adapter/cmake)
[9.684s] -- Found rosidl_generator_cpp: 3.1.6 (/opt/ros/humble/share/rosidl_generator_cpp/cmake)
[9.684s] -- Using all available rosidl_typesupport_c: rosidl_typesupport_fastrtps_c;rosidl_typesupport_introspection_c
[9.684s] -- Using all available rosidl_typesupport_cpp: rosidl_typesupport_fastrtps_cpp;rosidl_typesupport_introspection_cpp
[9.684s] -- Found rmw_implementation_cmake: 6.1.2 (/opt/ros/humble/share/rmw_implementation_cmake/cmake)
[9.684s] -- Found rmw_fastrtps_cpp: 6.2.7 (/opt/ros/humble/share/rmw_fastrtps_cpp/cmake)
[9.684s] -- Found OpenSSL: /usr/lib/x86_64-linux-gnu/libcrypto.so (found version "3.0.2")  
[9.685s] -- Found FastRTPS: /opt/ros/humble/include  
[9.685s] -- Using RMW implementation 'rmw_fastrtps_cpp' as default
[9.685s] -- Looking for pthread.h
[9.691s] -- Looking for pthread.h - found
[9.691s] -- Performing Test CMAKE_HAVE_LIBC_PTHREAD
[9.692s] -- Performing Test CMAKE_HAVE_LIBC_PTHREAD - Success
[9.692s] -- Found Threads: TRUE  
[9.692s] -- Found rclcpp_components: 16.0.11 (/opt/ros/humble/share/rclcpp_components/cmake)
[9.692s] -- Found mocap4r2_msgs: 0.0.3 (/home/jozef/ros2_ws/install/mocap4r2_msgs/share/mocap4r2_msgs/cmake)
[9.692s] -- Found mocap4r2_robot_gt_msgs: 0.0.7 (/home/jozef/ros2_ws/install/mocap4r2_robot_gt_msgs/share/mocap4r2_robot_gt_msgs/cmake)
[9.693s] -- Found tf2_ros: 0.25.9 (/opt/ros/humble/share/tf2_ros/cmake)
[9.693s] -- Found tf2_geometry_msgs: 0.25.9 (/opt/ros/humble/share/tf2_geometry_msgs/cmake)
[9.709s] -- Found eigen3_cmake_module: 0.1.1 (/opt/ros/humble/share/eigen3_cmake_module/cmake)
[9.710s] -- Found Eigen3: TRUE (found version "3.4.0") 
[9.710s] -- Ensuring Eigen3 include directory is part of orocos-kdl CMake target
[9.744s] -- Found ament_lint_auto: 0.12.11 (/opt/ros/humble/share/ament_lint_auto/cmake)
[10.016s] -- Added test 'cppcheck' to perform static code analysis on C / C++ code
[10.019s] -- Configured cppcheck include dirs: /home/jozef/ros2_ws/src/mocap4r2_robot_gt/mocap4r2_robot_gt/include
[10.019s] -- Configured cppcheck exclude dirs and/or files: 
[10.027s] -- Added test 'lint_cmake' to check CMake code style
[10.034s] -- Added test 'uncrustify' to check C / C++ code style
[10.034s] -- Configured uncrustify additional arguments: 
[10.034s] -- Added test 'xmllint' to check XML markup files
[10.035s] -- Configuring done
[10.160s] -- Generating done
[10.188s] -- Build files have been written to: /home/jozef/ros2_ws/build/mocap4r2_robot_gt
[10.226s] Invoked command in '/home/jozef/ros2_ws/build/mocap4r2_robot_gt' returned '0': AMENT_PREFIX_PATH=/home/jozef/ros2_ws/install/mocap4r2_robot_gt_msgs:/home/jozef/ros2_ws/install/mocap4r2_msgs:${AMENT_PREFIX_PATH} CMAKE_PREFIX_PATH=/home/jozef/ros2_ws/install/mocap4r2_robot_gt_msgs:/home/jozef/ros2_ws/install/mocap4r2_msgs:/opt/ros/humble LD_LIBRARY_PATH=/home/jozef/ros2_ws/install/mocap4r2_robot_gt_msgs/lib:/home/jozef/ros2_ws/install/mocap4r2_msgs/lib:${LD_LIBRARY_PATH} PYTHONPATH=/home/jozef/ros2_ws/install/mocap4r2_robot_gt_msgs/local/lib/python3.10/dist-packages:/home/jozef/ros2_ws/install/mocap4r2_msgs/local/lib/python3.10/dist-packages:${PYTHONPATH} /usr/bin/cmake /home/jozef/ros2_ws/src/mocap4r2_robot_gt/mocap4r2_robot_gt -DAMENT_CMAKE_SYMLINK_INSTALL=1 -DCMAKE_INSTALL_PREFIX=/home/jozef/ros2_ws/install/mocap4r2_robot_gt
[10.227s] Invoking command in '/home/jozef/ros2_ws/build/mocap4r2_robot_gt': AMENT_PREFIX_PATH=/home/jozef/ros2_ws/install/mocap4r2_robot_gt_msgs:/home/jozef/ros2_ws/install/mocap4r2_msgs:${AMENT_PREFIX_PATH} CMAKE_PREFIX_PATH=/home/jozef/ros2_ws/install/mocap4r2_robot_gt_msgs:/home/jozef/ros2_ws/install/mocap4r2_msgs:/opt/ros/humble LD_LIBRARY_PATH=/home/jozef/ros2_ws/install/mocap4r2_robot_gt_msgs/lib:/home/jozef/ros2_ws/install/mocap4r2_msgs/lib:${LD_LIBRARY_PATH} PYTHONPATH=/home/jozef/ros2_ws/install/mocap4r2_robot_gt_msgs/local/lib/python3.10/dist-packages:/home/jozef/ros2_ws/install/mocap4r2_msgs/local/lib/python3.10/dist-packages:${PYTHONPATH} /usr/bin/cmake --build /home/jozef/ros2_ws/build/mocap4r2_robot_gt -- -j8 -l8
[43.028s] [ 12%] [32mBuilding CXX object CMakeFiles/gt_component.dir/src/mocap4r2_robot_gt/gt_component.cpp.o[0m
[43.031s] [ 25%] [32m[1mLinking CXX shared library libgt_component.so[0m
[43.032s] [ 25%] Built target gt_component
[43.032s] [ 37%] [32mBuilding CXX object CMakeFiles/set_gt_component.dir/src/mocap4r2_robot_gt/set_gt_component.cpp.o[0m
[53.648s] [ 50%] [32m[1mLinking CXX shared library libset_gt_component.so[0m
[54.313s] [ 50%] Built target set_gt_component
[54.374s] [ 62%] [32mBuilding CXX object CMakeFiles/gt_program.dir/src/gt_program.cpp.o[0m
[62.365s] [ 75%] [32m[1mLinking CXX executable gt_program[0m
[63.658s] [ 75%] Built target gt_program
[63.738s] [ 87%] [32mBuilding CXX object CMakeFiles/set_gt_cli.dir/src/set_gt_cli.cpp.o[0m
[70.857s] [100%] [32m[1mLinking CXX executable set_gt_cli[0m
[71.317s] [100%] Built target set_gt_cli
[71.347s] Invoked command in '/home/jozef/ros2_ws/build/mocap4r2_robot_gt' returned '0': AMENT_PREFIX_PATH=/home/jozef/ros2_ws/install/mocap4r2_robot_gt_msgs:/home/jozef/ros2_ws/install/mocap4r2_msgs:${AMENT_PREFIX_PATH} CMAKE_PREFIX_PATH=/home/jozef/ros2_ws/install/mocap4r2_robot_gt_msgs:/home/jozef/ros2_ws/install/mocap4r2_msgs:/opt/ros/humble LD_LIBRARY_PATH=/home/jozef/ros2_ws/install/mocap4r2_robot_gt_msgs/lib:/home/jozef/ros2_ws/install/mocap4r2_msgs/lib:${LD_LIBRARY_PATH} PYTHONPATH=/home/jozef/ros2_ws/install/mocap4r2_robot_gt_msgs/local/lib/python3.10/dist-packages:/home/jozef/ros2_ws/install/mocap4r2_msgs/local/lib/python3.10/dist-packages:${PYTHONPATH} /usr/bin/cmake --build /home/jozef/ros2_ws/build/mocap4r2_robot_gt -- -j8 -l8
[71.348s] Invoking command in '/home/jozef/ros2_ws/build/mocap4r2_robot_gt': AMENT_PREFIX_PATH=/home/jozef/ros2_ws/install/mocap4r2_robot_gt_msgs:/home/jozef/ros2_ws/install/mocap4r2_msgs:${AMENT_PREFIX_PATH} CMAKE_PREFIX_PATH=/home/jozef/ros2_ws/install/mocap4r2_robot_gt_msgs:/home/jozef/ros2_ws/install/mocap4r2_msgs:/opt/ros/humble LD_LIBRARY_PATH=/home/jozef/ros2_ws/install/mocap4r2_robot_gt_msgs/lib:/home/jozef/ros2_ws/install/mocap4r2_msgs/lib:${LD_LIBRARY_PATH} PYTHONPATH=/home/jozef/ros2_ws/install/mocap4r2_robot_gt_msgs/local/lib/python3.10/dist-packages:/home/jozef/ros2_ws/install/mocap4r2_msgs/local/lib/python3.10/dist-packages:${PYTHONPATH} /usr/bin/cmake --install /home/jozef/ros2_ws/build/mocap4r2_robot_gt
[71.364s] -- Install configuration: ""
[71.366s] -- Execute custom install script
[71.366s] -- Symlinking: /home/jozef/ros2_ws/install/mocap4r2_robot_gt/lib/libgt_component.so
[71.387s] -- Symlinking: /home/jozef/ros2_ws/install/mocap4r2_robot_gt/lib/mocap4r2_robot_gt/gt_program
[71.414s] -- Symlinking: /home/jozef/ros2_ws/install/mocap4r2_robot_gt/lib/libset_gt_component.so
[71.441s] -- Symlinking: /home/jozef/ros2_ws/install/mocap4r2_robot_gt/lib/mocap4r2_robot_gt/set_gt_cli
[71.466s] -- Symlinking: /home/jozef/ros2_ws/install/mocap4r2_robot_gt/share/ament_index/resource_index/package_run_dependencies/mocap4r2_robot_gt
[71.491s] -- Symlinking: /home/jozef/ros2_ws/install/mocap4r2_robot_gt/share/ament_index/resource_index/parent_prefix_path/mocap4r2_robot_gt
[71.511s] -- Symlinking: /home/jozef/ros2_ws/install/mocap4r2_robot_gt/share/mocap4r2_robot_gt/environment/ament_prefix_path.sh
[71.533s] -- Symlinking: /home/jozef/ros2_ws/install/mocap4r2_robot_gt/share/mocap4r2_robot_gt/environment/ament_prefix_path.dsv
[71.556s] -- Symlinking: /home/jozef/ros2_ws/install/mocap4r2_robot_gt/share/mocap4r2_robot_gt/environment/path.sh
[71.577s] -- Symlinking: /home/jozef/ros2_ws/install/mocap4r2_robot_gt/share/mocap4r2_robot_gt/environment/path.dsv
[71.598s] -- Symlinking: /home/jozef/ros2_ws/install/mocap4r2_robot_gt/share/mocap4r2_robot_gt/local_setup.bash
[71.620s] -- Symlinking: /home/jozef/ros2_ws/install/mocap4r2_robot_gt/share/mocap4r2_robot_gt/local_setup.sh
[71.642s] -- Symlinking: /home/jozef/ros2_ws/install/mocap4r2_robot_gt/share/mocap4r2_robot_gt/local_setup.zsh
[71.665s] -- Symlinking: /home/jozef/ros2_ws/install/mocap4r2_robot_gt/share/mocap4r2_robot_gt/local_setup.dsv
[71.686s] -- Symlinking: /home/jozef/ros2_ws/install/mocap4r2_robot_gt/share/mocap4r2_robot_gt/package.dsv
[71.707s] -- Symlinking: /home/jozef/ros2_ws/install/mocap4r2_robot_gt/share/ament_index/resource_index/packages/mocap4r2_robot_gt
[71.729s] -- Symlinking: /home/jozef/ros2_ws/install/mocap4r2_robot_gt/share/ament_index/resource_index/rclcpp_components/mocap4r2_robot_gt
[71.750s] -- Symlinking: /home/jozef/ros2_ws/install/mocap4r2_robot_gt/share/mocap4r2_robot_gt/cmake/mocap4r2_robot_gtConfig.cmake
[71.771s] -- Symlinking: /home/jozef/ros2_ws/install/mocap4r2_robot_gt/share/mocap4r2_robot_gt/cmake/mocap4r2_robot_gtConfig-version.cmake
[71.792s] -- Symlinking: /home/jozef/ros2_ws/install/mocap4r2_robot_gt/share/mocap4r2_robot_gt/package.xml
[71.817s] Invoked command in '/home/jozef/ros2_ws/build/mocap4r2_robot_gt' returned '0': AMENT_PREFIX_PATH=/home/jozef/ros2_ws/install/mocap4r2_robot_gt_msgs:/home/jozef/ros2_ws/install/mocap4r2_msgs:${AMENT_PREFIX_PATH} CMAKE_PREFIX_PATH=/home/jozef/ros2_ws/install/mocap4r2_robot_gt_msgs:/home/jozef/ros2_ws/install/mocap4r2_msgs:/opt/ros/humble LD_LIBRARY_PATH=/home/jozef/ros2_ws/install/mocap4r2_robot_gt_msgs/lib:/home/jozef/ros2_ws/install/mocap4r2_msgs/lib:${LD_LIBRARY_PATH} PYTHONPATH=/home/jozef/ros2_ws/install/mocap4r2_robot_gt_msgs/local/lib/python3.10/dist-packages:/home/jozef/ros2_ws/install/mocap4r2_msgs/local/lib/python3.10/dist-packages:${PYTHONPATH} /usr/bin/cmake --install /home/jozef/ros2_ws/build/mocap4r2_robot_gt
