[0.046s] Invoking command in '/home/jozef/ros2_ws/build/mrpt_msgs': /usr/bin/cmake /home/jozef/ros2_ws/src/mrpt_msgs -DCATKIN_INSTALL_INTO_PREFIX_ROOT=0 -DCATKIN_SYMLINK_INSTALL=ON -DCMAKE_INSTALL_PREFIX=/home/jozef/ros2_ws/install/mrpt_msgs
[0.122s] [31mCMake Error at CMakeLists.txt:16 (find_package):
[0.122s]   By not providing "Findcatkin.cmake" in CMAKE_MODULE_PATH this project has
[0.123s]   asked CMake to find a package configuration file provided by "catkin", but
[0.123s]   CMake did not find one.
[0.123s] 
[0.123s]   Could not find a package configuration file provided by "catkin" with any
[0.123s]   of the following names:
[0.123s] 
[0.123s]     catkinConfig.cmake
[0.123s]     catkin-config.cmake
[0.123s] 
[0.124s]   Add the installation prefix of "catkin" to CMAKE_PREFIX_PATH or set
[0.124s]   "catkin_DIR" to a directory containing one of the above files.  If "catkin"
[0.124s]   provides a separate development package or SDK, be sure it has been
[0.124s]   installed.
[0.124s] 
[0.124s] [0m
[0.124s] -- Configuring incomplete, errors occurred!
[0.124s] See also "/home/jozef/ros2_ws/build/mrpt_msgs/CMakeFiles/CMakeOutput.log".
[0.138s] Invoked command in '/home/jozef/ros2_ws/build/mrpt_msgs' returned '1': /usr/bin/cmake /home/jozef/ros2_ws/src/mrpt_msgs -DCATKIN_INSTALL_INTO_PREFIX_ROOT=0 -DCATKIN_SYMLINK_INSTALL=ON -DCMAKE_INSTALL_PREFIX=/home/jozef/ros2_ws/install/mrpt_msgs
