[0.045s] Invoking command in '/home/jozef/ros2_ws/build/mrpt_map_server': AMENT_PREFIX_PATH=/home/jozef/ros2_ws/install/mrpt_nav_interfaces:/home/jozef/ros2_ws/install/mrpt_msgs:${AMENT_PREFIX_PATH} CMAKE_PREFIX_PATH=/home/jozef/ros2_ws/install/mrpt_nav_interfaces:/home/jozef/ros2_ws/install/mrpt_msgs:/opt/ros/humble LD_LIBRARY_PATH=/home/jozef/ros2_ws/install/mrpt_nav_interfaces/lib:/home/jozef/ros2_ws/install/mrpt_msgs/lib:${LD_LIBRARY_PATH} PYTHONPATH=/home/jozef/ros2_ws/install/mrpt_nav_interfaces/local/lib/python3.10/dist-packages:/home/jozef/ros2_ws/install/mrpt_msgs/local/lib/python3.10/dist-packages:${PYTHONPATH} /usr/bin/cmake /home/jozef/ros2_ws/src/mrpt_navigation/mrpt_map_server -DAMENT_CMAKE_SYMLINK_INSTALL=1 -DCMAKE_INSTALL_PREFIX=/home/jozef/ros2_ws/install/mrpt_map_server
[0.215s] -- The C compiler identification is GNU 11.4.0
[0.431s] -- The CXX compiler identification is GNU 11.4.0
[0.454s] -- Detecting C compiler ABI info
[0.658s] -- Detecting C compiler ABI info - done
[0.680s] -- Check for working C compiler: /usr/bin/cc - skipped
[0.681s] -- Detecting C compile features
[0.683s] -- Detecting C compile features - done
[0.692s] -- Detecting CXX compiler ABI info
[0.983s] -- Detecting CXX compiler ABI info - done
[1.021s] -- Check for working CXX compiler: /usr/bin/c++ - skipped
[1.021s] -- Detecting CXX compile features
[1.021s] -- Detecting CXX compile features - done
[1.030s] -- Found ament_cmake: 1.3.11 (/opt/ros/humble/share/ament_cmake/cmake)
[2.427s] -- Found Python3: /usr/bin/python3 (found version "3.10.12") found components: Interpreter 
[2.723s] -- Override CMake install command with custom implementation using symlinks instead of copying resources
[2.918s] -- Found rclcpp: 16.0.11 (/opt/ros/humble/share/rclcpp/cmake)
[3.076s] -- Found rosidl_generator_c: 3.1.6 (/opt/ros/humble/share/rosidl_generator_c/cmake)
[3.096s] -- Found rosidl_adapter: 3.1.6 (/opt/ros/humble/share/rosidl_adapter/cmake)
[3.126s] -- Found rosidl_generator_cpp: 3.1.6 (/opt/ros/humble/share/rosidl_generator_cpp/cmake)
[3.170s] -- Using all available rosidl_typesupport_c: rosidl_typesupport_fastrtps_c;rosidl_typesupport_introspection_c
[3.227s] -- Using all available rosidl_typesupport_cpp: rosidl_typesupport_fastrtps_cpp;rosidl_typesupport_introspection_cpp
[3.384s] -- Found rmw_implementation_cmake: 6.1.2 (/opt/ros/humble/share/rmw_implementation_cmake/cmake)
[3.394s] -- Found rmw_fastrtps_cpp: 6.2.7 (/opt/ros/humble/share/rmw_fastrtps_cpp/cmake)
[3.798s] -- Found OpenSSL: /usr/lib/x86_64-linux-gnu/libcrypto.so (found version "3.0.2")  
[3.933s] -- Found FastRTPS: /opt/ros/humble/include  
[4.124s] -- Using RMW implementation 'rmw_fastrtps_cpp' as default
[4.166s] -- Looking for pthread.h
[4.550s] -- Looking for pthread.h - found
[4.554s] -- Performing Test CMAKE_HAVE_LIBC_PTHREAD
[4.898s] -- Performing Test CMAKE_HAVE_LIBC_PTHREAD - Success
[4.899s] -- Found Threads: TRUE  
[5.165s] -- Found rclcpp_components: 16.0.11 (/opt/ros/humble/share/rclcpp_components/cmake)
[5.284s] -- Found nav_msgs: 4.2.4 (/opt/ros/humble/share/nav_msgs/cmake)
[5.408s] -- Found mrpt_msgs: 0.5.0 (/home/jozef/ros2_ws/install/mrpt_msgs/share/mrpt_msgs/cmake)
[5.586s] -- Found mrpt_nav_interfaces: 2.2.1 (/home/jozef/ros2_ws/install/mrpt_nav_interfaces/share/mrpt_nav_interfaces/cmake)
[5.822s] -- Found tf2: 0.25.9 (/opt/ros/humble/share/tf2/cmake)
[5.841s] -- Found tf2_ros: 0.25.9 (/opt/ros/humble/share/tf2_ros/cmake)
[6.008s] -- Found tf2_geometry_msgs: 0.25.9 (/opt/ros/humble/share/tf2_geometry_msgs/cmake)
[6.060s] -- Found eigen3_cmake_module: 0.1.1 (/opt/ros/humble/share/eigen3_cmake_module/cmake)
[6.061s] -- Found Eigen3: TRUE (found version "3.4.0") 
[6.062s] -- Ensuring Eigen3 include directory is part of orocos-kdl CMake target
[6.193s] -- Found stereo_msgs: 4.2.4 (/opt/ros/humble/share/stereo_msgs/cmake)
[6.271s] -- Found cv_bridge: 3.2.1 (/opt/ros/humble/share/cv_bridge/cmake)
[6.343s] -- MRPT_VERSION: 
[6.430s] -- Found ament_lint_auto: 0.12.11 (/opt/ros/humble/share/ament_lint_auto/cmake)
[6.711s] -- Configuring done
[6.862s] -- Generating done
[6.882s] -- Build files have been written to: /home/jozef/ros2_ws/build/mrpt_map_server
[6.929s] Invoked command in '/home/jozef/ros2_ws/build/mrpt_map_server' returned '0': AMENT_PREFIX_PATH=/home/jozef/ros2_ws/install/mrpt_nav_interfaces:/home/jozef/ros2_ws/install/mrpt_msgs:${AMENT_PREFIX_PATH} CMAKE_PREFIX_PATH=/home/jozef/ros2_ws/install/mrpt_nav_interfaces:/home/jozef/ros2_ws/install/mrpt_msgs:/opt/ros/humble LD_LIBRARY_PATH=/home/jozef/ros2_ws/install/mrpt_nav_interfaces/lib:/home/jozef/ros2_ws/install/mrpt_msgs/lib:${LD_LIBRARY_PATH} PYTHONPATH=/home/jozef/ros2_ws/install/mrpt_nav_interfaces/local/lib/python3.10/dist-packages:/home/jozef/ros2_ws/install/mrpt_msgs/local/lib/python3.10/dist-packages:${PYTHONPATH} /usr/bin/cmake /home/jozef/ros2_ws/src/mrpt_navigation/mrpt_map_server -DAMENT_CMAKE_SYMLINK_INSTALL=1 -DCMAKE_INSTALL_PREFIX=/home/jozef/ros2_ws/install/mrpt_map_server
[6.932s] Invoking command in '/home/jozef/ros2_ws/build/mrpt_map_server': AMENT_PREFIX_PATH=/home/jozef/ros2_ws/install/mrpt_nav_interfaces:/home/jozef/ros2_ws/install/mrpt_msgs:${AMENT_PREFIX_PATH} CMAKE_PREFIX_PATH=/home/jozef/ros2_ws/install/mrpt_nav_interfaces:/home/jozef/ros2_ws/install/mrpt_msgs:/opt/ros/humble LD_LIBRARY_PATH=/home/jozef/ros2_ws/install/mrpt_nav_interfaces/lib:/home/jozef/ros2_ws/install/mrpt_msgs/lib:${LD_LIBRARY_PATH} PYTHONPATH=/home/jozef/ros2_ws/install/mrpt_nav_interfaces/local/lib/python3.10/dist-packages:/home/jozef/ros2_ws/install/mrpt_msgs/local/lib/python3.10/dist-packages:${PYTHONPATH} /usr/bin/cmake --build /home/jozef/ros2_ws/build/mrpt_map_server -- -j8 -l8
[7.242s] [ 50%] [32mBuilding CXX object CMakeFiles/map_server_node.dir/src/map_server_node.cpp.o[0m
[49.359s] [100%] [32m[1mLinking CXX executable map_server_node[0m
[50.619s] [100%] Built target map_server_node
[50.650s] Invoked command in '/home/jozef/ros2_ws/build/mrpt_map_server' returned '0': AMENT_PREFIX_PATH=/home/jozef/ros2_ws/install/mrpt_nav_interfaces:/home/jozef/ros2_ws/install/mrpt_msgs:${AMENT_PREFIX_PATH} CMAKE_PREFIX_PATH=/home/jozef/ros2_ws/install/mrpt_nav_interfaces:/home/jozef/ros2_ws/install/mrpt_msgs:/opt/ros/humble LD_LIBRARY_PATH=/home/jozef/ros2_ws/install/mrpt_nav_interfaces/lib:/home/jozef/ros2_ws/install/mrpt_msgs/lib:${LD_LIBRARY_PATH} PYTHONPATH=/home/jozef/ros2_ws/install/mrpt_nav_interfaces/local/lib/python3.10/dist-packages:/home/jozef/ros2_ws/install/mrpt_msgs/local/lib/python3.10/dist-packages:${PYTHONPATH} /usr/bin/cmake --build /home/jozef/ros2_ws/build/mrpt_map_server -- -j8 -l8
[50.654s] Invoking command in '/home/jozef/ros2_ws/build/mrpt_map_server': AMENT_PREFIX_PATH=/home/jozef/ros2_ws/install/mrpt_nav_interfaces:/home/jozef/ros2_ws/install/mrpt_msgs:${AMENT_PREFIX_PATH} CMAKE_PREFIX_PATH=/home/jozef/ros2_ws/install/mrpt_nav_interfaces:/home/jozef/ros2_ws/install/mrpt_msgs:/opt/ros/humble LD_LIBRARY_PATH=/home/jozef/ros2_ws/install/mrpt_nav_interfaces/lib:/home/jozef/ros2_ws/install/mrpt_msgs/lib:${LD_LIBRARY_PATH} PYTHONPATH=/home/jozef/ros2_ws/install/mrpt_nav_interfaces/local/lib/python3.10/dist-packages:/home/jozef/ros2_ws/install/mrpt_msgs/local/lib/python3.10/dist-packages:${PYTHONPATH} /usr/bin/cmake --install /home/jozef/ros2_ws/build/mrpt_map_server
[50.671s] -- Install configuration: ""
[50.673s] -- Execute custom install script
[50.674s] -- Symlinking: /home/jozef/ros2_ws/install/mrpt_map_server/lib/mrpt_map_server/map_server_node
[50.713s] -- Symlinking: /home/jozef/ros2_ws/install/mrpt_map_server/share/mrpt_map_server/launch/mrpt_map_server.launch.py
[50.742s] -- Symlinking: /home/jozef/ros2_ws/install/mrpt_map_server/share/mrpt_map_server/params/README.md
[50.765s] -- Symlinking: /home/jozef/ros2_ws/install/mrpt_map_server/share/mrpt_map_server/params/metric-map-gridmap.ini
[50.794s] -- Symlinking: /home/jozef/ros2_ws/install/mrpt_map_server/share/ament_index/resource_index/package_run_dependencies/mrpt_map_server
[50.821s] -- Symlinking: /home/jozef/ros2_ws/install/mrpt_map_server/share/ament_index/resource_index/parent_prefix_path/mrpt_map_server
[50.846s] -- Symlinking: /home/jozef/ros2_ws/install/mrpt_map_server/share/mrpt_map_server/environment/ament_prefix_path.sh
[50.871s] -- Symlinking: /home/jozef/ros2_ws/install/mrpt_map_server/share/mrpt_map_server/environment/ament_prefix_path.dsv
[50.895s] -- Symlinking: /home/jozef/ros2_ws/install/mrpt_map_server/share/mrpt_map_server/environment/path.sh
[50.919s] -- Symlinking: /home/jozef/ros2_ws/install/mrpt_map_server/share/mrpt_map_server/environment/path.dsv
[50.944s] -- Symlinking: /home/jozef/ros2_ws/install/mrpt_map_server/share/mrpt_map_server/local_setup.bash
[50.968s] -- Symlinking: /home/jozef/ros2_ws/install/mrpt_map_server/share/mrpt_map_server/local_setup.sh
[50.992s] -- Symlinking: /home/jozef/ros2_ws/install/mrpt_map_server/share/mrpt_map_server/local_setup.zsh
[51.017s] -- Symlinking: /home/jozef/ros2_ws/install/mrpt_map_server/share/mrpt_map_server/local_setup.dsv
[51.042s] -- Symlinking: /home/jozef/ros2_ws/install/mrpt_map_server/share/mrpt_map_server/package.dsv
[51.065s] -- Symlinking: /home/jozef/ros2_ws/install/mrpt_map_server/share/ament_index/resource_index/packages/mrpt_map_server
[51.089s] -- Symlinking: /home/jozef/ros2_ws/install/mrpt_map_server/share/mrpt_map_server/cmake/mrpt_map_serverConfig.cmake
[51.113s] -- Symlinking: /home/jozef/ros2_ws/install/mrpt_map_server/share/mrpt_map_server/cmake/mrpt_map_serverConfig-version.cmake
[51.137s] -- Symlinking: /home/jozef/ros2_ws/install/mrpt_map_server/share/mrpt_map_server/package.xml
[51.167s] Invoked command in '/home/jozef/ros2_ws/build/mrpt_map_server' returned '0': AMENT_PREFIX_PATH=/home/jozef/ros2_ws/install/mrpt_nav_interfaces:/home/jozef/ros2_ws/install/mrpt_msgs:${AMENT_PREFIX_PATH} CMAKE_PREFIX_PATH=/home/jozef/ros2_ws/install/mrpt_nav_interfaces:/home/jozef/ros2_ws/install/mrpt_msgs:/opt/ros/humble LD_LIBRARY_PATH=/home/jozef/ros2_ws/install/mrpt_nav_interfaces/lib:/home/jozef/ros2_ws/install/mrpt_msgs/lib:${LD_LIBRARY_PATH} PYTHONPATH=/home/jozef/ros2_ws/install/mrpt_nav_interfaces/local/lib/python3.10/dist-packages:/home/jozef/ros2_ws/install/mrpt_msgs/local/lib/python3.10/dist-packages:${PYTHONPATH} /usr/bin/cmake --install /home/jozef/ros2_ws/build/mrpt_map_server
