[0.080s] Invoking command in '/home/jozef/ros2_ws/build/mocap4r2_dummy_driver': AMENT_PREFIX_PATH=/home/jozef/ros2_ws/install/mocap4r2_control:/home/jozef/ros2_ws/install/mocap4r2_msgs:/home/jozef/ros2_ws/install/mocap4r2_control_msgs:${AMENT_PREFIX_PATH} CMAKE_PREFIX_PATH=/home/jozef/ros2_ws/install/mocap4r2_control:/home/jozef/ros2_ws/install/mocap4r2_msgs:/home/jozef/ros2_ws/install/mocap4r2_control_msgs:/opt/ros/humble LD_LIBRARY_PATH=/home/jozef/ros2_ws/install/mocap4r2_control/lib:/home/jozef/ros2_ws/install/mocap4r2_msgs/lib:/home/jozef/ros2_ws/install/mocap4r2_control_msgs/lib:${LD_LIBRARY_PATH} PYTHONPATH=/home/jozef/ros2_ws/install/mocap4r2_msgs/local/lib/python3.10/dist-packages:/home/jozef/ros2_ws/install/mocap4r2_control_msgs/local/lib/python3.10/dist-packages:${PYTHONPATH} /usr/bin/cmake --build /home/jozef/ros2_ws/build/mocap4r2_dummy_driver -- -j8 -l8
[0.270s] [ 50%] Built target mocap4r2_dummy_driver
[0.373s] [100%] Built target mocap4r2_dummy_driver_main
[0.433s] Invoked command in '/home/jozef/ros2_ws/build/mocap4r2_dummy_driver' returned '0': AMENT_PREFIX_PATH=/home/jozef/ros2_ws/install/mocap4r2_control:/home/jozef/ros2_ws/install/mocap4r2_msgs:/home/jozef/ros2_ws/install/mocap4r2_control_msgs:${AMENT_PREFIX_PATH} CMAKE_PREFIX_PATH=/home/jozef/ros2_ws/install/mocap4r2_control:/home/jozef/ros2_ws/install/mocap4r2_msgs:/home/jozef/ros2_ws/install/mocap4r2_control_msgs:/opt/ros/humble LD_LIBRARY_PATH=/home/jozef/ros2_ws/install/mocap4r2_control/lib:/home/jozef/ros2_ws/install/mocap4r2_msgs/lib:/home/jozef/ros2_ws/install/mocap4r2_control_msgs/lib:${LD_LIBRARY_PATH} PYTHONPATH=/home/jozef/ros2_ws/install/mocap4r2_msgs/local/lib/python3.10/dist-packages:/home/jozef/ros2_ws/install/mocap4r2_control_msgs/local/lib/python3.10/dist-packages:${PYTHONPATH} /usr/bin/cmake --build /home/jozef/ros2_ws/build/mocap4r2_dummy_driver -- -j8 -l8
[0.434s] Invoking command in '/home/jozef/ros2_ws/build/mocap4r2_dummy_driver': AMENT_PREFIX_PATH=/home/jozef/ros2_ws/install/mocap4r2_control:/home/jozef/ros2_ws/install/mocap4r2_msgs:/home/jozef/ros2_ws/install/mocap4r2_control_msgs:${AMENT_PREFIX_PATH} CMAKE_PREFIX_PATH=/home/jozef/ros2_ws/install/mocap4r2_control:/home/jozef/ros2_ws/install/mocap4r2_msgs:/home/jozef/ros2_ws/install/mocap4r2_control_msgs:/opt/ros/humble LD_LIBRARY_PATH=/home/jozef/ros2_ws/install/mocap4r2_control/lib:/home/jozef/ros2_ws/install/mocap4r2_msgs/lib:/home/jozef/ros2_ws/install/mocap4r2_control_msgs/lib:${LD_LIBRARY_PATH} PYTHONPATH=/home/jozef/ros2_ws/install/mocap4r2_msgs/local/lib/python3.10/dist-packages:/home/jozef/ros2_ws/install/mocap4r2_control_msgs/local/lib/python3.10/dist-packages:${PYTHONPATH} /usr/bin/cmake --install /home/jozef/ros2_ws/build/mocap4r2_dummy_driver
[0.501s] -- Install configuration: ""
[0.501s] -- Execute custom install script
[0.502s] -- Up-to-date symlink: /home/jozef/ros2_ws/install/mocap4r2_dummy_driver/share/mocap4r2_dummy_driver/launch/dummy.launch.py
[0.515s] -- Up-to-date symlink: /home/jozef/ros2_ws/install/mocap4r2_dummy_driver/lib/libmocap4r2_dummy_driver.a
[0.519s] -- Up-to-date symlink: /home/jozef/ros2_ws/install/mocap4r2_dummy_driver/lib/mocap4r2_dummy_driver/mocap4r2_dummy_driver_main
[0.521s] -- Up-to-date symlink: /home/jozef/ros2_ws/install/mocap4r2_dummy_driver/share/ament_index/resource_index/package_run_dependencies/mocap4r2_dummy_driver
[0.522s] -- Up-to-date symlink: /home/jozef/ros2_ws/install/mocap4r2_dummy_driver/share/ament_index/resource_index/parent_prefix_path/mocap4r2_dummy_driver
[0.522s] -- Up-to-date symlink: /home/jozef/ros2_ws/install/mocap4r2_dummy_driver/share/mocap4r2_dummy_driver/environment/ament_prefix_path.sh
[0.522s] -- Up-to-date symlink: /home/jozef/ros2_ws/install/mocap4r2_dummy_driver/share/mocap4r2_dummy_driver/environment/ament_prefix_path.dsv
[0.522s] -- Up-to-date symlink: /home/jozef/ros2_ws/install/mocap4r2_dummy_driver/share/mocap4r2_dummy_driver/environment/path.sh
[0.522s] -- Up-to-date symlink: /home/jozef/ros2_ws/install/mocap4r2_dummy_driver/share/mocap4r2_dummy_driver/environment/path.dsv
[0.522s] -- Up-to-date symlink: /home/jozef/ros2_ws/install/mocap4r2_dummy_driver/share/mocap4r2_dummy_driver/local_setup.bash
[0.522s] -- Up-to-date symlink: /home/jozef/ros2_ws/install/mocap4r2_dummy_driver/share/mocap4r2_dummy_driver/local_setup.sh
[0.523s] -- Up-to-date symlink: /home/jozef/ros2_ws/install/mocap4r2_dummy_driver/share/mocap4r2_dummy_driver/local_setup.zsh
[0.523s] -- Up-to-date symlink: /home/jozef/ros2_ws/install/mocap4r2_dummy_driver/share/mocap4r2_dummy_driver/local_setup.dsv
[0.523s] -- Symlinking: /home/jozef/ros2_ws/install/mocap4r2_dummy_driver/share/mocap4r2_dummy_driver/package.dsv
[0.547s] -- Up-to-date symlink: /home/jozef/ros2_ws/install/mocap4r2_dummy_driver/share/ament_index/resource_index/packages/mocap4r2_dummy_driver
[0.550s] -- Up-to-date symlink: /home/jozef/ros2_ws/install/mocap4r2_dummy_driver/share/mocap4r2_dummy_driver/cmake/ament_cmake_export_dependencies-extras.cmake
[0.550s] -- Up-to-date symlink: /home/jozef/ros2_ws/install/mocap4r2_dummy_driver/share/mocap4r2_dummy_driver/cmake/mocap4r2_dummy_driverConfig.cmake
[0.551s] -- Up-to-date symlink: /home/jozef/ros2_ws/install/mocap4r2_dummy_driver/share/mocap4r2_dummy_driver/cmake/mocap4r2_dummy_driverConfig-version.cmake
[0.551s] -- Up-to-date symlink: /home/jozef/ros2_ws/install/mocap4r2_dummy_driver/share/mocap4r2_dummy_driver/package.xml
[0.567s] Invoked command in '/home/jozef/ros2_ws/build/mocap4r2_dummy_driver' returned '0': AMENT_PREFIX_PATH=/home/jozef/ros2_ws/install/mocap4r2_control:/home/jozef/ros2_ws/install/mocap4r2_msgs:/home/jozef/ros2_ws/install/mocap4r2_control_msgs:${AMENT_PREFIX_PATH} CMAKE_PREFIX_PATH=/home/jozef/ros2_ws/install/mocap4r2_control:/home/jozef/ros2_ws/install/mocap4r2_msgs:/home/jozef/ros2_ws/install/mocap4r2_control_msgs:/opt/ros/humble LD_LIBRARY_PATH=/home/jozef/ros2_ws/install/mocap4r2_control/lib:/home/jozef/ros2_ws/install/mocap4r2_msgs/lib:/home/jozef/ros2_ws/install/mocap4r2_control_msgs/lib:${LD_LIBRARY_PATH} PYTHONPATH=/home/jozef/ros2_ws/install/mocap4r2_msgs/local/lib/python3.10/dist-packages:/home/jozef/ros2_ws/install/mocap4r2_control_msgs/local/lib/python3.10/dist-packages:${PYTHONPATH} /usr/bin/cmake --install /home/jozef/ros2_ws/build/mocap4r2_dummy_driver
