[0.210s] Invoking command in '/home/jozef/ros2_ws/build/mrpt_pf_localization': AMENT_PREFIX_PATH=/home/jozef/ros2_ws/install/mrpt_msgs_bridge:/home/jozef/ros2_ws/install/mrpt_tutorials:/home/jozef/ros2_ws/install/mrpt_msgs:${AMENT_PREFIX_PATH} CMAKE_PREFIX_PATH=/home/jozef/ros2_ws/install/mrpt_msgs_bridge:/home/jozef/ros2_ws/install/mrpt_tutorials:/opt/ros/humble:/home/jozef/ros2_ws/install/mrpt_msgs LD_LIBRARY_PATH=/home/jozef/ros2_ws/install/mrpt_msgs/lib:${LD_LIBRARY_PATH} PYTHONPATH=/home/jozef/ros2_ws/install/mrpt_msgs/local/lib/python3.10/dist-packages:${PYTHONPATH} /usr/bin/cmake --build /home/jozef/ros2_ws/build/mrpt_pf_localization -- -j8 -l8
[0.472s] [ 14%] Built target gtest_main
[0.472s] [ 28%] Built target gtest
[0.502s] [ 42%] Built target mrpt_pf_localization_composable
[0.523s] [ 57%] Built target mrpt_pf_localization_core
[0.654s] [ 71%] Built target mrpt_pf_localization-test
[0.665s] [ 85%] Built target mrpt_pf_localization_node
[0.684s] [100%] Built target mrpt_pf_localization_component
[0.767s] Invoked command in '/home/jozef/ros2_ws/build/mrpt_pf_localization' returned '0': AMENT_PREFIX_PATH=/home/jozef/ros2_ws/install/mrpt_msgs_bridge:/home/jozef/ros2_ws/install/mrpt_tutorials:/home/jozef/ros2_ws/install/mrpt_msgs:${AMENT_PREFIX_PATH} CMAKE_PREFIX_PATH=/home/jozef/ros2_ws/install/mrpt_msgs_bridge:/home/jozef/ros2_ws/install/mrpt_tutorials:/opt/ros/humble:/home/jozef/ros2_ws/install/mrpt_msgs LD_LIBRARY_PATH=/home/jozef/ros2_ws/install/mrpt_msgs/lib:${LD_LIBRARY_PATH} PYTHONPATH=/home/jozef/ros2_ws/install/mrpt_msgs/local/lib/python3.10/dist-packages:${PYTHONPATH} /usr/bin/cmake --build /home/jozef/ros2_ws/build/mrpt_pf_localization -- -j8 -l8
[0.770s] Invoking command in '/home/jozef/ros2_ws/build/mrpt_pf_localization': AMENT_PREFIX_PATH=/home/jozef/ros2_ws/install/mrpt_msgs_bridge:/home/jozef/ros2_ws/install/mrpt_tutorials:/home/jozef/ros2_ws/install/mrpt_msgs:${AMENT_PREFIX_PATH} CMAKE_PREFIX_PATH=/home/jozef/ros2_ws/install/mrpt_msgs_bridge:/home/jozef/ros2_ws/install/mrpt_tutorials:/opt/ros/humble:/home/jozef/ros2_ws/install/mrpt_msgs LD_LIBRARY_PATH=/home/jozef/ros2_ws/install/mrpt_msgs/lib:${LD_LIBRARY_PATH} PYTHONPATH=/home/jozef/ros2_ws/install/mrpt_msgs/local/lib/python3.10/dist-packages:${PYTHONPATH} /usr/bin/cmake --install /home/jozef/ros2_ws/build/mrpt_pf_localization
[0.855s] -- Install configuration: ""
[0.855s] -- Execute custom install script
[0.855s] -- Up-to-date symlink: /home/jozef/ros2_ws/install/mrpt_pf_localization/lib/mrpt_pf_localization/mrpt_pf_localization_composable
[0.855s] -- Up-to-date symlink: /home/jozef/ros2_ws/install/mrpt_pf_localization/share/mrpt_pf_localization/launch/localization.launch.py
[0.855s] -- Up-to-date symlink: /home/jozef/ros2_ws/install/mrpt_pf_localization/share/mrpt_pf_localization/params/default-relocalization-pipeline.yaml
[0.856s] -- Up-to-date symlink: /home/jozef/ros2_ws/install/mrpt_pf_localization/share/mrpt_pf_localization/params/default.config.yaml
[0.856s] -- Up-to-date symlink: /home/jozef/ros2_ws/install/mrpt_pf_localization/share/mrpt_pf_localization/params/map-occgrid2d.ini
[0.862s] -- Up-to-date symlink: /home/jozef/ros2_ws/install/mrpt_pf_localization/bin/mrpt_pf_localization-test
[0.863s] -- Up-to-date symlink: /home/jozef/ros2_ws/install/mrpt_pf_localization/share/ament_index/resource_index/package_run_dependencies/mrpt_pf_localization
[0.863s] -- Up-to-date symlink: /home/jozef/ros2_ws/install/mrpt_pf_localization/share/ament_index/resource_index/parent_prefix_path/mrpt_pf_localization
[0.863s] -- Up-to-date symlink: /home/jozef/ros2_ws/install/mrpt_pf_localization/share/mrpt_pf_localization/environment/ament_prefix_path.sh
[0.863s] -- Up-to-date symlink: /home/jozef/ros2_ws/install/mrpt_pf_localization/share/mrpt_pf_localization/environment/ament_prefix_path.dsv
[0.864s] -- Up-to-date symlink: /home/jozef/ros2_ws/install/mrpt_pf_localization/share/mrpt_pf_localization/environment/path.sh
[0.864s] -- Up-to-date symlink: /home/jozef/ros2_ws/install/mrpt_pf_localization/share/mrpt_pf_localization/environment/path.dsv
[0.864s] -- Up-to-date symlink: /home/jozef/ros2_ws/install/mrpt_pf_localization/share/mrpt_pf_localization/local_setup.bash
[0.864s] -- Up-to-date symlink: /home/jozef/ros2_ws/install/mrpt_pf_localization/share/mrpt_pf_localization/local_setup.sh
[0.864s] -- Up-to-date symlink: /home/jozef/ros2_ws/install/mrpt_pf_localization/share/mrpt_pf_localization/local_setup.zsh
[0.866s] -- Up-to-date symlink: /home/jozef/ros2_ws/install/mrpt_pf_localization/share/mrpt_pf_localization/local_setup.dsv
[0.867s] -- Symlinking: /home/jozef/ros2_ws/install/mrpt_pf_localization/share/mrpt_pf_localization/package.dsv
[0.913s] -- Up-to-date symlink: /home/jozef/ros2_ws/install/mrpt_pf_localization/share/ament_index/resource_index/packages/mrpt_pf_localization
[0.913s] -- Up-to-date symlink: /home/jozef/ros2_ws/install/mrpt_pf_localization/share/ament_index/resource_index/rclcpp_components/mrpt_pf_localization
[0.913s] -- Up-to-date symlink: /home/jozef/ros2_ws/install/mrpt_pf_localization/share/mrpt_pf_localization/cmake/ament_cmake_export_targets-extras.cmake
[0.914s] -- Up-to-date symlink: /home/jozef/ros2_ws/install/mrpt_pf_localization/share/mrpt_pf_localization/cmake/mrpt_pf_localizationConfig.cmake
[0.914s] -- Up-to-date symlink: /home/jozef/ros2_ws/install/mrpt_pf_localization/share/mrpt_pf_localization/cmake/mrpt_pf_localizationConfig-version.cmake
[0.914s] -- Up-to-date symlink: /home/jozef/ros2_ws/install/mrpt_pf_localization/share/mrpt_pf_localization/package.xml
[0.914s] -- Up-to-date: /home/jozef/ros2_ws/install/mrpt_pf_localization/lib/libmrpt_pf_localization_component.so
[0.920s] -- Up-to-date: /home/jozef/ros2_ws/install/mrpt_pf_localization/lib/libmrpt_pf_localization_core.so
[0.925s] -- Up-to-date: /home/jozef/ros2_ws/install/mrpt_pf_localization/lib/mrpt_pf_localization/mrpt_pf_localization_node
[0.926s] -- Up-to-date: /home/jozef/ros2_ws/install/mrpt_pf_localization/share/mrpt_pf_localization/cmake/export_mrpt_pf_localizationExport.cmake
[0.926s] -- Up-to-date: /home/jozef/ros2_ws/install/mrpt_pf_localization/share/mrpt_pf_localization/cmake/export_mrpt_pf_localizationExport-noconfig.cmake
[0.939s] Invoked command in '/home/jozef/ros2_ws/build/mrpt_pf_localization' returned '0': AMENT_PREFIX_PATH=/home/jozef/ros2_ws/install/mrpt_msgs_bridge:/home/jozef/ros2_ws/install/mrpt_tutorials:/home/jozef/ros2_ws/install/mrpt_msgs:${AMENT_PREFIX_PATH} CMAKE_PREFIX_PATH=/home/jozef/ros2_ws/install/mrpt_msgs_bridge:/home/jozef/ros2_ws/install/mrpt_tutorials:/opt/ros/humble:/home/jozef/ros2_ws/install/mrpt_msgs LD_LIBRARY_PATH=/home/jozef/ros2_ws/install/mrpt_msgs/lib:${LD_LIBRARY_PATH} PYTHONPATH=/home/jozef/ros2_ws/install/mrpt_msgs/local/lib/python3.10/dist-packages:${PYTHONPATH} /usr/bin/cmake --install /home/jozef/ros2_ws/build/mrpt_pf_localization
