[0.402s] Invoking command in '/home/jozef/ros2_ws/build/tb2_slam': /usr/bin/cmake /home/jozef/ros2_ws/src/tb2_slam -DAMENT_CMAKE_SYMLINK_INSTALL=1 -DCMAKE_INSTALL_PREFIX=/home/jozef/ros2_ws/install/tb2_slam
[0.541s] -- The C compiler identification is GNU 11.4.0
[0.669s] -- The CXX compiler identification is GNU 11.4.0
[0.695s] -- Detecting C compiler ABI info
[0.852s] -- Detecting C compiler ABI info - done
[0.864s] -- Check for working C compiler: /usr/bin/cc - skipped
[0.866s] -- Detecting C compile features
[0.866s] -- Detecting C compile features - done
[0.870s] -- Detecting CXX compiler ABI info
[1.026s] -- Detecting CXX compiler ABI info - done
[1.038s] -- Check for working CXX compiler: /usr/bin/c++ - skipped
[1.039s] -- Detecting CXX compile features
[1.039s] -- Detecting CXX compile features - done
[1.060s] [31mCMake Error at CMakeLists.txt:9 (find_package):
[1.060s]   By not providing "Findament_cmake.cmake" in CMAKE_MODULE_PATH this project
[1.060s]   has asked CMake to find a package configuration file provided by
[1.060s]   "ament_cmake", but CMake did not find one.
[1.061s] 
[1.061s]   Could not find a package configuration file provided by "ament_cmake" with
[1.061s]   any of the following names:
[1.061s] 
[1.061s]     ament_cmakeConfig.cmake
[1.061s]     ament_cmake-config.cmake
[1.061s] 
[1.061s]   Add the installation prefix of "ament_cmake" to CMAKE_PREFIX_PATH or set
[1.062s]   "ament_cmake_DIR" to a directory containing one of the above files.  If
[1.062s]   "ament_cmake" provides a separate development package or SDK, be sure it
[1.062s]   has been installed.
[1.062s] 
[1.062s] -- Configuring incomplete, errors occurred!
[1.062s] See also "/home/jozef/ros2_ws/build/tb2_slam/CMakeFiles/CMakeOutput.log".
[1.062s] [0m
