[0.151s] Invoking command in '/home/jozef/ros2_ws/build/mocap4r2_control': AMENT_PREFIX_PATH=/home/jozef/ros2_ws/install/mocap4r2_control_msgs:${AMENT_PREFIX_PATH} CMAKE_PREFIX_PATH=/home/jozef/ros2_ws/install/mocap4r2_control_msgs:/opt/ros/humble LD_LIBRARY_PATH=/home/jozef/ros2_ws/install/mocap4r2_control_msgs/lib:${LD_LIBRARY_PATH} PYTHONPATH=/home/jozef/ros2_ws/install/mocap4r2_control_msgs/local/lib/python3.10/dist-packages:${PYTHONPATH} /usr/bin/cmake --build /home/jozef/ros2_ws/build/mocap4r2_control -- -j8 -l8
[0.882s] [ 14%] Built target gtest_main
[0.882s] [ 28%] Built target gtest
[0.882s] [ 57%] Built target mocap4r2_control
[0.883s] [ 71%] Built target test_auxiliar
[0.883s] [ 85%] Built target test_control
[0.883s] [100%] Built target auxiliar_main
[0.916s] Invoked command in '/home/jozef/ros2_ws/build/mocap4r2_control' returned '0': AMENT_PREFIX_PATH=/home/jozef/ros2_ws/install/mocap4r2_control_msgs:${AMENT_PREFIX_PATH} CMAKE_PREFIX_PATH=/home/jozef/ros2_ws/install/mocap4r2_control_msgs:/opt/ros/humble LD_LIBRARY_PATH=/home/jozef/ros2_ws/install/mocap4r2_control_msgs/lib:${LD_LIBRARY_PATH} PYTHONPATH=/home/jozef/ros2_ws/install/mocap4r2_control_msgs/local/lib/python3.10/dist-packages:${PYTHONPATH} /usr/bin/cmake --build /home/jozef/ros2_ws/build/mocap4r2_control -- -j8 -l8
[0.919s] Invoking command in '/home/jozef/ros2_ws/build/mocap4r2_control': AMENT_PREFIX_PATH=/home/jozef/ros2_ws/install/mocap4r2_control_msgs:${AMENT_PREFIX_PATH} CMAKE_PREFIX_PATH=/home/jozef/ros2_ws/install/mocap4r2_control_msgs:/opt/ros/humble LD_LIBRARY_PATH=/home/jozef/ros2_ws/install/mocap4r2_control_msgs/lib:${LD_LIBRARY_PATH} PYTHONPATH=/home/jozef/ros2_ws/install/mocap4r2_control_msgs/local/lib/python3.10/dist-packages:${PYTHONPATH} /usr/bin/cmake --install /home/jozef/ros2_ws/build/mocap4r2_control
[0.956s] -- Install configuration: ""
[0.956s] -- Execute custom install script
[0.956s] -- Up-to-date symlink: /home/jozef/ros2_ws/install/mocap4r2_control/include//mocap4r2_control/AuxiliarNode.hpp
[0.956s] -- Up-to-date symlink: /home/jozef/ros2_ws/install/mocap4r2_control/include//mocap4r2_control/ControlledLifecycleNode.hpp
[0.956s] -- Up-to-date symlink: /home/jozef/ros2_ws/install/mocap4r2_control/include//mocap4r2_control/ControllerNode.hpp
[0.956s] -- Up-to-date symlink: /home/jozef/ros2_ws/install/mocap4r2_control/share/mocap4r2_control/config/config_example.yaml
[0.957s] -- Up-to-date symlink: /home/jozef/ros2_ws/install/mocap4r2_control/share/mocap4r2_control/launch/auxiliar.launch.py
[0.957s] -- Up-to-date symlink: /home/jozef/ros2_ws/install/mocap4r2_control/lib/libmocap4r2_control.so
[0.957s] -- Up-to-date symlink: /home/jozef/ros2_ws/install/mocap4r2_control/lib/mocap4r2_control/auxiliar_main
[0.957s] -- Up-to-date symlink: /home/jozef/ros2_ws/install/mocap4r2_control/share/mocap4r2_control/environment/library_path.sh
[0.961s] -- Up-to-date symlink: /home/jozef/ros2_ws/install/mocap4r2_control/share/mocap4r2_control/environment/library_path.dsv
[0.961s] -- Up-to-date symlink: /home/jozef/ros2_ws/install/mocap4r2_control/share/ament_index/resource_index/package_run_dependencies/mocap4r2_control
[0.961s] -- Up-to-date symlink: /home/jozef/ros2_ws/install/mocap4r2_control/share/ament_index/resource_index/parent_prefix_path/mocap4r2_control
[0.962s] -- Up-to-date symlink: /home/jozef/ros2_ws/install/mocap4r2_control/share/mocap4r2_control/environment/ament_prefix_path.sh
[0.962s] -- Up-to-date symlink: /home/jozef/ros2_ws/install/mocap4r2_control/share/mocap4r2_control/environment/ament_prefix_path.dsv
[0.962s] -- Up-to-date symlink: /home/jozef/ros2_ws/install/mocap4r2_control/share/mocap4r2_control/environment/path.sh
[0.962s] -- Up-to-date symlink: /home/jozef/ros2_ws/install/mocap4r2_control/share/mocap4r2_control/environment/path.dsv
[0.962s] -- Up-to-date symlink: /home/jozef/ros2_ws/install/mocap4r2_control/share/mocap4r2_control/local_setup.bash
[0.962s] -- Up-to-date symlink: /home/jozef/ros2_ws/install/mocap4r2_control/share/mocap4r2_control/local_setup.sh
[0.962s] -- Up-to-date symlink: /home/jozef/ros2_ws/install/mocap4r2_control/share/mocap4r2_control/local_setup.zsh
[0.962s] -- Up-to-date symlink: /home/jozef/ros2_ws/install/mocap4r2_control/share/mocap4r2_control/local_setup.dsv
[0.963s] -- Symlinking: /home/jozef/ros2_ws/install/mocap4r2_control/share/mocap4r2_control/package.dsv
[0.988s] -- Up-to-date symlink: /home/jozef/ros2_ws/install/mocap4r2_control/share/ament_index/resource_index/packages/mocap4r2_control
[0.989s] -- Up-to-date symlink: /home/jozef/ros2_ws/install/mocap4r2_control/share/mocap4r2_control/cmake/ament_cmake_export_include_directories-extras.cmake
[0.989s] -- Up-to-date symlink: /home/jozef/ros2_ws/install/mocap4r2_control/share/mocap4r2_control/cmake/ament_cmake_export_libraries-extras.cmake
[0.989s] -- Up-to-date symlink: /home/jozef/ros2_ws/install/mocap4r2_control/share/mocap4r2_control/cmake/ament_cmake_export_dependencies-extras.cmake
[0.989s] -- Up-to-date symlink: /home/jozef/ros2_ws/install/mocap4r2_control/share/mocap4r2_control/cmake/mocap4r2_controlConfig.cmake
[0.989s] -- Up-to-date symlink: /home/jozef/ros2_ws/install/mocap4r2_control/share/mocap4r2_control/cmake/mocap4r2_controlConfig-version.cmake
[0.990s] -- Up-to-date symlink: /home/jozef/ros2_ws/install/mocap4r2_control/share/mocap4r2_control/package.xml
[1.008s] Invoked command in '/home/jozef/ros2_ws/build/mocap4r2_control' returned '0': AMENT_PREFIX_PATH=/home/jozef/ros2_ws/install/mocap4r2_control_msgs:${AMENT_PREFIX_PATH} CMAKE_PREFIX_PATH=/home/jozef/ros2_ws/install/mocap4r2_control_msgs:/opt/ros/humble LD_LIBRARY_PATH=/home/jozef/ros2_ws/install/mocap4r2_control_msgs/lib:${LD_LIBRARY_PATH} PYTHONPATH=/home/jozef/ros2_ws/install/mocap4r2_control_msgs/local/lib/python3.10/dist-packages:${PYTHONPATH} /usr/bin/cmake --install /home/jozef/ros2_ws/build/mocap4r2_control
