[0.058s] Invoking command in '/home/jozef/ros2_ws/build/mocap4r2_robot_gt_msgs': CMAKE_PREFIX_PATH=${CMAKE_PREFIX_PATH}:/home/jozef/ros2_ws/install/tb2_control:/home/jozef/ros2_ws/install/mocap4r2cli:/home/jozef/ros2_ws/install/localization_benchmarking:/opt/ros/humble /usr/bin/cmake /home/jozef/ros2_ws/src/mocap4r2_robot_gt/mocap4r2_robot_gt_msgs -DAMENT_CMAKE_SYMLINK_INSTALL=1 -DCMAKE_INSTALL_PREFIX=/home/jozef/ros2_ws/install/mocap4r2_robot_gt_msgs
[0.406s] -- The C compiler identification is GNU 11.4.0
[0.625s] -- The CXX compiler identification is GNU 11.4.0
[0.650s] -- Detecting C compiler ABI info
[0.865s] -- Detecting C compiler ABI info - done
[0.914s] -- Check for working C compiler: /usr/bin/cc - skipped
[0.916s] -- Detecting C compile features
[0.916s] -- Detecting C compile features - done
[0.922s] -- Detecting CXX compiler ABI info
[1.178s] -- Detecting CXX compiler ABI info - done
[1.192s] -- Check for working CXX compiler: /usr/bin/c++ - skipped
[1.192s] -- Detecting CXX compile features
[1.197s] -- Detecting CXX compile features - done
[1.226s] -- Found ament_cmake: 1.3.11 (/opt/ros/humble/share/ament_cmake/cmake)
[2.208s] -- Found Python3: /usr/bin/python3 (found version "3.10.12") found components: Interpreter 
[2.387s] -- Override CMake install command with custom implementation using symlinks instead of copying resources
[2.525s] -- Found rosidl_default_generators: 1.2.0 (/opt/ros/humble/share/rosidl_default_generators/cmake)
[2.543s] -- Using all available rosidl_typesupport_c: rosidl_typesupport_fastrtps_c;rosidl_typesupport_introspection_c
[2.562s] -- Found rosidl_adapter: 3.1.6 (/opt/ros/humble/share/rosidl_adapter/cmake)
[2.685s] -- Using all available rosidl_typesupport_cpp: rosidl_typesupport_fastrtps_cpp;rosidl_typesupport_introspection_cpp
[2.775s] -- Found builtin_interfaces: 1.2.1 (/opt/ros/humble/share/builtin_interfaces/cmake)
[2.809s] -- Found std_msgs: 4.2.4 (/opt/ros/humble/share/std_msgs/cmake)
[2.844s] -- Found geometry_msgs: 4.2.4 (/opt/ros/humble/share/geometry_msgs/cmake)
[3.549s] -- Found ament_cmake_ros: 0.10.0 (/opt/ros/humble/share/ament_cmake_ros/cmake)
[4.295s] -- Using all available rosidl_typesupport_c: rosidl_typesupport_fastrtps_c;rosidl_typesupport_introspection_c
[5.362s] -- Using all available rosidl_typesupport_cpp: rosidl_typesupport_fastrtps_cpp;rosidl_typesupport_introspection_cpp
[5.426s] -- Found PythonInterp: /usr/bin/python3 (found suitable version "3.10.12", minimum required is "3.6") 
[5.432s] -- Found python_cmake_module: 0.10.0 (/opt/ros/humble/share/python_cmake_module/cmake)
[5.516s] -- Found PythonLibs: /usr/lib/x86_64-linux-gnu/libpython3.10.so (found suitable version "3.10.12", minimum required is "3.5") 
[5.516s] -- Using PYTHON_EXECUTABLE: /usr/bin/python3
[5.517s] -- Using PYTHON_INCLUDE_DIRS: /usr/include/python3.10
[5.519s] -- Using PYTHON_LIBRARIES: /usr/lib/x86_64-linux-gnu/libpython3.10.so
[5.587s] -- Found PythonExtra: .so  
[5.839s] -- Configuring done
[5.975s] -- Generating done
[5.996s] -- Build files have been written to: /home/jozef/ros2_ws/build/mocap4r2_robot_gt_msgs
[6.029s] Invoked command in '/home/jozef/ros2_ws/build/mocap4r2_robot_gt_msgs' returned '0': CMAKE_PREFIX_PATH=${CMAKE_PREFIX_PATH}:/home/jozef/ros2_ws/install/tb2_control:/home/jozef/ros2_ws/install/mocap4r2cli:/home/jozef/ros2_ws/install/localization_benchmarking:/opt/ros/humble /usr/bin/cmake /home/jozef/ros2_ws/src/mocap4r2_robot_gt/mocap4r2_robot_gt_msgs -DAMENT_CMAKE_SYMLINK_INSTALL=1 -DCMAKE_INSTALL_PREFIX=/home/jozef/ros2_ws/install/mocap4r2_robot_gt_msgs
[6.032s] Invoking command in '/home/jozef/ros2_ws/build/mocap4r2_robot_gt_msgs': CMAKE_PREFIX_PATH=${CMAKE_PREFIX_PATH}:/home/jozef/ros2_ws/install/tb2_control:/home/jozef/ros2_ws/install/mocap4r2cli:/home/jozef/ros2_ws/install/localization_benchmarking:/opt/ros/humble /usr/bin/cmake --build /home/jozef/ros2_ws/build/mocap4r2_robot_gt_msgs -- -j8 -l8
[6.272s] [  3%] [34m[1mGenerating C code for ROS interfaces[0m
[6.286s] [  6%] [34m[1mGenerating C++ code for ROS interfaces[0m
[6.328s] [  6%] Built target ament_cmake_python_symlink_mocap4r2_robot_gt_msgs
[7.841s] running egg_info
[7.846s] creating mocap4r2_robot_gt_msgs.egg-info
[7.933s] writing mocap4r2_robot_gt_msgs.egg-info/PKG-INFO
[7.938s] writing dependency_links to mocap4r2_robot_gt_msgs.egg-info/dependency_links.txt
[7.938s] writing top-level names to mocap4r2_robot_gt_msgs.egg-info/top_level.txt
[7.940s] writing manifest file 'mocap4r2_robot_gt_msgs.egg-info/SOURCES.txt'
[8.068s] reading manifest file 'mocap4r2_robot_gt_msgs.egg-info/SOURCES.txt'
[8.068s] writing manifest file 'mocap4r2_robot_gt_msgs.egg-info/SOURCES.txt'
[8.229s] [  6%] Built target mocap4r2_robot_gt_msgs__cpp
[8.284s] [  9%] [34m[1mGenerating C++ type support for eProsima Fast-RTPS[0m
[8.297s] [  9%] Built target ament_cmake_python_build_mocap4r2_robot_gt_msgs_egg
[8.317s] [ 12%] [34m[1mGenerating C++ introspection for ROS interfaces[0m
[8.320s] [ 16%] [32mBuilding C object CMakeFiles/mocap4r2_robot_gt_msgs__rosidl_generator_c.dir/rosidl_generator_c/mocap4r2_robot_gt_msgs/srv/detail/set_gt_origin__functions.c.o[0m
[8.323s] [ 19%] [34m[1mGenerating C++ type support dispatch for ROS interfaces[0m
[8.734s] [ 22%] [32m[1mLinking C shared library libmocap4r2_robot_gt_msgs__rosidl_generator_c.so[0m
[8.968s] [ 22%] Built target mocap4r2_robot_gt_msgs__rosidl_generator_c
[9.051s] [ 25%] [34m[1mGenerating C type support for eProsima Fast-RTPS[0m
[9.054s] [ 29%] [34m[1mGenerating C type support dispatch for ROS interfaces[0m
[9.074s] [ 32%] [34m[1mGenerating C introspection for ROS interfaces[0m
[10.848s] [ 35%] [32mBuilding CXX object CMakeFiles/mocap4r2_robot_gt_msgs__rosidl_typesupport_cpp.dir/rosidl_typesupport_cpp/mocap4r2_robot_gt_msgs/srv/set_gt_origin__type_support.cpp.o[0m
[10.974s] [ 38%] [32mBuilding CXX object CMakeFiles/mocap4r2_robot_gt_msgs__rosidl_typesupport_fastrtps_cpp.dir/rosidl_typesupport_fastrtps_cpp/mocap4r2_robot_gt_msgs/srv/detail/dds_fastrtps/set_gt_origin__type_support.cpp.o[0m
[11.089s] [ 41%] [32mBuilding CXX object CMakeFiles/mocap4r2_robot_gt_msgs__rosidl_typesupport_introspection_cpp.dir/rosidl_typesupport_introspection_cpp/mocap4r2_robot_gt_msgs/srv/detail/set_gt_origin__type_support.cpp.o[0m
[11.322s] [ 45%] [32mBuilding CXX object CMakeFiles/mocap4r2_robot_gt_msgs__rosidl_typesupport_c.dir/rosidl_typesupport_c/mocap4r2_robot_gt_msgs/srv/set_gt_origin__type_support.cpp.o[0m
[11.640s] [ 48%] [32mBuilding C object CMakeFiles/mocap4r2_robot_gt_msgs__rosidl_typesupport_introspection_c.dir/rosidl_typesupport_introspection_c/mocap4r2_robot_gt_msgs/srv/detail/set_gt_origin__type_support.c.o[0m
[11.660s] [ 51%] [32m[1mLinking CXX shared library libmocap4r2_robot_gt_msgs__rosidl_typesupport_c.so[0m
[11.870s] [ 54%] [32mBuilding CXX object CMakeFiles/mocap4r2_robot_gt_msgs__rosidl_typesupport_fastrtps_c.dir/rosidl_typesupport_fastrtps_c/mocap4r2_robot_gt_msgs/srv/detail/set_gt_origin__type_support_c.cpp.o[0m
[12.090s] [ 58%] [32m[1mLinking C shared library libmocap4r2_robot_gt_msgs__rosidl_typesupport_introspection_c.so[0m
[12.239s] [ 58%] Built target mocap4r2_robot_gt_msgs__rosidl_typesupport_c
[12.387s] [ 58%] Built target mocap4r2_robot_gt_msgs__rosidl_typesupport_introspection_c
[14.180s] [ 61%] [32m[1mLinking CXX shared library libmocap4r2_robot_gt_msgs__rosidl_typesupport_cpp.so[0m
[14.692s] [ 61%] Built target mocap4r2_robot_gt_msgs__rosidl_typesupport_cpp
[15.307s] [ 64%] [32m[1mLinking CXX shared library libmocap4r2_robot_gt_msgs__rosidl_typesupport_introspection_cpp.so[0m
[15.822s] [ 67%] [32m[1mLinking CXX shared library libmocap4r2_robot_gt_msgs__rosidl_typesupport_fastrtps_c.so[0m
[15.899s] [ 70%] [32m[1mLinking CXX shared library libmocap4r2_robot_gt_msgs__rosidl_typesupport_fastrtps_cpp.so[0m
[16.364s] [ 70%] Built target mocap4r2_robot_gt_msgs__rosidl_typesupport_introspection_cpp
[16.780s] [ 70%] Built target mocap4r2_robot_gt_msgs__rosidl_typesupport_fastrtps_cpp
[16.991s] [ 70%] Built target mocap4r2_robot_gt_msgs__rosidl_typesupport_fastrtps_c
[17.140s] [ 70%] Built target mocap4r2_robot_gt_msgs
[17.371s] [ 74%] [34m[1mGenerating Python code for ROS interfaces[0m
[19.924s] [ 74%] Built target mocap4r2_robot_gt_msgs__py
[20.140s] [ 77%] [32mBuilding C object CMakeFiles/mocap4r2_robot_gt_msgs__rosidl_generator_py.dir/rosidl_generator_py/mocap4r2_robot_gt_msgs/srv/_set_gt_origin_s.c.o[0m
[167.589s] [ 80%] [32m[1mLinking C shared library rosidl_generator_py/mocap4r2_robot_gt_msgs/libmocap4r2_robot_gt_msgs__rosidl_generator_py.so[0m
[663.602s] [ 80%] Built target mocap4r2_robot_gt_msgs__rosidl_generator_py
