[0.226s] Invoking command in '/home/jozef/ros2_ws/build/neo_localization2': CMAKE_PREFIX_PATH=/opt/ros/humble /usr/bin/cmake --build /home/jozef/ros2_ws/build/neo_localization2 -- -j8 -l8
[0.530s] [100%] Built target neo_localization_node
[0.722s] Invoked command in '/home/jozef/ros2_ws/build/neo_localization2' returned '0': CMAKE_PREFIX_PATH=/opt/ros/humble /usr/bin/cmake --build /home/jozef/ros2_ws/build/neo_localization2 -- -j8 -l8
[0.724s] Invoking command in '/home/jozef/ros2_ws/build/neo_localization2': CMAKE_PREFIX_PATH=/opt/ros/humble /usr/bin/cmake --install /home/jozef/ros2_ws/build/neo_localization2
[0.826s] -- Install configuration: "Release"
[0.827s] -- Execute custom install script
[0.827s] -- Up-to-date symlink: /home/jozef/ros2_ws/install/neo_localization2/share/neo_localization2/environment/library_path.sh
[0.828s] -- Up-to-date symlink: /home/jozef/ros2_ws/install/neo_localization2/share/neo_localization2/environment/library_path.dsv
[0.828s] -- Up-to-date symlink: /home/jozef/ros2_ws/install/neo_localization2/include//neo_localization/Convert.h
[0.828s] -- Up-to-date symlink: /home/jozef/ros2_ws/install/neo_localization2/include//neo_localization/GridMap.h
[0.828s] -- Up-to-date symlink: /home/jozef/ros2_ws/install/neo_localization2/include//neo_localization/Matrix.h
[0.829s] -- Up-to-date symlink: /home/jozef/ros2_ws/install/neo_localization2/include//neo_localization/Solver.h
[0.829s] -- Up-to-date symlink: /home/jozef/ros2_ws/install/neo_localization2/include//neo_localization/Util.h
[0.829s] -- Up-to-date symlink: /home/jozef/ros2_ws/install/neo_localization2/lib/neo_localization2/neo_localization_node
[0.830s] -- Up-to-date symlink: /home/jozef/ros2_ws/install/neo_localization2/share/neo_localization2/launch/test_setup.launch.py
[0.830s] -- Up-to-date symlink: /home/jozef/ros2_ws/install/neo_localization2/share/neo_localization2/launch/test_setup.yaml
[0.830s] -- Up-to-date symlink: /home/jozef/ros2_ws/install/neo_localization2/share/ament_index/resource_index/package_run_dependencies/neo_localization2
[0.831s] -- Up-to-date symlink: /home/jozef/ros2_ws/install/neo_localization2/share/ament_index/resource_index/parent_prefix_path/neo_localization2
[0.832s] -- Up-to-date symlink: /home/jozef/ros2_ws/install/neo_localization2/share/neo_localization2/environment/ament_prefix_path.sh
[0.832s] -- Up-to-date symlink: /home/jozef/ros2_ws/install/neo_localization2/share/neo_localization2/environment/ament_prefix_path.dsv
[0.834s] -- Up-to-date symlink: /home/jozef/ros2_ws/install/neo_localization2/share/neo_localization2/environment/path.sh
[0.836s] -- Up-to-date symlink: /home/jozef/ros2_ws/install/neo_localization2/share/neo_localization2/environment/path.dsv
[0.836s] -- Up-to-date symlink: /home/jozef/ros2_ws/install/neo_localization2/share/neo_localization2/local_setup.bash
[0.836s] -- Up-to-date symlink: /home/jozef/ros2_ws/install/neo_localization2/share/neo_localization2/local_setup.sh
[0.836s] -- Up-to-date symlink: /home/jozef/ros2_ws/install/neo_localization2/share/neo_localization2/local_setup.zsh
[0.837s] -- Up-to-date symlink: /home/jozef/ros2_ws/install/neo_localization2/share/neo_localization2/local_setup.dsv
[0.837s] -- Symlinking: /home/jozef/ros2_ws/install/neo_localization2/share/neo_localization2/package.dsv
[0.837s] -- Up-to-date symlink: /home/jozef/ros2_ws/install/neo_localization2/share/ament_index/resource_index/packages/neo_localization2
[0.838s] -- Up-to-date symlink: /home/jozef/ros2_ws/install/neo_localization2/share/neo_localization2/cmake/ament_cmake_export_include_directories-extras.cmake
[0.838s] -- Up-to-date symlink: /home/jozef/ros2_ws/install/neo_localization2/share/neo_localization2/cmake/ament_cmake_export_libraries-extras.cmake
[0.838s] -- Up-to-date symlink: /home/jozef/ros2_ws/install/neo_localization2/share/neo_localization2/cmake/ament_cmake_export_dependencies-extras.cmake
[0.838s] -- Up-to-date symlink: /home/jozef/ros2_ws/install/neo_localization2/share/neo_localization2/cmake/neo_localization2Config.cmake
[0.839s] -- Up-to-date symlink: /home/jozef/ros2_ws/install/neo_localization2/share/neo_localization2/cmake/neo_localization2Config-version.cmake
[0.839s] -- Up-to-date symlink: /home/jozef/ros2_ws/install/neo_localization2/share/neo_localization2/package.xml
[0.840s] Invoked command in '/home/jozef/ros2_ws/build/neo_localization2' returned '0': CMAKE_PREFIX_PATH=/opt/ros/humble /usr/bin/cmake --install /home/jozef/ros2_ws/build/neo_localization2
