[0.044s] Invoking command in '/home/jozef/ros2_ws/build/mrpt_navigation': AMENT_PREFIX_PATH=/home/jozef/ros2_ws/install/mrpt_reactivenav2d:/home/jozef/ros2_ws/install/mrpt_pf_localization:/home/jozef/ros2_ws/install/mrpt_map_server:/home/jozef/ros2_ws/install/mrpt_rawlog:/home/jozef/ros2_ws/install/mrpt_nav_interfaces:/home/jozef/ros2_ws/install/mrpt_msgs_bridge:/home/jozef/ros2_ws/install/mrpt_tutorials:/home/jozef/ros2_ws/install/mrpt_pointcloud_pipeline:/home/jozef/ros2_ws/install/mrpt_msgs:${AMENT_PREFIX_PATH} CMAKE_PREFIX_PATH=/home/jozef/ros2_ws/install/mrpt_reactivenav2d:/home/jozef/ros2_ws/install/mrpt_pf_localization:/home/jozef/ros2_ws/install/mrpt_map_server:/home/jozef/ros2_ws/install/mrpt_rawlog:/home/jozef/ros2_ws/install/mrpt_nav_interfaces:/home/jozef/ros2_ws/install/mrpt_msgs_bridge:/home/jozef/ros2_ws/install/mrpt_tutorials:/home/jozef/ros2_ws/install/mrpt_pointcloud_pipeline:/home/jozef/ros2_ws/install/mrpt_msgs:/opt/ros/humble LD_LIBRARY_PATH=/home/jozef/ros2_ws/install/mrpt_pf_localization/lib:/home/jozef/ros2_ws/install/mrpt_nav_interfaces/lib:/home/jozef/ros2_ws/install/mrpt_pointcloud_pipeline/lib:/home/jozef/ros2_ws/install/mrpt_msgs/lib:${LD_LIBRARY_PATH} PATH=/home/jozef/ros2_ws/install/mrpt_pf_localization/bin:/home/jozef/ros2_ws/install/mrpt_rawlog/bin:${PATH} PYTHONPATH=/home/jozef/ros2_ws/install/mrpt_nav_interfaces/local/lib/python3.10/dist-packages:/home/jozef/ros2_ws/install/mrpt_msgs/local/lib/python3.10/dist-packages:${PYTHONPATH} /usr/bin/cmake /home/jozef/ros2_ws/src/mrpt_navigation/mrpt_navigation -DAMENT_CMAKE_SYMLINK_INSTALL=1 -DCMAKE_INSTALL_PREFIX=/home/jozef/ros2_ws/install/mrpt_navigation
[0.138s] -- The C compiler identification is GNU 11.4.0
[0.253s] -- The CXX compiler identification is GNU 11.4.0
[0.272s] -- Detecting C compiler ABI info
[0.401s] -- Detecting C compiler ABI info - done
[0.413s] -- Check for working C compiler: /usr/bin/cc - skipped
[0.414s] -- Detecting C compile features
[0.414s] -- Detecting C compile features - done
[0.420s] -- Detecting CXX compiler ABI info
[0.560s] -- Detecting CXX compiler ABI info - done
[0.588s] -- Check for working CXX compiler: /usr/bin/c++ - skipped
[0.588s] -- Detecting CXX compile features
[0.590s] -- Detecting CXX compile features - done
[0.600s] -- Found ament_cmake: 1.3.11 (/opt/ros/humble/share/ament_cmake/cmake)
[1.078s] -- Found Python3: /usr/bin/python3 (found version "3.10.12") found components: Interpreter 
[1.167s] -- Override CMake install command with custom implementation using symlinks instead of copying resources
[1.258s] -- Found ament_lint_auto: 0.12.11 (/opt/ros/humble/share/ament_lint_auto/cmake)
[1.366s] -- Configuring done
[1.370s] -- Generating done
[1.373s] -- Build files have been written to: /home/jozef/ros2_ws/build/mrpt_navigation
[1.380s] Invoked command in '/home/jozef/ros2_ws/build/mrpt_navigation' returned '0': AMENT_PREFIX_PATH=/home/jozef/ros2_ws/install/mrpt_reactivenav2d:/home/jozef/ros2_ws/install/mrpt_pf_localization:/home/jozef/ros2_ws/install/mrpt_map_server:/home/jozef/ros2_ws/install/mrpt_rawlog:/home/jozef/ros2_ws/install/mrpt_nav_interfaces:/home/jozef/ros2_ws/install/mrpt_msgs_bridge:/home/jozef/ros2_ws/install/mrpt_tutorials:/home/jozef/ros2_ws/install/mrpt_pointcloud_pipeline:/home/jozef/ros2_ws/install/mrpt_msgs:${AMENT_PREFIX_PATH} CMAKE_PREFIX_PATH=/home/jozef/ros2_ws/install/mrpt_reactivenav2d:/home/jozef/ros2_ws/install/mrpt_pf_localization:/home/jozef/ros2_ws/install/mrpt_map_server:/home/jozef/ros2_ws/install/mrpt_rawlog:/home/jozef/ros2_ws/install/mrpt_nav_interfaces:/home/jozef/ros2_ws/install/mrpt_msgs_bridge:/home/jozef/ros2_ws/install/mrpt_tutorials:/home/jozef/ros2_ws/install/mrpt_pointcloud_pipeline:/home/jozef/ros2_ws/install/mrpt_msgs:/opt/ros/humble LD_LIBRARY_PATH=/home/jozef/ros2_ws/install/mrpt_pf_localization/lib:/home/jozef/ros2_ws/install/mrpt_nav_interfaces/lib:/home/jozef/ros2_ws/install/mrpt_pointcloud_pipeline/lib:/home/jozef/ros2_ws/install/mrpt_msgs/lib:${LD_LIBRARY_PATH} PATH=/home/jozef/ros2_ws/install/mrpt_pf_localization/bin:/home/jozef/ros2_ws/install/mrpt_rawlog/bin:${PATH} PYTHONPATH=/home/jozef/ros2_ws/install/mrpt_nav_interfaces/local/lib/python3.10/dist-packages:/home/jozef/ros2_ws/install/mrpt_msgs/local/lib/python3.10/dist-packages:${PYTHONPATH} /usr/bin/cmake /home/jozef/ros2_ws/src/mrpt_navigation/mrpt_navigation -DAMENT_CMAKE_SYMLINK_INSTALL=1 -DCMAKE_INSTALL_PREFIX=/home/jozef/ros2_ws/install/mrpt_navigation
[1.383s] Invoking command in '/home/jozef/ros2_ws/build/mrpt_navigation': AMENT_PREFIX_PATH=/home/jozef/ros2_ws/install/mrpt_reactivenav2d:/home/jozef/ros2_ws/install/mrpt_pf_localization:/home/jozef/ros2_ws/install/mrpt_map_server:/home/jozef/ros2_ws/install/mrpt_rawlog:/home/jozef/ros2_ws/install/mrpt_nav_interfaces:/home/jozef/ros2_ws/install/mrpt_msgs_bridge:/home/jozef/ros2_ws/install/mrpt_tutorials:/home/jozef/ros2_ws/install/mrpt_pointcloud_pipeline:/home/jozef/ros2_ws/install/mrpt_msgs:${AMENT_PREFIX_PATH} CMAKE_PREFIX_PATH=/home/jozef/ros2_ws/install/mrpt_reactivenav2d:/home/jozef/ros2_ws/install/mrpt_pf_localization:/home/jozef/ros2_ws/install/mrpt_map_server:/home/jozef/ros2_ws/install/mrpt_rawlog:/home/jozef/ros2_ws/install/mrpt_nav_interfaces:/home/jozef/ros2_ws/install/mrpt_msgs_bridge:/home/jozef/ros2_ws/install/mrpt_tutorials:/home/jozef/ros2_ws/install/mrpt_pointcloud_pipeline:/home/jozef/ros2_ws/install/mrpt_msgs:/opt/ros/humble LD_LIBRARY_PATH=/home/jozef/ros2_ws/install/mrpt_pf_localization/lib:/home/jozef/ros2_ws/install/mrpt_nav_interfaces/lib:/home/jozef/ros2_ws/install/mrpt_pointcloud_pipeline/lib:/home/jozef/ros2_ws/install/mrpt_msgs/lib:${LD_LIBRARY_PATH} PATH=/home/jozef/ros2_ws/install/mrpt_pf_localization/bin:/home/jozef/ros2_ws/install/mrpt_rawlog/bin:${PATH} PYTHONPATH=/home/jozef/ros2_ws/install/mrpt_nav_interfaces/local/lib/python3.10/dist-packages:/home/jozef/ros2_ws/install/mrpt_msgs/local/lib/python3.10/dist-packages:${PYTHONPATH} /usr/bin/cmake --build /home/jozef/ros2_ws/build/mrpt_navigation -- -j8 -l8
[1.458s] Invoked command in '/home/jozef/ros2_ws/build/mrpt_navigation' returned '0': AMENT_PREFIX_PATH=/home/jozef/ros2_ws/install/mrpt_reactivenav2d:/home/jozef/ros2_ws/install/mrpt_pf_localization:/home/jozef/ros2_ws/install/mrpt_map_server:/home/jozef/ros2_ws/install/mrpt_rawlog:/home/jozef/ros2_ws/install/mrpt_nav_interfaces:/home/jozef/ros2_ws/install/mrpt_msgs_bridge:/home/jozef/ros2_ws/install/mrpt_tutorials:/home/jozef/ros2_ws/install/mrpt_pointcloud_pipeline:/home/jozef/ros2_ws/install/mrpt_msgs:${AMENT_PREFIX_PATH} CMAKE_PREFIX_PATH=/home/jozef/ros2_ws/install/mrpt_reactivenav2d:/home/jozef/ros2_ws/install/mrpt_pf_localization:/home/jozef/ros2_ws/install/mrpt_map_server:/home/jozef/ros2_ws/install/mrpt_rawlog:/home/jozef/ros2_ws/install/mrpt_nav_interfaces:/home/jozef/ros2_ws/install/mrpt_msgs_bridge:/home/jozef/ros2_ws/install/mrpt_tutorials:/home/jozef/ros2_ws/install/mrpt_pointcloud_pipeline:/home/jozef/ros2_ws/install/mrpt_msgs:/opt/ros/humble LD_LIBRARY_PATH=/home/jozef/ros2_ws/install/mrpt_pf_localization/lib:/home/jozef/ros2_ws/install/mrpt_nav_interfaces/lib:/home/jozef/ros2_ws/install/mrpt_pointcloud_pipeline/lib:/home/jozef/ros2_ws/install/mrpt_msgs/lib:${LD_LIBRARY_PATH} PATH=/home/jozef/ros2_ws/install/mrpt_pf_localization/bin:/home/jozef/ros2_ws/install/mrpt_rawlog/bin:${PATH} PYTHONPATH=/home/jozef/ros2_ws/install/mrpt_nav_interfaces/local/lib/python3.10/dist-packages:/home/jozef/ros2_ws/install/mrpt_msgs/local/lib/python3.10/dist-packages:${PYTHONPATH} /usr/bin/cmake --build /home/jozef/ros2_ws/build/mrpt_navigation -- -j8 -l8
[1.460s] Invoking command in '/home/jozef/ros2_ws/build/mrpt_navigation': AMENT_PREFIX_PATH=/home/jozef/ros2_ws/install/mrpt_reactivenav2d:/home/jozef/ros2_ws/install/mrpt_pf_localization:/home/jozef/ros2_ws/install/mrpt_map_server:/home/jozef/ros2_ws/install/mrpt_rawlog:/home/jozef/ros2_ws/install/mrpt_nav_interfaces:/home/jozef/ros2_ws/install/mrpt_msgs_bridge:/home/jozef/ros2_ws/install/mrpt_tutorials:/home/jozef/ros2_ws/install/mrpt_pointcloud_pipeline:/home/jozef/ros2_ws/install/mrpt_msgs:${AMENT_PREFIX_PATH} CMAKE_PREFIX_PATH=/home/jozef/ros2_ws/install/mrpt_reactivenav2d:/home/jozef/ros2_ws/install/mrpt_pf_localization:/home/jozef/ros2_ws/install/mrpt_map_server:/home/jozef/ros2_ws/install/mrpt_rawlog:/home/jozef/ros2_ws/install/mrpt_nav_interfaces:/home/jozef/ros2_ws/install/mrpt_msgs_bridge:/home/jozef/ros2_ws/install/mrpt_tutorials:/home/jozef/ros2_ws/install/mrpt_pointcloud_pipeline:/home/jozef/ros2_ws/install/mrpt_msgs:/opt/ros/humble LD_LIBRARY_PATH=/home/jozef/ros2_ws/install/mrpt_pf_localization/lib:/home/jozef/ros2_ws/install/mrpt_nav_interfaces/lib:/home/jozef/ros2_ws/install/mrpt_pointcloud_pipeline/lib:/home/jozef/ros2_ws/install/mrpt_msgs/lib:${LD_LIBRARY_PATH} PATH=/home/jozef/ros2_ws/install/mrpt_pf_localization/bin:/home/jozef/ros2_ws/install/mrpt_rawlog/bin:${PATH} PYTHONPATH=/home/jozef/ros2_ws/install/mrpt_nav_interfaces/local/lib/python3.10/dist-packages:/home/jozef/ros2_ws/install/mrpt_msgs/local/lib/python3.10/dist-packages:${PYTHONPATH} /usr/bin/cmake --install /home/jozef/ros2_ws/build/mrpt_navigation
[1.470s] -- Install configuration: ""
[1.471s] -- Execute custom install script
[1.471s] -- Symlinking: /home/jozef/ros2_ws/install/mrpt_navigation/share/ament_index/resource_index/package_run_dependencies/mrpt_navigation
[1.494s] -- Symlinking: /home/jozef/ros2_ws/install/mrpt_navigation/share/ament_index/resource_index/parent_prefix_path/mrpt_navigation
[1.507s] -- Symlinking: /home/jozef/ros2_ws/install/mrpt_navigation/share/mrpt_navigation/environment/ament_prefix_path.sh
[1.523s] -- Symlinking: /home/jozef/ros2_ws/install/mrpt_navigation/share/mrpt_navigation/environment/ament_prefix_path.dsv
[1.539s] -- Symlinking: /home/jozef/ros2_ws/install/mrpt_navigation/share/mrpt_navigation/environment/path.sh
[1.553s] -- Symlinking: /home/jozef/ros2_ws/install/mrpt_navigation/share/mrpt_navigation/environment/path.dsv
[1.567s] -- Symlinking: /home/jozef/ros2_ws/install/mrpt_navigation/share/mrpt_navigation/local_setup.bash
[1.589s] -- Symlinking: /home/jozef/ros2_ws/install/mrpt_navigation/share/mrpt_navigation/local_setup.sh
[1.603s] -- Symlinking: /home/jozef/ros2_ws/install/mrpt_navigation/share/mrpt_navigation/local_setup.zsh
[1.619s] -- Symlinking: /home/jozef/ros2_ws/install/mrpt_navigation/share/mrpt_navigation/local_setup.dsv
[1.634s] -- Symlinking: /home/jozef/ros2_ws/install/mrpt_navigation/share/mrpt_navigation/package.dsv
[1.647s] -- Symlinking: /home/jozef/ros2_ws/install/mrpt_navigation/share/ament_index/resource_index/packages/mrpt_navigation
[1.660s] -- Symlinking: /home/jozef/ros2_ws/install/mrpt_navigation/share/mrpt_navigation/cmake/mrpt_navigationConfig.cmake
[1.683s] -- Symlinking: /home/jozef/ros2_ws/install/mrpt_navigation/share/mrpt_navigation/cmake/mrpt_navigationConfig-version.cmake
[1.703s] -- Symlinking: /home/jozef/ros2_ws/install/mrpt_navigation/share/mrpt_navigation/package.xml
[1.721s] Invoked command in '/home/jozef/ros2_ws/build/mrpt_navigation' returned '0': AMENT_PREFIX_PATH=/home/jozef/ros2_ws/install/mrpt_reactivenav2d:/home/jozef/ros2_ws/install/mrpt_pf_localization:/home/jozef/ros2_ws/install/mrpt_map_server:/home/jozef/ros2_ws/install/mrpt_rawlog:/home/jozef/ros2_ws/install/mrpt_nav_interfaces:/home/jozef/ros2_ws/install/mrpt_msgs_bridge:/home/jozef/ros2_ws/install/mrpt_tutorials:/home/jozef/ros2_ws/install/mrpt_pointcloud_pipeline:/home/jozef/ros2_ws/install/mrpt_msgs:${AMENT_PREFIX_PATH} CMAKE_PREFIX_PATH=/home/jozef/ros2_ws/install/mrpt_reactivenav2d:/home/jozef/ros2_ws/install/mrpt_pf_localization:/home/jozef/ros2_ws/install/mrpt_map_server:/home/jozef/ros2_ws/install/mrpt_rawlog:/home/jozef/ros2_ws/install/mrpt_nav_interfaces:/home/jozef/ros2_ws/install/mrpt_msgs_bridge:/home/jozef/ros2_ws/install/mrpt_tutorials:/home/jozef/ros2_ws/install/mrpt_pointcloud_pipeline:/home/jozef/ros2_ws/install/mrpt_msgs:/opt/ros/humble LD_LIBRARY_PATH=/home/jozef/ros2_ws/install/mrpt_pf_localization/lib:/home/jozef/ros2_ws/install/mrpt_nav_interfaces/lib:/home/jozef/ros2_ws/install/mrpt_pointcloud_pipeline/lib:/home/jozef/ros2_ws/install/mrpt_msgs/lib:${LD_LIBRARY_PATH} PATH=/home/jozef/ros2_ws/install/mrpt_pf_localization/bin:/home/jozef/ros2_ws/install/mrpt_rawlog/bin:${PATH} PYTHONPATH=/home/jozef/ros2_ws/install/mrpt_nav_interfaces/local/lib/python3.10/dist-packages:/home/jozef/ros2_ws/install/mrpt_msgs/local/lib/python3.10/dist-packages:${PYTHONPATH} /usr/bin/cmake --install /home/jozef/ros2_ws/build/mrpt_navigation
