running develop
running egg_info
creating tb2_control.egg-info
writing tb2_control.egg-info/PKG-INFO
writing dependency_links to tb2_control.egg-info/dependency_links.txt
writing entry points to tb2_control.egg-info/entry_points.txt
writing requirements to tb2_control.egg-info/requires.txt
writing top-level names to tb2_control.egg-info/top_level.txt
writing manifest file 'tb2_control.egg-info/SOURCES.txt'
reading manifest file 'tb2_control.egg-info/SOURCES.txt'
writing manifest file 'tb2_control.egg-info/SOURCES.txt'
running build_ext
Creating /home/jozef/ros2_ws/install/tb2_control/lib/python3.10/site-packages/tb2-control.egg-link (link to .)
Installing tb2_controller script to /home/jozef/ros2_ws/install/tb2_control/lib/tb2_control

Installed /home/jozef/ros2_ws/build/tb2_control
running symlink_data
creating /home/jozef/ros2_ws/install/tb2_control/share/ament_index
creating /home/jozef/ros2_ws/install/tb2_control/share/ament_index/resource_index
creating /home/jozef/ros2_ws/install/tb2_control/share/ament_index/resource_index/packages
symbolically linking /home/jozef/ros2_ws/build/tb2_control/resource/tb2_control -> /home/jozef/ros2_ws/install/tb2_control/share/ament_index/resource_index/packages
symbolically linking /home/jozef/ros2_ws/build/tb2_control/package.xml -> /home/jozef/ros2_ws/install/tb2_control/share/tb2_control
creating /home/jozef/ros2_ws/install/tb2_control/share/tb2_control/launch
symbolically linking /home/jozef/ros2_ws/build/tb2_control/launch/tb2_control_launch.py -> /home/jozef/ros2_ws/install/tb2_control/share/tb2_control/launch
creating /home/jozef/ros2_ws/install/tb2_control/share/tb2_control/config
symbolically linking /home/jozef/ros2_ws/build/tb2_control/config/controller_params.yaml -> /home/jozef/ros2_ws/install/tb2_control/share/tb2_control/config
