[0.124s] Invoking command in '/home/jozef/ros2_ws/build/tb2_slam': CMAKE_PREFIX_PATH=/opt/ros/humble /usr/bin/cmake --build /home/jozef/ros2_ws/build/tb2_slam -- -j8 -l8
[0.314s] Invoked command in '/home/jozef/ros2_ws/build/tb2_slam' returned '0': CMAKE_PREFIX_PATH=/opt/ros/humble /usr/bin/cmake --build /home/jozef/ros2_ws/build/tb2_slam -- -j8 -l8
[0.315s] Invoking command in '/home/jozef/ros2_ws/build/tb2_slam': CMAKE_PREFIX_PATH=/opt/ros/humble /usr/bin/cmake --install /home/jozef/ros2_ws/build/tb2_slam
[0.396s] -- Install configuration: ""
[0.417s] -- Execute custom install script
[0.417s] -- Up-to-date symlink: /home/jozef/ros2_ws/install/tb2_slam/share/tb2_slam/rviz/mapping.rviz
[0.419s] -- Up-to-date symlink: /home/jozef/ros2_ws/install/tb2_slam/share/tb2_slam/launch/tb2_slam_launch.py
[0.419s] -- Up-to-date symlink: /home/jozef/ros2_ws/install/tb2_slam/share/tb2_slam/config/mapping_params.yaml
[0.420s] -- Up-to-date symlink: /home/jozef/ros2_ws/install/tb2_slam/share/ament_index/resource_index/package_run_dependencies/tb2_slam
[0.420s] -- Up-to-date symlink: /home/jozef/ros2_ws/install/tb2_slam/share/ament_index/resource_index/parent_prefix_path/tb2_slam
[0.422s] -- Up-to-date symlink: /home/jozef/ros2_ws/install/tb2_slam/share/tb2_slam/environment/ament_prefix_path.sh
[0.422s] -- Up-to-date symlink: /home/jozef/ros2_ws/install/tb2_slam/share/tb2_slam/environment/ament_prefix_path.dsv
[0.431s] -- Up-to-date symlink: /home/jozef/ros2_ws/install/tb2_slam/share/tb2_slam/environment/path.sh
[0.431s] -- Up-to-date symlink: /home/jozef/ros2_ws/install/tb2_slam/share/tb2_slam/environment/path.dsv
[0.431s] -- Up-to-date symlink: /home/jozef/ros2_ws/install/tb2_slam/share/tb2_slam/local_setup.bash
[0.431s] -- Up-to-date symlink: /home/jozef/ros2_ws/install/tb2_slam/share/tb2_slam/local_setup.sh
[0.432s] -- Up-to-date symlink: /home/jozef/ros2_ws/install/tb2_slam/share/tb2_slam/local_setup.zsh
[0.432s] -- Up-to-date symlink: /home/jozef/ros2_ws/install/tb2_slam/share/tb2_slam/local_setup.dsv
[0.432s] -- Symlinking: /home/jozef/ros2_ws/install/tb2_slam/share/tb2_slam/package.dsv
[0.488s] -- Up-to-date symlink: /home/jozef/ros2_ws/install/tb2_slam/share/ament_index/resource_index/packages/tb2_slam
[0.488s] -- Up-to-date symlink: /home/jozef/ros2_ws/install/tb2_slam/share/tb2_slam/cmake/tb2_slamConfig.cmake
[0.488s] -- Up-to-date symlink: /home/jozef/ros2_ws/install/tb2_slam/share/tb2_slam/cmake/tb2_slamConfig-version.cmake
[0.489s] -- Up-to-date symlink: /home/jozef/ros2_ws/install/tb2_slam/share/tb2_slam/package.xml
[0.549s] Invoked command in '/home/jozef/ros2_ws/build/tb2_slam' returned '0': CMAKE_PREFIX_PATH=/opt/ros/humble /usr/bin/cmake --install /home/jozef/ros2_ws/build/tb2_slam
