[0.045s] Invoking command in '/home/jozef/ros2_ws/build/mrpt_reactivenav2d': AMENT_PREFIX_PATH=/home/jozef/ros2_ws/install/mrpt_nav_interfaces:/home/jozef/ros2_ws/install/mrpt_msgs:${AMENT_PREFIX_PATH} CMAKE_PREFIX_PATH=/home/jozef/ros2_ws/install/mrpt_nav_interfaces:/home/jozef/ros2_ws/install/mrpt_msgs:/opt/ros/humble LD_LIBRARY_PATH=/home/jozef/ros2_ws/install/mrpt_nav_interfaces/lib:/home/jozef/ros2_ws/install/mrpt_msgs/lib:${LD_LIBRARY_PATH} PYTHONPATH=/home/jozef/ros2_ws/install/mrpt_nav_interfaces/local/lib/python3.10/dist-packages:/home/jozef/ros2_ws/install/mrpt_msgs/local/lib/python3.10/dist-packages:${PYTHONPATH} /usr/bin/cmake /home/jozef/ros2_ws/src/mrpt_navigation/mrpt_reactivenav2d -DAMENT_CMAKE_SYMLINK_INSTALL=1 -DCMAKE_INSTALL_PREFIX=/home/jozef/ros2_ws/install/mrpt_reactivenav2d
[0.235s] -- The C compiler identification is GNU 11.4.0
[0.433s] -- The CXX compiler identification is GNU 11.4.0
[0.495s] -- Detecting C compiler ABI info
[0.862s] -- Detecting C compiler ABI info - done
[0.890s] -- Check for working C compiler: /usr/bin/cc - skipped
[0.891s] -- Detecting C compile features
[0.896s] -- Detecting C compile features - done
[0.904s] -- Detecting CXX compiler ABI info
[1.134s] -- Detecting CXX compiler ABI info - done
[1.159s] -- Check for working CXX compiler: /usr/bin/c++ - skipped
[1.161s] -- Detecting CXX compile features
[1.164s] -- Detecting CXX compile features - done
[1.176s] -- Found ament_cmake: 1.3.11 (/opt/ros/humble/share/ament_cmake/cmake)
[2.398s] -- Found Python3: /usr/bin/python3 (found version "3.10.12") found components: Interpreter 
[2.642s] -- Override CMake install command with custom implementation using symlinks instead of copying resources
[2.791s] -- Found rclcpp: 16.0.11 (/opt/ros/humble/share/rclcpp/cmake)
[2.959s] -- Found rosidl_generator_c: 3.1.6 (/opt/ros/humble/share/rosidl_generator_c/cmake)
[2.977s] -- Found rosidl_adapter: 3.1.6 (/opt/ros/humble/share/rosidl_adapter/cmake)
[3.004s] -- Found rosidl_generator_cpp: 3.1.6 (/opt/ros/humble/share/rosidl_generator_cpp/cmake)
[3.049s] -- Using all available rosidl_typesupport_c: rosidl_typesupport_fastrtps_c;rosidl_typesupport_introspection_c
[3.121s] -- Using all available rosidl_typesupport_cpp: rosidl_typesupport_fastrtps_cpp;rosidl_typesupport_introspection_cpp
[3.279s] -- Found rmw_implementation_cmake: 6.1.2 (/opt/ros/humble/share/rmw_implementation_cmake/cmake)
[3.289s] -- Found rmw_fastrtps_cpp: 6.2.7 (/opt/ros/humble/share/rmw_fastrtps_cpp/cmake)
[3.701s] -- Found OpenSSL: /usr/lib/x86_64-linux-gnu/libcrypto.so (found version "3.0.2")  
[3.854s] -- Found FastRTPS: /opt/ros/humble/include  
[4.081s] -- Using RMW implementation 'rmw_fastrtps_cpp' as default
[4.162s] -- Looking for pthread.h
[4.468s] -- Looking for pthread.h - found
[4.469s] -- Performing Test CMAKE_HAVE_LIBC_PTHREAD
[4.870s] -- Performing Test CMAKE_HAVE_LIBC_PTHREAD - Success
[4.878s] -- Found Threads: TRUE  
[5.113s] -- Found rclcpp_components: 16.0.11 (/opt/ros/humble/share/rclcpp_components/cmake)
[5.275s] -- Found nav_msgs: 4.2.4 (/opt/ros/humble/share/nav_msgs/cmake)
[5.461s] -- Found sensor_msgs: 4.2.4 (/opt/ros/humble/share/sensor_msgs/cmake)
[5.528s] -- Found mrpt_msgs: 0.5.0 (/home/jozef/ros2_ws/install/mrpt_msgs/share/mrpt_msgs/cmake)
[5.626s] -- Found tf2: 0.25.9 (/opt/ros/humble/share/tf2/cmake)
[5.647s] -- Found tf2_ros: 0.25.9 (/opt/ros/humble/share/tf2_ros/cmake)
[5.984s] -- Found tf2_geometry_msgs: 0.25.9 (/opt/ros/humble/share/tf2_geometry_msgs/cmake)
[6.086s] -- Found eigen3_cmake_module: 0.1.1 (/opt/ros/humble/share/eigen3_cmake_module/cmake)
[6.097s] -- Found Eigen3: TRUE (found version "3.4.0") 
[6.097s] -- Ensuring Eigen3 include directory is part of orocos-kdl CMake target
[6.113s] -- Found visualization_msgs: 4.2.4 (/opt/ros/humble/share/visualization_msgs/cmake)
[6.183s] -- Found mrpt_nav_interfaces: 2.2.1 (/home/jozef/ros2_ws/install/mrpt_nav_interfaces/share/mrpt_nav_interfaces/cmake)
[6.355s] -- Found stereo_msgs: 4.2.4 (/opt/ros/humble/share/stereo_msgs/cmake)
[6.422s] -- Found cv_bridge: 3.2.1 (/opt/ros/humble/share/cv_bridge/cmake)
[6.488s] -- MRPT_VERSION: 
[6.562s] -- Found ament_lint_auto: 0.12.11 (/opt/ros/humble/share/ament_lint_auto/cmake)
[6.863s] -- Configuring done
[6.970s] -- Generating done
[6.990s] -- Build files have been written to: /home/jozef/ros2_ws/build/mrpt_reactivenav2d
[7.043s] Invoked command in '/home/jozef/ros2_ws/build/mrpt_reactivenav2d' returned '0': AMENT_PREFIX_PATH=/home/jozef/ros2_ws/install/mrpt_nav_interfaces:/home/jozef/ros2_ws/install/mrpt_msgs:${AMENT_PREFIX_PATH} CMAKE_PREFIX_PATH=/home/jozef/ros2_ws/install/mrpt_nav_interfaces:/home/jozef/ros2_ws/install/mrpt_msgs:/opt/ros/humble LD_LIBRARY_PATH=/home/jozef/ros2_ws/install/mrpt_nav_interfaces/lib:/home/jozef/ros2_ws/install/mrpt_msgs/lib:${LD_LIBRARY_PATH} PYTHONPATH=/home/jozef/ros2_ws/install/mrpt_nav_interfaces/local/lib/python3.10/dist-packages:/home/jozef/ros2_ws/install/mrpt_msgs/local/lib/python3.10/dist-packages:${PYTHONPATH} /usr/bin/cmake /home/jozef/ros2_ws/src/mrpt_navigation/mrpt_reactivenav2d -DAMENT_CMAKE_SYMLINK_INSTALL=1 -DCMAKE_INSTALL_PREFIX=/home/jozef/ros2_ws/install/mrpt_reactivenav2d
[7.049s] Invoking command in '/home/jozef/ros2_ws/build/mrpt_reactivenav2d': AMENT_PREFIX_PATH=/home/jozef/ros2_ws/install/mrpt_nav_interfaces:/home/jozef/ros2_ws/install/mrpt_msgs:${AMENT_PREFIX_PATH} CMAKE_PREFIX_PATH=/home/jozef/ros2_ws/install/mrpt_nav_interfaces:/home/jozef/ros2_ws/install/mrpt_msgs:/opt/ros/humble LD_LIBRARY_PATH=/home/jozef/ros2_ws/install/mrpt_nav_interfaces/lib:/home/jozef/ros2_ws/install/mrpt_msgs/lib:${LD_LIBRARY_PATH} PYTHONPATH=/home/jozef/ros2_ws/install/mrpt_nav_interfaces/local/lib/python3.10/dist-packages:/home/jozef/ros2_ws/install/mrpt_msgs/local/lib/python3.10/dist-packages:${PYTHONPATH} /usr/bin/cmake --build /home/jozef/ros2_ws/build/mrpt_reactivenav2d -- -j8 -l8
[7.252s] [ 50%] [32mBuilding CXX object CMakeFiles/mrpt_reactivenav2d_node.dir/src/mrpt_reactivenav2d_node.cpp.o[0m
[25.498s] In file included from [01m[K/opt/ros/humble/include/mrpt/core/include/mrpt/core/exceptions.h:14[m[K,
[25.499s]                  from [01m[K/opt/ros/humble/include/mrpt/config/include/mrpt/config/CConfigFileBase.h:12[m[K,
[25.499s]                  from [01m[K/opt/ros/humble/include/mrpt/config/include/mrpt/config/CConfigFile.h:11[m[K,
[25.499s]                  from [01m[K/home/jozef/ros2_ws/src/mrpt_navigation/mrpt_reactivenav2d/include/mrpt_reactivenav2d/mrpt_reactivenav2d_node.hpp:11[m[K,
[25.500s]                  from [01m[K/home/jozef/ros2_ws/src/mrpt_navigation/mrpt_reactivenav2d/src/mrpt_reactivenav2d_node.cpp:10[m[K:
[25.500s] [01m[K/home/jozef/ros2_ws/src/mrpt_navigation/mrpt_reactivenav2d/src/mrpt_reactivenav2d_node.cpp:[m[K In member function ‘[01m[Kvoid mrpt_reactivenav2d::ReactiveNav2DNode::handle_accepted(std::shared_ptr<rclcpp_action::ServerGoalHandle<mrpt_nav_interfaces::action::NavigateGoal> >)[m[K’:
[25.501s] [01m[K/home/jozef/ros2_ws/src/mrpt_navigation/mrpt_reactivenav2d/src/mrpt_reactivenav2d_node.cpp:600:9:[m[K [01;36m[Knote: [m[K‘[01m[K#pragma message: TODO: Keep past actions and cancel them if we accept this one[m[K’
[25.501s]   600 |         [01;36m[KMRPT_TODO[m[K("Keep past actions and cancel them if we accept this one");
[25.502s]       |         [01;36m[K^~~~~~~~~[m[K
[25.548s] [01m[K/home/jozef/ros2_ws/src/mrpt_navigation/mrpt_reactivenav2d/src/mrpt_reactivenav2d_node.cpp:[m[K In member function ‘[01m[Kvoid mrpt_reactivenav2d::ReactiveNav2DNode::handle_accepted_wp(std::shared_ptr<rclcpp_action::ServerGoalHandle<mrpt_nav_interfaces::action::NavigateWaypoints> >)[m[K’:
[25.548s] [01m[K/home/jozef/ros2_ws/src/mrpt_navigation/mrpt_reactivenav2d/src/mrpt_reactivenav2d_node.cpp:704:9:[m[K [01;36m[Knote: [m[K‘[01m[K#pragma message: TODO: Keep past actions and cancel them if we accept this one[m[K’
[25.548s]   704 |         [01;36m[KMRPT_TODO[m[K("Keep past actions and cancel them if we accept this one");
[25.549s]       |         [01;36m[K^~~~~~~~~[m[K
[25.602s] [01m[K/home/jozef/ros2_ws/src/mrpt_navigation/mrpt_reactivenav2d/src/mrpt_reactivenav2d_node.cpp:[m[K In member function ‘[01m[Kvirtual bool mrpt_reactivenav2d::ReactiveNav2DNode::MyReactiveInterface::getCurrentPoseAndSpeeds(mrpt::math::TPose2D&, mrpt::math::TTwist2D&, mrpt::system::TTimeStamp&, mrpt::math::TPose2D&, std::string&)[m[K’:
[25.602s] [01m[K/home/jozef/ros2_ws/src/mrpt_navigation/mrpt_reactivenav2d/src/mrpt_reactivenav2d_node.cpp:821:9:[m[K [01;36m[Knote: [m[K‘[01m[K#pragma message: TODO: Retrieve current speeds from /odom topic?[m[K’
[25.603s]   821 |         [01;36m[KMRPT_TODO[m[K("Retrieve current speeds from /odom topic?");
[25.603s]       |         [01;36m[K^~~~~~~~~[m[K
[25.608s] [01m[K/home/jozef/ros2_ws/src/mrpt_navigation/mrpt_reactivenav2d/src/mrpt_reactivenav2d_node.cpp:[m[K In member function ‘[01m[Kvirtual bool mrpt_reactivenav2d::ReactiveNav2DNode::MyReactiveInterface::senseObstacles(mrpt::maps::CSimplePointsMap&, mrpt::system::TTimeStamp&)[m[K’:
[25.608s] [01m[K/home/jozef/ros2_ws/src/mrpt_navigation/mrpt_reactivenav2d/src/mrpt_reactivenav2d_node.cpp:875:17:[m[K [01;36m[Knote: [m[K‘[01m[K#pragma message: TODO: Check age of obstacles![m[K’
[25.609s]   875 |                 [01;36m[KMRPT_TODO[m[K("Check age of obstacles!");
[25.609s]       |                 [01;36m[K^~~~~~~~~[m[K
[82.719s] [100%] [32m[1mLinking CXX executable mrpt_reactivenav2d_node[0m
[83.881s] [100%] Built target mrpt_reactivenav2d_node
[83.903s] Invoked command in '/home/jozef/ros2_ws/build/mrpt_reactivenav2d' returned '0': AMENT_PREFIX_PATH=/home/jozef/ros2_ws/install/mrpt_nav_interfaces:/home/jozef/ros2_ws/install/mrpt_msgs:${AMENT_PREFIX_PATH} CMAKE_PREFIX_PATH=/home/jozef/ros2_ws/install/mrpt_nav_interfaces:/home/jozef/ros2_ws/install/mrpt_msgs:/opt/ros/humble LD_LIBRARY_PATH=/home/jozef/ros2_ws/install/mrpt_nav_interfaces/lib:/home/jozef/ros2_ws/install/mrpt_msgs/lib:${LD_LIBRARY_PATH} PYTHONPATH=/home/jozef/ros2_ws/install/mrpt_nav_interfaces/local/lib/python3.10/dist-packages:/home/jozef/ros2_ws/install/mrpt_msgs/local/lib/python3.10/dist-packages:${PYTHONPATH} /usr/bin/cmake --build /home/jozef/ros2_ws/build/mrpt_reactivenav2d -- -j8 -l8
[83.906s] Invoking command in '/home/jozef/ros2_ws/build/mrpt_reactivenav2d': AMENT_PREFIX_PATH=/home/jozef/ros2_ws/install/mrpt_nav_interfaces:/home/jozef/ros2_ws/install/mrpt_msgs:${AMENT_PREFIX_PATH} CMAKE_PREFIX_PATH=/home/jozef/ros2_ws/install/mrpt_nav_interfaces:/home/jozef/ros2_ws/install/mrpt_msgs:/opt/ros/humble LD_LIBRARY_PATH=/home/jozef/ros2_ws/install/mrpt_nav_interfaces/lib:/home/jozef/ros2_ws/install/mrpt_msgs/lib:${LD_LIBRARY_PATH} PYTHONPATH=/home/jozef/ros2_ws/install/mrpt_nav_interfaces/local/lib/python3.10/dist-packages:/home/jozef/ros2_ws/install/mrpt_msgs/local/lib/python3.10/dist-packages:${PYTHONPATH} /usr/bin/cmake --install /home/jozef/ros2_ws/build/mrpt_reactivenav2d
[83.926s] -- Install configuration: ""
[83.926s] -- Execute custom install script
[83.927s] -- Symlinking: /home/jozef/ros2_ws/install/mrpt_reactivenav2d/lib/mrpt_reactivenav2d/mrpt_reactivenav2d_node
[83.941s] -- Symlinking: /home/jozef/ros2_ws/install/mrpt_reactivenav2d/share/mrpt_reactivenav2d/launch/rnav.launch.py
[83.954s] -- Symlinking: /home/jozef/ros2_ws/install/mrpt_reactivenav2d/share/mrpt_reactivenav2d/params/reactive2d_default.ini
[83.966s] -- Symlinking: /home/jozef/ros2_ws/install/mrpt_reactivenav2d/share/ament_index/resource_index/package_run_dependencies/mrpt_reactivenav2d
[83.979s] -- Symlinking: /home/jozef/ros2_ws/install/mrpt_reactivenav2d/share/ament_index/resource_index/parent_prefix_path/mrpt_reactivenav2d
[83.991s] -- Symlinking: /home/jozef/ros2_ws/install/mrpt_reactivenav2d/share/mrpt_reactivenav2d/environment/ament_prefix_path.sh
[84.003s] -- Symlinking: /home/jozef/ros2_ws/install/mrpt_reactivenav2d/share/mrpt_reactivenav2d/environment/ament_prefix_path.dsv
[84.024s] -- Symlinking: /home/jozef/ros2_ws/install/mrpt_reactivenav2d/share/mrpt_reactivenav2d/environment/path.sh
[84.036s] -- Symlinking: /home/jozef/ros2_ws/install/mrpt_reactivenav2d/share/mrpt_reactivenav2d/environment/path.dsv
[84.049s] -- Symlinking: /home/jozef/ros2_ws/install/mrpt_reactivenav2d/share/mrpt_reactivenav2d/local_setup.bash
[84.061s] -- Symlinking: /home/jozef/ros2_ws/install/mrpt_reactivenav2d/share/mrpt_reactivenav2d/local_setup.sh
[84.073s] -- Symlinking: /home/jozef/ros2_ws/install/mrpt_reactivenav2d/share/mrpt_reactivenav2d/local_setup.zsh
[84.085s] -- Symlinking: /home/jozef/ros2_ws/install/mrpt_reactivenav2d/share/mrpt_reactivenav2d/local_setup.dsv
[84.097s] -- Symlinking: /home/jozef/ros2_ws/install/mrpt_reactivenav2d/share/mrpt_reactivenav2d/package.dsv
[84.110s] -- Symlinking: /home/jozef/ros2_ws/install/mrpt_reactivenav2d/share/ament_index/resource_index/packages/mrpt_reactivenav2d
[84.122s] -- Symlinking: /home/jozef/ros2_ws/install/mrpt_reactivenav2d/share/mrpt_reactivenav2d/cmake/mrpt_reactivenav2dConfig.cmake
[84.135s] -- Symlinking: /home/jozef/ros2_ws/install/mrpt_reactivenav2d/share/mrpt_reactivenav2d/cmake/mrpt_reactivenav2dConfig-version.cmake
[84.147s] -- Symlinking: /home/jozef/ros2_ws/install/mrpt_reactivenav2d/share/mrpt_reactivenav2d/package.xml
[84.163s] Invoked command in '/home/jozef/ros2_ws/build/mrpt_reactivenav2d' returned '0': AMENT_PREFIX_PATH=/home/jozef/ros2_ws/install/mrpt_nav_interfaces:/home/jozef/ros2_ws/install/mrpt_msgs:${AMENT_PREFIX_PATH} CMAKE_PREFIX_PATH=/home/jozef/ros2_ws/install/mrpt_nav_interfaces:/home/jozef/ros2_ws/install/mrpt_msgs:/opt/ros/humble LD_LIBRARY_PATH=/home/jozef/ros2_ws/install/mrpt_nav_interfaces/lib:/home/jozef/ros2_ws/install/mrpt_msgs/lib:${LD_LIBRARY_PATH} PYTHONPATH=/home/jozef/ros2_ws/install/mrpt_nav_interfaces/local/lib/python3.10/dist-packages:/home/jozef/ros2_ws/install/mrpt_msgs/local/lib/python3.10/dist-packages:${PYTHONPATH} /usr/bin/cmake --install /home/jozef/ros2_ws/build/mrpt_reactivenav2d
