[0.162s] Invoking command in '/home/jozef/ros2_ws/build/tb2_slam': CMAKE_PREFIX_PATH=/opt/ros/humble /usr/bin/cmake --build /home/jozef/ros2_ws/build/tb2_slam -- -j8 -l8
[0.291s] Invoked command in '/home/jozef/ros2_ws/build/tb2_slam' returned '0': CMAKE_PREFIX_PATH=/opt/ros/humble /usr/bin/cmake --build /home/jozef/ros2_ws/build/tb2_slam -- -j8 -l8
[0.292s] Invoking command in '/home/jozef/ros2_ws/build/tb2_slam': CMAKE_PREFIX_PATH=/opt/ros/humble /usr/bin/cmake --install /home/jozef/ros2_ws/build/tb2_slam
[0.417s] -- Install configuration: ""
[0.418s] -- Execute custom install script
[0.418s] -- Up-to-date symlink: /home/jozef/ros2_ws/install/tb2_slam/share/tb2_slam/rviz/mapping.rviz
[0.426s] -- Up-to-date symlink: /home/jozef/ros2_ws/install/tb2_slam/share/tb2_slam/launch/tb2_slam_launch.py
[0.426s] -- Up-to-date symlink: /home/jozef/ros2_ws/install/tb2_slam/share/tb2_slam/config/mapping_params.yaml
[0.426s] -- Up-to-date symlink: /home/jozef/ros2_ws/install/tb2_slam/share/ament_index/resource_index/package_run_dependencies/tb2_slam
[0.426s] -- Up-to-date symlink: /home/jozef/ros2_ws/install/tb2_slam/share/ament_index/resource_index/parent_prefix_path/tb2_slam
[0.427s] -- Up-to-date symlink: /home/jozef/ros2_ws/install/tb2_slam/share/tb2_slam/environment/ament_prefix_path.sh
[0.427s] -- Up-to-date symlink: /home/jozef/ros2_ws/install/tb2_slam/share/tb2_slam/environment/ament_prefix_path.dsv
[0.427s] -- Up-to-date symlink: /home/jozef/ros2_ws/install/tb2_slam/share/tb2_slam/environment/path.sh
[0.427s] -- Up-to-date symlink: /home/jozef/ros2_ws/install/tb2_slam/share/tb2_slam/environment/path.dsv
[0.427s] -- Up-to-date symlink: /home/jozef/ros2_ws/install/tb2_slam/share/tb2_slam/local_setup.bash
[0.427s] -- Up-to-date symlink: /home/jozef/ros2_ws/install/tb2_slam/share/tb2_slam/local_setup.sh
[0.427s] -- Up-to-date symlink: /home/jozef/ros2_ws/install/tb2_slam/share/tb2_slam/local_setup.zsh
[0.427s] -- Up-to-date symlink: /home/jozef/ros2_ws/install/tb2_slam/share/tb2_slam/local_setup.dsv
[0.428s] -- Symlinking: /home/jozef/ros2_ws/install/tb2_slam/share/tb2_slam/package.dsv
[0.428s] -- Up-to-date symlink: /home/jozef/ros2_ws/install/tb2_slam/share/ament_index/resource_index/packages/tb2_slam
[0.428s] -- Up-to-date symlink: /home/jozef/ros2_ws/install/tb2_slam/share/tb2_slam/cmake/tb2_slamConfig.cmake
[0.428s] -- Up-to-date symlink: /home/jozef/ros2_ws/install/tb2_slam/share/tb2_slam/cmake/tb2_slamConfig-version.cmake
[0.447s] -- Up-to-date symlink: /home/jozef/ros2_ws/install/tb2_slam/share/tb2_slam/package.xml
[0.465s] Invoked command in '/home/jozef/ros2_ws/build/tb2_slam' returned '0': CMAKE_PREFIX_PATH=/opt/ros/humble /usr/bin/cmake --install /home/jozef/ros2_ws/build/tb2_slam
