[0.092s] Invoking command in '/home/jozef/ros2_ws/build/mocap4r2_msgs': CMAKE_PREFIX_PATH=${CMAKE_PREFIX_PATH}:/home/jozef/ros2_ws/install/tb2_control:/opt/ros/humble /usr/bin/cmake --build /home/jozef/ros2_ws/build/mocap4r2_msgs -- -j8 -l8
[0.230s] [35m[1mConsolidate compiler generated dependencies of target mocap4r2_msgs__rosidl_generator_c[0m
[0.278s] [  1%] Built target mocap4r2_msgs__cpp
[0.283s] [ 12%] Built target mocap4r2_msgs__rosidl_generator_c
[0.339s] [ 12%] Built target ament_cmake_python_symlink_mocap4r2_msgs
[0.364s] [35m[1mConsolidate compiler generated dependencies of target mocap4r2_msgs__rosidl_typesupport_fastrtps_c[0m
[0.375s] [35m[1mConsolidate compiler generated dependencies of target mocap4r2_msgs__rosidl_typesupport_introspection_cpp[0m
[0.378s] [35m[1mConsolidate compiler generated dependencies of target mocap4r2_msgs__rosidl_typesupport_cpp[0m
[0.386s] [35m[1mConsolidate compiler generated dependencies of target mocap4r2_msgs__rosidl_typesupport_fastrtps_cpp[0m
[0.419s] [35m[1mConsolidate compiler generated dependencies of target mocap4r2_msgs__rosidl_typesupport_c[0m
[0.507s] [ 23%] Built target mocap4r2_msgs__rosidl_typesupport_fastrtps_c
[0.511s] [35m[1mConsolidate compiler generated dependencies of target mocap4r2_msgs__rosidl_typesupport_introspection_c[0m
[0.557s] [ 34%] Built target mocap4r2_msgs__rosidl_typesupport_c
[0.576s] [ 46%] Built target mocap4r2_msgs__rosidl_typesupport_cpp
[0.636s] [ 68%] Built target mocap4r2_msgs__rosidl_typesupport_fastrtps_cpp
[0.636s] [ 68%] Built target mocap4r2_msgs__rosidl_typesupport_introspection_cpp
[0.669s] [ 79%] Built target mocap4r2_msgs__rosidl_typesupport_introspection_c
[0.796s] [ 79%] Built target mocap4r2_msgs
[0.976s] [ 80%] Built target mocap4r2_msgs__py
[1.038s] [35m[1mConsolidate compiler generated dependencies of target mocap4r2_msgs__rosidl_generator_py[0m
[1.103s] [ 90%] Built target mocap4r2_msgs__rosidl_generator_py
[1.165s] [35m[1mConsolidate compiler generated dependencies of target mocap4r2_msgs__rosidl_typesupport_fastrtps_c__pyext[0m
[1.186s] [35m[1mConsolidate compiler generated dependencies of target mocap4r2_msgs__rosidl_typesupport_introspection_c__pyext[0m
[1.198s] [35m[1mConsolidate compiler generated dependencies of target mocap4r2_msgs__rosidl_typesupport_c__pyext[0m
[1.255s] [ 93%] Built target mocap4r2_msgs__rosidl_typesupport_fastrtps_c__pyext
[1.266s] [ 96%] Built target mocap4r2_msgs__rosidl_typesupport_introspection_c__pyext
[1.279s] [100%] Built target mocap4r2_msgs__rosidl_typesupport_c__pyext
[1.411s] running egg_info
[1.441s] writing mocap4r2_msgs.egg-info/PKG-INFO
[1.442s] writing dependency_links to mocap4r2_msgs.egg-info/dependency_links.txt
[1.442s] writing top-level names to mocap4r2_msgs.egg-info/top_level.txt
[1.553s] reading manifest file 'mocap4r2_msgs.egg-info/SOURCES.txt'
[1.554s] writing manifest file 'mocap4r2_msgs.egg-info/SOURCES.txt'
[1.619s] [100%] Built target ament_cmake_python_build_mocap4r2_msgs_egg
[1.713s] Invoked command in '/home/jozef/ros2_ws/build/mocap4r2_msgs' returned '0': CMAKE_PREFIX_PATH=${CMAKE_PREFIX_PATH}:/home/jozef/ros2_ws/install/tb2_control:/opt/ros/humble /usr/bin/cmake --build /home/jozef/ros2_ws/build/mocap4r2_msgs -- -j8 -l8
[1.721s] Invoking command in '/home/jozef/ros2_ws/build/mocap4r2_msgs': CMAKE_PREFIX_PATH=${CMAKE_PREFIX_PATH}:/home/jozef/ros2_ws/install/tb2_control:/opt/ros/humble /usr/bin/cmake --install /home/jozef/ros2_ws/build/mocap4r2_msgs
[1.755s] -- Install configuration: ""
[1.755s] -- Execute custom install script
[1.755s] -- Up-to-date symlink: /home/jozef/ros2_ws/install/mocap4r2_msgs/share/ament_index/resource_index/rosidl_interfaces/mocap4r2_msgs
[1.755s] -- Up-to-date symlink: /home/jozef/ros2_ws/install/mocap4r2_msgs/include/mocap4r2_msgs/mocap4r2_msgs/msg/detail/imus_info__functions.h
[1.755s] -- Up-to-date symlink: /home/jozef/ros2_ws/install/mocap4r2_msgs/include/mocap4r2_msgs/mocap4r2_msgs/msg/detail/imus_info__struct.h
[1.755s] -- Up-to-date symlink: /home/jozef/ros2_ws/install/mocap4r2_msgs/include/mocap4r2_msgs/mocap4r2_msgs/msg/detail/imus_info__type_support.h
[1.755s] -- Up-to-date symlink: /home/jozef/ros2_ws/install/mocap4r2_msgs/include/mocap4r2_msgs/mocap4r2_msgs/msg/detail/marker__functions.h
[1.756s] -- Up-to-date symlink: /home/jozef/ros2_ws/install/mocap4r2_msgs/include/mocap4r2_msgs/mocap4r2_msgs/msg/detail/marker__struct.h
[1.756s] -- Up-to-date symlink: /home/jozef/ros2_ws/install/mocap4r2_msgs/include/mocap4r2_msgs/mocap4r2_msgs/msg/detail/marker__type_support.h
[1.756s] -- Up-to-date symlink: /home/jozef/ros2_ws/install/mocap4r2_msgs/include/mocap4r2_msgs/mocap4r2_msgs/msg/detail/markers__functions.h
[1.756s] -- Up-to-date symlink: /home/jozef/ros2_ws/install/mocap4r2_msgs/include/mocap4r2_msgs/mocap4r2_msgs/msg/detail/markers__struct.h
[1.756s] -- Up-to-date symlink: /home/jozef/ros2_ws/install/mocap4r2_msgs/include/mocap4r2_msgs/mocap4r2_msgs/msg/detail/markers__type_support.h
[1.756s] -- Up-to-date symlink: /home/jozef/ros2_ws/install/mocap4r2_msgs/include/mocap4r2_msgs/mocap4r2_msgs/msg/detail/rigid_bodies__functions.h
[1.756s] -- Up-to-date symlink: /home/jozef/ros2_ws/install/mocap4r2_msgs/include/mocap4r2_msgs/mocap4r2_msgs/msg/detail/rigid_bodies__struct.h
[1.756s] -- Up-to-date symlink: /home/jozef/ros2_ws/install/mocap4r2_msgs/include/mocap4r2_msgs/mocap4r2_msgs/msg/detail/rigid_bodies__type_support.h
[1.756s] -- Up-to-date symlink: /home/jozef/ros2_ws/install/mocap4r2_msgs/include/mocap4r2_msgs/mocap4r2_msgs/msg/detail/rigid_body__functions.h
[1.757s] -- Up-to-date symlink: /home/jozef/ros2_ws/install/mocap4r2_msgs/include/mocap4r2_msgs/mocap4r2_msgs/msg/detail/rigid_body__struct.h
[1.757s] -- Up-to-date symlink: /home/jozef/ros2_ws/install/mocap4r2_msgs/include/mocap4r2_msgs/mocap4r2_msgs/msg/detail/rigid_body__type_support.h
[1.757s] -- Up-to-date symlink: /home/jozef/ros2_ws/install/mocap4r2_msgs/include/mocap4r2_msgs/mocap4r2_msgs/msg/imus_info.h
[1.757s] -- Up-to-date symlink: /home/jozef/ros2_ws/install/mocap4r2_msgs/include/mocap4r2_msgs/mocap4r2_msgs/msg/marker.h
[1.757s] -- Up-to-date symlink: /home/jozef/ros2_ws/install/mocap4r2_msgs/include/mocap4r2_msgs/mocap4r2_msgs/msg/markers.h
[1.757s] -- Up-to-date symlink: /home/jozef/ros2_ws/install/mocap4r2_msgs/include/mocap4r2_msgs/mocap4r2_msgs/msg/rigid_bodies.h
[1.757s] -- Up-to-date symlink: /home/jozef/ros2_ws/install/mocap4r2_msgs/include/mocap4r2_msgs/mocap4r2_msgs/msg/rigid_body.h
[1.758s] -- Up-to-date symlink: /home/jozef/ros2_ws/install/mocap4r2_msgs/include/mocap4r2_msgs/mocap4r2_msgs/msg/rosidl_generator_c__visibility_control.h
[1.758s] -- Up-to-date symlink: /home/jozef/ros2_ws/install/mocap4r2_msgs/share/mocap4r2_msgs/environment/library_path.sh
[1.758s] -- Up-to-date symlink: /home/jozef/ros2_ws/install/mocap4r2_msgs/share/mocap4r2_msgs/environment/library_path.dsv
[1.758s] -- Up-to-date symlink: /home/jozef/ros2_ws/install/mocap4r2_msgs/include/mocap4r2_msgs/mocap4r2_msgs/msg/detail/imus_info__rosidl_typesupport_fastrtps_c.h
[1.759s] -- Up-to-date symlink: /home/jozef/ros2_ws/install/mocap4r2_msgs/include/mocap4r2_msgs/mocap4r2_msgs/msg/detail/marker__rosidl_typesupport_fastrtps_c.h
[1.760s] -- Up-to-date symlink: /home/jozef/ros2_ws/install/mocap4r2_msgs/include/mocap4r2_msgs/mocap4r2_msgs/msg/detail/markers__rosidl_typesupport_fastrtps_c.h
[1.760s] -- Up-to-date symlink: /home/jozef/ros2_ws/install/mocap4r2_msgs/include/mocap4r2_msgs/mocap4r2_msgs/msg/detail/rigid_bodies__rosidl_typesupport_fastrtps_c.h
[1.760s] -- Up-to-date symlink: /home/jozef/ros2_ws/install/mocap4r2_msgs/include/mocap4r2_msgs/mocap4r2_msgs/msg/detail/rigid_body__rosidl_typesupport_fastrtps_c.h
[1.760s] -- Up-to-date symlink: /home/jozef/ros2_ws/install/mocap4r2_msgs/include/mocap4r2_msgs/mocap4r2_msgs/msg/rosidl_typesupport_fastrtps_c__visibility_control.h
[1.764s] -- Up-to-date symlink: /home/jozef/ros2_ws/install/mocap4r2_msgs/include/mocap4r2_msgs/mocap4r2_msgs/msg/detail/imus_info__rosidl_typesupport_introspection_c.h
[1.764s] -- Up-to-date symlink: /home/jozef/ros2_ws/install/mocap4r2_msgs/include/mocap4r2_msgs/mocap4r2_msgs/msg/detail/marker__rosidl_typesupport_introspection_c.h
[1.765s] -- Up-to-date symlink: /home/jozef/ros2_ws/install/mocap4r2_msgs/include/mocap4r2_msgs/mocap4r2_msgs/msg/detail/markers__rosidl_typesupport_introspection_c.h
[1.765s] -- Up-to-date symlink: /home/jozef/ros2_ws/install/mocap4r2_msgs/include/mocap4r2_msgs/mocap4r2_msgs/msg/detail/rigid_bodies__rosidl_typesupport_introspection_c.h
[1.766s] -- Up-to-date symlink: /home/jozef/ros2_ws/install/mocap4r2_msgs/include/mocap4r2_msgs/mocap4r2_msgs/msg/detail/rigid_body__rosidl_typesupport_introspection_c.h
[1.766s] -- Up-to-date symlink: /home/jozef/ros2_ws/install/mocap4r2_msgs/include/mocap4r2_msgs/mocap4r2_msgs/msg/rosidl_typesupport_introspection_c__visibility_control.h
[1.767s] -- Up-to-date symlink: /home/jozef/ros2_ws/install/mocap4r2_msgs/include/mocap4r2_msgs/mocap4r2_msgs/msg/detail/imus_info__builder.hpp
[1.768s] -- Up-to-date symlink: /home/jozef/ros2_ws/install/mocap4r2_msgs/include/mocap4r2_msgs/mocap4r2_msgs/msg/detail/imus_info__struct.hpp
[1.769s] -- Up-to-date symlink: /home/jozef/ros2_ws/install/mocap4r2_msgs/include/mocap4r2_msgs/mocap4r2_msgs/msg/detail/imus_info__traits.hpp
[1.769s] -- Up-to-date symlink: /home/jozef/ros2_ws/install/mocap4r2_msgs/include/mocap4r2_msgs/mocap4r2_msgs/msg/detail/imus_info__type_support.hpp
[1.769s] -- Up-to-date symlink: /home/jozef/ros2_ws/install/mocap4r2_msgs/include/mocap4r2_msgs/mocap4r2_msgs/msg/detail/marker__builder.hpp
[1.769s] -- Up-to-date symlink: /home/jozef/ros2_ws/install/mocap4r2_msgs/include/mocap4r2_msgs/mocap4r2_msgs/msg/detail/marker__struct.hpp
[1.769s] -- Up-to-date symlink: /home/jozef/ros2_ws/install/mocap4r2_msgs/include/mocap4r2_msgs/mocap4r2_msgs/msg/detail/marker__traits.hpp
[1.769s] -- Up-to-date symlink: /home/jozef/ros2_ws/install/mocap4r2_msgs/include/mocap4r2_msgs/mocap4r2_msgs/msg/detail/marker__type_support.hpp
[1.769s] -- Up-to-date symlink: /home/jozef/ros2_ws/install/mocap4r2_msgs/include/mocap4r2_msgs/mocap4r2_msgs/msg/detail/markers__builder.hpp
[1.769s] -- Up-to-date symlink: /home/jozef/ros2_ws/install/mocap4r2_msgs/include/mocap4r2_msgs/mocap4r2_msgs/msg/detail/markers__struct.hpp
[1.770s] -- Up-to-date symlink: /home/jozef/ros2_ws/install/mocap4r2_msgs/include/mocap4r2_msgs/mocap4r2_msgs/msg/detail/markers__traits.hpp
[1.770s] -- Up-to-date symlink: /home/jozef/ros2_ws/install/mocap4r2_msgs/include/mocap4r2_msgs/mocap4r2_msgs/msg/detail/markers__type_support.hpp
[1.770s] -- Up-to-date symlink: /home/jozef/ros2_ws/install/mocap4r2_msgs/include/mocap4r2_msgs/mocap4r2_msgs/msg/detail/rigid_bodies__builder.hpp
[1.771s] -- Up-to-date symlink: /home/jozef/ros2_ws/install/mocap4r2_msgs/include/mocap4r2_msgs/mocap4r2_msgs/msg/detail/rigid_bodies__struct.hpp
[1.771s] -- Up-to-date symlink: /home/jozef/ros2_ws/install/mocap4r2_msgs/include/mocap4r2_msgs/mocap4r2_msgs/msg/detail/rigid_bodies__traits.hpp
[1.771s] -- Up-to-date symlink: /home/jozef/ros2_ws/install/mocap4r2_msgs/include/mocap4r2_msgs/mocap4r2_msgs/msg/detail/rigid_bodies__type_support.hpp
[1.771s] -- Up-to-date symlink: /home/jozef/ros2_ws/install/mocap4r2_msgs/include/mocap4r2_msgs/mocap4r2_msgs/msg/detail/rigid_body__builder.hpp
[1.772s] -- Up-to-date symlink: /home/jozef/ros2_ws/install/mocap4r2_msgs/include/mocap4r2_msgs/mocap4r2_msgs/msg/detail/rigid_body__struct.hpp
[1.772s] -- Up-to-date symlink: /home/jozef/ros2_ws/install/mocap4r2_msgs/include/mocap4r2_msgs/mocap4r2_msgs/msg/detail/rigid_body__traits.hpp
[1.772s] -- Up-to-date symlink: /home/jozef/ros2_ws/install/mocap4r2_msgs/include/mocap4r2_msgs/mocap4r2_msgs/msg/detail/rigid_body__type_support.hpp
[1.772s] -- Up-to-date symlink: /home/jozef/ros2_ws/install/mocap4r2_msgs/include/mocap4r2_msgs/mocap4r2_msgs/msg/imus_info.hpp
[1.772s] -- Up-to-date symlink: /home/jozef/ros2_ws/install/mocap4r2_msgs/include/mocap4r2_msgs/mocap4r2_msgs/msg/marker.hpp
[1.773s] -- Up-to-date symlink: /home/jozef/ros2_ws/install/mocap4r2_msgs/include/mocap4r2_msgs/mocap4r2_msgs/msg/markers.hpp
[1.773s] -- Up-to-date symlink: /home/jozef/ros2_ws/install/mocap4r2_msgs/include/mocap4r2_msgs/mocap4r2_msgs/msg/rigid_bodies.hpp
[1.773s] -- Up-to-date symlink: /home/jozef/ros2_ws/install/mocap4r2_msgs/include/mocap4r2_msgs/mocap4r2_msgs/msg/rigid_body.hpp
[1.773s] -- Up-to-date symlink: /home/jozef/ros2_ws/install/mocap4r2_msgs/include/mocap4r2_msgs/mocap4r2_msgs/msg/rosidl_generator_cpp__visibility_control.hpp
[1.774s] -- Up-to-date symlink: /home/jozef/ros2_ws/install/mocap4r2_msgs/include/mocap4r2_msgs/mocap4r2_msgs/msg/detail/imus_info__rosidl_typesupport_fastrtps_cpp.hpp
[1.774s] -- Up-to-date symlink: /home/jozef/ros2_ws/install/mocap4r2_msgs/include/mocap4r2_msgs/mocap4r2_msgs/msg/detail/marker__rosidl_typesupport_fastrtps_cpp.hpp
[1.774s] -- Up-to-date symlink: /home/jozef/ros2_ws/install/mocap4r2_msgs/include/mocap4r2_msgs/mocap4r2_msgs/msg/detail/markers__rosidl_typesupport_fastrtps_cpp.hpp
[1.774s] -- Up-to-date symlink: /home/jozef/ros2_ws/install/mocap4r2_msgs/include/mocap4r2_msgs/mocap4r2_msgs/msg/detail/rigid_bodies__rosidl_typesupport_fastrtps_cpp.hpp
[1.775s] -- Up-to-date symlink: /home/jozef/ros2_ws/install/mocap4r2_msgs/include/mocap4r2_msgs/mocap4r2_msgs/msg/detail/rigid_body__rosidl_typesupport_fastrtps_cpp.hpp
[1.775s] -- Up-to-date symlink: /home/jozef/ros2_ws/install/mocap4r2_msgs/include/mocap4r2_msgs/mocap4r2_msgs/msg/rosidl_typesupport_fastrtps_cpp__visibility_control.h
[1.775s] -- Up-to-date symlink: /home/jozef/ros2_ws/install/mocap4r2_msgs/include/mocap4r2_msgs/mocap4r2_msgs/msg/detail/imus_info__rosidl_typesupport_introspection_cpp.hpp
[1.775s] -- Up-to-date symlink: /home/jozef/ros2_ws/install/mocap4r2_msgs/include/mocap4r2_msgs/mocap4r2_msgs/msg/detail/marker__rosidl_typesupport_introspection_cpp.hpp
[1.776s] -- Up-to-date symlink: /home/jozef/ros2_ws/install/mocap4r2_msgs/include/mocap4r2_msgs/mocap4r2_msgs/msg/detail/markers__rosidl_typesupport_introspection_cpp.hpp
[1.776s] -- Up-to-date symlink: /home/jozef/ros2_ws/install/mocap4r2_msgs/include/mocap4r2_msgs/mocap4r2_msgs/msg/detail/rigid_bodies__rosidl_typesupport_introspection_cpp.hpp
[1.776s] -- Up-to-date symlink: /home/jozef/ros2_ws/install/mocap4r2_msgs/include/mocap4r2_msgs/mocap4r2_msgs/msg/detail/rigid_body__rosidl_typesupport_introspection_cpp.hpp
[1.777s] -- Up-to-date symlink: /home/jozef/ros2_ws/install/mocap4r2_msgs/share/mocap4r2_msgs/environment/pythonpath.sh
[1.777s] -- Up-to-date symlink: /home/jozef/ros2_ws/install/mocap4r2_msgs/share/mocap4r2_msgs/environment/pythonpath.dsv
[1.777s] -- Up-to-date symlink: /home/jozef/ros2_ws/install/mocap4r2_msgs/local/lib/python3.10/dist-packages/mocap4r2_msgs-0.0.3-py3.10.egg-info/PKG-INFO
[1.778s] -- Up-to-date symlink: /home/jozef/ros2_ws/install/mocap4r2_msgs/local/lib/python3.10/dist-packages/mocap4r2_msgs-0.0.3-py3.10.egg-info/SOURCES.txt
[1.778s] -- Up-to-date symlink: /home/jozef/ros2_ws/install/mocap4r2_msgs/local/lib/python3.10/dist-packages/mocap4r2_msgs-0.0.3-py3.10.egg-info/dependency_links.txt
[1.778s] -- Up-to-date symlink: /home/jozef/ros2_ws/install/mocap4r2_msgs/local/lib/python3.10/dist-packages/mocap4r2_msgs-0.0.3-py3.10.egg-info/top_level.txt
[1.779s] -- Up-to-date symlink: /home/jozef/ros2_ws/install/mocap4r2_msgs/local/lib/python3.10/dist-packages/mocap4r2_msgs/__init__.py
[1.779s] -- Up-to-date symlink: /home/jozef/ros2_ws/install/mocap4r2_msgs/local/lib/python3.10/dist-packages/mocap4r2_msgs/_mocap4r2_msgs_s.ep.rosidl_typesupport_c.c
[1.779s] -- Up-to-date symlink: /home/jozef/ros2_ws/install/mocap4r2_msgs/local/lib/python3.10/dist-packages/mocap4r2_msgs/_mocap4r2_msgs_s.ep.rosidl_typesupport_fastrtps_c.c
[1.779s] -- Up-to-date symlink: /home/jozef/ros2_ws/install/mocap4r2_msgs/local/lib/python3.10/dist-packages/mocap4r2_msgs/_mocap4r2_msgs_s.ep.rosidl_typesupport_introspection_c.c
[1.779s] -- Up-to-date symlink: /home/jozef/ros2_ws/install/mocap4r2_msgs/local/lib/python3.10/dist-packages/mocap4r2_msgs/libmocap4r2_msgs__rosidl_generator_py.so
[1.780s] -- Up-to-date symlink: /home/jozef/ros2_ws/install/mocap4r2_msgs/local/lib/python3.10/dist-packages/mocap4r2_msgs/mocap4r2_msgs_s__rosidl_typesupport_c.cpython-310-x86_64-linux-gnu.so
[1.780s] -- Up-to-date symlink: /home/jozef/ros2_ws/install/mocap4r2_msgs/local/lib/python3.10/dist-packages/mocap4r2_msgs/mocap4r2_msgs_s__rosidl_typesupport_fastrtps_c.cpython-310-x86_64-linux-gnu.so
[1.780s] -- Up-to-date symlink: /home/jozef/ros2_ws/install/mocap4r2_msgs/local/lib/python3.10/dist-packages/mocap4r2_msgs/mocap4r2_msgs_s__rosidl_typesupport_introspection_c.cpython-310-x86_64-linux-gnu.so
[1.780s] -- Up-to-date symlink: /home/jozef/ros2_ws/install/mocap4r2_msgs/local/lib/python3.10/dist-packages/mocap4r2_msgs/msg/__init__.py
[1.781s] -- Up-to-date symlink: /home/jozef/ros2_ws/install/mocap4r2_msgs/local/lib/python3.10/dist-packages/mocap4r2_msgs/msg/_imus_info.py
[1.781s] -- Up-to-date symlink: /home/jozef/ros2_ws/install/mocap4r2_msgs/local/lib/python3.10/dist-packages/mocap4r2_msgs/msg/_imus_info_s.c
[1.781s] -- Up-to-date symlink: /home/jozef/ros2_ws/install/mocap4r2_msgs/local/lib/python3.10/dist-packages/mocap4r2_msgs/msg/_marker.py
[1.781s] -- Up-to-date symlink: /home/jozef/ros2_ws/install/mocap4r2_msgs/local/lib/python3.10/dist-packages/mocap4r2_msgs/msg/_marker_s.c
[1.781s] -- Up-to-date symlink: /home/jozef/ros2_ws/install/mocap4r2_msgs/local/lib/python3.10/dist-packages/mocap4r2_msgs/msg/_markers.py
[1.782s] -- Up-to-date symlink: /home/jozef/ros2_ws/install/mocap4r2_msgs/local/lib/python3.10/dist-packages/mocap4r2_msgs/msg/_markers_s.c
[1.782s] -- Up-to-date symlink: /home/jozef/ros2_ws/install/mocap4r2_msgs/local/lib/python3.10/dist-packages/mocap4r2_msgs/msg/_rigid_bodies.py
[1.782s] -- Up-to-date symlink: /home/jozef/ros2_ws/install/mocap4r2_msgs/local/lib/python3.10/dist-packages/mocap4r2_msgs/msg/_rigid_bodies_s.c
[1.782s] -- Up-to-date symlink: /home/jozef/ros2_ws/install/mocap4r2_msgs/local/lib/python3.10/dist-packages/mocap4r2_msgs/msg/_rigid_body.py
[1.783s] -- Up-to-date symlink: /home/jozef/ros2_ws/install/mocap4r2_msgs/local/lib/python3.10/dist-packages/mocap4r2_msgs/msg/_rigid_body_s.c
[1.783s] -- Up-to-date symlink: /home/jozef/ros2_ws/install/mocap4r2_msgs/local/lib/python3.10/dist-packages/mocap4r2_msgs/mocap4r2_msgs_s__rosidl_typesupport_fastrtps_c.cpython-310-x86_64-linux-gnu.so
[1.783s] -- Up-to-date symlink: /home/jozef/ros2_ws/install/mocap4r2_msgs/local/lib/python3.10/dist-packages/mocap4r2_msgs/mocap4r2_msgs_s__rosidl_typesupport_introspection_c.cpython-310-x86_64-linux-gnu.so
[1.783s] -- Up-to-date symlink: /home/jozef/ros2_ws/install/mocap4r2_msgs/local/lib/python3.10/dist-packages/mocap4r2_msgs/mocap4r2_msgs_s__rosidl_typesupport_c.cpython-310-x86_64-linux-gnu.so
[1.784s] -- Up-to-date symlink: /home/jozef/ros2_ws/install/mocap4r2_msgs/share/mocap4r2_msgs/msg/Marker.idl
[1.784s] -- Up-to-date symlink: /home/jozef/ros2_ws/install/mocap4r2_msgs/share/mocap4r2_msgs/msg/Markers.idl
[1.784s] -- Up-to-date symlink: /home/jozef/ros2_ws/install/mocap4r2_msgs/share/mocap4r2_msgs/msg/ImusInfo.idl
[1.784s] -- Up-to-date symlink: /home/jozef/ros2_ws/install/mocap4r2_msgs/share/mocap4r2_msgs/msg/RigidBody.idl
[1.784s] -- Up-to-date symlink: /home/jozef/ros2_ws/install/mocap4r2_msgs/share/mocap4r2_msgs/msg/RigidBodies.idl
[1.785s] -- Up-to-date symlink: /home/jozef/ros2_ws/install/mocap4r2_msgs/share/mocap4r2_msgs/msg/Marker.msg
[1.785s] -- Up-to-date symlink: /home/jozef/ros2_ws/install/mocap4r2_msgs/share/mocap4r2_msgs/msg/Markers.msg
[1.785s] -- Up-to-date symlink: /home/jozef/ros2_ws/install/mocap4r2_msgs/share/mocap4r2_msgs/msg/ImusInfo.msg
[1.785s] -- Up-to-date symlink: /home/jozef/ros2_ws/install/mocap4r2_msgs/share/mocap4r2_msgs/msg/RigidBody.msg
[1.785s] -- Up-to-date symlink: /home/jozef/ros2_ws/install/mocap4r2_msgs/share/mocap4r2_msgs/msg/RigidBodies.msg
[1.785s] -- Up-to-date symlink: /home/jozef/ros2_ws/install/mocap4r2_msgs/share/mocap4r2_msgs/mocap4r2_bridge_mapping_rule.yaml
[1.786s] -- Up-to-date symlink: /home/jozef/ros2_ws/install/mocap4r2_msgs/share/ament_index/resource_index/package_run_dependencies/mocap4r2_msgs
[1.786s] -- Up-to-date symlink: /home/jozef/ros2_ws/install/mocap4r2_msgs/share/ament_index/resource_index/parent_prefix_path/mocap4r2_msgs
[1.786s] -- Up-to-date symlink: /home/jozef/ros2_ws/install/mocap4r2_msgs/share/mocap4r2_msgs/environment/ament_prefix_path.sh
[1.786s] -- Up-to-date symlink: /home/jozef/ros2_ws/install/mocap4r2_msgs/share/mocap4r2_msgs/environment/ament_prefix_path.dsv
[1.786s] -- Up-to-date symlink: /home/jozef/ros2_ws/install/mocap4r2_msgs/share/mocap4r2_msgs/environment/path.sh
[1.787s] -- Up-to-date symlink: /home/jozef/ros2_ws/install/mocap4r2_msgs/share/mocap4r2_msgs/environment/path.dsv
[1.787s] -- Up-to-date symlink: /home/jozef/ros2_ws/install/mocap4r2_msgs/share/mocap4r2_msgs/local_setup.bash
[1.787s] -- Up-to-date symlink: /home/jozef/ros2_ws/install/mocap4r2_msgs/share/mocap4r2_msgs/local_setup.sh
[1.787s] -- Up-to-date symlink: /home/jozef/ros2_ws/install/mocap4r2_msgs/share/mocap4r2_msgs/local_setup.zsh
[1.787s] -- Up-to-date symlink: /home/jozef/ros2_ws/install/mocap4r2_msgs/share/mocap4r2_msgs/local_setup.dsv
[1.788s] -- Symlinking: /home/jozef/ros2_ws/install/mocap4r2_msgs/share/mocap4r2_msgs/package.dsv
[1.810s] -- Up-to-date symlink: /home/jozef/ros2_ws/install/mocap4r2_msgs/share/ament_index/resource_index/packages/mocap4r2_msgs
[1.810s] -- Up-to-date symlink: /home/jozef/ros2_ws/install/mocap4r2_msgs/share/mocap4r2_msgs/cmake/rosidl_cmake-extras.cmake
[1.810s] -- Up-to-date symlink: /home/jozef/ros2_ws/install/mocap4r2_msgs/share/mocap4r2_msgs/cmake/ament_cmake_export_dependencies-extras.cmake
[1.810s] -- Up-to-date symlink: /home/jozef/ros2_ws/install/mocap4r2_msgs/share/mocap4r2_msgs/cmake/ament_cmake_export_include_directories-extras.cmake
[1.810s] -- Up-to-date symlink: /home/jozef/ros2_ws/install/mocap4r2_msgs/share/mocap4r2_msgs/cmake/ament_cmake_export_libraries-extras.cmake
[1.810s] -- Up-to-date symlink: /home/jozef/ros2_ws/install/mocap4r2_msgs/share/mocap4r2_msgs/cmake/ament_cmake_export_targets-extras.cmake
[1.813s] -- Up-to-date symlink: /home/jozef/ros2_ws/install/mocap4r2_msgs/share/mocap4r2_msgs/cmake/rosidl_cmake_export_typesupport_targets-extras.cmake
[1.814s] -- Up-to-date symlink: /home/jozef/ros2_ws/install/mocap4r2_msgs/share/mocap4r2_msgs/cmake/rosidl_cmake_export_typesupport_libraries-extras.cmake
[1.814s] -- Up-to-date symlink: /home/jozef/ros2_ws/install/mocap4r2_msgs/share/mocap4r2_msgs/cmake/mocap4r2_msgsConfig.cmake
[1.814s] -- Up-to-date symlink: /home/jozef/ros2_ws/install/mocap4r2_msgs/share/mocap4r2_msgs/cmake/mocap4r2_msgsConfig-version.cmake
[1.815s] -- Up-to-date symlink: /home/jozef/ros2_ws/install/mocap4r2_msgs/share/mocap4r2_msgs/package.xml
[1.815s] -- Up-to-date: /home/jozef/ros2_ws/install/mocap4r2_msgs/lib/libmocap4r2_msgs__rosidl_generator_c.so
[1.816s] -- Up-to-date: /home/jozef/ros2_ws/install/mocap4r2_msgs/lib/libmocap4r2_msgs__rosidl_typesupport_fastrtps_c.so
[1.816s] -- Up-to-date: /home/jozef/ros2_ws/install/mocap4r2_msgs/lib/libmocap4r2_msgs__rosidl_typesupport_introspection_c.so
[1.816s] -- Up-to-date: /home/jozef/ros2_ws/install/mocap4r2_msgs/lib/libmocap4r2_msgs__rosidl_typesupport_c.so
[1.817s] -- Up-to-date: /home/jozef/ros2_ws/install/mocap4r2_msgs/lib/libmocap4r2_msgs__rosidl_typesupport_fastrtps_cpp.so
[1.817s] -- Up-to-date: /home/jozef/ros2_ws/install/mocap4r2_msgs/lib/libmocap4r2_msgs__rosidl_typesupport_introspection_cpp.so
[1.817s] -- Up-to-date: /home/jozef/ros2_ws/install/mocap4r2_msgs/lib/libmocap4r2_msgs__rosidl_typesupport_cpp.so
[1.872s] Listing '/home/jozef/ros2_ws/install/mocap4r2_msgs/local/lib/python3.10/dist-packages/mocap4r2_msgs'...
[1.872s] Listing '/home/jozef/ros2_ws/install/mocap4r2_msgs/local/lib/python3.10/dist-packages/mocap4r2_msgs/msg'...
[1.881s] -- Up-to-date: /home/jozef/ros2_ws/install/mocap4r2_msgs/lib/libmocap4r2_msgs__rosidl_generator_py.so
[1.882s] -- Up-to-date: /home/jozef/ros2_ws/install/mocap4r2_msgs/share/mocap4r2_msgs/cmake/export_mocap4r2_msgs__rosidl_generator_cExport.cmake
[1.882s] -- Up-to-date: /home/jozef/ros2_ws/install/mocap4r2_msgs/share/mocap4r2_msgs/cmake/export_mocap4r2_msgs__rosidl_generator_cExport-noconfig.cmake
[1.883s] -- Up-to-date: /home/jozef/ros2_ws/install/mocap4r2_msgs/share/mocap4r2_msgs/cmake/export_mocap4r2_msgs__rosidl_typesupport_fastrtps_cExport.cmake
[1.883s] -- Up-to-date: /home/jozef/ros2_ws/install/mocap4r2_msgs/share/mocap4r2_msgs/cmake/export_mocap4r2_msgs__rosidl_typesupport_fastrtps_cExport-noconfig.cmake
[1.883s] -- Up-to-date: /home/jozef/ros2_ws/install/mocap4r2_msgs/share/mocap4r2_msgs/cmake/mocap4r2_msgs__rosidl_typesupport_introspection_cExport.cmake
[1.883s] -- Up-to-date: /home/jozef/ros2_ws/install/mocap4r2_msgs/share/mocap4r2_msgs/cmake/mocap4r2_msgs__rosidl_typesupport_introspection_cExport-noconfig.cmake
[1.883s] -- Up-to-date: /home/jozef/ros2_ws/install/mocap4r2_msgs/share/mocap4r2_msgs/cmake/mocap4r2_msgs__rosidl_typesupport_cExport.cmake
[1.884s] -- Up-to-date: /home/jozef/ros2_ws/install/mocap4r2_msgs/share/mocap4r2_msgs/cmake/mocap4r2_msgs__rosidl_typesupport_cExport-noconfig.cmake
[1.884s] -- Up-to-date: /home/jozef/ros2_ws/install/mocap4r2_msgs/share/mocap4r2_msgs/cmake/export_mocap4r2_msgs__rosidl_generator_cppExport.cmake
[1.884s] -- Up-to-date: /home/jozef/ros2_ws/install/mocap4r2_msgs/share/mocap4r2_msgs/cmake/export_mocap4r2_msgs__rosidl_typesupport_fastrtps_cppExport.cmake
[1.884s] -- Up-to-date: /home/jozef/ros2_ws/install/mocap4r2_msgs/share/mocap4r2_msgs/cmake/export_mocap4r2_msgs__rosidl_typesupport_fastrtps_cppExport-noconfig.cmake
[1.885s] -- Up-to-date: /home/jozef/ros2_ws/install/mocap4r2_msgs/share/mocap4r2_msgs/cmake/mocap4r2_msgs__rosidl_typesupport_introspection_cppExport.cmake
[1.885s] -- Up-to-date: /home/jozef/ros2_ws/install/mocap4r2_msgs/share/mocap4r2_msgs/cmake/mocap4r2_msgs__rosidl_typesupport_introspection_cppExport-noconfig.cmake
[1.885s] -- Up-to-date: /home/jozef/ros2_ws/install/mocap4r2_msgs/share/mocap4r2_msgs/cmake/mocap4r2_msgs__rosidl_typesupport_cppExport.cmake
[1.885s] -- Up-to-date: /home/jozef/ros2_ws/install/mocap4r2_msgs/share/mocap4r2_msgs/cmake/mocap4r2_msgs__rosidl_typesupport_cppExport-noconfig.cmake
[1.886s] -- Up-to-date: /home/jozef/ros2_ws/install/mocap4r2_msgs/share/mocap4r2_msgs/cmake/export_mocap4r2_msgs__rosidl_generator_pyExport.cmake
[1.886s] -- Up-to-date: /home/jozef/ros2_ws/install/mocap4r2_msgs/share/mocap4r2_msgs/cmake/export_mocap4r2_msgs__rosidl_generator_pyExport-noconfig.cmake
[2.156s] Invoked command in '/home/jozef/ros2_ws/build/mocap4r2_msgs' returned '0': CMAKE_PREFIX_PATH=${CMAKE_PREFIX_PATH}:/home/jozef/ros2_ws/install/tb2_control:/opt/ros/humble /usr/bin/cmake --install /home/jozef/ros2_ws/build/mocap4r2_msgs
