[0.580s] Invoking command in '/home/jozef/ros2_ws/build/tb2_slam': CMAKE_PREFIX_PATH=/opt/ros/humble /usr/bin/cmake /home/jozef/ros2_ws/src/tb2_slam -DAMENT_CMAKE_SYMLINK_INSTALL=1 -DCMAKE_INSTALL_PREFIX=/home/jozef/ros2_ws/install/tb2_slam
[0.607s] -- Found ament_cmake: 1.3.11 (/opt/ros/humble/share/ament_cmake/cmake)
[1.426s] -- Found Python3: /usr/bin/python3 (found version "3.10.12") found components: Interpreter 
[1.581s] -- Override CMake install command with custom implementation using symlinks instead of copying resources
[1.683s] -- Found ament_lint_auto: 0.12.11 (/opt/ros/humble/share/ament_lint_auto/cmake)
[1.858s] -- Added test 'copyright' to check source files copyright and LICENSE
[1.863s] -- Added test 'flake8' to check Python code syntax and style conventions
[1.864s] -- Added test 'lint_cmake' to check CMake code style
[1.865s] -- Added test 'pep257' to check Python code against some of the docstring style conventions in PEP 257
[1.868s] -- Added test 'xmllint' to check XML markup files
[1.871s] -- Configuring done
[1.877s] -- Generating done
[1.881s] -- Build files have been written to: /home/jozef/ros2_ws/build/tb2_slam
[1.887s] Invoked command in '/home/jozef/ros2_ws/build/tb2_slam' returned '0': CMAKE_PREFIX_PATH=/opt/ros/humble /usr/bin/cmake /home/jozef/ros2_ws/src/tb2_slam -DAMENT_CMAKE_SYMLINK_INSTALL=1 -DCMAKE_INSTALL_PREFIX=/home/jozef/ros2_ws/install/tb2_slam
[1.891s] Invoking command in '/home/jozef/ros2_ws/build/tb2_slam': CMAKE_PREFIX_PATH=/opt/ros/humble /usr/bin/cmake --build /home/jozef/ros2_ws/build/tb2_slam -- -j8 -l8
[1.957s] Invoked command in '/home/jozef/ros2_ws/build/tb2_slam' returned '0': CMAKE_PREFIX_PATH=/opt/ros/humble /usr/bin/cmake --build /home/jozef/ros2_ws/build/tb2_slam -- -j8 -l8
[1.961s] Invoking command in '/home/jozef/ros2_ws/build/tb2_slam': CMAKE_PREFIX_PATH=/opt/ros/humble /usr/bin/cmake --install /home/jozef/ros2_ws/build/tb2_slam
[1.971s] -- Install configuration: ""
[1.972s] -- Execute custom install script
[1.974s] -- Symlinking: /home/jozef/ros2_ws/install/tb2_slam/share/tb2_slam/rviz/mapping.rviz
[2.000s] -- Symlinking: /home/jozef/ros2_ws/install/tb2_slam/share/tb2_slam/launch/tb2_slam_launch.py
[2.011s] -- Symlinking: /home/jozef/ros2_ws/install/tb2_slam/share/tb2_slam/config/mapping_params.yaml
[2.028s] -- Symlinking: /home/jozef/ros2_ws/install/tb2_slam/share/ament_index/resource_index/package_run_dependencies/tb2_slam
[2.043s] -- Symlinking: /home/jozef/ros2_ws/install/tb2_slam/share/ament_index/resource_index/parent_prefix_path/tb2_slam
[2.058s] -- Symlinking: /home/jozef/ros2_ws/install/tb2_slam/share/tb2_slam/environment/ament_prefix_path.sh
[2.075s] -- Symlinking: /home/jozef/ros2_ws/install/tb2_slam/share/tb2_slam/environment/ament_prefix_path.dsv
[2.095s] -- Symlinking: /home/jozef/ros2_ws/install/tb2_slam/share/tb2_slam/environment/path.sh
[2.112s] -- Symlinking: /home/jozef/ros2_ws/install/tb2_slam/share/tb2_slam/environment/path.dsv
[2.131s] -- Symlinking: /home/jozef/ros2_ws/install/tb2_slam/share/tb2_slam/local_setup.bash
[2.150s] -- Symlinking: /home/jozef/ros2_ws/install/tb2_slam/share/tb2_slam/local_setup.sh
[2.167s] -- Symlinking: /home/jozef/ros2_ws/install/tb2_slam/share/tb2_slam/local_setup.zsh
[2.184s] -- Symlinking: /home/jozef/ros2_ws/install/tb2_slam/share/tb2_slam/local_setup.dsv
[2.202s] -- Symlinking: /home/jozef/ros2_ws/install/tb2_slam/share/tb2_slam/package.dsv
[2.218s] -- Symlinking: /home/jozef/ros2_ws/install/tb2_slam/share/ament_index/resource_index/packages/tb2_slam
[2.237s] -- Symlinking: /home/jozef/ros2_ws/install/tb2_slam/share/tb2_slam/cmake/tb2_slamConfig.cmake
[2.254s] -- Symlinking: /home/jozef/ros2_ws/install/tb2_slam/share/tb2_slam/cmake/tb2_slamConfig-version.cmake
[2.273s] -- Symlinking: /home/jozef/ros2_ws/install/tb2_slam/share/tb2_slam/package.xml
[2.296s] Invoked command in '/home/jozef/ros2_ws/build/tb2_slam' returned '0': CMAKE_PREFIX_PATH=/opt/ros/humble /usr/bin/cmake --install /home/jozef/ros2_ws/build/tb2_slam
