running develop
running egg_info
creating tb2_bringup.egg-info
writing tb2_bringup.egg-info/PKG-INFO
writing dependency_links to tb2_bringup.egg-info/dependency_links.txt
writing entry points to tb2_bringup.egg-info/entry_points.txt
writing requirements to tb2_bringup.egg-info/requires.txt
writing top-level names to tb2_bringup.egg-info/top_level.txt
writing manifest file 'tb2_bringup.egg-info/SOURCES.txt'
reading manifest file 'tb2_bringup.egg-info/SOURCES.txt'
writing manifest file 'tb2_bringup.egg-info/SOURCES.txt'
running build_ext
Creating /home/jozef/ros2_ws/install/tb2_bringup/lib/python3.10/site-packages/tb2-bringup.egg-link (link to .)
Installing tb2_bringup_node script to /home/jozef/ros2_ws/install/tb2_bringup/lib/tb2_bringup

Installed /home/jozef/ros2_ws/build/tb2_bringup
running symlink_data
creating /home/jozef/ros2_ws/install/tb2_bringup/share/ament_index
creating /home/jozef/ros2_ws/install/tb2_bringup/share/ament_index/resource_index
creating /home/jozef/ros2_ws/install/tb2_bringup/share/ament_index/resource_index/packages
symbolically linking /home/jozef/ros2_ws/build/tb2_bringup/resource/tb2_bringup -> /home/jozef/ros2_ws/install/tb2_bringup/share/ament_index/resource_index/packages
symbolically linking /home/jozef/ros2_ws/build/tb2_bringup/package.xml -> /home/jozef/ros2_ws/install/tb2_bringup/share/tb2_bringup
creating /home/jozef/ros2_ws/install/tb2_bringup/share/tb2_bringup/launch
symbolically linking /home/jozef/ros2_ws/build/tb2_bringup/launch/tb2_bringup_launch.py -> /home/jozef/ros2_ws/install/tb2_bringup/share/tb2_bringup/launch
creating /home/jozef/ros2_ws/install/tb2_bringup/share/tb2_bringup/config
