[0.682s] Invoking command in '/home/jozef/ros2_ws/build/mrpt_nav_interfaces': CMAKE_PREFIX_PATH=/home/jozef/ros2_ws/install/tb2_control:/home/jozef/ros2_ws/install/tb2_bringup:/home/jozef/ros2_ws/install/mocap4r2cli:/home/jozef/ros2_ws/install/localization_benchmarking:/opt/ros/humble:/home/jozef/ros2_ws/install/mrpt_msgs:/home/jozef/ros2_ws/install/tb2_slam:/home/jozef/ros2_ws/install/rqt_mocap4r2_control:/home/jozef/ros2_ws/install/neo_localization2:/home/jozef/ros2_ws/install/mrpt_navigation:/home/jozef/ros2_ws/install/mrpt_tutorials:/home/jozef/ros2_ws/install/mrpt_tps_astar_planner:/home/jozef/ros2_ws/install/mrpt_reactivenav2d:/home/jozef/ros2_ws/install/mrpt_rawlog:/home/jozef/ros2_ws/install/mrpt_pointcloud_pipeline:/home/jozef/ros2_ws/install/mrpt_pf_localization:/home/jozef/ros2_ws/install/mrpt_map_server:/home/jozef/ros2_ws/install/mrpt_nav_interfaces:/home/jozef/ros2_ws/install/mrpt_msgs_bridge:/home/jozef/ros2_ws/install/mocap4r2_robot_gt:/home/jozef/ros2_ws/install/mocap4r2_robot_gt_msgs:/home/jozef/ros2_ws/install/mocap4r2_optitrack_driver:/home/jozef/ros2_ws/install/mocap4r2_marker_viz:/home/jozef/ros2_ws/install/mocap4r2_marker_publisher:/home/jozef/ros2_ws/install/mocap4r2_dummy_driver:/home/jozef/ros2_ws/install/mocap4r2_msgs:/home/jozef/ros2_ws/install/mocap4r2_marker_viz_srvs:/home/jozef/ros2_ws/install/mocap4r2_control:/home/jozef/ros2_ws/install/mocap4r2_control_msgs:/home/jozef/ros2_ws/install/message_filters LD_LIBRARY_PATH=/home/jozef/ros2_ws/install/mrpt_msgs/lib:/home/jozef/ros2_ws/install/rqt_mocap4r2_control/lib:/home/jozef/ros2_ws/install/neo_localization2/lib:/home/jozef/ros2_ws/install/mrpt_pointcloud_pipeline/lib:/home/jozef/ros2_ws/install/mrpt_pf_localization/lib:/home/jozef/ros2_ws/install/mrpt_nav_interfaces/lib:/home/jozef/ros2_ws/install/mocap4r2_robot_gt/lib:/home/jozef/ros2_ws/install/mocap4r2_robot_gt_msgs/lib:/home/jozef/ros2_ws/install/mocap4r2_optitrack_driver/lib:/home/jozef/ros2_ws/install/mocap4r2_msgs/lib:/home/jozef/ros2_ws/install/mocap4r2_marker_viz_srvs/lib:/home/jozef/ros2_ws/install/mocap4r2_control/lib:/home/jozef/ros2_ws/install/mocap4r2_control_msgs/lib:/home/jozef/ros2_ws/install/message_filters/lib:/opt/ros/humble/opt/rviz_ogre_vendor/lib:/opt/ros/humble/lib/x86_64-linux-gnu:/opt/ros/humble/lib /usr/bin/cmake --build /home/jozef/ros2_ws/build/mrpt_nav_interfaces -- -j8 -l8
[0.898s] [  0%] Built target mrpt_nav_interfaces__cpp
[0.939s] [ 12%] Built target mrpt_nav_interfaces__rosidl_generator_c
[0.946s] [ 12%] Built target ament_cmake_python_symlink_mrpt_nav_interfaces
[1.043s] [ 24%] Built target mrpt_nav_interfaces__rosidl_typesupport_cpp
[1.061s] [ 35%] Built target mrpt_nav_interfaces__rosidl_typesupport_c
[1.067s] [ 47%] Built target mrpt_nav_interfaces__rosidl_typesupport_introspection_cpp
[1.070s] [ 59%] Built target mrpt_nav_interfaces__rosidl_typesupport_introspection_c
[1.073s] [ 70%] Built target mrpt_nav_interfaces__rosidl_typesupport_fastrtps_cpp
[1.106s] [ 82%] Built target mrpt_nav_interfaces__rosidl_typesupport_fastrtps_c
[1.214s] [ 82%] Built target mrpt_nav_interfaces
[1.311s] [ 83%] Built target mrpt_nav_interfaces__py
[1.471s] [ 94%] Built target mrpt_nav_interfaces__rosidl_generator_py
[1.615s] [ 96%] Built target mrpt_nav_interfaces__rosidl_typesupport_fastrtps_c__pyext
[1.628s] [ 98%] Built target mrpt_nav_interfaces__rosidl_typesupport_introspection_c__pyext
[1.630s] [100%] Built target mrpt_nav_interfaces__rosidl_typesupport_c__pyext
[1.811s] running egg_info
[1.875s] writing mrpt_nav_interfaces.egg-info/PKG-INFO
[1.876s] writing dependency_links to mrpt_nav_interfaces.egg-info/dependency_links.txt
[1.877s] writing top-level names to mrpt_nav_interfaces.egg-info/top_level.txt
[2.133s] reading manifest file 'mrpt_nav_interfaces.egg-info/SOURCES.txt'
[2.147s] writing manifest file 'mrpt_nav_interfaces.egg-info/SOURCES.txt'
[2.365s] [100%] Built target ament_cmake_python_build_mrpt_nav_interfaces_egg
[2.421s] Invoked command in '/home/jozef/ros2_ws/build/mrpt_nav_interfaces' returned '0': CMAKE_PREFIX_PATH=/home/jozef/ros2_ws/install/tb2_control:/home/jozef/ros2_ws/install/tb2_bringup:/home/jozef/ros2_ws/install/mocap4r2cli:/home/jozef/ros2_ws/install/localization_benchmarking:/opt/ros/humble:/home/jozef/ros2_ws/install/mrpt_msgs:/home/jozef/ros2_ws/install/tb2_slam:/home/jozef/ros2_ws/install/rqt_mocap4r2_control:/home/jozef/ros2_ws/install/neo_localization2:/home/jozef/ros2_ws/install/mrpt_navigation:/home/jozef/ros2_ws/install/mrpt_tutorials:/home/jozef/ros2_ws/install/mrpt_tps_astar_planner:/home/jozef/ros2_ws/install/mrpt_reactivenav2d:/home/jozef/ros2_ws/install/mrpt_rawlog:/home/jozef/ros2_ws/install/mrpt_pointcloud_pipeline:/home/jozef/ros2_ws/install/mrpt_pf_localization:/home/jozef/ros2_ws/install/mrpt_map_server:/home/jozef/ros2_ws/install/mrpt_nav_interfaces:/home/jozef/ros2_ws/install/mrpt_msgs_bridge:/home/jozef/ros2_ws/install/mocap4r2_robot_gt:/home/jozef/ros2_ws/install/mocap4r2_robot_gt_msgs:/home/jozef/ros2_ws/install/mocap4r2_optitrack_driver:/home/jozef/ros2_ws/install/mocap4r2_marker_viz:/home/jozef/ros2_ws/install/mocap4r2_marker_publisher:/home/jozef/ros2_ws/install/mocap4r2_dummy_driver:/home/jozef/ros2_ws/install/mocap4r2_msgs:/home/jozef/ros2_ws/install/mocap4r2_marker_viz_srvs:/home/jozef/ros2_ws/install/mocap4r2_control:/home/jozef/ros2_ws/install/mocap4r2_control_msgs:/home/jozef/ros2_ws/install/message_filters LD_LIBRARY_PATH=/home/jozef/ros2_ws/install/mrpt_msgs/lib:/home/jozef/ros2_ws/install/rqt_mocap4r2_control/lib:/home/jozef/ros2_ws/install/neo_localization2/lib:/home/jozef/ros2_ws/install/mrpt_pointcloud_pipeline/lib:/home/jozef/ros2_ws/install/mrpt_pf_localization/lib:/home/jozef/ros2_ws/install/mrpt_nav_interfaces/lib:/home/jozef/ros2_ws/install/mocap4r2_robot_gt/lib:/home/jozef/ros2_ws/install/mocap4r2_robot_gt_msgs/lib:/home/jozef/ros2_ws/install/mocap4r2_optitrack_driver/lib:/home/jozef/ros2_ws/install/mocap4r2_msgs/lib:/home/jozef/ros2_ws/install/mocap4r2_marker_viz_srvs/lib:/home/jozef/ros2_ws/install/mocap4r2_control/lib:/home/jozef/ros2_ws/install/mocap4r2_control_msgs/lib:/home/jozef/ros2_ws/install/message_filters/lib:/opt/ros/humble/opt/rviz_ogre_vendor/lib:/opt/ros/humble/lib/x86_64-linux-gnu:/opt/ros/humble/lib /usr/bin/cmake --build /home/jozef/ros2_ws/build/mrpt_nav_interfaces -- -j8 -l8
[2.448s] Invoking command in '/home/jozef/ros2_ws/build/mrpt_nav_interfaces': CMAKE_PREFIX_PATH=/home/jozef/ros2_ws/install/tb2_control:/home/jozef/ros2_ws/install/tb2_bringup:/home/jozef/ros2_ws/install/mocap4r2cli:/home/jozef/ros2_ws/install/localization_benchmarking:/opt/ros/humble:/home/jozef/ros2_ws/install/mrpt_msgs:/home/jozef/ros2_ws/install/tb2_slam:/home/jozef/ros2_ws/install/rqt_mocap4r2_control:/home/jozef/ros2_ws/install/neo_localization2:/home/jozef/ros2_ws/install/mrpt_navigation:/home/jozef/ros2_ws/install/mrpt_tutorials:/home/jozef/ros2_ws/install/mrpt_tps_astar_planner:/home/jozef/ros2_ws/install/mrpt_reactivenav2d:/home/jozef/ros2_ws/install/mrpt_rawlog:/home/jozef/ros2_ws/install/mrpt_pointcloud_pipeline:/home/jozef/ros2_ws/install/mrpt_pf_localization:/home/jozef/ros2_ws/install/mrpt_map_server:/home/jozef/ros2_ws/install/mrpt_nav_interfaces:/home/jozef/ros2_ws/install/mrpt_msgs_bridge:/home/jozef/ros2_ws/install/mocap4r2_robot_gt:/home/jozef/ros2_ws/install/mocap4r2_robot_gt_msgs:/home/jozef/ros2_ws/install/mocap4r2_optitrack_driver:/home/jozef/ros2_ws/install/mocap4r2_marker_viz:/home/jozef/ros2_ws/install/mocap4r2_marker_publisher:/home/jozef/ros2_ws/install/mocap4r2_dummy_driver:/home/jozef/ros2_ws/install/mocap4r2_msgs:/home/jozef/ros2_ws/install/mocap4r2_marker_viz_srvs:/home/jozef/ros2_ws/install/mocap4r2_control:/home/jozef/ros2_ws/install/mocap4r2_control_msgs:/home/jozef/ros2_ws/install/message_filters LD_LIBRARY_PATH=/home/jozef/ros2_ws/install/mrpt_msgs/lib:/home/jozef/ros2_ws/install/rqt_mocap4r2_control/lib:/home/jozef/ros2_ws/install/neo_localization2/lib:/home/jozef/ros2_ws/install/mrpt_pointcloud_pipeline/lib:/home/jozef/ros2_ws/install/mrpt_pf_localization/lib:/home/jozef/ros2_ws/install/mrpt_nav_interfaces/lib:/home/jozef/ros2_ws/install/mocap4r2_robot_gt/lib:/home/jozef/ros2_ws/install/mocap4r2_robot_gt_msgs/lib:/home/jozef/ros2_ws/install/mocap4r2_optitrack_driver/lib:/home/jozef/ros2_ws/install/mocap4r2_msgs/lib:/home/jozef/ros2_ws/install/mocap4r2_marker_viz_srvs/lib:/home/jozef/ros2_ws/install/mocap4r2_control/lib:/home/jozef/ros2_ws/install/mocap4r2_control_msgs/lib:/home/jozef/ros2_ws/install/message_filters/lib:/opt/ros/humble/opt/rviz_ogre_vendor/lib:/opt/ros/humble/lib/x86_64-linux-gnu:/opt/ros/humble/lib /usr/bin/cmake --install /home/jozef/ros2_ws/build/mrpt_nav_interfaces
[2.468s] -- Install configuration: ""
[2.484s] -- Execute custom install script
[2.485s] -- Up-to-date symlink: /home/jozef/ros2_ws/install/mrpt_nav_interfaces/share/ament_index/resource_index/rosidl_interfaces/mrpt_nav_interfaces
[2.486s] -- Up-to-date symlink: /home/jozef/ros2_ws/install/mrpt_nav_interfaces/include/mrpt_nav_interfaces/mrpt_nav_interfaces/action/detail/navigate_goal__functions.h
[2.486s] -- Up-to-date symlink: /home/jozef/ros2_ws/install/mrpt_nav_interfaces/include/mrpt_nav_interfaces/mrpt_nav_interfaces/action/detail/navigate_goal__struct.h
[2.486s] -- Up-to-date symlink: /home/jozef/ros2_ws/install/mrpt_nav_interfaces/include/mrpt_nav_interfaces/mrpt_nav_interfaces/action/detail/navigate_goal__type_support.h
[2.486s] -- Up-to-date symlink: /home/jozef/ros2_ws/install/mrpt_nav_interfaces/include/mrpt_nav_interfaces/mrpt_nav_interfaces/action/detail/navigate_waypoints__functions.h
[2.486s] -- Up-to-date symlink: /home/jozef/ros2_ws/install/mrpt_nav_interfaces/include/mrpt_nav_interfaces/mrpt_nav_interfaces/action/detail/navigate_waypoints__struct.h
[2.486s] -- Up-to-date symlink: /home/jozef/ros2_ws/install/mrpt_nav_interfaces/include/mrpt_nav_interfaces/mrpt_nav_interfaces/action/detail/navigate_waypoints__type_support.h
[2.486s] -- Up-to-date symlink: /home/jozef/ros2_ws/install/mrpt_nav_interfaces/include/mrpt_nav_interfaces/mrpt_nav_interfaces/action/navigate_goal.h
[2.486s] -- Up-to-date symlink: /home/jozef/ros2_ws/install/mrpt_nav_interfaces/include/mrpt_nav_interfaces/mrpt_nav_interfaces/action/navigate_waypoints.h
[2.487s] -- Up-to-date symlink: /home/jozef/ros2_ws/install/mrpt_nav_interfaces/include/mrpt_nav_interfaces/mrpt_nav_interfaces/msg/detail/georeferencing_metadata__functions.h
[2.487s] -- Up-to-date symlink: /home/jozef/ros2_ws/install/mrpt_nav_interfaces/include/mrpt_nav_interfaces/mrpt_nav_interfaces/msg/detail/georeferencing_metadata__struct.h
[2.487s] -- Up-to-date symlink: /home/jozef/ros2_ws/install/mrpt_nav_interfaces/include/mrpt_nav_interfaces/mrpt_nav_interfaces/msg/detail/georeferencing_metadata__type_support.h
[2.487s] -- Up-to-date symlink: /home/jozef/ros2_ws/install/mrpt_nav_interfaces/include/mrpt_nav_interfaces/mrpt_nav_interfaces/msg/detail/navigation_feedback__functions.h
[2.487s] -- Up-to-date symlink: /home/jozef/ros2_ws/install/mrpt_nav_interfaces/include/mrpt_nav_interfaces/mrpt_nav_interfaces/msg/detail/navigation_feedback__struct.h
[2.487s] -- Up-to-date symlink: /home/jozef/ros2_ws/install/mrpt_nav_interfaces/include/mrpt_nav_interfaces/mrpt_nav_interfaces/msg/detail/navigation_feedback__type_support.h
[2.487s] -- Up-to-date symlink: /home/jozef/ros2_ws/install/mrpt_nav_interfaces/include/mrpt_nav_interfaces/mrpt_nav_interfaces/msg/detail/navigation_final_status__functions.h
[2.488s] -- Up-to-date symlink: /home/jozef/ros2_ws/install/mrpt_nav_interfaces/include/mrpt_nav_interfaces/mrpt_nav_interfaces/msg/detail/navigation_final_status__struct.h
[2.488s] -- Up-to-date symlink: /home/jozef/ros2_ws/install/mrpt_nav_interfaces/include/mrpt_nav_interfaces/mrpt_nav_interfaces/msg/detail/navigation_final_status__type_support.h
[2.488s] -- Up-to-date symlink: /home/jozef/ros2_ws/install/mrpt_nav_interfaces/include/mrpt_nav_interfaces/mrpt_nav_interfaces/msg/georeferencing_metadata.h
[2.488s] -- Up-to-date symlink: /home/jozef/ros2_ws/install/mrpt_nav_interfaces/include/mrpt_nav_interfaces/mrpt_nav_interfaces/msg/navigation_feedback.h
[2.495s] -- Up-to-date symlink: /home/jozef/ros2_ws/install/mrpt_nav_interfaces/include/mrpt_nav_interfaces/mrpt_nav_interfaces/msg/navigation_final_status.h
[2.495s] -- Up-to-date symlink: /home/jozef/ros2_ws/install/mrpt_nav_interfaces/include/mrpt_nav_interfaces/mrpt_nav_interfaces/msg/rosidl_generator_c__visibility_control.h
[2.495s] -- Up-to-date symlink: /home/jozef/ros2_ws/install/mrpt_nav_interfaces/include/mrpt_nav_interfaces/mrpt_nav_interfaces/srv/detail/get_gridmap_layer__functions.h
[2.496s] -- Up-to-date symlink: /home/jozef/ros2_ws/install/mrpt_nav_interfaces/include/mrpt_nav_interfaces/mrpt_nav_interfaces/srv/detail/get_gridmap_layer__struct.h
[2.496s] -- Up-to-date symlink: /home/jozef/ros2_ws/install/mrpt_nav_interfaces/include/mrpt_nav_interfaces/mrpt_nav_interfaces/srv/detail/get_gridmap_layer__type_support.h
[2.497s] -- Up-to-date symlink: /home/jozef/ros2_ws/install/mrpt_nav_interfaces/include/mrpt_nav_interfaces/mrpt_nav_interfaces/srv/detail/get_layers__functions.h
[2.497s] -- Up-to-date symlink: /home/jozef/ros2_ws/install/mrpt_nav_interfaces/include/mrpt_nav_interfaces/mrpt_nav_interfaces/srv/detail/get_layers__struct.h
[2.503s] -- Up-to-date symlink: /home/jozef/ros2_ws/install/mrpt_nav_interfaces/include/mrpt_nav_interfaces/mrpt_nav_interfaces/srv/detail/get_layers__type_support.h
[2.503s] -- Up-to-date symlink: /home/jozef/ros2_ws/install/mrpt_nav_interfaces/include/mrpt_nav_interfaces/mrpt_nav_interfaces/srv/detail/get_pointmap_layer__functions.h
[2.504s] -- Up-to-date symlink: /home/jozef/ros2_ws/install/mrpt_nav_interfaces/include/mrpt_nav_interfaces/mrpt_nav_interfaces/srv/detail/get_pointmap_layer__struct.h
[2.504s] -- Up-to-date symlink: /home/jozef/ros2_ws/install/mrpt_nav_interfaces/include/mrpt_nav_interfaces/mrpt_nav_interfaces/srv/detail/get_pointmap_layer__type_support.h
[2.504s] -- Up-to-date symlink: /home/jozef/ros2_ws/install/mrpt_nav_interfaces/include/mrpt_nav_interfaces/mrpt_nav_interfaces/srv/detail/make_plan_from_to__functions.h
[2.504s] -- Up-to-date symlink: /home/jozef/ros2_ws/install/mrpt_nav_interfaces/include/mrpt_nav_interfaces/mrpt_nav_interfaces/srv/detail/make_plan_from_to__struct.h
[2.504s] -- Up-to-date symlink: /home/jozef/ros2_ws/install/mrpt_nav_interfaces/include/mrpt_nav_interfaces/mrpt_nav_interfaces/srv/detail/make_plan_from_to__type_support.h
[2.504s] -- Up-to-date symlink: /home/jozef/ros2_ws/install/mrpt_nav_interfaces/include/mrpt_nav_interfaces/mrpt_nav_interfaces/srv/detail/make_plan_to__functions.h
[2.504s] -- Up-to-date symlink: /home/jozef/ros2_ws/install/mrpt_nav_interfaces/include/mrpt_nav_interfaces/mrpt_nav_interfaces/srv/detail/make_plan_to__struct.h
[2.504s] -- Up-to-date symlink: /home/jozef/ros2_ws/install/mrpt_nav_interfaces/include/mrpt_nav_interfaces/mrpt_nav_interfaces/srv/detail/make_plan_to__type_support.h
[2.505s] -- Up-to-date symlink: /home/jozef/ros2_ws/install/mrpt_nav_interfaces/include/mrpt_nav_interfaces/mrpt_nav_interfaces/srv/get_gridmap_layer.h
[2.505s] -- Up-to-date symlink: /home/jozef/ros2_ws/install/mrpt_nav_interfaces/include/mrpt_nav_interfaces/mrpt_nav_interfaces/srv/get_layers.h
[2.505s] -- Up-to-date symlink: /home/jozef/ros2_ws/install/mrpt_nav_interfaces/include/mrpt_nav_interfaces/mrpt_nav_interfaces/srv/get_pointmap_layer.h
[2.505s] -- Up-to-date symlink: /home/jozef/ros2_ws/install/mrpt_nav_interfaces/include/mrpt_nav_interfaces/mrpt_nav_interfaces/srv/make_plan_from_to.h
[2.505s] -- Up-to-date symlink: /home/jozef/ros2_ws/install/mrpt_nav_interfaces/include/mrpt_nav_interfaces/mrpt_nav_interfaces/srv/make_plan_to.h
[2.505s] -- Up-to-date symlink: /home/jozef/ros2_ws/install/mrpt_nav_interfaces/share/mrpt_nav_interfaces/environment/library_path.sh
[2.505s] -- Up-to-date symlink: /home/jozef/ros2_ws/install/mrpt_nav_interfaces/share/mrpt_nav_interfaces/environment/library_path.dsv
[2.505s] -- Up-to-date symlink: /home/jozef/ros2_ws/install/mrpt_nav_interfaces/include/mrpt_nav_interfaces/mrpt_nav_interfaces/action/detail/navigate_goal__rosidl_typesupport_fastrtps_c.h
[2.506s] -- Up-to-date symlink: /home/jozef/ros2_ws/install/mrpt_nav_interfaces/include/mrpt_nav_interfaces/mrpt_nav_interfaces/action/detail/navigate_waypoints__rosidl_typesupport_fastrtps_c.h
[2.506s] -- Up-to-date symlink: /home/jozef/ros2_ws/install/mrpt_nav_interfaces/include/mrpt_nav_interfaces/mrpt_nav_interfaces/msg/detail/georeferencing_metadata__rosidl_typesupport_fastrtps_c.h
[2.506s] -- Up-to-date symlink: /home/jozef/ros2_ws/install/mrpt_nav_interfaces/include/mrpt_nav_interfaces/mrpt_nav_interfaces/msg/detail/navigation_feedback__rosidl_typesupport_fastrtps_c.h
[2.506s] -- Up-to-date symlink: /home/jozef/ros2_ws/install/mrpt_nav_interfaces/include/mrpt_nav_interfaces/mrpt_nav_interfaces/msg/detail/navigation_final_status__rosidl_typesupport_fastrtps_c.h
[2.506s] -- Up-to-date symlink: /home/jozef/ros2_ws/install/mrpt_nav_interfaces/include/mrpt_nav_interfaces/mrpt_nav_interfaces/msg/rosidl_typesupport_fastrtps_c__visibility_control.h
[2.506s] -- Up-to-date symlink: /home/jozef/ros2_ws/install/mrpt_nav_interfaces/include/mrpt_nav_interfaces/mrpt_nav_interfaces/srv/detail/get_gridmap_layer__rosidl_typesupport_fastrtps_c.h
[2.506s] -- Up-to-date symlink: /home/jozef/ros2_ws/install/mrpt_nav_interfaces/include/mrpt_nav_interfaces/mrpt_nav_interfaces/srv/detail/get_layers__rosidl_typesupport_fastrtps_c.h
[2.506s] -- Up-to-date symlink: /home/jozef/ros2_ws/install/mrpt_nav_interfaces/include/mrpt_nav_interfaces/mrpt_nav_interfaces/srv/detail/get_pointmap_layer__rosidl_typesupport_fastrtps_c.h
[2.507s] -- Up-to-date symlink: /home/jozef/ros2_ws/install/mrpt_nav_interfaces/include/mrpt_nav_interfaces/mrpt_nav_interfaces/srv/detail/make_plan_from_to__rosidl_typesupport_fastrtps_c.h
[2.507s] -- Up-to-date symlink: /home/jozef/ros2_ws/install/mrpt_nav_interfaces/include/mrpt_nav_interfaces/mrpt_nav_interfaces/srv/detail/make_plan_to__rosidl_typesupport_fastrtps_c.h
[2.507s] -- Up-to-date symlink: /home/jozef/ros2_ws/install/mrpt_nav_interfaces/include/mrpt_nav_interfaces/mrpt_nav_interfaces/action/detail/navigate_goal__rosidl_typesupport_introspection_c.h
[2.507s] -- Up-to-date symlink: /home/jozef/ros2_ws/install/mrpt_nav_interfaces/include/mrpt_nav_interfaces/mrpt_nav_interfaces/action/detail/navigate_waypoints__rosidl_typesupport_introspection_c.h
[2.511s] -- Up-to-date symlink: /home/jozef/ros2_ws/install/mrpt_nav_interfaces/include/mrpt_nav_interfaces/mrpt_nav_interfaces/msg/detail/georeferencing_metadata__rosidl_typesupport_introspection_c.h
[2.511s] -- Up-to-date symlink: /home/jozef/ros2_ws/install/mrpt_nav_interfaces/include/mrpt_nav_interfaces/mrpt_nav_interfaces/msg/detail/navigation_feedback__rosidl_typesupport_introspection_c.h
[2.512s] -- Up-to-date symlink: /home/jozef/ros2_ws/install/mrpt_nav_interfaces/include/mrpt_nav_interfaces/mrpt_nav_interfaces/msg/detail/navigation_final_status__rosidl_typesupport_introspection_c.h
[2.512s] -- Up-to-date symlink: /home/jozef/ros2_ws/install/mrpt_nav_interfaces/include/mrpt_nav_interfaces/mrpt_nav_interfaces/msg/rosidl_typesupport_introspection_c__visibility_control.h
[2.513s] -- Up-to-date symlink: /home/jozef/ros2_ws/install/mrpt_nav_interfaces/include/mrpt_nav_interfaces/mrpt_nav_interfaces/srv/detail/get_gridmap_layer__rosidl_typesupport_introspection_c.h
[2.514s] -- Up-to-date symlink: /home/jozef/ros2_ws/install/mrpt_nav_interfaces/include/mrpt_nav_interfaces/mrpt_nav_interfaces/srv/detail/get_layers__rosidl_typesupport_introspection_c.h
[2.514s] -- Up-to-date symlink: /home/jozef/ros2_ws/install/mrpt_nav_interfaces/include/mrpt_nav_interfaces/mrpt_nav_interfaces/srv/detail/get_pointmap_layer__rosidl_typesupport_introspection_c.h
[2.514s] -- Up-to-date symlink: /home/jozef/ros2_ws/install/mrpt_nav_interfaces/include/mrpt_nav_interfaces/mrpt_nav_interfaces/srv/detail/make_plan_from_to__rosidl_typesupport_introspection_c.h
[2.514s] -- Up-to-date symlink: /home/jozef/ros2_ws/install/mrpt_nav_interfaces/include/mrpt_nav_interfaces/mrpt_nav_interfaces/srv/detail/make_plan_to__rosidl_typesupport_introspection_c.h
[2.515s] -- Up-to-date symlink: /home/jozef/ros2_ws/install/mrpt_nav_interfaces/include/mrpt_nav_interfaces/mrpt_nav_interfaces/action/detail/navigate_goal__builder.hpp
[2.515s] -- Up-to-date symlink: /home/jozef/ros2_ws/install/mrpt_nav_interfaces/include/mrpt_nav_interfaces/mrpt_nav_interfaces/action/detail/navigate_goal__struct.hpp
[2.515s] -- Up-to-date symlink: /home/jozef/ros2_ws/install/mrpt_nav_interfaces/include/mrpt_nav_interfaces/mrpt_nav_interfaces/action/detail/navigate_goal__traits.hpp
[2.515s] -- Up-to-date symlink: /home/jozef/ros2_ws/install/mrpt_nav_interfaces/include/mrpt_nav_interfaces/mrpt_nav_interfaces/action/detail/navigate_goal__type_support.hpp
[2.518s] -- Up-to-date symlink: /home/jozef/ros2_ws/install/mrpt_nav_interfaces/include/mrpt_nav_interfaces/mrpt_nav_interfaces/action/detail/navigate_waypoints__builder.hpp
[2.518s] -- Up-to-date symlink: /home/jozef/ros2_ws/install/mrpt_nav_interfaces/include/mrpt_nav_interfaces/mrpt_nav_interfaces/action/detail/navigate_waypoints__struct.hpp
[2.518s] -- Up-to-date symlink: /home/jozef/ros2_ws/install/mrpt_nav_interfaces/include/mrpt_nav_interfaces/mrpt_nav_interfaces/action/detail/navigate_waypoints__traits.hpp
[2.518s] -- Up-to-date symlink: /home/jozef/ros2_ws/install/mrpt_nav_interfaces/include/mrpt_nav_interfaces/mrpt_nav_interfaces/action/detail/navigate_waypoints__type_support.hpp
[2.518s] -- Up-to-date symlink: /home/jozef/ros2_ws/install/mrpt_nav_interfaces/include/mrpt_nav_interfaces/mrpt_nav_interfaces/action/navigate_goal.hpp
[2.519s] -- Up-to-date symlink: /home/jozef/ros2_ws/install/mrpt_nav_interfaces/include/mrpt_nav_interfaces/mrpt_nav_interfaces/action/navigate_waypoints.hpp
[2.519s] -- Up-to-date symlink: /home/jozef/ros2_ws/install/mrpt_nav_interfaces/include/mrpt_nav_interfaces/mrpt_nav_interfaces/msg/detail/georeferencing_metadata__builder.hpp
[2.524s] -- Up-to-date symlink: /home/jozef/ros2_ws/install/mrpt_nav_interfaces/include/mrpt_nav_interfaces/mrpt_nav_interfaces/msg/detail/georeferencing_metadata__struct.hpp
[2.527s] -- Up-to-date symlink: /home/jozef/ros2_ws/install/mrpt_nav_interfaces/include/mrpt_nav_interfaces/mrpt_nav_interfaces/msg/detail/georeferencing_metadata__traits.hpp
[2.528s] -- Up-to-date symlink: /home/jozef/ros2_ws/install/mrpt_nav_interfaces/include/mrpt_nav_interfaces/mrpt_nav_interfaces/msg/detail/georeferencing_metadata__type_support.hpp
[2.532s] -- Up-to-date symlink: /home/jozef/ros2_ws/install/mrpt_nav_interfaces/include/mrpt_nav_interfaces/mrpt_nav_interfaces/msg/detail/navigation_feedback__builder.hpp
[2.532s] -- Up-to-date symlink: /home/jozef/ros2_ws/install/mrpt_nav_interfaces/include/mrpt_nav_interfaces/mrpt_nav_interfaces/msg/detail/navigation_feedback__struct.hpp
[2.532s] -- Up-to-date symlink: /home/jozef/ros2_ws/install/mrpt_nav_interfaces/include/mrpt_nav_interfaces/mrpt_nav_interfaces/msg/detail/navigation_feedback__traits.hpp
[2.532s] -- Up-to-date symlink: /home/jozef/ros2_ws/install/mrpt_nav_interfaces/include/mrpt_nav_interfaces/mrpt_nav_interfaces/msg/detail/navigation_feedback__type_support.hpp
[2.532s] -- Up-to-date symlink: /home/jozef/ros2_ws/install/mrpt_nav_interfaces/include/mrpt_nav_interfaces/mrpt_nav_interfaces/msg/detail/navigation_final_status__builder.hpp
[2.532s] -- Up-to-date symlink: /home/jozef/ros2_ws/install/mrpt_nav_interfaces/include/mrpt_nav_interfaces/mrpt_nav_interfaces/msg/detail/navigation_final_status__struct.hpp
[2.533s] -- Up-to-date symlink: /home/jozef/ros2_ws/install/mrpt_nav_interfaces/include/mrpt_nav_interfaces/mrpt_nav_interfaces/msg/detail/navigation_final_status__traits.hpp
[2.533s] -- Up-to-date symlink: /home/jozef/ros2_ws/install/mrpt_nav_interfaces/include/mrpt_nav_interfaces/mrpt_nav_interfaces/msg/detail/navigation_final_status__type_support.hpp
[2.533s] -- Up-to-date symlink: /home/jozef/ros2_ws/install/mrpt_nav_interfaces/include/mrpt_nav_interfaces/mrpt_nav_interfaces/msg/georeferencing_metadata.hpp
[2.533s] -- Up-to-date symlink: /home/jozef/ros2_ws/install/mrpt_nav_interfaces/include/mrpt_nav_interfaces/mrpt_nav_interfaces/msg/navigation_feedback.hpp
[2.533s] -- Up-to-date symlink: /home/jozef/ros2_ws/install/mrpt_nav_interfaces/include/mrpt_nav_interfaces/mrpt_nav_interfaces/msg/navigation_final_status.hpp
[2.533s] -- Up-to-date symlink: /home/jozef/ros2_ws/install/mrpt_nav_interfaces/include/mrpt_nav_interfaces/mrpt_nav_interfaces/msg/rosidl_generator_cpp__visibility_control.hpp
[2.533s] -- Up-to-date symlink: /home/jozef/ros2_ws/install/mrpt_nav_interfaces/include/mrpt_nav_interfaces/mrpt_nav_interfaces/srv/detail/get_gridmap_layer__builder.hpp
[2.534s] -- Up-to-date symlink: /home/jozef/ros2_ws/install/mrpt_nav_interfaces/include/mrpt_nav_interfaces/mrpt_nav_interfaces/srv/detail/get_gridmap_layer__struct.hpp
[2.534s] -- Up-to-date symlink: /home/jozef/ros2_ws/install/mrpt_nav_interfaces/include/mrpt_nav_interfaces/mrpt_nav_interfaces/srv/detail/get_gridmap_layer__traits.hpp
[2.534s] -- Up-to-date symlink: /home/jozef/ros2_ws/install/mrpt_nav_interfaces/include/mrpt_nav_interfaces/mrpt_nav_interfaces/srv/detail/get_gridmap_layer__type_support.hpp
[2.537s] -- Up-to-date symlink: /home/jozef/ros2_ws/install/mrpt_nav_interfaces/include/mrpt_nav_interfaces/mrpt_nav_interfaces/srv/detail/get_layers__builder.hpp
[2.537s] -- Up-to-date symlink: /home/jozef/ros2_ws/install/mrpt_nav_interfaces/include/mrpt_nav_interfaces/mrpt_nav_interfaces/srv/detail/get_layers__struct.hpp
[2.538s] -- Up-to-date symlink: /home/jozef/ros2_ws/install/mrpt_nav_interfaces/include/mrpt_nav_interfaces/mrpt_nav_interfaces/srv/detail/get_layers__traits.hpp
[2.538s] -- Up-to-date symlink: /home/jozef/ros2_ws/install/mrpt_nav_interfaces/include/mrpt_nav_interfaces/mrpt_nav_interfaces/srv/detail/get_layers__type_support.hpp
[2.538s] -- Up-to-date symlink: /home/jozef/ros2_ws/install/mrpt_nav_interfaces/include/mrpt_nav_interfaces/mrpt_nav_interfaces/srv/detail/get_pointmap_layer__builder.hpp
[2.538s] -- Up-to-date symlink: /home/jozef/ros2_ws/install/mrpt_nav_interfaces/include/mrpt_nav_interfaces/mrpt_nav_interfaces/srv/detail/get_pointmap_layer__struct.hpp
[2.538s] -- Up-to-date symlink: /home/jozef/ros2_ws/install/mrpt_nav_interfaces/include/mrpt_nav_interfaces/mrpt_nav_interfaces/srv/detail/get_pointmap_layer__traits.hpp
[2.538s] -- Up-to-date symlink: /home/jozef/ros2_ws/install/mrpt_nav_interfaces/include/mrpt_nav_interfaces/mrpt_nav_interfaces/srv/detail/get_pointmap_layer__type_support.hpp
[2.538s] -- Up-to-date symlink: /home/jozef/ros2_ws/install/mrpt_nav_interfaces/include/mrpt_nav_interfaces/mrpt_nav_interfaces/srv/detail/make_plan_from_to__builder.hpp
[2.539s] -- Up-to-date symlink: /home/jozef/ros2_ws/install/mrpt_nav_interfaces/include/mrpt_nav_interfaces/mrpt_nav_interfaces/srv/detail/make_plan_from_to__struct.hpp
[2.539s] -- Up-to-date symlink: /home/jozef/ros2_ws/install/mrpt_nav_interfaces/include/mrpt_nav_interfaces/mrpt_nav_interfaces/srv/detail/make_plan_from_to__traits.hpp
[2.539s] -- Up-to-date symlink: /home/jozef/ros2_ws/install/mrpt_nav_interfaces/include/mrpt_nav_interfaces/mrpt_nav_interfaces/srv/detail/make_plan_from_to__type_support.hpp
[2.539s] -- Up-to-date symlink: /home/jozef/ros2_ws/install/mrpt_nav_interfaces/include/mrpt_nav_interfaces/mrpt_nav_interfaces/srv/detail/make_plan_to__builder.hpp
[2.539s] -- Up-to-date symlink: /home/jozef/ros2_ws/install/mrpt_nav_interfaces/include/mrpt_nav_interfaces/mrpt_nav_interfaces/srv/detail/make_plan_to__struct.hpp
[2.539s] -- Up-to-date symlink: /home/jozef/ros2_ws/install/mrpt_nav_interfaces/include/mrpt_nav_interfaces/mrpt_nav_interfaces/srv/detail/make_plan_to__traits.hpp
[2.539s] -- Up-to-date symlink: /home/jozef/ros2_ws/install/mrpt_nav_interfaces/include/mrpt_nav_interfaces/mrpt_nav_interfaces/srv/detail/make_plan_to__type_support.hpp
[2.539s] -- Up-to-date symlink: /home/jozef/ros2_ws/install/mrpt_nav_interfaces/include/mrpt_nav_interfaces/mrpt_nav_interfaces/srv/get_gridmap_layer.hpp
[2.540s] -- Up-to-date symlink: /home/jozef/ros2_ws/install/mrpt_nav_interfaces/include/mrpt_nav_interfaces/mrpt_nav_interfaces/srv/get_layers.hpp
[2.540s] -- Up-to-date symlink: /home/jozef/ros2_ws/install/mrpt_nav_interfaces/include/mrpt_nav_interfaces/mrpt_nav_interfaces/srv/get_pointmap_layer.hpp
[2.540s] -- Up-to-date symlink: /home/jozef/ros2_ws/install/mrpt_nav_interfaces/include/mrpt_nav_interfaces/mrpt_nav_interfaces/srv/make_plan_from_to.hpp
[2.540s] -- Up-to-date symlink: /home/jozef/ros2_ws/install/mrpt_nav_interfaces/include/mrpt_nav_interfaces/mrpt_nav_interfaces/srv/make_plan_to.hpp
[2.540s] -- Up-to-date symlink: /home/jozef/ros2_ws/install/mrpt_nav_interfaces/include/mrpt_nav_interfaces/mrpt_nav_interfaces/action/detail/navigate_goal__rosidl_typesupport_fastrtps_cpp.hpp
[2.540s] -- Up-to-date symlink: /home/jozef/ros2_ws/install/mrpt_nav_interfaces/include/mrpt_nav_interfaces/mrpt_nav_interfaces/action/detail/navigate_waypoints__rosidl_typesupport_fastrtps_cpp.hpp
[2.541s] -- Up-to-date symlink: /home/jozef/ros2_ws/install/mrpt_nav_interfaces/include/mrpt_nav_interfaces/mrpt_nav_interfaces/msg/detail/georeferencing_metadata__rosidl_typesupport_fastrtps_cpp.hpp
[2.542s] -- Up-to-date symlink: /home/jozef/ros2_ws/install/mrpt_nav_interfaces/include/mrpt_nav_interfaces/mrpt_nav_interfaces/msg/detail/navigation_feedback__rosidl_typesupport_fastrtps_cpp.hpp
[2.542s] -- Up-to-date symlink: /home/jozef/ros2_ws/install/mrpt_nav_interfaces/include/mrpt_nav_interfaces/mrpt_nav_interfaces/msg/detail/navigation_final_status__rosidl_typesupport_fastrtps_cpp.hpp
[2.542s] -- Up-to-date symlink: /home/jozef/ros2_ws/install/mrpt_nav_interfaces/include/mrpt_nav_interfaces/mrpt_nav_interfaces/msg/rosidl_typesupport_fastrtps_cpp__visibility_control.h
[2.542s] -- Up-to-date symlink: /home/jozef/ros2_ws/install/mrpt_nav_interfaces/include/mrpt_nav_interfaces/mrpt_nav_interfaces/srv/detail/get_gridmap_layer__rosidl_typesupport_fastrtps_cpp.hpp
[2.542s] -- Up-to-date symlink: /home/jozef/ros2_ws/install/mrpt_nav_interfaces/include/mrpt_nav_interfaces/mrpt_nav_interfaces/srv/detail/get_layers__rosidl_typesupport_fastrtps_cpp.hpp
[2.543s] -- Up-to-date symlink: /home/jozef/ros2_ws/install/mrpt_nav_interfaces/include/mrpt_nav_interfaces/mrpt_nav_interfaces/srv/detail/get_pointmap_layer__rosidl_typesupport_fastrtps_cpp.hpp
[2.543s] -- Up-to-date symlink: /home/jozef/ros2_ws/install/mrpt_nav_interfaces/include/mrpt_nav_interfaces/mrpt_nav_interfaces/srv/detail/make_plan_from_to__rosidl_typesupport_fastrtps_cpp.hpp
[2.543s] -- Up-to-date symlink: /home/jozef/ros2_ws/install/mrpt_nav_interfaces/include/mrpt_nav_interfaces/mrpt_nav_interfaces/srv/detail/make_plan_to__rosidl_typesupport_fastrtps_cpp.hpp
[2.543s] -- Up-to-date symlink: /home/jozef/ros2_ws/install/mrpt_nav_interfaces/include/mrpt_nav_interfaces/mrpt_nav_interfaces/action/detail/navigate_goal__rosidl_typesupport_introspection_cpp.hpp
[2.543s] -- Up-to-date symlink: /home/jozef/ros2_ws/install/mrpt_nav_interfaces/include/mrpt_nav_interfaces/mrpt_nav_interfaces/action/detail/navigate_waypoints__rosidl_typesupport_introspection_cpp.hpp
[2.543s] -- Up-to-date symlink: /home/jozef/ros2_ws/install/mrpt_nav_interfaces/include/mrpt_nav_interfaces/mrpt_nav_interfaces/msg/detail/georeferencing_metadata__rosidl_typesupport_introspection_cpp.hpp
[2.543s] -- Up-to-date symlink: /home/jozef/ros2_ws/install/mrpt_nav_interfaces/include/mrpt_nav_interfaces/mrpt_nav_interfaces/msg/detail/navigation_feedback__rosidl_typesupport_introspection_cpp.hpp
[2.543s] -- Up-to-date symlink: /home/jozef/ros2_ws/install/mrpt_nav_interfaces/include/mrpt_nav_interfaces/mrpt_nav_interfaces/msg/detail/navigation_final_status__rosidl_typesupport_introspection_cpp.hpp
[2.544s] -- Up-to-date symlink: /home/jozef/ros2_ws/install/mrpt_nav_interfaces/include/mrpt_nav_interfaces/mrpt_nav_interfaces/srv/detail/get_gridmap_layer__rosidl_typesupport_introspection_cpp.hpp
[2.544s] -- Up-to-date symlink: /home/jozef/ros2_ws/install/mrpt_nav_interfaces/include/mrpt_nav_interfaces/mrpt_nav_interfaces/srv/detail/get_layers__rosidl_typesupport_introspection_cpp.hpp
[2.544s] -- Up-to-date symlink: /home/jozef/ros2_ws/install/mrpt_nav_interfaces/include/mrpt_nav_interfaces/mrpt_nav_interfaces/srv/detail/get_pointmap_layer__rosidl_typesupport_introspection_cpp.hpp
[2.544s] -- Up-to-date symlink: /home/jozef/ros2_ws/install/mrpt_nav_interfaces/include/mrpt_nav_interfaces/mrpt_nav_interfaces/srv/detail/make_plan_from_to__rosidl_typesupport_introspection_cpp.hpp
[2.544s] -- Up-to-date symlink: /home/jozef/ros2_ws/install/mrpt_nav_interfaces/include/mrpt_nav_interfaces/mrpt_nav_interfaces/srv/detail/make_plan_to__rosidl_typesupport_introspection_cpp.hpp
[2.544s] -- Up-to-date symlink: /home/jozef/ros2_ws/install/mrpt_nav_interfaces/share/mrpt_nav_interfaces/environment/pythonpath.sh
[2.545s] -- Up-to-date symlink: /home/jozef/ros2_ws/install/mrpt_nav_interfaces/share/mrpt_nav_interfaces/environment/pythonpath.dsv
[2.545s] -- Up-to-date symlink: /home/jozef/ros2_ws/install/mrpt_nav_interfaces/local/lib/python3.10/dist-packages/mrpt_nav_interfaces-2.2.1-py3.10.egg-info/PKG-INFO
[2.545s] -- Up-to-date symlink: /home/jozef/ros2_ws/install/mrpt_nav_interfaces/local/lib/python3.10/dist-packages/mrpt_nav_interfaces-2.2.1-py3.10.egg-info/SOURCES.txt
[2.545s] -- Up-to-date symlink: /home/jozef/ros2_ws/install/mrpt_nav_interfaces/local/lib/python3.10/dist-packages/mrpt_nav_interfaces-2.2.1-py3.10.egg-info/dependency_links.txt
[2.550s] -- Up-to-date symlink: /home/jozef/ros2_ws/install/mrpt_nav_interfaces/local/lib/python3.10/dist-packages/mrpt_nav_interfaces-2.2.1-py3.10.egg-info/top_level.txt
[2.550s] -- Up-to-date symlink: /home/jozef/ros2_ws/install/mrpt_nav_interfaces/local/lib/python3.10/dist-packages/mrpt_nav_interfaces/__init__.py
[2.550s] -- Up-to-date symlink: /home/jozef/ros2_ws/install/mrpt_nav_interfaces/local/lib/python3.10/dist-packages/mrpt_nav_interfaces/_mrpt_nav_interfaces_s.ep.rosidl_typesupport_c.c
[2.551s] -- Up-to-date symlink: /home/jozef/ros2_ws/install/mrpt_nav_interfaces/local/lib/python3.10/dist-packages/mrpt_nav_interfaces/_mrpt_nav_interfaces_s.ep.rosidl_typesupport_fastrtps_c.c
[2.551s] -- Up-to-date symlink: /home/jozef/ros2_ws/install/mrpt_nav_interfaces/local/lib/python3.10/dist-packages/mrpt_nav_interfaces/_mrpt_nav_interfaces_s.ep.rosidl_typesupport_introspection_c.c
[2.551s] -- Up-to-date symlink: /home/jozef/ros2_ws/install/mrpt_nav_interfaces/local/lib/python3.10/dist-packages/mrpt_nav_interfaces/action/__init__.py
[2.551s] -- Up-to-date symlink: /home/jozef/ros2_ws/install/mrpt_nav_interfaces/local/lib/python3.10/dist-packages/mrpt_nav_interfaces/action/_navigate_goal.py
[2.551s] -- Up-to-date symlink: /home/jozef/ros2_ws/install/mrpt_nav_interfaces/local/lib/python3.10/dist-packages/mrpt_nav_interfaces/action/_navigate_goal_s.c
[2.551s] -- Up-to-date symlink: /home/jozef/ros2_ws/install/mrpt_nav_interfaces/local/lib/python3.10/dist-packages/mrpt_nav_interfaces/action/_navigate_waypoints.py
[2.551s] -- Up-to-date symlink: /home/jozef/ros2_ws/install/mrpt_nav_interfaces/local/lib/python3.10/dist-packages/mrpt_nav_interfaces/action/_navigate_waypoints_s.c
[2.551s] -- Up-to-date symlink: /home/jozef/ros2_ws/install/mrpt_nav_interfaces/local/lib/python3.10/dist-packages/mrpt_nav_interfaces/libmrpt_nav_interfaces__rosidl_generator_py.so
[2.552s] -- Up-to-date symlink: /home/jozef/ros2_ws/install/mrpt_nav_interfaces/local/lib/python3.10/dist-packages/mrpt_nav_interfaces/mrpt_nav_interfaces_s__rosidl_typesupport_c.cpython-310-x86_64-linux-gnu.so
[2.552s] -- Up-to-date symlink: /home/jozef/ros2_ws/install/mrpt_nav_interfaces/local/lib/python3.10/dist-packages/mrpt_nav_interfaces/mrpt_nav_interfaces_s__rosidl_typesupport_fastrtps_c.cpython-310-x86_64-linux-gnu.so
[2.552s] -- Up-to-date symlink: /home/jozef/ros2_ws/install/mrpt_nav_interfaces/local/lib/python3.10/dist-packages/mrpt_nav_interfaces/mrpt_nav_interfaces_s__rosidl_typesupport_introspection_c.cpython-310-x86_64-linux-gnu.so
[2.552s] -- Up-to-date symlink: /home/jozef/ros2_ws/install/mrpt_nav_interfaces/local/lib/python3.10/dist-packages/mrpt_nav_interfaces/msg/__init__.py
[2.552s] -- Up-to-date symlink: /home/jozef/ros2_ws/install/mrpt_nav_interfaces/local/lib/python3.10/dist-packages/mrpt_nav_interfaces/msg/_georeferencing_metadata.py
[2.552s] -- Up-to-date symlink: /home/jozef/ros2_ws/install/mrpt_nav_interfaces/local/lib/python3.10/dist-packages/mrpt_nav_interfaces/msg/_georeferencing_metadata_s.c
[2.552s] -- Up-to-date symlink: /home/jozef/ros2_ws/install/mrpt_nav_interfaces/local/lib/python3.10/dist-packages/mrpt_nav_interfaces/msg/_navigation_feedback.py
[2.553s] -- Up-to-date symlink: /home/jozef/ros2_ws/install/mrpt_nav_interfaces/local/lib/python3.10/dist-packages/mrpt_nav_interfaces/msg/_navigation_feedback_s.c
[2.553s] -- Up-to-date symlink: /home/jozef/ros2_ws/install/mrpt_nav_interfaces/local/lib/python3.10/dist-packages/mrpt_nav_interfaces/msg/_navigation_final_status.py
[2.553s] -- Up-to-date symlink: /home/jozef/ros2_ws/install/mrpt_nav_interfaces/local/lib/python3.10/dist-packages/mrpt_nav_interfaces/msg/_navigation_final_status_s.c
[2.559s] -- Up-to-date symlink: /home/jozef/ros2_ws/install/mrpt_nav_interfaces/local/lib/python3.10/dist-packages/mrpt_nav_interfaces/srv/__init__.py
[2.559s] -- Up-to-date symlink: /home/jozef/ros2_ws/install/mrpt_nav_interfaces/local/lib/python3.10/dist-packages/mrpt_nav_interfaces/srv/_get_gridmap_layer.py
[2.560s] -- Up-to-date symlink: /home/jozef/ros2_ws/install/mrpt_nav_interfaces/local/lib/python3.10/dist-packages/mrpt_nav_interfaces/srv/_get_gridmap_layer_s.c
[2.560s] -- Up-to-date symlink: /home/jozef/ros2_ws/install/mrpt_nav_interfaces/local/lib/python3.10/dist-packages/mrpt_nav_interfaces/srv/_get_layers.py
[2.560s] -- Up-to-date symlink: /home/jozef/ros2_ws/install/mrpt_nav_interfaces/local/lib/python3.10/dist-packages/mrpt_nav_interfaces/srv/_get_layers_s.c
[2.560s] -- Up-to-date symlink: /home/jozef/ros2_ws/install/mrpt_nav_interfaces/local/lib/python3.10/dist-packages/mrpt_nav_interfaces/srv/_get_pointmap_layer.py
[2.560s] -- Up-to-date symlink: /home/jozef/ros2_ws/install/mrpt_nav_interfaces/local/lib/python3.10/dist-packages/mrpt_nav_interfaces/srv/_get_pointmap_layer_s.c
[2.560s] -- Up-to-date symlink: /home/jozef/ros2_ws/install/mrpt_nav_interfaces/local/lib/python3.10/dist-packages/mrpt_nav_interfaces/srv/_make_plan_from_to.py
[2.561s] -- Up-to-date symlink: /home/jozef/ros2_ws/install/mrpt_nav_interfaces/local/lib/python3.10/dist-packages/mrpt_nav_interfaces/srv/_make_plan_from_to_s.c
[2.561s] -- Up-to-date symlink: /home/jozef/ros2_ws/install/mrpt_nav_interfaces/local/lib/python3.10/dist-packages/mrpt_nav_interfaces/srv/_make_plan_to.py
[2.561s] -- Up-to-date symlink: /home/jozef/ros2_ws/install/mrpt_nav_interfaces/local/lib/python3.10/dist-packages/mrpt_nav_interfaces/srv/_make_plan_to_s.c
[2.561s] -- Up-to-date symlink: /home/jozef/ros2_ws/install/mrpt_nav_interfaces/local/lib/python3.10/dist-packages/mrpt_nav_interfaces/mrpt_nav_interfaces_s__rosidl_typesupport_fastrtps_c.cpython-310-x86_64-linux-gnu.so
[2.561s] -- Up-to-date symlink: /home/jozef/ros2_ws/install/mrpt_nav_interfaces/local/lib/python3.10/dist-packages/mrpt_nav_interfaces/mrpt_nav_interfaces_s__rosidl_typesupport_introspection_c.cpython-310-x86_64-linux-gnu.so
[2.565s] -- Up-to-date symlink: /home/jozef/ros2_ws/install/mrpt_nav_interfaces/local/lib/python3.10/dist-packages/mrpt_nav_interfaces/mrpt_nav_interfaces_s__rosidl_typesupport_c.cpython-310-x86_64-linux-gnu.so
[2.565s] -- Up-to-date symlink: /home/jozef/ros2_ws/install/mrpt_nav_interfaces/share/mrpt_nav_interfaces/action/NavigateGoal.idl
[2.565s] -- Up-to-date symlink: /home/jozef/ros2_ws/install/mrpt_nav_interfaces/share/mrpt_nav_interfaces/action/NavigateWaypoints.idl
[2.566s] -- Up-to-date symlink: /home/jozef/ros2_ws/install/mrpt_nav_interfaces/share/mrpt_nav_interfaces/msg/GeoreferencingMetadata.idl
[2.566s] -- Up-to-date symlink: /home/jozef/ros2_ws/install/mrpt_nav_interfaces/share/mrpt_nav_interfaces/msg/NavigationFeedback.idl
[2.566s] -- Up-to-date symlink: /home/jozef/ros2_ws/install/mrpt_nav_interfaces/share/mrpt_nav_interfaces/msg/NavigationFinalStatus.idl
[2.566s] -- Up-to-date symlink: /home/jozef/ros2_ws/install/mrpt_nav_interfaces/share/mrpt_nav_interfaces/srv/GetLayers.idl
[2.566s] -- Up-to-date symlink: /home/jozef/ros2_ws/install/mrpt_nav_interfaces/share/mrpt_nav_interfaces/srv/GetGridmapLayer.idl
[2.568s] -- Up-to-date symlink: /home/jozef/ros2_ws/install/mrpt_nav_interfaces/share/mrpt_nav_interfaces/srv/GetPointmapLayer.idl
[2.569s] -- Up-to-date symlink: /home/jozef/ros2_ws/install/mrpt_nav_interfaces/share/mrpt_nav_interfaces/srv/MakePlanFromTo.idl
[2.569s] -- Up-to-date symlink: /home/jozef/ros2_ws/install/mrpt_nav_interfaces/share/mrpt_nav_interfaces/srv/MakePlanTo.idl
[2.576s] -- Up-to-date symlink: /home/jozef/ros2_ws/install/mrpt_nav_interfaces/share/mrpt_nav_interfaces/action/NavigateGoal.action
[2.577s] -- Up-to-date symlink: /home/jozef/ros2_ws/install/mrpt_nav_interfaces/share/mrpt_nav_interfaces/action/NavigateWaypoints.action
[2.577s] -- Up-to-date symlink: /home/jozef/ros2_ws/install/mrpt_nav_interfaces/share/mrpt_nav_interfaces/msg/GeoreferencingMetadata.msg
[2.578s] -- Up-to-date symlink: /home/jozef/ros2_ws/install/mrpt_nav_interfaces/share/mrpt_nav_interfaces/msg/NavigationFeedback.msg
[2.584s] -- Up-to-date symlink: /home/jozef/ros2_ws/install/mrpt_nav_interfaces/share/mrpt_nav_interfaces/msg/NavigationFinalStatus.msg
[2.585s] -- Up-to-date symlink: /home/jozef/ros2_ws/install/mrpt_nav_interfaces/share/mrpt_nav_interfaces/srv/GetLayers.srv
[2.585s] -- Up-to-date symlink: /home/jozef/ros2_ws/install/mrpt_nav_interfaces/share/mrpt_nav_interfaces/srv/GetLayers_Request.msg
[2.585s] -- Up-to-date symlink: /home/jozef/ros2_ws/install/mrpt_nav_interfaces/share/mrpt_nav_interfaces/srv/GetLayers_Response.msg
[2.585s] -- Up-to-date symlink: /home/jozef/ros2_ws/install/mrpt_nav_interfaces/share/mrpt_nav_interfaces/srv/GetGridmapLayer.srv
[2.585s] -- Up-to-date symlink: /home/jozef/ros2_ws/install/mrpt_nav_interfaces/share/mrpt_nav_interfaces/srv/GetGridmapLayer_Request.msg
[2.585s] -- Up-to-date symlink: /home/jozef/ros2_ws/install/mrpt_nav_interfaces/share/mrpt_nav_interfaces/srv/GetGridmapLayer_Response.msg
[2.585s] -- Up-to-date symlink: /home/jozef/ros2_ws/install/mrpt_nav_interfaces/share/mrpt_nav_interfaces/srv/GetPointmapLayer.srv
[2.585s] -- Up-to-date symlink: /home/jozef/ros2_ws/install/mrpt_nav_interfaces/share/mrpt_nav_interfaces/srv/GetPointmapLayer_Request.msg
[2.585s] -- Up-to-date symlink: /home/jozef/ros2_ws/install/mrpt_nav_interfaces/share/mrpt_nav_interfaces/srv/GetPointmapLayer_Response.msg
[2.586s] -- Up-to-date symlink: /home/jozef/ros2_ws/install/mrpt_nav_interfaces/share/mrpt_nav_interfaces/srv/MakePlanFromTo.srv
[2.586s] -- Up-to-date symlink: /home/jozef/ros2_ws/install/mrpt_nav_interfaces/share/mrpt_nav_interfaces/srv/MakePlanFromTo_Request.msg
[2.586s] -- Up-to-date symlink: /home/jozef/ros2_ws/install/mrpt_nav_interfaces/share/mrpt_nav_interfaces/srv/MakePlanFromTo_Response.msg
[2.586s] -- Up-to-date symlink: /home/jozef/ros2_ws/install/mrpt_nav_interfaces/share/mrpt_nav_interfaces/srv/MakePlanTo.srv
[2.587s] -- Up-to-date symlink: /home/jozef/ros2_ws/install/mrpt_nav_interfaces/share/mrpt_nav_interfaces/srv/MakePlanTo_Request.msg
[2.587s] -- Up-to-date symlink: /home/jozef/ros2_ws/install/mrpt_nav_interfaces/share/mrpt_nav_interfaces/srv/MakePlanTo_Response.msg
[2.591s] -- Up-to-date symlink: /home/jozef/ros2_ws/install/mrpt_nav_interfaces/share/ament_index/resource_index/package_run_dependencies/mrpt_nav_interfaces
[2.597s] -- Up-to-date symlink: /home/jozef/ros2_ws/install/mrpt_nav_interfaces/share/ament_index/resource_index/parent_prefix_path/mrpt_nav_interfaces
[2.598s] -- Up-to-date symlink: /home/jozef/ros2_ws/install/mrpt_nav_interfaces/share/mrpt_nav_interfaces/environment/ament_prefix_path.sh
[2.598s] -- Up-to-date symlink: /home/jozef/ros2_ws/install/mrpt_nav_interfaces/share/mrpt_nav_interfaces/environment/ament_prefix_path.dsv
[2.605s] -- Up-to-date symlink: /home/jozef/ros2_ws/install/mrpt_nav_interfaces/share/mrpt_nav_interfaces/environment/path.sh
[2.606s] -- Up-to-date symlink: /home/jozef/ros2_ws/install/mrpt_nav_interfaces/share/mrpt_nav_interfaces/environment/path.dsv
[2.606s] -- Up-to-date symlink: /home/jozef/ros2_ws/install/mrpt_nav_interfaces/share/mrpt_nav_interfaces/local_setup.bash
[2.606s] -- Up-to-date symlink: /home/jozef/ros2_ws/install/mrpt_nav_interfaces/share/mrpt_nav_interfaces/local_setup.sh
[2.606s] -- Up-to-date symlink: /home/jozef/ros2_ws/install/mrpt_nav_interfaces/share/mrpt_nav_interfaces/local_setup.zsh
[2.607s] -- Up-to-date symlink: /home/jozef/ros2_ws/install/mrpt_nav_interfaces/share/mrpt_nav_interfaces/local_setup.dsv
[2.607s] -- Symlinking: /home/jozef/ros2_ws/install/mrpt_nav_interfaces/share/mrpt_nav_interfaces/package.dsv
[2.630s] -- Up-to-date symlink: /home/jozef/ros2_ws/install/mrpt_nav_interfaces/share/ament_index/resource_index/packages/mrpt_nav_interfaces
[2.631s] -- Up-to-date symlink: /home/jozef/ros2_ws/install/mrpt_nav_interfaces/share/mrpt_nav_interfaces/cmake/rosidl_cmake-extras.cmake
[2.635s] -- Up-to-date symlink: /home/jozef/ros2_ws/install/mrpt_nav_interfaces/share/mrpt_nav_interfaces/cmake/ament_cmake_export_dependencies-extras.cmake
[2.636s] -- Up-to-date symlink: /home/jozef/ros2_ws/install/mrpt_nav_interfaces/share/mrpt_nav_interfaces/cmake/ament_cmake_export_include_directories-extras.cmake
[2.636s] -- Up-to-date symlink: /home/jozef/ros2_ws/install/mrpt_nav_interfaces/share/mrpt_nav_interfaces/cmake/ament_cmake_export_libraries-extras.cmake
[2.636s] -- Up-to-date symlink: /home/jozef/ros2_ws/install/mrpt_nav_interfaces/share/mrpt_nav_interfaces/cmake/ament_cmake_export_targets-extras.cmake
[2.636s] -- Up-to-date symlink: /home/jozef/ros2_ws/install/mrpt_nav_interfaces/share/mrpt_nav_interfaces/cmake/rosidl_cmake_export_typesupport_targets-extras.cmake
[2.636s] -- Up-to-date symlink: /home/jozef/ros2_ws/install/mrpt_nav_interfaces/share/mrpt_nav_interfaces/cmake/rosidl_cmake_export_typesupport_libraries-extras.cmake
[2.637s] -- Up-to-date symlink: /home/jozef/ros2_ws/install/mrpt_nav_interfaces/share/mrpt_nav_interfaces/cmake/mrpt_nav_interfacesConfig.cmake
[2.638s] -- Up-to-date symlink: /home/jozef/ros2_ws/install/mrpt_nav_interfaces/share/mrpt_nav_interfaces/cmake/mrpt_nav_interfacesConfig-version.cmake
[2.639s] -- Up-to-date symlink: /home/jozef/ros2_ws/install/mrpt_nav_interfaces/share/mrpt_nav_interfaces/package.xml
[2.639s] -- Up-to-date: /home/jozef/ros2_ws/install/mrpt_nav_interfaces/lib/libmrpt_nav_interfaces__rosidl_generator_c.so
[2.639s] -- Up-to-date: /home/jozef/ros2_ws/install/mrpt_nav_interfaces/lib/libmrpt_nav_interfaces__rosidl_typesupport_fastrtps_c.so
[2.644s] -- Up-to-date: /home/jozef/ros2_ws/install/mrpt_nav_interfaces/lib/libmrpt_nav_interfaces__rosidl_typesupport_introspection_c.so
[2.645s] -- Up-to-date: /home/jozef/ros2_ws/install/mrpt_nav_interfaces/lib/libmrpt_nav_interfaces__rosidl_typesupport_c.so
[2.645s] -- Up-to-date: /home/jozef/ros2_ws/install/mrpt_nav_interfaces/lib/libmrpt_nav_interfaces__rosidl_typesupport_fastrtps_cpp.so
[2.645s] -- Up-to-date: /home/jozef/ros2_ws/install/mrpt_nav_interfaces/lib/libmrpt_nav_interfaces__rosidl_typesupport_introspection_cpp.so
[2.645s] -- Up-to-date: /home/jozef/ros2_ws/install/mrpt_nav_interfaces/lib/libmrpt_nav_interfaces__rosidl_typesupport_cpp.so
[2.793s] Listing '/home/jozef/ros2_ws/install/mrpt_nav_interfaces/local/lib/python3.10/dist-packages/mrpt_nav_interfaces'...
[2.793s] Listing '/home/jozef/ros2_ws/install/mrpt_nav_interfaces/local/lib/python3.10/dist-packages/mrpt_nav_interfaces/action'...
[2.793s] Listing '/home/jozef/ros2_ws/install/mrpt_nav_interfaces/local/lib/python3.10/dist-packages/mrpt_nav_interfaces/msg'...
[2.794s] Listing '/home/jozef/ros2_ws/install/mrpt_nav_interfaces/local/lib/python3.10/dist-packages/mrpt_nav_interfaces/srv'...
[2.821s] -- Up-to-date: /home/jozef/ros2_ws/install/mrpt_nav_interfaces/lib/libmrpt_nav_interfaces__rosidl_generator_py.so
[2.823s] -- Up-to-date: /home/jozef/ros2_ws/install/mrpt_nav_interfaces/share/mrpt_nav_interfaces/cmake/export_mrpt_nav_interfaces__rosidl_generator_cExport.cmake
[2.823s] -- Up-to-date: /home/jozef/ros2_ws/install/mrpt_nav_interfaces/share/mrpt_nav_interfaces/cmake/export_mrpt_nav_interfaces__rosidl_generator_cExport-noconfig.cmake
[2.823s] -- Up-to-date: /home/jozef/ros2_ws/install/mrpt_nav_interfaces/share/mrpt_nav_interfaces/cmake/export_mrpt_nav_interfaces__rosidl_typesupport_fastrtps_cExport.cmake
[2.823s] -- Up-to-date: /home/jozef/ros2_ws/install/mrpt_nav_interfaces/share/mrpt_nav_interfaces/cmake/export_mrpt_nav_interfaces__rosidl_typesupport_fastrtps_cExport-noconfig.cmake
[2.823s] -- Up-to-date: /home/jozef/ros2_ws/install/mrpt_nav_interfaces/share/mrpt_nav_interfaces/cmake/mrpt_nav_interfaces__rosidl_typesupport_introspection_cExport.cmake
[2.823s] -- Up-to-date: /home/jozef/ros2_ws/install/mrpt_nav_interfaces/share/mrpt_nav_interfaces/cmake/mrpt_nav_interfaces__rosidl_typesupport_introspection_cExport-noconfig.cmake
[2.824s] -- Up-to-date: /home/jozef/ros2_ws/install/mrpt_nav_interfaces/share/mrpt_nav_interfaces/cmake/mrpt_nav_interfaces__rosidl_typesupport_cExport.cmake
[2.824s] -- Up-to-date: /home/jozef/ros2_ws/install/mrpt_nav_interfaces/share/mrpt_nav_interfaces/cmake/mrpt_nav_interfaces__rosidl_typesupport_cExport-noconfig.cmake
[2.824s] -- Up-to-date: /home/jozef/ros2_ws/install/mrpt_nav_interfaces/share/mrpt_nav_interfaces/cmake/export_mrpt_nav_interfaces__rosidl_generator_cppExport.cmake
[2.824s] -- Up-to-date: /home/jozef/ros2_ws/install/mrpt_nav_interfaces/share/mrpt_nav_interfaces/cmake/export_mrpt_nav_interfaces__rosidl_typesupport_fastrtps_cppExport.cmake
[2.824s] -- Up-to-date: /home/jozef/ros2_ws/install/mrpt_nav_interfaces/share/mrpt_nav_interfaces/cmake/export_mrpt_nav_interfaces__rosidl_typesupport_fastrtps_cppExport-noconfig.cmake
[2.824s] -- Up-to-date: /home/jozef/ros2_ws/install/mrpt_nav_interfaces/share/mrpt_nav_interfaces/cmake/mrpt_nav_interfaces__rosidl_typesupport_introspection_cppExport.cmake
[2.824s] -- Up-to-date: /home/jozef/ros2_ws/install/mrpt_nav_interfaces/share/mrpt_nav_interfaces/cmake/mrpt_nav_interfaces__rosidl_typesupport_introspection_cppExport-noconfig.cmake
[2.825s] -- Up-to-date: /home/jozef/ros2_ws/install/mrpt_nav_interfaces/share/mrpt_nav_interfaces/cmake/mrpt_nav_interfaces__rosidl_typesupport_cppExport.cmake
[2.825s] -- Up-to-date: /home/jozef/ros2_ws/install/mrpt_nav_interfaces/share/mrpt_nav_interfaces/cmake/mrpt_nav_interfaces__rosidl_typesupport_cppExport-noconfig.cmake
[2.825s] -- Up-to-date: /home/jozef/ros2_ws/install/mrpt_nav_interfaces/share/mrpt_nav_interfaces/cmake/export_mrpt_nav_interfaces__rosidl_generator_pyExport.cmake
[2.825s] -- Up-to-date: /home/jozef/ros2_ws/install/mrpt_nav_interfaces/share/mrpt_nav_interfaces/cmake/export_mrpt_nav_interfaces__rosidl_generator_pyExport-noconfig.cmake
[2.834s] Invoked command in '/home/jozef/ros2_ws/build/mrpt_nav_interfaces' returned '0': CMAKE_PREFIX_PATH=/home/jozef/ros2_ws/install/tb2_control:/home/jozef/ros2_ws/install/tb2_bringup:/home/jozef/ros2_ws/install/mocap4r2cli:/home/jozef/ros2_ws/install/localization_benchmarking:/opt/ros/humble:/home/jozef/ros2_ws/install/mrpt_msgs:/home/jozef/ros2_ws/install/tb2_slam:/home/jozef/ros2_ws/install/rqt_mocap4r2_control:/home/jozef/ros2_ws/install/neo_localization2:/home/jozef/ros2_ws/install/mrpt_navigation:/home/jozef/ros2_ws/install/mrpt_tutorials:/home/jozef/ros2_ws/install/mrpt_tps_astar_planner:/home/jozef/ros2_ws/install/mrpt_reactivenav2d:/home/jozef/ros2_ws/install/mrpt_rawlog:/home/jozef/ros2_ws/install/mrpt_pointcloud_pipeline:/home/jozef/ros2_ws/install/mrpt_pf_localization:/home/jozef/ros2_ws/install/mrpt_map_server:/home/jozef/ros2_ws/install/mrpt_nav_interfaces:/home/jozef/ros2_ws/install/mrpt_msgs_bridge:/home/jozef/ros2_ws/install/mocap4r2_robot_gt:/home/jozef/ros2_ws/install/mocap4r2_robot_gt_msgs:/home/jozef/ros2_ws/install/mocap4r2_optitrack_driver:/home/jozef/ros2_ws/install/mocap4r2_marker_viz:/home/jozef/ros2_ws/install/mocap4r2_marker_publisher:/home/jozef/ros2_ws/install/mocap4r2_dummy_driver:/home/jozef/ros2_ws/install/mocap4r2_msgs:/home/jozef/ros2_ws/install/mocap4r2_marker_viz_srvs:/home/jozef/ros2_ws/install/mocap4r2_control:/home/jozef/ros2_ws/install/mocap4r2_control_msgs:/home/jozef/ros2_ws/install/message_filters LD_LIBRARY_PATH=/home/jozef/ros2_ws/install/mrpt_msgs/lib:/home/jozef/ros2_ws/install/rqt_mocap4r2_control/lib:/home/jozef/ros2_ws/install/neo_localization2/lib:/home/jozef/ros2_ws/install/mrpt_pointcloud_pipeline/lib:/home/jozef/ros2_ws/install/mrpt_pf_localization/lib:/home/jozef/ros2_ws/install/mrpt_nav_interfaces/lib:/home/jozef/ros2_ws/install/mocap4r2_robot_gt/lib:/home/jozef/ros2_ws/install/mocap4r2_robot_gt_msgs/lib:/home/jozef/ros2_ws/install/mocap4r2_optitrack_driver/lib:/home/jozef/ros2_ws/install/mocap4r2_msgs/lib:/home/jozef/ros2_ws/install/mocap4r2_marker_viz_srvs/lib:/home/jozef/ros2_ws/install/mocap4r2_control/lib:/home/jozef/ros2_ws/install/mocap4r2_control_msgs/lib:/home/jozef/ros2_ws/install/message_filters/lib:/opt/ros/humble/opt/rviz_ogre_vendor/lib:/opt/ros/humble/lib/x86_64-linux-gnu:/opt/ros/humble/lib /usr/bin/cmake --install /home/jozef/ros2_ws/build/mrpt_nav_interfaces
