[0.075s] Invoking command in '/home/jozef/ros2_ws/build/mocap4r2_marker_viz_srvs': CMAKE_PREFIX_PATH=/opt/ros/humble /usr/bin/cmake --build /home/jozef/ros2_ws/build/mocap4r2_marker_viz_srvs -- -j8 -l8
[0.321s] [ 10%] Built target mocap4r2_marker_viz_srvs__rosidl_generator_c
[0.322s] [ 12%] Built target mocap4r2_marker_viz_srvs__cpp
[0.420s] [ 12%] Built target ament_cmake_python_symlink_mocap4r2_marker_viz_srvs
[0.518s] [ 23%] Built target mocap4r2_marker_viz_srvs__rosidl_typesupport_cpp
[0.529s] [ 33%] Built target mocap4r2_marker_viz_srvs__rosidl_typesupport_fastrtps_cpp
[0.578s] [ 43%] Built target mocap4r2_marker_viz_srvs__rosidl_typesupport_introspection_cpp
[0.579s] [ 53%] Built target mocap4r2_marker_viz_srvs__rosidl_typesupport_c
[0.583s] [ 64%] Built target mocap4r2_marker_viz_srvs__rosidl_typesupport_introspection_c
[0.638s] [ 74%] Built target mocap4r2_marker_viz_srvs__rosidl_typesupport_fastrtps_c
[0.754s] [ 74%] Built target mocap4r2_marker_viz_srvs
[0.883s] [ 76%] Built target mocap4r2_marker_viz_srvs__py
[0.984s] [ 84%] Built target mocap4r2_marker_viz_srvs__rosidl_generator_py
[1.070s] [ 89%] Built target mocap4r2_marker_viz_srvs__rosidl_typesupport_fastrtps_c__pyext
[1.099s] [ 94%] Built target mocap4r2_marker_viz_srvs__rosidl_typesupport_introspection_c__pyext
[1.119s] [100%] Built target mocap4r2_marker_viz_srvs__rosidl_typesupport_c__pyext
[1.340s] running egg_info
[1.386s] writing mocap4r2_marker_viz_srvs.egg-info/PKG-INFO
[1.386s] writing dependency_links to mocap4r2_marker_viz_srvs.egg-info/dependency_links.txt
[1.387s] writing top-level names to mocap4r2_marker_viz_srvs.egg-info/top_level.txt
[1.532s] reading manifest file 'mocap4r2_marker_viz_srvs.egg-info/SOURCES.txt'
[1.536s] writing manifest file 'mocap4r2_marker_viz_srvs.egg-info/SOURCES.txt'
[1.684s] [100%] Built target ament_cmake_python_build_mocap4r2_marker_viz_srvs_egg
[1.849s] Invoked command in '/home/jozef/ros2_ws/build/mocap4r2_marker_viz_srvs' returned '0': CMAKE_PREFIX_PATH=/opt/ros/humble /usr/bin/cmake --build /home/jozef/ros2_ws/build/mocap4r2_marker_viz_srvs -- -j8 -l8
[1.850s] Invoking command in '/home/jozef/ros2_ws/build/mocap4r2_marker_viz_srvs': CMAKE_PREFIX_PATH=/opt/ros/humble /usr/bin/cmake --install /home/jozef/ros2_ws/build/mocap4r2_marker_viz_srvs
[1.916s] -- Install configuration: ""
[1.916s] -- Execute custom install script
[1.917s] -- Up-to-date symlink: /home/jozef/ros2_ws/install/mocap4r2_marker_viz_srvs/share/ament_index/resource_index/rosidl_interfaces/mocap4r2_marker_viz_srvs
[1.917s] -- Up-to-date symlink: /home/jozef/ros2_ws/install/mocap4r2_marker_viz_srvs/include/mocap4r2_marker_viz_srvs/mocap4r2_marker_viz_srvs/msg/rosidl_generator_c__visibility_control.h
[1.917s] -- Up-to-date symlink: /home/jozef/ros2_ws/install/mocap4r2_marker_viz_srvs/include/mocap4r2_marker_viz_srvs/mocap4r2_marker_viz_srvs/srv/detail/reset_marker_color__functions.h
[1.917s] -- Up-to-date symlink: /home/jozef/ros2_ws/install/mocap4r2_marker_viz_srvs/include/mocap4r2_marker_viz_srvs/mocap4r2_marker_viz_srvs/srv/detail/reset_marker_color__struct.h
[1.919s] -- Up-to-date symlink: /home/jozef/ros2_ws/install/mocap4r2_marker_viz_srvs/include/mocap4r2_marker_viz_srvs/mocap4r2_marker_viz_srvs/srv/detail/reset_marker_color__type_support.h
[1.920s] -- Up-to-date symlink: /home/jozef/ros2_ws/install/mocap4r2_marker_viz_srvs/include/mocap4r2_marker_viz_srvs/mocap4r2_marker_viz_srvs/srv/detail/set_marker_color__functions.h
[1.924s] -- Up-to-date symlink: /home/jozef/ros2_ws/install/mocap4r2_marker_viz_srvs/include/mocap4r2_marker_viz_srvs/mocap4r2_marker_viz_srvs/srv/detail/set_marker_color__struct.h
[1.924s] -- Up-to-date symlink: /home/jozef/ros2_ws/install/mocap4r2_marker_viz_srvs/include/mocap4r2_marker_viz_srvs/mocap4r2_marker_viz_srvs/srv/detail/set_marker_color__type_support.h
[1.925s] -- Up-to-date symlink: /home/jozef/ros2_ws/install/mocap4r2_marker_viz_srvs/include/mocap4r2_marker_viz_srvs/mocap4r2_marker_viz_srvs/srv/reset_marker_color.h
[1.925s] -- Up-to-date symlink: /home/jozef/ros2_ws/install/mocap4r2_marker_viz_srvs/include/mocap4r2_marker_viz_srvs/mocap4r2_marker_viz_srvs/srv/set_marker_color.h
[1.930s] -- Up-to-date symlink: /home/jozef/ros2_ws/install/mocap4r2_marker_viz_srvs/share/mocap4r2_marker_viz_srvs/environment/library_path.sh
[1.939s] -- Up-to-date symlink: /home/jozef/ros2_ws/install/mocap4r2_marker_viz_srvs/share/mocap4r2_marker_viz_srvs/environment/library_path.dsv
[1.941s] -- Up-to-date symlink: /home/jozef/ros2_ws/install/mocap4r2_marker_viz_srvs/include/mocap4r2_marker_viz_srvs/mocap4r2_marker_viz_srvs/msg/rosidl_typesupport_fastrtps_c__visibility_control.h
[1.941s] -- Up-to-date symlink: /home/jozef/ros2_ws/install/mocap4r2_marker_viz_srvs/include/mocap4r2_marker_viz_srvs/mocap4r2_marker_viz_srvs/srv/detail/reset_marker_color__rosidl_typesupport_fastrtps_c.h
[1.941s] -- Up-to-date symlink: /home/jozef/ros2_ws/install/mocap4r2_marker_viz_srvs/include/mocap4r2_marker_viz_srvs/mocap4r2_marker_viz_srvs/srv/detail/set_marker_color__rosidl_typesupport_fastrtps_c.h
[1.946s] -- Up-to-date symlink: /home/jozef/ros2_ws/install/mocap4r2_marker_viz_srvs/include/mocap4r2_marker_viz_srvs/mocap4r2_marker_viz_srvs/msg/rosidl_typesupport_introspection_c__visibility_control.h
[1.946s] -- Up-to-date symlink: /home/jozef/ros2_ws/install/mocap4r2_marker_viz_srvs/include/mocap4r2_marker_viz_srvs/mocap4r2_marker_viz_srvs/srv/detail/reset_marker_color__rosidl_typesupport_introspection_c.h
[1.946s] -- Up-to-date symlink: /home/jozef/ros2_ws/install/mocap4r2_marker_viz_srvs/include/mocap4r2_marker_viz_srvs/mocap4r2_marker_viz_srvs/srv/detail/set_marker_color__rosidl_typesupport_introspection_c.h
[1.946s] -- Up-to-date symlink: /home/jozef/ros2_ws/install/mocap4r2_marker_viz_srvs/include/mocap4r2_marker_viz_srvs/mocap4r2_marker_viz_srvs/msg/rosidl_generator_cpp__visibility_control.hpp
[1.948s] -- Up-to-date symlink: /home/jozef/ros2_ws/install/mocap4r2_marker_viz_srvs/include/mocap4r2_marker_viz_srvs/mocap4r2_marker_viz_srvs/srv/detail/reset_marker_color__builder.hpp
[1.948s] -- Up-to-date symlink: /home/jozef/ros2_ws/install/mocap4r2_marker_viz_srvs/include/mocap4r2_marker_viz_srvs/mocap4r2_marker_viz_srvs/srv/detail/reset_marker_color__struct.hpp
[1.950s] -- Up-to-date symlink: /home/jozef/ros2_ws/install/mocap4r2_marker_viz_srvs/include/mocap4r2_marker_viz_srvs/mocap4r2_marker_viz_srvs/srv/detail/reset_marker_color__traits.hpp
[1.950s] -- Up-to-date symlink: /home/jozef/ros2_ws/install/mocap4r2_marker_viz_srvs/include/mocap4r2_marker_viz_srvs/mocap4r2_marker_viz_srvs/srv/detail/reset_marker_color__type_support.hpp
[1.951s] -- Up-to-date symlink: /home/jozef/ros2_ws/install/mocap4r2_marker_viz_srvs/include/mocap4r2_marker_viz_srvs/mocap4r2_marker_viz_srvs/srv/detail/set_marker_color__builder.hpp
[1.951s] -- Up-to-date symlink: /home/jozef/ros2_ws/install/mocap4r2_marker_viz_srvs/include/mocap4r2_marker_viz_srvs/mocap4r2_marker_viz_srvs/srv/detail/set_marker_color__struct.hpp
[1.951s] -- Up-to-date symlink: /home/jozef/ros2_ws/install/mocap4r2_marker_viz_srvs/include/mocap4r2_marker_viz_srvs/mocap4r2_marker_viz_srvs/srv/detail/set_marker_color__traits.hpp
[1.951s] -- Up-to-date symlink: /home/jozef/ros2_ws/install/mocap4r2_marker_viz_srvs/include/mocap4r2_marker_viz_srvs/mocap4r2_marker_viz_srvs/srv/detail/set_marker_color__type_support.hpp
[1.953s] -- Up-to-date symlink: /home/jozef/ros2_ws/install/mocap4r2_marker_viz_srvs/include/mocap4r2_marker_viz_srvs/mocap4r2_marker_viz_srvs/srv/reset_marker_color.hpp
[1.953s] -- Up-to-date symlink: /home/jozef/ros2_ws/install/mocap4r2_marker_viz_srvs/include/mocap4r2_marker_viz_srvs/mocap4r2_marker_viz_srvs/srv/set_marker_color.hpp
[1.953s] -- Up-to-date symlink: /home/jozef/ros2_ws/install/mocap4r2_marker_viz_srvs/include/mocap4r2_marker_viz_srvs/mocap4r2_marker_viz_srvs/msg/rosidl_typesupport_fastrtps_cpp__visibility_control.h
[1.954s] -- Up-to-date symlink: /home/jozef/ros2_ws/install/mocap4r2_marker_viz_srvs/include/mocap4r2_marker_viz_srvs/mocap4r2_marker_viz_srvs/srv/detail/reset_marker_color__rosidl_typesupport_fastrtps_cpp.hpp
[1.954s] -- Up-to-date symlink: /home/jozef/ros2_ws/install/mocap4r2_marker_viz_srvs/include/mocap4r2_marker_viz_srvs/mocap4r2_marker_viz_srvs/srv/detail/set_marker_color__rosidl_typesupport_fastrtps_cpp.hpp
[1.954s] -- Up-to-date symlink: /home/jozef/ros2_ws/install/mocap4r2_marker_viz_srvs/include/mocap4r2_marker_viz_srvs/mocap4r2_marker_viz_srvs/srv/detail/reset_marker_color__rosidl_typesupport_introspection_cpp.hpp
[1.954s] -- Up-to-date symlink: /home/jozef/ros2_ws/install/mocap4r2_marker_viz_srvs/include/mocap4r2_marker_viz_srvs/mocap4r2_marker_viz_srvs/srv/detail/set_marker_color__rosidl_typesupport_introspection_cpp.hpp
[1.954s] -- Up-to-date symlink: /home/jozef/ros2_ws/install/mocap4r2_marker_viz_srvs/share/mocap4r2_marker_viz_srvs/environment/pythonpath.sh
[1.954s] -- Up-to-date symlink: /home/jozef/ros2_ws/install/mocap4r2_marker_viz_srvs/share/mocap4r2_marker_viz_srvs/environment/pythonpath.dsv
[1.954s] -- Up-to-date symlink: /home/jozef/ros2_ws/install/mocap4r2_marker_viz_srvs/local/lib/python3.10/dist-packages/mocap4r2_marker_viz_srvs-0.0.7-py3.10.egg-info/PKG-INFO
[1.954s] -- Up-to-date symlink: /home/jozef/ros2_ws/install/mocap4r2_marker_viz_srvs/local/lib/python3.10/dist-packages/mocap4r2_marker_viz_srvs-0.0.7-py3.10.egg-info/SOURCES.txt
[1.955s] -- Up-to-date symlink: /home/jozef/ros2_ws/install/mocap4r2_marker_viz_srvs/local/lib/python3.10/dist-packages/mocap4r2_marker_viz_srvs-0.0.7-py3.10.egg-info/dependency_links.txt
[1.955s] -- Up-to-date symlink: /home/jozef/ros2_ws/install/mocap4r2_marker_viz_srvs/local/lib/python3.10/dist-packages/mocap4r2_marker_viz_srvs-0.0.7-py3.10.egg-info/top_level.txt
[1.955s] -- Up-to-date symlink: /home/jozef/ros2_ws/install/mocap4r2_marker_viz_srvs/local/lib/python3.10/dist-packages/mocap4r2_marker_viz_srvs/__init__.py
[1.955s] -- Up-to-date symlink: /home/jozef/ros2_ws/install/mocap4r2_marker_viz_srvs/local/lib/python3.10/dist-packages/mocap4r2_marker_viz_srvs/_mocap4r2_marker_viz_srvs_s.ep.rosidl_typesupport_c.c
[1.955s] -- Up-to-date symlink: /home/jozef/ros2_ws/install/mocap4r2_marker_viz_srvs/local/lib/python3.10/dist-packages/mocap4r2_marker_viz_srvs/_mocap4r2_marker_viz_srvs_s.ep.rosidl_typesupport_fastrtps_c.c
[1.955s] -- Up-to-date symlink: /home/jozef/ros2_ws/install/mocap4r2_marker_viz_srvs/local/lib/python3.10/dist-packages/mocap4r2_marker_viz_srvs/_mocap4r2_marker_viz_srvs_s.ep.rosidl_typesupport_introspection_c.c
[1.955s] -- Up-to-date symlink: /home/jozef/ros2_ws/install/mocap4r2_marker_viz_srvs/local/lib/python3.10/dist-packages/mocap4r2_marker_viz_srvs/libmocap4r2_marker_viz_srvs__rosidl_generator_py.so
[1.955s] -- Up-to-date symlink: /home/jozef/ros2_ws/install/mocap4r2_marker_viz_srvs/local/lib/python3.10/dist-packages/mocap4r2_marker_viz_srvs/mocap4r2_marker_viz_srvs_s__rosidl_typesupport_c.cpython-310-x86_64-linux-gnu.so
[1.955s] -- Up-to-date symlink: /home/jozef/ros2_ws/install/mocap4r2_marker_viz_srvs/local/lib/python3.10/dist-packages/mocap4r2_marker_viz_srvs/mocap4r2_marker_viz_srvs_s__rosidl_typesupport_fastrtps_c.cpython-310-x86_64-linux-gnu.so
[1.956s] -- Up-to-date symlink: /home/jozef/ros2_ws/install/mocap4r2_marker_viz_srvs/local/lib/python3.10/dist-packages/mocap4r2_marker_viz_srvs/mocap4r2_marker_viz_srvs_s__rosidl_typesupport_introspection_c.cpython-310-x86_64-linux-gnu.so
[1.956s] -- Up-to-date symlink: /home/jozef/ros2_ws/install/mocap4r2_marker_viz_srvs/local/lib/python3.10/dist-packages/mocap4r2_marker_viz_srvs/srv/__init__.py
[1.961s] -- Up-to-date symlink: /home/jozef/ros2_ws/install/mocap4r2_marker_viz_srvs/local/lib/python3.10/dist-packages/mocap4r2_marker_viz_srvs/srv/_reset_marker_color.py
[1.961s] -- Up-to-date symlink: /home/jozef/ros2_ws/install/mocap4r2_marker_viz_srvs/local/lib/python3.10/dist-packages/mocap4r2_marker_viz_srvs/srv/_reset_marker_color_s.c
[1.961s] -- Up-to-date symlink: /home/jozef/ros2_ws/install/mocap4r2_marker_viz_srvs/local/lib/python3.10/dist-packages/mocap4r2_marker_viz_srvs/srv/_set_marker_color.py
[1.961s] -- Up-to-date symlink: /home/jozef/ros2_ws/install/mocap4r2_marker_viz_srvs/local/lib/python3.10/dist-packages/mocap4r2_marker_viz_srvs/srv/_set_marker_color_s.c
[1.962s] -- Up-to-date symlink: /home/jozef/ros2_ws/install/mocap4r2_marker_viz_srvs/local/lib/python3.10/dist-packages/mocap4r2_marker_viz_srvs/mocap4r2_marker_viz_srvs_s__rosidl_typesupport_fastrtps_c.cpython-310-x86_64-linux-gnu.so
[1.962s] -- Up-to-date symlink: /home/jozef/ros2_ws/install/mocap4r2_marker_viz_srvs/local/lib/python3.10/dist-packages/mocap4r2_marker_viz_srvs/mocap4r2_marker_viz_srvs_s__rosidl_typesupport_introspection_c.cpython-310-x86_64-linux-gnu.so
[1.964s] -- Up-to-date symlink: /home/jozef/ros2_ws/install/mocap4r2_marker_viz_srvs/local/lib/python3.10/dist-packages/mocap4r2_marker_viz_srvs/mocap4r2_marker_viz_srvs_s__rosidl_typesupport_c.cpython-310-x86_64-linux-gnu.so
[1.964s] -- Up-to-date symlink: /home/jozef/ros2_ws/install/mocap4r2_marker_viz_srvs/share/mocap4r2_marker_viz_srvs/srv/SetMarkerColor.idl
[1.964s] -- Up-to-date symlink: /home/jozef/ros2_ws/install/mocap4r2_marker_viz_srvs/share/mocap4r2_marker_viz_srvs/srv/ResetMarkerColor.idl
[1.964s] -- Up-to-date symlink: /home/jozef/ros2_ws/install/mocap4r2_marker_viz_srvs/share/mocap4r2_marker_viz_srvs/srv/SetMarkerColor.srv
[1.966s] -- Up-to-date symlink: /home/jozef/ros2_ws/install/mocap4r2_marker_viz_srvs/share/mocap4r2_marker_viz_srvs/srv/SetMarkerColor_Request.msg
[1.966s] -- Up-to-date symlink: /home/jozef/ros2_ws/install/mocap4r2_marker_viz_srvs/share/mocap4r2_marker_viz_srvs/srv/SetMarkerColor_Response.msg
[1.966s] -- Up-to-date symlink: /home/jozef/ros2_ws/install/mocap4r2_marker_viz_srvs/share/mocap4r2_marker_viz_srvs/srv/ResetMarkerColor.srv
[1.966s] -- Up-to-date symlink: /home/jozef/ros2_ws/install/mocap4r2_marker_viz_srvs/share/mocap4r2_marker_viz_srvs/srv/ResetMarkerColor_Request.msg
[1.966s] -- Up-to-date symlink: /home/jozef/ros2_ws/install/mocap4r2_marker_viz_srvs/share/mocap4r2_marker_viz_srvs/srv/ResetMarkerColor_Response.msg
[1.966s] -- Up-to-date symlink: /home/jozef/ros2_ws/install/mocap4r2_marker_viz_srvs/share/ament_index/resource_index/package_run_dependencies/mocap4r2_marker_viz_srvs
[1.967s] -- Up-to-date symlink: /home/jozef/ros2_ws/install/mocap4r2_marker_viz_srvs/share/ament_index/resource_index/parent_prefix_path/mocap4r2_marker_viz_srvs
[1.967s] -- Up-to-date symlink: /home/jozef/ros2_ws/install/mocap4r2_marker_viz_srvs/share/mocap4r2_marker_viz_srvs/environment/ament_prefix_path.sh
[1.967s] -- Up-to-date symlink: /home/jozef/ros2_ws/install/mocap4r2_marker_viz_srvs/share/mocap4r2_marker_viz_srvs/environment/ament_prefix_path.dsv
[1.967s] -- Up-to-date symlink: /home/jozef/ros2_ws/install/mocap4r2_marker_viz_srvs/share/mocap4r2_marker_viz_srvs/environment/path.sh
[1.968s] -- Up-to-date symlink: /home/jozef/ros2_ws/install/mocap4r2_marker_viz_srvs/share/mocap4r2_marker_viz_srvs/environment/path.dsv
[1.968s] -- Up-to-date symlink: /home/jozef/ros2_ws/install/mocap4r2_marker_viz_srvs/share/mocap4r2_marker_viz_srvs/local_setup.bash
[1.969s] -- Up-to-date symlink: /home/jozef/ros2_ws/install/mocap4r2_marker_viz_srvs/share/mocap4r2_marker_viz_srvs/local_setup.sh
[1.969s] -- Up-to-date symlink: /home/jozef/ros2_ws/install/mocap4r2_marker_viz_srvs/share/mocap4r2_marker_viz_srvs/local_setup.zsh
[1.969s] -- Up-to-date symlink: /home/jozef/ros2_ws/install/mocap4r2_marker_viz_srvs/share/mocap4r2_marker_viz_srvs/local_setup.dsv
[1.972s] -- Symlinking: /home/jozef/ros2_ws/install/mocap4r2_marker_viz_srvs/share/mocap4r2_marker_viz_srvs/package.dsv
[1.976s] -- Up-to-date symlink: /home/jozef/ros2_ws/install/mocap4r2_marker_viz_srvs/share/ament_index/resource_index/packages/mocap4r2_marker_viz_srvs
[1.976s] -- Up-to-date symlink: /home/jozef/ros2_ws/install/mocap4r2_marker_viz_srvs/share/mocap4r2_marker_viz_srvs/cmake/rosidl_cmake-extras.cmake
[1.976s] -- Up-to-date symlink: /home/jozef/ros2_ws/install/mocap4r2_marker_viz_srvs/share/mocap4r2_marker_viz_srvs/cmake/ament_cmake_export_dependencies-extras.cmake
[1.977s] -- Up-to-date symlink: /home/jozef/ros2_ws/install/mocap4r2_marker_viz_srvs/share/mocap4r2_marker_viz_srvs/cmake/ament_cmake_export_include_directories-extras.cmake
[1.977s] -- Up-to-date symlink: /home/jozef/ros2_ws/install/mocap4r2_marker_viz_srvs/share/mocap4r2_marker_viz_srvs/cmake/ament_cmake_export_libraries-extras.cmake
[1.977s] -- Up-to-date symlink: /home/jozef/ros2_ws/install/mocap4r2_marker_viz_srvs/share/mocap4r2_marker_viz_srvs/cmake/ament_cmake_export_targets-extras.cmake
[1.978s] -- Up-to-date symlink: /home/jozef/ros2_ws/install/mocap4r2_marker_viz_srvs/share/mocap4r2_marker_viz_srvs/cmake/rosidl_cmake_export_typesupport_targets-extras.cmake
[1.978s] -- Up-to-date symlink: /home/jozef/ros2_ws/install/mocap4r2_marker_viz_srvs/share/mocap4r2_marker_viz_srvs/cmake/rosidl_cmake_export_typesupport_libraries-extras.cmake
[1.978s] -- Up-to-date symlink: /home/jozef/ros2_ws/install/mocap4r2_marker_viz_srvs/share/mocap4r2_marker_viz_srvs/cmake/mocap4r2_marker_viz_srvsConfig.cmake
[1.979s] -- Up-to-date symlink: /home/jozef/ros2_ws/install/mocap4r2_marker_viz_srvs/share/mocap4r2_marker_viz_srvs/cmake/mocap4r2_marker_viz_srvsConfig-version.cmake
[1.979s] -- Up-to-date symlink: /home/jozef/ros2_ws/install/mocap4r2_marker_viz_srvs/share/mocap4r2_marker_viz_srvs/package.xml
[1.979s] -- Up-to-date: /home/jozef/ros2_ws/install/mocap4r2_marker_viz_srvs/lib/libmocap4r2_marker_viz_srvs__rosidl_generator_c.so
[1.979s] -- Up-to-date: /home/jozef/ros2_ws/install/mocap4r2_marker_viz_srvs/lib/libmocap4r2_marker_viz_srvs__rosidl_typesupport_fastrtps_c.so
[1.979s] -- Up-to-date: /home/jozef/ros2_ws/install/mocap4r2_marker_viz_srvs/lib/libmocap4r2_marker_viz_srvs__rosidl_typesupport_introspection_c.so
[1.979s] -- Up-to-date: /home/jozef/ros2_ws/install/mocap4r2_marker_viz_srvs/lib/libmocap4r2_marker_viz_srvs__rosidl_typesupport_c.so
[1.980s] -- Up-to-date: /home/jozef/ros2_ws/install/mocap4r2_marker_viz_srvs/lib/libmocap4r2_marker_viz_srvs__rosidl_typesupport_fastrtps_cpp.so
[1.980s] -- Up-to-date: /home/jozef/ros2_ws/install/mocap4r2_marker_viz_srvs/lib/libmocap4r2_marker_viz_srvs__rosidl_typesupport_introspection_cpp.so
[1.980s] -- Up-to-date: /home/jozef/ros2_ws/install/mocap4r2_marker_viz_srvs/lib/libmocap4r2_marker_viz_srvs__rosidl_typesupport_cpp.so
[2.048s] Listing '/home/jozef/ros2_ws/install/mocap4r2_marker_viz_srvs/local/lib/python3.10/dist-packages/mocap4r2_marker_viz_srvs'...
[2.048s] Listing '/home/jozef/ros2_ws/install/mocap4r2_marker_viz_srvs/local/lib/python3.10/dist-packages/mocap4r2_marker_viz_srvs/srv'...
[2.065s] -- Up-to-date: /home/jozef/ros2_ws/install/mocap4r2_marker_viz_srvs/lib/libmocap4r2_marker_viz_srvs__rosidl_generator_py.so
[2.069s] -- Up-to-date: /home/jozef/ros2_ws/install/mocap4r2_marker_viz_srvs/share/mocap4r2_marker_viz_srvs/cmake/export_mocap4r2_marker_viz_srvs__rosidl_generator_cExport.cmake
[2.069s] -- Up-to-date: /home/jozef/ros2_ws/install/mocap4r2_marker_viz_srvs/share/mocap4r2_marker_viz_srvs/cmake/export_mocap4r2_marker_viz_srvs__rosidl_generator_cExport-noconfig.cmake
[2.073s] -- Up-to-date: /home/jozef/ros2_ws/install/mocap4r2_marker_viz_srvs/share/mocap4r2_marker_viz_srvs/cmake/export_mocap4r2_marker_viz_srvs__rosidl_typesupport_fastrtps_cExport.cmake
[2.073s] -- Up-to-date: /home/jozef/ros2_ws/install/mocap4r2_marker_viz_srvs/share/mocap4r2_marker_viz_srvs/cmake/export_mocap4r2_marker_viz_srvs__rosidl_typesupport_fastrtps_cExport-noconfig.cmake
[2.077s] -- Up-to-date: /home/jozef/ros2_ws/install/mocap4r2_marker_viz_srvs/share/mocap4r2_marker_viz_srvs/cmake/mocap4r2_marker_viz_srvs__rosidl_typesupport_introspection_cExport.cmake
[2.078s] -- Up-to-date: /home/jozef/ros2_ws/install/mocap4r2_marker_viz_srvs/share/mocap4r2_marker_viz_srvs/cmake/mocap4r2_marker_viz_srvs__rosidl_typesupport_introspection_cExport-noconfig.cmake
[2.080s] -- Up-to-date: /home/jozef/ros2_ws/install/mocap4r2_marker_viz_srvs/share/mocap4r2_marker_viz_srvs/cmake/mocap4r2_marker_viz_srvs__rosidl_typesupport_cExport.cmake
[2.083s] -- Up-to-date: /home/jozef/ros2_ws/install/mocap4r2_marker_viz_srvs/share/mocap4r2_marker_viz_srvs/cmake/mocap4r2_marker_viz_srvs__rosidl_typesupport_cExport-noconfig.cmake
[2.085s] -- Up-to-date: /home/jozef/ros2_ws/install/mocap4r2_marker_viz_srvs/share/mocap4r2_marker_viz_srvs/cmake/export_mocap4r2_marker_viz_srvs__rosidl_generator_cppExport.cmake
[2.086s] -- Up-to-date: /home/jozef/ros2_ws/install/mocap4r2_marker_viz_srvs/share/mocap4r2_marker_viz_srvs/cmake/export_mocap4r2_marker_viz_srvs__rosidl_typesupport_fastrtps_cppExport.cmake
[2.086s] -- Up-to-date: /home/jozef/ros2_ws/install/mocap4r2_marker_viz_srvs/share/mocap4r2_marker_viz_srvs/cmake/export_mocap4r2_marker_viz_srvs__rosidl_typesupport_fastrtps_cppExport-noconfig.cmake
[2.087s] -- Up-to-date: /home/jozef/ros2_ws/install/mocap4r2_marker_viz_srvs/share/mocap4r2_marker_viz_srvs/cmake/mocap4r2_marker_viz_srvs__rosidl_typesupport_introspection_cppExport.cmake
[2.087s] -- Up-to-date: /home/jozef/ros2_ws/install/mocap4r2_marker_viz_srvs/share/mocap4r2_marker_viz_srvs/cmake/mocap4r2_marker_viz_srvs__rosidl_typesupport_introspection_cppExport-noconfig.cmake
[2.087s] -- Up-to-date: /home/jozef/ros2_ws/install/mocap4r2_marker_viz_srvs/share/mocap4r2_marker_viz_srvs/cmake/mocap4r2_marker_viz_srvs__rosidl_typesupport_cppExport.cmake
[2.087s] -- Up-to-date: /home/jozef/ros2_ws/install/mocap4r2_marker_viz_srvs/share/mocap4r2_marker_viz_srvs/cmake/mocap4r2_marker_viz_srvs__rosidl_typesupport_cppExport-noconfig.cmake
[2.087s] -- Up-to-date: /home/jozef/ros2_ws/install/mocap4r2_marker_viz_srvs/share/mocap4r2_marker_viz_srvs/cmake/export_mocap4r2_marker_viz_srvs__rosidl_generator_pyExport.cmake
[2.088s] -- Up-to-date: /home/jozef/ros2_ws/install/mocap4r2_marker_viz_srvs/share/mocap4r2_marker_viz_srvs/cmake/export_mocap4r2_marker_viz_srvs__rosidl_generator_pyExport-noconfig.cmake
[2.556s] Invoked command in '/home/jozef/ros2_ws/build/mocap4r2_marker_viz_srvs' returned '0': CMAKE_PREFIX_PATH=/opt/ros/humble /usr/bin/cmake --install /home/jozef/ros2_ws/build/mocap4r2_marker_viz_srvs
