[0.074s] Invoking command in '/home/jozef/ros2_ws/build/mrpt_msgs': CMAKE_PREFIX_PATH=/home/jozef/ros2_ws/install/tb2_slam:/home/jozef/ros2_ws/install/rqt_mocap4r2_control:/home/jozef/ros2_ws/install/neo_localization2:/home/jozef/ros2_ws/install/mrpt_navigation:/home/jozef/ros2_ws/install/mrpt_tutorials:/home/jozef/ros2_ws/install/mrpt_tps_astar_planner:/home/jozef/ros2_ws/install/mrpt_reactivenav2d:/home/jozef/ros2_ws/install/mrpt_rawlog:/home/jozef/ros2_ws/install/mrpt_pointcloud_pipeline:/home/jozef/ros2_ws/install/mrpt_pf_localization:/home/jozef/ros2_ws/install/mrpt_map_server:/home/jozef/ros2_ws/install/mrpt_nav_interfaces:/home/jozef/ros2_ws/install/mrpt_msgs_bridge:/home/jozef/ros2_ws/install/tb2_control:/home/jozef/ros2_ws/install/tb2_bringup:/home/jozef/ros2_ws/install/mocap4r2cli:/home/jozef/ros2_ws/install/localization_benchmarking:/opt/ros/humble:/home/jozef/ros2_ws/install/mrpt_msgs:/home/jozef/ros2_ws/install/mocap4r2_robot_gt:/home/jozef/ros2_ws/install/mocap4r2_robot_gt_msgs:/home/jozef/ros2_ws/install/mocap4r2_optitrack_driver:/home/jozef/ros2_ws/install/mocap4r2_marker_viz:/home/jozef/ros2_ws/install/mocap4r2_marker_publisher:/home/jozef/ros2_ws/install/mocap4r2_dummy_driver:/home/jozef/ros2_ws/install/mocap4r2_msgs:/home/jozef/ros2_ws/install/mocap4r2_marker_viz_srvs:/home/jozef/ros2_ws/install/mocap4r2_control:/home/jozef/ros2_ws/install/mocap4r2_control_msgs:/home/jozef/ros2_ws/install/message_filters /usr/bin/cmake --build /home/jozef/ros2_ws/build/mrpt_msgs -- -j8 -l8
[0.282s] [  0%] Built target mrpt_msgs__cpp
[0.305s] [ 12%] Built target mrpt_msgs__rosidl_generator_c
[0.308s] [ 12%] Built target ament_cmake_python_symlink_mrpt_msgs
[0.561s] [ 24%] Built target mrpt_msgs__rosidl_typesupport_c
[0.573s] [ 36%] Built target mrpt_msgs__rosidl_typesupport_introspection_c
[0.582s] [ 48%] Built target mrpt_msgs__rosidl_typesupport_cpp
[0.588s] [ 60%] Built target mrpt_msgs__rosidl_typesupport_introspection_cpp
[0.601s] [ 72%] Built target mrpt_msgs__rosidl_typesupport_fastrtps_cpp
[0.613s] [ 84%] Built target mrpt_msgs__rosidl_typesupport_fastrtps_c
[0.722s] [ 84%] Built target mrpt_msgs
[0.814s] [ 85%] Built target mrpt_msgs__py
[0.990s] [ 96%] Built target mrpt_msgs__rosidl_generator_py
[1.092s] [ 97%] Built target mrpt_msgs__rosidl_typesupport_c__pyext
[1.111s] [ 99%] Built target mrpt_msgs__rosidl_typesupport_introspection_c__pyext
[1.169s] [100%] Built target mrpt_msgs__rosidl_typesupport_fastrtps_c__pyext
[1.327s] running egg_info
[1.389s] writing mrpt_msgs.egg-info/PKG-INFO
[1.389s] writing dependency_links to mrpt_msgs.egg-info/dependency_links.txt
[1.390s] writing top-level names to mrpt_msgs.egg-info/top_level.txt
[1.511s] reading manifest file 'mrpt_msgs.egg-info/SOURCES.txt'
[1.520s] writing manifest file 'mrpt_msgs.egg-info/SOURCES.txt'
[1.623s] [100%] Built target ament_cmake_python_build_mrpt_msgs_egg
[1.691s] Invoked command in '/home/jozef/ros2_ws/build/mrpt_msgs' returned '0': CMAKE_PREFIX_PATH=/home/jozef/ros2_ws/install/tb2_slam:/home/jozef/ros2_ws/install/rqt_mocap4r2_control:/home/jozef/ros2_ws/install/neo_localization2:/home/jozef/ros2_ws/install/mrpt_navigation:/home/jozef/ros2_ws/install/mrpt_tutorials:/home/jozef/ros2_ws/install/mrpt_tps_astar_planner:/home/jozef/ros2_ws/install/mrpt_reactivenav2d:/home/jozef/ros2_ws/install/mrpt_rawlog:/home/jozef/ros2_ws/install/mrpt_pointcloud_pipeline:/home/jozef/ros2_ws/install/mrpt_pf_localization:/home/jozef/ros2_ws/install/mrpt_map_server:/home/jozef/ros2_ws/install/mrpt_nav_interfaces:/home/jozef/ros2_ws/install/mrpt_msgs_bridge:/home/jozef/ros2_ws/install/tb2_control:/home/jozef/ros2_ws/install/tb2_bringup:/home/jozef/ros2_ws/install/mocap4r2cli:/home/jozef/ros2_ws/install/localization_benchmarking:/opt/ros/humble:/home/jozef/ros2_ws/install/mrpt_msgs:/home/jozef/ros2_ws/install/mocap4r2_robot_gt:/home/jozef/ros2_ws/install/mocap4r2_robot_gt_msgs:/home/jozef/ros2_ws/install/mocap4r2_optitrack_driver:/home/jozef/ros2_ws/install/mocap4r2_marker_viz:/home/jozef/ros2_ws/install/mocap4r2_marker_publisher:/home/jozef/ros2_ws/install/mocap4r2_dummy_driver:/home/jozef/ros2_ws/install/mocap4r2_msgs:/home/jozef/ros2_ws/install/mocap4r2_marker_viz_srvs:/home/jozef/ros2_ws/install/mocap4r2_control:/home/jozef/ros2_ws/install/mocap4r2_control_msgs:/home/jozef/ros2_ws/install/message_filters /usr/bin/cmake --build /home/jozef/ros2_ws/build/mrpt_msgs -- -j8 -l8
[1.693s] Invoking command in '/home/jozef/ros2_ws/build/mrpt_msgs': CMAKE_PREFIX_PATH=/home/jozef/ros2_ws/install/tb2_slam:/home/jozef/ros2_ws/install/rqt_mocap4r2_control:/home/jozef/ros2_ws/install/neo_localization2:/home/jozef/ros2_ws/install/mrpt_navigation:/home/jozef/ros2_ws/install/mrpt_tutorials:/home/jozef/ros2_ws/install/mrpt_tps_astar_planner:/home/jozef/ros2_ws/install/mrpt_reactivenav2d:/home/jozef/ros2_ws/install/mrpt_rawlog:/home/jozef/ros2_ws/install/mrpt_pointcloud_pipeline:/home/jozef/ros2_ws/install/mrpt_pf_localization:/home/jozef/ros2_ws/install/mrpt_map_server:/home/jozef/ros2_ws/install/mrpt_nav_interfaces:/home/jozef/ros2_ws/install/mrpt_msgs_bridge:/home/jozef/ros2_ws/install/tb2_control:/home/jozef/ros2_ws/install/tb2_bringup:/home/jozef/ros2_ws/install/mocap4r2cli:/home/jozef/ros2_ws/install/localization_benchmarking:/opt/ros/humble:/home/jozef/ros2_ws/install/mrpt_msgs:/home/jozef/ros2_ws/install/mocap4r2_robot_gt:/home/jozef/ros2_ws/install/mocap4r2_robot_gt_msgs:/home/jozef/ros2_ws/install/mocap4r2_optitrack_driver:/home/jozef/ros2_ws/install/mocap4r2_marker_viz:/home/jozef/ros2_ws/install/mocap4r2_marker_publisher:/home/jozef/ros2_ws/install/mocap4r2_dummy_driver:/home/jozef/ros2_ws/install/mocap4r2_msgs:/home/jozef/ros2_ws/install/mocap4r2_marker_viz_srvs:/home/jozef/ros2_ws/install/mocap4r2_control:/home/jozef/ros2_ws/install/mocap4r2_control_msgs:/home/jozef/ros2_ws/install/message_filters /usr/bin/cmake --install /home/jozef/ros2_ws/build/mrpt_msgs
[1.789s] -- Install configuration: ""
[1.800s] -- Execute custom install script
[1.800s] -- Up-to-date symlink: /home/jozef/ros2_ws/install/mrpt_msgs/share/ament_index/resource_index/rosidl_interfaces/mrpt_msgs
[1.800s] -- Up-to-date symlink: /home/jozef/ros2_ws/install/mrpt_msgs/include/mrpt_msgs/mrpt_msgs/msg/detail/generic_object__functions.h
[1.801s] -- Up-to-date symlink: /home/jozef/ros2_ws/install/mrpt_msgs/include/mrpt_msgs/mrpt_msgs/msg/detail/generic_object__struct.h
[1.801s] -- Up-to-date symlink: /home/jozef/ros2_ws/install/mrpt_msgs/include/mrpt_msgs/mrpt_msgs/msg/detail/generic_object__type_support.h
[1.802s] -- Up-to-date symlink: /home/jozef/ros2_ws/install/mrpt_msgs/include/mrpt_msgs/mrpt_msgs/msg/detail/generic_observation__functions.h
[1.802s] -- Up-to-date symlink: /home/jozef/ros2_ws/install/mrpt_msgs/include/mrpt_msgs/mrpt_msgs/msg/detail/generic_observation__struct.h
[1.802s] -- Up-to-date symlink: /home/jozef/ros2_ws/install/mrpt_msgs/include/mrpt_msgs/mrpt_msgs/msg/detail/generic_observation__type_support.h
[1.802s] -- Up-to-date symlink: /home/jozef/ros2_ws/install/mrpt_msgs/include/mrpt_msgs/mrpt_msgs/msg/detail/graph_constraint__functions.h
[1.808s] -- Up-to-date symlink: /home/jozef/ros2_ws/install/mrpt_msgs/include/mrpt_msgs/mrpt_msgs/msg/detail/graph_constraint__struct.h
[1.809s] -- Up-to-date symlink: /home/jozef/ros2_ws/install/mrpt_msgs/include/mrpt_msgs/mrpt_msgs/msg/detail/graph_constraint__type_support.h
[1.809s] -- Up-to-date symlink: /home/jozef/ros2_ws/install/mrpt_msgs/include/mrpt_msgs/mrpt_msgs/msg/detail/graph_slam_agent__functions.h
[1.809s] -- Up-to-date symlink: /home/jozef/ros2_ws/install/mrpt_msgs/include/mrpt_msgs/mrpt_msgs/msg/detail/graph_slam_agent__struct.h
[1.809s] -- Up-to-date symlink: /home/jozef/ros2_ws/install/mrpt_msgs/include/mrpt_msgs/mrpt_msgs/msg/detail/graph_slam_agent__type_support.h
[1.809s] -- Up-to-date symlink: /home/jozef/ros2_ws/install/mrpt_msgs/include/mrpt_msgs/mrpt_msgs/msg/detail/graph_slam_agents__functions.h
[1.809s] -- Up-to-date symlink: /home/jozef/ros2_ws/install/mrpt_msgs/include/mrpt_msgs/mrpt_msgs/msg/detail/graph_slam_agents__struct.h
[1.809s] -- Up-to-date symlink: /home/jozef/ros2_ws/install/mrpt_msgs/include/mrpt_msgs/mrpt_msgs/msg/detail/graph_slam_agents__type_support.h
[1.810s] -- Up-to-date symlink: /home/jozef/ros2_ws/install/mrpt_msgs/include/mrpt_msgs/mrpt_msgs/msg/detail/graph_slam_stats__functions.h
[1.810s] -- Up-to-date symlink: /home/jozef/ros2_ws/install/mrpt_msgs/include/mrpt_msgs/mrpt_msgs/msg/detail/graph_slam_stats__struct.h
[1.810s] -- Up-to-date symlink: /home/jozef/ros2_ws/install/mrpt_msgs/include/mrpt_msgs/mrpt_msgs/msg/detail/graph_slam_stats__type_support.h
[1.810s] -- Up-to-date symlink: /home/jozef/ros2_ws/install/mrpt_msgs/include/mrpt_msgs/mrpt_msgs/msg/detail/network_of_poses__functions.h
[1.811s] -- Up-to-date symlink: /home/jozef/ros2_ws/install/mrpt_msgs/include/mrpt_msgs/mrpt_msgs/msg/detail/network_of_poses__struct.h
[1.811s] -- Up-to-date symlink: /home/jozef/ros2_ws/install/mrpt_msgs/include/mrpt_msgs/mrpt_msgs/msg/detail/network_of_poses__type_support.h
[1.811s] -- Up-to-date symlink: /home/jozef/ros2_ws/install/mrpt_msgs/include/mrpt_msgs/mrpt_msgs/msg/detail/node_id_with_laser_scan__functions.h
[1.811s] -- Up-to-date symlink: /home/jozef/ros2_ws/install/mrpt_msgs/include/mrpt_msgs/mrpt_msgs/msg/detail/node_id_with_laser_scan__struct.h
[1.811s] -- Up-to-date symlink: /home/jozef/ros2_ws/install/mrpt_msgs/include/mrpt_msgs/mrpt_msgs/msg/detail/node_id_with_laser_scan__type_support.h
[1.812s] -- Up-to-date symlink: /home/jozef/ros2_ws/install/mrpt_msgs/include/mrpt_msgs/mrpt_msgs/msg/detail/node_id_with_pose__functions.h
[1.821s] -- Up-to-date symlink: /home/jozef/ros2_ws/install/mrpt_msgs/include/mrpt_msgs/mrpt_msgs/msg/detail/node_id_with_pose__struct.h
[1.821s] -- Up-to-date symlink: /home/jozef/ros2_ws/install/mrpt_msgs/include/mrpt_msgs/mrpt_msgs/msg/detail/node_id_with_pose__type_support.h
[1.821s] -- Up-to-date symlink: /home/jozef/ros2_ws/install/mrpt_msgs/include/mrpt_msgs/mrpt_msgs/msg/detail/node_id_with_pose_vec__functions.h
[1.821s] -- Up-to-date symlink: /home/jozef/ros2_ws/install/mrpt_msgs/include/mrpt_msgs/mrpt_msgs/msg/detail/node_id_with_pose_vec__struct.h
[1.821s] -- Up-to-date symlink: /home/jozef/ros2_ws/install/mrpt_msgs/include/mrpt_msgs/mrpt_msgs/msg/detail/node_id_with_pose_vec__type_support.h
[1.822s] -- Up-to-date symlink: /home/jozef/ros2_ws/install/mrpt_msgs/include/mrpt_msgs/mrpt_msgs/msg/detail/observation_object__functions.h
[1.822s] -- Up-to-date symlink: /home/jozef/ros2_ws/install/mrpt_msgs/include/mrpt_msgs/mrpt_msgs/msg/detail/observation_object__struct.h
[1.822s] -- Up-to-date symlink: /home/jozef/ros2_ws/install/mrpt_msgs/include/mrpt_msgs/mrpt_msgs/msg/detail/observation_object__type_support.h
[1.822s] -- Up-to-date symlink: /home/jozef/ros2_ws/install/mrpt_msgs/include/mrpt_msgs/mrpt_msgs/msg/detail/observation_range_beacon__functions.h
[1.822s] -- Up-to-date symlink: /home/jozef/ros2_ws/install/mrpt_msgs/include/mrpt_msgs/mrpt_msgs/msg/detail/observation_range_beacon__struct.h
[1.822s] -- Up-to-date symlink: /home/jozef/ros2_ws/install/mrpt_msgs/include/mrpt_msgs/mrpt_msgs/msg/detail/observation_range_beacon__type_support.h
[1.825s] -- Up-to-date symlink: /home/jozef/ros2_ws/install/mrpt_msgs/include/mrpt_msgs/mrpt_msgs/msg/detail/observation_range_bearing__functions.h
[1.829s] -- Up-to-date symlink: /home/jozef/ros2_ws/install/mrpt_msgs/include/mrpt_msgs/mrpt_msgs/msg/detail/observation_range_bearing__struct.h
[1.829s] -- Up-to-date symlink: /home/jozef/ros2_ws/install/mrpt_msgs/include/mrpt_msgs/mrpt_msgs/msg/detail/observation_range_bearing__type_support.h
[1.829s] -- Up-to-date symlink: /home/jozef/ros2_ws/install/mrpt_msgs/include/mrpt_msgs/mrpt_msgs/msg/detail/single_object_observation__functions.h
[1.829s] -- Up-to-date symlink: /home/jozef/ros2_ws/install/mrpt_msgs/include/mrpt_msgs/mrpt_msgs/msg/detail/single_object_observation__struct.h
[1.830s] -- Up-to-date symlink: /home/jozef/ros2_ws/install/mrpt_msgs/include/mrpt_msgs/mrpt_msgs/msg/detail/single_object_observation__type_support.h
[1.830s] -- Up-to-date symlink: /home/jozef/ros2_ws/install/mrpt_msgs/include/mrpt_msgs/mrpt_msgs/msg/detail/single_range_beacon_observation__functions.h
[1.831s] -- Up-to-date symlink: /home/jozef/ros2_ws/install/mrpt_msgs/include/mrpt_msgs/mrpt_msgs/msg/detail/single_range_beacon_observation__struct.h
[1.831s] -- Up-to-date symlink: /home/jozef/ros2_ws/install/mrpt_msgs/include/mrpt_msgs/mrpt_msgs/msg/detail/single_range_beacon_observation__type_support.h
[1.834s] -- Up-to-date symlink: /home/jozef/ros2_ws/install/mrpt_msgs/include/mrpt_msgs/mrpt_msgs/msg/detail/single_range_bearing_observation__functions.h
[1.835s] -- Up-to-date symlink: /home/jozef/ros2_ws/install/mrpt_msgs/include/mrpt_msgs/mrpt_msgs/msg/detail/single_range_bearing_observation__struct.h
[1.835s] -- Up-to-date symlink: /home/jozef/ros2_ws/install/mrpt_msgs/include/mrpt_msgs/mrpt_msgs/msg/detail/single_range_bearing_observation__type_support.h
[1.835s] -- Up-to-date symlink: /home/jozef/ros2_ws/install/mrpt_msgs/include/mrpt_msgs/mrpt_msgs/msg/detail/waypoint__functions.h
[1.835s] -- Up-to-date symlink: /home/jozef/ros2_ws/install/mrpt_msgs/include/mrpt_msgs/mrpt_msgs/msg/detail/waypoint__struct.h
[1.835s] -- Up-to-date symlink: /home/jozef/ros2_ws/install/mrpt_msgs/include/mrpt_msgs/mrpt_msgs/msg/detail/waypoint__type_support.h
[1.835s] -- Up-to-date symlink: /home/jozef/ros2_ws/install/mrpt_msgs/include/mrpt_msgs/mrpt_msgs/msg/detail/waypoint_sequence__functions.h
[1.835s] -- Up-to-date symlink: /home/jozef/ros2_ws/install/mrpt_msgs/include/mrpt_msgs/mrpt_msgs/msg/detail/waypoint_sequence__struct.h
[1.836s] -- Up-to-date symlink: /home/jozef/ros2_ws/install/mrpt_msgs/include/mrpt_msgs/mrpt_msgs/msg/detail/waypoint_sequence__type_support.h
[1.836s] -- Up-to-date symlink: /home/jozef/ros2_ws/install/mrpt_msgs/include/mrpt_msgs/mrpt_msgs/msg/generic_object.h
[1.836s] -- Up-to-date symlink: /home/jozef/ros2_ws/install/mrpt_msgs/include/mrpt_msgs/mrpt_msgs/msg/generic_observation.h
[1.836s] -- Up-to-date symlink: /home/jozef/ros2_ws/install/mrpt_msgs/include/mrpt_msgs/mrpt_msgs/msg/graph_constraint.h
[1.836s] -- Up-to-date symlink: /home/jozef/ros2_ws/install/mrpt_msgs/include/mrpt_msgs/mrpt_msgs/msg/graph_slam_agent.h
[1.837s] -- Up-to-date symlink: /home/jozef/ros2_ws/install/mrpt_msgs/include/mrpt_msgs/mrpt_msgs/msg/graph_slam_agents.h
[1.837s] -- Up-to-date symlink: /home/jozef/ros2_ws/install/mrpt_msgs/include/mrpt_msgs/mrpt_msgs/msg/graph_slam_stats.h
[1.837s] -- Up-to-date symlink: /home/jozef/ros2_ws/install/mrpt_msgs/include/mrpt_msgs/mrpt_msgs/msg/network_of_poses.h
[1.838s] -- Up-to-date symlink: /home/jozef/ros2_ws/install/mrpt_msgs/include/mrpt_msgs/mrpt_msgs/msg/node_id_with_laser_scan.h
[1.842s] -- Up-to-date symlink: /home/jozef/ros2_ws/install/mrpt_msgs/include/mrpt_msgs/mrpt_msgs/msg/node_id_with_pose.h
[1.843s] -- Up-to-date symlink: /home/jozef/ros2_ws/install/mrpt_msgs/include/mrpt_msgs/mrpt_msgs/msg/node_id_with_pose_vec.h
[1.843s] -- Up-to-date symlink: /home/jozef/ros2_ws/install/mrpt_msgs/include/mrpt_msgs/mrpt_msgs/msg/observation_object.h
[1.843s] -- Up-to-date symlink: /home/jozef/ros2_ws/install/mrpt_msgs/include/mrpt_msgs/mrpt_msgs/msg/observation_range_beacon.h
[1.843s] -- Up-to-date symlink: /home/jozef/ros2_ws/install/mrpt_msgs/include/mrpt_msgs/mrpt_msgs/msg/observation_range_bearing.h
[1.843s] -- Up-to-date symlink: /home/jozef/ros2_ws/install/mrpt_msgs/include/mrpt_msgs/mrpt_msgs/msg/rosidl_generator_c__visibility_control.h
[1.844s] -- Up-to-date symlink: /home/jozef/ros2_ws/install/mrpt_msgs/include/mrpt_msgs/mrpt_msgs/msg/single_object_observation.h
[1.844s] -- Up-to-date symlink: /home/jozef/ros2_ws/install/mrpt_msgs/include/mrpt_msgs/mrpt_msgs/msg/single_range_beacon_observation.h
[1.844s] -- Up-to-date symlink: /home/jozef/ros2_ws/install/mrpt_msgs/include/mrpt_msgs/mrpt_msgs/msg/single_range_bearing_observation.h
[1.844s] -- Up-to-date symlink: /home/jozef/ros2_ws/install/mrpt_msgs/include/mrpt_msgs/mrpt_msgs/msg/waypoint.h
[1.844s] -- Up-to-date symlink: /home/jozef/ros2_ws/install/mrpt_msgs/include/mrpt_msgs/mrpt_msgs/msg/waypoint_sequence.h
[1.845s] -- Up-to-date symlink: /home/jozef/ros2_ws/install/mrpt_msgs/include/mrpt_msgs/mrpt_msgs/srv/detail/get_cm_graph__functions.h
[1.845s] -- Up-to-date symlink: /home/jozef/ros2_ws/install/mrpt_msgs/include/mrpt_msgs/mrpt_msgs/srv/detail/get_cm_graph__struct.h
[1.845s] -- Up-to-date symlink: /home/jozef/ros2_ws/install/mrpt_msgs/include/mrpt_msgs/mrpt_msgs/srv/detail/get_cm_graph__type_support.h
[1.845s] -- Up-to-date symlink: /home/jozef/ros2_ws/install/mrpt_msgs/include/mrpt_msgs/mrpt_msgs/srv/get_cm_graph.h
[1.845s] -- Up-to-date symlink: /home/jozef/ros2_ws/install/mrpt_msgs/share/mrpt_msgs/environment/library_path.sh
[1.845s] -- Up-to-date symlink: /home/jozef/ros2_ws/install/mrpt_msgs/share/mrpt_msgs/environment/library_path.dsv
[1.846s] -- Up-to-date symlink: /home/jozef/ros2_ws/install/mrpt_msgs/include/mrpt_msgs/mrpt_msgs/msg/detail/generic_object__rosidl_typesupport_fastrtps_c.h
[1.846s] -- Up-to-date symlink: /home/jozef/ros2_ws/install/mrpt_msgs/include/mrpt_msgs/mrpt_msgs/msg/detail/generic_observation__rosidl_typesupport_fastrtps_c.h
[1.846s] -- Up-to-date symlink: /home/jozef/ros2_ws/install/mrpt_msgs/include/mrpt_msgs/mrpt_msgs/msg/detail/graph_constraint__rosidl_typesupport_fastrtps_c.h
[1.847s] -- Up-to-date symlink: /home/jozef/ros2_ws/install/mrpt_msgs/include/mrpt_msgs/mrpt_msgs/msg/detail/graph_slam_agent__rosidl_typesupport_fastrtps_c.h
[1.847s] -- Up-to-date symlink: /home/jozef/ros2_ws/install/mrpt_msgs/include/mrpt_msgs/mrpt_msgs/msg/detail/graph_slam_agents__rosidl_typesupport_fastrtps_c.h
[1.847s] -- Up-to-date symlink: /home/jozef/ros2_ws/install/mrpt_msgs/include/mrpt_msgs/mrpt_msgs/msg/detail/graph_slam_stats__rosidl_typesupport_fastrtps_c.h
[1.847s] -- Up-to-date symlink: /home/jozef/ros2_ws/install/mrpt_msgs/include/mrpt_msgs/mrpt_msgs/msg/detail/network_of_poses__rosidl_typesupport_fastrtps_c.h
[1.847s] -- Up-to-date symlink: /home/jozef/ros2_ws/install/mrpt_msgs/include/mrpt_msgs/mrpt_msgs/msg/detail/node_id_with_laser_scan__rosidl_typesupport_fastrtps_c.h
[1.847s] -- Up-to-date symlink: /home/jozef/ros2_ws/install/mrpt_msgs/include/mrpt_msgs/mrpt_msgs/msg/detail/node_id_with_pose__rosidl_typesupport_fastrtps_c.h
[1.847s] -- Up-to-date symlink: /home/jozef/ros2_ws/install/mrpt_msgs/include/mrpt_msgs/mrpt_msgs/msg/detail/node_id_with_pose_vec__rosidl_typesupport_fastrtps_c.h
[1.847s] -- Up-to-date symlink: /home/jozef/ros2_ws/install/mrpt_msgs/include/mrpt_msgs/mrpt_msgs/msg/detail/observation_object__rosidl_typesupport_fastrtps_c.h
[1.847s] -- Up-to-date symlink: /home/jozef/ros2_ws/install/mrpt_msgs/include/mrpt_msgs/mrpt_msgs/msg/detail/observation_range_beacon__rosidl_typesupport_fastrtps_c.h
[1.855s] -- Up-to-date symlink: /home/jozef/ros2_ws/install/mrpt_msgs/include/mrpt_msgs/mrpt_msgs/msg/detail/observation_range_bearing__rosidl_typesupport_fastrtps_c.h
[1.855s] -- Up-to-date symlink: /home/jozef/ros2_ws/install/mrpt_msgs/include/mrpt_msgs/mrpt_msgs/msg/detail/single_object_observation__rosidl_typesupport_fastrtps_c.h
[1.856s] -- Up-to-date symlink: /home/jozef/ros2_ws/install/mrpt_msgs/include/mrpt_msgs/mrpt_msgs/msg/detail/single_range_beacon_observation__rosidl_typesupport_fastrtps_c.h
[1.856s] -- Up-to-date symlink: /home/jozef/ros2_ws/install/mrpt_msgs/include/mrpt_msgs/mrpt_msgs/msg/detail/single_range_bearing_observation__rosidl_typesupport_fastrtps_c.h
[1.856s] -- Up-to-date symlink: /home/jozef/ros2_ws/install/mrpt_msgs/include/mrpt_msgs/mrpt_msgs/msg/detail/waypoint__rosidl_typesupport_fastrtps_c.h
[1.856s] -- Up-to-date symlink: /home/jozef/ros2_ws/install/mrpt_msgs/include/mrpt_msgs/mrpt_msgs/msg/detail/waypoint_sequence__rosidl_typesupport_fastrtps_c.h
[1.856s] -- Up-to-date symlink: /home/jozef/ros2_ws/install/mrpt_msgs/include/mrpt_msgs/mrpt_msgs/msg/rosidl_typesupport_fastrtps_c__visibility_control.h
[1.857s] -- Up-to-date symlink: /home/jozef/ros2_ws/install/mrpt_msgs/include/mrpt_msgs/mrpt_msgs/srv/detail/get_cm_graph__rosidl_typesupport_fastrtps_c.h
[1.859s] -- Up-to-date symlink: /home/jozef/ros2_ws/install/mrpt_msgs/include/mrpt_msgs/mrpt_msgs/msg/detail/generic_object__rosidl_typesupport_introspection_c.h
[1.859s] -- Up-to-date symlink: /home/jozef/ros2_ws/install/mrpt_msgs/include/mrpt_msgs/mrpt_msgs/msg/detail/generic_observation__rosidl_typesupport_introspection_c.h
[1.862s] -- Up-to-date symlink: /home/jozef/ros2_ws/install/mrpt_msgs/include/mrpt_msgs/mrpt_msgs/msg/detail/graph_constraint__rosidl_typesupport_introspection_c.h
[1.863s] -- Up-to-date symlink: /home/jozef/ros2_ws/install/mrpt_msgs/include/mrpt_msgs/mrpt_msgs/msg/detail/graph_slam_agent__rosidl_typesupport_introspection_c.h
[1.863s] -- Up-to-date symlink: /home/jozef/ros2_ws/install/mrpt_msgs/include/mrpt_msgs/mrpt_msgs/msg/detail/graph_slam_agents__rosidl_typesupport_introspection_c.h
[1.863s] -- Up-to-date symlink: /home/jozef/ros2_ws/install/mrpt_msgs/include/mrpt_msgs/mrpt_msgs/msg/detail/graph_slam_stats__rosidl_typesupport_introspection_c.h
[1.863s] -- Up-to-date symlink: /home/jozef/ros2_ws/install/mrpt_msgs/include/mrpt_msgs/mrpt_msgs/msg/detail/network_of_poses__rosidl_typesupport_introspection_c.h
[1.863s] -- Up-to-date symlink: /home/jozef/ros2_ws/install/mrpt_msgs/include/mrpt_msgs/mrpt_msgs/msg/detail/node_id_with_laser_scan__rosidl_typesupport_introspection_c.h
[1.863s] -- Up-to-date symlink: /home/jozef/ros2_ws/install/mrpt_msgs/include/mrpt_msgs/mrpt_msgs/msg/detail/node_id_with_pose__rosidl_typesupport_introspection_c.h
[1.863s] -- Up-to-date symlink: /home/jozef/ros2_ws/install/mrpt_msgs/include/mrpt_msgs/mrpt_msgs/msg/detail/node_id_with_pose_vec__rosidl_typesupport_introspection_c.h
[1.864s] -- Up-to-date symlink: /home/jozef/ros2_ws/install/mrpt_msgs/include/mrpt_msgs/mrpt_msgs/msg/detail/observation_object__rosidl_typesupport_introspection_c.h
[1.864s] -- Up-to-date symlink: /home/jozef/ros2_ws/install/mrpt_msgs/include/mrpt_msgs/mrpt_msgs/msg/detail/observation_range_beacon__rosidl_typesupport_introspection_c.h
[1.864s] -- Up-to-date symlink: /home/jozef/ros2_ws/install/mrpt_msgs/include/mrpt_msgs/mrpt_msgs/msg/detail/observation_range_bearing__rosidl_typesupport_introspection_c.h
[1.864s] -- Up-to-date symlink: /home/jozef/ros2_ws/install/mrpt_msgs/include/mrpt_msgs/mrpt_msgs/msg/detail/single_object_observation__rosidl_typesupport_introspection_c.h
[1.864s] -- Up-to-date symlink: /home/jozef/ros2_ws/install/mrpt_msgs/include/mrpt_msgs/mrpt_msgs/msg/detail/single_range_beacon_observation__rosidl_typesupport_introspection_c.h
[1.864s] -- Up-to-date symlink: /home/jozef/ros2_ws/install/mrpt_msgs/include/mrpt_msgs/mrpt_msgs/msg/detail/single_range_bearing_observation__rosidl_typesupport_introspection_c.h
[1.864s] -- Up-to-date symlink: /home/jozef/ros2_ws/install/mrpt_msgs/include/mrpt_msgs/mrpt_msgs/msg/detail/waypoint__rosidl_typesupport_introspection_c.h
[1.865s] -- Up-to-date symlink: /home/jozef/ros2_ws/install/mrpt_msgs/include/mrpt_msgs/mrpt_msgs/msg/detail/waypoint_sequence__rosidl_typesupport_introspection_c.h
[1.865s] -- Up-to-date symlink: /home/jozef/ros2_ws/install/mrpt_msgs/include/mrpt_msgs/mrpt_msgs/msg/rosidl_typesupport_introspection_c__visibility_control.h
[1.865s] -- Up-to-date symlink: /home/jozef/ros2_ws/install/mrpt_msgs/include/mrpt_msgs/mrpt_msgs/srv/detail/get_cm_graph__rosidl_typesupport_introspection_c.h
[1.865s] -- Up-to-date symlink: /home/jozef/ros2_ws/install/mrpt_msgs/include/mrpt_msgs/mrpt_msgs/msg/detail/generic_object__builder.hpp
[1.865s] -- Up-to-date symlink: /home/jozef/ros2_ws/install/mrpt_msgs/include/mrpt_msgs/mrpt_msgs/msg/detail/generic_object__struct.hpp
[1.865s] -- Up-to-date symlink: /home/jozef/ros2_ws/install/mrpt_msgs/include/mrpt_msgs/mrpt_msgs/msg/detail/generic_object__traits.hpp
[1.865s] -- Up-to-date symlink: /home/jozef/ros2_ws/install/mrpt_msgs/include/mrpt_msgs/mrpt_msgs/msg/detail/generic_object__type_support.hpp
[1.865s] -- Up-to-date symlink: /home/jozef/ros2_ws/install/mrpt_msgs/include/mrpt_msgs/mrpt_msgs/msg/detail/generic_observation__builder.hpp
[1.870s] -- Up-to-date symlink: /home/jozef/ros2_ws/install/mrpt_msgs/include/mrpt_msgs/mrpt_msgs/msg/detail/generic_observation__struct.hpp
[1.871s] -- Up-to-date symlink: /home/jozef/ros2_ws/install/mrpt_msgs/include/mrpt_msgs/mrpt_msgs/msg/detail/generic_observation__traits.hpp
[1.871s] -- Up-to-date symlink: /home/jozef/ros2_ws/install/mrpt_msgs/include/mrpt_msgs/mrpt_msgs/msg/detail/generic_observation__type_support.hpp
[1.876s] -- Up-to-date symlink: /home/jozef/ros2_ws/install/mrpt_msgs/include/mrpt_msgs/mrpt_msgs/msg/detail/graph_constraint__builder.hpp
[1.876s] -- Up-to-date symlink: /home/jozef/ros2_ws/install/mrpt_msgs/include/mrpt_msgs/mrpt_msgs/msg/detail/graph_constraint__struct.hpp
[1.876s] -- Up-to-date symlink: /home/jozef/ros2_ws/install/mrpt_msgs/include/mrpt_msgs/mrpt_msgs/msg/detail/graph_constraint__traits.hpp
[1.876s] -- Up-to-date symlink: /home/jozef/ros2_ws/install/mrpt_msgs/include/mrpt_msgs/mrpt_msgs/msg/detail/graph_constraint__type_support.hpp
[1.876s] -- Up-to-date symlink: /home/jozef/ros2_ws/install/mrpt_msgs/include/mrpt_msgs/mrpt_msgs/msg/detail/graph_slam_agent__builder.hpp
[1.880s] -- Up-to-date symlink: /home/jozef/ros2_ws/install/mrpt_msgs/include/mrpt_msgs/mrpt_msgs/msg/detail/graph_slam_agent__struct.hpp
[1.880s] -- Up-to-date symlink: /home/jozef/ros2_ws/install/mrpt_msgs/include/mrpt_msgs/mrpt_msgs/msg/detail/graph_slam_agent__traits.hpp
[1.880s] -- Up-to-date symlink: /home/jozef/ros2_ws/install/mrpt_msgs/include/mrpt_msgs/mrpt_msgs/msg/detail/graph_slam_agent__type_support.hpp
[1.881s] -- Up-to-date symlink: /home/jozef/ros2_ws/install/mrpt_msgs/include/mrpt_msgs/mrpt_msgs/msg/detail/graph_slam_agents__builder.hpp
[1.881s] -- Up-to-date symlink: /home/jozef/ros2_ws/install/mrpt_msgs/include/mrpt_msgs/mrpt_msgs/msg/detail/graph_slam_agents__struct.hpp
[1.881s] -- Up-to-date symlink: /home/jozef/ros2_ws/install/mrpt_msgs/include/mrpt_msgs/mrpt_msgs/msg/detail/graph_slam_agents__traits.hpp
[1.881s] -- Up-to-date symlink: /home/jozef/ros2_ws/install/mrpt_msgs/include/mrpt_msgs/mrpt_msgs/msg/detail/graph_slam_agents__type_support.hpp
[1.881s] -- Up-to-date symlink: /home/jozef/ros2_ws/install/mrpt_msgs/include/mrpt_msgs/mrpt_msgs/msg/detail/graph_slam_stats__builder.hpp
[1.882s] -- Up-to-date symlink: /home/jozef/ros2_ws/install/mrpt_msgs/include/mrpt_msgs/mrpt_msgs/msg/detail/graph_slam_stats__struct.hpp
[1.882s] -- Up-to-date symlink: /home/jozef/ros2_ws/install/mrpt_msgs/include/mrpt_msgs/mrpt_msgs/msg/detail/graph_slam_stats__traits.hpp
[1.882s] -- Up-to-date symlink: /home/jozef/ros2_ws/install/mrpt_msgs/include/mrpt_msgs/mrpt_msgs/msg/detail/graph_slam_stats__type_support.hpp
[1.882s] -- Up-to-date symlink: /home/jozef/ros2_ws/install/mrpt_msgs/include/mrpt_msgs/mrpt_msgs/msg/detail/network_of_poses__builder.hpp
[1.882s] -- Up-to-date symlink: /home/jozef/ros2_ws/install/mrpt_msgs/include/mrpt_msgs/mrpt_msgs/msg/detail/network_of_poses__struct.hpp
[1.882s] -- Up-to-date symlink: /home/jozef/ros2_ws/install/mrpt_msgs/include/mrpt_msgs/mrpt_msgs/msg/detail/network_of_poses__traits.hpp
[1.882s] -- Up-to-date symlink: /home/jozef/ros2_ws/install/mrpt_msgs/include/mrpt_msgs/mrpt_msgs/msg/detail/network_of_poses__type_support.hpp
[1.882s] -- Up-to-date symlink: /home/jozef/ros2_ws/install/mrpt_msgs/include/mrpt_msgs/mrpt_msgs/msg/detail/node_id_with_laser_scan__builder.hpp
[1.883s] -- Up-to-date symlink: /home/jozef/ros2_ws/install/mrpt_msgs/include/mrpt_msgs/mrpt_msgs/msg/detail/node_id_with_laser_scan__struct.hpp
[1.883s] -- Up-to-date symlink: /home/jozef/ros2_ws/install/mrpt_msgs/include/mrpt_msgs/mrpt_msgs/msg/detail/node_id_with_laser_scan__traits.hpp
[1.883s] -- Up-to-date symlink: /home/jozef/ros2_ws/install/mrpt_msgs/include/mrpt_msgs/mrpt_msgs/msg/detail/node_id_with_laser_scan__type_support.hpp
[1.890s] -- Up-to-date symlink: /home/jozef/ros2_ws/install/mrpt_msgs/include/mrpt_msgs/mrpt_msgs/msg/detail/node_id_with_pose__builder.hpp
[1.891s] -- Up-to-date symlink: /home/jozef/ros2_ws/install/mrpt_msgs/include/mrpt_msgs/mrpt_msgs/msg/detail/node_id_with_pose__struct.hpp
[1.891s] -- Up-to-date symlink: /home/jozef/ros2_ws/install/mrpt_msgs/include/mrpt_msgs/mrpt_msgs/msg/detail/node_id_with_pose__traits.hpp
[1.891s] -- Up-to-date symlink: /home/jozef/ros2_ws/install/mrpt_msgs/include/mrpt_msgs/mrpt_msgs/msg/detail/node_id_with_pose__type_support.hpp
[1.891s] -- Up-to-date symlink: /home/jozef/ros2_ws/install/mrpt_msgs/include/mrpt_msgs/mrpt_msgs/msg/detail/node_id_with_pose_vec__builder.hpp
[1.892s] -- Up-to-date symlink: /home/jozef/ros2_ws/install/mrpt_msgs/include/mrpt_msgs/mrpt_msgs/msg/detail/node_id_with_pose_vec__struct.hpp
[1.892s] -- Up-to-date symlink: /home/jozef/ros2_ws/install/mrpt_msgs/include/mrpt_msgs/mrpt_msgs/msg/detail/node_id_with_pose_vec__traits.hpp
[1.892s] -- Up-to-date symlink: /home/jozef/ros2_ws/install/mrpt_msgs/include/mrpt_msgs/mrpt_msgs/msg/detail/node_id_with_pose_vec__type_support.hpp
[1.892s] -- Up-to-date symlink: /home/jozef/ros2_ws/install/mrpt_msgs/include/mrpt_msgs/mrpt_msgs/msg/detail/observation_object__builder.hpp
[1.892s] -- Up-to-date symlink: /home/jozef/ros2_ws/install/mrpt_msgs/include/mrpt_msgs/mrpt_msgs/msg/detail/observation_object__struct.hpp
[1.892s] -- Up-to-date symlink: /home/jozef/ros2_ws/install/mrpt_msgs/include/mrpt_msgs/mrpt_msgs/msg/detail/observation_object__traits.hpp
[1.892s] -- Up-to-date symlink: /home/jozef/ros2_ws/install/mrpt_msgs/include/mrpt_msgs/mrpt_msgs/msg/detail/observation_object__type_support.hpp
[1.893s] -- Up-to-date symlink: /home/jozef/ros2_ws/install/mrpt_msgs/include/mrpt_msgs/mrpt_msgs/msg/detail/observation_range_beacon__builder.hpp
[1.893s] -- Up-to-date symlink: /home/jozef/ros2_ws/install/mrpt_msgs/include/mrpt_msgs/mrpt_msgs/msg/detail/observation_range_beacon__struct.hpp
[1.893s] -- Up-to-date symlink: /home/jozef/ros2_ws/install/mrpt_msgs/include/mrpt_msgs/mrpt_msgs/msg/detail/observation_range_beacon__traits.hpp
[1.893s] -- Up-to-date symlink: /home/jozef/ros2_ws/install/mrpt_msgs/include/mrpt_msgs/mrpt_msgs/msg/detail/observation_range_beacon__type_support.hpp
[1.893s] -- Up-to-date symlink: /home/jozef/ros2_ws/install/mrpt_msgs/include/mrpt_msgs/mrpt_msgs/msg/detail/observation_range_bearing__builder.hpp
[1.893s] -- Up-to-date symlink: /home/jozef/ros2_ws/install/mrpt_msgs/include/mrpt_msgs/mrpt_msgs/msg/detail/observation_range_bearing__struct.hpp
[1.893s] -- Up-to-date symlink: /home/jozef/ros2_ws/install/mrpt_msgs/include/mrpt_msgs/mrpt_msgs/msg/detail/observation_range_bearing__traits.hpp
[1.893s] -- Up-to-date symlink: /home/jozef/ros2_ws/install/mrpt_msgs/include/mrpt_msgs/mrpt_msgs/msg/detail/observation_range_bearing__type_support.hpp
[1.894s] -- Up-to-date symlink: /home/jozef/ros2_ws/install/mrpt_msgs/include/mrpt_msgs/mrpt_msgs/msg/detail/single_object_observation__builder.hpp
[1.894s] -- Up-to-date symlink: /home/jozef/ros2_ws/install/mrpt_msgs/include/mrpt_msgs/mrpt_msgs/msg/detail/single_object_observation__struct.hpp
[1.894s] -- Up-to-date symlink: /home/jozef/ros2_ws/install/mrpt_msgs/include/mrpt_msgs/mrpt_msgs/msg/detail/single_object_observation__traits.hpp
[1.897s] -- Up-to-date symlink: /home/jozef/ros2_ws/install/mrpt_msgs/include/mrpt_msgs/mrpt_msgs/msg/detail/single_object_observation__type_support.hpp
[1.898s] -- Up-to-date symlink: /home/jozef/ros2_ws/install/mrpt_msgs/include/mrpt_msgs/mrpt_msgs/msg/detail/single_range_beacon_observation__builder.hpp
[1.898s] -- Up-to-date symlink: /home/jozef/ros2_ws/install/mrpt_msgs/include/mrpt_msgs/mrpt_msgs/msg/detail/single_range_beacon_observation__struct.hpp
[1.898s] -- Up-to-date symlink: /home/jozef/ros2_ws/install/mrpt_msgs/include/mrpt_msgs/mrpt_msgs/msg/detail/single_range_beacon_observation__traits.hpp
[1.898s] -- Up-to-date symlink: /home/jozef/ros2_ws/install/mrpt_msgs/include/mrpt_msgs/mrpt_msgs/msg/detail/single_range_beacon_observation__type_support.hpp
[1.898s] -- Up-to-date symlink: /home/jozef/ros2_ws/install/mrpt_msgs/include/mrpt_msgs/mrpt_msgs/msg/detail/single_range_bearing_observation__builder.hpp
[1.898s] -- Up-to-date symlink: /home/jozef/ros2_ws/install/mrpt_msgs/include/mrpt_msgs/mrpt_msgs/msg/detail/single_range_bearing_observation__struct.hpp
[1.902s] -- Up-to-date symlink: /home/jozef/ros2_ws/install/mrpt_msgs/include/mrpt_msgs/mrpt_msgs/msg/detail/single_range_bearing_observation__traits.hpp
[1.902s] -- Up-to-date symlink: /home/jozef/ros2_ws/install/mrpt_msgs/include/mrpt_msgs/mrpt_msgs/msg/detail/single_range_bearing_observation__type_support.hpp
[1.902s] -- Up-to-date symlink: /home/jozef/ros2_ws/install/mrpt_msgs/include/mrpt_msgs/mrpt_msgs/msg/detail/waypoint__builder.hpp
[1.903s] -- Up-to-date symlink: /home/jozef/ros2_ws/install/mrpt_msgs/include/mrpt_msgs/mrpt_msgs/msg/detail/waypoint__struct.hpp
[1.903s] -- Up-to-date symlink: /home/jozef/ros2_ws/install/mrpt_msgs/include/mrpt_msgs/mrpt_msgs/msg/detail/waypoint__traits.hpp
[1.903s] -- Up-to-date symlink: /home/jozef/ros2_ws/install/mrpt_msgs/include/mrpt_msgs/mrpt_msgs/msg/detail/waypoint__type_support.hpp
[1.903s] -- Up-to-date symlink: /home/jozef/ros2_ws/install/mrpt_msgs/include/mrpt_msgs/mrpt_msgs/msg/detail/waypoint_sequence__builder.hpp
[1.903s] -- Up-to-date symlink: /home/jozef/ros2_ws/install/mrpt_msgs/include/mrpt_msgs/mrpt_msgs/msg/detail/waypoint_sequence__struct.hpp
[1.903s] -- Up-to-date symlink: /home/jozef/ros2_ws/install/mrpt_msgs/include/mrpt_msgs/mrpt_msgs/msg/detail/waypoint_sequence__traits.hpp
[1.903s] -- Up-to-date symlink: /home/jozef/ros2_ws/install/mrpt_msgs/include/mrpt_msgs/mrpt_msgs/msg/detail/waypoint_sequence__type_support.hpp
[1.904s] -- Up-to-date symlink: /home/jozef/ros2_ws/install/mrpt_msgs/include/mrpt_msgs/mrpt_msgs/msg/generic_object.hpp
[1.904s] -- Up-to-date symlink: /home/jozef/ros2_ws/install/mrpt_msgs/include/mrpt_msgs/mrpt_msgs/msg/generic_observation.hpp
[1.904s] -- Up-to-date symlink: /home/jozef/ros2_ws/install/mrpt_msgs/include/mrpt_msgs/mrpt_msgs/msg/graph_constraint.hpp
[1.904s] -- Up-to-date symlink: /home/jozef/ros2_ws/install/mrpt_msgs/include/mrpt_msgs/mrpt_msgs/msg/graph_slam_agent.hpp
[1.904s] -- Up-to-date symlink: /home/jozef/ros2_ws/install/mrpt_msgs/include/mrpt_msgs/mrpt_msgs/msg/graph_slam_agents.hpp
[1.904s] -- Up-to-date symlink: /home/jozef/ros2_ws/install/mrpt_msgs/include/mrpt_msgs/mrpt_msgs/msg/graph_slam_stats.hpp
[1.904s] -- Up-to-date symlink: /home/jozef/ros2_ws/install/mrpt_msgs/include/mrpt_msgs/mrpt_msgs/msg/network_of_poses.hpp
[1.905s] -- Up-to-date symlink: /home/jozef/ros2_ws/install/mrpt_msgs/include/mrpt_msgs/mrpt_msgs/msg/node_id_with_laser_scan.hpp
[1.905s] -- Up-to-date symlink: /home/jozef/ros2_ws/install/mrpt_msgs/include/mrpt_msgs/mrpt_msgs/msg/node_id_with_pose.hpp
[1.905s] -- Up-to-date symlink: /home/jozef/ros2_ws/install/mrpt_msgs/include/mrpt_msgs/mrpt_msgs/msg/node_id_with_pose_vec.hpp
[1.905s] -- Up-to-date symlink: /home/jozef/ros2_ws/install/mrpt_msgs/include/mrpt_msgs/mrpt_msgs/msg/observation_object.hpp
[1.905s] -- Up-to-date symlink: /home/jozef/ros2_ws/install/mrpt_msgs/include/mrpt_msgs/mrpt_msgs/msg/observation_range_beacon.hpp
[1.905s] -- Up-to-date symlink: /home/jozef/ros2_ws/install/mrpt_msgs/include/mrpt_msgs/mrpt_msgs/msg/observation_range_bearing.hpp
[1.905s] -- Up-to-date symlink: /home/jozef/ros2_ws/install/mrpt_msgs/include/mrpt_msgs/mrpt_msgs/msg/rosidl_generator_cpp__visibility_control.hpp
[1.905s] -- Up-to-date symlink: /home/jozef/ros2_ws/install/mrpt_msgs/include/mrpt_msgs/mrpt_msgs/msg/single_object_observation.hpp
[1.906s] -- Up-to-date symlink: /home/jozef/ros2_ws/install/mrpt_msgs/include/mrpt_msgs/mrpt_msgs/msg/single_range_beacon_observation.hpp
[1.906s] -- Up-to-date symlink: /home/jozef/ros2_ws/install/mrpt_msgs/include/mrpt_msgs/mrpt_msgs/msg/single_range_bearing_observation.hpp
[1.906s] -- Up-to-date symlink: /home/jozef/ros2_ws/install/mrpt_msgs/include/mrpt_msgs/mrpt_msgs/msg/waypoint.hpp
[1.909s] -- Up-to-date symlink: /home/jozef/ros2_ws/install/mrpt_msgs/include/mrpt_msgs/mrpt_msgs/msg/waypoint_sequence.hpp
[1.909s] -- Up-to-date symlink: /home/jozef/ros2_ws/install/mrpt_msgs/include/mrpt_msgs/mrpt_msgs/srv/detail/get_cm_graph__builder.hpp
[1.910s] -- Up-to-date symlink: /home/jozef/ros2_ws/install/mrpt_msgs/include/mrpt_msgs/mrpt_msgs/srv/detail/get_cm_graph__struct.hpp
[1.910s] -- Up-to-date symlink: /home/jozef/ros2_ws/install/mrpt_msgs/include/mrpt_msgs/mrpt_msgs/srv/detail/get_cm_graph__traits.hpp
[1.910s] -- Up-to-date symlink: /home/jozef/ros2_ws/install/mrpt_msgs/include/mrpt_msgs/mrpt_msgs/srv/detail/get_cm_graph__type_support.hpp
[1.910s] -- Up-to-date symlink: /home/jozef/ros2_ws/install/mrpt_msgs/include/mrpt_msgs/mrpt_msgs/srv/get_cm_graph.hpp
[1.910s] -- Up-to-date symlink: /home/jozef/ros2_ws/install/mrpt_msgs/include/mrpt_msgs/mrpt_msgs/msg/detail/generic_object__rosidl_typesupport_fastrtps_cpp.hpp
[1.910s] -- Up-to-date symlink: /home/jozef/ros2_ws/install/mrpt_msgs/include/mrpt_msgs/mrpt_msgs/msg/detail/generic_observation__rosidl_typesupport_fastrtps_cpp.hpp
[1.910s] -- Up-to-date symlink: /home/jozef/ros2_ws/install/mrpt_msgs/include/mrpt_msgs/mrpt_msgs/msg/detail/graph_constraint__rosidl_typesupport_fastrtps_cpp.hpp
[1.910s] -- Up-to-date symlink: /home/jozef/ros2_ws/install/mrpt_msgs/include/mrpt_msgs/mrpt_msgs/msg/detail/graph_slam_agent__rosidl_typesupport_fastrtps_cpp.hpp
[1.910s] -- Up-to-date symlink: /home/jozef/ros2_ws/install/mrpt_msgs/include/mrpt_msgs/mrpt_msgs/msg/detail/graph_slam_agents__rosidl_typesupport_fastrtps_cpp.hpp
[1.915s] -- Up-to-date symlink: /home/jozef/ros2_ws/install/mrpt_msgs/include/mrpt_msgs/mrpt_msgs/msg/detail/graph_slam_stats__rosidl_typesupport_fastrtps_cpp.hpp
[1.915s] -- Up-to-date symlink: /home/jozef/ros2_ws/install/mrpt_msgs/include/mrpt_msgs/mrpt_msgs/msg/detail/network_of_poses__rosidl_typesupport_fastrtps_cpp.hpp
[1.916s] -- Up-to-date symlink: /home/jozef/ros2_ws/install/mrpt_msgs/include/mrpt_msgs/mrpt_msgs/msg/detail/node_id_with_laser_scan__rosidl_typesupport_fastrtps_cpp.hpp
[1.916s] -- Up-to-date symlink: /home/jozef/ros2_ws/install/mrpt_msgs/include/mrpt_msgs/mrpt_msgs/msg/detail/node_id_with_pose__rosidl_typesupport_fastrtps_cpp.hpp
[1.916s] -- Up-to-date symlink: /home/jozef/ros2_ws/install/mrpt_msgs/include/mrpt_msgs/mrpt_msgs/msg/detail/node_id_with_pose_vec__rosidl_typesupport_fastrtps_cpp.hpp
[1.916s] -- Up-to-date symlink: /home/jozef/ros2_ws/install/mrpt_msgs/include/mrpt_msgs/mrpt_msgs/msg/detail/observation_object__rosidl_typesupport_fastrtps_cpp.hpp
[1.916s] -- Up-to-date symlink: /home/jozef/ros2_ws/install/mrpt_msgs/include/mrpt_msgs/mrpt_msgs/msg/detail/observation_range_beacon__rosidl_typesupport_fastrtps_cpp.hpp
[1.916s] -- Up-to-date symlink: /home/jozef/ros2_ws/install/mrpt_msgs/include/mrpt_msgs/mrpt_msgs/msg/detail/observation_range_bearing__rosidl_typesupport_fastrtps_cpp.hpp
[1.916s] -- Up-to-date symlink: /home/jozef/ros2_ws/install/mrpt_msgs/include/mrpt_msgs/mrpt_msgs/msg/detail/single_object_observation__rosidl_typesupport_fastrtps_cpp.hpp
[1.916s] -- Up-to-date symlink: /home/jozef/ros2_ws/install/mrpt_msgs/include/mrpt_msgs/mrpt_msgs/msg/detail/single_range_beacon_observation__rosidl_typesupport_fastrtps_cpp.hpp
[1.916s] -- Up-to-date symlink: /home/jozef/ros2_ws/install/mrpt_msgs/include/mrpt_msgs/mrpt_msgs/msg/detail/single_range_bearing_observation__rosidl_typesupport_fastrtps_cpp.hpp
[1.917s] -- Up-to-date symlink: /home/jozef/ros2_ws/install/mrpt_msgs/include/mrpt_msgs/mrpt_msgs/msg/detail/waypoint__rosidl_typesupport_fastrtps_cpp.hpp
[1.917s] -- Up-to-date symlink: /home/jozef/ros2_ws/install/mrpt_msgs/include/mrpt_msgs/mrpt_msgs/msg/detail/waypoint_sequence__rosidl_typesupport_fastrtps_cpp.hpp
[1.917s] -- Up-to-date symlink: /home/jozef/ros2_ws/install/mrpt_msgs/include/mrpt_msgs/mrpt_msgs/msg/rosidl_typesupport_fastrtps_cpp__visibility_control.h
[1.917s] -- Up-to-date symlink: /home/jozef/ros2_ws/install/mrpt_msgs/include/mrpt_msgs/mrpt_msgs/srv/detail/get_cm_graph__rosidl_typesupport_fastrtps_cpp.hpp
[1.917s] -- Up-to-date symlink: /home/jozef/ros2_ws/install/mrpt_msgs/include/mrpt_msgs/mrpt_msgs/msg/detail/generic_object__rosidl_typesupport_introspection_cpp.hpp
[1.917s] -- Up-to-date symlink: /home/jozef/ros2_ws/install/mrpt_msgs/include/mrpt_msgs/mrpt_msgs/msg/detail/generic_observation__rosidl_typesupport_introspection_cpp.hpp
[1.917s] -- Up-to-date symlink: /home/jozef/ros2_ws/install/mrpt_msgs/include/mrpt_msgs/mrpt_msgs/msg/detail/graph_constraint__rosidl_typesupport_introspection_cpp.hpp
[1.917s] -- Up-to-date symlink: /home/jozef/ros2_ws/install/mrpt_msgs/include/mrpt_msgs/mrpt_msgs/msg/detail/graph_slam_agent__rosidl_typesupport_introspection_cpp.hpp
[1.917s] -- Up-to-date symlink: /home/jozef/ros2_ws/install/mrpt_msgs/include/mrpt_msgs/mrpt_msgs/msg/detail/graph_slam_agents__rosidl_typesupport_introspection_cpp.hpp
[1.917s] -- Up-to-date symlink: /home/jozef/ros2_ws/install/mrpt_msgs/include/mrpt_msgs/mrpt_msgs/msg/detail/graph_slam_stats__rosidl_typesupport_introspection_cpp.hpp
[1.918s] -- Up-to-date symlink: /home/jozef/ros2_ws/install/mrpt_msgs/include/mrpt_msgs/mrpt_msgs/msg/detail/network_of_poses__rosidl_typesupport_introspection_cpp.hpp
[1.918s] -- Up-to-date symlink: /home/jozef/ros2_ws/install/mrpt_msgs/include/mrpt_msgs/mrpt_msgs/msg/detail/node_id_with_laser_scan__rosidl_typesupport_introspection_cpp.hpp
[1.918s] -- Up-to-date symlink: /home/jozef/ros2_ws/install/mrpt_msgs/include/mrpt_msgs/mrpt_msgs/msg/detail/node_id_with_pose__rosidl_typesupport_introspection_cpp.hpp
[1.918s] -- Up-to-date symlink: /home/jozef/ros2_ws/install/mrpt_msgs/include/mrpt_msgs/mrpt_msgs/msg/detail/node_id_with_pose_vec__rosidl_typesupport_introspection_cpp.hpp
[1.918s] -- Up-to-date symlink: /home/jozef/ros2_ws/install/mrpt_msgs/include/mrpt_msgs/mrpt_msgs/msg/detail/observation_object__rosidl_typesupport_introspection_cpp.hpp
[1.918s] -- Up-to-date symlink: /home/jozef/ros2_ws/install/mrpt_msgs/include/mrpt_msgs/mrpt_msgs/msg/detail/observation_range_beacon__rosidl_typesupport_introspection_cpp.hpp
[1.918s] -- Up-to-date symlink: /home/jozef/ros2_ws/install/mrpt_msgs/include/mrpt_msgs/mrpt_msgs/msg/detail/observation_range_bearing__rosidl_typesupport_introspection_cpp.hpp
[1.918s] -- Up-to-date symlink: /home/jozef/ros2_ws/install/mrpt_msgs/include/mrpt_msgs/mrpt_msgs/msg/detail/single_object_observation__rosidl_typesupport_introspection_cpp.hpp
[1.919s] -- Up-to-date symlink: /home/jozef/ros2_ws/install/mrpt_msgs/include/mrpt_msgs/mrpt_msgs/msg/detail/single_range_beacon_observation__rosidl_typesupport_introspection_cpp.hpp
[1.919s] -- Up-to-date symlink: /home/jozef/ros2_ws/install/mrpt_msgs/include/mrpt_msgs/mrpt_msgs/msg/detail/single_range_bearing_observation__rosidl_typesupport_introspection_cpp.hpp
[1.919s] -- Up-to-date symlink: /home/jozef/ros2_ws/install/mrpt_msgs/include/mrpt_msgs/mrpt_msgs/msg/detail/waypoint__rosidl_typesupport_introspection_cpp.hpp
[1.919s] -- Up-to-date symlink: /home/jozef/ros2_ws/install/mrpt_msgs/include/mrpt_msgs/mrpt_msgs/msg/detail/waypoint_sequence__rosidl_typesupport_introspection_cpp.hpp
[1.928s] -- Up-to-date symlink: /home/jozef/ros2_ws/install/mrpt_msgs/include/mrpt_msgs/mrpt_msgs/srv/detail/get_cm_graph__rosidl_typesupport_introspection_cpp.hpp
[1.931s] -- Up-to-date symlink: /home/jozef/ros2_ws/install/mrpt_msgs/share/mrpt_msgs/environment/pythonpath.sh
[1.932s] -- Up-to-date symlink: /home/jozef/ros2_ws/install/mrpt_msgs/share/mrpt_msgs/environment/pythonpath.dsv
[1.932s] -- Up-to-date symlink: /home/jozef/ros2_ws/install/mrpt_msgs/local/lib/python3.10/dist-packages/mrpt_msgs-0.5.0-py3.10.egg-info/PKG-INFO
[1.932s] -- Up-to-date symlink: /home/jozef/ros2_ws/install/mrpt_msgs/local/lib/python3.10/dist-packages/mrpt_msgs-0.5.0-py3.10.egg-info/SOURCES.txt
[1.932s] -- Up-to-date symlink: /home/jozef/ros2_ws/install/mrpt_msgs/local/lib/python3.10/dist-packages/mrpt_msgs-0.5.0-py3.10.egg-info/dependency_links.txt
[1.932s] -- Up-to-date symlink: /home/jozef/ros2_ws/install/mrpt_msgs/local/lib/python3.10/dist-packages/mrpt_msgs-0.5.0-py3.10.egg-info/top_level.txt
[1.933s] -- Up-to-date symlink: /home/jozef/ros2_ws/install/mrpt_msgs/local/lib/python3.10/dist-packages/mrpt_msgs/__init__.py
[1.933s] -- Up-to-date symlink: /home/jozef/ros2_ws/install/mrpt_msgs/local/lib/python3.10/dist-packages/mrpt_msgs/_mrpt_msgs_s.ep.rosidl_typesupport_c.c
[1.933s] -- Up-to-date symlink: /home/jozef/ros2_ws/install/mrpt_msgs/local/lib/python3.10/dist-packages/mrpt_msgs/_mrpt_msgs_s.ep.rosidl_typesupport_fastrtps_c.c
[1.933s] -- Up-to-date symlink: /home/jozef/ros2_ws/install/mrpt_msgs/local/lib/python3.10/dist-packages/mrpt_msgs/_mrpt_msgs_s.ep.rosidl_typesupport_introspection_c.c
[1.933s] -- Up-to-date symlink: /home/jozef/ros2_ws/install/mrpt_msgs/local/lib/python3.10/dist-packages/mrpt_msgs/libmrpt_msgs__rosidl_generator_py.so
[1.934s] -- Up-to-date symlink: /home/jozef/ros2_ws/install/mrpt_msgs/local/lib/python3.10/dist-packages/mrpt_msgs/mrpt_msgs_s__rosidl_typesupport_c.cpython-310-x86_64-linux-gnu.so
[1.934s] -- Up-to-date symlink: /home/jozef/ros2_ws/install/mrpt_msgs/local/lib/python3.10/dist-packages/mrpt_msgs/mrpt_msgs_s__rosidl_typesupport_fastrtps_c.cpython-310-x86_64-linux-gnu.so
[1.934s] -- Up-to-date symlink: /home/jozef/ros2_ws/install/mrpt_msgs/local/lib/python3.10/dist-packages/mrpt_msgs/mrpt_msgs_s__rosidl_typesupport_introspection_c.cpython-310-x86_64-linux-gnu.so
[1.934s] -- Up-to-date symlink: /home/jozef/ros2_ws/install/mrpt_msgs/local/lib/python3.10/dist-packages/mrpt_msgs/msg/__init__.py
[1.934s] -- Up-to-date symlink: /home/jozef/ros2_ws/install/mrpt_msgs/local/lib/python3.10/dist-packages/mrpt_msgs/msg/_generic_object.py
[1.934s] -- Up-to-date symlink: /home/jozef/ros2_ws/install/mrpt_msgs/local/lib/python3.10/dist-packages/mrpt_msgs/msg/_generic_object_s.c
[1.934s] -- Up-to-date symlink: /home/jozef/ros2_ws/install/mrpt_msgs/local/lib/python3.10/dist-packages/mrpt_msgs/msg/_generic_observation.py
[1.934s] -- Up-to-date symlink: /home/jozef/ros2_ws/install/mrpt_msgs/local/lib/python3.10/dist-packages/mrpt_msgs/msg/_generic_observation_s.c
[1.935s] -- Up-to-date symlink: /home/jozef/ros2_ws/install/mrpt_msgs/local/lib/python3.10/dist-packages/mrpt_msgs/msg/_graph_constraint.py
[1.935s] -- Up-to-date symlink: /home/jozef/ros2_ws/install/mrpt_msgs/local/lib/python3.10/dist-packages/mrpt_msgs/msg/_graph_constraint_s.c
[1.935s] -- Up-to-date symlink: /home/jozef/ros2_ws/install/mrpt_msgs/local/lib/python3.10/dist-packages/mrpt_msgs/msg/_graph_slam_agent.py
[1.935s] -- Up-to-date symlink: /home/jozef/ros2_ws/install/mrpt_msgs/local/lib/python3.10/dist-packages/mrpt_msgs/msg/_graph_slam_agent_s.c
[1.938s] -- Up-to-date symlink: /home/jozef/ros2_ws/install/mrpt_msgs/local/lib/python3.10/dist-packages/mrpt_msgs/msg/_graph_slam_agents.py
[1.938s] -- Up-to-date symlink: /home/jozef/ros2_ws/install/mrpt_msgs/local/lib/python3.10/dist-packages/mrpt_msgs/msg/_graph_slam_agents_s.c
[1.938s] -- Up-to-date symlink: /home/jozef/ros2_ws/install/mrpt_msgs/local/lib/python3.10/dist-packages/mrpt_msgs/msg/_graph_slam_stats.py
[1.939s] -- Up-to-date symlink: /home/jozef/ros2_ws/install/mrpt_msgs/local/lib/python3.10/dist-packages/mrpt_msgs/msg/_graph_slam_stats_s.c
[1.939s] -- Up-to-date symlink: /home/jozef/ros2_ws/install/mrpt_msgs/local/lib/python3.10/dist-packages/mrpt_msgs/msg/_network_of_poses.py
[1.939s] -- Up-to-date symlink: /home/jozef/ros2_ws/install/mrpt_msgs/local/lib/python3.10/dist-packages/mrpt_msgs/msg/_network_of_poses_s.c
[1.939s] -- Up-to-date symlink: /home/jozef/ros2_ws/install/mrpt_msgs/local/lib/python3.10/dist-packages/mrpt_msgs/msg/_node_id_with_laser_scan.py
[1.939s] -- Up-to-date symlink: /home/jozef/ros2_ws/install/mrpt_msgs/local/lib/python3.10/dist-packages/mrpt_msgs/msg/_node_id_with_laser_scan_s.c
[1.939s] -- Up-to-date symlink: /home/jozef/ros2_ws/install/mrpt_msgs/local/lib/python3.10/dist-packages/mrpt_msgs/msg/_node_id_with_pose.py
[1.940s] -- Up-to-date symlink: /home/jozef/ros2_ws/install/mrpt_msgs/local/lib/python3.10/dist-packages/mrpt_msgs/msg/_node_id_with_pose_s.c
[1.940s] -- Up-to-date symlink: /home/jozef/ros2_ws/install/mrpt_msgs/local/lib/python3.10/dist-packages/mrpt_msgs/msg/_node_id_with_pose_vec.py
[1.940s] -- Up-to-date symlink: /home/jozef/ros2_ws/install/mrpt_msgs/local/lib/python3.10/dist-packages/mrpt_msgs/msg/_node_id_with_pose_vec_s.c
[1.941s] -- Up-to-date symlink: /home/jozef/ros2_ws/install/mrpt_msgs/local/lib/python3.10/dist-packages/mrpt_msgs/msg/_observation_object.py
[1.941s] -- Up-to-date symlink: /home/jozef/ros2_ws/install/mrpt_msgs/local/lib/python3.10/dist-packages/mrpt_msgs/msg/_observation_object_s.c
[1.941s] -- Up-to-date symlink: /home/jozef/ros2_ws/install/mrpt_msgs/local/lib/python3.10/dist-packages/mrpt_msgs/msg/_observation_range_beacon.py
[1.941s] -- Up-to-date symlink: /home/jozef/ros2_ws/install/mrpt_msgs/local/lib/python3.10/dist-packages/mrpt_msgs/msg/_observation_range_beacon_s.c
[1.941s] -- Up-to-date symlink: /home/jozef/ros2_ws/install/mrpt_msgs/local/lib/python3.10/dist-packages/mrpt_msgs/msg/_observation_range_bearing.py
[1.941s] -- Up-to-date symlink: /home/jozef/ros2_ws/install/mrpt_msgs/local/lib/python3.10/dist-packages/mrpt_msgs/msg/_observation_range_bearing_s.c
[1.941s] -- Up-to-date symlink: /home/jozef/ros2_ws/install/mrpt_msgs/local/lib/python3.10/dist-packages/mrpt_msgs/msg/_single_object_observation.py
[1.941s] -- Up-to-date symlink: /home/jozef/ros2_ws/install/mrpt_msgs/local/lib/python3.10/dist-packages/mrpt_msgs/msg/_single_object_observation_s.c
[1.941s] -- Up-to-date symlink: /home/jozef/ros2_ws/install/mrpt_msgs/local/lib/python3.10/dist-packages/mrpt_msgs/msg/_single_range_beacon_observation.py
[1.942s] -- Up-to-date symlink: /home/jozef/ros2_ws/install/mrpt_msgs/local/lib/python3.10/dist-packages/mrpt_msgs/msg/_single_range_beacon_observation_s.c
[1.942s] -- Up-to-date symlink: /home/jozef/ros2_ws/install/mrpt_msgs/local/lib/python3.10/dist-packages/mrpt_msgs/msg/_single_range_bearing_observation.py
[1.942s] -- Up-to-date symlink: /home/jozef/ros2_ws/install/mrpt_msgs/local/lib/python3.10/dist-packages/mrpt_msgs/msg/_single_range_bearing_observation_s.c
[1.942s] -- Up-to-date symlink: /home/jozef/ros2_ws/install/mrpt_msgs/local/lib/python3.10/dist-packages/mrpt_msgs/msg/_waypoint.py
[1.942s] -- Up-to-date symlink: /home/jozef/ros2_ws/install/mrpt_msgs/local/lib/python3.10/dist-packages/mrpt_msgs/msg/_waypoint_s.c
[1.945s] -- Up-to-date symlink: /home/jozef/ros2_ws/install/mrpt_msgs/local/lib/python3.10/dist-packages/mrpt_msgs/msg/_waypoint_sequence.py
[1.945s] -- Up-to-date symlink: /home/jozef/ros2_ws/install/mrpt_msgs/local/lib/python3.10/dist-packages/mrpt_msgs/msg/_waypoint_sequence_s.c
[1.946s] -- Up-to-date symlink: /home/jozef/ros2_ws/install/mrpt_msgs/local/lib/python3.10/dist-packages/mrpt_msgs/srv/__init__.py
[1.946s] -- Up-to-date symlink: /home/jozef/ros2_ws/install/mrpt_msgs/local/lib/python3.10/dist-packages/mrpt_msgs/srv/_get_cm_graph.py
[1.946s] -- Up-to-date symlink: /home/jozef/ros2_ws/install/mrpt_msgs/local/lib/python3.10/dist-packages/mrpt_msgs/srv/_get_cm_graph_s.c
[1.946s] -- Up-to-date symlink: /home/jozef/ros2_ws/install/mrpt_msgs/local/lib/python3.10/dist-packages/mrpt_msgs/mrpt_msgs_s__rosidl_typesupport_fastrtps_c.cpython-310-x86_64-linux-gnu.so
[1.946s] -- Up-to-date symlink: /home/jozef/ros2_ws/install/mrpt_msgs/local/lib/python3.10/dist-packages/mrpt_msgs/mrpt_msgs_s__rosidl_typesupport_introspection_c.cpython-310-x86_64-linux-gnu.so
[1.946s] -- Up-to-date symlink: /home/jozef/ros2_ws/install/mrpt_msgs/local/lib/python3.10/dist-packages/mrpt_msgs/mrpt_msgs_s__rosidl_typesupport_c.cpython-310-x86_64-linux-gnu.so
[1.946s] -- Up-to-date symlink: /home/jozef/ros2_ws/install/mrpt_msgs/share/mrpt_msgs/msg/GenericObservation.idl
[1.946s] -- Up-to-date symlink: /home/jozef/ros2_ws/install/mrpt_msgs/share/mrpt_msgs/msg/GraphConstraint.idl
[1.947s] -- Up-to-date symlink: /home/jozef/ros2_ws/install/mrpt_msgs/share/mrpt_msgs/msg/GraphSlamAgent.idl
[1.947s] -- Up-to-date symlink: /home/jozef/ros2_ws/install/mrpt_msgs/share/mrpt_msgs/msg/GraphSlamStats.idl
[1.947s] -- Up-to-date symlink: /home/jozef/ros2_ws/install/mrpt_msgs/share/mrpt_msgs/msg/ObservationObject.idl
[1.947s] -- Up-to-date symlink: /home/jozef/ros2_ws/install/mrpt_msgs/share/mrpt_msgs/msg/ObservationRangeBeacon.idl
[1.947s] -- Up-to-date symlink: /home/jozef/ros2_ws/install/mrpt_msgs/share/mrpt_msgs/msg/ObservationRangeBearing.idl
[1.947s] -- Up-to-date symlink: /home/jozef/ros2_ws/install/mrpt_msgs/share/mrpt_msgs/msg/WaypointSequence.idl
[1.947s] -- Up-to-date symlink: /home/jozef/ros2_ws/install/mrpt_msgs/share/mrpt_msgs/msg/GenericObject.idl
[1.947s] -- Up-to-date symlink: /home/jozef/ros2_ws/install/mrpt_msgs/share/mrpt_msgs/msg/GraphSlamAgents.idl
[1.947s] -- Up-to-date symlink: /home/jozef/ros2_ws/install/mrpt_msgs/share/mrpt_msgs/msg/NetworkOfPoses.idl
[1.948s] -- Up-to-date symlink: /home/jozef/ros2_ws/install/mrpt_msgs/share/mrpt_msgs/msg/NodeIDWithLaserScan.idl
[1.948s] -- Up-to-date symlink: /home/jozef/ros2_ws/install/mrpt_msgs/share/mrpt_msgs/msg/NodeIDWithPose.idl
[1.948s] -- Up-to-date symlink: /home/jozef/ros2_ws/install/mrpt_msgs/share/mrpt_msgs/msg/NodeIDWithPoseVec.idl
[1.948s] -- Up-to-date symlink: /home/jozef/ros2_ws/install/mrpt_msgs/share/mrpt_msgs/msg/SingleObjectObservation.idl
[1.954s] -- Up-to-date symlink: /home/jozef/ros2_ws/install/mrpt_msgs/share/mrpt_msgs/msg/SingleRangeBeaconObservation.idl
[1.954s] -- Up-to-date symlink: /home/jozef/ros2_ws/install/mrpt_msgs/share/mrpt_msgs/msg/SingleRangeBearingObservation.idl
[1.954s] -- Up-to-date symlink: /home/jozef/ros2_ws/install/mrpt_msgs/share/mrpt_msgs/msg/Waypoint.idl
[1.955s] -- Up-to-date symlink: /home/jozef/ros2_ws/install/mrpt_msgs/share/mrpt_msgs/srv/GetCMGraph.idl
[1.955s] -- Up-to-date symlink: /home/jozef/ros2_ws/install/mrpt_msgs/share/mrpt_msgs/msg-ros2/GenericObservation.msg
[1.955s] -- Up-to-date symlink: /home/jozef/ros2_ws/install/mrpt_msgs/share/mrpt_msgs/msg-ros2/GraphConstraint.msg
[1.955s] -- Up-to-date symlink: /home/jozef/ros2_ws/install/mrpt_msgs/share/mrpt_msgs/msg-ros2/GraphSlamAgent.msg
[1.955s] -- Up-to-date symlink: /home/jozef/ros2_ws/install/mrpt_msgs/share/mrpt_msgs/msg-ros2/GraphSlamStats.msg
[1.955s] -- Up-to-date symlink: /home/jozef/ros2_ws/install/mrpt_msgs/share/mrpt_msgs/msg-ros2/ObservationObject.msg
[1.955s] -- Up-to-date symlink: /home/jozef/ros2_ws/install/mrpt_msgs/share/mrpt_msgs/msg-ros2/ObservationRangeBeacon.msg
[1.955s] -- Up-to-date symlink: /home/jozef/ros2_ws/install/mrpt_msgs/share/mrpt_msgs/msg-ros2/ObservationRangeBearing.msg
[1.959s] -- Up-to-date symlink: /home/jozef/ros2_ws/install/mrpt_msgs/share/mrpt_msgs/msg-ros2/WaypointSequence.msg
[1.959s] -- Up-to-date symlink: /home/jozef/ros2_ws/install/mrpt_msgs/share/mrpt_msgs/msg-common/GenericObject.msg
[1.959s] -- Up-to-date symlink: /home/jozef/ros2_ws/install/mrpt_msgs/share/mrpt_msgs/msg-common/GraphSlamAgents.msg
[1.960s] -- Up-to-date symlink: /home/jozef/ros2_ws/install/mrpt_msgs/share/mrpt_msgs/msg-common/NetworkOfPoses.msg
[1.960s] -- Up-to-date symlink: /home/jozef/ros2_ws/install/mrpt_msgs/share/mrpt_msgs/msg-common/NodeIDWithLaserScan.msg
[1.960s] -- Up-to-date symlink: /home/jozef/ros2_ws/install/mrpt_msgs/share/mrpt_msgs/msg-common/NodeIDWithPose.msg
[1.960s] -- Up-to-date symlink: /home/jozef/ros2_ws/install/mrpt_msgs/share/mrpt_msgs/msg-common/NodeIDWithPoseVec.msg
[1.960s] -- Up-to-date symlink: /home/jozef/ros2_ws/install/mrpt_msgs/share/mrpt_msgs/msg-common/SingleObjectObservation.msg
[1.960s] -- Up-to-date symlink: /home/jozef/ros2_ws/install/mrpt_msgs/share/mrpt_msgs/msg-common/SingleRangeBeaconObservation.msg
[1.960s] -- Up-to-date symlink: /home/jozef/ros2_ws/install/mrpt_msgs/share/mrpt_msgs/msg-common/SingleRangeBearingObservation.msg
[1.960s] -- Up-to-date symlink: /home/jozef/ros2_ws/install/mrpt_msgs/share/mrpt_msgs/msg-common/Waypoint.msg
[1.961s] -- Up-to-date symlink: /home/jozef/ros2_ws/install/mrpt_msgs/share/mrpt_msgs/srv/GetCMGraph.srv
[1.961s] -- Up-to-date symlink: /home/jozef/ros2_ws/install/mrpt_msgs/share/mrpt_msgs/srv/GetCMGraph_Request.msg
[1.961s] -- Up-to-date symlink: /home/jozef/ros2_ws/install/mrpt_msgs/share/mrpt_msgs/srv/GetCMGraph_Response.msg
[1.961s] -- Up-to-date symlink: /home/jozef/ros2_ws/install/mrpt_msgs/share/ament_index/resource_index/package_run_dependencies/mrpt_msgs
[1.964s] -- Up-to-date symlink: /home/jozef/ros2_ws/install/mrpt_msgs/share/ament_index/resource_index/parent_prefix_path/mrpt_msgs
[1.964s] -- Up-to-date symlink: /home/jozef/ros2_ws/install/mrpt_msgs/share/mrpt_msgs/environment/ament_prefix_path.sh
[1.965s] -- Up-to-date symlink: /home/jozef/ros2_ws/install/mrpt_msgs/share/mrpt_msgs/environment/ament_prefix_path.dsv
[1.965s] -- Up-to-date symlink: /home/jozef/ros2_ws/install/mrpt_msgs/share/mrpt_msgs/environment/path.sh
[1.965s] -- Up-to-date symlink: /home/jozef/ros2_ws/install/mrpt_msgs/share/mrpt_msgs/environment/path.dsv
[1.965s] -- Up-to-date symlink: /home/jozef/ros2_ws/install/mrpt_msgs/share/mrpt_msgs/local_setup.bash
[1.965s] -- Up-to-date symlink: /home/jozef/ros2_ws/install/mrpt_msgs/share/mrpt_msgs/local_setup.sh
[1.965s] -- Up-to-date symlink: /home/jozef/ros2_ws/install/mrpt_msgs/share/mrpt_msgs/local_setup.zsh
[1.966s] -- Up-to-date symlink: /home/jozef/ros2_ws/install/mrpt_msgs/share/mrpt_msgs/local_setup.dsv
[1.966s] -- Symlinking: /home/jozef/ros2_ws/install/mrpt_msgs/share/mrpt_msgs/package.dsv
[2.017s] -- Up-to-date symlink: /home/jozef/ros2_ws/install/mrpt_msgs/share/ament_index/resource_index/packages/mrpt_msgs
[2.017s] -- Up-to-date symlink: /home/jozef/ros2_ws/install/mrpt_msgs/share/mrpt_msgs/cmake/rosidl_cmake-extras.cmake
[2.017s] -- Up-to-date symlink: /home/jozef/ros2_ws/install/mrpt_msgs/share/mrpt_msgs/cmake/ament_cmake_export_dependencies-extras.cmake
[2.018s] -- Up-to-date symlink: /home/jozef/ros2_ws/install/mrpt_msgs/share/mrpt_msgs/cmake/ament_cmake_export_include_directories-extras.cmake
[2.018s] -- Up-to-date symlink: /home/jozef/ros2_ws/install/mrpt_msgs/share/mrpt_msgs/cmake/ament_cmake_export_libraries-extras.cmake
[2.024s] -- Up-to-date symlink: /home/jozef/ros2_ws/install/mrpt_msgs/share/mrpt_msgs/cmake/ament_cmake_export_targets-extras.cmake
[2.029s] -- Up-to-date symlink: /home/jozef/ros2_ws/install/mrpt_msgs/share/mrpt_msgs/cmake/rosidl_cmake_export_typesupport_targets-extras.cmake
[2.029s] -- Up-to-date symlink: /home/jozef/ros2_ws/install/mrpt_msgs/share/mrpt_msgs/cmake/rosidl_cmake_export_typesupport_libraries-extras.cmake
[2.030s] -- Up-to-date symlink: /home/jozef/ros2_ws/install/mrpt_msgs/share/mrpt_msgs/cmake/mrpt_msgsConfig.cmake
[2.030s] -- Up-to-date symlink: /home/jozef/ros2_ws/install/mrpt_msgs/share/mrpt_msgs/cmake/mrpt_msgsConfig-version.cmake
[2.030s] -- Up-to-date symlink: /home/jozef/ros2_ws/install/mrpt_msgs/share/mrpt_msgs/package.xml
[2.030s] -- Up-to-date: /home/jozef/ros2_ws/install/mrpt_msgs/lib/libmrpt_msgs__rosidl_generator_c.so
[2.030s] -- Up-to-date: /home/jozef/ros2_ws/install/mrpt_msgs/lib/libmrpt_msgs__rosidl_typesupport_fastrtps_c.so
[2.030s] -- Up-to-date: /home/jozef/ros2_ws/install/mrpt_msgs/lib/libmrpt_msgs__rosidl_typesupport_introspection_c.so
[2.030s] -- Up-to-date: /home/jozef/ros2_ws/install/mrpt_msgs/lib/libmrpt_msgs__rosidl_typesupport_c.so
[2.030s] -- Up-to-date: /home/jozef/ros2_ws/install/mrpt_msgs/lib/libmrpt_msgs__rosidl_typesupport_fastrtps_cpp.so
[2.031s] -- Up-to-date: /home/jozef/ros2_ws/install/mrpt_msgs/lib/libmrpt_msgs__rosidl_typesupport_introspection_cpp.so
[2.031s] -- Up-to-date: /home/jozef/ros2_ws/install/mrpt_msgs/lib/libmrpt_msgs__rosidl_typesupport_cpp.so
[2.174s] Listing '/home/jozef/ros2_ws/install/mrpt_msgs/local/lib/python3.10/dist-packages/mrpt_msgs'...
[2.174s] Listing '/home/jozef/ros2_ws/install/mrpt_msgs/local/lib/python3.10/dist-packages/mrpt_msgs/msg'...
[2.174s] Listing '/home/jozef/ros2_ws/install/mrpt_msgs/local/lib/python3.10/dist-packages/mrpt_msgs/srv'...
[2.187s] -- Up-to-date: /home/jozef/ros2_ws/install/mrpt_msgs/lib/libmrpt_msgs__rosidl_generator_py.so
[2.187s] -- Up-to-date: /home/jozef/ros2_ws/install/mrpt_msgs/share/mrpt_msgs/cmake/export_mrpt_msgs__rosidl_generator_cExport.cmake
[2.187s] -- Up-to-date: /home/jozef/ros2_ws/install/mrpt_msgs/share/mrpt_msgs/cmake/export_mrpt_msgs__rosidl_generator_cExport-noconfig.cmake
[2.187s] -- Up-to-date: /home/jozef/ros2_ws/install/mrpt_msgs/share/mrpt_msgs/cmake/export_mrpt_msgs__rosidl_typesupport_fastrtps_cExport.cmake
[2.189s] -- Up-to-date: /home/jozef/ros2_ws/install/mrpt_msgs/share/mrpt_msgs/cmake/export_mrpt_msgs__rosidl_typesupport_fastrtps_cExport-noconfig.cmake
[2.195s] -- Up-to-date: /home/jozef/ros2_ws/install/mrpt_msgs/share/mrpt_msgs/cmake/mrpt_msgs__rosidl_typesupport_introspection_cExport.cmake
[2.195s] -- Up-to-date: /home/jozef/ros2_ws/install/mrpt_msgs/share/mrpt_msgs/cmake/mrpt_msgs__rosidl_typesupport_introspection_cExport-noconfig.cmake
[2.195s] -- Up-to-date: /home/jozef/ros2_ws/install/mrpt_msgs/share/mrpt_msgs/cmake/mrpt_msgs__rosidl_typesupport_cExport.cmake
[2.195s] -- Up-to-date: /home/jozef/ros2_ws/install/mrpt_msgs/share/mrpt_msgs/cmake/mrpt_msgs__rosidl_typesupport_cExport-noconfig.cmake
[2.196s] -- Up-to-date: /home/jozef/ros2_ws/install/mrpt_msgs/share/mrpt_msgs/cmake/export_mrpt_msgs__rosidl_generator_cppExport.cmake
[2.196s] -- Up-to-date: /home/jozef/ros2_ws/install/mrpt_msgs/share/mrpt_msgs/cmake/export_mrpt_msgs__rosidl_typesupport_fastrtps_cppExport.cmake
[2.196s] -- Up-to-date: /home/jozef/ros2_ws/install/mrpt_msgs/share/mrpt_msgs/cmake/export_mrpt_msgs__rosidl_typesupport_fastrtps_cppExport-noconfig.cmake
[2.196s] -- Up-to-date: /home/jozef/ros2_ws/install/mrpt_msgs/share/mrpt_msgs/cmake/mrpt_msgs__rosidl_typesupport_introspection_cppExport.cmake
[2.196s] -- Up-to-date: /home/jozef/ros2_ws/install/mrpt_msgs/share/mrpt_msgs/cmake/mrpt_msgs__rosidl_typesupport_introspection_cppExport-noconfig.cmake
[2.196s] -- Up-to-date: /home/jozef/ros2_ws/install/mrpt_msgs/share/mrpt_msgs/cmake/mrpt_msgs__rosidl_typesupport_cppExport.cmake
[2.196s] -- Up-to-date: /home/jozef/ros2_ws/install/mrpt_msgs/share/mrpt_msgs/cmake/mrpt_msgs__rosidl_typesupport_cppExport-noconfig.cmake
[2.196s] -- Up-to-date: /home/jozef/ros2_ws/install/mrpt_msgs/share/mrpt_msgs/cmake/export_mrpt_msgs__rosidl_generator_pyExport.cmake
[2.196s] -- Up-to-date: /home/jozef/ros2_ws/install/mrpt_msgs/share/mrpt_msgs/cmake/export_mrpt_msgs__rosidl_generator_pyExport-noconfig.cmake
[2.390s] Invoked command in '/home/jozef/ros2_ws/build/mrpt_msgs' returned '0': CMAKE_PREFIX_PATH=/home/jozef/ros2_ws/install/tb2_slam:/home/jozef/ros2_ws/install/rqt_mocap4r2_control:/home/jozef/ros2_ws/install/neo_localization2:/home/jozef/ros2_ws/install/mrpt_navigation:/home/jozef/ros2_ws/install/mrpt_tutorials:/home/jozef/ros2_ws/install/mrpt_tps_astar_planner:/home/jozef/ros2_ws/install/mrpt_reactivenav2d:/home/jozef/ros2_ws/install/mrpt_rawlog:/home/jozef/ros2_ws/install/mrpt_pointcloud_pipeline:/home/jozef/ros2_ws/install/mrpt_pf_localization:/home/jozef/ros2_ws/install/mrpt_map_server:/home/jozef/ros2_ws/install/mrpt_nav_interfaces:/home/jozef/ros2_ws/install/mrpt_msgs_bridge:/home/jozef/ros2_ws/install/tb2_control:/home/jozef/ros2_ws/install/tb2_bringup:/home/jozef/ros2_ws/install/mocap4r2cli:/home/jozef/ros2_ws/install/localization_benchmarking:/opt/ros/humble:/home/jozef/ros2_ws/install/mrpt_msgs:/home/jozef/ros2_ws/install/mocap4r2_robot_gt:/home/jozef/ros2_ws/install/mocap4r2_robot_gt_msgs:/home/jozef/ros2_ws/install/mocap4r2_optitrack_driver:/home/jozef/ros2_ws/install/mocap4r2_marker_viz:/home/jozef/ros2_ws/install/mocap4r2_marker_publisher:/home/jozef/ros2_ws/install/mocap4r2_dummy_driver:/home/jozef/ros2_ws/install/mocap4r2_msgs:/home/jozef/ros2_ws/install/mocap4r2_marker_viz_srvs:/home/jozef/ros2_ws/install/mocap4r2_control:/home/jozef/ros2_ws/install/mocap4r2_control_msgs:/home/jozef/ros2_ws/install/message_filters /usr/bin/cmake --install /home/jozef/ros2_ws/build/mrpt_msgs
