[3.025s] Invoking command in '/home/jozef/ros2_ws/build/mocap4r2cli': AMENT_PREFIX_PATH=/home/jozef/ros2_ws/install/mocap4r2_control_msgs:${AMENT_PREFIX_PATH} CMAKE_PREFIX_PATH=/home/jozef/ros2_ws/install/mocap4r2_control_msgs LD_LIBRARY_PATH=/home/jozef/ros2_ws/install/mocap4r2_control_msgs/lib:${LD_LIBRARY_PATH} PYTHONPATH=/home/jozef/ros2_ws/build/mocap4r2cli/prefix_override:/usr/lib/python3/dist-packages/colcon_core/task/python/colcon_distutils_commands:/home/jozef/ros2_ws/install/mocap4r2cli/lib/python3.10/site-packages:/home/jozef/ros2_ws/install/mocap4r2_control_msgs/local/lib/python3.10/dist-packages:${PYTHONPATH} /usr/bin/python3 -W ignore:setup.py install is deprecated -W ignore:easy_install command is deprecated setup.py develop --editable --build-directory /home/jozef/ros2_ws/build/mocap4r2cli/build --no-deps symlink_data
[6.335s] running develop
[6.335s] running egg_info
[6.336s] creating mocap4r2cli.egg-info
[6.336s] writing mocap4r2cli.egg-info/PKG-INFO
[6.336s] writing dependency_links to mocap4r2cli.egg-info/dependency_links.txt
[6.336s] writing entry points to mocap4r2cli.egg-info/entry_points.txt
[6.336s] writing requirements to mocap4r2cli.egg-info/requires.txt
[6.336s] writing top-level names to mocap4r2cli.egg-info/top_level.txt
[6.336s] writing manifest file 'mocap4r2cli.egg-info/SOURCES.txt'
[6.337s] reading manifest file 'mocap4r2cli.egg-info/SOURCES.txt'
[6.337s] writing manifest file 'mocap4r2cli.egg-info/SOURCES.txt'
[6.337s] running build_ext
[6.337s] Creating /home/jozef/ros2_ws/install/mocap4r2cli/lib/python3.10/site-packages/mocap4r2cli.egg-link (link to .)
[6.337s] 
[6.337s] Installed /home/jozef/ros2_ws/build/mocap4r2cli
[6.337s] running symlink_data
[6.338s] symbolically linking /home/jozef/ros2_ws/build/mocap4r2cli/package.xml -> /home/jozef/ros2_ws/install/mocap4r2cli/share/mocap4r2cli
[6.338s] creating /home/jozef/ros2_ws/install/mocap4r2cli/share/ament_index
[6.338s] creating /home/jozef/ros2_ws/install/mocap4r2cli/share/ament_index/resource_index
[6.338s] creating /home/jozef/ros2_ws/install/mocap4r2cli/share/ament_index/resource_index/packages
[6.338s] symbolically linking /home/jozef/ros2_ws/build/mocap4r2cli/resource/mocap4r2cli -> /home/jozef/ros2_ws/install/mocap4r2cli/share/ament_index/resource_index/packages
[6.430s] Invoked command in '/home/jozef/ros2_ws/build/mocap4r2cli' returned '0': AMENT_PREFIX_PATH=/home/jozef/ros2_ws/install/mocap4r2_control_msgs:${AMENT_PREFIX_PATH} CMAKE_PREFIX_PATH=/home/jozef/ros2_ws/install/mocap4r2_control_msgs LD_LIBRARY_PATH=/home/jozef/ros2_ws/install/mocap4r2_control_msgs/lib:${LD_LIBRARY_PATH} PYTHONPATH=/home/jozef/ros2_ws/build/mocap4r2cli/prefix_override:/usr/lib/python3/dist-packages/colcon_core/task/python/colcon_distutils_commands:/home/jozef/ros2_ws/install/mocap4r2cli/lib/python3.10/site-packages:/home/jozef/ros2_ws/install/mocap4r2_control_msgs/local/lib/python3.10/dist-packages:${PYTHONPATH} /usr/bin/python3 -W ignore:setup.py install is deprecated -W ignore:easy_install command is deprecated setup.py develop --editable --build-directory /home/jozef/ros2_ws/build/mocap4r2cli/build --no-deps symlink_data
