[0.046s] Invoking command in '/home/jozef/ros2_ws/build/neo_localization2': /usr/bin/cmake /home/jozef/ros2_ws/src/neo_localization2 -DAMENT_CMAKE_SYMLINK_INSTALL=1 -DCMAKE_INSTALL_PREFIX=/home/jozef/ros2_ws/install/neo_localization2
[0.432s] -- The C compiler identification is GNU 11.4.0
[0.449s] -- The CXX compiler identification is GNU 11.4.0
[0.469s] -- Detecting C compiler ABI info
[0.640s] -- Detecting C compiler ABI info - done
[0.653s] -- Check for working C compiler: /usr/bin/cc - skipped
[0.653s] -- Detecting C compile features
[0.654s] -- Detecting C compile features - done
[0.662s] -- Detecting CXX compiler ABI info
[0.842s] -- Detecting CXX compiler ABI info - done
[0.867s] -- Check for working CXX compiler: /usr/bin/c++ - skipped
[0.867s] -- Detecting CXX compile features
[0.867s] -- Detecting CXX compile features - done
[0.891s] -- Configuring incomplete, errors occurred!
[0.891s] See also "/home/jozef/ros2_ws/build/neo_localization2/CMakeFiles/CMakeOutput.log".
[0.891s] [31mCMake Error at CMakeLists.txt:4 (find_package):
[0.891s]   By not providing "Findament_cmake.cmake" in CMAKE_MODULE_PATH this project
[0.891s]   has asked CMake to find a package configuration file provided by
[0.891s]   "ament_cmake", but CMake did not find one.
[0.891s] 
[0.891s]   Could not find a package configuration file provided by "ament_cmake" with
[0.892s]   any of the following names:
[0.892s] 
[0.892s]     ament_cmakeConfig.cmake
[0.892s]     ament_cmake-config.cmake
[0.896s] 
[0.897s]   Add the installation prefix of "ament_cmake" to CMAKE_PREFIX_PATH or set
[0.897s]   "ament_cmake_DIR" to a directory containing one of the above files.  If
[0.899s]   "ament_cmake" provides a separate development package or SDK, be sure it
[0.899s]   has been installed.
[0.899s] 
[0.899s] [0m
[0.921s] Invoked command in '/home/jozef/ros2_ws/build/neo_localization2' returned '1': /usr/bin/cmake /home/jozef/ros2_ws/src/neo_localization2 -DAMENT_CMAKE_SYMLINK_INSTALL=1 -DCMAKE_INSTALL_PREFIX=/home/jozef/ros2_ws/install/neo_localization2
