[0.041s] Invoking command in '/home/jozef/ros2_ws/build/mocap4r2_marker_publisher': AMENT_PREFIX_PATH=/home/jozef/ros2_ws/install/mocap4r2_msgs:${AMENT_PREFIX_PATH} CMAKE_PREFIX_PATH=/home/jozef/ros2_ws/install/mocap4r2_msgs:/opt/ros/humble LD_LIBRARY_PATH=/home/jozef/ros2_ws/install/mocap4r2_msgs/lib:${LD_LIBRARY_PATH} PYTHONPATH=/home/jozef/ros2_ws/install/mocap4r2_msgs/local/lib/python3.10/dist-packages:${PYTHONPATH} /usr/bin/cmake --build /home/jozef/ros2_ws/build/mocap4r2_marker_publisher -- -j8 -l8
[0.319s] [100%] Built target mocap4r2_marker_publisher
[0.383s] Invoked command in '/home/jozef/ros2_ws/build/mocap4r2_marker_publisher' returned '0': AMENT_PREFIX_PATH=/home/jozef/ros2_ws/install/mocap4r2_msgs:${AMENT_PREFIX_PATH} CMAKE_PREFIX_PATH=/home/jozef/ros2_ws/install/mocap4r2_msgs:/opt/ros/humble LD_LIBRARY_PATH=/home/jozef/ros2_ws/install/mocap4r2_msgs/lib:${LD_LIBRARY_PATH} PYTHONPATH=/home/jozef/ros2_ws/install/mocap4r2_msgs/local/lib/python3.10/dist-packages:${PYTHONPATH} /usr/bin/cmake --build /home/jozef/ros2_ws/build/mocap4r2_marker_publisher -- -j8 -l8
[0.391s] Invoking command in '/home/jozef/ros2_ws/build/mocap4r2_marker_publisher': AMENT_PREFIX_PATH=/home/jozef/ros2_ws/install/mocap4r2_msgs:${AMENT_PREFIX_PATH} CMAKE_PREFIX_PATH=/home/jozef/ros2_ws/install/mocap4r2_msgs:/opt/ros/humble LD_LIBRARY_PATH=/home/jozef/ros2_ws/install/mocap4r2_msgs/lib:${LD_LIBRARY_PATH} PYTHONPATH=/home/jozef/ros2_ws/install/mocap4r2_msgs/local/lib/python3.10/dist-packages:${PYTHONPATH} /usr/bin/cmake --install /home/jozef/ros2_ws/build/mocap4r2_marker_publisher
[0.432s] -- Install configuration: ""
[0.432s] -- Execute custom install script
[0.432s] -- Up-to-date symlink: /home/jozef/ros2_ws/install/mocap4r2_marker_publisher/lib/mocap4r2_marker_publisher/mocap4r2_marker_publisher
[0.432s] -- Up-to-date symlink: /home/jozef/ros2_ws/install/mocap4r2_marker_publisher/share/ament_index/resource_index/package_run_dependencies/mocap4r2_marker_publisher
[0.432s] -- Up-to-date symlink: /home/jozef/ros2_ws/install/mocap4r2_marker_publisher/share/ament_index/resource_index/parent_prefix_path/mocap4r2_marker_publisher
[0.432s] -- Up-to-date symlink: /home/jozef/ros2_ws/install/mocap4r2_marker_publisher/share/mocap4r2_marker_publisher/environment/ament_prefix_path.sh
[0.433s] -- Up-to-date symlink: /home/jozef/ros2_ws/install/mocap4r2_marker_publisher/share/mocap4r2_marker_publisher/environment/ament_prefix_path.dsv
[0.433s] -- Up-to-date symlink: /home/jozef/ros2_ws/install/mocap4r2_marker_publisher/share/mocap4r2_marker_publisher/environment/path.sh
[0.433s] -- Up-to-date symlink: /home/jozef/ros2_ws/install/mocap4r2_marker_publisher/share/mocap4r2_marker_publisher/environment/path.dsv
[0.433s] -- Up-to-date symlink: /home/jozef/ros2_ws/install/mocap4r2_marker_publisher/share/mocap4r2_marker_publisher/local_setup.bash
[0.433s] -- Up-to-date symlink: /home/jozef/ros2_ws/install/mocap4r2_marker_publisher/share/mocap4r2_marker_publisher/local_setup.sh
[0.433s] -- Up-to-date symlink: /home/jozef/ros2_ws/install/mocap4r2_marker_publisher/share/mocap4r2_marker_publisher/local_setup.zsh
[0.434s] -- Up-to-date symlink: /home/jozef/ros2_ws/install/mocap4r2_marker_publisher/share/mocap4r2_marker_publisher/local_setup.dsv
[0.434s] -- Symlinking: /home/jozef/ros2_ws/install/mocap4r2_marker_publisher/share/mocap4r2_marker_publisher/package.dsv
[0.451s] -- Up-to-date symlink: /home/jozef/ros2_ws/install/mocap4r2_marker_publisher/share/ament_index/resource_index/packages/mocap4r2_marker_publisher
[0.451s] -- Up-to-date symlink: /home/jozef/ros2_ws/install/mocap4r2_marker_publisher/share/mocap4r2_marker_publisher/cmake/mocap4r2_marker_publisherConfig.cmake
[0.451s] -- Up-to-date symlink: /home/jozef/ros2_ws/install/mocap4r2_marker_publisher/share/mocap4r2_marker_publisher/cmake/mocap4r2_marker_publisherConfig-version.cmake
[0.452s] -- Up-to-date symlink: /home/jozef/ros2_ws/install/mocap4r2_marker_publisher/share/mocap4r2_marker_publisher/package.xml
[0.603s] Invoked command in '/home/jozef/ros2_ws/build/mocap4r2_marker_publisher' returned '0': AMENT_PREFIX_PATH=/home/jozef/ros2_ws/install/mocap4r2_msgs:${AMENT_PREFIX_PATH} CMAKE_PREFIX_PATH=/home/jozef/ros2_ws/install/mocap4r2_msgs:/opt/ros/humble LD_LIBRARY_PATH=/home/jozef/ros2_ws/install/mocap4r2_msgs/lib:${LD_LIBRARY_PATH} PYTHONPATH=/home/jozef/ros2_ws/install/mocap4r2_msgs/local/lib/python3.10/dist-packages:${PYTHONPATH} /usr/bin/cmake --install /home/jozef/ros2_ws/build/mocap4r2_marker_publisher
