[0.277s] Invoking command in '/home/jozef/ros2_ws/build/mocap4r2_optitrack_driver': AMENT_PREFIX_PATH=/home/jozef/ros2_ws/install/mocap4r2_control:/home/jozef/ros2_ws/install/mocap4r2_msgs:/home/jozef/ros2_ws/install/mocap4r2_control_msgs:${AMENT_PREFIX_PATH} CMAKE_PREFIX_PATH=/home/jozef/ros2_ws/install/mocap4r2_control:/home/jozef/ros2_ws/install/mocap4r2_msgs:/home/jozef/ros2_ws/install/mocap4r2_control_msgs:/opt/ros/humble LD_LIBRARY_PATH=/home/jozef/ros2_ws/install/mocap4r2_control/lib:/home/jozef/ros2_ws/install/mocap4r2_msgs/lib:/home/jozef/ros2_ws/install/mocap4r2_control_msgs/lib:${LD_LIBRARY_PATH} PYTHONPATH=/home/jozef/ros2_ws/install/mocap4r2_msgs/local/lib/python3.10/dist-packages:/home/jozef/ros2_ws/install/mocap4r2_control_msgs/local/lib/python3.10/dist-packages:${PYTHONPATH} /usr/bin/cmake --build /home/jozef/ros2_ws/build/mocap4r2_optitrack_driver -- -j8 -l8
[0.448s] [ 50%] Built target mocap4r2_optitrack_driver
[0.522s] [100%] Built target mocap4r2_optitrack_driver_main
[0.658s] Invoked command in '/home/jozef/ros2_ws/build/mocap4r2_optitrack_driver' returned '0': AMENT_PREFIX_PATH=/home/jozef/ros2_ws/install/mocap4r2_control:/home/jozef/ros2_ws/install/mocap4r2_msgs:/home/jozef/ros2_ws/install/mocap4r2_control_msgs:${AMENT_PREFIX_PATH} CMAKE_PREFIX_PATH=/home/jozef/ros2_ws/install/mocap4r2_control:/home/jozef/ros2_ws/install/mocap4r2_msgs:/home/jozef/ros2_ws/install/mocap4r2_control_msgs:/opt/ros/humble LD_LIBRARY_PATH=/home/jozef/ros2_ws/install/mocap4r2_control/lib:/home/jozef/ros2_ws/install/mocap4r2_msgs/lib:/home/jozef/ros2_ws/install/mocap4r2_control_msgs/lib:${LD_LIBRARY_PATH} PYTHONPATH=/home/jozef/ros2_ws/install/mocap4r2_msgs/local/lib/python3.10/dist-packages:/home/jozef/ros2_ws/install/mocap4r2_control_msgs/local/lib/python3.10/dist-packages:${PYTHONPATH} /usr/bin/cmake --build /home/jozef/ros2_ws/build/mocap4r2_optitrack_driver -- -j8 -l8
[0.659s] Invoking command in '/home/jozef/ros2_ws/build/mocap4r2_optitrack_driver': AMENT_PREFIX_PATH=/home/jozef/ros2_ws/install/mocap4r2_control:/home/jozef/ros2_ws/install/mocap4r2_msgs:/home/jozef/ros2_ws/install/mocap4r2_control_msgs:${AMENT_PREFIX_PATH} CMAKE_PREFIX_PATH=/home/jozef/ros2_ws/install/mocap4r2_control:/home/jozef/ros2_ws/install/mocap4r2_msgs:/home/jozef/ros2_ws/install/mocap4r2_control_msgs:/opt/ros/humble LD_LIBRARY_PATH=/home/jozef/ros2_ws/install/mocap4r2_control/lib:/home/jozef/ros2_ws/install/mocap4r2_msgs/lib:/home/jozef/ros2_ws/install/mocap4r2_control_msgs/lib:${LD_LIBRARY_PATH} PYTHONPATH=/home/jozef/ros2_ws/install/mocap4r2_msgs/local/lib/python3.10/dist-packages:/home/jozef/ros2_ws/install/mocap4r2_control_msgs/local/lib/python3.10/dist-packages:${PYTHONPATH} /usr/bin/cmake --install /home/jozef/ros2_ws/build/mocap4r2_optitrack_driver
[0.699s] -- Install configuration: ""
[0.708s] -- Execute custom install script
[0.710s] -- Up-to-date symlink: /home/jozef/ros2_ws/install/mocap4r2_optitrack_driver/include//mocap4r2_optitrack_driver/mocap4r2_optitrack_driver.hpp
[0.710s] -- Up-to-date symlink: /home/jozef/ros2_ws/install/mocap4r2_optitrack_driver/share/mocap4r2_optitrack_driver/launch/optitrack2.launch.py
[0.710s] -- Up-to-date symlink: /home/jozef/ros2_ws/install/mocap4r2_optitrack_driver/share/mocap4r2_optitrack_driver/config/mocap4r2_optitrack_driver_params.yaml
[0.719s] -- Up-to-date symlink: /home/jozef/ros2_ws/install/mocap4r2_optitrack_driver/lib/mocap4r2_optitrack_driver/mocap4r2_optitrack_driver_main
[0.719s] -- Up-to-date symlink: /home/jozef/ros2_ws/install/mocap4r2_optitrack_driver/lib/libmocap4r2_optitrack_driver.a
[0.720s] -- Up-to-date symlink: /home/jozef/ros2_ws/install/mocap4r2_optitrack_driver/share/mocap4r2_optitrack_driver/environment/library_path.sh
[0.722s] -- Up-to-date symlink: /home/jozef/ros2_ws/install/mocap4r2_optitrack_driver/share/mocap4r2_optitrack_driver/environment/library_path.dsv
[0.726s] -- Up-to-date symlink: /home/jozef/ros2_ws/install/mocap4r2_optitrack_driver/share/ament_index/resource_index/package_run_dependencies/mocap4r2_optitrack_driver
[0.726s] -- Up-to-date symlink: /home/jozef/ros2_ws/install/mocap4r2_optitrack_driver/share/ament_index/resource_index/parent_prefix_path/mocap4r2_optitrack_driver
[0.727s] -- Up-to-date symlink: /home/jozef/ros2_ws/install/mocap4r2_optitrack_driver/share/mocap4r2_optitrack_driver/environment/ament_prefix_path.sh
[0.727s] -- Up-to-date symlink: /home/jozef/ros2_ws/install/mocap4r2_optitrack_driver/share/mocap4r2_optitrack_driver/environment/ament_prefix_path.dsv
[0.727s] -- Up-to-date symlink: /home/jozef/ros2_ws/install/mocap4r2_optitrack_driver/share/mocap4r2_optitrack_driver/environment/path.sh
[0.727s] -- Up-to-date symlink: /home/jozef/ros2_ws/install/mocap4r2_optitrack_driver/share/mocap4r2_optitrack_driver/environment/path.dsv
[0.728s] -- Up-to-date symlink: /home/jozef/ros2_ws/install/mocap4r2_optitrack_driver/share/mocap4r2_optitrack_driver/local_setup.bash
[0.728s] -- Up-to-date symlink: /home/jozef/ros2_ws/install/mocap4r2_optitrack_driver/share/mocap4r2_optitrack_driver/local_setup.sh
[0.736s] -- Up-to-date symlink: /home/jozef/ros2_ws/install/mocap4r2_optitrack_driver/share/mocap4r2_optitrack_driver/local_setup.zsh
[0.736s] -- Up-to-date symlink: /home/jozef/ros2_ws/install/mocap4r2_optitrack_driver/share/mocap4r2_optitrack_driver/local_setup.dsv
[0.737s] -- Symlinking: /home/jozef/ros2_ws/install/mocap4r2_optitrack_driver/share/mocap4r2_optitrack_driver/package.dsv
[0.778s] -- Up-to-date symlink: /home/jozef/ros2_ws/install/mocap4r2_optitrack_driver/share/ament_index/resource_index/packages/mocap4r2_optitrack_driver
[0.781s] -- Up-to-date symlink: /home/jozef/ros2_ws/install/mocap4r2_optitrack_driver/share/mocap4r2_optitrack_driver/cmake/ament_cmake_export_include_directories-extras.cmake
[0.782s] -- Up-to-date symlink: /home/jozef/ros2_ws/install/mocap4r2_optitrack_driver/share/mocap4r2_optitrack_driver/cmake/ament_cmake_export_libraries-extras.cmake
[0.782s] -- Up-to-date symlink: /home/jozef/ros2_ws/install/mocap4r2_optitrack_driver/share/mocap4r2_optitrack_driver/cmake/ament_cmake_export_dependencies-extras.cmake
[0.789s] -- Up-to-date symlink: /home/jozef/ros2_ws/install/mocap4r2_optitrack_driver/share/mocap4r2_optitrack_driver/cmake/mocap4r2_optitrack_driverConfig.cmake
[0.790s] -- Up-to-date symlink: /home/jozef/ros2_ws/install/mocap4r2_optitrack_driver/share/mocap4r2_optitrack_driver/cmake/mocap4r2_optitrack_driverConfig-version.cmake
[0.790s] -- Up-to-date symlink: /home/jozef/ros2_ws/install/mocap4r2_optitrack_driver/share/mocap4r2_optitrack_driver/package.xml
[0.838s] Invoked command in '/home/jozef/ros2_ws/build/mocap4r2_optitrack_driver' returned '0': AMENT_PREFIX_PATH=/home/jozef/ros2_ws/install/mocap4r2_control:/home/jozef/ros2_ws/install/mocap4r2_msgs:/home/jozef/ros2_ws/install/mocap4r2_control_msgs:${AMENT_PREFIX_PATH} CMAKE_PREFIX_PATH=/home/jozef/ros2_ws/install/mocap4r2_control:/home/jozef/ros2_ws/install/mocap4r2_msgs:/home/jozef/ros2_ws/install/mocap4r2_control_msgs:/opt/ros/humble LD_LIBRARY_PATH=/home/jozef/ros2_ws/install/mocap4r2_control/lib:/home/jozef/ros2_ws/install/mocap4r2_msgs/lib:/home/jozef/ros2_ws/install/mocap4r2_control_msgs/lib:${LD_LIBRARY_PATH} PYTHONPATH=/home/jozef/ros2_ws/install/mocap4r2_msgs/local/lib/python3.10/dist-packages:/home/jozef/ros2_ws/install/mocap4r2_control_msgs/local/lib/python3.10/dist-packages:${PYTHONPATH} /usr/bin/cmake --install /home/jozef/ros2_ws/build/mocap4r2_optitrack_driver
