[0.086s] Invoking command in '/home/jozef/ros2_ws/build/mrpt_nav_interfaces': CMAKE_PREFIX_PATH=/home/jozef/ros2_ws/install/tb2_control:/home/jozef/ros2_ws/install/tb2_bringup:/home/jozef/ros2_ws/install/mocap4r2cli:/home/jozef/ros2_ws/install/localization_benchmarking:/opt/ros/humble:/home/jozef/ros2_ws/install/mrpt_msgs:/home/jozef/ros2_ws/install/tb2_slam:/home/jozef/ros2_ws/install/rqt_mocap4r2_control:/home/jozef/ros2_ws/install/neo_localization2:/home/jozef/ros2_ws/install/mrpt_navigation:/home/jozef/ros2_ws/install/mrpt_tutorials:/home/jozef/ros2_ws/install/mrpt_tps_astar_planner:/home/jozef/ros2_ws/install/mrpt_reactivenav2d:/home/jozef/ros2_ws/install/mrpt_rawlog:/home/jozef/ros2_ws/install/mrpt_pointcloud_pipeline:/home/jozef/ros2_ws/install/mrpt_pf_localization:/home/jozef/ros2_ws/install/mrpt_map_server:/home/jozef/ros2_ws/install/mrpt_nav_interfaces:/home/jozef/ros2_ws/install/mrpt_msgs_bridge:/home/jozef/ros2_ws/install/mocap4r2_robot_gt:/home/jozef/ros2_ws/install/mocap4r2_robot_gt_msgs:/home/jozef/ros2_ws/install/mocap4r2_optitrack_driver:/home/jozef/ros2_ws/install/mocap4r2_marker_viz:/home/jozef/ros2_ws/install/mocap4r2_marker_publisher:/home/jozef/ros2_ws/install/mocap4r2_dummy_driver:/home/jozef/ros2_ws/install/mocap4r2_msgs:/home/jozef/ros2_ws/install/mocap4r2_marker_viz_srvs:/home/jozef/ros2_ws/install/mocap4r2_control:/home/jozef/ros2_ws/install/mocap4r2_control_msgs:/home/jozef/ros2_ws/install/message_filters LD_LIBRARY_PATH=/home/jozef/ros2_ws/install/mrpt_msgs/lib:/home/jozef/ros2_ws/install/rqt_mocap4r2_control/lib:/home/jozef/ros2_ws/install/neo_localization2/lib:/home/jozef/ros2_ws/install/mrpt_pointcloud_pipeline/lib:/home/jozef/ros2_ws/install/mrpt_pf_localization/lib:/home/jozef/ros2_ws/install/mrpt_nav_interfaces/lib:/home/jozef/ros2_ws/install/mocap4r2_robot_gt/lib:/home/jozef/ros2_ws/install/mocap4r2_robot_gt_msgs/lib:/home/jozef/ros2_ws/install/mocap4r2_optitrack_driver/lib:/home/jozef/ros2_ws/install/mocap4r2_msgs/lib:/home/jozef/ros2_ws/install/mocap4r2_marker_viz_srvs/lib:/home/jozef/ros2_ws/install/mocap4r2_control/lib:/home/jozef/ros2_ws/install/mocap4r2_control_msgs/lib:/home/jozef/ros2_ws/install/message_filters/lib:/opt/ros/humble/opt/rviz_ogre_vendor/lib:/opt/ros/humble/lib/x86_64-linux-gnu:/opt/ros/humble/lib /usr/bin/cmake --build /home/jozef/ros2_ws/build/mrpt_nav_interfaces -- -j8 -l8
[0.358s] [ 12%] Built target mrpt_nav_interfaces__rosidl_generator_c
[0.381s] [ 12%] Built target mrpt_nav_interfaces__cpp
[0.457s] [ 12%] Built target ament_cmake_python_symlink_mrpt_nav_interfaces
[0.512s] [ 24%] Built target mrpt_nav_interfaces__rosidl_typesupport_introspection_c
[0.525s] [ 35%] Built target mrpt_nav_interfaces__rosidl_typesupport_c
[0.529s] [ 46%] Built target mrpt_nav_interfaces__rosidl_typesupport_fastrtps_cpp
[0.547s] [ 58%] Built target mrpt_nav_interfaces__rosidl_typesupport_fastrtps_c
[0.562s] [ 70%] Built target mrpt_nav_interfaces__rosidl_typesupport_introspection_cpp
[0.592s] [ 82%] Built target mrpt_nav_interfaces__rosidl_typesupport_cpp
[0.794s] [ 82%] Built target mrpt_nav_interfaces
[0.922s] [ 83%] Built target mrpt_nav_interfaces__py
[1.031s] [ 94%] Built target mrpt_nav_interfaces__rosidl_generator_py
[1.133s] [ 96%] Built target mrpt_nav_interfaces__rosidl_typesupport_c__pyext
[1.143s] [ 98%] Built target mrpt_nav_interfaces__rosidl_typesupport_fastrtps_c__pyext
[1.173s] [100%] Built target mrpt_nav_interfaces__rosidl_typesupport_introspection_c__pyext
[1.381s] running egg_info
[1.429s] writing mrpt_nav_interfaces.egg-info/PKG-INFO
[1.432s] writing dependency_links to mrpt_nav_interfaces.egg-info/dependency_links.txt
[1.433s] writing top-level names to mrpt_nav_interfaces.egg-info/top_level.txt
[1.562s] reading manifest file 'mrpt_nav_interfaces.egg-info/SOURCES.txt'
[1.568s] writing manifest file 'mrpt_nav_interfaces.egg-info/SOURCES.txt'
[1.666s] [100%] Built target ament_cmake_python_build_mrpt_nav_interfaces_egg
[1.891s] Invoked command in '/home/jozef/ros2_ws/build/mrpt_nav_interfaces' returned '0': CMAKE_PREFIX_PATH=/home/jozef/ros2_ws/install/tb2_control:/home/jozef/ros2_ws/install/tb2_bringup:/home/jozef/ros2_ws/install/mocap4r2cli:/home/jozef/ros2_ws/install/localization_benchmarking:/opt/ros/humble:/home/jozef/ros2_ws/install/mrpt_msgs:/home/jozef/ros2_ws/install/tb2_slam:/home/jozef/ros2_ws/install/rqt_mocap4r2_control:/home/jozef/ros2_ws/install/neo_localization2:/home/jozef/ros2_ws/install/mrpt_navigation:/home/jozef/ros2_ws/install/mrpt_tutorials:/home/jozef/ros2_ws/install/mrpt_tps_astar_planner:/home/jozef/ros2_ws/install/mrpt_reactivenav2d:/home/jozef/ros2_ws/install/mrpt_rawlog:/home/jozef/ros2_ws/install/mrpt_pointcloud_pipeline:/home/jozef/ros2_ws/install/mrpt_pf_localization:/home/jozef/ros2_ws/install/mrpt_map_server:/home/jozef/ros2_ws/install/mrpt_nav_interfaces:/home/jozef/ros2_ws/install/mrpt_msgs_bridge:/home/jozef/ros2_ws/install/mocap4r2_robot_gt:/home/jozef/ros2_ws/install/mocap4r2_robot_gt_msgs:/home/jozef/ros2_ws/install/mocap4r2_optitrack_driver:/home/jozef/ros2_ws/install/mocap4r2_marker_viz:/home/jozef/ros2_ws/install/mocap4r2_marker_publisher:/home/jozef/ros2_ws/install/mocap4r2_dummy_driver:/home/jozef/ros2_ws/install/mocap4r2_msgs:/home/jozef/ros2_ws/install/mocap4r2_marker_viz_srvs:/home/jozef/ros2_ws/install/mocap4r2_control:/home/jozef/ros2_ws/install/mocap4r2_control_msgs:/home/jozef/ros2_ws/install/message_filters LD_LIBRARY_PATH=/home/jozef/ros2_ws/install/mrpt_msgs/lib:/home/jozef/ros2_ws/install/rqt_mocap4r2_control/lib:/home/jozef/ros2_ws/install/neo_localization2/lib:/home/jozef/ros2_ws/install/mrpt_pointcloud_pipeline/lib:/home/jozef/ros2_ws/install/mrpt_pf_localization/lib:/home/jozef/ros2_ws/install/mrpt_nav_interfaces/lib:/home/jozef/ros2_ws/install/mocap4r2_robot_gt/lib:/home/jozef/ros2_ws/install/mocap4r2_robot_gt_msgs/lib:/home/jozef/ros2_ws/install/mocap4r2_optitrack_driver/lib:/home/jozef/ros2_ws/install/mocap4r2_msgs/lib:/home/jozef/ros2_ws/install/mocap4r2_marker_viz_srvs/lib:/home/jozef/ros2_ws/install/mocap4r2_control/lib:/home/jozef/ros2_ws/install/mocap4r2_control_msgs/lib:/home/jozef/ros2_ws/install/message_filters/lib:/opt/ros/humble/opt/rviz_ogre_vendor/lib:/opt/ros/humble/lib/x86_64-linux-gnu:/opt/ros/humble/lib /usr/bin/cmake --build /home/jozef/ros2_ws/build/mrpt_nav_interfaces -- -j8 -l8
[1.892s] Invoking command in '/home/jozef/ros2_ws/build/mrpt_nav_interfaces': CMAKE_PREFIX_PATH=/home/jozef/ros2_ws/install/tb2_control:/home/jozef/ros2_ws/install/tb2_bringup:/home/jozef/ros2_ws/install/mocap4r2cli:/home/jozef/ros2_ws/install/localization_benchmarking:/opt/ros/humble:/home/jozef/ros2_ws/install/mrpt_msgs:/home/jozef/ros2_ws/install/tb2_slam:/home/jozef/ros2_ws/install/rqt_mocap4r2_control:/home/jozef/ros2_ws/install/neo_localization2:/home/jozef/ros2_ws/install/mrpt_navigation:/home/jozef/ros2_ws/install/mrpt_tutorials:/home/jozef/ros2_ws/install/mrpt_tps_astar_planner:/home/jozef/ros2_ws/install/mrpt_reactivenav2d:/home/jozef/ros2_ws/install/mrpt_rawlog:/home/jozef/ros2_ws/install/mrpt_pointcloud_pipeline:/home/jozef/ros2_ws/install/mrpt_pf_localization:/home/jozef/ros2_ws/install/mrpt_map_server:/home/jozef/ros2_ws/install/mrpt_nav_interfaces:/home/jozef/ros2_ws/install/mrpt_msgs_bridge:/home/jozef/ros2_ws/install/mocap4r2_robot_gt:/home/jozef/ros2_ws/install/mocap4r2_robot_gt_msgs:/home/jozef/ros2_ws/install/mocap4r2_optitrack_driver:/home/jozef/ros2_ws/install/mocap4r2_marker_viz:/home/jozef/ros2_ws/install/mocap4r2_marker_publisher:/home/jozef/ros2_ws/install/mocap4r2_dummy_driver:/home/jozef/ros2_ws/install/mocap4r2_msgs:/home/jozef/ros2_ws/install/mocap4r2_marker_viz_srvs:/home/jozef/ros2_ws/install/mocap4r2_control:/home/jozef/ros2_ws/install/mocap4r2_control_msgs:/home/jozef/ros2_ws/install/message_filters LD_LIBRARY_PATH=/home/jozef/ros2_ws/install/mrpt_msgs/lib:/home/jozef/ros2_ws/install/rqt_mocap4r2_control/lib:/home/jozef/ros2_ws/install/neo_localization2/lib:/home/jozef/ros2_ws/install/mrpt_pointcloud_pipeline/lib:/home/jozef/ros2_ws/install/mrpt_pf_localization/lib:/home/jozef/ros2_ws/install/mrpt_nav_interfaces/lib:/home/jozef/ros2_ws/install/mocap4r2_robot_gt/lib:/home/jozef/ros2_ws/install/mocap4r2_robot_gt_msgs/lib:/home/jozef/ros2_ws/install/mocap4r2_optitrack_driver/lib:/home/jozef/ros2_ws/install/mocap4r2_msgs/lib:/home/jozef/ros2_ws/install/mocap4r2_marker_viz_srvs/lib:/home/jozef/ros2_ws/install/mocap4r2_control/lib:/home/jozef/ros2_ws/install/mocap4r2_control_msgs/lib:/home/jozef/ros2_ws/install/message_filters/lib:/opt/ros/humble/opt/rviz_ogre_vendor/lib:/opt/ros/humble/lib/x86_64-linux-gnu:/opt/ros/humble/lib /usr/bin/cmake --install /home/jozef/ros2_ws/build/mrpt_nav_interfaces
[1.943s] -- Install configuration: ""
[1.943s] -- Execute custom install script
[1.947s] -- Up-to-date symlink: /home/jozef/ros2_ws/install/mrpt_nav_interfaces/share/ament_index/resource_index/rosidl_interfaces/mrpt_nav_interfaces
[1.947s] -- Up-to-date symlink: /home/jozef/ros2_ws/install/mrpt_nav_interfaces/include/mrpt_nav_interfaces/mrpt_nav_interfaces/action/detail/navigate_goal__functions.h
[1.947s] -- Up-to-date symlink: /home/jozef/ros2_ws/install/mrpt_nav_interfaces/include/mrpt_nav_interfaces/mrpt_nav_interfaces/action/detail/navigate_goal__struct.h
[1.947s] -- Up-to-date symlink: /home/jozef/ros2_ws/install/mrpt_nav_interfaces/include/mrpt_nav_interfaces/mrpt_nav_interfaces/action/detail/navigate_goal__type_support.h
[1.948s] -- Up-to-date symlink: /home/jozef/ros2_ws/install/mrpt_nav_interfaces/include/mrpt_nav_interfaces/mrpt_nav_interfaces/action/detail/navigate_waypoints__functions.h
[1.951s] -- Up-to-date symlink: /home/jozef/ros2_ws/install/mrpt_nav_interfaces/include/mrpt_nav_interfaces/mrpt_nav_interfaces/action/detail/navigate_waypoints__struct.h
[1.951s] -- Up-to-date symlink: /home/jozef/ros2_ws/install/mrpt_nav_interfaces/include/mrpt_nav_interfaces/mrpt_nav_interfaces/action/detail/navigate_waypoints__type_support.h
[1.959s] -- Up-to-date symlink: /home/jozef/ros2_ws/install/mrpt_nav_interfaces/include/mrpt_nav_interfaces/mrpt_nav_interfaces/action/navigate_goal.h
[1.963s] -- Up-to-date symlink: /home/jozef/ros2_ws/install/mrpt_nav_interfaces/include/mrpt_nav_interfaces/mrpt_nav_interfaces/action/navigate_waypoints.h
[1.963s] -- Up-to-date symlink: /home/jozef/ros2_ws/install/mrpt_nav_interfaces/include/mrpt_nav_interfaces/mrpt_nav_interfaces/msg/detail/georeferencing_metadata__functions.h
[1.964s] -- Up-to-date symlink: /home/jozef/ros2_ws/install/mrpt_nav_interfaces/include/mrpt_nav_interfaces/mrpt_nav_interfaces/msg/detail/georeferencing_metadata__struct.h
[1.964s] -- Up-to-date symlink: /home/jozef/ros2_ws/install/mrpt_nav_interfaces/include/mrpt_nav_interfaces/mrpt_nav_interfaces/msg/detail/georeferencing_metadata__type_support.h
[1.964s] -- Up-to-date symlink: /home/jozef/ros2_ws/install/mrpt_nav_interfaces/include/mrpt_nav_interfaces/mrpt_nav_interfaces/msg/detail/navigation_feedback__functions.h
[1.964s] -- Up-to-date symlink: /home/jozef/ros2_ws/install/mrpt_nav_interfaces/include/mrpt_nav_interfaces/mrpt_nav_interfaces/msg/detail/navigation_feedback__struct.h
[1.971s] -- Up-to-date symlink: /home/jozef/ros2_ws/install/mrpt_nav_interfaces/include/mrpt_nav_interfaces/mrpt_nav_interfaces/msg/detail/navigation_feedback__type_support.h
[1.971s] -- Up-to-date symlink: /home/jozef/ros2_ws/install/mrpt_nav_interfaces/include/mrpt_nav_interfaces/mrpt_nav_interfaces/msg/detail/navigation_final_status__functions.h
[1.971s] -- Up-to-date symlink: /home/jozef/ros2_ws/install/mrpt_nav_interfaces/include/mrpt_nav_interfaces/mrpt_nav_interfaces/msg/detail/navigation_final_status__struct.h
[1.971s] -- Up-to-date symlink: /home/jozef/ros2_ws/install/mrpt_nav_interfaces/include/mrpt_nav_interfaces/mrpt_nav_interfaces/msg/detail/navigation_final_status__type_support.h
[1.972s] -- Up-to-date symlink: /home/jozef/ros2_ws/install/mrpt_nav_interfaces/include/mrpt_nav_interfaces/mrpt_nav_interfaces/msg/georeferencing_metadata.h
[1.972s] -- Up-to-date symlink: /home/jozef/ros2_ws/install/mrpt_nav_interfaces/include/mrpt_nav_interfaces/mrpt_nav_interfaces/msg/navigation_feedback.h
[1.972s] -- Up-to-date symlink: /home/jozef/ros2_ws/install/mrpt_nav_interfaces/include/mrpt_nav_interfaces/mrpt_nav_interfaces/msg/navigation_final_status.h
[1.972s] -- Up-to-date symlink: /home/jozef/ros2_ws/install/mrpt_nav_interfaces/include/mrpt_nav_interfaces/mrpt_nav_interfaces/msg/rosidl_generator_c__visibility_control.h
[1.972s] -- Up-to-date symlink: /home/jozef/ros2_ws/install/mrpt_nav_interfaces/include/mrpt_nav_interfaces/mrpt_nav_interfaces/srv/detail/get_gridmap_layer__functions.h
[1.972s] -- Up-to-date symlink: /home/jozef/ros2_ws/install/mrpt_nav_interfaces/include/mrpt_nav_interfaces/mrpt_nav_interfaces/srv/detail/get_gridmap_layer__struct.h
[1.972s] -- Up-to-date symlink: /home/jozef/ros2_ws/install/mrpt_nav_interfaces/include/mrpt_nav_interfaces/mrpt_nav_interfaces/srv/detail/get_gridmap_layer__type_support.h
[1.972s] -- Up-to-date symlink: /home/jozef/ros2_ws/install/mrpt_nav_interfaces/include/mrpt_nav_interfaces/mrpt_nav_interfaces/srv/detail/get_layers__functions.h
[1.973s] -- Up-to-date symlink: /home/jozef/ros2_ws/install/mrpt_nav_interfaces/include/mrpt_nav_interfaces/mrpt_nav_interfaces/srv/detail/get_layers__struct.h
[1.973s] -- Up-to-date symlink: /home/jozef/ros2_ws/install/mrpt_nav_interfaces/include/mrpt_nav_interfaces/mrpt_nav_interfaces/srv/detail/get_layers__type_support.h
[1.973s] -- Up-to-date symlink: /home/jozef/ros2_ws/install/mrpt_nav_interfaces/include/mrpt_nav_interfaces/mrpt_nav_interfaces/srv/detail/get_pointmap_layer__functions.h
[1.973s] -- Up-to-date symlink: /home/jozef/ros2_ws/install/mrpt_nav_interfaces/include/mrpt_nav_interfaces/mrpt_nav_interfaces/srv/detail/get_pointmap_layer__struct.h
[1.973s] -- Up-to-date symlink: /home/jozef/ros2_ws/install/mrpt_nav_interfaces/include/mrpt_nav_interfaces/mrpt_nav_interfaces/srv/detail/get_pointmap_layer__type_support.h
[1.973s] -- Up-to-date symlink: /home/jozef/ros2_ws/install/mrpt_nav_interfaces/include/mrpt_nav_interfaces/mrpt_nav_interfaces/srv/detail/make_plan_from_to__functions.h
[1.973s] -- Up-to-date symlink: /home/jozef/ros2_ws/install/mrpt_nav_interfaces/include/mrpt_nav_interfaces/mrpt_nav_interfaces/srv/detail/make_plan_from_to__struct.h
[1.975s] -- Up-to-date symlink: /home/jozef/ros2_ws/install/mrpt_nav_interfaces/include/mrpt_nav_interfaces/mrpt_nav_interfaces/srv/detail/make_plan_from_to__type_support.h
[1.977s] -- Up-to-date symlink: /home/jozef/ros2_ws/install/mrpt_nav_interfaces/include/mrpt_nav_interfaces/mrpt_nav_interfaces/srv/detail/make_plan_to__functions.h
[1.977s] -- Up-to-date symlink: /home/jozef/ros2_ws/install/mrpt_nav_interfaces/include/mrpt_nav_interfaces/mrpt_nav_interfaces/srv/detail/make_plan_to__struct.h
[1.977s] -- Up-to-date symlink: /home/jozef/ros2_ws/install/mrpt_nav_interfaces/include/mrpt_nav_interfaces/mrpt_nav_interfaces/srv/detail/make_plan_to__type_support.h
[1.977s] -- Up-to-date symlink: /home/jozef/ros2_ws/install/mrpt_nav_interfaces/include/mrpt_nav_interfaces/mrpt_nav_interfaces/srv/get_gridmap_layer.h
[1.977s] -- Up-to-date symlink: /home/jozef/ros2_ws/install/mrpt_nav_interfaces/include/mrpt_nav_interfaces/mrpt_nav_interfaces/srv/get_layers.h
[1.978s] -- Up-to-date symlink: /home/jozef/ros2_ws/install/mrpt_nav_interfaces/include/mrpt_nav_interfaces/mrpt_nav_interfaces/srv/get_pointmap_layer.h
[1.978s] -- Up-to-date symlink: /home/jozef/ros2_ws/install/mrpt_nav_interfaces/include/mrpt_nav_interfaces/mrpt_nav_interfaces/srv/make_plan_from_to.h
[1.978s] -- Up-to-date symlink: /home/jozef/ros2_ws/install/mrpt_nav_interfaces/include/mrpt_nav_interfaces/mrpt_nav_interfaces/srv/make_plan_to.h
[1.978s] -- Up-to-date symlink: /home/jozef/ros2_ws/install/mrpt_nav_interfaces/share/mrpt_nav_interfaces/environment/library_path.sh
[1.978s] -- Up-to-date symlink: /home/jozef/ros2_ws/install/mrpt_nav_interfaces/share/mrpt_nav_interfaces/environment/library_path.dsv
[1.984s] -- Up-to-date symlink: /home/jozef/ros2_ws/install/mrpt_nav_interfaces/include/mrpt_nav_interfaces/mrpt_nav_interfaces/action/detail/navigate_goal__rosidl_typesupport_fastrtps_c.h
[1.990s] -- Up-to-date symlink: /home/jozef/ros2_ws/install/mrpt_nav_interfaces/include/mrpt_nav_interfaces/mrpt_nav_interfaces/action/detail/navigate_waypoints__rosidl_typesupport_fastrtps_c.h
[1.991s] -- Up-to-date symlink: /home/jozef/ros2_ws/install/mrpt_nav_interfaces/include/mrpt_nav_interfaces/mrpt_nav_interfaces/msg/detail/georeferencing_metadata__rosidl_typesupport_fastrtps_c.h
[1.991s] -- Up-to-date symlink: /home/jozef/ros2_ws/install/mrpt_nav_interfaces/include/mrpt_nav_interfaces/mrpt_nav_interfaces/msg/detail/navigation_feedback__rosidl_typesupport_fastrtps_c.h
[1.991s] -- Up-to-date symlink: /home/jozef/ros2_ws/install/mrpt_nav_interfaces/include/mrpt_nav_interfaces/mrpt_nav_interfaces/msg/detail/navigation_final_status__rosidl_typesupport_fastrtps_c.h
[1.991s] -- Up-to-date symlink: /home/jozef/ros2_ws/install/mrpt_nav_interfaces/include/mrpt_nav_interfaces/mrpt_nav_interfaces/msg/rosidl_typesupport_fastrtps_c__visibility_control.h
[1.991s] -- Up-to-date symlink: /home/jozef/ros2_ws/install/mrpt_nav_interfaces/include/mrpt_nav_interfaces/mrpt_nav_interfaces/srv/detail/get_gridmap_layer__rosidl_typesupport_fastrtps_c.h
[1.991s] -- Up-to-date symlink: /home/jozef/ros2_ws/install/mrpt_nav_interfaces/include/mrpt_nav_interfaces/mrpt_nav_interfaces/srv/detail/get_layers__rosidl_typesupport_fastrtps_c.h
[1.991s] -- Up-to-date symlink: /home/jozef/ros2_ws/install/mrpt_nav_interfaces/include/mrpt_nav_interfaces/mrpt_nav_interfaces/srv/detail/get_pointmap_layer__rosidl_typesupport_fastrtps_c.h
[1.997s] -- Up-to-date symlink: /home/jozef/ros2_ws/install/mrpt_nav_interfaces/include/mrpt_nav_interfaces/mrpt_nav_interfaces/srv/detail/make_plan_from_to__rosidl_typesupport_fastrtps_c.h
[1.997s] -- Up-to-date symlink: /home/jozef/ros2_ws/install/mrpt_nav_interfaces/include/mrpt_nav_interfaces/mrpt_nav_interfaces/srv/detail/make_plan_to__rosidl_typesupport_fastrtps_c.h
[1.998s] -- Up-to-date symlink: /home/jozef/ros2_ws/install/mrpt_nav_interfaces/include/mrpt_nav_interfaces/mrpt_nav_interfaces/action/detail/navigate_goal__rosidl_typesupport_introspection_c.h
[1.998s] -- Up-to-date symlink: /home/jozef/ros2_ws/install/mrpt_nav_interfaces/include/mrpt_nav_interfaces/mrpt_nav_interfaces/action/detail/navigate_waypoints__rosidl_typesupport_introspection_c.h
[1.998s] -- Up-to-date symlink: /home/jozef/ros2_ws/install/mrpt_nav_interfaces/include/mrpt_nav_interfaces/mrpt_nav_interfaces/msg/detail/georeferencing_metadata__rosidl_typesupport_introspection_c.h
[1.998s] -- Up-to-date symlink: /home/jozef/ros2_ws/install/mrpt_nav_interfaces/include/mrpt_nav_interfaces/mrpt_nav_interfaces/msg/detail/navigation_feedback__rosidl_typesupport_introspection_c.h
[1.998s] -- Up-to-date symlink: /home/jozef/ros2_ws/install/mrpt_nav_interfaces/include/mrpt_nav_interfaces/mrpt_nav_interfaces/msg/detail/navigation_final_status__rosidl_typesupport_introspection_c.h
[1.998s] -- Up-to-date symlink: /home/jozef/ros2_ws/install/mrpt_nav_interfaces/include/mrpt_nav_interfaces/mrpt_nav_interfaces/msg/rosidl_typesupport_introspection_c__visibility_control.h
[2.000s] -- Up-to-date symlink: /home/jozef/ros2_ws/install/mrpt_nav_interfaces/include/mrpt_nav_interfaces/mrpt_nav_interfaces/srv/detail/get_gridmap_layer__rosidl_typesupport_introspection_c.h
[2.000s] -- Up-to-date symlink: /home/jozef/ros2_ws/install/mrpt_nav_interfaces/include/mrpt_nav_interfaces/mrpt_nav_interfaces/srv/detail/get_layers__rosidl_typesupport_introspection_c.h
[2.000s] -- Up-to-date symlink: /home/jozef/ros2_ws/install/mrpt_nav_interfaces/include/mrpt_nav_interfaces/mrpt_nav_interfaces/srv/detail/get_pointmap_layer__rosidl_typesupport_introspection_c.h
[2.001s] -- Up-to-date symlink: /home/jozef/ros2_ws/install/mrpt_nav_interfaces/include/mrpt_nav_interfaces/mrpt_nav_interfaces/srv/detail/make_plan_from_to__rosidl_typesupport_introspection_c.h
[2.002s] -- Up-to-date symlink: /home/jozef/ros2_ws/install/mrpt_nav_interfaces/include/mrpt_nav_interfaces/mrpt_nav_interfaces/srv/detail/make_plan_to__rosidl_typesupport_introspection_c.h
[2.003s] -- Up-to-date symlink: /home/jozef/ros2_ws/install/mrpt_nav_interfaces/include/mrpt_nav_interfaces/mrpt_nav_interfaces/action/detail/navigate_goal__builder.hpp
[2.003s] -- Up-to-date symlink: /home/jozef/ros2_ws/install/mrpt_nav_interfaces/include/mrpt_nav_interfaces/mrpt_nav_interfaces/action/detail/navigate_goal__struct.hpp
[2.005s] -- Up-to-date symlink: /home/jozef/ros2_ws/install/mrpt_nav_interfaces/include/mrpt_nav_interfaces/mrpt_nav_interfaces/action/detail/navigate_goal__traits.hpp
[2.005s] -- Up-to-date symlink: /home/jozef/ros2_ws/install/mrpt_nav_interfaces/include/mrpt_nav_interfaces/mrpt_nav_interfaces/action/detail/navigate_goal__type_support.hpp
[2.005s] -- Up-to-date symlink: /home/jozef/ros2_ws/install/mrpt_nav_interfaces/include/mrpt_nav_interfaces/mrpt_nav_interfaces/action/detail/navigate_waypoints__builder.hpp
[2.005s] -- Up-to-date symlink: /home/jozef/ros2_ws/install/mrpt_nav_interfaces/include/mrpt_nav_interfaces/mrpt_nav_interfaces/action/detail/navigate_waypoints__struct.hpp
[2.006s] -- Up-to-date symlink: /home/jozef/ros2_ws/install/mrpt_nav_interfaces/include/mrpt_nav_interfaces/mrpt_nav_interfaces/action/detail/navigate_waypoints__traits.hpp
[2.006s] -- Up-to-date symlink: /home/jozef/ros2_ws/install/mrpt_nav_interfaces/include/mrpt_nav_interfaces/mrpt_nav_interfaces/action/detail/navigate_waypoints__type_support.hpp
[2.010s] -- Up-to-date symlink: /home/jozef/ros2_ws/install/mrpt_nav_interfaces/include/mrpt_nav_interfaces/mrpt_nav_interfaces/action/navigate_goal.hpp
[2.010s] -- Up-to-date symlink: /home/jozef/ros2_ws/install/mrpt_nav_interfaces/include/mrpt_nav_interfaces/mrpt_nav_interfaces/action/navigate_waypoints.hpp
[2.010s] -- Up-to-date symlink: /home/jozef/ros2_ws/install/mrpt_nav_interfaces/include/mrpt_nav_interfaces/mrpt_nav_interfaces/msg/detail/georeferencing_metadata__builder.hpp
[2.011s] -- Up-to-date symlink: /home/jozef/ros2_ws/install/mrpt_nav_interfaces/include/mrpt_nav_interfaces/mrpt_nav_interfaces/msg/detail/georeferencing_metadata__struct.hpp
[2.012s] -- Up-to-date symlink: /home/jozef/ros2_ws/install/mrpt_nav_interfaces/include/mrpt_nav_interfaces/mrpt_nav_interfaces/msg/detail/georeferencing_metadata__traits.hpp
[2.013s] -- Up-to-date symlink: /home/jozef/ros2_ws/install/mrpt_nav_interfaces/include/mrpt_nav_interfaces/mrpt_nav_interfaces/msg/detail/georeferencing_metadata__type_support.hpp
[2.016s] -- Up-to-date symlink: /home/jozef/ros2_ws/install/mrpt_nav_interfaces/include/mrpt_nav_interfaces/mrpt_nav_interfaces/msg/detail/navigation_feedback__builder.hpp
[2.020s] -- Up-to-date symlink: /home/jozef/ros2_ws/install/mrpt_nav_interfaces/include/mrpt_nav_interfaces/mrpt_nav_interfaces/msg/detail/navigation_feedback__struct.hpp
[2.021s] -- Up-to-date symlink: /home/jozef/ros2_ws/install/mrpt_nav_interfaces/include/mrpt_nav_interfaces/mrpt_nav_interfaces/msg/detail/navigation_feedback__traits.hpp
[2.021s] -- Up-to-date symlink: /home/jozef/ros2_ws/install/mrpt_nav_interfaces/include/mrpt_nav_interfaces/mrpt_nav_interfaces/msg/detail/navigation_feedback__type_support.hpp
[2.021s] -- Up-to-date symlink: /home/jozef/ros2_ws/install/mrpt_nav_interfaces/include/mrpt_nav_interfaces/mrpt_nav_interfaces/msg/detail/navigation_final_status__builder.hpp
[2.021s] -- Up-to-date symlink: /home/jozef/ros2_ws/install/mrpt_nav_interfaces/include/mrpt_nav_interfaces/mrpt_nav_interfaces/msg/detail/navigation_final_status__struct.hpp
[2.021s] -- Up-to-date symlink: /home/jozef/ros2_ws/install/mrpt_nav_interfaces/include/mrpt_nav_interfaces/mrpt_nav_interfaces/msg/detail/navigation_final_status__traits.hpp
[2.022s] -- Up-to-date symlink: /home/jozef/ros2_ws/install/mrpt_nav_interfaces/include/mrpt_nav_interfaces/mrpt_nav_interfaces/msg/detail/navigation_final_status__type_support.hpp
[2.023s] -- Up-to-date symlink: /home/jozef/ros2_ws/install/mrpt_nav_interfaces/include/mrpt_nav_interfaces/mrpt_nav_interfaces/msg/georeferencing_metadata.hpp
[2.023s] -- Up-to-date symlink: /home/jozef/ros2_ws/install/mrpt_nav_interfaces/include/mrpt_nav_interfaces/mrpt_nav_interfaces/msg/navigation_feedback.hpp
[2.025s] -- Up-to-date symlink: /home/jozef/ros2_ws/install/mrpt_nav_interfaces/include/mrpt_nav_interfaces/mrpt_nav_interfaces/msg/navigation_final_status.hpp
[2.025s] -- Up-to-date symlink: /home/jozef/ros2_ws/install/mrpt_nav_interfaces/include/mrpt_nav_interfaces/mrpt_nav_interfaces/msg/rosidl_generator_cpp__visibility_control.hpp
[2.026s] -- Up-to-date symlink: /home/jozef/ros2_ws/install/mrpt_nav_interfaces/include/mrpt_nav_interfaces/mrpt_nav_interfaces/srv/detail/get_gridmap_layer__builder.hpp
[2.026s] -- Up-to-date symlink: /home/jozef/ros2_ws/install/mrpt_nav_interfaces/include/mrpt_nav_interfaces/mrpt_nav_interfaces/srv/detail/get_gridmap_layer__struct.hpp
[2.026s] -- Up-to-date symlink: /home/jozef/ros2_ws/install/mrpt_nav_interfaces/include/mrpt_nav_interfaces/mrpt_nav_interfaces/srv/detail/get_gridmap_layer__traits.hpp
[2.029s] -- Up-to-date symlink: /home/jozef/ros2_ws/install/mrpt_nav_interfaces/include/mrpt_nav_interfaces/mrpt_nav_interfaces/srv/detail/get_gridmap_layer__type_support.hpp
[2.029s] -- Up-to-date symlink: /home/jozef/ros2_ws/install/mrpt_nav_interfaces/include/mrpt_nav_interfaces/mrpt_nav_interfaces/srv/detail/get_layers__builder.hpp
[2.030s] -- Up-to-date symlink: /home/jozef/ros2_ws/install/mrpt_nav_interfaces/include/mrpt_nav_interfaces/mrpt_nav_interfaces/srv/detail/get_layers__struct.hpp
[2.034s] -- Up-to-date symlink: /home/jozef/ros2_ws/install/mrpt_nav_interfaces/include/mrpt_nav_interfaces/mrpt_nav_interfaces/srv/detail/get_layers__traits.hpp
[2.034s] -- Up-to-date symlink: /home/jozef/ros2_ws/install/mrpt_nav_interfaces/include/mrpt_nav_interfaces/mrpt_nav_interfaces/srv/detail/get_layers__type_support.hpp
[2.034s] -- Up-to-date symlink: /home/jozef/ros2_ws/install/mrpt_nav_interfaces/include/mrpt_nav_interfaces/mrpt_nav_interfaces/srv/detail/get_pointmap_layer__builder.hpp
[2.034s] -- Up-to-date symlink: /home/jozef/ros2_ws/install/mrpt_nav_interfaces/include/mrpt_nav_interfaces/mrpt_nav_interfaces/srv/detail/get_pointmap_layer__struct.hpp
[2.038s] -- Up-to-date symlink: /home/jozef/ros2_ws/install/mrpt_nav_interfaces/include/mrpt_nav_interfaces/mrpt_nav_interfaces/srv/detail/get_pointmap_layer__traits.hpp
[2.038s] -- Up-to-date symlink: /home/jozef/ros2_ws/install/mrpt_nav_interfaces/include/mrpt_nav_interfaces/mrpt_nav_interfaces/srv/detail/get_pointmap_layer__type_support.hpp
[2.039s] -- Up-to-date symlink: /home/jozef/ros2_ws/install/mrpt_nav_interfaces/include/mrpt_nav_interfaces/mrpt_nav_interfaces/srv/detail/make_plan_from_to__builder.hpp
[2.039s] -- Up-to-date symlink: /home/jozef/ros2_ws/install/mrpt_nav_interfaces/include/mrpt_nav_interfaces/mrpt_nav_interfaces/srv/detail/make_plan_from_to__struct.hpp
[2.039s] -- Up-to-date symlink: /home/jozef/ros2_ws/install/mrpt_nav_interfaces/include/mrpt_nav_interfaces/mrpt_nav_interfaces/srv/detail/make_plan_from_to__traits.hpp
[2.039s] -- Up-to-date symlink: /home/jozef/ros2_ws/install/mrpt_nav_interfaces/include/mrpt_nav_interfaces/mrpt_nav_interfaces/srv/detail/make_plan_from_to__type_support.hpp
[2.039s] -- Up-to-date symlink: /home/jozef/ros2_ws/install/mrpt_nav_interfaces/include/mrpt_nav_interfaces/mrpt_nav_interfaces/srv/detail/make_plan_to__builder.hpp
[2.039s] -- Up-to-date symlink: /home/jozef/ros2_ws/install/mrpt_nav_interfaces/include/mrpt_nav_interfaces/mrpt_nav_interfaces/srv/detail/make_plan_to__struct.hpp
[2.039s] -- Up-to-date symlink: /home/jozef/ros2_ws/install/mrpt_nav_interfaces/include/mrpt_nav_interfaces/mrpt_nav_interfaces/srv/detail/make_plan_to__traits.hpp
[2.040s] -- Up-to-date symlink: /home/jozef/ros2_ws/install/mrpt_nav_interfaces/include/mrpt_nav_interfaces/mrpt_nav_interfaces/srv/detail/make_plan_to__type_support.hpp
[2.041s] -- Up-to-date symlink: /home/jozef/ros2_ws/install/mrpt_nav_interfaces/include/mrpt_nav_interfaces/mrpt_nav_interfaces/srv/get_gridmap_layer.hpp
[2.041s] -- Up-to-date symlink: /home/jozef/ros2_ws/install/mrpt_nav_interfaces/include/mrpt_nav_interfaces/mrpt_nav_interfaces/srv/get_layers.hpp
[2.041s] -- Up-to-date symlink: /home/jozef/ros2_ws/install/mrpt_nav_interfaces/include/mrpt_nav_interfaces/mrpt_nav_interfaces/srv/get_pointmap_layer.hpp
[2.041s] -- Up-to-date symlink: /home/jozef/ros2_ws/install/mrpt_nav_interfaces/include/mrpt_nav_interfaces/mrpt_nav_interfaces/srv/make_plan_from_to.hpp
[2.045s] -- Up-to-date symlink: /home/jozef/ros2_ws/install/mrpt_nav_interfaces/include/mrpt_nav_interfaces/mrpt_nav_interfaces/srv/make_plan_to.hpp
[2.045s] -- Up-to-date symlink: /home/jozef/ros2_ws/install/mrpt_nav_interfaces/include/mrpt_nav_interfaces/mrpt_nav_interfaces/action/detail/navigate_goal__rosidl_typesupport_fastrtps_cpp.hpp
[2.046s] -- Up-to-date symlink: /home/jozef/ros2_ws/install/mrpt_nav_interfaces/include/mrpt_nav_interfaces/mrpt_nav_interfaces/action/detail/navigate_waypoints__rosidl_typesupport_fastrtps_cpp.hpp
[2.046s] -- Up-to-date symlink: /home/jozef/ros2_ws/install/mrpt_nav_interfaces/include/mrpt_nav_interfaces/mrpt_nav_interfaces/msg/detail/georeferencing_metadata__rosidl_typesupport_fastrtps_cpp.hpp
[2.046s] -- Up-to-date symlink: /home/jozef/ros2_ws/install/mrpt_nav_interfaces/include/mrpt_nav_interfaces/mrpt_nav_interfaces/msg/detail/navigation_feedback__rosidl_typesupport_fastrtps_cpp.hpp
[2.046s] -- Up-to-date symlink: /home/jozef/ros2_ws/install/mrpt_nav_interfaces/include/mrpt_nav_interfaces/mrpt_nav_interfaces/msg/detail/navigation_final_status__rosidl_typesupport_fastrtps_cpp.hpp
[2.047s] -- Up-to-date symlink: /home/jozef/ros2_ws/install/mrpt_nav_interfaces/include/mrpt_nav_interfaces/mrpt_nav_interfaces/msg/rosidl_typesupport_fastrtps_cpp__visibility_control.h
[2.047s] -- Up-to-date symlink: /home/jozef/ros2_ws/install/mrpt_nav_interfaces/include/mrpt_nav_interfaces/mrpt_nav_interfaces/srv/detail/get_gridmap_layer__rosidl_typesupport_fastrtps_cpp.hpp
[2.050s] -- Up-to-date symlink: /home/jozef/ros2_ws/install/mrpt_nav_interfaces/include/mrpt_nav_interfaces/mrpt_nav_interfaces/srv/detail/get_layers__rosidl_typesupport_fastrtps_cpp.hpp
[2.052s] -- Up-to-date symlink: /home/jozef/ros2_ws/install/mrpt_nav_interfaces/include/mrpt_nav_interfaces/mrpt_nav_interfaces/srv/detail/get_pointmap_layer__rosidl_typesupport_fastrtps_cpp.hpp
[2.052s] -- Up-to-date symlink: /home/jozef/ros2_ws/install/mrpt_nav_interfaces/include/mrpt_nav_interfaces/mrpt_nav_interfaces/srv/detail/make_plan_from_to__rosidl_typesupport_fastrtps_cpp.hpp
[2.052s] -- Up-to-date symlink: /home/jozef/ros2_ws/install/mrpt_nav_interfaces/include/mrpt_nav_interfaces/mrpt_nav_interfaces/srv/detail/make_plan_to__rosidl_typesupport_fastrtps_cpp.hpp
[2.053s] -- Up-to-date symlink: /home/jozef/ros2_ws/install/mrpt_nav_interfaces/include/mrpt_nav_interfaces/mrpt_nav_interfaces/action/detail/navigate_goal__rosidl_typesupport_introspection_cpp.hpp
[2.054s] -- Up-to-date symlink: /home/jozef/ros2_ws/install/mrpt_nav_interfaces/include/mrpt_nav_interfaces/mrpt_nav_interfaces/action/detail/navigate_waypoints__rosidl_typesupport_introspection_cpp.hpp
[2.055s] -- Up-to-date symlink: /home/jozef/ros2_ws/install/mrpt_nav_interfaces/include/mrpt_nav_interfaces/mrpt_nav_interfaces/msg/detail/georeferencing_metadata__rosidl_typesupport_introspection_cpp.hpp
[2.056s] -- Up-to-date symlink: /home/jozef/ros2_ws/install/mrpt_nav_interfaces/include/mrpt_nav_interfaces/mrpt_nav_interfaces/msg/detail/navigation_feedback__rosidl_typesupport_introspection_cpp.hpp
[2.057s] -- Up-to-date symlink: /home/jozef/ros2_ws/install/mrpt_nav_interfaces/include/mrpt_nav_interfaces/mrpt_nav_interfaces/msg/detail/navigation_final_status__rosidl_typesupport_introspection_cpp.hpp
[2.063s] -- Up-to-date symlink: /home/jozef/ros2_ws/install/mrpt_nav_interfaces/include/mrpt_nav_interfaces/mrpt_nav_interfaces/srv/detail/get_gridmap_layer__rosidl_typesupport_introspection_cpp.hpp
[2.071s] -- Up-to-date symlink: /home/jozef/ros2_ws/install/mrpt_nav_interfaces/include/mrpt_nav_interfaces/mrpt_nav_interfaces/srv/detail/get_layers__rosidl_typesupport_introspection_cpp.hpp
[2.071s] -- Up-to-date symlink: /home/jozef/ros2_ws/install/mrpt_nav_interfaces/include/mrpt_nav_interfaces/mrpt_nav_interfaces/srv/detail/get_pointmap_layer__rosidl_typesupport_introspection_cpp.hpp
[2.071s] -- Up-to-date symlink: /home/jozef/ros2_ws/install/mrpt_nav_interfaces/include/mrpt_nav_interfaces/mrpt_nav_interfaces/srv/detail/make_plan_from_to__rosidl_typesupport_introspection_cpp.hpp
[2.072s] -- Up-to-date symlink: /home/jozef/ros2_ws/install/mrpt_nav_interfaces/include/mrpt_nav_interfaces/mrpt_nav_interfaces/srv/detail/make_plan_to__rosidl_typesupport_introspection_cpp.hpp
[2.072s] -- Up-to-date symlink: /home/jozef/ros2_ws/install/mrpt_nav_interfaces/share/mrpt_nav_interfaces/environment/pythonpath.sh
[2.072s] -- Up-to-date symlink: /home/jozef/ros2_ws/install/mrpt_nav_interfaces/share/mrpt_nav_interfaces/environment/pythonpath.dsv
[2.072s] -- Up-to-date symlink: /home/jozef/ros2_ws/install/mrpt_nav_interfaces/local/lib/python3.10/dist-packages/mrpt_nav_interfaces-2.2.1-py3.10.egg-info/PKG-INFO
[2.072s] -- Up-to-date symlink: /home/jozef/ros2_ws/install/mrpt_nav_interfaces/local/lib/python3.10/dist-packages/mrpt_nav_interfaces-2.2.1-py3.10.egg-info/SOURCES.txt
[2.072s] -- Up-to-date symlink: /home/jozef/ros2_ws/install/mrpt_nav_interfaces/local/lib/python3.10/dist-packages/mrpt_nav_interfaces-2.2.1-py3.10.egg-info/dependency_links.txt
[2.072s] -- Up-to-date symlink: /home/jozef/ros2_ws/install/mrpt_nav_interfaces/local/lib/python3.10/dist-packages/mrpt_nav_interfaces-2.2.1-py3.10.egg-info/top_level.txt
[2.072s] -- Up-to-date symlink: /home/jozef/ros2_ws/install/mrpt_nav_interfaces/local/lib/python3.10/dist-packages/mrpt_nav_interfaces/__init__.py
[2.073s] -- Up-to-date symlink: /home/jozef/ros2_ws/install/mrpt_nav_interfaces/local/lib/python3.10/dist-packages/mrpt_nav_interfaces/_mrpt_nav_interfaces_s.ep.rosidl_typesupport_c.c
[2.073s] -- Up-to-date symlink: /home/jozef/ros2_ws/install/mrpt_nav_interfaces/local/lib/python3.10/dist-packages/mrpt_nav_interfaces/_mrpt_nav_interfaces_s.ep.rosidl_typesupport_fastrtps_c.c
[2.073s] -- Up-to-date symlink: /home/jozef/ros2_ws/install/mrpt_nav_interfaces/local/lib/python3.10/dist-packages/mrpt_nav_interfaces/_mrpt_nav_interfaces_s.ep.rosidl_typesupport_introspection_c.c
[2.073s] -- Up-to-date symlink: /home/jozef/ros2_ws/install/mrpt_nav_interfaces/local/lib/python3.10/dist-packages/mrpt_nav_interfaces/action/__init__.py
[2.073s] -- Up-to-date symlink: /home/jozef/ros2_ws/install/mrpt_nav_interfaces/local/lib/python3.10/dist-packages/mrpt_nav_interfaces/action/_navigate_goal.py
[2.073s] -- Up-to-date symlink: /home/jozef/ros2_ws/install/mrpt_nav_interfaces/local/lib/python3.10/dist-packages/mrpt_nav_interfaces/action/_navigate_goal_s.c
[2.073s] -- Up-to-date symlink: /home/jozef/ros2_ws/install/mrpt_nav_interfaces/local/lib/python3.10/dist-packages/mrpt_nav_interfaces/action/_navigate_waypoints.py
[2.073s] -- Up-to-date symlink: /home/jozef/ros2_ws/install/mrpt_nav_interfaces/local/lib/python3.10/dist-packages/mrpt_nav_interfaces/action/_navigate_waypoints_s.c
[2.074s] -- Up-to-date symlink: /home/jozef/ros2_ws/install/mrpt_nav_interfaces/local/lib/python3.10/dist-packages/mrpt_nav_interfaces/libmrpt_nav_interfaces__rosidl_generator_py.so
[2.074s] -- Up-to-date symlink: /home/jozef/ros2_ws/install/mrpt_nav_interfaces/local/lib/python3.10/dist-packages/mrpt_nav_interfaces/mrpt_nav_interfaces_s__rosidl_typesupport_c.cpython-310-x86_64-linux-gnu.so
[2.074s] -- Up-to-date symlink: /home/jozef/ros2_ws/install/mrpt_nav_interfaces/local/lib/python3.10/dist-packages/mrpt_nav_interfaces/mrpt_nav_interfaces_s__rosidl_typesupport_fastrtps_c.cpython-310-x86_64-linux-gnu.so
[2.074s] -- Up-to-date symlink: /home/jozef/ros2_ws/install/mrpt_nav_interfaces/local/lib/python3.10/dist-packages/mrpt_nav_interfaces/mrpt_nav_interfaces_s__rosidl_typesupport_introspection_c.cpython-310-x86_64-linux-gnu.so
[2.074s] -- Up-to-date symlink: /home/jozef/ros2_ws/install/mrpt_nav_interfaces/local/lib/python3.10/dist-packages/mrpt_nav_interfaces/msg/__init__.py
[2.074s] -- Up-to-date symlink: /home/jozef/ros2_ws/install/mrpt_nav_interfaces/local/lib/python3.10/dist-packages/mrpt_nav_interfaces/msg/_georeferencing_metadata.py
[2.074s] -- Up-to-date symlink: /home/jozef/ros2_ws/install/mrpt_nav_interfaces/local/lib/python3.10/dist-packages/mrpt_nav_interfaces/msg/_georeferencing_metadata_s.c
[2.081s] -- Up-to-date symlink: /home/jozef/ros2_ws/install/mrpt_nav_interfaces/local/lib/python3.10/dist-packages/mrpt_nav_interfaces/msg/_navigation_feedback.py
[2.082s] -- Up-to-date symlink: /home/jozef/ros2_ws/install/mrpt_nav_interfaces/local/lib/python3.10/dist-packages/mrpt_nav_interfaces/msg/_navigation_feedback_s.c
[2.082s] -- Up-to-date symlink: /home/jozef/ros2_ws/install/mrpt_nav_interfaces/local/lib/python3.10/dist-packages/mrpt_nav_interfaces/msg/_navigation_final_status.py
[2.082s] -- Up-to-date symlink: /home/jozef/ros2_ws/install/mrpt_nav_interfaces/local/lib/python3.10/dist-packages/mrpt_nav_interfaces/msg/_navigation_final_status_s.c
[2.082s] -- Up-to-date symlink: /home/jozef/ros2_ws/install/mrpt_nav_interfaces/local/lib/python3.10/dist-packages/mrpt_nav_interfaces/srv/__init__.py
[2.083s] -- Up-to-date symlink: /home/jozef/ros2_ws/install/mrpt_nav_interfaces/local/lib/python3.10/dist-packages/mrpt_nav_interfaces/srv/_get_gridmap_layer.py
[2.083s] -- Up-to-date symlink: /home/jozef/ros2_ws/install/mrpt_nav_interfaces/local/lib/python3.10/dist-packages/mrpt_nav_interfaces/srv/_get_gridmap_layer_s.c
[2.083s] -- Up-to-date symlink: /home/jozef/ros2_ws/install/mrpt_nav_interfaces/local/lib/python3.10/dist-packages/mrpt_nav_interfaces/srv/_get_layers.py
[2.083s] -- Up-to-date symlink: /home/jozef/ros2_ws/install/mrpt_nav_interfaces/local/lib/python3.10/dist-packages/mrpt_nav_interfaces/srv/_get_layers_s.c
[2.083s] -- Up-to-date symlink: /home/jozef/ros2_ws/install/mrpt_nav_interfaces/local/lib/python3.10/dist-packages/mrpt_nav_interfaces/srv/_get_pointmap_layer.py
[2.083s] -- Up-to-date symlink: /home/jozef/ros2_ws/install/mrpt_nav_interfaces/local/lib/python3.10/dist-packages/mrpt_nav_interfaces/srv/_get_pointmap_layer_s.c
[2.083s] -- Up-to-date symlink: /home/jozef/ros2_ws/install/mrpt_nav_interfaces/local/lib/python3.10/dist-packages/mrpt_nav_interfaces/srv/_make_plan_from_to.py
[2.083s] -- Up-to-date symlink: /home/jozef/ros2_ws/install/mrpt_nav_interfaces/local/lib/python3.10/dist-packages/mrpt_nav_interfaces/srv/_make_plan_from_to_s.c
[2.083s] -- Up-to-date symlink: /home/jozef/ros2_ws/install/mrpt_nav_interfaces/local/lib/python3.10/dist-packages/mrpt_nav_interfaces/srv/_make_plan_to.py
[2.084s] -- Up-to-date symlink: /home/jozef/ros2_ws/install/mrpt_nav_interfaces/local/lib/python3.10/dist-packages/mrpt_nav_interfaces/srv/_make_plan_to_s.c
[2.088s] -- Up-to-date symlink: /home/jozef/ros2_ws/install/mrpt_nav_interfaces/local/lib/python3.10/dist-packages/mrpt_nav_interfaces/mrpt_nav_interfaces_s__rosidl_typesupport_fastrtps_c.cpython-310-x86_64-linux-gnu.so
[2.089s] -- Up-to-date symlink: /home/jozef/ros2_ws/install/mrpt_nav_interfaces/local/lib/python3.10/dist-packages/mrpt_nav_interfaces/mrpt_nav_interfaces_s__rosidl_typesupport_introspection_c.cpython-310-x86_64-linux-gnu.so
[2.110s] -- Up-to-date symlink: /home/jozef/ros2_ws/install/mrpt_nav_interfaces/local/lib/python3.10/dist-packages/mrpt_nav_interfaces/mrpt_nav_interfaces_s__rosidl_typesupport_c.cpython-310-x86_64-linux-gnu.so
[2.129s] -- Up-to-date symlink: /home/jozef/ros2_ws/install/mrpt_nav_interfaces/share/mrpt_nav_interfaces/action/NavigateGoal.idl
[2.130s] -- Up-to-date symlink: /home/jozef/ros2_ws/install/mrpt_nav_interfaces/share/mrpt_nav_interfaces/action/NavigateWaypoints.idl
[2.131s] -- Up-to-date symlink: /home/jozef/ros2_ws/install/mrpt_nav_interfaces/share/mrpt_nav_interfaces/msg/GeoreferencingMetadata.idl
[2.135s] -- Up-to-date symlink: /home/jozef/ros2_ws/install/mrpt_nav_interfaces/share/mrpt_nav_interfaces/msg/NavigationFeedback.idl
[2.136s] -- Up-to-date symlink: /home/jozef/ros2_ws/install/mrpt_nav_interfaces/share/mrpt_nav_interfaces/msg/NavigationFinalStatus.idl
[2.136s] -- Up-to-date symlink: /home/jozef/ros2_ws/install/mrpt_nav_interfaces/share/mrpt_nav_interfaces/srv/GetLayers.idl
[2.136s] -- Up-to-date symlink: /home/jozef/ros2_ws/install/mrpt_nav_interfaces/share/mrpt_nav_interfaces/srv/GetGridmapLayer.idl
[2.140s] -- Up-to-date symlink: /home/jozef/ros2_ws/install/mrpt_nav_interfaces/share/mrpt_nav_interfaces/srv/GetPointmapLayer.idl
[2.151s] -- Up-to-date symlink: /home/jozef/ros2_ws/install/mrpt_nav_interfaces/share/mrpt_nav_interfaces/srv/MakePlanFromTo.idl
[2.151s] -- Up-to-date symlink: /home/jozef/ros2_ws/install/mrpt_nav_interfaces/share/mrpt_nav_interfaces/srv/MakePlanTo.idl
[2.151s] -- Up-to-date symlink: /home/jozef/ros2_ws/install/mrpt_nav_interfaces/share/mrpt_nav_interfaces/action/NavigateGoal.action
[2.151s] -- Up-to-date symlink: /home/jozef/ros2_ws/install/mrpt_nav_interfaces/share/mrpt_nav_interfaces/action/NavigateWaypoints.action
[2.152s] -- Up-to-date symlink: /home/jozef/ros2_ws/install/mrpt_nav_interfaces/share/mrpt_nav_interfaces/msg/GeoreferencingMetadata.msg
[2.152s] -- Up-to-date symlink: /home/jozef/ros2_ws/install/mrpt_nav_interfaces/share/mrpt_nav_interfaces/msg/NavigationFeedback.msg
[2.152s] -- Up-to-date symlink: /home/jozef/ros2_ws/install/mrpt_nav_interfaces/share/mrpt_nav_interfaces/msg/NavigationFinalStatus.msg
[2.152s] -- Up-to-date symlink: /home/jozef/ros2_ws/install/mrpt_nav_interfaces/share/mrpt_nav_interfaces/srv/GetLayers.srv
[2.152s] -- Up-to-date symlink: /home/jozef/ros2_ws/install/mrpt_nav_interfaces/share/mrpt_nav_interfaces/srv/GetLayers_Request.msg
[2.152s] -- Up-to-date symlink: /home/jozef/ros2_ws/install/mrpt_nav_interfaces/share/mrpt_nav_interfaces/srv/GetLayers_Response.msg
[2.152s] -- Up-to-date symlink: /home/jozef/ros2_ws/install/mrpt_nav_interfaces/share/mrpt_nav_interfaces/srv/GetGridmapLayer.srv
[2.153s] -- Up-to-date symlink: /home/jozef/ros2_ws/install/mrpt_nav_interfaces/share/mrpt_nav_interfaces/srv/GetGridmapLayer_Request.msg
[2.153s] -- Up-to-date symlink: /home/jozef/ros2_ws/install/mrpt_nav_interfaces/share/mrpt_nav_interfaces/srv/GetGridmapLayer_Response.msg
[2.153s] -- Up-to-date symlink: /home/jozef/ros2_ws/install/mrpt_nav_interfaces/share/mrpt_nav_interfaces/srv/GetPointmapLayer.srv
[2.153s] -- Up-to-date symlink: /home/jozef/ros2_ws/install/mrpt_nav_interfaces/share/mrpt_nav_interfaces/srv/GetPointmapLayer_Request.msg
[2.153s] -- Up-to-date symlink: /home/jozef/ros2_ws/install/mrpt_nav_interfaces/share/mrpt_nav_interfaces/srv/GetPointmapLayer_Response.msg
[2.153s] -- Up-to-date symlink: /home/jozef/ros2_ws/install/mrpt_nav_interfaces/share/mrpt_nav_interfaces/srv/MakePlanFromTo.srv
[2.153s] -- Up-to-date symlink: /home/jozef/ros2_ws/install/mrpt_nav_interfaces/share/mrpt_nav_interfaces/srv/MakePlanFromTo_Request.msg
[2.154s] -- Up-to-date symlink: /home/jozef/ros2_ws/install/mrpt_nav_interfaces/share/mrpt_nav_interfaces/srv/MakePlanFromTo_Response.msg
[2.154s] -- Up-to-date symlink: /home/jozef/ros2_ws/install/mrpt_nav_interfaces/share/mrpt_nav_interfaces/srv/MakePlanTo.srv
[2.154s] -- Up-to-date symlink: /home/jozef/ros2_ws/install/mrpt_nav_interfaces/share/mrpt_nav_interfaces/srv/MakePlanTo_Request.msg
[2.154s] -- Up-to-date symlink: /home/jozef/ros2_ws/install/mrpt_nav_interfaces/share/mrpt_nav_interfaces/srv/MakePlanTo_Response.msg
[2.154s] -- Up-to-date symlink: /home/jozef/ros2_ws/install/mrpt_nav_interfaces/share/ament_index/resource_index/package_run_dependencies/mrpt_nav_interfaces
[2.154s] -- Up-to-date symlink: /home/jozef/ros2_ws/install/mrpt_nav_interfaces/share/ament_index/resource_index/parent_prefix_path/mrpt_nav_interfaces
[2.154s] -- Up-to-date symlink: /home/jozef/ros2_ws/install/mrpt_nav_interfaces/share/mrpt_nav_interfaces/environment/ament_prefix_path.sh
[2.154s] -- Up-to-date symlink: /home/jozef/ros2_ws/install/mrpt_nav_interfaces/share/mrpt_nav_interfaces/environment/ament_prefix_path.dsv
[2.172s] -- Up-to-date symlink: /home/jozef/ros2_ws/install/mrpt_nav_interfaces/share/mrpt_nav_interfaces/environment/path.sh
[2.172s] -- Up-to-date symlink: /home/jozef/ros2_ws/install/mrpt_nav_interfaces/share/mrpt_nav_interfaces/environment/path.dsv
[2.172s] -- Up-to-date symlink: /home/jozef/ros2_ws/install/mrpt_nav_interfaces/share/mrpt_nav_interfaces/local_setup.bash
[2.173s] -- Up-to-date symlink: /home/jozef/ros2_ws/install/mrpt_nav_interfaces/share/mrpt_nav_interfaces/local_setup.sh
[2.173s] -- Up-to-date symlink: /home/jozef/ros2_ws/install/mrpt_nav_interfaces/share/mrpt_nav_interfaces/local_setup.zsh
[2.173s] -- Up-to-date symlink: /home/jozef/ros2_ws/install/mrpt_nav_interfaces/share/mrpt_nav_interfaces/local_setup.dsv
[2.173s] -- Symlinking: /home/jozef/ros2_ws/install/mrpt_nav_interfaces/share/mrpt_nav_interfaces/package.dsv
[2.182s] -- Up-to-date symlink: /home/jozef/ros2_ws/install/mrpt_nav_interfaces/share/ament_index/resource_index/packages/mrpt_nav_interfaces
[2.183s] -- Up-to-date symlink: /home/jozef/ros2_ws/install/mrpt_nav_interfaces/share/mrpt_nav_interfaces/cmake/rosidl_cmake-extras.cmake
[2.184s] -- Up-to-date symlink: /home/jozef/ros2_ws/install/mrpt_nav_interfaces/share/mrpt_nav_interfaces/cmake/ament_cmake_export_dependencies-extras.cmake
[2.184s] -- Up-to-date symlink: /home/jozef/ros2_ws/install/mrpt_nav_interfaces/share/mrpt_nav_interfaces/cmake/ament_cmake_export_include_directories-extras.cmake
[2.185s] -- Up-to-date symlink: /home/jozef/ros2_ws/install/mrpt_nav_interfaces/share/mrpt_nav_interfaces/cmake/ament_cmake_export_libraries-extras.cmake
[2.185s] -- Up-to-date symlink: /home/jozef/ros2_ws/install/mrpt_nav_interfaces/share/mrpt_nav_interfaces/cmake/ament_cmake_export_targets-extras.cmake
[2.185s] -- Up-to-date symlink: /home/jozef/ros2_ws/install/mrpt_nav_interfaces/share/mrpt_nav_interfaces/cmake/rosidl_cmake_export_typesupport_targets-extras.cmake
[2.191s] -- Up-to-date symlink: /home/jozef/ros2_ws/install/mrpt_nav_interfaces/share/mrpt_nav_interfaces/cmake/rosidl_cmake_export_typesupport_libraries-extras.cmake
[2.191s] -- Up-to-date symlink: /home/jozef/ros2_ws/install/mrpt_nav_interfaces/share/mrpt_nav_interfaces/cmake/mrpt_nav_interfacesConfig.cmake
[2.191s] -- Up-to-date symlink: /home/jozef/ros2_ws/install/mrpt_nav_interfaces/share/mrpt_nav_interfaces/cmake/mrpt_nav_interfacesConfig-version.cmake
[2.191s] -- Up-to-date symlink: /home/jozef/ros2_ws/install/mrpt_nav_interfaces/share/mrpt_nav_interfaces/package.xml
[2.191s] -- Up-to-date: /home/jozef/ros2_ws/install/mrpt_nav_interfaces/lib/libmrpt_nav_interfaces__rosidl_generator_c.so
[2.193s] -- Up-to-date: /home/jozef/ros2_ws/install/mrpt_nav_interfaces/lib/libmrpt_nav_interfaces__rosidl_typesupport_fastrtps_c.so
[2.196s] -- Up-to-date: /home/jozef/ros2_ws/install/mrpt_nav_interfaces/lib/libmrpt_nav_interfaces__rosidl_typesupport_introspection_c.so
[2.197s] -- Up-to-date: /home/jozef/ros2_ws/install/mrpt_nav_interfaces/lib/libmrpt_nav_interfaces__rosidl_typesupport_c.so
[2.202s] -- Up-to-date: /home/jozef/ros2_ws/install/mrpt_nav_interfaces/lib/libmrpt_nav_interfaces__rosidl_typesupport_fastrtps_cpp.so
[2.202s] -- Up-to-date: /home/jozef/ros2_ws/install/mrpt_nav_interfaces/lib/libmrpt_nav_interfaces__rosidl_typesupport_introspection_cpp.so
[2.205s] -- Up-to-date: /home/jozef/ros2_ws/install/mrpt_nav_interfaces/lib/libmrpt_nav_interfaces__rosidl_typesupport_cpp.so
[2.346s] Listing '/home/jozef/ros2_ws/install/mrpt_nav_interfaces/local/lib/python3.10/dist-packages/mrpt_nav_interfaces'...
[2.346s] Listing '/home/jozef/ros2_ws/install/mrpt_nav_interfaces/local/lib/python3.10/dist-packages/mrpt_nav_interfaces/action'...
[2.346s] Listing '/home/jozef/ros2_ws/install/mrpt_nav_interfaces/local/lib/python3.10/dist-packages/mrpt_nav_interfaces/msg'...
[2.347s] Listing '/home/jozef/ros2_ws/install/mrpt_nav_interfaces/local/lib/python3.10/dist-packages/mrpt_nav_interfaces/srv'...
[2.375s] -- Up-to-date: /home/jozef/ros2_ws/install/mrpt_nav_interfaces/lib/libmrpt_nav_interfaces__rosidl_generator_py.so
[2.376s] -- Up-to-date: /home/jozef/ros2_ws/install/mrpt_nav_interfaces/share/mrpt_nav_interfaces/cmake/export_mrpt_nav_interfaces__rosidl_generator_cExport.cmake
[2.376s] -- Up-to-date: /home/jozef/ros2_ws/install/mrpt_nav_interfaces/share/mrpt_nav_interfaces/cmake/export_mrpt_nav_interfaces__rosidl_generator_cExport-noconfig.cmake
[2.376s] -- Up-to-date: /home/jozef/ros2_ws/install/mrpt_nav_interfaces/share/mrpt_nav_interfaces/cmake/export_mrpt_nav_interfaces__rosidl_typesupport_fastrtps_cExport.cmake
[2.376s] -- Up-to-date: /home/jozef/ros2_ws/install/mrpt_nav_interfaces/share/mrpt_nav_interfaces/cmake/export_mrpt_nav_interfaces__rosidl_typesupport_fastrtps_cExport-noconfig.cmake
[2.377s] -- Up-to-date: /home/jozef/ros2_ws/install/mrpt_nav_interfaces/share/mrpt_nav_interfaces/cmake/mrpt_nav_interfaces__rosidl_typesupport_introspection_cExport.cmake
[2.377s] -- Up-to-date: /home/jozef/ros2_ws/install/mrpt_nav_interfaces/share/mrpt_nav_interfaces/cmake/mrpt_nav_interfaces__rosidl_typesupport_introspection_cExport-noconfig.cmake
[2.377s] -- Up-to-date: /home/jozef/ros2_ws/install/mrpt_nav_interfaces/share/mrpt_nav_interfaces/cmake/mrpt_nav_interfaces__rosidl_typesupport_cExport.cmake
[2.377s] -- Up-to-date: /home/jozef/ros2_ws/install/mrpt_nav_interfaces/share/mrpt_nav_interfaces/cmake/mrpt_nav_interfaces__rosidl_typesupport_cExport-noconfig.cmake
[2.377s] -- Up-to-date: /home/jozef/ros2_ws/install/mrpt_nav_interfaces/share/mrpt_nav_interfaces/cmake/export_mrpt_nav_interfaces__rosidl_generator_cppExport.cmake
[2.378s] -- Up-to-date: /home/jozef/ros2_ws/install/mrpt_nav_interfaces/share/mrpt_nav_interfaces/cmake/export_mrpt_nav_interfaces__rosidl_typesupport_fastrtps_cppExport.cmake
[2.378s] -- Up-to-date: /home/jozef/ros2_ws/install/mrpt_nav_interfaces/share/mrpt_nav_interfaces/cmake/export_mrpt_nav_interfaces__rosidl_typesupport_fastrtps_cppExport-noconfig.cmake
[2.378s] -- Up-to-date: /home/jozef/ros2_ws/install/mrpt_nav_interfaces/share/mrpt_nav_interfaces/cmake/mrpt_nav_interfaces__rosidl_typesupport_introspection_cppExport.cmake
[2.378s] -- Up-to-date: /home/jozef/ros2_ws/install/mrpt_nav_interfaces/share/mrpt_nav_interfaces/cmake/mrpt_nav_interfaces__rosidl_typesupport_introspection_cppExport-noconfig.cmake
[2.378s] -- Up-to-date: /home/jozef/ros2_ws/install/mrpt_nav_interfaces/share/mrpt_nav_interfaces/cmake/mrpt_nav_interfaces__rosidl_typesupport_cppExport.cmake
[2.378s] -- Up-to-date: /home/jozef/ros2_ws/install/mrpt_nav_interfaces/share/mrpt_nav_interfaces/cmake/mrpt_nav_interfaces__rosidl_typesupport_cppExport-noconfig.cmake
[2.396s] -- Up-to-date: /home/jozef/ros2_ws/install/mrpt_nav_interfaces/share/mrpt_nav_interfaces/cmake/export_mrpt_nav_interfaces__rosidl_generator_pyExport.cmake
[2.396s] -- Up-to-date: /home/jozef/ros2_ws/install/mrpt_nav_interfaces/share/mrpt_nav_interfaces/cmake/export_mrpt_nav_interfaces__rosidl_generator_pyExport-noconfig.cmake
[2.444s] Invoked command in '/home/jozef/ros2_ws/build/mrpt_nav_interfaces' returned '0': CMAKE_PREFIX_PATH=/home/jozef/ros2_ws/install/tb2_control:/home/jozef/ros2_ws/install/tb2_bringup:/home/jozef/ros2_ws/install/mocap4r2cli:/home/jozef/ros2_ws/install/localization_benchmarking:/opt/ros/humble:/home/jozef/ros2_ws/install/mrpt_msgs:/home/jozef/ros2_ws/install/tb2_slam:/home/jozef/ros2_ws/install/rqt_mocap4r2_control:/home/jozef/ros2_ws/install/neo_localization2:/home/jozef/ros2_ws/install/mrpt_navigation:/home/jozef/ros2_ws/install/mrpt_tutorials:/home/jozef/ros2_ws/install/mrpt_tps_astar_planner:/home/jozef/ros2_ws/install/mrpt_reactivenav2d:/home/jozef/ros2_ws/install/mrpt_rawlog:/home/jozef/ros2_ws/install/mrpt_pointcloud_pipeline:/home/jozef/ros2_ws/install/mrpt_pf_localization:/home/jozef/ros2_ws/install/mrpt_map_server:/home/jozef/ros2_ws/install/mrpt_nav_interfaces:/home/jozef/ros2_ws/install/mrpt_msgs_bridge:/home/jozef/ros2_ws/install/mocap4r2_robot_gt:/home/jozef/ros2_ws/install/mocap4r2_robot_gt_msgs:/home/jozef/ros2_ws/install/mocap4r2_optitrack_driver:/home/jozef/ros2_ws/install/mocap4r2_marker_viz:/home/jozef/ros2_ws/install/mocap4r2_marker_publisher:/home/jozef/ros2_ws/install/mocap4r2_dummy_driver:/home/jozef/ros2_ws/install/mocap4r2_msgs:/home/jozef/ros2_ws/install/mocap4r2_marker_viz_srvs:/home/jozef/ros2_ws/install/mocap4r2_control:/home/jozef/ros2_ws/install/mocap4r2_control_msgs:/home/jozef/ros2_ws/install/message_filters LD_LIBRARY_PATH=/home/jozef/ros2_ws/install/mrpt_msgs/lib:/home/jozef/ros2_ws/install/rqt_mocap4r2_control/lib:/home/jozef/ros2_ws/install/neo_localization2/lib:/home/jozef/ros2_ws/install/mrpt_pointcloud_pipeline/lib:/home/jozef/ros2_ws/install/mrpt_pf_localization/lib:/home/jozef/ros2_ws/install/mrpt_nav_interfaces/lib:/home/jozef/ros2_ws/install/mocap4r2_robot_gt/lib:/home/jozef/ros2_ws/install/mocap4r2_robot_gt_msgs/lib:/home/jozef/ros2_ws/install/mocap4r2_optitrack_driver/lib:/home/jozef/ros2_ws/install/mocap4r2_msgs/lib:/home/jozef/ros2_ws/install/mocap4r2_marker_viz_srvs/lib:/home/jozef/ros2_ws/install/mocap4r2_control/lib:/home/jozef/ros2_ws/install/mocap4r2_control_msgs/lib:/home/jozef/ros2_ws/install/message_filters/lib:/opt/ros/humble/opt/rviz_ogre_vendor/lib:/opt/ros/humble/lib/x86_64-linux-gnu:/opt/ros/humble/lib /usr/bin/cmake --install /home/jozef/ros2_ws/build/mrpt_nav_interfaces
