[0.148s] Invoking command in '/home/jozef/ros2_ws/build/mocap4r2_robot_gt': AMENT_PREFIX_PATH=/home/jozef/ros2_ws/install/mocap4r2_robot_gt_msgs:/home/jozef/ros2_ws/install/mocap4r2_msgs:${AMENT_PREFIX_PATH} CMAKE_PREFIX_PATH=/home/jozef/ros2_ws/install/mocap4r2_robot_gt_msgs:/home/jozef/ros2_ws/install/mocap4r2_msgs:/opt/ros/humble LD_LIBRARY_PATH=/home/jozef/ros2_ws/install/mocap4r2_robot_gt_msgs/lib:/home/jozef/ros2_ws/install/mocap4r2_msgs/lib:${LD_LIBRARY_PATH} PYTHONPATH=/home/jozef/ros2_ws/install/mocap4r2_robot_gt_msgs/local/lib/python3.10/dist-packages:/home/jozef/ros2_ws/install/mocap4r2_msgs/local/lib/python3.10/dist-packages:${PYTHONPATH} /usr/bin/cmake --build /home/jozef/ros2_ws/build/mocap4r2_robot_gt -- -j8 -l8
[0.274s] [ 50%] Built target set_gt_component
[0.274s] [ 50%] Built target gt_component
[0.333s] [ 75%] Built target set_gt_cli
[0.340s] [100%] Built target gt_program
[0.724s] Invoked command in '/home/jozef/ros2_ws/build/mocap4r2_robot_gt' returned '0': AMENT_PREFIX_PATH=/home/jozef/ros2_ws/install/mocap4r2_robot_gt_msgs:/home/jozef/ros2_ws/install/mocap4r2_msgs:${AMENT_PREFIX_PATH} CMAKE_PREFIX_PATH=/home/jozef/ros2_ws/install/mocap4r2_robot_gt_msgs:/home/jozef/ros2_ws/install/mocap4r2_msgs:/opt/ros/humble LD_LIBRARY_PATH=/home/jozef/ros2_ws/install/mocap4r2_robot_gt_msgs/lib:/home/jozef/ros2_ws/install/mocap4r2_msgs/lib:${LD_LIBRARY_PATH} PYTHONPATH=/home/jozef/ros2_ws/install/mocap4r2_robot_gt_msgs/local/lib/python3.10/dist-packages:/home/jozef/ros2_ws/install/mocap4r2_msgs/local/lib/python3.10/dist-packages:${PYTHONPATH} /usr/bin/cmake --build /home/jozef/ros2_ws/build/mocap4r2_robot_gt -- -j8 -l8
[0.731s] Invoking command in '/home/jozef/ros2_ws/build/mocap4r2_robot_gt': AMENT_PREFIX_PATH=/home/jozef/ros2_ws/install/mocap4r2_robot_gt_msgs:/home/jozef/ros2_ws/install/mocap4r2_msgs:${AMENT_PREFIX_PATH} CMAKE_PREFIX_PATH=/home/jozef/ros2_ws/install/mocap4r2_robot_gt_msgs:/home/jozef/ros2_ws/install/mocap4r2_msgs:/opt/ros/humble LD_LIBRARY_PATH=/home/jozef/ros2_ws/install/mocap4r2_robot_gt_msgs/lib:/home/jozef/ros2_ws/install/mocap4r2_msgs/lib:${LD_LIBRARY_PATH} PYTHONPATH=/home/jozef/ros2_ws/install/mocap4r2_robot_gt_msgs/local/lib/python3.10/dist-packages:/home/jozef/ros2_ws/install/mocap4r2_msgs/local/lib/python3.10/dist-packages:${PYTHONPATH} /usr/bin/cmake --install /home/jozef/ros2_ws/build/mocap4r2_robot_gt
[0.827s] -- Install configuration: ""
[0.827s] -- Execute custom install script
[0.831s] -- Up-to-date symlink: /home/jozef/ros2_ws/install/mocap4r2_robot_gt/lib/libgt_component.so
[0.833s] -- Up-to-date symlink: /home/jozef/ros2_ws/install/mocap4r2_robot_gt/lib/mocap4r2_robot_gt/gt_program
[0.833s] -- Up-to-date symlink: /home/jozef/ros2_ws/install/mocap4r2_robot_gt/lib/libset_gt_component.so
[0.841s] -- Up-to-date symlink: /home/jozef/ros2_ws/install/mocap4r2_robot_gt/lib/mocap4r2_robot_gt/set_gt_cli
[0.841s] -- Up-to-date symlink: /home/jozef/ros2_ws/install/mocap4r2_robot_gt/share/ament_index/resource_index/package_run_dependencies/mocap4r2_robot_gt
[0.841s] -- Up-to-date symlink: /home/jozef/ros2_ws/install/mocap4r2_robot_gt/share/ament_index/resource_index/parent_prefix_path/mocap4r2_robot_gt
[0.841s] -- Up-to-date symlink: /home/jozef/ros2_ws/install/mocap4r2_robot_gt/share/mocap4r2_robot_gt/environment/ament_prefix_path.sh
[0.842s] -- Up-to-date symlink: /home/jozef/ros2_ws/install/mocap4r2_robot_gt/share/mocap4r2_robot_gt/environment/ament_prefix_path.dsv
[0.843s] -- Up-to-date symlink: /home/jozef/ros2_ws/install/mocap4r2_robot_gt/share/mocap4r2_robot_gt/environment/path.sh
[0.845s] -- Up-to-date symlink: /home/jozef/ros2_ws/install/mocap4r2_robot_gt/share/mocap4r2_robot_gt/environment/path.dsv
[0.848s] -- Up-to-date symlink: /home/jozef/ros2_ws/install/mocap4r2_robot_gt/share/mocap4r2_robot_gt/local_setup.bash
[0.848s] -- Up-to-date symlink: /home/jozef/ros2_ws/install/mocap4r2_robot_gt/share/mocap4r2_robot_gt/local_setup.sh
[0.848s] -- Up-to-date symlink: /home/jozef/ros2_ws/install/mocap4r2_robot_gt/share/mocap4r2_robot_gt/local_setup.zsh
[0.849s] -- Up-to-date symlink: /home/jozef/ros2_ws/install/mocap4r2_robot_gt/share/mocap4r2_robot_gt/local_setup.dsv
[0.853s] -- Symlinking: /home/jozef/ros2_ws/install/mocap4r2_robot_gt/share/mocap4r2_robot_gt/package.dsv
[0.861s] -- Up-to-date symlink: /home/jozef/ros2_ws/install/mocap4r2_robot_gt/share/ament_index/resource_index/packages/mocap4r2_robot_gt
[0.861s] -- Up-to-date symlink: /home/jozef/ros2_ws/install/mocap4r2_robot_gt/share/ament_index/resource_index/rclcpp_components/mocap4r2_robot_gt
[0.861s] -- Up-to-date symlink: /home/jozef/ros2_ws/install/mocap4r2_robot_gt/share/mocap4r2_robot_gt/cmake/mocap4r2_robot_gtConfig.cmake
[0.861s] -- Up-to-date symlink: /home/jozef/ros2_ws/install/mocap4r2_robot_gt/share/mocap4r2_robot_gt/cmake/mocap4r2_robot_gtConfig-version.cmake
[0.861s] -- Up-to-date symlink: /home/jozef/ros2_ws/install/mocap4r2_robot_gt/share/mocap4r2_robot_gt/package.xml
[0.900s] Invoked command in '/home/jozef/ros2_ws/build/mocap4r2_robot_gt' returned '0': AMENT_PREFIX_PATH=/home/jozef/ros2_ws/install/mocap4r2_robot_gt_msgs:/home/jozef/ros2_ws/install/mocap4r2_msgs:${AMENT_PREFIX_PATH} CMAKE_PREFIX_PATH=/home/jozef/ros2_ws/install/mocap4r2_robot_gt_msgs:/home/jozef/ros2_ws/install/mocap4r2_msgs:/opt/ros/humble LD_LIBRARY_PATH=/home/jozef/ros2_ws/install/mocap4r2_robot_gt_msgs/lib:/home/jozef/ros2_ws/install/mocap4r2_msgs/lib:${LD_LIBRARY_PATH} PYTHONPATH=/home/jozef/ros2_ws/install/mocap4r2_robot_gt_msgs/local/lib/python3.10/dist-packages:/home/jozef/ros2_ws/install/mocap4r2_msgs/local/lib/python3.10/dist-packages:${PYTHONPATH} /usr/bin/cmake --install /home/jozef/ros2_ws/build/mocap4r2_robot_gt
