[0.080s] Invoking command in '/home/jozef/ros2_ws/build/mrpt_reactivenav2d': AMENT_PREFIX_PATH=/home/jozef/ros2_ws/install/mrpt_nav_interfaces:/home/jozef/ros2_ws/install/mrpt_msgs:${AMENT_PREFIX_PATH} CMAKE_PREFIX_PATH=/home/jozef/ros2_ws/install/mrpt_nav_interfaces:/opt/ros/humble:/home/jozef/ros2_ws/install/mrpt_msgs LD_LIBRARY_PATH=/home/jozef/ros2_ws/install/mrpt_nav_interfaces/lib:/home/jozef/ros2_ws/install/mrpt_msgs/lib:${LD_LIBRARY_PATH} PYTHONPATH=/home/jozef/ros2_ws/install/mrpt_nav_interfaces/local/lib/python3.10/dist-packages:/home/jozef/ros2_ws/install/mrpt_msgs/local/lib/python3.10/dist-packages:${PYTHONPATH} /usr/bin/cmake --build /home/jozef/ros2_ws/build/mrpt_reactivenav2d -- -j8 -l8
[0.294s] [100%] Built target mrpt_reactivenav2d_node
[0.488s] Invoked command in '/home/jozef/ros2_ws/build/mrpt_reactivenav2d' returned '0': AMENT_PREFIX_PATH=/home/jozef/ros2_ws/install/mrpt_nav_interfaces:/home/jozef/ros2_ws/install/mrpt_msgs:${AMENT_PREFIX_PATH} CMAKE_PREFIX_PATH=/home/jozef/ros2_ws/install/mrpt_nav_interfaces:/opt/ros/humble:/home/jozef/ros2_ws/install/mrpt_msgs LD_LIBRARY_PATH=/home/jozef/ros2_ws/install/mrpt_nav_interfaces/lib:/home/jozef/ros2_ws/install/mrpt_msgs/lib:${LD_LIBRARY_PATH} PYTHONPATH=/home/jozef/ros2_ws/install/mrpt_nav_interfaces/local/lib/python3.10/dist-packages:/home/jozef/ros2_ws/install/mrpt_msgs/local/lib/python3.10/dist-packages:${PYTHONPATH} /usr/bin/cmake --build /home/jozef/ros2_ws/build/mrpt_reactivenav2d -- -j8 -l8
[0.489s] Invoking command in '/home/jozef/ros2_ws/build/mrpt_reactivenav2d': AMENT_PREFIX_PATH=/home/jozef/ros2_ws/install/mrpt_nav_interfaces:/home/jozef/ros2_ws/install/mrpt_msgs:${AMENT_PREFIX_PATH} CMAKE_PREFIX_PATH=/home/jozef/ros2_ws/install/mrpt_nav_interfaces:/opt/ros/humble:/home/jozef/ros2_ws/install/mrpt_msgs LD_LIBRARY_PATH=/home/jozef/ros2_ws/install/mrpt_nav_interfaces/lib:/home/jozef/ros2_ws/install/mrpt_msgs/lib:${LD_LIBRARY_PATH} PYTHONPATH=/home/jozef/ros2_ws/install/mrpt_nav_interfaces/local/lib/python3.10/dist-packages:/home/jozef/ros2_ws/install/mrpt_msgs/local/lib/python3.10/dist-packages:${PYTHONPATH} /usr/bin/cmake --install /home/jozef/ros2_ws/build/mrpt_reactivenav2d
[0.597s] -- Install configuration: ""
[0.597s] -- Execute custom install script
[0.597s] -- Up-to-date symlink: /home/jozef/ros2_ws/install/mrpt_reactivenav2d/lib/mrpt_reactivenav2d/mrpt_reactivenav2d_node
[0.597s] -- Up-to-date symlink: /home/jozef/ros2_ws/install/mrpt_reactivenav2d/share/mrpt_reactivenav2d/launch/rnav.launch.py
[0.597s] -- Up-to-date symlink: /home/jozef/ros2_ws/install/mrpt_reactivenav2d/share/mrpt_reactivenav2d/params/reactive2d_default.ini
[0.598s] -- Up-to-date symlink: /home/jozef/ros2_ws/install/mrpt_reactivenav2d/share/ament_index/resource_index/package_run_dependencies/mrpt_reactivenav2d
[0.607s] -- Up-to-date symlink: /home/jozef/ros2_ws/install/mrpt_reactivenav2d/share/ament_index/resource_index/parent_prefix_path/mrpt_reactivenav2d
[0.608s] -- Up-to-date symlink: /home/jozef/ros2_ws/install/mrpt_reactivenav2d/share/mrpt_reactivenav2d/environment/ament_prefix_path.sh
[0.608s] -- Up-to-date symlink: /home/jozef/ros2_ws/install/mrpt_reactivenav2d/share/mrpt_reactivenav2d/environment/ament_prefix_path.dsv
[0.608s] -- Up-to-date symlink: /home/jozef/ros2_ws/install/mrpt_reactivenav2d/share/mrpt_reactivenav2d/environment/path.sh
[0.608s] -- Up-to-date symlink: /home/jozef/ros2_ws/install/mrpt_reactivenav2d/share/mrpt_reactivenav2d/environment/path.dsv
[0.608s] -- Up-to-date symlink: /home/jozef/ros2_ws/install/mrpt_reactivenav2d/share/mrpt_reactivenav2d/local_setup.bash
[0.608s] -- Up-to-date symlink: /home/jozef/ros2_ws/install/mrpt_reactivenav2d/share/mrpt_reactivenav2d/local_setup.sh
[0.608s] -- Up-to-date symlink: /home/jozef/ros2_ws/install/mrpt_reactivenav2d/share/mrpt_reactivenav2d/local_setup.zsh
[0.609s] -- Up-to-date symlink: /home/jozef/ros2_ws/install/mrpt_reactivenav2d/share/mrpt_reactivenav2d/local_setup.dsv
[0.609s] -- Symlinking: /home/jozef/ros2_ws/install/mrpt_reactivenav2d/share/mrpt_reactivenav2d/package.dsv
[0.616s] -- Up-to-date symlink: /home/jozef/ros2_ws/install/mrpt_reactivenav2d/share/ament_index/resource_index/packages/mrpt_reactivenav2d
[0.616s] -- Up-to-date symlink: /home/jozef/ros2_ws/install/mrpt_reactivenav2d/share/mrpt_reactivenav2d/cmake/mrpt_reactivenav2dConfig.cmake
[0.617s] -- Up-to-date symlink: /home/jozef/ros2_ws/install/mrpt_reactivenav2d/share/mrpt_reactivenav2d/cmake/mrpt_reactivenav2dConfig-version.cmake
[0.617s] -- Up-to-date symlink: /home/jozef/ros2_ws/install/mrpt_reactivenav2d/share/mrpt_reactivenav2d/package.xml
[0.725s] Invoked command in '/home/jozef/ros2_ws/build/mrpt_reactivenav2d' returned '0': AMENT_PREFIX_PATH=/home/jozef/ros2_ws/install/mrpt_nav_interfaces:/home/jozef/ros2_ws/install/mrpt_msgs:${AMENT_PREFIX_PATH} CMAKE_PREFIX_PATH=/home/jozef/ros2_ws/install/mrpt_nav_interfaces:/opt/ros/humble:/home/jozef/ros2_ws/install/mrpt_msgs LD_LIBRARY_PATH=/home/jozef/ros2_ws/install/mrpt_nav_interfaces/lib:/home/jozef/ros2_ws/install/mrpt_msgs/lib:${LD_LIBRARY_PATH} PYTHONPATH=/home/jozef/ros2_ws/install/mrpt_nav_interfaces/local/lib/python3.10/dist-packages:/home/jozef/ros2_ws/install/mrpt_msgs/local/lib/python3.10/dist-packages:${PYTHONPATH} /usr/bin/cmake --install /home/jozef/ros2_ws/build/mrpt_reactivenav2d
