[0.098s] Invoking command in '/home/jozef/ros2_ws/build/mrpt_tps_astar_planner': CMAKE_PREFIX_PATH=/home/jozef/ros2_ws/install/mrpt_nav_interfaces:/home/jozef/ros2_ws/install/mrpt_msgs:/home/jozef/ros2_ws/install/tb2_slam:/home/jozef/ros2_ws/install/neo_localization2:/home/jozef/ros2_ws/install/mrpt_navigation:/home/jozef/ros2_ws/install/mrpt_tutorials:/home/jozef/ros2_ws/install/mrpt_tps_astar_planner:/home/jozef/ros2_ws/install/mrpt_reactivenav2d:/home/jozef/ros2_ws/install/mrpt_rawlog:/home/jozef/ros2_ws/install/mrpt_pointcloud_pipeline:/home/jozef/ros2_ws/install/mrpt_pf_localization:/home/jozef/ros2_ws/install/mrpt_map_server:/home/jozef/ros2_ws/install/mrpt_msgs_bridge:/home/jozef/ros2_ws/install/tb2_control:/opt/ros/humble LD_LIBRARY_PATH=/home/jozef/ros2_ws/install/mrpt_nav_interfaces/lib:/home/jozef/ros2_ws/install/mrpt_msgs/lib:/home/jozef/ros2_ws/install/neo_localization2/lib:/home/jozef/ros2_ws/install/mrpt_pointcloud_pipeline/lib:/home/jozef/ros2_ws/install/mrpt_pf_localization/lib:/opt/ros/humble/opt/rviz_ogre_vendor/lib:/opt/ros/humble/lib/x86_64-linux-gnu:/opt/ros/humble/lib /usr/bin/cmake --build /home/jozef/ros2_ws/build/mrpt_tps_astar_planner -- -j8 -l8
[0.344s] [35m[1mConsolidate compiler generated dependencies of target mrpt_tps_astar_planner_node[0m
[0.456s] [100%] Built target mrpt_tps_astar_planner_node
[0.518s] Invoked command in '/home/jozef/ros2_ws/build/mrpt_tps_astar_planner' returned '0': CMAKE_PREFIX_PATH=/home/jozef/ros2_ws/install/mrpt_nav_interfaces:/home/jozef/ros2_ws/install/mrpt_msgs:/home/jozef/ros2_ws/install/tb2_slam:/home/jozef/ros2_ws/install/neo_localization2:/home/jozef/ros2_ws/install/mrpt_navigation:/home/jozef/ros2_ws/install/mrpt_tutorials:/home/jozef/ros2_ws/install/mrpt_tps_astar_planner:/home/jozef/ros2_ws/install/mrpt_reactivenav2d:/home/jozef/ros2_ws/install/mrpt_rawlog:/home/jozef/ros2_ws/install/mrpt_pointcloud_pipeline:/home/jozef/ros2_ws/install/mrpt_pf_localization:/home/jozef/ros2_ws/install/mrpt_map_server:/home/jozef/ros2_ws/install/mrpt_msgs_bridge:/home/jozef/ros2_ws/install/tb2_control:/opt/ros/humble LD_LIBRARY_PATH=/home/jozef/ros2_ws/install/mrpt_nav_interfaces/lib:/home/jozef/ros2_ws/install/mrpt_msgs/lib:/home/jozef/ros2_ws/install/neo_localization2/lib:/home/jozef/ros2_ws/install/mrpt_pointcloud_pipeline/lib:/home/jozef/ros2_ws/install/mrpt_pf_localization/lib:/opt/ros/humble/opt/rviz_ogre_vendor/lib:/opt/ros/humble/lib/x86_64-linux-gnu:/opt/ros/humble/lib /usr/bin/cmake --build /home/jozef/ros2_ws/build/mrpt_tps_astar_planner -- -j8 -l8
[0.519s] Invoking command in '/home/jozef/ros2_ws/build/mrpt_tps_astar_planner': CMAKE_PREFIX_PATH=/home/jozef/ros2_ws/install/mrpt_nav_interfaces:/home/jozef/ros2_ws/install/mrpt_msgs:/home/jozef/ros2_ws/install/tb2_slam:/home/jozef/ros2_ws/install/neo_localization2:/home/jozef/ros2_ws/install/mrpt_navigation:/home/jozef/ros2_ws/install/mrpt_tutorials:/home/jozef/ros2_ws/install/mrpt_tps_astar_planner:/home/jozef/ros2_ws/install/mrpt_reactivenav2d:/home/jozef/ros2_ws/install/mrpt_rawlog:/home/jozef/ros2_ws/install/mrpt_pointcloud_pipeline:/home/jozef/ros2_ws/install/mrpt_pf_localization:/home/jozef/ros2_ws/install/mrpt_map_server:/home/jozef/ros2_ws/install/mrpt_msgs_bridge:/home/jozef/ros2_ws/install/tb2_control:/opt/ros/humble LD_LIBRARY_PATH=/home/jozef/ros2_ws/install/mrpt_nav_interfaces/lib:/home/jozef/ros2_ws/install/mrpt_msgs/lib:/home/jozef/ros2_ws/install/neo_localization2/lib:/home/jozef/ros2_ws/install/mrpt_pointcloud_pipeline/lib:/home/jozef/ros2_ws/install/mrpt_pf_localization/lib:/opt/ros/humble/opt/rviz_ogre_vendor/lib:/opt/ros/humble/lib/x86_64-linux-gnu:/opt/ros/humble/lib /usr/bin/cmake --install /home/jozef/ros2_ws/build/mrpt_tps_astar_planner
[0.633s] -- Install configuration: ""
[0.633s] -- Execute custom install script
[0.634s] -- Up-to-date symlink: /home/jozef/ros2_ws/install/mrpt_tps_astar_planner/lib/mrpt_tps_astar_planner/mrpt_tps_astar_planner_node
[0.634s] -- Up-to-date symlink: /home/jozef/ros2_ws/install/mrpt_tps_astar_planner/share/mrpt_tps_astar_planner/launch/tps_astar_planner.launch.py
[0.634s] -- Up-to-date symlink: /home/jozef/ros2_ws/install/mrpt_tps_astar_planner/share/mrpt_tps_astar_planner/configs/ini/barn-pf-localization.ini
[0.634s] -- Up-to-date symlink: /home/jozef/ros2_ws/install/mrpt_tps_astar_planner/share/mrpt_tps_astar_planner/configs/ini/ptgs_jackal.ini
[0.634s] -- Up-to-date symlink: /home/jozef/ros2_ws/install/mrpt_tps_astar_planner/share/mrpt_tps_astar_planner/configs/params/costmap-obstacles.yaml
[0.634s] -- Up-to-date symlink: /home/jozef/ros2_ws/install/mrpt_tps_astar_planner/share/mrpt_tps_astar_planner/configs/params/costmap-prefer-waypoints.yaml
[0.634s] -- Up-to-date symlink: /home/jozef/ros2_ws/install/mrpt_tps_astar_planner/share/mrpt_tps_astar_planner/configs/params/nav-engine-params.yaml
[0.634s] -- Up-to-date symlink: /home/jozef/ros2_ws/install/mrpt_tps_astar_planner/share/mrpt_tps_astar_planner/configs/params/planner-params.yaml
[0.634s] -- Up-to-date symlink: /home/jozef/ros2_ws/install/mrpt_tps_astar_planner/share/ament_index/resource_index/package_run_dependencies/mrpt_tps_astar_planner
[0.635s] -- Up-to-date symlink: /home/jozef/ros2_ws/install/mrpt_tps_astar_planner/share/ament_index/resource_index/parent_prefix_path/mrpt_tps_astar_planner
[0.635s] -- Up-to-date symlink: /home/jozef/ros2_ws/install/mrpt_tps_astar_planner/share/mrpt_tps_astar_planner/environment/ament_prefix_path.sh
[0.635s] -- Up-to-date symlink: /home/jozef/ros2_ws/install/mrpt_tps_astar_planner/share/mrpt_tps_astar_planner/environment/ament_prefix_path.dsv
[0.635s] -- Up-to-date symlink: /home/jozef/ros2_ws/install/mrpt_tps_astar_planner/share/mrpt_tps_astar_planner/environment/path.sh
[0.635s] -- Up-to-date symlink: /home/jozef/ros2_ws/install/mrpt_tps_astar_planner/share/mrpt_tps_astar_planner/environment/path.dsv
[0.635s] -- Up-to-date symlink: /home/jozef/ros2_ws/install/mrpt_tps_astar_planner/share/mrpt_tps_astar_planner/local_setup.bash
[0.635s] -- Up-to-date symlink: /home/jozef/ros2_ws/install/mrpt_tps_astar_planner/share/mrpt_tps_astar_planner/local_setup.sh
[0.635s] -- Up-to-date symlink: /home/jozef/ros2_ws/install/mrpt_tps_astar_planner/share/mrpt_tps_astar_planner/local_setup.zsh
[0.636s] -- Up-to-date symlink: /home/jozef/ros2_ws/install/mrpt_tps_astar_planner/share/mrpt_tps_astar_planner/local_setup.dsv
[0.636s] -- Symlinking: /home/jozef/ros2_ws/install/mrpt_tps_astar_planner/share/mrpt_tps_astar_planner/package.dsv
[0.640s] -- Up-to-date symlink: /home/jozef/ros2_ws/install/mrpt_tps_astar_planner/share/ament_index/resource_index/packages/mrpt_tps_astar_planner
[0.640s] -- Up-to-date symlink: /home/jozef/ros2_ws/install/mrpt_tps_astar_planner/share/mrpt_tps_astar_planner/cmake/mrpt_tps_astar_plannerConfig.cmake
[0.640s] -- Up-to-date symlink: /home/jozef/ros2_ws/install/mrpt_tps_astar_planner/share/mrpt_tps_astar_planner/cmake/mrpt_tps_astar_plannerConfig-version.cmake
[0.640s] -- Up-to-date symlink: /home/jozef/ros2_ws/install/mrpt_tps_astar_planner/share/mrpt_tps_astar_planner/package.xml
[0.692s] Invoked command in '/home/jozef/ros2_ws/build/mrpt_tps_astar_planner' returned '0': CMAKE_PREFIX_PATH=/home/jozef/ros2_ws/install/mrpt_nav_interfaces:/home/jozef/ros2_ws/install/mrpt_msgs:/home/jozef/ros2_ws/install/tb2_slam:/home/jozef/ros2_ws/install/neo_localization2:/home/jozef/ros2_ws/install/mrpt_navigation:/home/jozef/ros2_ws/install/mrpt_tutorials:/home/jozef/ros2_ws/install/mrpt_tps_astar_planner:/home/jozef/ros2_ws/install/mrpt_reactivenav2d:/home/jozef/ros2_ws/install/mrpt_rawlog:/home/jozef/ros2_ws/install/mrpt_pointcloud_pipeline:/home/jozef/ros2_ws/install/mrpt_pf_localization:/home/jozef/ros2_ws/install/mrpt_map_server:/home/jozef/ros2_ws/install/mrpt_msgs_bridge:/home/jozef/ros2_ws/install/tb2_control:/opt/ros/humble LD_LIBRARY_PATH=/home/jozef/ros2_ws/install/mrpt_nav_interfaces/lib:/home/jozef/ros2_ws/install/mrpt_msgs/lib:/home/jozef/ros2_ws/install/neo_localization2/lib:/home/jozef/ros2_ws/install/mrpt_pointcloud_pipeline/lib:/home/jozef/ros2_ws/install/mrpt_pf_localization/lib:/opt/ros/humble/opt/rviz_ogre_vendor/lib:/opt/ros/humble/lib/x86_64-linux-gnu:/opt/ros/humble/lib /usr/bin/cmake --install /home/jozef/ros2_ws/build/mrpt_tps_astar_planner
