[0.132s] Invoking command in '/home/jozef/ros2_ws/build/mrpt_pf_localization': AMENT_PREFIX_PATH=/home/jozef/ros2_ws/install/mrpt_msgs_bridge:/home/jozef/ros2_ws/install/mrpt_tutorials:/home/jozef/ros2_ws/install/mrpt_msgs:${AMENT_PREFIX_PATH} CMAKE_PREFIX_PATH=/home/jozef/ros2_ws/install/mrpt_msgs_bridge:/home/jozef/ros2_ws/install/mrpt_tutorials:/home/jozef/ros2_ws/install/mrpt_msgs:/opt/ros/humble LD_LIBRARY_PATH=/home/jozef/ros2_ws/install/mrpt_msgs/lib:${LD_LIBRARY_PATH} PYTHONPATH=/home/jozef/ros2_ws/install/mrpt_msgs/local/lib/python3.10/dist-packages:${PYTHONPATH} /usr/bin/cmake --build /home/jozef/ros2_ws/build/mrpt_pf_localization -- -j8 -l8
[0.343s] [ 14%] Built target gtest_main
[0.373s] [ 28%] Built target gtest
[0.377s] [ 42%] Built target mrpt_pf_localization_composable
[0.387s] [ 57%] Built target mrpt_pf_localization_core
[0.511s] [ 71%] Built target mrpt_pf_localization_node
[0.515s] [ 85%] Built target mrpt_pf_localization-test
[0.526s] [100%] Built target mrpt_pf_localization_component
[0.940s] Invoked command in '/home/jozef/ros2_ws/build/mrpt_pf_localization' returned '0': AMENT_PREFIX_PATH=/home/jozef/ros2_ws/install/mrpt_msgs_bridge:/home/jozef/ros2_ws/install/mrpt_tutorials:/home/jozef/ros2_ws/install/mrpt_msgs:${AMENT_PREFIX_PATH} CMAKE_PREFIX_PATH=/home/jozef/ros2_ws/install/mrpt_msgs_bridge:/home/jozef/ros2_ws/install/mrpt_tutorials:/home/jozef/ros2_ws/install/mrpt_msgs:/opt/ros/humble LD_LIBRARY_PATH=/home/jozef/ros2_ws/install/mrpt_msgs/lib:${LD_LIBRARY_PATH} PYTHONPATH=/home/jozef/ros2_ws/install/mrpt_msgs/local/lib/python3.10/dist-packages:${PYTHONPATH} /usr/bin/cmake --build /home/jozef/ros2_ws/build/mrpt_pf_localization -- -j8 -l8
[0.944s] Invoking command in '/home/jozef/ros2_ws/build/mrpt_pf_localization': AMENT_PREFIX_PATH=/home/jozef/ros2_ws/install/mrpt_msgs_bridge:/home/jozef/ros2_ws/install/mrpt_tutorials:/home/jozef/ros2_ws/install/mrpt_msgs:${AMENT_PREFIX_PATH} CMAKE_PREFIX_PATH=/home/jozef/ros2_ws/install/mrpt_msgs_bridge:/home/jozef/ros2_ws/install/mrpt_tutorials:/home/jozef/ros2_ws/install/mrpt_msgs:/opt/ros/humble LD_LIBRARY_PATH=/home/jozef/ros2_ws/install/mrpt_msgs/lib:${LD_LIBRARY_PATH} PYTHONPATH=/home/jozef/ros2_ws/install/mrpt_msgs/local/lib/python3.10/dist-packages:${PYTHONPATH} /usr/bin/cmake --install /home/jozef/ros2_ws/build/mrpt_pf_localization
[0.973s] -- Install configuration: ""
[0.975s] -- Execute custom install script
[0.983s] -- Up-to-date symlink: /home/jozef/ros2_ws/install/mrpt_pf_localization/lib/mrpt_pf_localization/mrpt_pf_localization_composable
[0.988s] -- Up-to-date symlink: /home/jozef/ros2_ws/install/mrpt_pf_localization/share/mrpt_pf_localization/launch/localization.launch.py
[0.989s] -- Up-to-date symlink: /home/jozef/ros2_ws/install/mrpt_pf_localization/share/mrpt_pf_localization/params/default-relocalization-pipeline.yaml
[0.989s] -- Up-to-date symlink: /home/jozef/ros2_ws/install/mrpt_pf_localization/share/mrpt_pf_localization/params/default.config.yaml
[0.989s] -- Up-to-date symlink: /home/jozef/ros2_ws/install/mrpt_pf_localization/share/mrpt_pf_localization/params/map-occgrid2d.ini
[0.989s] -- Up-to-date symlink: /home/jozef/ros2_ws/install/mrpt_pf_localization/bin/mrpt_pf_localization-test
[0.990s] -- Up-to-date symlink: /home/jozef/ros2_ws/install/mrpt_pf_localization/share/ament_index/resource_index/package_run_dependencies/mrpt_pf_localization
[0.990s] -- Up-to-date symlink: /home/jozef/ros2_ws/install/mrpt_pf_localization/share/ament_index/resource_index/parent_prefix_path/mrpt_pf_localization
[0.990s] -- Up-to-date symlink: /home/jozef/ros2_ws/install/mrpt_pf_localization/share/mrpt_pf_localization/environment/ament_prefix_path.sh
[0.990s] -- Up-to-date symlink: /home/jozef/ros2_ws/install/mrpt_pf_localization/share/mrpt_pf_localization/environment/ament_prefix_path.dsv
[0.990s] -- Up-to-date symlink: /home/jozef/ros2_ws/install/mrpt_pf_localization/share/mrpt_pf_localization/environment/path.sh
[0.990s] -- Up-to-date symlink: /home/jozef/ros2_ws/install/mrpt_pf_localization/share/mrpt_pf_localization/environment/path.dsv
[1.004s] -- Up-to-date symlink: /home/jozef/ros2_ws/install/mrpt_pf_localization/share/mrpt_pf_localization/local_setup.bash
[1.005s] -- Up-to-date symlink: /home/jozef/ros2_ws/install/mrpt_pf_localization/share/mrpt_pf_localization/local_setup.sh
[1.005s] -- Up-to-date symlink: /home/jozef/ros2_ws/install/mrpt_pf_localization/share/mrpt_pf_localization/local_setup.zsh
[1.005s] -- Up-to-date symlink: /home/jozef/ros2_ws/install/mrpt_pf_localization/share/mrpt_pf_localization/local_setup.dsv
[1.005s] -- Symlinking: /home/jozef/ros2_ws/install/mrpt_pf_localization/share/mrpt_pf_localization/package.dsv
[1.049s] -- Up-to-date symlink: /home/jozef/ros2_ws/install/mrpt_pf_localization/share/ament_index/resource_index/packages/mrpt_pf_localization
[1.049s] -- Up-to-date symlink: /home/jozef/ros2_ws/install/mrpt_pf_localization/share/ament_index/resource_index/rclcpp_components/mrpt_pf_localization
[1.049s] -- Up-to-date symlink: /home/jozef/ros2_ws/install/mrpt_pf_localization/share/mrpt_pf_localization/cmake/ament_cmake_export_targets-extras.cmake
[1.049s] -- Up-to-date symlink: /home/jozef/ros2_ws/install/mrpt_pf_localization/share/mrpt_pf_localization/cmake/mrpt_pf_localizationConfig.cmake
[1.049s] -- Up-to-date symlink: /home/jozef/ros2_ws/install/mrpt_pf_localization/share/mrpt_pf_localization/cmake/mrpt_pf_localizationConfig-version.cmake
[1.049s] -- Up-to-date symlink: /home/jozef/ros2_ws/install/mrpt_pf_localization/share/mrpt_pf_localization/package.xml
[1.049s] -- Up-to-date: /home/jozef/ros2_ws/install/mrpt_pf_localization/lib/libmrpt_pf_localization_component.so
[1.050s] -- Up-to-date: /home/jozef/ros2_ws/install/mrpt_pf_localization/lib/libmrpt_pf_localization_core.so
[1.050s] -- Up-to-date: /home/jozef/ros2_ws/install/mrpt_pf_localization/lib/mrpt_pf_localization/mrpt_pf_localization_node
[1.051s] -- Up-to-date: /home/jozef/ros2_ws/install/mrpt_pf_localization/share/mrpt_pf_localization/cmake/export_mrpt_pf_localizationExport.cmake
[1.051s] -- Up-to-date: /home/jozef/ros2_ws/install/mrpt_pf_localization/share/mrpt_pf_localization/cmake/export_mrpt_pf_localizationExport-noconfig.cmake
[1.072s] Invoked command in '/home/jozef/ros2_ws/build/mrpt_pf_localization' returned '0': AMENT_PREFIX_PATH=/home/jozef/ros2_ws/install/mrpt_msgs_bridge:/home/jozef/ros2_ws/install/mrpt_tutorials:/home/jozef/ros2_ws/install/mrpt_msgs:${AMENT_PREFIX_PATH} CMAKE_PREFIX_PATH=/home/jozef/ros2_ws/install/mrpt_msgs_bridge:/home/jozef/ros2_ws/install/mrpt_tutorials:/home/jozef/ros2_ws/install/mrpt_msgs:/opt/ros/humble LD_LIBRARY_PATH=/home/jozef/ros2_ws/install/mrpt_msgs/lib:${LD_LIBRARY_PATH} PYTHONPATH=/home/jozef/ros2_ws/install/mrpt_msgs/local/lib/python3.10/dist-packages:${PYTHONPATH} /usr/bin/cmake --install /home/jozef/ros2_ws/build/mrpt_pf_localization
