[0.065s] Invoking command in '/home/jozef/ros2_ws/build/mrpt_msgs': CMAKE_PREFIX_PATH=/opt/ros/humble /usr/bin/cmake --build /home/jozef/ros2_ws/build/mrpt_msgs -- -j8 -l8
[0.279s] [  0%] Built target mrpt_msgs__cpp
[0.281s] [  0%] Built target ament_cmake_python_symlink_mrpt_msgs
[0.332s] [  1%] [34m[1mGenerating C++ type support for eProsima Fast-RTPS[0m
[0.340s] [  1%] [32mBuilding C object CMakeFiles/mrpt_msgs__rosidl_generator_c.dir/rosidl_generator_c/mrpt_msgs/msg/detail/graph_constraint__functions.c.o[0m
[0.353s] [  2%] [32mBuilding C object CMakeFiles/mrpt_msgs__rosidl_generator_c.dir/rosidl_generator_c/mrpt_msgs/msg/detail/graph_slam_agent__functions.c.o[0m
[0.356s] [  3%] [34m[1mGenerating C++ type support dispatch for ROS interfaces[0m
[0.362s] [  4%] [32mBuilding C object CMakeFiles/mrpt_msgs__rosidl_generator_c.dir/rosidl_generator_c/mrpt_msgs/msg/detail/graph_slam_stats__functions.c.o[0m
[0.363s] [  5%] [32mBuilding C object CMakeFiles/mrpt_msgs__rosidl_generator_c.dir/rosidl_generator_c/mrpt_msgs/msg/detail/generic_observation__functions.c.o[0m
[0.376s] [  5%] [34m[1mGenerating C++ introspection for ROS interfaces[0m
[0.938s] [  5%] [32mBuilding C object CMakeFiles/mrpt_msgs__rosidl_generator_c.dir/rosidl_generator_c/mrpt_msgs/msg/detail/observation_object__functions.c.o[0m
[0.951s] [  5%] [32mBuilding C object CMakeFiles/mrpt_msgs__rosidl_generator_c.dir/rosidl_generator_c/mrpt_msgs/msg/detail/observation_range_bearing__functions.c.o[0m
[0.979s] [  6%] [32mBuilding C object CMakeFiles/mrpt_msgs__rosidl_generator_c.dir/rosidl_generator_c/mrpt_msgs/msg/detail/observation_range_beacon__functions.c.o[0m
[0.989s] [  7%] [32mBuilding C object CMakeFiles/mrpt_msgs__rosidl_generator_c.dir/rosidl_generator_c/mrpt_msgs/msg/detail/waypoint_sequence__functions.c.o[0m
[1.115s] [  7%] [32mBuilding C object CMakeFiles/mrpt_msgs__rosidl_generator_c.dir/rosidl_generator_c/mrpt_msgs/msg/detail/generic_object__functions.c.o[0m
[1.187s] [  8%] [32mBuilding C object CMakeFiles/mrpt_msgs__rosidl_generator_c.dir/rosidl_generator_c/mrpt_msgs/msg/detail/graph_slam_agents__functions.c.o[0m
[1.216s] [  9%] [32mBuilding C object CMakeFiles/mrpt_msgs__rosidl_generator_c.dir/rosidl_generator_c/mrpt_msgs/msg/detail/network_of_poses__functions.c.o[0m
[1.372s] [  9%] [32mBuilding C object CMakeFiles/mrpt_msgs__rosidl_generator_c.dir/rosidl_generator_c/mrpt_msgs/msg/detail/node_id_with_laser_scan__functions.c.o[0m
[1.404s] [ 10%] [32mBuilding C object CMakeFiles/mrpt_msgs__rosidl_generator_c.dir/rosidl_generator_c/mrpt_msgs/msg/detail/node_id_with_pose__functions.c.o[0m
[1.460s] [ 10%] [32mBuilding C object CMakeFiles/mrpt_msgs__rosidl_generator_c.dir/rosidl_generator_c/mrpt_msgs/msg/detail/node_id_with_pose_vec__functions.c.o[0m
[1.485s] [ 11%] [32mBuilding C object CMakeFiles/mrpt_msgs__rosidl_generator_c.dir/rosidl_generator_c/mrpt_msgs/msg/detail/single_object_observation__functions.c.o[0m
[1.623s] [ 11%] [32mBuilding C object CMakeFiles/mrpt_msgs__rosidl_generator_c.dir/rosidl_generator_c/mrpt_msgs/msg/detail/single_range_beacon_observation__functions.c.o[0m
[1.641s] [ 12%] [32mBuilding C object CMakeFiles/mrpt_msgs__rosidl_generator_c.dir/rosidl_generator_c/mrpt_msgs/msg/detail/single_range_bearing_observation__functions.c.o[0m
[1.758s] [ 13%] [32mBuilding C object CMakeFiles/mrpt_msgs__rosidl_generator_c.dir/rosidl_generator_c/mrpt_msgs/msg/detail/waypoint__functions.c.o[0m
[1.807s] [ 13%] [32mBuilding C object CMakeFiles/mrpt_msgs__rosidl_generator_c.dir/rosidl_generator_c/mrpt_msgs/srv/detail/get_cm_graph__functions.c.o[0m
[1.931s] running egg_info
[1.999s] writing mrpt_msgs.egg-info/PKG-INFO
[2.000s] writing dependency_links to mrpt_msgs.egg-info/dependency_links.txt
[2.002s] writing top-level names to mrpt_msgs.egg-info/top_level.txt
[2.032s] [ 14%] [32m[1mLinking C shared library libmrpt_msgs__rosidl_generator_c.so[0m
[2.165s] reading manifest file 'mrpt_msgs.egg-info/SOURCES.txt'
[2.167s] writing manifest file 'mrpt_msgs.egg-info/SOURCES.txt'
[2.291s] [ 14%] Built target ament_cmake_python_build_mrpt_msgs_egg
[2.306s] [ 14%] Built target mrpt_msgs__rosidl_generator_c
[2.357s] [ 15%] [34m[1mGenerating C type support for eProsima Fast-RTPS[0m
[2.378s] [ 16%] [34m[1mGenerating C type support dispatch for ROS interfaces[0m
[2.388s] [ 17%] [34m[1mGenerating C introspection for ROS interfaces[0m
[7.514s] [ 17%] [32mBuilding CXX object CMakeFiles/mrpt_msgs__rosidl_typesupport_cpp.dir/rosidl_typesupport_cpp/mrpt_msgs/msg/generic_observation__type_support.cpp.o[0m
[7.534s] [ 18%] [32mBuilding CXX object CMakeFiles/mrpt_msgs__rosidl_typesupport_cpp.dir/rosidl_typesupport_cpp/mrpt_msgs/msg/graph_constraint__type_support.cpp.o[0m
[7.550s] [ 19%] [32mBuilding CXX object CMakeFiles/mrpt_msgs__rosidl_typesupport_cpp.dir/rosidl_typesupport_cpp/mrpt_msgs/msg/graph_slam_agent__type_support.cpp.o[0m
[8.629s] [ 19%] [32mBuilding CXX object CMakeFiles/mrpt_msgs__rosidl_typesupport_cpp.dir/rosidl_typesupport_cpp/mrpt_msgs/msg/graph_slam_stats__type_support.cpp.o[0m
[8.729s] [ 19%] [32mBuilding CXX object CMakeFiles/mrpt_msgs__rosidl_typesupport_c.dir/rosidl_typesupport_c/mrpt_msgs/msg/generic_observation__type_support.cpp.o[0m
[8.743s] [ 20%] [32mBuilding CXX object CMakeFiles/mrpt_msgs__rosidl_typesupport_c.dir/rosidl_typesupport_c/mrpt_msgs/msg/graph_constraint__type_support.cpp.o[0m
[8.887s] [ 21%] [32mBuilding CXX object CMakeFiles/mrpt_msgs__rosidl_typesupport_cpp.dir/rosidl_typesupport_cpp/mrpt_msgs/msg/observation_object__type_support.cpp.o[0m
[8.918s] [ 21%] [32mBuilding CXX object CMakeFiles/mrpt_msgs__rosidl_typesupport_c.dir/rosidl_typesupport_c/mrpt_msgs/msg/graph_slam_agent__type_support.cpp.o[0m
[9.044s] [ 22%] [32mBuilding CXX object CMakeFiles/mrpt_msgs__rosidl_typesupport_c.dir/rosidl_typesupport_c/mrpt_msgs/msg/graph_slam_stats__type_support.cpp.o[0m
[9.144s] [ 22%] [32mBuilding CXX object CMakeFiles/mrpt_msgs__rosidl_typesupport_cpp.dir/rosidl_typesupport_cpp/mrpt_msgs/msg/observation_range_beacon__type_support.cpp.o[0m
[9.208s] [ 23%] [32mBuilding CXX object CMakeFiles/mrpt_msgs__rosidl_typesupport_c.dir/rosidl_typesupport_c/mrpt_msgs/msg/observation_object__type_support.cpp.o[0m
[9.389s] [ 23%] [32mBuilding CXX object CMakeFiles/mrpt_msgs__rosidl_typesupport_c.dir/rosidl_typesupport_c/mrpt_msgs/msg/observation_range_beacon__type_support.cpp.o[0m
[9.542s] [ 24%] [32mBuilding CXX object CMakeFiles/mrpt_msgs__rosidl_typesupport_c.dir/rosidl_typesupport_c/mrpt_msgs/msg/observation_range_bearing__type_support.cpp.o[0m
[9.681s] [ 25%] [32mBuilding CXX object CMakeFiles/mrpt_msgs__rosidl_typesupport_introspection_cpp.dir/rosidl_typesupport_introspection_cpp/mrpt_msgs/msg/detail/generic_observation__type_support.cpp.o[0m
[9.682s] [ 25%] [32mBuilding CXX object CMakeFiles/mrpt_msgs__rosidl_typesupport_c.dir/rosidl_typesupport_c/mrpt_msgs/msg/waypoint_sequence__type_support.cpp.o[0m
[9.831s] [ 26%] [32mBuilding CXX object CMakeFiles/mrpt_msgs__rosidl_typesupport_c.dir/rosidl_typesupport_c/mrpt_msgs/msg/generic_object__type_support.cpp.o[0m
[9.914s] [ 27%] [32mBuilding CXX object CMakeFiles/mrpt_msgs__rosidl_typesupport_cpp.dir/rosidl_typesupport_cpp/mrpt_msgs/msg/observation_range_bearing__type_support.cpp.o[0m
[9.983s] [ 27%] [32mBuilding CXX object CMakeFiles/mrpt_msgs__rosidl_typesupport_c.dir/rosidl_typesupport_c/mrpt_msgs/msg/graph_slam_agents__type_support.cpp.o[0m
[10.137s] [ 28%] [32mBuilding CXX object CMakeFiles/mrpt_msgs__rosidl_typesupport_c.dir/rosidl_typesupport_c/mrpt_msgs/msg/network_of_poses__type_support.cpp.o[0m
[10.221s] [ 28%] [32mBuilding CXX object CMakeFiles/mrpt_msgs__rosidl_typesupport_introspection_cpp.dir/rosidl_typesupport_introspection_cpp/mrpt_msgs/msg/detail/graph_constraint__type_support.cpp.o[0m
[10.255s] [ 28%] [32mBuilding CXX object CMakeFiles/mrpt_msgs__rosidl_typesupport_cpp.dir/rosidl_typesupport_cpp/mrpt_msgs/msg/waypoint_sequence__type_support.cpp.o[0m
[10.298s] [ 29%] [32mBuilding CXX object CMakeFiles/mrpt_msgs__rosidl_typesupport_fastrtps_cpp.dir/rosidl_typesupport_fastrtps_cpp/mrpt_msgs/msg/detail/dds_fastrtps/generic_observation__type_support.cpp.o[0m
[10.337s] [ 30%] [32mBuilding CXX object CMakeFiles/mrpt_msgs__rosidl_typesupport_c.dir/rosidl_typesupport_c/mrpt_msgs/msg/node_id_with_laser_scan__type_support.cpp.o[0m
[10.490s] [ 30%] [32mBuilding CXX object CMakeFiles/mrpt_msgs__rosidl_typesupport_c.dir/rosidl_typesupport_c/mrpt_msgs/msg/node_id_with_pose__type_support.cpp.o[0m
[10.668s] [ 31%] [32mBuilding CXX object CMakeFiles/mrpt_msgs__rosidl_typesupport_c.dir/rosidl_typesupport_c/mrpt_msgs/msg/node_id_with_pose_vec__type_support.cpp.o[0m
[10.813s] [ 31%] [32mBuilding CXX object CMakeFiles/mrpt_msgs__rosidl_typesupport_c.dir/rosidl_typesupport_c/mrpt_msgs/msg/single_object_observation__type_support.cpp.o[0m
[10.923s] [ 31%] [32mBuilding CXX object CMakeFiles/mrpt_msgs__rosidl_typesupport_fastrtps_cpp.dir/rosidl_typesupport_fastrtps_cpp/mrpt_msgs/msg/detail/dds_fastrtps/graph_constraint__type_support.cpp.o[0m
[10.969s] [ 32%] [32mBuilding CXX object CMakeFiles/mrpt_msgs__rosidl_typesupport_c.dir/rosidl_typesupport_c/mrpt_msgs/msg/single_range_beacon_observation__type_support.cpp.o[0m
[11.041s] [ 32%] [32mBuilding CXX object CMakeFiles/mrpt_msgs__rosidl_typesupport_c.dir/rosidl_typesupport_c/mrpt_msgs/msg/single_range_bearing_observation__type_support.cpp.o[0m
[11.191s] [ 33%] [32mBuilding CXX object CMakeFiles/mrpt_msgs__rosidl_typesupport_c.dir/rosidl_typesupport_c/mrpt_msgs/msg/waypoint__type_support.cpp.o[0m
[11.352s] [ 34%] [32mBuilding CXX object CMakeFiles/mrpt_msgs__rosidl_typesupport_c.dir/rosidl_typesupport_c/mrpt_msgs/srv/get_cm_graph__type_support.cpp.o[0m
[11.527s] [ 34%] [32m[1mLinking CXX shared library libmrpt_msgs__rosidl_typesupport_c.so[0m
[11.772s] [ 34%] [32mBuilding CXX object CMakeFiles/mrpt_msgs__rosidl_typesupport_fastrtps_c.dir/rosidl_typesupport_fastrtps_c/mrpt_msgs/msg/detail/generic_observation__type_support_c.cpp.o[0m
[11.772s] [ 35%] [32mBuilding CXX object CMakeFiles/mrpt_msgs__rosidl_typesupport_cpp.dir/rosidl_typesupport_cpp/mrpt_msgs/msg/generic_object__type_support.cpp.o[0m
[11.781s] [ 36%] [32mBuilding CXX object CMakeFiles/mrpt_msgs__rosidl_typesupport_fastrtps_c.dir/rosidl_typesupport_fastrtps_c/mrpt_msgs/msg/detail/graph_constraint__type_support_c.cpp.o[0m
[11.812s] [ 36%] Built target mrpt_msgs__rosidl_typesupport_c
[11.862s] [ 37%] [32mBuilding CXX object CMakeFiles/mrpt_msgs__rosidl_typesupport_fastrtps_cpp.dir/rosidl_typesupport_fastrtps_cpp/mrpt_msgs/msg/detail/dds_fastrtps/graph_slam_agent__type_support.cpp.o[0m
[11.882s] [ 38%] [32mBuilding C object CMakeFiles/mrpt_msgs__rosidl_typesupport_introspection_c.dir/rosidl_typesupport_introspection_c/mrpt_msgs/msg/detail/generic_observation__type_support.c.o[0m
[12.085s] [ 38%] [32mBuilding C object CMakeFiles/mrpt_msgs__rosidl_typesupport_introspection_c.dir/rosidl_typesupport_introspection_c/mrpt_msgs/msg/detail/graph_constraint__type_support.c.o[0m
[12.165s] [ 39%] [32mBuilding CXX object CMakeFiles/mrpt_msgs__rosidl_typesupport_introspection_cpp.dir/rosidl_typesupport_introspection_cpp/mrpt_msgs/msg/detail/graph_slam_agent__type_support.cpp.o[0m
[12.255s] [ 40%] [32mBuilding C object CMakeFiles/mrpt_msgs__rosidl_typesupport_introspection_c.dir/rosidl_typesupport_introspection_c/mrpt_msgs/msg/detail/graph_slam_agent__type_support.c.o[0m
[12.307s] [ 41%] [32mBuilding CXX object CMakeFiles/mrpt_msgs__rosidl_typesupport_cpp.dir/rosidl_typesupport_cpp/mrpt_msgs/msg/graph_slam_agents__type_support.cpp.o[0m
[12.413s] [ 41%] [32mBuilding C object CMakeFiles/mrpt_msgs__rosidl_typesupport_introspection_c.dir/rosidl_typesupport_introspection_c/mrpt_msgs/msg/detail/graph_slam_stats__type_support.c.o[0m
[12.578s] [ 42%] [32mBuilding C object CMakeFiles/mrpt_msgs__rosidl_typesupport_introspection_c.dir/rosidl_typesupport_introspection_c/mrpt_msgs/msg/detail/observation_object__type_support.c.o[0m
[12.806s] [ 42%] [32mBuilding C object CMakeFiles/mrpt_msgs__rosidl_typesupport_introspection_c.dir/rosidl_typesupport_introspection_c/mrpt_msgs/msg/detail/observation_range_beacon__type_support.c.o[0m
[13.032s] [ 43%] [32mBuilding CXX object CMakeFiles/mrpt_msgs__rosidl_typesupport_fastrtps_c.dir/rosidl_typesupport_fastrtps_c/mrpt_msgs/msg/detail/graph_slam_agent__type_support_c.cpp.o[0m
[13.032s] [ 44%] [32mBuilding C object CMakeFiles/mrpt_msgs__rosidl_typesupport_introspection_c.dir/rosidl_typesupport_introspection_c/mrpt_msgs/msg/detail/observation_range_bearing__type_support.c.o[0m
[13.104s] [ 44%] [32mBuilding CXX object CMakeFiles/mrpt_msgs__rosidl_typesupport_cpp.dir/rosidl_typesupport_cpp/mrpt_msgs/msg/network_of_poses__type_support.cpp.o[0m
[13.212s] [ 45%] [32mBuilding C object CMakeFiles/mrpt_msgs__rosidl_typesupport_introspection_c.dir/rosidl_typesupport_introspection_c/mrpt_msgs/msg/detail/waypoint_sequence__type_support.c.o[0m
[13.226s] [ 45%] [32mBuilding CXX object CMakeFiles/mrpt_msgs__rosidl_typesupport_introspection_cpp.dir/rosidl_typesupport_introspection_cpp/mrpt_msgs/msg/detail/graph_slam_stats__type_support.cpp.o[0m
[13.384s] [ 45%] [32mBuilding C object CMakeFiles/mrpt_msgs__rosidl_typesupport_introspection_c.dir/rosidl_typesupport_introspection_c/mrpt_msgs/msg/detail/generic_object__type_support.c.o[0m
[13.572s] [ 46%] [32mBuilding C object CMakeFiles/mrpt_msgs__rosidl_typesupport_introspection_c.dir/rosidl_typesupport_introspection_c/mrpt_msgs/msg/detail/graph_slam_agents__type_support.c.o[0m
[13.707s] [ 46%] [32mBuilding CXX object CMakeFiles/mrpt_msgs__rosidl_typesupport_fastrtps_cpp.dir/rosidl_typesupport_fastrtps_cpp/mrpt_msgs/msg/detail/dds_fastrtps/graph_slam_stats__type_support.cpp.o[0m
[13.713s] [ 47%] [32mBuilding CXX object CMakeFiles/mrpt_msgs__rosidl_typesupport_fastrtps_cpp.dir/rosidl_typesupport_fastrtps_cpp/mrpt_msgs/msg/detail/dds_fastrtps/observation_object__type_support.cpp.o[0m
[13.785s] [ 47%] [32mBuilding C object CMakeFiles/mrpt_msgs__rosidl_typesupport_introspection_c.dir/rosidl_typesupport_introspection_c/mrpt_msgs/msg/detail/network_of_poses__type_support.c.o[0m
[13.812s] [ 48%] [32mBuilding CXX object CMakeFiles/mrpt_msgs__rosidl_typesupport_cpp.dir/rosidl_typesupport_cpp/mrpt_msgs/msg/node_id_with_laser_scan__type_support.cpp.o[0m
[13.955s] [ 49%] [32mBuilding C object CMakeFiles/mrpt_msgs__rosidl_typesupport_introspection_c.dir/rosidl_typesupport_introspection_c/mrpt_msgs/msg/detail/node_id_with_laser_scan__type_support.c.o[0m
[14.123s] [ 49%] [32mBuilding CXX object CMakeFiles/mrpt_msgs__rosidl_typesupport_fastrtps_c.dir/rosidl_typesupport_fastrtps_c/mrpt_msgs/msg/detail/graph_slam_stats__type_support_c.cpp.o[0m
[14.167s] [ 49%] [32mBuilding C object CMakeFiles/mrpt_msgs__rosidl_typesupport_introspection_c.dir/rosidl_typesupport_introspection_c/mrpt_msgs/msg/detail/node_id_with_pose__type_support.c.o[0m
[14.308s] [ 50%] [32mBuilding CXX object CMakeFiles/mrpt_msgs__rosidl_typesupport_fastrtps_c.dir/rosidl_typesupport_fastrtps_c/mrpt_msgs/msg/detail/observation_object__type_support_c.cpp.o[0m
[14.317s] [ 50%] [32mBuilding CXX object CMakeFiles/mrpt_msgs__rosidl_typesupport_fastrtps_c.dir/rosidl_typesupport_fastrtps_c/mrpt_msgs/msg/detail/observation_range_beacon__type_support_c.cpp.o[0m
[14.395s] [ 51%] [32mBuilding C object CMakeFiles/mrpt_msgs__rosidl_typesupport_introspection_c.dir/rosidl_typesupport_introspection_c/mrpt_msgs/msg/detail/node_id_with_pose_vec__type_support.c.o[0m
[14.639s] [ 52%] [32mBuilding C object CMakeFiles/mrpt_msgs__rosidl_typesupport_introspection_c.dir/rosidl_typesupport_introspection_c/mrpt_msgs/msg/detail/single_object_observation__type_support.c.o[0m
[14.879s] [ 52%] [32mBuilding C object CMakeFiles/mrpt_msgs__rosidl_typesupport_introspection_c.dir/rosidl_typesupport_introspection_c/mrpt_msgs/msg/detail/single_range_beacon_observation__type_support.c.o[0m
[15.036s] [ 53%] [32mBuilding C object CMakeFiles/mrpt_msgs__rosidl_typesupport_introspection_c.dir/rosidl_typesupport_introspection_c/mrpt_msgs/msg/detail/single_range_bearing_observation__type_support.c.o[0m
[15.062s] [ 54%] [32mBuilding CXX object CMakeFiles/mrpt_msgs__rosidl_typesupport_introspection_cpp.dir/rosidl_typesupport_introspection_cpp/mrpt_msgs/msg/detail/observation_object__type_support.cpp.o[0m
[15.190s] [ 54%] [32mBuilding CXX object CMakeFiles/mrpt_msgs__rosidl_typesupport_cpp.dir/rosidl_typesupport_cpp/mrpt_msgs/msg/node_id_with_pose__type_support.cpp.o[0m
[15.198s] [ 54%] [32mBuilding C object CMakeFiles/mrpt_msgs__rosidl_typesupport_introspection_c.dir/rosidl_typesupport_introspection_c/mrpt_msgs/msg/detail/waypoint__type_support.c.o[0m
[15.323s] [ 55%] [32mBuilding C object CMakeFiles/mrpt_msgs__rosidl_typesupport_introspection_c.dir/rosidl_typesupport_introspection_c/mrpt_msgs/srv/detail/get_cm_graph__type_support.c.o[0m
[15.471s] [ 55%] [32mBuilding CXX object CMakeFiles/mrpt_msgs__rosidl_typesupport_fastrtps_cpp.dir/rosidl_typesupport_fastrtps_cpp/mrpt_msgs/msg/detail/dds_fastrtps/observation_range_beacon__type_support.cpp.o[0m
[15.542s] [ 55%] [32m[1mLinking C shared library libmrpt_msgs__rosidl_typesupport_introspection_c.so[0m
[15.570s] [ 56%] [32mBuilding CXX object CMakeFiles/mrpt_msgs__rosidl_typesupport_introspection_cpp.dir/rosidl_typesupport_introspection_cpp/mrpt_msgs/msg/detail/observation_range_beacon__type_support.cpp.o[0m
[15.734s] [ 56%] Built target mrpt_msgs__rosidl_typesupport_introspection_c
[15.777s] [ 57%] [32mBuilding CXX object CMakeFiles/mrpt_msgs__rosidl_typesupport_fastrtps_cpp.dir/rosidl_typesupport_fastrtps_cpp/mrpt_msgs/msg/detail/dds_fastrtps/observation_range_bearing__type_support.cpp.o[0m
[15.809s] [ 58%] [32mBuilding CXX object CMakeFiles/mrpt_msgs__rosidl_typesupport_cpp.dir/rosidl_typesupport_cpp/mrpt_msgs/msg/node_id_with_pose_vec__type_support.cpp.o[0m
[16.091s] [ 59%] [32mBuilding CXX object CMakeFiles/mrpt_msgs__rosidl_typesupport_fastrtps_cpp.dir/rosidl_typesupport_fastrtps_cpp/mrpt_msgs/msg/detail/dds_fastrtps/waypoint_sequence__type_support.cpp.o[0m
[16.198s] [ 60%] [32mBuilding CXX object CMakeFiles/mrpt_msgs__rosidl_typesupport_fastrtps_c.dir/rosidl_typesupport_fastrtps_c/mrpt_msgs/msg/detail/observation_range_bearing__type_support_c.cpp.o[0m
[16.556s] [ 60%] [32mBuilding CXX object CMakeFiles/mrpt_msgs__rosidl_typesupport_cpp.dir/rosidl_typesupport_cpp/mrpt_msgs/msg/single_object_observation__type_support.cpp.o[0m
[17.174s] [ 60%] [32mBuilding CXX object CMakeFiles/mrpt_msgs__rosidl_typesupport_fastrtps_cpp.dir/rosidl_typesupport_fastrtps_cpp/mrpt_msgs/msg/detail/dds_fastrtps/generic_object__type_support.cpp.o[0m
[17.553s] [ 60%] [32mBuilding CXX object CMakeFiles/mrpt_msgs__rosidl_typesupport_fastrtps_c.dir/rosidl_typesupport_fastrtps_c/mrpt_msgs/msg/detail/waypoint_sequence__type_support_c.cpp.o[0m
[17.995s] [ 61%] [32mBuilding CXX object CMakeFiles/mrpt_msgs__rosidl_typesupport_fastrtps_cpp.dir/rosidl_typesupport_fastrtps_cpp/mrpt_msgs/msg/detail/dds_fastrtps/graph_slam_agents__type_support.cpp.o[0m
[18.303s] [ 62%] [32mBuilding CXX object CMakeFiles/mrpt_msgs__rosidl_typesupport_fastrtps_c.dir/rosidl_typesupport_fastrtps_c/mrpt_msgs/msg/detail/generic_object__type_support_c.cpp.o[0m
[18.308s] [ 62%] [32mBuilding CXX object CMakeFiles/mrpt_msgs__rosidl_typesupport_introspection_cpp.dir/rosidl_typesupport_introspection_cpp/mrpt_msgs/msg/detail/observation_range_bearing__type_support.cpp.o[0m
[18.371s] [ 63%] [32mBuilding CXX object CMakeFiles/mrpt_msgs__rosidl_typesupport_cpp.dir/rosidl_typesupport_cpp/mrpt_msgs/msg/single_range_beacon_observation__type_support.cpp.o[0m
[18.813s] [ 63%] [32mBuilding CXX object CMakeFiles/mrpt_msgs__rosidl_typesupport_fastrtps_cpp.dir/rosidl_typesupport_fastrtps_cpp/mrpt_msgs/msg/detail/dds_fastrtps/network_of_poses__type_support.cpp.o[0m
[19.569s] [ 64%] [32mBuilding CXX object CMakeFiles/mrpt_msgs__rosidl_typesupport_fastrtps_cpp.dir/rosidl_typesupport_fastrtps_cpp/mrpt_msgs/msg/detail/dds_fastrtps/node_id_with_laser_scan__type_support.cpp.o[0m
[19.811s] [ 65%] [32mBuilding CXX object CMakeFiles/mrpt_msgs__rosidl_typesupport_fastrtps_c.dir/rosidl_typesupport_fastrtps_c/mrpt_msgs/msg/detail/graph_slam_agents__type_support_c.cpp.o[0m
[20.453s] [ 65%] [32mBuilding CXX object CMakeFiles/mrpt_msgs__rosidl_typesupport_fastrtps_cpp.dir/rosidl_typesupport_fastrtps_cpp/mrpt_msgs/msg/detail/dds_fastrtps/node_id_with_pose__type_support.cpp.o[0m
[20.478s] [ 66%] [32mBuilding CXX object CMakeFiles/mrpt_msgs__rosidl_typesupport_cpp.dir/rosidl_typesupport_cpp/mrpt_msgs/msg/single_range_bearing_observation__type_support.cpp.o[0m
[21.006s] [ 67%] [32mBuilding CXX object CMakeFiles/mrpt_msgs__rosidl_typesupport_introspection_cpp.dir/rosidl_typesupport_introspection_cpp/mrpt_msgs/msg/detail/waypoint_sequence__type_support.cpp.o[0m
[21.029s] [ 68%] [32mBuilding CXX object CMakeFiles/mrpt_msgs__rosidl_typesupport_fastrtps_cpp.dir/rosidl_typesupport_fastrtps_cpp/mrpt_msgs/msg/detail/dds_fastrtps/node_id_with_pose_vec__type_support.cpp.o[0m
[21.207s] [ 68%] [32mBuilding CXX object CMakeFiles/mrpt_msgs__rosidl_typesupport_introspection_cpp.dir/rosidl_typesupport_introspection_cpp/mrpt_msgs/msg/detail/generic_object__type_support.cpp.o[0m
[21.978s] [ 68%] [32mBuilding CXX object CMakeFiles/mrpt_msgs__rosidl_typesupport_cpp.dir/rosidl_typesupport_cpp/mrpt_msgs/msg/waypoint__type_support.cpp.o[0m
[22.174s] [ 68%] [32mBuilding CXX object CMakeFiles/mrpt_msgs__rosidl_typesupport_fastrtps_c.dir/rosidl_typesupport_fastrtps_c/mrpt_msgs/msg/detail/network_of_poses__type_support_c.cpp.o[0m
[22.182s] [ 69%] [32mBuilding CXX object CMakeFiles/mrpt_msgs__rosidl_typesupport_introspection_cpp.dir/rosidl_typesupport_introspection_cpp/mrpt_msgs/msg/detail/graph_slam_agents__type_support.cpp.o[0m
[22.216s] [ 70%] [32mBuilding CXX object CMakeFiles/mrpt_msgs__rosidl_typesupport_cpp.dir/rosidl_typesupport_cpp/mrpt_msgs/srv/get_cm_graph__type_support.cpp.o[0m
[23.644s] [ 70%] [32m[1mLinking CXX shared library libmrpt_msgs__rosidl_typesupport_cpp.so[0m
[23.715s] [ 71%] [32mBuilding CXX object CMakeFiles/mrpt_msgs__rosidl_typesupport_fastrtps_cpp.dir/rosidl_typesupport_fastrtps_cpp/mrpt_msgs/msg/detail/dds_fastrtps/single_object_observation__type_support.cpp.o[0m
[23.882s] [ 72%] [32mBuilding CXX object CMakeFiles/mrpt_msgs__rosidl_typesupport_fastrtps_c.dir/rosidl_typesupport_fastrtps_c/mrpt_msgs/msg/detail/node_id_with_laser_scan__type_support_c.cpp.o[0m
[23.966s] [ 72%] Built target mrpt_msgs__rosidl_typesupport_cpp
[24.901s] [ 72%] [32mBuilding CXX object CMakeFiles/mrpt_msgs__rosidl_typesupport_introspection_cpp.dir/rosidl_typesupport_introspection_cpp/mrpt_msgs/msg/detail/node_id_with_pose_vec__type_support.cpp.o[0m
[25.118s] [ 72%] [32mBuilding CXX object CMakeFiles/mrpt_msgs__rosidl_typesupport_fastrtps_c.dir/rosidl_typesupport_fastrtps_c/mrpt_msgs/msg/detail/node_id_with_pose__type_support_c.cpp.o[0m
[25.198s] [ 72%] [32mBuilding CXX object CMakeFiles/mrpt_msgs__rosidl_typesupport_fastrtps_cpp.dir/rosidl_typesupport_fastrtps_cpp/mrpt_msgs/msg/detail/dds_fastrtps/single_range_beacon_observation__type_support.cpp.o[0m
[26.534s] [ 72%] [32mBuilding CXX object CMakeFiles/mrpt_msgs__rosidl_typesupport_introspection_cpp.dir/rosidl_typesupport_introspection_cpp/mrpt_msgs/msg/detail/single_range_beacon_observation__type_support.cpp.o[0m
[26.639s] [ 73%] [32mBuilding CXX object CMakeFiles/mrpt_msgs__rosidl_typesupport_fastrtps_cpp.dir/rosidl_typesupport_fastrtps_cpp/mrpt_msgs/msg/detail/dds_fastrtps/single_range_bearing_observation__type_support.cpp.o[0m
[27.082s] [ 74%] [32mBuilding CXX object CMakeFiles/mrpt_msgs__rosidl_typesupport_fastrtps_c.dir/rosidl_typesupport_fastrtps_c/mrpt_msgs/msg/detail/node_id_with_pose_vec__type_support_c.cpp.o[0m
[27.879s] [ 74%] [32mBuilding CXX object CMakeFiles/mrpt_msgs__rosidl_typesupport_fastrtps_cpp.dir/rosidl_typesupport_fastrtps_cpp/mrpt_msgs/msg/detail/dds_fastrtps/waypoint__type_support.cpp.o[0m
[28.159s] [ 75%] [32mBuilding CXX object CMakeFiles/mrpt_msgs__rosidl_typesupport_introspection_cpp.dir/rosidl_typesupport_introspection_cpp/mrpt_msgs/msg/detail/single_object_observation__type_support.cpp.o[0m
[28.632s] [ 76%] [32mBuilding CXX object CMakeFiles/mrpt_msgs__rosidl_typesupport_fastrtps_c.dir/rosidl_typesupport_fastrtps_c/mrpt_msgs/msg/detail/single_range_beacon_observation__type_support_c.cpp.o[0m
[29.794s] [ 77%] [32mBuilding CXX object CMakeFiles/mrpt_msgs__rosidl_typesupport_fastrtps_cpp.dir/rosidl_typesupport_fastrtps_cpp/mrpt_msgs/srv/detail/dds_fastrtps/get_cm_graph__type_support.cpp.o[0m
[30.176s] [ 77%] [32mBuilding CXX object CMakeFiles/mrpt_msgs__rosidl_typesupport_fastrtps_c.dir/rosidl_typesupport_fastrtps_c/mrpt_msgs/msg/detail/single_object_observation__type_support_c.cpp.o[0m
[30.309s] [ 77%] [32mBuilding CXX object CMakeFiles/mrpt_msgs__rosidl_typesupport_introspection_cpp.dir/rosidl_typesupport_introspection_cpp/mrpt_msgs/msg/detail/waypoint__type_support.cpp.o[0m
[31.461s] [ 78%] [32mBuilding CXX object CMakeFiles/mrpt_msgs__rosidl_typesupport_fastrtps_c.dir/rosidl_typesupport_fastrtps_c/mrpt_msgs/msg/detail/single_range_bearing_observation__type_support_c.cpp.o[0m
[31.691s] [ 78%] [32m[1mLinking CXX shared library libmrpt_msgs__rosidl_typesupport_fastrtps_cpp.so[0m
[32.294s] [ 79%] [32mBuilding CXX object CMakeFiles/mrpt_msgs__rosidl_typesupport_introspection_cpp.dir/rosidl_typesupport_introspection_cpp/mrpt_msgs/srv/detail/get_cm_graph__type_support.cpp.o[0m
[32.324s] [ 79%] Built target mrpt_msgs__rosidl_typesupport_fastrtps_cpp
[32.779s] [ 80%] [32mBuilding CXX object CMakeFiles/mrpt_msgs__rosidl_typesupport_fastrtps_c.dir/rosidl_typesupport_fastrtps_c/mrpt_msgs/srv/detail/get_cm_graph__type_support_c.cpp.o[0m
[33.788s] [ 81%] [32mBuilding CXX object CMakeFiles/mrpt_msgs__rosidl_typesupport_introspection_cpp.dir/rosidl_typesupport_introspection_cpp/mrpt_msgs/msg/detail/single_range_bearing_observation__type_support.cpp.o[0m
[34.297s] [ 81%] [32mBuilding CXX object CMakeFiles/mrpt_msgs__rosidl_typesupport_fastrtps_c.dir/rosidl_typesupport_fastrtps_c/mrpt_msgs/msg/detail/waypoint__type_support_c.cpp.o[0m
[35.006s] [ 82%] [32mBuilding CXX object CMakeFiles/mrpt_msgs__rosidl_typesupport_introspection_cpp.dir/rosidl_typesupport_introspection_cpp/mrpt_msgs/msg/detail/node_id_with_pose__type_support.cpp.o[0m
[35.496s] [ 82%] [32m[1mLinking CXX shared library libmrpt_msgs__rosidl_typesupport_fastrtps_c.so[0m
[35.827s] [ 82%] Built target mrpt_msgs__rosidl_typesupport_fastrtps_c
[36.597s] [ 83%] [32mBuilding CXX object CMakeFiles/mrpt_msgs__rosidl_typesupport_introspection_cpp.dir/rosidl_typesupport_introspection_cpp/mrpt_msgs/msg/detail/node_id_with_laser_scan__type_support.cpp.o[0m
[37.694s] [ 83%] [32mBuilding CXX object CMakeFiles/mrpt_msgs__rosidl_typesupport_introspection_cpp.dir/rosidl_typesupport_introspection_cpp/mrpt_msgs/msg/detail/network_of_poses__type_support.cpp.o[0m
[39.291s] [ 84%] [32m[1mLinking CXX shared library libmrpt_msgs__rosidl_typesupport_introspection_cpp.so[0m
[39.812s] [ 84%] Built target mrpt_msgs__rosidl_typesupport_introspection_cpp
[39.927s] [ 84%] Built target mrpt_msgs
[40.051s] [ 85%] [34m[1mGenerating Python code for ROS interfaces[0m
[51.057s] [ 85%] Built target mrpt_msgs__py
[51.144s] gmake[2]: Warning: File 'rosidl_generator_py/mrpt_msgs/msg/_generic_observation_s.c' has modification time 0.16 s in the future
[51.208s] [ 85%] [32mBuilding C object CMakeFiles/mrpt_msgs__rosidl_generator_py.dir/rosidl_generator_py/mrpt_msgs/msg/_generic_observation_s.c.o[0m
[51.488s] [ 85%] [32mBuilding C object CMakeFiles/mrpt_msgs__rosidl_generator_py.dir/rosidl_generator_py/mrpt_msgs/msg/_waypoint_sequence_s.c.o[0m
[51.727s] [ 86%] [32mBuilding C object CMakeFiles/mrpt_msgs__rosidl_generator_py.dir/rosidl_generator_py/mrpt_msgs/msg/_generic_object_s.c.o[0m
[51.999s] [ 86%] [32mBuilding C object CMakeFiles/mrpt_msgs__rosidl_generator_py.dir/rosidl_generator_py/mrpt_msgs/msg/_graph_slam_agents_s.c.o[0m
[52.299s] [ 87%] [32mBuilding C object CMakeFiles/mrpt_msgs__rosidl_generator_py.dir/rosidl_generator_py/mrpt_msgs/msg/_network_of_poses_s.c.o[0m
[52.648s] [ 88%] [32mBuilding C object CMakeFiles/mrpt_msgs__rosidl_generator_py.dir/rosidl_generator_py/mrpt_msgs/msg/_node_id_with_laser_scan_s.c.o[0m
[52.915s] [ 88%] [32mBuilding C object CMakeFiles/mrpt_msgs__rosidl_generator_py.dir/rosidl_generator_py/mrpt_msgs/msg/_node_id_with_pose_s.c.o[0m
[53.204s] [ 89%] [32mBuilding C object CMakeFiles/mrpt_msgs__rosidl_generator_py.dir/rosidl_generator_py/mrpt_msgs/msg/_node_id_with_pose_vec_s.c.o[0m
[53.464s] [ 89%] [32mBuilding C object CMakeFiles/mrpt_msgs__rosidl_generator_py.dir/rosidl_generator_py/mrpt_msgs/msg/_single_object_observation_s.c.o[0m
[53.737s] [ 90%] [32mBuilding C object CMakeFiles/mrpt_msgs__rosidl_generator_py.dir/rosidl_generator_py/mrpt_msgs/msg/_single_range_beacon_observation_s.c.o[0m
[53.974s] [ 90%] [32mBuilding C object CMakeFiles/mrpt_msgs__rosidl_generator_py.dir/rosidl_generator_py/mrpt_msgs/msg/_single_range_bearing_observation_s.c.o[0m
[54.224s] [ 91%] [32mBuilding C object CMakeFiles/mrpt_msgs__rosidl_generator_py.dir/rosidl_generator_py/mrpt_msgs/msg/_waypoint_s.c.o[0m
[54.471s] [ 92%] [32mBuilding C object CMakeFiles/mrpt_msgs__rosidl_generator_py.dir/rosidl_generator_py/mrpt_msgs/srv/_get_cm_graph_s.c.o[0m
[54.767s] [ 93%] [32mBuilding C object CMakeFiles/mrpt_msgs__rosidl_generator_py.dir/rosidl_generator_py/mrpt_msgs/msg/_observation_range_bearing_s.c.o[0m
[55.054s] [ 93%] [32mBuilding C object CMakeFiles/mrpt_msgs__rosidl_generator_py.dir/rosidl_generator_py/mrpt_msgs/msg/_observation_range_beacon_s.c.o[0m
[55.407s] [ 94%] [32mBuilding C object CMakeFiles/mrpt_msgs__rosidl_generator_py.dir/rosidl_generator_py/mrpt_msgs/msg/_observation_object_s.c.o[0m
[55.783s] [ 95%] [32mBuilding C object CMakeFiles/mrpt_msgs__rosidl_generator_py.dir/rosidl_generator_py/mrpt_msgs/msg/_graph_slam_stats_s.c.o[0m
[56.095s] [ 95%] [32mBuilding C object CMakeFiles/mrpt_msgs__rosidl_generator_py.dir/rosidl_generator_py/mrpt_msgs/msg/_graph_slam_agent_s.c.o[0m
[56.390s] [ 96%] [32mBuilding C object CMakeFiles/mrpt_msgs__rosidl_generator_py.dir/rosidl_generator_py/mrpt_msgs/msg/_graph_constraint_s.c.o[0m
[56.725s] [ 96%] [32m[1mLinking C shared library rosidl_generator_py/mrpt_msgs/libmrpt_msgs__rosidl_generator_py.so[0m
[56.891s] gmake[2]: warning:  Clock skew detected.  Your build may be incomplete.
[56.940s] [ 96%] Built target mrpt_msgs__rosidl_generator_py
[57.018s] [ 97%] [32mBuilding C object CMakeFiles/mrpt_msgs__rosidl_typesupport_fastrtps_c__pyext.dir/rosidl_generator_py/mrpt_msgs/_mrpt_msgs_s.ep.rosidl_typesupport_fastrtps_c.c.o[0m
[57.576s] [ 97%] [32m[1mLinking C shared library rosidl_generator_py/mrpt_msgs/mrpt_msgs_s__rosidl_typesupport_fastrtps_c.cpython-310-x86_64-linux-gnu.so[0m
[57.763s] [ 97%] Built target mrpt_msgs__rosidl_typesupport_fastrtps_c__pyext
[57.861s] [ 98%] [32mBuilding C object CMakeFiles/mrpt_msgs__rosidl_typesupport_c__pyext.dir/rosidl_generator_py/mrpt_msgs/_mrpt_msgs_s.ep.rosidl_typesupport_c.c.o[0m
[58.339s] [ 98%] [32m[1mLinking C shared library rosidl_generator_py/mrpt_msgs/mrpt_msgs_s__rosidl_typesupport_c.cpython-310-x86_64-linux-gnu.so[0m
[58.570s] [ 98%] Built target mrpt_msgs__rosidl_typesupport_c__pyext
[58.660s] [ 99%] [32mBuilding C object CMakeFiles/mrpt_msgs__rosidl_typesupport_introspection_c__pyext.dir/rosidl_generator_py/mrpt_msgs/_mrpt_msgs_s.ep.rosidl_typesupport_introspection_c.c.o[0m
[59.076s] [100%] [32m[1mLinking C shared library rosidl_generator_py/mrpt_msgs/mrpt_msgs_s__rosidl_typesupport_introspection_c.cpython-310-x86_64-linux-gnu.so[0m
[59.202s] [100%] Built target mrpt_msgs__rosidl_typesupport_introspection_c__pyext
[59.250s] Invoked command in '/home/jozef/ros2_ws/build/mrpt_msgs' returned '0': CMAKE_PREFIX_PATH=/opt/ros/humble /usr/bin/cmake --build /home/jozef/ros2_ws/build/mrpt_msgs -- -j8 -l8
[59.259s] Invoking command in '/home/jozef/ros2_ws/build/mrpt_msgs': CMAKE_PREFIX_PATH=/opt/ros/humble /usr/bin/cmake --install /home/jozef/ros2_ws/build/mrpt_msgs
[72.295s] -- Install configuration: ""
[72.295s] -- Execute custom install script
[72.295s] -- Symlinking: /home/jozef/ros2_ws/install/mrpt_msgs/share/ament_index/resource_index/rosidl_interfaces/mrpt_msgs
[72.295s] -- Symlinking: /home/jozef/ros2_ws/install/mrpt_msgs/include/mrpt_msgs/mrpt_msgs/msg/detail/generic_object__functions.h
[72.295s] -- Symlinking: /home/jozef/ros2_ws/install/mrpt_msgs/include/mrpt_msgs/mrpt_msgs/msg/detail/generic_object__struct.h
[72.295s] -- Symlinking: /home/jozef/ros2_ws/install/mrpt_msgs/include/mrpt_msgs/mrpt_msgs/msg/detail/generic_object__type_support.h
[72.295s] -- Symlinking: /home/jozef/ros2_ws/install/mrpt_msgs/include/mrpt_msgs/mrpt_msgs/msg/detail/generic_observation__functions.h
[72.295s] -- Symlinking: /home/jozef/ros2_ws/install/mrpt_msgs/include/mrpt_msgs/mrpt_msgs/msg/detail/generic_observation__struct.h
[72.296s] -- Symlinking: /home/jozef/ros2_ws/install/mrpt_msgs/include/mrpt_msgs/mrpt_msgs/msg/detail/generic_observation__type_support.h
[72.296s] -- Symlinking: /home/jozef/ros2_ws/install/mrpt_msgs/include/mrpt_msgs/mrpt_msgs/msg/detail/graph_constraint__functions.h
[72.296s] -- Symlinking: /home/jozef/ros2_ws/install/mrpt_msgs/include/mrpt_msgs/mrpt_msgs/msg/detail/graph_constraint__struct.h
[72.296s] -- Symlinking: /home/jozef/ros2_ws/install/mrpt_msgs/include/mrpt_msgs/mrpt_msgs/msg/detail/graph_constraint__type_support.h
[72.296s] -- Symlinking: /home/jozef/ros2_ws/install/mrpt_msgs/include/mrpt_msgs/mrpt_msgs/msg/detail/graph_slam_agent__functions.h
[72.296s] -- Symlinking: /home/jozef/ros2_ws/install/mrpt_msgs/include/mrpt_msgs/mrpt_msgs/msg/detail/graph_slam_agent__struct.h
[72.300s] -- Symlinking: /home/jozef/ros2_ws/install/mrpt_msgs/include/mrpt_msgs/mrpt_msgs/msg/detail/graph_slam_agent__type_support.h
[72.301s] -- Symlinking: /home/jozef/ros2_ws/install/mrpt_msgs/include/mrpt_msgs/mrpt_msgs/msg/detail/graph_slam_agents__functions.h
[72.301s] -- Symlinking: /home/jozef/ros2_ws/install/mrpt_msgs/include/mrpt_msgs/mrpt_msgs/msg/detail/graph_slam_agents__struct.h
[72.301s] -- Symlinking: /home/jozef/ros2_ws/install/mrpt_msgs/include/mrpt_msgs/mrpt_msgs/msg/detail/graph_slam_agents__type_support.h
[72.301s] -- Symlinking: /home/jozef/ros2_ws/install/mrpt_msgs/include/mrpt_msgs/mrpt_msgs/msg/detail/graph_slam_stats__functions.h
[72.301s] -- Symlinking: /home/jozef/ros2_ws/install/mrpt_msgs/include/mrpt_msgs/mrpt_msgs/msg/detail/graph_slam_stats__struct.h
[72.301s] -- Symlinking: /home/jozef/ros2_ws/install/mrpt_msgs/include/mrpt_msgs/mrpt_msgs/msg/detail/graph_slam_stats__type_support.h
[72.301s] -- Symlinking: /home/jozef/ros2_ws/install/mrpt_msgs/include/mrpt_msgs/mrpt_msgs/msg/detail/network_of_poses__functions.h
[72.302s] -- Symlinking: /home/jozef/ros2_ws/install/mrpt_msgs/include/mrpt_msgs/mrpt_msgs/msg/detail/network_of_poses__struct.h
[72.302s] -- Symlinking: /home/jozef/ros2_ws/install/mrpt_msgs/include/mrpt_msgs/mrpt_msgs/msg/detail/network_of_poses__type_support.h
[72.302s] -- Symlinking: /home/jozef/ros2_ws/install/mrpt_msgs/include/mrpt_msgs/mrpt_msgs/msg/detail/node_id_with_laser_scan__functions.h
[72.302s] -- Symlinking: /home/jozef/ros2_ws/install/mrpt_msgs/include/mrpt_msgs/mrpt_msgs/msg/detail/node_id_with_laser_scan__struct.h
[72.302s] -- Symlinking: /home/jozef/ros2_ws/install/mrpt_msgs/include/mrpt_msgs/mrpt_msgs/msg/detail/node_id_with_laser_scan__type_support.h
[72.302s] -- Symlinking: /home/jozef/ros2_ws/install/mrpt_msgs/include/mrpt_msgs/mrpt_msgs/msg/detail/node_id_with_pose__functions.h
[72.302s] -- Symlinking: /home/jozef/ros2_ws/install/mrpt_msgs/include/mrpt_msgs/mrpt_msgs/msg/detail/node_id_with_pose__struct.h
[72.302s] -- Symlinking: /home/jozef/ros2_ws/install/mrpt_msgs/include/mrpt_msgs/mrpt_msgs/msg/detail/node_id_with_pose__type_support.h
[72.302s] -- Symlinking: /home/jozef/ros2_ws/install/mrpt_msgs/include/mrpt_msgs/mrpt_msgs/msg/detail/node_id_with_pose_vec__functions.h
[72.303s] -- Symlinking: /home/jozef/ros2_ws/install/mrpt_msgs/include/mrpt_msgs/mrpt_msgs/msg/detail/node_id_with_pose_vec__struct.h
[72.303s] -- Symlinking: /home/jozef/ros2_ws/install/mrpt_msgs/include/mrpt_msgs/mrpt_msgs/msg/detail/node_id_with_pose_vec__type_support.h
[72.305s] -- Symlinking: /home/jozef/ros2_ws/install/mrpt_msgs/include/mrpt_msgs/mrpt_msgs/msg/detail/observation_object__functions.h
[72.306s] -- Symlinking: /home/jozef/ros2_ws/install/mrpt_msgs/include/mrpt_msgs/mrpt_msgs/msg/detail/observation_object__struct.h
[72.306s] -- Symlinking: /home/jozef/ros2_ws/install/mrpt_msgs/include/mrpt_msgs/mrpt_msgs/msg/detail/observation_object__type_support.h
[72.306s] -- Symlinking: /home/jozef/ros2_ws/install/mrpt_msgs/include/mrpt_msgs/mrpt_msgs/msg/detail/observation_range_beacon__functions.h
[72.306s] -- Symlinking: /home/jozef/ros2_ws/install/mrpt_msgs/include/mrpt_msgs/mrpt_msgs/msg/detail/observation_range_beacon__struct.h
[72.306s] -- Symlinking: /home/jozef/ros2_ws/install/mrpt_msgs/include/mrpt_msgs/mrpt_msgs/msg/detail/observation_range_beacon__type_support.h
[72.311s] -- Symlinking: /home/jozef/ros2_ws/install/mrpt_msgs/include/mrpt_msgs/mrpt_msgs/msg/detail/observation_range_bearing__functions.h
[72.311s] -- Symlinking: /home/jozef/ros2_ws/install/mrpt_msgs/include/mrpt_msgs/mrpt_msgs/msg/detail/observation_range_bearing__struct.h
[72.311s] -- Symlinking: /home/jozef/ros2_ws/install/mrpt_msgs/include/mrpt_msgs/mrpt_msgs/msg/detail/observation_range_bearing__type_support.h
[72.311s] -- Symlinking: /home/jozef/ros2_ws/install/mrpt_msgs/include/mrpt_msgs/mrpt_msgs/msg/detail/single_object_observation__functions.h
[72.311s] -- Symlinking: /home/jozef/ros2_ws/install/mrpt_msgs/include/mrpt_msgs/mrpt_msgs/msg/detail/single_object_observation__struct.h
[72.312s] -- Symlinking: /home/jozef/ros2_ws/install/mrpt_msgs/include/mrpt_msgs/mrpt_msgs/msg/detail/single_object_observation__type_support.h
[72.312s] -- Symlinking: /home/jozef/ros2_ws/install/mrpt_msgs/include/mrpt_msgs/mrpt_msgs/msg/detail/single_range_beacon_observation__functions.h
[72.312s] -- Symlinking: /home/jozef/ros2_ws/install/mrpt_msgs/include/mrpt_msgs/mrpt_msgs/msg/detail/single_range_beacon_observation__struct.h
[72.312s] -- Symlinking: /home/jozef/ros2_ws/install/mrpt_msgs/include/mrpt_msgs/mrpt_msgs/msg/detail/single_range_beacon_observation__type_support.h
[72.312s] -- Symlinking: /home/jozef/ros2_ws/install/mrpt_msgs/include/mrpt_msgs/mrpt_msgs/msg/detail/single_range_bearing_observation__functions.h
[72.312s] -- Symlinking: /home/jozef/ros2_ws/install/mrpt_msgs/include/mrpt_msgs/mrpt_msgs/msg/detail/single_range_bearing_observation__struct.h
[72.313s] -- Symlinking: /home/jozef/ros2_ws/install/mrpt_msgs/include/mrpt_msgs/mrpt_msgs/msg/detail/single_range_bearing_observation__type_support.h
[72.313s] -- Symlinking: /home/jozef/ros2_ws/install/mrpt_msgs/include/mrpt_msgs/mrpt_msgs/msg/detail/waypoint__functions.h
[72.313s] -- Symlinking: /home/jozef/ros2_ws/install/mrpt_msgs/include/mrpt_msgs/mrpt_msgs/msg/detail/waypoint__struct.h
[72.313s] -- Symlinking: /home/jozef/ros2_ws/install/mrpt_msgs/include/mrpt_msgs/mrpt_msgs/msg/detail/waypoint__type_support.h
[72.313s] -- Symlinking: /home/jozef/ros2_ws/install/mrpt_msgs/include/mrpt_msgs/mrpt_msgs/msg/detail/waypoint_sequence__functions.h
[72.313s] -- Symlinking: /home/jozef/ros2_ws/install/mrpt_msgs/include/mrpt_msgs/mrpt_msgs/msg/detail/waypoint_sequence__struct.h
[72.313s] -- Symlinking: /home/jozef/ros2_ws/install/mrpt_msgs/include/mrpt_msgs/mrpt_msgs/msg/detail/waypoint_sequence__type_support.h
[72.314s] -- Symlinking: /home/jozef/ros2_ws/install/mrpt_msgs/include/mrpt_msgs/mrpt_msgs/msg/generic_object.h
[72.314s] -- Symlinking: /home/jozef/ros2_ws/install/mrpt_msgs/include/mrpt_msgs/mrpt_msgs/msg/generic_observation.h
[72.314s] -- Symlinking: /home/jozef/ros2_ws/install/mrpt_msgs/include/mrpt_msgs/mrpt_msgs/msg/graph_constraint.h
[72.314s] -- Symlinking: /home/jozef/ros2_ws/install/mrpt_msgs/include/mrpt_msgs/mrpt_msgs/msg/graph_slam_agent.h
[72.314s] -- Symlinking: /home/jozef/ros2_ws/install/mrpt_msgs/include/mrpt_msgs/mrpt_msgs/msg/graph_slam_agents.h
[72.319s] -- Symlinking: /home/jozef/ros2_ws/install/mrpt_msgs/include/mrpt_msgs/mrpt_msgs/msg/graph_slam_stats.h
[72.319s] -- Symlinking: /home/jozef/ros2_ws/install/mrpt_msgs/include/mrpt_msgs/mrpt_msgs/msg/network_of_poses.h
[72.319s] -- Symlinking: /home/jozef/ros2_ws/install/mrpt_msgs/include/mrpt_msgs/mrpt_msgs/msg/node_id_with_laser_scan.h
[72.319s] -- Symlinking: /home/jozef/ros2_ws/install/mrpt_msgs/include/mrpt_msgs/mrpt_msgs/msg/node_id_with_pose.h
[72.320s] -- Symlinking: /home/jozef/ros2_ws/install/mrpt_msgs/include/mrpt_msgs/mrpt_msgs/msg/node_id_with_pose_vec.h
[72.320s] -- Symlinking: /home/jozef/ros2_ws/install/mrpt_msgs/include/mrpt_msgs/mrpt_msgs/msg/observation_object.h
[72.320s] -- Symlinking: /home/jozef/ros2_ws/install/mrpt_msgs/include/mrpt_msgs/mrpt_msgs/msg/observation_range_beacon.h
[72.320s] -- Symlinking: /home/jozef/ros2_ws/install/mrpt_msgs/include/mrpt_msgs/mrpt_msgs/msg/observation_range_bearing.h
[72.320s] -- Symlinking: /home/jozef/ros2_ws/install/mrpt_msgs/include/mrpt_msgs/mrpt_msgs/msg/rosidl_generator_c__visibility_control.h
[72.320s] -- Symlinking: /home/jozef/ros2_ws/install/mrpt_msgs/include/mrpt_msgs/mrpt_msgs/msg/single_object_observation.h
[72.320s] -- Symlinking: /home/jozef/ros2_ws/install/mrpt_msgs/include/mrpt_msgs/mrpt_msgs/msg/single_range_beacon_observation.h
[72.320s] -- Symlinking: /home/jozef/ros2_ws/install/mrpt_msgs/include/mrpt_msgs/mrpt_msgs/msg/single_range_bearing_observation.h
[72.321s] -- Symlinking: /home/jozef/ros2_ws/install/mrpt_msgs/include/mrpt_msgs/mrpt_msgs/msg/waypoint.h
[72.321s] -- Symlinking: /home/jozef/ros2_ws/install/mrpt_msgs/include/mrpt_msgs/mrpt_msgs/msg/waypoint_sequence.h
[72.321s] -- Symlinking: /home/jozef/ros2_ws/install/mrpt_msgs/include/mrpt_msgs/mrpt_msgs/srv/detail/get_cm_graph__functions.h
[72.321s] -- Symlinking: /home/jozef/ros2_ws/install/mrpt_msgs/include/mrpt_msgs/mrpt_msgs/srv/detail/get_cm_graph__struct.h
[72.321s] -- Symlinking: /home/jozef/ros2_ws/install/mrpt_msgs/include/mrpt_msgs/mrpt_msgs/srv/detail/get_cm_graph__type_support.h
[72.321s] -- Symlinking: /home/jozef/ros2_ws/install/mrpt_msgs/include/mrpt_msgs/mrpt_msgs/srv/get_cm_graph.h
[72.321s] -- Symlinking: /home/jozef/ros2_ws/install/mrpt_msgs/share/mrpt_msgs/environment/library_path.sh
[72.322s] -- Symlinking: /home/jozef/ros2_ws/install/mrpt_msgs/share/mrpt_msgs/environment/library_path.dsv
[72.322s] -- Symlinking: /home/jozef/ros2_ws/install/mrpt_msgs/include/mrpt_msgs/mrpt_msgs/msg/detail/generic_object__rosidl_typesupport_fastrtps_c.h
[72.322s] -- Symlinking: /home/jozef/ros2_ws/install/mrpt_msgs/include/mrpt_msgs/mrpt_msgs/msg/detail/generic_observation__rosidl_typesupport_fastrtps_c.h
[72.322s] -- Symlinking: /home/jozef/ros2_ws/install/mrpt_msgs/include/mrpt_msgs/mrpt_msgs/msg/detail/graph_constraint__rosidl_typesupport_fastrtps_c.h
[72.326s] -- Symlinking: /home/jozef/ros2_ws/install/mrpt_msgs/include/mrpt_msgs/mrpt_msgs/msg/detail/graph_slam_agent__rosidl_typesupport_fastrtps_c.h
[72.327s] -- Symlinking: /home/jozef/ros2_ws/install/mrpt_msgs/include/mrpt_msgs/mrpt_msgs/msg/detail/graph_slam_agents__rosidl_typesupport_fastrtps_c.h
[72.327s] -- Symlinking: /home/jozef/ros2_ws/install/mrpt_msgs/include/mrpt_msgs/mrpt_msgs/msg/detail/graph_slam_stats__rosidl_typesupport_fastrtps_c.h
[72.327s] -- Symlinking: /home/jozef/ros2_ws/install/mrpt_msgs/include/mrpt_msgs/mrpt_msgs/msg/detail/network_of_poses__rosidl_typesupport_fastrtps_c.h
[72.327s] -- Symlinking: /home/jozef/ros2_ws/install/mrpt_msgs/include/mrpt_msgs/mrpt_msgs/msg/detail/node_id_with_laser_scan__rosidl_typesupport_fastrtps_c.h
[72.327s] -- Symlinking: /home/jozef/ros2_ws/install/mrpt_msgs/include/mrpt_msgs/mrpt_msgs/msg/detail/node_id_with_pose__rosidl_typesupport_fastrtps_c.h
[72.327s] -- Symlinking: /home/jozef/ros2_ws/install/mrpt_msgs/include/mrpt_msgs/mrpt_msgs/msg/detail/node_id_with_pose_vec__rosidl_typesupport_fastrtps_c.h
[72.327s] -- Symlinking: /home/jozef/ros2_ws/install/mrpt_msgs/include/mrpt_msgs/mrpt_msgs/msg/detail/observation_object__rosidl_typesupport_fastrtps_c.h
[72.327s] -- Symlinking: /home/jozef/ros2_ws/install/mrpt_msgs/include/mrpt_msgs/mrpt_msgs/msg/detail/observation_range_beacon__rosidl_typesupport_fastrtps_c.h
[72.328s] -- Symlinking: /home/jozef/ros2_ws/install/mrpt_msgs/include/mrpt_msgs/mrpt_msgs/msg/detail/observation_range_bearing__rosidl_typesupport_fastrtps_c.h
[72.328s] -- Symlinking: /home/jozef/ros2_ws/install/mrpt_msgs/include/mrpt_msgs/mrpt_msgs/msg/detail/single_object_observation__rosidl_typesupport_fastrtps_c.h
[72.328s] -- Symlinking: /home/jozef/ros2_ws/install/mrpt_msgs/include/mrpt_msgs/mrpt_msgs/msg/detail/single_range_beacon_observation__rosidl_typesupport_fastrtps_c.h
[72.328s] -- Symlinking: /home/jozef/ros2_ws/install/mrpt_msgs/include/mrpt_msgs/mrpt_msgs/msg/detail/single_range_bearing_observation__rosidl_typesupport_fastrtps_c.h
[72.328s] -- Symlinking: /home/jozef/ros2_ws/install/mrpt_msgs/include/mrpt_msgs/mrpt_msgs/msg/detail/waypoint__rosidl_typesupport_fastrtps_c.h
[72.328s] -- Symlinking: /home/jozef/ros2_ws/install/mrpt_msgs/include/mrpt_msgs/mrpt_msgs/msg/detail/waypoint_sequence__rosidl_typesupport_fastrtps_c.h
[72.328s] -- Symlinking: /home/jozef/ros2_ws/install/mrpt_msgs/include/mrpt_msgs/mrpt_msgs/msg/rosidl_typesupport_fastrtps_c__visibility_control.h
[72.328s] -- Symlinking: /home/jozef/ros2_ws/install/mrpt_msgs/include/mrpt_msgs/mrpt_msgs/srv/detail/get_cm_graph__rosidl_typesupport_fastrtps_c.h
[72.329s] -- Symlinking: /home/jozef/ros2_ws/install/mrpt_msgs/include/mrpt_msgs/mrpt_msgs/msg/detail/generic_object__rosidl_typesupport_introspection_c.h
[72.329s] -- Symlinking: /home/jozef/ros2_ws/install/mrpt_msgs/include/mrpt_msgs/mrpt_msgs/msg/detail/generic_observation__rosidl_typesupport_introspection_c.h
[72.329s] -- Symlinking: /home/jozef/ros2_ws/install/mrpt_msgs/include/mrpt_msgs/mrpt_msgs/msg/detail/graph_constraint__rosidl_typesupport_introspection_c.h
[72.329s] -- Symlinking: /home/jozef/ros2_ws/install/mrpt_msgs/include/mrpt_msgs/mrpt_msgs/msg/detail/graph_slam_agent__rosidl_typesupport_introspection_c.h
[72.329s] -- Symlinking: /home/jozef/ros2_ws/install/mrpt_msgs/include/mrpt_msgs/mrpt_msgs/msg/detail/graph_slam_agents__rosidl_typesupport_introspection_c.h
[72.331s] -- Symlinking: /home/jozef/ros2_ws/install/mrpt_msgs/include/mrpt_msgs/mrpt_msgs/msg/detail/graph_slam_stats__rosidl_typesupport_introspection_c.h
[72.332s] -- Symlinking: /home/jozef/ros2_ws/install/mrpt_msgs/include/mrpt_msgs/mrpt_msgs/msg/detail/network_of_poses__rosidl_typesupport_introspection_c.h
[72.332s] -- Symlinking: /home/jozef/ros2_ws/install/mrpt_msgs/include/mrpt_msgs/mrpt_msgs/msg/detail/node_id_with_laser_scan__rosidl_typesupport_introspection_c.h
[72.332s] -- Symlinking: /home/jozef/ros2_ws/install/mrpt_msgs/include/mrpt_msgs/mrpt_msgs/msg/detail/node_id_with_pose__rosidl_typesupport_introspection_c.h
[72.332s] -- Symlinking: /home/jozef/ros2_ws/install/mrpt_msgs/include/mrpt_msgs/mrpt_msgs/msg/detail/node_id_with_pose_vec__rosidl_typesupport_introspection_c.h
[72.332s] -- Symlinking: /home/jozef/ros2_ws/install/mrpt_msgs/include/mrpt_msgs/mrpt_msgs/msg/detail/observation_object__rosidl_typesupport_introspection_c.h
[72.332s] -- Symlinking: /home/jozef/ros2_ws/install/mrpt_msgs/include/mrpt_msgs/mrpt_msgs/msg/detail/observation_range_beacon__rosidl_typesupport_introspection_c.h
[72.333s] -- Symlinking: /home/jozef/ros2_ws/install/mrpt_msgs/include/mrpt_msgs/mrpt_msgs/msg/detail/observation_range_bearing__rosidl_typesupport_introspection_c.h
[72.333s] -- Symlinking: /home/jozef/ros2_ws/install/mrpt_msgs/include/mrpt_msgs/mrpt_msgs/msg/detail/single_object_observation__rosidl_typesupport_introspection_c.h
[72.333s] -- Symlinking: /home/jozef/ros2_ws/install/mrpt_msgs/include/mrpt_msgs/mrpt_msgs/msg/detail/single_range_beacon_observation__rosidl_typesupport_introspection_c.h
[72.333s] -- Symlinking: /home/jozef/ros2_ws/install/mrpt_msgs/include/mrpt_msgs/mrpt_msgs/msg/detail/single_range_bearing_observation__rosidl_typesupport_introspection_c.h
[72.333s] -- Symlinking: /home/jozef/ros2_ws/install/mrpt_msgs/include/mrpt_msgs/mrpt_msgs/msg/detail/waypoint__rosidl_typesupport_introspection_c.h
[72.333s] -- Symlinking: /home/jozef/ros2_ws/install/mrpt_msgs/include/mrpt_msgs/mrpt_msgs/msg/detail/waypoint_sequence__rosidl_typesupport_introspection_c.h
[72.333s] -- Symlinking: /home/jozef/ros2_ws/install/mrpt_msgs/include/mrpt_msgs/mrpt_msgs/msg/rosidl_typesupport_introspection_c__visibility_control.h
[72.334s] -- Symlinking: /home/jozef/ros2_ws/install/mrpt_msgs/include/mrpt_msgs/mrpt_msgs/srv/detail/get_cm_graph__rosidl_typesupport_introspection_c.h
[72.353s] -- Symlinking: /home/jozef/ros2_ws/install/mrpt_msgs/include/mrpt_msgs/mrpt_msgs/msg/detail/generic_object__builder.hpp
[72.353s] -- Symlinking: /home/jozef/ros2_ws/install/mrpt_msgs/include/mrpt_msgs/mrpt_msgs/msg/detail/generic_object__struct.hpp
[72.353s] -- Symlinking: /home/jozef/ros2_ws/install/mrpt_msgs/include/mrpt_msgs/mrpt_msgs/msg/detail/generic_object__traits.hpp
[72.353s] -- Symlinking: /home/jozef/ros2_ws/install/mrpt_msgs/include/mrpt_msgs/mrpt_msgs/msg/detail/generic_object__type_support.hpp
[72.353s] -- Symlinking: /home/jozef/ros2_ws/install/mrpt_msgs/include/mrpt_msgs/mrpt_msgs/msg/detail/generic_observation__builder.hpp
[72.353s] -- Symlinking: /home/jozef/ros2_ws/install/mrpt_msgs/include/mrpt_msgs/mrpt_msgs/msg/detail/generic_observation__struct.hpp
[72.354s] -- Symlinking: /home/jozef/ros2_ws/install/mrpt_msgs/include/mrpt_msgs/mrpt_msgs/msg/detail/generic_observation__traits.hpp
[72.354s] -- Symlinking: /home/jozef/ros2_ws/install/mrpt_msgs/include/mrpt_msgs/mrpt_msgs/msg/detail/generic_observation__type_support.hpp
[72.354s] -- Symlinking: /home/jozef/ros2_ws/install/mrpt_msgs/include/mrpt_msgs/mrpt_msgs/msg/detail/graph_constraint__builder.hpp
[72.354s] -- Symlinking: /home/jozef/ros2_ws/install/mrpt_msgs/include/mrpt_msgs/mrpt_msgs/msg/detail/graph_constraint__struct.hpp
[72.354s] -- Symlinking: /home/jozef/ros2_ws/install/mrpt_msgs/include/mrpt_msgs/mrpt_msgs/msg/detail/graph_constraint__traits.hpp
[72.354s] -- Symlinking: /home/jozef/ros2_ws/install/mrpt_msgs/include/mrpt_msgs/mrpt_msgs/msg/detail/graph_constraint__type_support.hpp
[72.354s] -- Symlinking: /home/jozef/ros2_ws/install/mrpt_msgs/include/mrpt_msgs/mrpt_msgs/msg/detail/graph_slam_agent__builder.hpp
[72.354s] -- Symlinking: /home/jozef/ros2_ws/install/mrpt_msgs/include/mrpt_msgs/mrpt_msgs/msg/detail/graph_slam_agent__struct.hpp
[72.354s] -- Symlinking: /home/jozef/ros2_ws/install/mrpt_msgs/include/mrpt_msgs/mrpt_msgs/msg/detail/graph_slam_agent__traits.hpp
[72.354s] -- Symlinking: /home/jozef/ros2_ws/install/mrpt_msgs/include/mrpt_msgs/mrpt_msgs/msg/detail/graph_slam_agent__type_support.hpp
[72.355s] -- Symlinking: /home/jozef/ros2_ws/install/mrpt_msgs/include/mrpt_msgs/mrpt_msgs/msg/detail/graph_slam_agents__builder.hpp
[72.355s] -- Symlinking: /home/jozef/ros2_ws/install/mrpt_msgs/include/mrpt_msgs/mrpt_msgs/msg/detail/graph_slam_agents__struct.hpp
[72.355s] -- Symlinking: /home/jozef/ros2_ws/install/mrpt_msgs/include/mrpt_msgs/mrpt_msgs/msg/detail/graph_slam_agents__traits.hpp
[72.355s] -- Symlinking: /home/jozef/ros2_ws/install/mrpt_msgs/include/mrpt_msgs/mrpt_msgs/msg/detail/graph_slam_agents__type_support.hpp
[72.394s] -- Symlinking: /home/jozef/ros2_ws/install/mrpt_msgs/include/mrpt_msgs/mrpt_msgs/msg/detail/graph_slam_stats__builder.hpp
[72.439s] -- Symlinking: /home/jozef/ros2_ws/install/mrpt_msgs/include/mrpt_msgs/mrpt_msgs/msg/detail/graph_slam_stats__struct.hpp
[72.460s] -- Symlinking: /home/jozef/ros2_ws/install/mrpt_msgs/include/mrpt_msgs/mrpt_msgs/msg/detail/graph_slam_stats__traits.hpp
[72.482s] -- Symlinking: /home/jozef/ros2_ws/install/mrpt_msgs/include/mrpt_msgs/mrpt_msgs/msg/detail/graph_slam_stats__type_support.hpp
[72.533s] -- Symlinking: /home/jozef/ros2_ws/install/mrpt_msgs/include/mrpt_msgs/mrpt_msgs/msg/detail/network_of_poses__builder.hpp
[72.584s] -- Symlinking: /home/jozef/ros2_ws/install/mrpt_msgs/include/mrpt_msgs/mrpt_msgs/msg/detail/network_of_poses__struct.hpp
[72.631s] -- Symlinking: /home/jozef/ros2_ws/install/mrpt_msgs/include/mrpt_msgs/mrpt_msgs/msg/detail/network_of_poses__traits.hpp
[72.673s] -- Symlinking: /home/jozef/ros2_ws/install/mrpt_msgs/include/mrpt_msgs/mrpt_msgs/msg/detail/network_of_poses__type_support.hpp
[72.724s] -- Symlinking: /home/jozef/ros2_ws/install/mrpt_msgs/include/mrpt_msgs/mrpt_msgs/msg/detail/node_id_with_laser_scan__builder.hpp
[72.771s] -- Symlinking: /home/jozef/ros2_ws/install/mrpt_msgs/include/mrpt_msgs/mrpt_msgs/msg/detail/node_id_with_laser_scan__struct.hpp
[72.811s] -- Symlinking: /home/jozef/ros2_ws/install/mrpt_msgs/include/mrpt_msgs/mrpt_msgs/msg/detail/node_id_with_laser_scan__traits.hpp
[72.856s] -- Symlinking: /home/jozef/ros2_ws/install/mrpt_msgs/include/mrpt_msgs/mrpt_msgs/msg/detail/node_id_with_laser_scan__type_support.hpp
[72.894s] -- Symlinking: /home/jozef/ros2_ws/install/mrpt_msgs/include/mrpt_msgs/mrpt_msgs/msg/detail/node_id_with_pose__builder.hpp
[72.940s] -- Symlinking: /home/jozef/ros2_ws/install/mrpt_msgs/include/mrpt_msgs/mrpt_msgs/msg/detail/node_id_with_pose__struct.hpp
[72.979s] -- Symlinking: /home/jozef/ros2_ws/install/mrpt_msgs/include/mrpt_msgs/mrpt_msgs/msg/detail/node_id_with_pose__traits.hpp
[73.021s] -- Symlinking: /home/jozef/ros2_ws/install/mrpt_msgs/include/mrpt_msgs/mrpt_msgs/msg/detail/node_id_with_pose__type_support.hpp
[73.059s] -- Symlinking: /home/jozef/ros2_ws/install/mrpt_msgs/include/mrpt_msgs/mrpt_msgs/msg/detail/node_id_with_pose_vec__builder.hpp
[73.086s] -- Symlinking: /home/jozef/ros2_ws/install/mrpt_msgs/include/mrpt_msgs/mrpt_msgs/msg/detail/node_id_with_pose_vec__struct.hpp
[73.108s] -- Symlinking: /home/jozef/ros2_ws/install/mrpt_msgs/include/mrpt_msgs/mrpt_msgs/msg/detail/node_id_with_pose_vec__traits.hpp
[73.132s] -- Symlinking: /home/jozef/ros2_ws/install/mrpt_msgs/include/mrpt_msgs/mrpt_msgs/msg/detail/node_id_with_pose_vec__type_support.hpp
[73.161s] -- Symlinking: /home/jozef/ros2_ws/install/mrpt_msgs/include/mrpt_msgs/mrpt_msgs/msg/detail/observation_object__builder.hpp
[73.201s] -- Symlinking: /home/jozef/ros2_ws/install/mrpt_msgs/include/mrpt_msgs/mrpt_msgs/msg/detail/observation_object__struct.hpp
[73.234s] -- Symlinking: /home/jozef/ros2_ws/install/mrpt_msgs/include/mrpt_msgs/mrpt_msgs/msg/detail/observation_object__traits.hpp
[73.258s] -- Symlinking: /home/jozef/ros2_ws/install/mrpt_msgs/include/mrpt_msgs/mrpt_msgs/msg/detail/observation_object__type_support.hpp
[73.280s] -- Symlinking: /home/jozef/ros2_ws/install/mrpt_msgs/include/mrpt_msgs/mrpt_msgs/msg/detail/observation_range_beacon__builder.hpp
[73.302s] -- Symlinking: /home/jozef/ros2_ws/install/mrpt_msgs/include/mrpt_msgs/mrpt_msgs/msg/detail/observation_range_beacon__struct.hpp
[73.327s] -- Symlinking: /home/jozef/ros2_ws/install/mrpt_msgs/include/mrpt_msgs/mrpt_msgs/msg/detail/observation_range_beacon__traits.hpp
[73.350s] -- Symlinking: /home/jozef/ros2_ws/install/mrpt_msgs/include/mrpt_msgs/mrpt_msgs/msg/detail/observation_range_beacon__type_support.hpp
[73.373s] -- Symlinking: /home/jozef/ros2_ws/install/mrpt_msgs/include/mrpt_msgs/mrpt_msgs/msg/detail/observation_range_bearing__builder.hpp
[73.400s] -- Symlinking: /home/jozef/ros2_ws/install/mrpt_msgs/include/mrpt_msgs/mrpt_msgs/msg/detail/observation_range_bearing__struct.hpp
[73.423s] -- Symlinking: /home/jozef/ros2_ws/install/mrpt_msgs/include/mrpt_msgs/mrpt_msgs/msg/detail/observation_range_bearing__traits.hpp
[73.458s] -- Symlinking: /home/jozef/ros2_ws/install/mrpt_msgs/include/mrpt_msgs/mrpt_msgs/msg/detail/observation_range_bearing__type_support.hpp
[73.481s] -- Symlinking: /home/jozef/ros2_ws/install/mrpt_msgs/include/mrpt_msgs/mrpt_msgs/msg/detail/single_object_observation__builder.hpp
[73.504s] -- Symlinking: /home/jozef/ros2_ws/install/mrpt_msgs/include/mrpt_msgs/mrpt_msgs/msg/detail/single_object_observation__struct.hpp
[73.527s] -- Symlinking: /home/jozef/ros2_ws/install/mrpt_msgs/include/mrpt_msgs/mrpt_msgs/msg/detail/single_object_observation__traits.hpp
[73.552s] -- Symlinking: /home/jozef/ros2_ws/install/mrpt_msgs/include/mrpt_msgs/mrpt_msgs/msg/detail/single_object_observation__type_support.hpp
[73.582s] -- Symlinking: /home/jozef/ros2_ws/install/mrpt_msgs/include/mrpt_msgs/mrpt_msgs/msg/detail/single_range_beacon_observation__builder.hpp
[73.606s] -- Symlinking: /home/jozef/ros2_ws/install/mrpt_msgs/include/mrpt_msgs/mrpt_msgs/msg/detail/single_range_beacon_observation__struct.hpp
[73.629s] -- Symlinking: /home/jozef/ros2_ws/install/mrpt_msgs/include/mrpt_msgs/mrpt_msgs/msg/detail/single_range_beacon_observation__traits.hpp
[73.654s] -- Symlinking: /home/jozef/ros2_ws/install/mrpt_msgs/include/mrpt_msgs/mrpt_msgs/msg/detail/single_range_beacon_observation__type_support.hpp
[73.676s] -- Symlinking: /home/jozef/ros2_ws/install/mrpt_msgs/include/mrpt_msgs/mrpt_msgs/msg/detail/single_range_bearing_observation__builder.hpp
[73.701s] -- Symlinking: /home/jozef/ros2_ws/install/mrpt_msgs/include/mrpt_msgs/mrpt_msgs/msg/detail/single_range_bearing_observation__struct.hpp
[73.725s] -- Symlinking: /home/jozef/ros2_ws/install/mrpt_msgs/include/mrpt_msgs/mrpt_msgs/msg/detail/single_range_bearing_observation__traits.hpp
[73.747s] -- Symlinking: /home/jozef/ros2_ws/install/mrpt_msgs/include/mrpt_msgs/mrpt_msgs/msg/detail/single_range_bearing_observation__type_support.hpp
[73.771s] -- Symlinking: /home/jozef/ros2_ws/install/mrpt_msgs/include/mrpt_msgs/mrpt_msgs/msg/detail/waypoint__builder.hpp
[73.794s] -- Symlinking: /home/jozef/ros2_ws/install/mrpt_msgs/include/mrpt_msgs/mrpt_msgs/msg/detail/waypoint__struct.hpp
[73.819s] -- Symlinking: /home/jozef/ros2_ws/install/mrpt_msgs/include/mrpt_msgs/mrpt_msgs/msg/detail/waypoint__traits.hpp
[73.841s] -- Symlinking: /home/jozef/ros2_ws/install/mrpt_msgs/include/mrpt_msgs/mrpt_msgs/msg/detail/waypoint__type_support.hpp
[73.870s] -- Symlinking: /home/jozef/ros2_ws/install/mrpt_msgs/include/mrpt_msgs/mrpt_msgs/msg/detail/waypoint_sequence__builder.hpp
[73.890s] -- Symlinking: /home/jozef/ros2_ws/install/mrpt_msgs/include/mrpt_msgs/mrpt_msgs/msg/detail/waypoint_sequence__struct.hpp
[73.928s] -- Symlinking: /home/jozef/ros2_ws/install/mrpt_msgs/include/mrpt_msgs/mrpt_msgs/msg/detail/waypoint_sequence__traits.hpp
[73.954s] -- Symlinking: /home/jozef/ros2_ws/install/mrpt_msgs/include/mrpt_msgs/mrpt_msgs/msg/detail/waypoint_sequence__type_support.hpp
[73.979s] -- Symlinking: /home/jozef/ros2_ws/install/mrpt_msgs/include/mrpt_msgs/mrpt_msgs/msg/generic_object.hpp
[74.002s] -- Symlinking: /home/jozef/ros2_ws/install/mrpt_msgs/include/mrpt_msgs/mrpt_msgs/msg/generic_observation.hpp
[74.028s] -- Symlinking: /home/jozef/ros2_ws/install/mrpt_msgs/include/mrpt_msgs/mrpt_msgs/msg/graph_constraint.hpp
[74.054s] -- Symlinking: /home/jozef/ros2_ws/install/mrpt_msgs/include/mrpt_msgs/mrpt_msgs/msg/graph_slam_agent.hpp
[74.076s] -- Symlinking: /home/jozef/ros2_ws/install/mrpt_msgs/include/mrpt_msgs/mrpt_msgs/msg/graph_slam_agents.hpp
[74.102s] -- Symlinking: /home/jozef/ros2_ws/install/mrpt_msgs/include/mrpt_msgs/mrpt_msgs/msg/graph_slam_stats.hpp
[74.128s] -- Symlinking: /home/jozef/ros2_ws/install/mrpt_msgs/include/mrpt_msgs/mrpt_msgs/msg/network_of_poses.hpp
[74.151s] -- Symlinking: /home/jozef/ros2_ws/install/mrpt_msgs/include/mrpt_msgs/mrpt_msgs/msg/node_id_with_laser_scan.hpp
[74.177s] -- Symlinking: /home/jozef/ros2_ws/install/mrpt_msgs/include/mrpt_msgs/mrpt_msgs/msg/node_id_with_pose.hpp
[74.202s] -- Symlinking: /home/jozef/ros2_ws/install/mrpt_msgs/include/mrpt_msgs/mrpt_msgs/msg/node_id_with_pose_vec.hpp
[74.225s] -- Symlinking: /home/jozef/ros2_ws/install/mrpt_msgs/include/mrpt_msgs/mrpt_msgs/msg/observation_object.hpp
[74.252s] -- Symlinking: /home/jozef/ros2_ws/install/mrpt_msgs/include/mrpt_msgs/mrpt_msgs/msg/observation_range_beacon.hpp
[74.275s] -- Symlinking: /home/jozef/ros2_ws/install/mrpt_msgs/include/mrpt_msgs/mrpt_msgs/msg/observation_range_bearing.hpp
[74.301s] -- Symlinking: /home/jozef/ros2_ws/install/mrpt_msgs/include/mrpt_msgs/mrpt_msgs/msg/rosidl_generator_cpp__visibility_control.hpp
[74.324s] -- Symlinking: /home/jozef/ros2_ws/install/mrpt_msgs/include/mrpt_msgs/mrpt_msgs/msg/single_object_observation.hpp
[74.350s] -- Symlinking: /home/jozef/ros2_ws/install/mrpt_msgs/include/mrpt_msgs/mrpt_msgs/msg/single_range_beacon_observation.hpp
[74.374s] -- Symlinking: /home/jozef/ros2_ws/install/mrpt_msgs/include/mrpt_msgs/mrpt_msgs/msg/single_range_bearing_observation.hpp
[74.397s] -- Symlinking: /home/jozef/ros2_ws/install/mrpt_msgs/include/mrpt_msgs/mrpt_msgs/msg/waypoint.hpp
[74.421s] -- Symlinking: /home/jozef/ros2_ws/install/mrpt_msgs/include/mrpt_msgs/mrpt_msgs/msg/waypoint_sequence.hpp
[74.444s] -- Symlinking: /home/jozef/ros2_ws/install/mrpt_msgs/include/mrpt_msgs/mrpt_msgs/srv/detail/get_cm_graph__builder.hpp
[74.470s] -- Symlinking: /home/jozef/ros2_ws/install/mrpt_msgs/include/mrpt_msgs/mrpt_msgs/srv/detail/get_cm_graph__struct.hpp
[74.493s] -- Symlinking: /home/jozef/ros2_ws/install/mrpt_msgs/include/mrpt_msgs/mrpt_msgs/srv/detail/get_cm_graph__traits.hpp
[74.518s] -- Symlinking: /home/jozef/ros2_ws/install/mrpt_msgs/include/mrpt_msgs/mrpt_msgs/srv/detail/get_cm_graph__type_support.hpp
[74.543s] -- Symlinking: /home/jozef/ros2_ws/install/mrpt_msgs/include/mrpt_msgs/mrpt_msgs/srv/get_cm_graph.hpp
[74.568s] -- Symlinking: /home/jozef/ros2_ws/install/mrpt_msgs/include/mrpt_msgs/mrpt_msgs/msg/detail/generic_object__rosidl_typesupport_fastrtps_cpp.hpp
[74.593s] -- Symlinking: /home/jozef/ros2_ws/install/mrpt_msgs/include/mrpt_msgs/mrpt_msgs/msg/detail/generic_observation__rosidl_typesupport_fastrtps_cpp.hpp
[74.617s] -- Symlinking: /home/jozef/ros2_ws/install/mrpt_msgs/include/mrpt_msgs/mrpt_msgs/msg/detail/graph_constraint__rosidl_typesupport_fastrtps_cpp.hpp
[74.643s] -- Symlinking: /home/jozef/ros2_ws/install/mrpt_msgs/include/mrpt_msgs/mrpt_msgs/msg/detail/graph_slam_agent__rosidl_typesupport_fastrtps_cpp.hpp
[74.666s] -- Symlinking: /home/jozef/ros2_ws/install/mrpt_msgs/include/mrpt_msgs/mrpt_msgs/msg/detail/graph_slam_agents__rosidl_typesupport_fastrtps_cpp.hpp
[74.689s] -- Symlinking: /home/jozef/ros2_ws/install/mrpt_msgs/include/mrpt_msgs/mrpt_msgs/msg/detail/graph_slam_stats__rosidl_typesupport_fastrtps_cpp.hpp
[74.713s] -- Symlinking: /home/jozef/ros2_ws/install/mrpt_msgs/include/mrpt_msgs/mrpt_msgs/msg/detail/network_of_poses__rosidl_typesupport_fastrtps_cpp.hpp
[74.740s] -- Symlinking: /home/jozef/ros2_ws/install/mrpt_msgs/include/mrpt_msgs/mrpt_msgs/msg/detail/node_id_with_laser_scan__rosidl_typesupport_fastrtps_cpp.hpp
[74.765s] -- Symlinking: /home/jozef/ros2_ws/install/mrpt_msgs/include/mrpt_msgs/mrpt_msgs/msg/detail/node_id_with_pose__rosidl_typesupport_fastrtps_cpp.hpp
[74.788s] -- Symlinking: /home/jozef/ros2_ws/install/mrpt_msgs/include/mrpt_msgs/mrpt_msgs/msg/detail/node_id_with_pose_vec__rosidl_typesupport_fastrtps_cpp.hpp
[74.813s] -- Symlinking: /home/jozef/ros2_ws/install/mrpt_msgs/include/mrpt_msgs/mrpt_msgs/msg/detail/observation_object__rosidl_typesupport_fastrtps_cpp.hpp
[74.838s] -- Symlinking: /home/jozef/ros2_ws/install/mrpt_msgs/include/mrpt_msgs/mrpt_msgs/msg/detail/observation_range_beacon__rosidl_typesupport_fastrtps_cpp.hpp
[74.860s] -- Symlinking: /home/jozef/ros2_ws/install/mrpt_msgs/include/mrpt_msgs/mrpt_msgs/msg/detail/observation_range_bearing__rosidl_typesupport_fastrtps_cpp.hpp
[74.885s] -- Symlinking: /home/jozef/ros2_ws/install/mrpt_msgs/include/mrpt_msgs/mrpt_msgs/msg/detail/single_object_observation__rosidl_typesupport_fastrtps_cpp.hpp
[74.911s] -- Symlinking: /home/jozef/ros2_ws/install/mrpt_msgs/include/mrpt_msgs/mrpt_msgs/msg/detail/single_range_beacon_observation__rosidl_typesupport_fastrtps_cpp.hpp
[74.953s] -- Symlinking: /home/jozef/ros2_ws/install/mrpt_msgs/include/mrpt_msgs/mrpt_msgs/msg/detail/single_range_bearing_observation__rosidl_typesupport_fastrtps_cpp.hpp
[74.975s] -- Symlinking: /home/jozef/ros2_ws/install/mrpt_msgs/include/mrpt_msgs/mrpt_msgs/msg/detail/waypoint__rosidl_typesupport_fastrtps_cpp.hpp
[75.011s] -- Symlinking: /home/jozef/ros2_ws/install/mrpt_msgs/include/mrpt_msgs/mrpt_msgs/msg/detail/waypoint_sequence__rosidl_typesupport_fastrtps_cpp.hpp
[75.030s] -- Symlinking: /home/jozef/ros2_ws/install/mrpt_msgs/include/mrpt_msgs/mrpt_msgs/msg/rosidl_typesupport_fastrtps_cpp__visibility_control.h
[75.054s] -- Symlinking: /home/jozef/ros2_ws/install/mrpt_msgs/include/mrpt_msgs/mrpt_msgs/srv/detail/get_cm_graph__rosidl_typesupport_fastrtps_cpp.hpp
[75.079s] -- Symlinking: /home/jozef/ros2_ws/install/mrpt_msgs/include/mrpt_msgs/mrpt_msgs/msg/detail/generic_object__rosidl_typesupport_introspection_cpp.hpp
[75.104s] -- Symlinking: /home/jozef/ros2_ws/install/mrpt_msgs/include/mrpt_msgs/mrpt_msgs/msg/detail/generic_observation__rosidl_typesupport_introspection_cpp.hpp
[75.129s] -- Symlinking: /home/jozef/ros2_ws/install/mrpt_msgs/include/mrpt_msgs/mrpt_msgs/msg/detail/graph_constraint__rosidl_typesupport_introspection_cpp.hpp
[75.154s] -- Symlinking: /home/jozef/ros2_ws/install/mrpt_msgs/include/mrpt_msgs/mrpt_msgs/msg/detail/graph_slam_agent__rosidl_typesupport_introspection_cpp.hpp
[75.176s] -- Symlinking: /home/jozef/ros2_ws/install/mrpt_msgs/include/mrpt_msgs/mrpt_msgs/msg/detail/graph_slam_agents__rosidl_typesupport_introspection_cpp.hpp
[75.204s] -- Symlinking: /home/jozef/ros2_ws/install/mrpt_msgs/include/mrpt_msgs/mrpt_msgs/msg/detail/graph_slam_stats__rosidl_typesupport_introspection_cpp.hpp
[75.248s] -- Symlinking: /home/jozef/ros2_ws/install/mrpt_msgs/include/mrpt_msgs/mrpt_msgs/msg/detail/network_of_poses__rosidl_typesupport_introspection_cpp.hpp
[75.292s] -- Symlinking: /home/jozef/ros2_ws/install/mrpt_msgs/include/mrpt_msgs/mrpt_msgs/msg/detail/node_id_with_laser_scan__rosidl_typesupport_introspection_cpp.hpp
[75.318s] -- Symlinking: /home/jozef/ros2_ws/install/mrpt_msgs/include/mrpt_msgs/mrpt_msgs/msg/detail/node_id_with_pose__rosidl_typesupport_introspection_cpp.hpp
[75.345s] -- Symlinking: /home/jozef/ros2_ws/install/mrpt_msgs/include/mrpt_msgs/mrpt_msgs/msg/detail/node_id_with_pose_vec__rosidl_typesupport_introspection_cpp.hpp
[75.368s] -- Symlinking: /home/jozef/ros2_ws/install/mrpt_msgs/include/mrpt_msgs/mrpt_msgs/msg/detail/observation_object__rosidl_typesupport_introspection_cpp.hpp
[75.395s] -- Symlinking: /home/jozef/ros2_ws/install/mrpt_msgs/include/mrpt_msgs/mrpt_msgs/msg/detail/observation_range_beacon__rosidl_typesupport_introspection_cpp.hpp
[75.418s] -- Symlinking: /home/jozef/ros2_ws/install/mrpt_msgs/include/mrpt_msgs/mrpt_msgs/msg/detail/observation_range_bearing__rosidl_typesupport_introspection_cpp.hpp
[75.438s] -- Symlinking: /home/jozef/ros2_ws/install/mrpt_msgs/include/mrpt_msgs/mrpt_msgs/msg/detail/single_object_observation__rosidl_typesupport_introspection_cpp.hpp
[75.459s] -- Symlinking: /home/jozef/ros2_ws/install/mrpt_msgs/include/mrpt_msgs/mrpt_msgs/msg/detail/single_range_beacon_observation__rosidl_typesupport_introspection_cpp.hpp
[75.482s] -- Symlinking: /home/jozef/ros2_ws/install/mrpt_msgs/include/mrpt_msgs/mrpt_msgs/msg/detail/single_range_bearing_observation__rosidl_typesupport_introspection_cpp.hpp
[75.507s] -- Symlinking: /home/jozef/ros2_ws/install/mrpt_msgs/include/mrpt_msgs/mrpt_msgs/msg/detail/waypoint__rosidl_typesupport_introspection_cpp.hpp
[75.538s] -- Symlinking: /home/jozef/ros2_ws/install/mrpt_msgs/include/mrpt_msgs/mrpt_msgs/msg/detail/waypoint_sequence__rosidl_typesupport_introspection_cpp.hpp
[75.564s] -- Symlinking: /home/jozef/ros2_ws/install/mrpt_msgs/include/mrpt_msgs/mrpt_msgs/srv/detail/get_cm_graph__rosidl_typesupport_introspection_cpp.hpp
[75.592s] -- Symlinking: /home/jozef/ros2_ws/install/mrpt_msgs/share/mrpt_msgs/environment/pythonpath.sh
[75.624s] -- Symlinking: /home/jozef/ros2_ws/install/mrpt_msgs/share/mrpt_msgs/environment/pythonpath.dsv
[75.656s] -- Symlinking: /home/jozef/ros2_ws/install/mrpt_msgs/local/lib/python3.10/dist-packages/mrpt_msgs-0.5.0-py3.10.egg-info/PKG-INFO
[75.684s] -- Symlinking: /home/jozef/ros2_ws/install/mrpt_msgs/local/lib/python3.10/dist-packages/mrpt_msgs-0.5.0-py3.10.egg-info/SOURCES.txt
[75.716s] -- Symlinking: /home/jozef/ros2_ws/install/mrpt_msgs/local/lib/python3.10/dist-packages/mrpt_msgs-0.5.0-py3.10.egg-info/dependency_links.txt
[75.742s] -- Symlinking: /home/jozef/ros2_ws/install/mrpt_msgs/local/lib/python3.10/dist-packages/mrpt_msgs-0.5.0-py3.10.egg-info/top_level.txt
[75.775s] -- Symlinking: /home/jozef/ros2_ws/install/mrpt_msgs/local/lib/python3.10/dist-packages/mrpt_msgs/__init__.py
[75.802s] -- Symlinking: /home/jozef/ros2_ws/install/mrpt_msgs/local/lib/python3.10/dist-packages/mrpt_msgs/_mrpt_msgs_s.ep.rosidl_typesupport_c.c
[75.831s] -- Symlinking: /home/jozef/ros2_ws/install/mrpt_msgs/local/lib/python3.10/dist-packages/mrpt_msgs/_mrpt_msgs_s.ep.rosidl_typesupport_fastrtps_c.c
[75.860s] -- Symlinking: /home/jozef/ros2_ws/install/mrpt_msgs/local/lib/python3.10/dist-packages/mrpt_msgs/_mrpt_msgs_s.ep.rosidl_typesupport_introspection_c.c
[75.897s] -- Symlinking: /home/jozef/ros2_ws/install/mrpt_msgs/local/lib/python3.10/dist-packages/mrpt_msgs/libmrpt_msgs__rosidl_generator_py.so
[75.931s] -- Symlinking: /home/jozef/ros2_ws/install/mrpt_msgs/local/lib/python3.10/dist-packages/mrpt_msgs/mrpt_msgs_s__rosidl_typesupport_c.cpython-310-x86_64-linux-gnu.so
[75.965s] -- Symlinking: /home/jozef/ros2_ws/install/mrpt_msgs/local/lib/python3.10/dist-packages/mrpt_msgs/mrpt_msgs_s__rosidl_typesupport_fastrtps_c.cpython-310-x86_64-linux-gnu.so
[76.000s] -- Symlinking: /home/jozef/ros2_ws/install/mrpt_msgs/local/lib/python3.10/dist-packages/mrpt_msgs/mrpt_msgs_s__rosidl_typesupport_introspection_c.cpython-310-x86_64-linux-gnu.so
[76.043s] -- Symlinking: /home/jozef/ros2_ws/install/mrpt_msgs/local/lib/python3.10/dist-packages/mrpt_msgs/msg/__init__.py
[76.084s] -- Symlinking: /home/jozef/ros2_ws/install/mrpt_msgs/local/lib/python3.10/dist-packages/mrpt_msgs/msg/_generic_object.py
[76.109s] -- Symlinking: /home/jozef/ros2_ws/install/mrpt_msgs/local/lib/python3.10/dist-packages/mrpt_msgs/msg/_generic_object_s.c
[76.144s] -- Symlinking: /home/jozef/ros2_ws/install/mrpt_msgs/local/lib/python3.10/dist-packages/mrpt_msgs/msg/_generic_observation.py
[76.165s] -- Symlinking: /home/jozef/ros2_ws/install/mrpt_msgs/local/lib/python3.10/dist-packages/mrpt_msgs/msg/_generic_observation_s.c
[76.192s] -- Symlinking: /home/jozef/ros2_ws/install/mrpt_msgs/local/lib/python3.10/dist-packages/mrpt_msgs/msg/_graph_constraint.py
[76.218s] -- Symlinking: /home/jozef/ros2_ws/install/mrpt_msgs/local/lib/python3.10/dist-packages/mrpt_msgs/msg/_graph_constraint_s.c
[76.247s] -- Symlinking: /home/jozef/ros2_ws/install/mrpt_msgs/local/lib/python3.10/dist-packages/mrpt_msgs/msg/_graph_slam_agent.py
[76.274s] -- Symlinking: /home/jozef/ros2_ws/install/mrpt_msgs/local/lib/python3.10/dist-packages/mrpt_msgs/msg/_graph_slam_agent_s.c
[76.300s] -- Symlinking: /home/jozef/ros2_ws/install/mrpt_msgs/local/lib/python3.10/dist-packages/mrpt_msgs/msg/_graph_slam_agents.py
[76.331s] -- Symlinking: /home/jozef/ros2_ws/install/mrpt_msgs/local/lib/python3.10/dist-packages/mrpt_msgs/msg/_graph_slam_agents_s.c
[76.358s] -- Symlinking: /home/jozef/ros2_ws/install/mrpt_msgs/local/lib/python3.10/dist-packages/mrpt_msgs/msg/_graph_slam_stats.py
[76.389s] -- Symlinking: /home/jozef/ros2_ws/install/mrpt_msgs/local/lib/python3.10/dist-packages/mrpt_msgs/msg/_graph_slam_stats_s.c
[76.413s] -- Symlinking: /home/jozef/ros2_ws/install/mrpt_msgs/local/lib/python3.10/dist-packages/mrpt_msgs/msg/_network_of_poses.py
[76.443s] -- Symlinking: /home/jozef/ros2_ws/install/mrpt_msgs/local/lib/python3.10/dist-packages/mrpt_msgs/msg/_network_of_poses_s.c
[76.470s] -- Symlinking: /home/jozef/ros2_ws/install/mrpt_msgs/local/lib/python3.10/dist-packages/mrpt_msgs/msg/_node_id_with_laser_scan.py
[76.496s] -- Symlinking: /home/jozef/ros2_ws/install/mrpt_msgs/local/lib/python3.10/dist-packages/mrpt_msgs/msg/_node_id_with_laser_scan_s.c
[76.524s] -- Symlinking: /home/jozef/ros2_ws/install/mrpt_msgs/local/lib/python3.10/dist-packages/mrpt_msgs/msg/_node_id_with_pose.py
[76.556s] -- Symlinking: /home/jozef/ros2_ws/install/mrpt_msgs/local/lib/python3.10/dist-packages/mrpt_msgs/msg/_node_id_with_pose_s.c
[76.584s] -- Symlinking: /home/jozef/ros2_ws/install/mrpt_msgs/local/lib/python3.10/dist-packages/mrpt_msgs/msg/_node_id_with_pose_vec.py
[76.614s] -- Symlinking: /home/jozef/ros2_ws/install/mrpt_msgs/local/lib/python3.10/dist-packages/mrpt_msgs/msg/_node_id_with_pose_vec_s.c
[76.642s] -- Symlinking: /home/jozef/ros2_ws/install/mrpt_msgs/local/lib/python3.10/dist-packages/mrpt_msgs/msg/_observation_object.py
[76.679s] -- Symlinking: /home/jozef/ros2_ws/install/mrpt_msgs/local/lib/python3.10/dist-packages/mrpt_msgs/msg/_observation_object_s.c
[76.712s] -- Symlinking: /home/jozef/ros2_ws/install/mrpt_msgs/local/lib/python3.10/dist-packages/mrpt_msgs/msg/_observation_range_beacon.py
[76.755s] -- Symlinking: /home/jozef/ros2_ws/install/mrpt_msgs/local/lib/python3.10/dist-packages/mrpt_msgs/msg/_observation_range_beacon_s.c
[76.789s] -- Symlinking: /home/jozef/ros2_ws/install/mrpt_msgs/local/lib/python3.10/dist-packages/mrpt_msgs/msg/_observation_range_bearing.py
[76.820s] -- Symlinking: /home/jozef/ros2_ws/install/mrpt_msgs/local/lib/python3.10/dist-packages/mrpt_msgs/msg/_observation_range_bearing_s.c
[76.855s] -- Symlinking: /home/jozef/ros2_ws/install/mrpt_msgs/local/lib/python3.10/dist-packages/mrpt_msgs/msg/_single_object_observation.py
[76.876s] -- Symlinking: /home/jozef/ros2_ws/install/mrpt_msgs/local/lib/python3.10/dist-packages/mrpt_msgs/msg/_single_object_observation_s.c
[76.899s] -- Symlinking: /home/jozef/ros2_ws/install/mrpt_msgs/local/lib/python3.10/dist-packages/mrpt_msgs/msg/_single_range_beacon_observation.py
[76.921s] -- Symlinking: /home/jozef/ros2_ws/install/mrpt_msgs/local/lib/python3.10/dist-packages/mrpt_msgs/msg/_single_range_beacon_observation_s.c
[76.944s] -- Symlinking: /home/jozef/ros2_ws/install/mrpt_msgs/local/lib/python3.10/dist-packages/mrpt_msgs/msg/_single_range_bearing_observation.py
[76.967s] -- Symlinking: /home/jozef/ros2_ws/install/mrpt_msgs/local/lib/python3.10/dist-packages/mrpt_msgs/msg/_single_range_bearing_observation_s.c
[76.989s] -- Symlinking: /home/jozef/ros2_ws/install/mrpt_msgs/local/lib/python3.10/dist-packages/mrpt_msgs/msg/_waypoint.py
[77.011s] -- Symlinking: /home/jozef/ros2_ws/install/mrpt_msgs/local/lib/python3.10/dist-packages/mrpt_msgs/msg/_waypoint_s.c
[77.035s] -- Symlinking: /home/jozef/ros2_ws/install/mrpt_msgs/local/lib/python3.10/dist-packages/mrpt_msgs/msg/_waypoint_sequence.py
[77.054s] -- Symlinking: /home/jozef/ros2_ws/install/mrpt_msgs/local/lib/python3.10/dist-packages/mrpt_msgs/msg/_waypoint_sequence_s.c
[77.075s] -- Symlinking: /home/jozef/ros2_ws/install/mrpt_msgs/local/lib/python3.10/dist-packages/mrpt_msgs/srv/__init__.py
[77.097s] -- Symlinking: /home/jozef/ros2_ws/install/mrpt_msgs/local/lib/python3.10/dist-packages/mrpt_msgs/srv/_get_cm_graph.py
[77.121s] -- Symlinking: /home/jozef/ros2_ws/install/mrpt_msgs/local/lib/python3.10/dist-packages/mrpt_msgs/srv/_get_cm_graph_s.c
[77.146s] -- Up-to-date symlink: /home/jozef/ros2_ws/install/mrpt_msgs/local/lib/python3.10/dist-packages/mrpt_msgs/mrpt_msgs_s__rosidl_typesupport_fastrtps_c.cpython-310-x86_64-linux-gnu.so
[77.148s] -- Up-to-date symlink: /home/jozef/ros2_ws/install/mrpt_msgs/local/lib/python3.10/dist-packages/mrpt_msgs/mrpt_msgs_s__rosidl_typesupport_introspection_c.cpython-310-x86_64-linux-gnu.so
[77.150s] -- Up-to-date symlink: /home/jozef/ros2_ws/install/mrpt_msgs/local/lib/python3.10/dist-packages/mrpt_msgs/mrpt_msgs_s__rosidl_typesupport_c.cpython-310-x86_64-linux-gnu.so
[77.150s] -- Symlinking: /home/jozef/ros2_ws/install/mrpt_msgs/share/mrpt_msgs/msg/GenericObservation.idl
[77.173s] -- Symlinking: /home/jozef/ros2_ws/install/mrpt_msgs/share/mrpt_msgs/msg/GraphConstraint.idl
[77.194s] -- Symlinking: /home/jozef/ros2_ws/install/mrpt_msgs/share/mrpt_msgs/msg/GraphSlamAgent.idl
[77.220s] -- Symlinking: /home/jozef/ros2_ws/install/mrpt_msgs/share/mrpt_msgs/msg/GraphSlamStats.idl
[77.261s] -- Symlinking: /home/jozef/ros2_ws/install/mrpt_msgs/share/mrpt_msgs/msg/ObservationObject.idl
[77.290s] -- Symlinking: /home/jozef/ros2_ws/install/mrpt_msgs/share/mrpt_msgs/msg/ObservationRangeBeacon.idl
[77.311s] -- Symlinking: /home/jozef/ros2_ws/install/mrpt_msgs/share/mrpt_msgs/msg/ObservationRangeBearing.idl
[77.339s] -- Symlinking: /home/jozef/ros2_ws/install/mrpt_msgs/share/mrpt_msgs/msg/WaypointSequence.idl
[77.360s] -- Symlinking: /home/jozef/ros2_ws/install/mrpt_msgs/share/mrpt_msgs/msg/GenericObject.idl
[77.379s] -- Symlinking: /home/jozef/ros2_ws/install/mrpt_msgs/share/mrpt_msgs/msg/GraphSlamAgents.idl
[77.402s] -- Symlinking: /home/jozef/ros2_ws/install/mrpt_msgs/share/mrpt_msgs/msg/NetworkOfPoses.idl
[77.420s] -- Symlinking: /home/jozef/ros2_ws/install/mrpt_msgs/share/mrpt_msgs/msg/NodeIDWithLaserScan.idl
[77.441s] -- Symlinking: /home/jozef/ros2_ws/install/mrpt_msgs/share/mrpt_msgs/msg/NodeIDWithPose.idl
[77.465s] -- Symlinking: /home/jozef/ros2_ws/install/mrpt_msgs/share/mrpt_msgs/msg/NodeIDWithPoseVec.idl
[77.487s] -- Symlinking: /home/jozef/ros2_ws/install/mrpt_msgs/share/mrpt_msgs/msg/SingleObjectObservation.idl
[77.511s] -- Symlinking: /home/jozef/ros2_ws/install/mrpt_msgs/share/mrpt_msgs/msg/SingleRangeBeaconObservation.idl
[77.528s] -- Symlinking: /home/jozef/ros2_ws/install/mrpt_msgs/share/mrpt_msgs/msg/SingleRangeBearingObservation.idl
[77.549s] -- Symlinking: /home/jozef/ros2_ws/install/mrpt_msgs/share/mrpt_msgs/msg/Waypoint.idl
[77.569s] -- Symlinking: /home/jozef/ros2_ws/install/mrpt_msgs/share/mrpt_msgs/srv/GetCMGraph.idl
[77.592s] -- Symlinking: /home/jozef/ros2_ws/install/mrpt_msgs/share/mrpt_msgs/msg-ros2/GenericObservation.msg
[77.610s] -- Symlinking: /home/jozef/ros2_ws/install/mrpt_msgs/share/mrpt_msgs/msg-ros2/GraphConstraint.msg
[77.630s] -- Symlinking: /home/jozef/ros2_ws/install/mrpt_msgs/share/mrpt_msgs/msg-ros2/GraphSlamAgent.msg
[77.652s] -- Symlinking: /home/jozef/ros2_ws/install/mrpt_msgs/share/mrpt_msgs/msg-ros2/GraphSlamStats.msg
[77.672s] -- Symlinking: /home/jozef/ros2_ws/install/mrpt_msgs/share/mrpt_msgs/msg-ros2/ObservationObject.msg
[77.689s] -- Symlinking: /home/jozef/ros2_ws/install/mrpt_msgs/share/mrpt_msgs/msg-ros2/ObservationRangeBeacon.msg
[77.708s] -- Symlinking: /home/jozef/ros2_ws/install/mrpt_msgs/share/mrpt_msgs/msg-ros2/ObservationRangeBearing.msg
[77.725s] -- Symlinking: /home/jozef/ros2_ws/install/mrpt_msgs/share/mrpt_msgs/msg-ros2/WaypointSequence.msg
[77.744s] -- Symlinking: /home/jozef/ros2_ws/install/mrpt_msgs/share/mrpt_msgs/msg-common/GenericObject.msg
[77.764s] -- Symlinking: /home/jozef/ros2_ws/install/mrpt_msgs/share/mrpt_msgs/msg-common/GraphSlamAgents.msg
[77.782s] -- Symlinking: /home/jozef/ros2_ws/install/mrpt_msgs/share/mrpt_msgs/msg-common/NetworkOfPoses.msg
[77.801s] -- Symlinking: /home/jozef/ros2_ws/install/mrpt_msgs/share/mrpt_msgs/msg-common/NodeIDWithLaserScan.msg
[77.819s] -- Symlinking: /home/jozef/ros2_ws/install/mrpt_msgs/share/mrpt_msgs/msg-common/NodeIDWithPose.msg
[77.836s] -- Symlinking: /home/jozef/ros2_ws/install/mrpt_msgs/share/mrpt_msgs/msg-common/NodeIDWithPoseVec.msg
[77.855s] -- Symlinking: /home/jozef/ros2_ws/install/mrpt_msgs/share/mrpt_msgs/msg-common/SingleObjectObservation.msg
[77.873s] -- Symlinking: /home/jozef/ros2_ws/install/mrpt_msgs/share/mrpt_msgs/msg-common/SingleRangeBeaconObservation.msg
[77.897s] -- Symlinking: /home/jozef/ros2_ws/install/mrpt_msgs/share/mrpt_msgs/msg-common/SingleRangeBearingObservation.msg
[77.920s] -- Symlinking: /home/jozef/ros2_ws/install/mrpt_msgs/share/mrpt_msgs/msg-common/Waypoint.msg
[77.943s] -- Symlinking: /home/jozef/ros2_ws/install/mrpt_msgs/share/mrpt_msgs/srv/GetCMGraph.srv
[77.964s] -- Symlinking: /home/jozef/ros2_ws/install/mrpt_msgs/share/mrpt_msgs/srv/GetCMGraph_Request.msg
[77.986s] -- Symlinking: /home/jozef/ros2_ws/install/mrpt_msgs/share/mrpt_msgs/srv/GetCMGraph_Response.msg
[78.007s] -- Symlinking: /home/jozef/ros2_ws/install/mrpt_msgs/share/ament_index/resource_index/package_run_dependencies/mrpt_msgs
[78.027s] -- Symlinking: /home/jozef/ros2_ws/install/mrpt_msgs/share/ament_index/resource_index/parent_prefix_path/mrpt_msgs
[78.046s] -- Symlinking: /home/jozef/ros2_ws/install/mrpt_msgs/share/mrpt_msgs/environment/ament_prefix_path.sh
[78.067s] -- Symlinking: /home/jozef/ros2_ws/install/mrpt_msgs/share/mrpt_msgs/environment/ament_prefix_path.dsv
[78.089s] -- Symlinking: /home/jozef/ros2_ws/install/mrpt_msgs/share/mrpt_msgs/environment/path.sh
[78.109s] -- Symlinking: /home/jozef/ros2_ws/install/mrpt_msgs/share/mrpt_msgs/environment/path.dsv
[78.130s] -- Symlinking: /home/jozef/ros2_ws/install/mrpt_msgs/share/mrpt_msgs/local_setup.bash
[78.155s] -- Symlinking: /home/jozef/ros2_ws/install/mrpt_msgs/share/mrpt_msgs/local_setup.sh
[78.176s] -- Symlinking: /home/jozef/ros2_ws/install/mrpt_msgs/share/mrpt_msgs/local_setup.zsh
[78.197s] -- Symlinking: /home/jozef/ros2_ws/install/mrpt_msgs/share/mrpt_msgs/local_setup.dsv
[78.221s] -- Symlinking: /home/jozef/ros2_ws/install/mrpt_msgs/share/mrpt_msgs/package.dsv
[78.246s] -- Symlinking: /home/jozef/ros2_ws/install/mrpt_msgs/share/ament_index/resource_index/packages/mrpt_msgs
[78.274s] -- Symlinking: /home/jozef/ros2_ws/install/mrpt_msgs/share/mrpt_msgs/cmake/rosidl_cmake-extras.cmake
[78.296s] -- Symlinking: /home/jozef/ros2_ws/install/mrpt_msgs/share/mrpt_msgs/cmake/ament_cmake_export_dependencies-extras.cmake
[78.322s] -- Symlinking: /home/jozef/ros2_ws/install/mrpt_msgs/share/mrpt_msgs/cmake/ament_cmake_export_include_directories-extras.cmake
[78.342s] -- Symlinking: /home/jozef/ros2_ws/install/mrpt_msgs/share/mrpt_msgs/cmake/ament_cmake_export_libraries-extras.cmake
[78.365s] -- Symlinking: /home/jozef/ros2_ws/install/mrpt_msgs/share/mrpt_msgs/cmake/ament_cmake_export_targets-extras.cmake
[78.386s] -- Symlinking: /home/jozef/ros2_ws/install/mrpt_msgs/share/mrpt_msgs/cmake/rosidl_cmake_export_typesupport_targets-extras.cmake
[78.407s] -- Symlinking: /home/jozef/ros2_ws/install/mrpt_msgs/share/mrpt_msgs/cmake/rosidl_cmake_export_typesupport_libraries-extras.cmake
[78.429s] -- Symlinking: /home/jozef/ros2_ws/install/mrpt_msgs/share/mrpt_msgs/cmake/mrpt_msgsConfig.cmake
[78.451s] -- Symlinking: /home/jozef/ros2_ws/install/mrpt_msgs/share/mrpt_msgs/cmake/mrpt_msgsConfig-version.cmake
[78.472s] -- Symlinking: /home/jozef/ros2_ws/install/mrpt_msgs/share/mrpt_msgs/package.xml
[78.490s] -- Installing: /home/jozef/ros2_ws/install/mrpt_msgs/lib/libmrpt_msgs__rosidl_generator_c.so
[78.491s] -- Set runtime path of "/home/jozef/ros2_ws/install/mrpt_msgs/lib/libmrpt_msgs__rosidl_generator_c.so" to ""
[78.491s] -- Installing: /home/jozef/ros2_ws/install/mrpt_msgs/lib/libmrpt_msgs__rosidl_typesupport_fastrtps_c.so
[78.493s] -- Set runtime path of "/home/jozef/ros2_ws/install/mrpt_msgs/lib/libmrpt_msgs__rosidl_typesupport_fastrtps_c.so" to ""
[78.493s] -- Installing: /home/jozef/ros2_ws/install/mrpt_msgs/lib/libmrpt_msgs__rosidl_typesupport_introspection_c.so
[78.493s] -- Set runtime path of "/home/jozef/ros2_ws/install/mrpt_msgs/lib/libmrpt_msgs__rosidl_typesupport_introspection_c.so" to ""
[78.493s] -- Installing: /home/jozef/ros2_ws/install/mrpt_msgs/lib/libmrpt_msgs__rosidl_typesupport_c.so
[78.494s] -- Set runtime path of "/home/jozef/ros2_ws/install/mrpt_msgs/lib/libmrpt_msgs__rosidl_typesupport_c.so" to ""
[78.494s] -- Installing: /home/jozef/ros2_ws/install/mrpt_msgs/lib/libmrpt_msgs__rosidl_typesupport_fastrtps_cpp.so
[78.496s] -- Set runtime path of "/home/jozef/ros2_ws/install/mrpt_msgs/lib/libmrpt_msgs__rosidl_typesupport_fastrtps_cpp.so" to ""
[78.500s] -- Installing: /home/jozef/ros2_ws/install/mrpt_msgs/lib/libmrpt_msgs__rosidl_typesupport_introspection_cpp.so
[78.500s] -- Set runtime path of "/home/jozef/ros2_ws/install/mrpt_msgs/lib/libmrpt_msgs__rosidl_typesupport_introspection_cpp.so" to ""
[78.500s] -- Installing: /home/jozef/ros2_ws/install/mrpt_msgs/lib/libmrpt_msgs__rosidl_typesupport_cpp.so
[78.500s] -- Set runtime path of "/home/jozef/ros2_ws/install/mrpt_msgs/lib/libmrpt_msgs__rosidl_typesupport_cpp.so" to ""
[78.641s] Listing '/home/jozef/ros2_ws/install/mrpt_msgs/local/lib/python3.10/dist-packages/mrpt_msgs'...
[78.641s] Compiling '/home/jozef/ros2_ws/install/mrpt_msgs/local/lib/python3.10/dist-packages/mrpt_msgs/__init__.py'...
[78.641s] Listing '/home/jozef/ros2_ws/install/mrpt_msgs/local/lib/python3.10/dist-packages/mrpt_msgs/msg'...
[78.641s] Compiling '/home/jozef/ros2_ws/install/mrpt_msgs/local/lib/python3.10/dist-packages/mrpt_msgs/msg/__init__.py'...
[78.641s] Compiling '/home/jozef/ros2_ws/install/mrpt_msgs/local/lib/python3.10/dist-packages/mrpt_msgs/msg/_generic_object.py'...
[78.641s] Compiling '/home/jozef/ros2_ws/install/mrpt_msgs/local/lib/python3.10/dist-packages/mrpt_msgs/msg/_generic_observation.py'...
[78.641s] Compiling '/home/jozef/ros2_ws/install/mrpt_msgs/local/lib/python3.10/dist-packages/mrpt_msgs/msg/_graph_constraint.py'...
[78.642s] Compiling '/home/jozef/ros2_ws/install/mrpt_msgs/local/lib/python3.10/dist-packages/mrpt_msgs/msg/_graph_slam_agent.py'...
[78.642s] Compiling '/home/jozef/ros2_ws/install/mrpt_msgs/local/lib/python3.10/dist-packages/mrpt_msgs/msg/_graph_slam_agents.py'...
[78.642s] Compiling '/home/jozef/ros2_ws/install/mrpt_msgs/local/lib/python3.10/dist-packages/mrpt_msgs/msg/_graph_slam_stats.py'...
[78.642s] Compiling '/home/jozef/ros2_ws/install/mrpt_msgs/local/lib/python3.10/dist-packages/mrpt_msgs/msg/_network_of_poses.py'...
[78.642s] Compiling '/home/jozef/ros2_ws/install/mrpt_msgs/local/lib/python3.10/dist-packages/mrpt_msgs/msg/_node_id_with_laser_scan.py'...
[78.642s] Compiling '/home/jozef/ros2_ws/install/mrpt_msgs/local/lib/python3.10/dist-packages/mrpt_msgs/msg/_node_id_with_pose.py'...
[78.643s] Compiling '/home/jozef/ros2_ws/install/mrpt_msgs/local/lib/python3.10/dist-packages/mrpt_msgs/msg/_node_id_with_pose_vec.py'...
[78.643s] Compiling '/home/jozef/ros2_ws/install/mrpt_msgs/local/lib/python3.10/dist-packages/mrpt_msgs/msg/_observation_object.py'...
[78.643s] Compiling '/home/jozef/ros2_ws/install/mrpt_msgs/local/lib/python3.10/dist-packages/mrpt_msgs/msg/_observation_range_beacon.py'...
[78.643s] Compiling '/home/jozef/ros2_ws/install/mrpt_msgs/local/lib/python3.10/dist-packages/mrpt_msgs/msg/_observation_range_bearing.py'...
[78.643s] Compiling '/home/jozef/ros2_ws/install/mrpt_msgs/local/lib/python3.10/dist-packages/mrpt_msgs/msg/_single_object_observation.py'...
[78.643s] Compiling '/home/jozef/ros2_ws/install/mrpt_msgs/local/lib/python3.10/dist-packages/mrpt_msgs/msg/_single_range_beacon_observation.py'...
[78.643s] Compiling '/home/jozef/ros2_ws/install/mrpt_msgs/local/lib/python3.10/dist-packages/mrpt_msgs/msg/_single_range_bearing_observation.py'...
[78.643s] Compiling '/home/jozef/ros2_ws/install/mrpt_msgs/local/lib/python3.10/dist-packages/mrpt_msgs/msg/_waypoint.py'...
[78.643s] Compiling '/home/jozef/ros2_ws/install/mrpt_msgs/local/lib/python3.10/dist-packages/mrpt_msgs/msg/_waypoint_sequence.py'...
[78.644s] Listing '/home/jozef/ros2_ws/install/mrpt_msgs/local/lib/python3.10/dist-packages/mrpt_msgs/srv'...
[78.644s] Compiling '/home/jozef/ros2_ws/install/mrpt_msgs/local/lib/python3.10/dist-packages/mrpt_msgs/srv/__init__.py'...
[78.644s] Compiling '/home/jozef/ros2_ws/install/mrpt_msgs/local/lib/python3.10/dist-packages/mrpt_msgs/srv/_get_cm_graph.py'...
[78.659s] -- Installing: /home/jozef/ros2_ws/install/mrpt_msgs/lib/libmrpt_msgs__rosidl_generator_py.so
[78.660s] -- Set runtime path of "/home/jozef/ros2_ws/install/mrpt_msgs/lib/libmrpt_msgs__rosidl_generator_py.so" to ""
[78.662s] -- Installing: /home/jozef/ros2_ws/install/mrpt_msgs/share/mrpt_msgs/cmake/export_mrpt_msgs__rosidl_generator_cExport.cmake
[78.663s] -- Installing: /home/jozef/ros2_ws/install/mrpt_msgs/share/mrpt_msgs/cmake/export_mrpt_msgs__rosidl_generator_cExport-noconfig.cmake
[78.663s] -- Installing: /home/jozef/ros2_ws/install/mrpt_msgs/share/mrpt_msgs/cmake/export_mrpt_msgs__rosidl_typesupport_fastrtps_cExport.cmake
[78.664s] -- Installing: /home/jozef/ros2_ws/install/mrpt_msgs/share/mrpt_msgs/cmake/export_mrpt_msgs__rosidl_typesupport_fastrtps_cExport-noconfig.cmake
[78.665s] -- Installing: /home/jozef/ros2_ws/install/mrpt_msgs/share/mrpt_msgs/cmake/mrpt_msgs__rosidl_typesupport_introspection_cExport.cmake
[78.665s] -- Installing: /home/jozef/ros2_ws/install/mrpt_msgs/share/mrpt_msgs/cmake/mrpt_msgs__rosidl_typesupport_introspection_cExport-noconfig.cmake
[78.666s] -- Installing: /home/jozef/ros2_ws/install/mrpt_msgs/share/mrpt_msgs/cmake/mrpt_msgs__rosidl_typesupport_cExport.cmake
[78.667s] -- Installing: /home/jozef/ros2_ws/install/mrpt_msgs/share/mrpt_msgs/cmake/mrpt_msgs__rosidl_typesupport_cExport-noconfig.cmake
[78.668s] -- Installing: /home/jozef/ros2_ws/install/mrpt_msgs/share/mrpt_msgs/cmake/export_mrpt_msgs__rosidl_generator_cppExport.cmake
[78.668s] -- Installing: /home/jozef/ros2_ws/install/mrpt_msgs/share/mrpt_msgs/cmake/export_mrpt_msgs__rosidl_typesupport_fastrtps_cppExport.cmake
[78.669s] -- Installing: /home/jozef/ros2_ws/install/mrpt_msgs/share/mrpt_msgs/cmake/export_mrpt_msgs__rosidl_typesupport_fastrtps_cppExport-noconfig.cmake
[78.670s] -- Installing: /home/jozef/ros2_ws/install/mrpt_msgs/share/mrpt_msgs/cmake/mrpt_msgs__rosidl_typesupport_introspection_cppExport.cmake
[78.670s] -- Installing: /home/jozef/ros2_ws/install/mrpt_msgs/share/mrpt_msgs/cmake/mrpt_msgs__rosidl_typesupport_introspection_cppExport-noconfig.cmake
[78.671s] -- Installing: /home/jozef/ros2_ws/install/mrpt_msgs/share/mrpt_msgs/cmake/mrpt_msgs__rosidl_typesupport_cppExport.cmake
[78.672s] -- Installing: /home/jozef/ros2_ws/install/mrpt_msgs/share/mrpt_msgs/cmake/mrpt_msgs__rosidl_typesupport_cppExport-noconfig.cmake
[78.672s] -- Installing: /home/jozef/ros2_ws/install/mrpt_msgs/share/mrpt_msgs/cmake/export_mrpt_msgs__rosidl_generator_pyExport.cmake
[78.673s] -- Installing: /home/jozef/ros2_ws/install/mrpt_msgs/share/mrpt_msgs/cmake/export_mrpt_msgs__rosidl_generator_pyExport-noconfig.cmake
[78.682s] Invoked command in '/home/jozef/ros2_ws/build/mrpt_msgs' returned '0': CMAKE_PREFIX_PATH=/opt/ros/humble /usr/bin/cmake --install /home/jozef/ros2_ws/build/mrpt_msgs
