[0.142s] Invoking command in '/home/jozef/ros2_ws/build/mocap4r2_control': AMENT_PREFIX_PATH=/home/jozef/ros2_ws/install/mocap4r2_control_msgs:${AMENT_PREFIX_PATH} CMAKE_PREFIX_PATH=/home/jozef/ros2_ws/install/mocap4r2_control_msgs:/home/jozef/ros2_ws/install/tb2_slam:/home/jozef/ros2_ws/install/neo_localization2:/home/jozef/ros2_ws/install/mrpt_navigation:/home/jozef/ros2_ws/install/mrpt_tutorials:/home/jozef/ros2_ws/install/mrpt_tps_astar_planner:/home/jozef/ros2_ws/install/mrpt_reactivenav2d:/home/jozef/ros2_ws/install/mrpt_rawlog:/home/jozef/ros2_ws/install/mrpt_pointcloud_pipeline:/home/jozef/ros2_ws/install/mrpt_pf_localization:/home/jozef/ros2_ws/install/mrpt_map_server:/home/jozef/ros2_ws/install/mrpt_nav_interfaces:/home/jozef/ros2_ws/install/mrpt_msgs_bridge:/home/jozef/ros2_ws/install/mrpt_msgs:/home/jozef/ros2_ws/install/tb2_control:/opt/ros/humble LD_LIBRARY_PATH=/home/jozef/ros2_ws/install/mocap4r2_control_msgs/lib:${LD_LIBRARY_PATH} PYTHONPATH=/home/jozef/ros2_ws/install/mocap4r2_control_msgs/local/lib/python3.10/dist-packages:${PYTHONPATH} /usr/bin/cmake --build /home/jozef/ros2_ws/build/mocap4r2_control -- -j8 -l8
[0.309s] [35m[1mConsolidate compiler generated dependencies of target gtest_main[0m
[0.315s] [35m[1mConsolidate compiler generated dependencies of target gtest[0m
[0.324s] [35m[1mConsolidate compiler generated dependencies of target mocap4r2_control[0m
[0.359s] [ 14%] Built target gtest_main
[0.376s] [ 28%] Built target gtest
[0.420s] [ 57%] Built target mocap4r2_control
[0.461s] [35m[1mConsolidate compiler generated dependencies of target test_auxiliar[0m
[0.462s] [35m[1mConsolidate compiler generated dependencies of target auxiliar_main[0m
[0.486s] [35m[1mConsolidate compiler generated dependencies of target test_control[0m
[0.525s] [ 71%] Built target test_auxiliar
[0.548s] [ 85%] Built target auxiliar_main
[0.552s] [100%] Built target test_control
[0.918s] Invoked command in '/home/jozef/ros2_ws/build/mocap4r2_control' returned '0': AMENT_PREFIX_PATH=/home/jozef/ros2_ws/install/mocap4r2_control_msgs:${AMENT_PREFIX_PATH} CMAKE_PREFIX_PATH=/home/jozef/ros2_ws/install/mocap4r2_control_msgs:/home/jozef/ros2_ws/install/tb2_slam:/home/jozef/ros2_ws/install/neo_localization2:/home/jozef/ros2_ws/install/mrpt_navigation:/home/jozef/ros2_ws/install/mrpt_tutorials:/home/jozef/ros2_ws/install/mrpt_tps_astar_planner:/home/jozef/ros2_ws/install/mrpt_reactivenav2d:/home/jozef/ros2_ws/install/mrpt_rawlog:/home/jozef/ros2_ws/install/mrpt_pointcloud_pipeline:/home/jozef/ros2_ws/install/mrpt_pf_localization:/home/jozef/ros2_ws/install/mrpt_map_server:/home/jozef/ros2_ws/install/mrpt_nav_interfaces:/home/jozef/ros2_ws/install/mrpt_msgs_bridge:/home/jozef/ros2_ws/install/mrpt_msgs:/home/jozef/ros2_ws/install/tb2_control:/opt/ros/humble LD_LIBRARY_PATH=/home/jozef/ros2_ws/install/mocap4r2_control_msgs/lib:${LD_LIBRARY_PATH} PYTHONPATH=/home/jozef/ros2_ws/install/mocap4r2_control_msgs/local/lib/python3.10/dist-packages:${PYTHONPATH} /usr/bin/cmake --build /home/jozef/ros2_ws/build/mocap4r2_control -- -j8 -l8
[0.921s] Invoking command in '/home/jozef/ros2_ws/build/mocap4r2_control': AMENT_PREFIX_PATH=/home/jozef/ros2_ws/install/mocap4r2_control_msgs:${AMENT_PREFIX_PATH} CMAKE_PREFIX_PATH=/home/jozef/ros2_ws/install/mocap4r2_control_msgs:/home/jozef/ros2_ws/install/tb2_slam:/home/jozef/ros2_ws/install/neo_localization2:/home/jozef/ros2_ws/install/mrpt_navigation:/home/jozef/ros2_ws/install/mrpt_tutorials:/home/jozef/ros2_ws/install/mrpt_tps_astar_planner:/home/jozef/ros2_ws/install/mrpt_reactivenav2d:/home/jozef/ros2_ws/install/mrpt_rawlog:/home/jozef/ros2_ws/install/mrpt_pointcloud_pipeline:/home/jozef/ros2_ws/install/mrpt_pf_localization:/home/jozef/ros2_ws/install/mrpt_map_server:/home/jozef/ros2_ws/install/mrpt_nav_interfaces:/home/jozef/ros2_ws/install/mrpt_msgs_bridge:/home/jozef/ros2_ws/install/mrpt_msgs:/home/jozef/ros2_ws/install/tb2_control:/opt/ros/humble LD_LIBRARY_PATH=/home/jozef/ros2_ws/install/mocap4r2_control_msgs/lib:${LD_LIBRARY_PATH} PYTHONPATH=/home/jozef/ros2_ws/install/mocap4r2_control_msgs/local/lib/python3.10/dist-packages:${PYTHONPATH} /usr/bin/cmake --install /home/jozef/ros2_ws/build/mocap4r2_control
[0.973s] -- Install configuration: ""
[0.974s] -- Execute custom install script
[0.974s] -- Up-to-date symlink: /home/jozef/ros2_ws/install/mocap4r2_control/include//mocap4r2_control/AuxiliarNode.hpp
[0.974s] -- Up-to-date symlink: /home/jozef/ros2_ws/install/mocap4r2_control/include//mocap4r2_control/ControlledLifecycleNode.hpp
[0.974s] -- Up-to-date symlink: /home/jozef/ros2_ws/install/mocap4r2_control/include//mocap4r2_control/ControllerNode.hpp
[0.974s] -- Up-to-date symlink: /home/jozef/ros2_ws/install/mocap4r2_control/share/mocap4r2_control/config/config_example.yaml
[0.974s] -- Up-to-date symlink: /home/jozef/ros2_ws/install/mocap4r2_control/share/mocap4r2_control/launch/auxiliar.launch.py
[0.975s] -- Up-to-date symlink: /home/jozef/ros2_ws/install/mocap4r2_control/lib/libmocap4r2_control.so
[0.975s] -- Up-to-date symlink: /home/jozef/ros2_ws/install/mocap4r2_control/lib/mocap4r2_control/auxiliar_main
[0.976s] -- Up-to-date symlink: /home/jozef/ros2_ws/install/mocap4r2_control/share/mocap4r2_control/environment/library_path.sh
[0.976s] -- Up-to-date symlink: /home/jozef/ros2_ws/install/mocap4r2_control/share/mocap4r2_control/environment/library_path.dsv
[0.976s] -- Up-to-date symlink: /home/jozef/ros2_ws/install/mocap4r2_control/share/ament_index/resource_index/package_run_dependencies/mocap4r2_control
[0.976s] -- Up-to-date symlink: /home/jozef/ros2_ws/install/mocap4r2_control/share/ament_index/resource_index/parent_prefix_path/mocap4r2_control
[0.976s] -- Up-to-date symlink: /home/jozef/ros2_ws/install/mocap4r2_control/share/mocap4r2_control/environment/ament_prefix_path.sh
[0.976s] -- Up-to-date symlink: /home/jozef/ros2_ws/install/mocap4r2_control/share/mocap4r2_control/environment/ament_prefix_path.dsv
[0.976s] -- Up-to-date symlink: /home/jozef/ros2_ws/install/mocap4r2_control/share/mocap4r2_control/environment/path.sh
[0.977s] -- Up-to-date symlink: /home/jozef/ros2_ws/install/mocap4r2_control/share/mocap4r2_control/environment/path.dsv
[0.977s] -- Up-to-date symlink: /home/jozef/ros2_ws/install/mocap4r2_control/share/mocap4r2_control/local_setup.bash
[0.977s] -- Up-to-date symlink: /home/jozef/ros2_ws/install/mocap4r2_control/share/mocap4r2_control/local_setup.sh
[0.977s] -- Up-to-date symlink: /home/jozef/ros2_ws/install/mocap4r2_control/share/mocap4r2_control/local_setup.zsh
[0.977s] -- Up-to-date symlink: /home/jozef/ros2_ws/install/mocap4r2_control/share/mocap4r2_control/local_setup.dsv
[0.977s] -- Symlinking: /home/jozef/ros2_ws/install/mocap4r2_control/share/mocap4r2_control/package.dsv
[0.977s] -- Up-to-date symlink: /home/jozef/ros2_ws/install/mocap4r2_control/share/ament_index/resource_index/packages/mocap4r2_control
[0.977s] -- Up-to-date symlink: /home/jozef/ros2_ws/install/mocap4r2_control/share/mocap4r2_control/cmake/ament_cmake_export_include_directories-extras.cmake
[0.977s] -- Up-to-date symlink: /home/jozef/ros2_ws/install/mocap4r2_control/share/mocap4r2_control/cmake/ament_cmake_export_libraries-extras.cmake
[0.978s] -- Up-to-date symlink: /home/jozef/ros2_ws/install/mocap4r2_control/share/mocap4r2_control/cmake/ament_cmake_export_dependencies-extras.cmake
[0.978s] -- Up-to-date symlink: /home/jozef/ros2_ws/install/mocap4r2_control/share/mocap4r2_control/cmake/mocap4r2_controlConfig.cmake
[0.978s] -- Up-to-date symlink: /home/jozef/ros2_ws/install/mocap4r2_control/share/mocap4r2_control/cmake/mocap4r2_controlConfig-version.cmake
[0.978s] -- Up-to-date symlink: /home/jozef/ros2_ws/install/mocap4r2_control/share/mocap4r2_control/package.xml
[0.997s] Invoked command in '/home/jozef/ros2_ws/build/mocap4r2_control' returned '0': AMENT_PREFIX_PATH=/home/jozef/ros2_ws/install/mocap4r2_control_msgs:${AMENT_PREFIX_PATH} CMAKE_PREFIX_PATH=/home/jozef/ros2_ws/install/mocap4r2_control_msgs:/home/jozef/ros2_ws/install/tb2_slam:/home/jozef/ros2_ws/install/neo_localization2:/home/jozef/ros2_ws/install/mrpt_navigation:/home/jozef/ros2_ws/install/mrpt_tutorials:/home/jozef/ros2_ws/install/mrpt_tps_astar_planner:/home/jozef/ros2_ws/install/mrpt_reactivenav2d:/home/jozef/ros2_ws/install/mrpt_rawlog:/home/jozef/ros2_ws/install/mrpt_pointcloud_pipeline:/home/jozef/ros2_ws/install/mrpt_pf_localization:/home/jozef/ros2_ws/install/mrpt_map_server:/home/jozef/ros2_ws/install/mrpt_nav_interfaces:/home/jozef/ros2_ws/install/mrpt_msgs_bridge:/home/jozef/ros2_ws/install/mrpt_msgs:/home/jozef/ros2_ws/install/tb2_control:/opt/ros/humble LD_LIBRARY_PATH=/home/jozef/ros2_ws/install/mocap4r2_control_msgs/lib:${LD_LIBRARY_PATH} PYTHONPATH=/home/jozef/ros2_ws/install/mocap4r2_control_msgs/local/lib/python3.10/dist-packages:${PYTHONPATH} /usr/bin/cmake --install /home/jozef/ros2_ws/build/mocap4r2_control
