[0.047s] Invoking command in '/home/jozef/ros2_ws/build/mrpt_msgs': /usr/bin/cmake /home/jozef/ros2_ws/src/mrpt_msgs -DCATKIN_INSTALL_INTO_PREFIX_ROOT=0 -DCATKIN_SYMLINK_INSTALL=ON -DCMAKE_INSTALL_PREFIX=/home/jozef/ros2_ws/install/mrpt_msgs
[0.447s] -- The C compiler identification is GNU 11.4.0
[0.475s] -- The CXX compiler identification is GNU 11.4.0
[0.490s] -- Detecting C compiler ABI info
[0.658s] -- Detecting C compiler ABI info - done
[0.683s] -- Check for working C compiler: /usr/bin/cc - skipped
[0.683s] -- Detecting C compile features
[0.683s] -- Detecting C compile features - done
[0.689s] -- Detecting CXX compiler ABI info
[0.872s] -- Detecting CXX compiler ABI info - done
[0.889s] -- Check for working CXX compiler: /usr/bin/c++ - skipped
[0.889s] -- Detecting CXX compile features
[0.889s] -- Detecting CXX compile features - done
[0.938s] -- Configuring incomplete, errors occurred!
[0.939s] See also "/home/jozef/ros2_ws/build/mrpt_msgs/CMakeFiles/CMakeOutput.log".
[0.940s] [31mCMake Error at CMakeLists.txt:16 (find_package):
[0.941s]   By not providing "Findcatkin.cmake" in CMAKE_MODULE_PATH this project has
[0.941s]   asked CMake to find a package configuration file provided by "catkin", but
[0.941s]   CMake did not find one.
[0.941s] 
[0.941s]   Could not find a package configuration file provided by "catkin" with any
[0.941s]   of the following names:
[0.941s] 
[0.941s]     catkinConfig.cmake
[0.942s]     catkin-config.cmake
[0.942s] 
[0.942s]   Add the installation prefix of "catkin" to CMAKE_PREFIX_PATH or set
[0.942s]   "catkin_DIR" to a directory containing one of the above files.  If "catkin"
[0.942s]   provides a separate development package or SDK, be sure it has been
[0.942s]   installed.
[0.942s] 
[0.942s] [0m
[0.949s] Invoked command in '/home/jozef/ros2_ws/build/mrpt_msgs' returned '1': /usr/bin/cmake /home/jozef/ros2_ws/src/mrpt_msgs -DCATKIN_INSTALL_INTO_PREFIX_ROOT=0 -DCATKIN_SYMLINK_INSTALL=ON -DCMAKE_INSTALL_PREFIX=/home/jozef/ros2_ws/install/mrpt_msgs
