[0.061s] Invoking command in '/home/jozef/ros2_ws/build/mocap4r2_control_msgs': CMAKE_PREFIX_PATH=${CMAKE_PREFIX_PATH}:/home/jozef/ros2_ws/install/tb2_control:/home/jozef/ros2_ws/install/mocap4r2cli:/home/jozef/ros2_ws/install/localization_benchmarking:/opt/ros/humble /usr/bin/cmake /home/jozef/ros2_ws/src/mocap4r2_control/mocap4r2_control_msgs -DAMENT_CMAKE_SYMLINK_INSTALL=1 -DCMAKE_INSTALL_PREFIX=/home/jozef/ros2_ws/install/mocap4r2_control_msgs
[0.427s] -- The C compiler identification is GNU 11.4.0
[0.643s] -- The CXX compiler identification is GNU 11.4.0
[0.670s] -- Detecting C compiler ABI info
[0.879s] -- Detecting C compiler ABI info - done
[0.900s] -- Check for working C compiler: /usr/bin/cc - skipped
[0.900s] -- Detecting C compile features
[0.908s] -- Detecting C compile features - done
[0.914s] -- Detecting CXX compiler ABI info
[1.190s] -- Detecting CXX compiler ABI info - done
[1.211s] -- Check for working CXX compiler: /usr/bin/c++ - skipped
[1.211s] -- Detecting CXX compile features
[1.212s] -- Detecting CXX compile features - done
[1.247s] -- Found ament_cmake: 1.3.11 (/opt/ros/humble/share/ament_cmake/cmake)
[2.206s] -- Found Python3: /usr/bin/python3 (found version "3.10.12") found components: Interpreter 
[2.407s] -- Override CMake install command with custom implementation using symlinks instead of copying resources
[2.545s] -- Found rosidl_default_generators: 1.2.0 (/opt/ros/humble/share/rosidl_default_generators/cmake)
[2.563s] -- Using all available rosidl_typesupport_c: rosidl_typesupport_fastrtps_c;rosidl_typesupport_introspection_c
[2.582s] -- Found rosidl_adapter: 3.1.6 (/opt/ros/humble/share/rosidl_adapter/cmake)
[2.703s] -- Using all available rosidl_typesupport_cpp: rosidl_typesupport_fastrtps_cpp;rosidl_typesupport_introspection_cpp
[2.795s] -- Found builtin_interfaces: 1.2.1 (/opt/ros/humble/share/builtin_interfaces/cmake)
[2.828s] -- Found std_msgs: 4.2.4 (/opt/ros/humble/share/std_msgs/cmake)
[2.862s] -- Found geometry_msgs: 4.2.4 (/opt/ros/humble/share/geometry_msgs/cmake)
[3.584s] -- Found ament_cmake_ros: 0.10.0 (/opt/ros/humble/share/ament_cmake_ros/cmake)
[4.460s] -- Using all available rosidl_typesupport_c: rosidl_typesupport_fastrtps_c;rosidl_typesupport_introspection_c
[5.524s] -- Using all available rosidl_typesupport_cpp: rosidl_typesupport_fastrtps_cpp;rosidl_typesupport_introspection_cpp
[5.607s] -- Found PythonInterp: /usr/bin/python3 (found suitable version "3.10.12", minimum required is "3.6") 
[5.612s] -- Found python_cmake_module: 0.10.0 (/opt/ros/humble/share/python_cmake_module/cmake)
[5.696s] -- Found PythonLibs: /usr/lib/x86_64-linux-gnu/libpython3.10.so (found suitable version "3.10.12", minimum required is "3.5") 
[5.696s] -- Using PYTHON_EXECUTABLE: /usr/bin/python3
[5.697s] -- Using PYTHON_INCLUDE_DIRS: /usr/include/python3.10
[5.697s] -- Using PYTHON_LIBRARIES: /usr/lib/x86_64-linux-gnu/libpython3.10.so
[5.756s] -- Found PythonExtra: .so  
[6.105s] -- Configuring done
[6.209s] -- Generating done
[6.253s] -- Build files have been written to: /home/jozef/ros2_ws/build/mocap4r2_control_msgs
[6.294s] Invoked command in '/home/jozef/ros2_ws/build/mocap4r2_control_msgs' returned '0': CMAKE_PREFIX_PATH=${CMAKE_PREFIX_PATH}:/home/jozef/ros2_ws/install/tb2_control:/home/jozef/ros2_ws/install/mocap4r2cli:/home/jozef/ros2_ws/install/localization_benchmarking:/opt/ros/humble /usr/bin/cmake /home/jozef/ros2_ws/src/mocap4r2_control/mocap4r2_control_msgs -DAMENT_CMAKE_SYMLINK_INSTALL=1 -DCMAKE_INSTALL_PREFIX=/home/jozef/ros2_ws/install/mocap4r2_control_msgs
[6.299s] Invoking command in '/home/jozef/ros2_ws/build/mocap4r2_control_msgs': CMAKE_PREFIX_PATH=${CMAKE_PREFIX_PATH}:/home/jozef/ros2_ws/install/tb2_control:/home/jozef/ros2_ws/install/mocap4r2cli:/home/jozef/ros2_ws/install/localization_benchmarking:/opt/ros/humble /usr/bin/cmake --build /home/jozef/ros2_ws/build/mocap4r2_control_msgs -- -j8 -l8
[8.471s] [  2%] [34m[1mGenerating C code for ROS interfaces[0m
[8.471s] [  5%] [34m[1mGenerating C++ code for ROS interfaces[0m
[8.485s] [  5%] Built target ament_cmake_python_symlink_mocap4r2_control_msgs
[8.656s] running egg_info
[8.661s] creating mocap4r2_control_msgs.egg-info
[8.821s] writing mocap4r2_control_msgs.egg-info/PKG-INFO
[8.823s] writing dependency_links to mocap4r2_control_msgs.egg-info/dependency_links.txt
[8.827s] writing top-level names to mocap4r2_control_msgs.egg-info/top_level.txt
[8.827s] writing manifest file 'mocap4r2_control_msgs.egg-info/SOURCES.txt'
[9.454s] reading manifest file 'mocap4r2_control_msgs.egg-info/SOURCES.txt'
[9.455s] writing manifest file 'mocap4r2_control_msgs.egg-info/SOURCES.txt'
[9.464s] [  7%] [32mBuilding C object CMakeFiles/mocap4r2_control_msgs__rosidl_generator_c.dir/rosidl_generator_c/mocap4r2_control_msgs/msg/detail/mocap_info__functions.c.o[0m
[9.485s] [ 10%] [32mBuilding C object CMakeFiles/mocap4r2_control_msgs__rosidl_generator_c.dir/rosidl_generator_c/mocap4r2_control_msgs/msg/detail/control__functions.c.o[0m
[9.545s] [ 10%] Built target mocap4r2_control_msgs__cpp
[9.657s] [ 12%] [34m[1mGenerating C++ type support dispatch for ROS interfaces[0m
[9.689s] [ 15%] [34m[1mGenerating C++ type support for eProsima Fast-RTPS[0m
[9.704s] [ 17%] [34m[1mGenerating C++ introspection for ROS interfaces[0m
[9.806s] [ 17%] Built target ament_cmake_python_build_mocap4r2_control_msgs_egg
[9.980s] [ 20%] [32m[1mLinking C shared library libmocap4r2_control_msgs__rosidl_generator_c.so[0m
[10.372s] [ 20%] Built target mocap4r2_control_msgs__rosidl_generator_c
[10.439s] [ 23%] [34m[1mGenerating C type support for eProsima Fast-RTPS[0m
[10.465s] [ 25%] [34m[1mGenerating C type support dispatch for ROS interfaces[0m
[10.474s] [ 28%] [34m[1mGenerating C introspection for ROS interfaces[0m
[12.295s] [ 30%] [32mBuilding CXX object CMakeFiles/mocap4r2_control_msgs__rosidl_typesupport_cpp.dir/rosidl_typesupport_cpp/mocap4r2_control_msgs/msg/mocap_info__type_support.cpp.o[0m
[12.344s] [ 33%] [32mBuilding CXX object CMakeFiles/mocap4r2_control_msgs__rosidl_typesupport_cpp.dir/rosidl_typesupport_cpp/mocap4r2_control_msgs/msg/control__type_support.cpp.o[0m
[12.525s] [ 35%] [32mBuilding CXX object CMakeFiles/mocap4r2_control_msgs__rosidl_typesupport_introspection_cpp.dir/rosidl_typesupport_introspection_cpp/mocap4r2_control_msgs/msg/detail/control__type_support.cpp.o[0m
[12.545s] [ 38%] [32mBuilding CXX object CMakeFiles/mocap4r2_control_msgs__rosidl_typesupport_introspection_cpp.dir/rosidl_typesupport_introspection_cpp/mocap4r2_control_msgs/msg/detail/mocap_info__type_support.cpp.o[0m
[13.303s] [ 41%] [32mBuilding CXX object CMakeFiles/mocap4r2_control_msgs__rosidl_typesupport_fastrtps_cpp.dir/rosidl_typesupport_fastrtps_cpp/mocap4r2_control_msgs/msg/detail/dds_fastrtps/control__type_support.cpp.o[0m
[14.197s] [ 43%] [32mBuilding CXX object CMakeFiles/mocap4r2_control_msgs__rosidl_typesupport_c.dir/rosidl_typesupport_c/mocap4r2_control_msgs/msg/control__type_support.cpp.o[0m
[14.433s] [ 46%] [32mBuilding CXX object CMakeFiles/mocap4r2_control_msgs__rosidl_typesupport_c.dir/rosidl_typesupport_c/mocap4r2_control_msgs/msg/mocap_info__type_support.cpp.o[0m
[14.476s] [ 48%] [32mBuilding C object CMakeFiles/mocap4r2_control_msgs__rosidl_typesupport_introspection_c.dir/rosidl_typesupport_introspection_c/mocap4r2_control_msgs/msg/detail/control__type_support.c.o[0m
[14.680s] [ 51%] [32m[1mLinking CXX shared library libmocap4r2_control_msgs__rosidl_typesupport_c.so[0m
[14.839s] [ 53%] [32mBuilding C object CMakeFiles/mocap4r2_control_msgs__rosidl_typesupport_introspection_c.dir/rosidl_typesupport_introspection_c/mocap4r2_control_msgs/msg/detail/mocap_info__type_support.c.o[0m
[14.889s] [ 56%] [32mBuilding CXX object CMakeFiles/mocap4r2_control_msgs__rosidl_typesupport_fastrtps_c.dir/rosidl_typesupport_fastrtps_c/mocap4r2_control_msgs/msg/detail/control__type_support_c.cpp.o[0m
[15.104s] [ 58%] [32mBuilding CXX object CMakeFiles/mocap4r2_control_msgs__rosidl_typesupport_fastrtps_c.dir/rosidl_typesupport_fastrtps_c/mocap4r2_control_msgs/msg/detail/mocap_info__type_support_c.cpp.o[0m
[15.236s] [ 58%] Built target mocap4r2_control_msgs__rosidl_typesupport_c
[15.320s] [ 61%] [32mBuilding CXX object CMakeFiles/mocap4r2_control_msgs__rosidl_typesupport_fastrtps_cpp.dir/rosidl_typesupport_fastrtps_cpp/mocap4r2_control_msgs/msg/detail/dds_fastrtps/mocap_info__type_support.cpp.o[0m
[15.487s] [ 64%] [32m[1mLinking C shared library libmocap4r2_control_msgs__rosidl_typesupport_introspection_c.so[0m
[15.921s] [ 66%] [32m[1mLinking CXX shared library libmocap4r2_control_msgs__rosidl_typesupport_introspection_cpp.so[0m
[15.949s] [ 66%] Built target mocap4r2_control_msgs__rosidl_typesupport_introspection_c
[16.271s] [ 69%] [32m[1mLinking CXX shared library libmocap4r2_control_msgs__rosidl_typesupport_cpp.so[0m
[16.627s] [ 69%] Built target mocap4r2_control_msgs__rosidl_typesupport_introspection_cpp
[16.774s] [ 69%] Built target mocap4r2_control_msgs__rosidl_typesupport_cpp
[18.344s] [ 71%] [32m[1mLinking CXX shared library libmocap4r2_control_msgs__rosidl_typesupport_fastrtps_cpp.so[0m
[18.979s] [ 71%] Built target mocap4r2_control_msgs__rosidl_typesupport_fastrtps_cpp
[19.051s] [ 74%] [32m[1mLinking CXX shared library libmocap4r2_control_msgs__rosidl_typesupport_fastrtps_c.so[0m
[19.686s] [ 74%] Built target mocap4r2_control_msgs__rosidl_typesupport_fastrtps_c
[19.881s] [ 74%] Built target mocap4r2_control_msgs
[20.069s] [ 76%] [34m[1mGenerating Python code for ROS interfaces[0m
[166.878s] [ 76%] Built target mocap4r2_control_msgs__py
[166.999s] [ 79%] [32mBuilding C object CMakeFiles/mocap4r2_control_msgs__rosidl_generator_py.dir/rosidl_generator_py/mocap4r2_control_msgs/msg/_control_s.c.o[0m
