[0.084s] Invoking command in '/home/jozef/ros2_ws/build/mocap4r2_control_msgs': CMAKE_PREFIX_PATH=/home/jozef/ros2_ws/install/tb2_slam:/home/jozef/ros2_ws/install/rqt_mocap4r2_control:/home/jozef/ros2_ws/install/neo_localization2:/home/jozef/ros2_ws/install/mrpt_navigation:/home/jozef/ros2_ws/install/mrpt_tutorials:/home/jozef/ros2_ws/install/mrpt_tps_astar_planner:/home/jozef/ros2_ws/install/mrpt_reactivenav2d:/home/jozef/ros2_ws/install/mrpt_rawlog:/home/jozef/ros2_ws/install/mrpt_pointcloud_pipeline:/home/jozef/ros2_ws/install/mrpt_pf_localization:/home/jozef/ros2_ws/install/mrpt_map_server:/home/jozef/ros2_ws/install/mrpt_nav_interfaces:/home/jozef/ros2_ws/install/mrpt_msgs_bridge:/home/jozef/ros2_ws/install/tb2_control:/home/jozef/ros2_ws/install/tb2_bringup:/home/jozef/ros2_ws/install/mocap4r2cli:/home/jozef/ros2_ws/install/localization_benchmarking:/opt/ros/humble:/home/jozef/ros2_ws/install/mrpt_msgs:/home/jozef/ros2_ws/install/mocap4r2_robot_gt:/home/jozef/ros2_ws/install/mocap4r2_robot_gt_msgs:/home/jozef/ros2_ws/install/mocap4r2_optitrack_driver:/home/jozef/ros2_ws/install/mocap4r2_marker_viz:/home/jozef/ros2_ws/install/mocap4r2_marker_publisher:/home/jozef/ros2_ws/install/mocap4r2_dummy_driver:/home/jozef/ros2_ws/install/mocap4r2_msgs:/home/jozef/ros2_ws/install/mocap4r2_marker_viz_srvs:/home/jozef/ros2_ws/install/mocap4r2_control:/home/jozef/ros2_ws/install/mocap4r2_control_msgs:/home/jozef/ros2_ws/install/message_filters /usr/bin/cmake --build /home/jozef/ros2_ws/build/mocap4r2_control_msgs -- -j8 -l8
[0.247s] [  2%] Built target mocap4r2_control_msgs__cpp
[0.282s] [ 12%] Built target mocap4r2_control_msgs__rosidl_generator_c
[0.340s] [ 12%] Built target ament_cmake_python_symlink_mocap4r2_control_msgs
[0.428s] [ 23%] Built target mocap4r2_control_msgs__rosidl_typesupport_cpp
[0.453s] [ 33%] Built target mocap4r2_control_msgs__rosidl_typesupport_fastrtps_cpp
[0.481s] [ 43%] Built target mocap4r2_control_msgs__rosidl_typesupport_introspection_cpp
[0.531s] [ 53%] Built target mocap4r2_control_msgs__rosidl_typesupport_fastrtps_c
[0.541s] [ 64%] Built target mocap4r2_control_msgs__rosidl_typesupport_introspection_c
[0.562s] [ 74%] Built target mocap4r2_control_msgs__rosidl_typesupport_c
[0.661s] [ 74%] Built target mocap4r2_control_msgs
[0.785s] [ 76%] Built target mocap4r2_control_msgs__py
[0.901s] [ 84%] Built target mocap4r2_control_msgs__rosidl_generator_py
[1.069s] [ 89%] Built target mocap4r2_control_msgs__rosidl_typesupport_introspection_c__pyext
[1.093s] [ 94%] Built target mocap4r2_control_msgs__rosidl_typesupport_fastrtps_c__pyext
[1.113s] [100%] Built target mocap4r2_control_msgs__rosidl_typesupport_c__pyext
[1.427s] running egg_info
[1.476s] writing mocap4r2_control_msgs.egg-info/PKG-INFO
[1.479s] writing dependency_links to mocap4r2_control_msgs.egg-info/dependency_links.txt
[1.479s] writing top-level names to mocap4r2_control_msgs.egg-info/top_level.txt
[1.635s] reading manifest file 'mocap4r2_control_msgs.egg-info/SOURCES.txt'
[1.635s] writing manifest file 'mocap4r2_control_msgs.egg-info/SOURCES.txt'
[1.783s] [100%] Built target ament_cmake_python_build_mocap4r2_control_msgs_egg
[1.816s] Invoked command in '/home/jozef/ros2_ws/build/mocap4r2_control_msgs' returned '0': CMAKE_PREFIX_PATH=/home/jozef/ros2_ws/install/tb2_slam:/home/jozef/ros2_ws/install/rqt_mocap4r2_control:/home/jozef/ros2_ws/install/neo_localization2:/home/jozef/ros2_ws/install/mrpt_navigation:/home/jozef/ros2_ws/install/mrpt_tutorials:/home/jozef/ros2_ws/install/mrpt_tps_astar_planner:/home/jozef/ros2_ws/install/mrpt_reactivenav2d:/home/jozef/ros2_ws/install/mrpt_rawlog:/home/jozef/ros2_ws/install/mrpt_pointcloud_pipeline:/home/jozef/ros2_ws/install/mrpt_pf_localization:/home/jozef/ros2_ws/install/mrpt_map_server:/home/jozef/ros2_ws/install/mrpt_nav_interfaces:/home/jozef/ros2_ws/install/mrpt_msgs_bridge:/home/jozef/ros2_ws/install/tb2_control:/home/jozef/ros2_ws/install/tb2_bringup:/home/jozef/ros2_ws/install/mocap4r2cli:/home/jozef/ros2_ws/install/localization_benchmarking:/opt/ros/humble:/home/jozef/ros2_ws/install/mrpt_msgs:/home/jozef/ros2_ws/install/mocap4r2_robot_gt:/home/jozef/ros2_ws/install/mocap4r2_robot_gt_msgs:/home/jozef/ros2_ws/install/mocap4r2_optitrack_driver:/home/jozef/ros2_ws/install/mocap4r2_marker_viz:/home/jozef/ros2_ws/install/mocap4r2_marker_publisher:/home/jozef/ros2_ws/install/mocap4r2_dummy_driver:/home/jozef/ros2_ws/install/mocap4r2_msgs:/home/jozef/ros2_ws/install/mocap4r2_marker_viz_srvs:/home/jozef/ros2_ws/install/mocap4r2_control:/home/jozef/ros2_ws/install/mocap4r2_control_msgs:/home/jozef/ros2_ws/install/message_filters /usr/bin/cmake --build /home/jozef/ros2_ws/build/mocap4r2_control_msgs -- -j8 -l8
[1.855s] Invoking command in '/home/jozef/ros2_ws/build/mocap4r2_control_msgs': CMAKE_PREFIX_PATH=/home/jozef/ros2_ws/install/tb2_slam:/home/jozef/ros2_ws/install/rqt_mocap4r2_control:/home/jozef/ros2_ws/install/neo_localization2:/home/jozef/ros2_ws/install/mrpt_navigation:/home/jozef/ros2_ws/install/mrpt_tutorials:/home/jozef/ros2_ws/install/mrpt_tps_astar_planner:/home/jozef/ros2_ws/install/mrpt_reactivenav2d:/home/jozef/ros2_ws/install/mrpt_rawlog:/home/jozef/ros2_ws/install/mrpt_pointcloud_pipeline:/home/jozef/ros2_ws/install/mrpt_pf_localization:/home/jozef/ros2_ws/install/mrpt_map_server:/home/jozef/ros2_ws/install/mrpt_nav_interfaces:/home/jozef/ros2_ws/install/mrpt_msgs_bridge:/home/jozef/ros2_ws/install/tb2_control:/home/jozef/ros2_ws/install/tb2_bringup:/home/jozef/ros2_ws/install/mocap4r2cli:/home/jozef/ros2_ws/install/localization_benchmarking:/opt/ros/humble:/home/jozef/ros2_ws/install/mrpt_msgs:/home/jozef/ros2_ws/install/mocap4r2_robot_gt:/home/jozef/ros2_ws/install/mocap4r2_robot_gt_msgs:/home/jozef/ros2_ws/install/mocap4r2_optitrack_driver:/home/jozef/ros2_ws/install/mocap4r2_marker_viz:/home/jozef/ros2_ws/install/mocap4r2_marker_publisher:/home/jozef/ros2_ws/install/mocap4r2_dummy_driver:/home/jozef/ros2_ws/install/mocap4r2_msgs:/home/jozef/ros2_ws/install/mocap4r2_marker_viz_srvs:/home/jozef/ros2_ws/install/mocap4r2_control:/home/jozef/ros2_ws/install/mocap4r2_control_msgs:/home/jozef/ros2_ws/install/message_filters /usr/bin/cmake --install /home/jozef/ros2_ws/build/mocap4r2_control_msgs
[1.905s] -- Install configuration: ""
[1.905s] -- Execute custom install script
[1.906s] -- Up-to-date symlink: /home/jozef/ros2_ws/install/mocap4r2_control_msgs/share/ament_index/resource_index/rosidl_interfaces/mocap4r2_control_msgs
[1.910s] -- Up-to-date symlink: /home/jozef/ros2_ws/install/mocap4r2_control_msgs/include/mocap4r2_control_msgs/mocap4r2_control_msgs/msg/control.h
[1.928s] -- Up-to-date symlink: /home/jozef/ros2_ws/install/mocap4r2_control_msgs/include/mocap4r2_control_msgs/mocap4r2_control_msgs/msg/detail/control__functions.h
[1.929s] -- Up-to-date symlink: /home/jozef/ros2_ws/install/mocap4r2_control_msgs/include/mocap4r2_control_msgs/mocap4r2_control_msgs/msg/detail/control__struct.h
[1.929s] -- Up-to-date symlink: /home/jozef/ros2_ws/install/mocap4r2_control_msgs/include/mocap4r2_control_msgs/mocap4r2_control_msgs/msg/detail/control__type_support.h
[1.929s] -- Up-to-date symlink: /home/jozef/ros2_ws/install/mocap4r2_control_msgs/include/mocap4r2_control_msgs/mocap4r2_control_msgs/msg/detail/mocap_info__functions.h
[1.929s] -- Up-to-date symlink: /home/jozef/ros2_ws/install/mocap4r2_control_msgs/include/mocap4r2_control_msgs/mocap4r2_control_msgs/msg/detail/mocap_info__struct.h
[1.930s] -- Up-to-date symlink: /home/jozef/ros2_ws/install/mocap4r2_control_msgs/include/mocap4r2_control_msgs/mocap4r2_control_msgs/msg/detail/mocap_info__type_support.h
[1.930s] -- Up-to-date symlink: /home/jozef/ros2_ws/install/mocap4r2_control_msgs/include/mocap4r2_control_msgs/mocap4r2_control_msgs/msg/mocap_info.h
[1.930s] -- Up-to-date symlink: /home/jozef/ros2_ws/install/mocap4r2_control_msgs/include/mocap4r2_control_msgs/mocap4r2_control_msgs/msg/rosidl_generator_c__visibility_control.h
[1.930s] -- Up-to-date symlink: /home/jozef/ros2_ws/install/mocap4r2_control_msgs/share/mocap4r2_control_msgs/environment/library_path.sh
[1.930s] -- Up-to-date symlink: /home/jozef/ros2_ws/install/mocap4r2_control_msgs/share/mocap4r2_control_msgs/environment/library_path.dsv
[1.930s] -- Up-to-date symlink: /home/jozef/ros2_ws/install/mocap4r2_control_msgs/include/mocap4r2_control_msgs/mocap4r2_control_msgs/msg/detail/control__rosidl_typesupport_fastrtps_c.h
[1.930s] -- Up-to-date symlink: /home/jozef/ros2_ws/install/mocap4r2_control_msgs/include/mocap4r2_control_msgs/mocap4r2_control_msgs/msg/detail/mocap_info__rosidl_typesupport_fastrtps_c.h
[1.930s] -- Up-to-date symlink: /home/jozef/ros2_ws/install/mocap4r2_control_msgs/include/mocap4r2_control_msgs/mocap4r2_control_msgs/msg/rosidl_typesupport_fastrtps_c__visibility_control.h
[1.934s] -- Up-to-date symlink: /home/jozef/ros2_ws/install/mocap4r2_control_msgs/include/mocap4r2_control_msgs/mocap4r2_control_msgs/msg/detail/control__rosidl_typesupport_introspection_c.h
[1.934s] -- Up-to-date symlink: /home/jozef/ros2_ws/install/mocap4r2_control_msgs/include/mocap4r2_control_msgs/mocap4r2_control_msgs/msg/detail/mocap_info__rosidl_typesupport_introspection_c.h
[1.934s] -- Up-to-date symlink: /home/jozef/ros2_ws/install/mocap4r2_control_msgs/include/mocap4r2_control_msgs/mocap4r2_control_msgs/msg/rosidl_typesupport_introspection_c__visibility_control.h
[1.934s] -- Up-to-date symlink: /home/jozef/ros2_ws/install/mocap4r2_control_msgs/include/mocap4r2_control_msgs/mocap4r2_control_msgs/msg/control.hpp
[1.934s] -- Up-to-date symlink: /home/jozef/ros2_ws/install/mocap4r2_control_msgs/include/mocap4r2_control_msgs/mocap4r2_control_msgs/msg/detail/control__builder.hpp
[1.934s] -- Up-to-date symlink: /home/jozef/ros2_ws/install/mocap4r2_control_msgs/include/mocap4r2_control_msgs/mocap4r2_control_msgs/msg/detail/control__struct.hpp
[1.934s] -- Up-to-date symlink: /home/jozef/ros2_ws/install/mocap4r2_control_msgs/include/mocap4r2_control_msgs/mocap4r2_control_msgs/msg/detail/control__traits.hpp
[1.934s] -- Up-to-date symlink: /home/jozef/ros2_ws/install/mocap4r2_control_msgs/include/mocap4r2_control_msgs/mocap4r2_control_msgs/msg/detail/control__type_support.hpp
[1.939s] -- Up-to-date symlink: /home/jozef/ros2_ws/install/mocap4r2_control_msgs/include/mocap4r2_control_msgs/mocap4r2_control_msgs/msg/detail/mocap_info__builder.hpp
[1.939s] -- Up-to-date symlink: /home/jozef/ros2_ws/install/mocap4r2_control_msgs/include/mocap4r2_control_msgs/mocap4r2_control_msgs/msg/detail/mocap_info__struct.hpp
[1.940s] -- Up-to-date symlink: /home/jozef/ros2_ws/install/mocap4r2_control_msgs/include/mocap4r2_control_msgs/mocap4r2_control_msgs/msg/detail/mocap_info__traits.hpp
[1.942s] -- Up-to-date symlink: /home/jozef/ros2_ws/install/mocap4r2_control_msgs/include/mocap4r2_control_msgs/mocap4r2_control_msgs/msg/detail/mocap_info__type_support.hpp
[1.942s] -- Up-to-date symlink: /home/jozef/ros2_ws/install/mocap4r2_control_msgs/include/mocap4r2_control_msgs/mocap4r2_control_msgs/msg/mocap_info.hpp
[1.942s] -- Up-to-date symlink: /home/jozef/ros2_ws/install/mocap4r2_control_msgs/include/mocap4r2_control_msgs/mocap4r2_control_msgs/msg/rosidl_generator_cpp__visibility_control.hpp
[1.946s] -- Up-to-date symlink: /home/jozef/ros2_ws/install/mocap4r2_control_msgs/include/mocap4r2_control_msgs/mocap4r2_control_msgs/msg/detail/control__rosidl_typesupport_fastrtps_cpp.hpp
[1.946s] -- Up-to-date symlink: /home/jozef/ros2_ws/install/mocap4r2_control_msgs/include/mocap4r2_control_msgs/mocap4r2_control_msgs/msg/detail/mocap_info__rosidl_typesupport_fastrtps_cpp.hpp
[1.946s] -- Up-to-date symlink: /home/jozef/ros2_ws/install/mocap4r2_control_msgs/include/mocap4r2_control_msgs/mocap4r2_control_msgs/msg/rosidl_typesupport_fastrtps_cpp__visibility_control.h
[1.946s] -- Up-to-date symlink: /home/jozef/ros2_ws/install/mocap4r2_control_msgs/include/mocap4r2_control_msgs/mocap4r2_control_msgs/msg/detail/control__rosidl_typesupport_introspection_cpp.hpp
[1.946s] -- Up-to-date symlink: /home/jozef/ros2_ws/install/mocap4r2_control_msgs/include/mocap4r2_control_msgs/mocap4r2_control_msgs/msg/detail/mocap_info__rosidl_typesupport_introspection_cpp.hpp
[1.946s] -- Up-to-date symlink: /home/jozef/ros2_ws/install/mocap4r2_control_msgs/share/mocap4r2_control_msgs/environment/pythonpath.sh
[1.947s] -- Up-to-date symlink: /home/jozef/ros2_ws/install/mocap4r2_control_msgs/share/mocap4r2_control_msgs/environment/pythonpath.dsv
[1.947s] -- Up-to-date symlink: /home/jozef/ros2_ws/install/mocap4r2_control_msgs/local/lib/python3.10/dist-packages/mocap4r2_control_msgs-0.0.7-py3.10.egg-info/PKG-INFO
[1.947s] -- Up-to-date symlink: /home/jozef/ros2_ws/install/mocap4r2_control_msgs/local/lib/python3.10/dist-packages/mocap4r2_control_msgs-0.0.7-py3.10.egg-info/SOURCES.txt
[1.947s] -- Up-to-date symlink: /home/jozef/ros2_ws/install/mocap4r2_control_msgs/local/lib/python3.10/dist-packages/mocap4r2_control_msgs-0.0.7-py3.10.egg-info/dependency_links.txt
[1.954s] -- Up-to-date symlink: /home/jozef/ros2_ws/install/mocap4r2_control_msgs/local/lib/python3.10/dist-packages/mocap4r2_control_msgs-0.0.7-py3.10.egg-info/top_level.txt
[1.960s] -- Up-to-date symlink: /home/jozef/ros2_ws/install/mocap4r2_control_msgs/local/lib/python3.10/dist-packages/mocap4r2_control_msgs/__init__.py
[1.960s] -- Up-to-date symlink: /home/jozef/ros2_ws/install/mocap4r2_control_msgs/local/lib/python3.10/dist-packages/mocap4r2_control_msgs/_mocap4r2_control_msgs_s.ep.rosidl_typesupport_c.c
[1.961s] -- Up-to-date symlink: /home/jozef/ros2_ws/install/mocap4r2_control_msgs/local/lib/python3.10/dist-packages/mocap4r2_control_msgs/_mocap4r2_control_msgs_s.ep.rosidl_typesupport_fastrtps_c.c
[1.962s] -- Up-to-date symlink: /home/jozef/ros2_ws/install/mocap4r2_control_msgs/local/lib/python3.10/dist-packages/mocap4r2_control_msgs/_mocap4r2_control_msgs_s.ep.rosidl_typesupport_introspection_c.c
[1.962s] -- Up-to-date symlink: /home/jozef/ros2_ws/install/mocap4r2_control_msgs/local/lib/python3.10/dist-packages/mocap4r2_control_msgs/libmocap4r2_control_msgs__rosidl_generator_py.so
[1.962s] -- Up-to-date symlink: /home/jozef/ros2_ws/install/mocap4r2_control_msgs/local/lib/python3.10/dist-packages/mocap4r2_control_msgs/mocap4r2_control_msgs_s__rosidl_typesupport_c.cpython-310-x86_64-linux-gnu.so
[1.962s] -- Up-to-date symlink: /home/jozef/ros2_ws/install/mocap4r2_control_msgs/local/lib/python3.10/dist-packages/mocap4r2_control_msgs/mocap4r2_control_msgs_s__rosidl_typesupport_fastrtps_c.cpython-310-x86_64-linux-gnu.so
[1.962s] -- Up-to-date symlink: /home/jozef/ros2_ws/install/mocap4r2_control_msgs/local/lib/python3.10/dist-packages/mocap4r2_control_msgs/mocap4r2_control_msgs_s__rosidl_typesupport_introspection_c.cpython-310-x86_64-linux-gnu.so
[1.962s] -- Up-to-date symlink: /home/jozef/ros2_ws/install/mocap4r2_control_msgs/local/lib/python3.10/dist-packages/mocap4r2_control_msgs/msg/__init__.py
[1.962s] -- Up-to-date symlink: /home/jozef/ros2_ws/install/mocap4r2_control_msgs/local/lib/python3.10/dist-packages/mocap4r2_control_msgs/msg/_control.py
[1.963s] -- Up-to-date symlink: /home/jozef/ros2_ws/install/mocap4r2_control_msgs/local/lib/python3.10/dist-packages/mocap4r2_control_msgs/msg/_control_s.c
[1.963s] -- Up-to-date symlink: /home/jozef/ros2_ws/install/mocap4r2_control_msgs/local/lib/python3.10/dist-packages/mocap4r2_control_msgs/msg/_mocap_info.py
[1.963s] -- Up-to-date symlink: /home/jozef/ros2_ws/install/mocap4r2_control_msgs/local/lib/python3.10/dist-packages/mocap4r2_control_msgs/msg/_mocap_info_s.c
[1.971s] -- Up-to-date symlink: /home/jozef/ros2_ws/install/mocap4r2_control_msgs/local/lib/python3.10/dist-packages/mocap4r2_control_msgs/mocap4r2_control_msgs_s__rosidl_typesupport_fastrtps_c.cpython-310-x86_64-linux-gnu.so
[1.979s] -- Up-to-date symlink: /home/jozef/ros2_ws/install/mocap4r2_control_msgs/local/lib/python3.10/dist-packages/mocap4r2_control_msgs/mocap4r2_control_msgs_s__rosidl_typesupport_introspection_c.cpython-310-x86_64-linux-gnu.so
[1.979s] -- Up-to-date symlink: /home/jozef/ros2_ws/install/mocap4r2_control_msgs/local/lib/python3.10/dist-packages/mocap4r2_control_msgs/mocap4r2_control_msgs_s__rosidl_typesupport_c.cpython-310-x86_64-linux-gnu.so
[1.979s] -- Up-to-date symlink: /home/jozef/ros2_ws/install/mocap4r2_control_msgs/share/mocap4r2_control_msgs/msg/Control.idl
[1.979s] -- Up-to-date symlink: /home/jozef/ros2_ws/install/mocap4r2_control_msgs/share/mocap4r2_control_msgs/msg/MocapInfo.idl
[1.979s] -- Up-to-date symlink: /home/jozef/ros2_ws/install/mocap4r2_control_msgs/share/mocap4r2_control_msgs/msg/Control.msg
[1.979s] -- Up-to-date symlink: /home/jozef/ros2_ws/install/mocap4r2_control_msgs/share/mocap4r2_control_msgs/msg/MocapInfo.msg
[1.979s] -- Up-to-date symlink: /home/jozef/ros2_ws/install/mocap4r2_control_msgs/share/mocap4r2_control_msgs/mocap4r2_control_bridge_mapping_rule.yaml
[1.980s] -- Up-to-date symlink: /home/jozef/ros2_ws/install/mocap4r2_control_msgs/share/ament_index/resource_index/package_run_dependencies/mocap4r2_control_msgs
[1.980s] -- Up-to-date symlink: /home/jozef/ros2_ws/install/mocap4r2_control_msgs/share/ament_index/resource_index/parent_prefix_path/mocap4r2_control_msgs
[1.980s] -- Up-to-date symlink: /home/jozef/ros2_ws/install/mocap4r2_control_msgs/share/mocap4r2_control_msgs/environment/ament_prefix_path.sh
[1.980s] -- Up-to-date symlink: /home/jozef/ros2_ws/install/mocap4r2_control_msgs/share/mocap4r2_control_msgs/environment/ament_prefix_path.dsv
[1.980s] -- Up-to-date symlink: /home/jozef/ros2_ws/install/mocap4r2_control_msgs/share/mocap4r2_control_msgs/environment/path.sh
[1.980s] -- Up-to-date symlink: /home/jozef/ros2_ws/install/mocap4r2_control_msgs/share/mocap4r2_control_msgs/environment/path.dsv
[1.980s] -- Up-to-date symlink: /home/jozef/ros2_ws/install/mocap4r2_control_msgs/share/mocap4r2_control_msgs/local_setup.bash
[1.980s] -- Up-to-date symlink: /home/jozef/ros2_ws/install/mocap4r2_control_msgs/share/mocap4r2_control_msgs/local_setup.sh
[1.983s] -- Up-to-date symlink: /home/jozef/ros2_ws/install/mocap4r2_control_msgs/share/mocap4r2_control_msgs/local_setup.zsh
[1.983s] -- Up-to-date symlink: /home/jozef/ros2_ws/install/mocap4r2_control_msgs/share/mocap4r2_control_msgs/local_setup.dsv
[1.983s] -- Symlinking: /home/jozef/ros2_ws/install/mocap4r2_control_msgs/share/mocap4r2_control_msgs/package.dsv
[2.042s] -- Up-to-date symlink: /home/jozef/ros2_ws/install/mocap4r2_control_msgs/share/ament_index/resource_index/packages/mocap4r2_control_msgs
[2.043s] -- Up-to-date symlink: /home/jozef/ros2_ws/install/mocap4r2_control_msgs/share/mocap4r2_control_msgs/cmake/rosidl_cmake-extras.cmake
[2.043s] -- Up-to-date symlink: /home/jozef/ros2_ws/install/mocap4r2_control_msgs/share/mocap4r2_control_msgs/cmake/ament_cmake_export_dependencies-extras.cmake
[2.043s] -- Up-to-date symlink: /home/jozef/ros2_ws/install/mocap4r2_control_msgs/share/mocap4r2_control_msgs/cmake/ament_cmake_export_include_directories-extras.cmake
[2.043s] -- Up-to-date symlink: /home/jozef/ros2_ws/install/mocap4r2_control_msgs/share/mocap4r2_control_msgs/cmake/ament_cmake_export_libraries-extras.cmake
[2.044s] -- Up-to-date symlink: /home/jozef/ros2_ws/install/mocap4r2_control_msgs/share/mocap4r2_control_msgs/cmake/ament_cmake_export_targets-extras.cmake
[2.044s] -- Up-to-date symlink: /home/jozef/ros2_ws/install/mocap4r2_control_msgs/share/mocap4r2_control_msgs/cmake/rosidl_cmake_export_typesupport_targets-extras.cmake
[2.044s] -- Up-to-date symlink: /home/jozef/ros2_ws/install/mocap4r2_control_msgs/share/mocap4r2_control_msgs/cmake/rosidl_cmake_export_typesupport_libraries-extras.cmake
[2.044s] -- Up-to-date symlink: /home/jozef/ros2_ws/install/mocap4r2_control_msgs/share/mocap4r2_control_msgs/cmake/mocap4r2_control_msgsConfig.cmake
[2.044s] -- Up-to-date symlink: /home/jozef/ros2_ws/install/mocap4r2_control_msgs/share/mocap4r2_control_msgs/cmake/mocap4r2_control_msgsConfig-version.cmake
[2.048s] -- Up-to-date symlink: /home/jozef/ros2_ws/install/mocap4r2_control_msgs/share/mocap4r2_control_msgs/package.xml
[2.048s] -- Up-to-date: /home/jozef/ros2_ws/install/mocap4r2_control_msgs/lib/libmocap4r2_control_msgs__rosidl_generator_c.so
[2.058s] -- Up-to-date: /home/jozef/ros2_ws/install/mocap4r2_control_msgs/lib/libmocap4r2_control_msgs__rosidl_typesupport_fastrtps_c.so
[2.058s] -- Up-to-date: /home/jozef/ros2_ws/install/mocap4r2_control_msgs/lib/libmocap4r2_control_msgs__rosidl_typesupport_introspection_c.so
[2.058s] -- Up-to-date: /home/jozef/ros2_ws/install/mocap4r2_control_msgs/lib/libmocap4r2_control_msgs__rosidl_typesupport_c.so
[2.058s] -- Up-to-date: /home/jozef/ros2_ws/install/mocap4r2_control_msgs/lib/libmocap4r2_control_msgs__rosidl_typesupport_fastrtps_cpp.so
[2.059s] -- Up-to-date: /home/jozef/ros2_ws/install/mocap4r2_control_msgs/lib/libmocap4r2_control_msgs__rosidl_typesupport_introspection_cpp.so
[2.059s] -- Up-to-date: /home/jozef/ros2_ws/install/mocap4r2_control_msgs/lib/libmocap4r2_control_msgs__rosidl_typesupport_cpp.so
[2.202s] Listing '/home/jozef/ros2_ws/install/mocap4r2_control_msgs/local/lib/python3.10/dist-packages/mocap4r2_control_msgs'...
[2.204s] Listing '/home/jozef/ros2_ws/install/mocap4r2_control_msgs/local/lib/python3.10/dist-packages/mocap4r2_control_msgs/msg'...
[2.214s] -- Up-to-date: /home/jozef/ros2_ws/install/mocap4r2_control_msgs/lib/libmocap4r2_control_msgs__rosidl_generator_py.so
[2.215s] -- Up-to-date: /home/jozef/ros2_ws/install/mocap4r2_control_msgs/share/mocap4r2_control_msgs/cmake/export_mocap4r2_control_msgs__rosidl_generator_cExport.cmake
[2.215s] -- Up-to-date: /home/jozef/ros2_ws/install/mocap4r2_control_msgs/share/mocap4r2_control_msgs/cmake/export_mocap4r2_control_msgs__rosidl_generator_cExport-noconfig.cmake
[2.215s] -- Up-to-date: /home/jozef/ros2_ws/install/mocap4r2_control_msgs/share/mocap4r2_control_msgs/cmake/export_mocap4r2_control_msgs__rosidl_typesupport_fastrtps_cExport.cmake
[2.215s] -- Up-to-date: /home/jozef/ros2_ws/install/mocap4r2_control_msgs/share/mocap4r2_control_msgs/cmake/export_mocap4r2_control_msgs__rosidl_typesupport_fastrtps_cExport-noconfig.cmake
[2.215s] -- Up-to-date: /home/jozef/ros2_ws/install/mocap4r2_control_msgs/share/mocap4r2_control_msgs/cmake/mocap4r2_control_msgs__rosidl_typesupport_introspection_cExport.cmake
[2.216s] -- Up-to-date: /home/jozef/ros2_ws/install/mocap4r2_control_msgs/share/mocap4r2_control_msgs/cmake/mocap4r2_control_msgs__rosidl_typesupport_introspection_cExport-noconfig.cmake
[2.216s] -- Up-to-date: /home/jozef/ros2_ws/install/mocap4r2_control_msgs/share/mocap4r2_control_msgs/cmake/mocap4r2_control_msgs__rosidl_typesupport_cExport.cmake
[2.216s] -- Up-to-date: /home/jozef/ros2_ws/install/mocap4r2_control_msgs/share/mocap4r2_control_msgs/cmake/mocap4r2_control_msgs__rosidl_typesupport_cExport-noconfig.cmake
[2.216s] -- Up-to-date: /home/jozef/ros2_ws/install/mocap4r2_control_msgs/share/mocap4r2_control_msgs/cmake/export_mocap4r2_control_msgs__rosidl_generator_cppExport.cmake
[2.219s] -- Up-to-date: /home/jozef/ros2_ws/install/mocap4r2_control_msgs/share/mocap4r2_control_msgs/cmake/export_mocap4r2_control_msgs__rosidl_typesupport_fastrtps_cppExport.cmake
[2.219s] -- Up-to-date: /home/jozef/ros2_ws/install/mocap4r2_control_msgs/share/mocap4r2_control_msgs/cmake/export_mocap4r2_control_msgs__rosidl_typesupport_fastrtps_cppExport-noconfig.cmake
[2.219s] -- Up-to-date: /home/jozef/ros2_ws/install/mocap4r2_control_msgs/share/mocap4r2_control_msgs/cmake/mocap4r2_control_msgs__rosidl_typesupport_introspection_cppExport.cmake
[2.219s] -- Up-to-date: /home/jozef/ros2_ws/install/mocap4r2_control_msgs/share/mocap4r2_control_msgs/cmake/mocap4r2_control_msgs__rosidl_typesupport_introspection_cppExport-noconfig.cmake
[2.220s] -- Up-to-date: /home/jozef/ros2_ws/install/mocap4r2_control_msgs/share/mocap4r2_control_msgs/cmake/mocap4r2_control_msgs__rosidl_typesupport_cppExport.cmake
[2.220s] -- Up-to-date: /home/jozef/ros2_ws/install/mocap4r2_control_msgs/share/mocap4r2_control_msgs/cmake/mocap4r2_control_msgs__rosidl_typesupport_cppExport-noconfig.cmake
[2.220s] -- Up-to-date: /home/jozef/ros2_ws/install/mocap4r2_control_msgs/share/mocap4r2_control_msgs/cmake/export_mocap4r2_control_msgs__rosidl_generator_pyExport.cmake
[2.220s] -- Up-to-date: /home/jozef/ros2_ws/install/mocap4r2_control_msgs/share/mocap4r2_control_msgs/cmake/export_mocap4r2_control_msgs__rosidl_generator_pyExport-noconfig.cmake
[2.362s] Invoked command in '/home/jozef/ros2_ws/build/mocap4r2_control_msgs' returned '0': CMAKE_PREFIX_PATH=/home/jozef/ros2_ws/install/tb2_slam:/home/jozef/ros2_ws/install/rqt_mocap4r2_control:/home/jozef/ros2_ws/install/neo_localization2:/home/jozef/ros2_ws/install/mrpt_navigation:/home/jozef/ros2_ws/install/mrpt_tutorials:/home/jozef/ros2_ws/install/mrpt_tps_astar_planner:/home/jozef/ros2_ws/install/mrpt_reactivenav2d:/home/jozef/ros2_ws/install/mrpt_rawlog:/home/jozef/ros2_ws/install/mrpt_pointcloud_pipeline:/home/jozef/ros2_ws/install/mrpt_pf_localization:/home/jozef/ros2_ws/install/mrpt_map_server:/home/jozef/ros2_ws/install/mrpt_nav_interfaces:/home/jozef/ros2_ws/install/mrpt_msgs_bridge:/home/jozef/ros2_ws/install/tb2_control:/home/jozef/ros2_ws/install/tb2_bringup:/home/jozef/ros2_ws/install/mocap4r2cli:/home/jozef/ros2_ws/install/localization_benchmarking:/opt/ros/humble:/home/jozef/ros2_ws/install/mrpt_msgs:/home/jozef/ros2_ws/install/mocap4r2_robot_gt:/home/jozef/ros2_ws/install/mocap4r2_robot_gt_msgs:/home/jozef/ros2_ws/install/mocap4r2_optitrack_driver:/home/jozef/ros2_ws/install/mocap4r2_marker_viz:/home/jozef/ros2_ws/install/mocap4r2_marker_publisher:/home/jozef/ros2_ws/install/mocap4r2_dummy_driver:/home/jozef/ros2_ws/install/mocap4r2_msgs:/home/jozef/ros2_ws/install/mocap4r2_marker_viz_srvs:/home/jozef/ros2_ws/install/mocap4r2_control:/home/jozef/ros2_ws/install/mocap4r2_control_msgs:/home/jozef/ros2_ws/install/message_filters /usr/bin/cmake --install /home/jozef/ros2_ws/build/mocap4r2_control_msgs
