[0.089s] Invoking command in '/home/jozef/ros2_ws/build/mrpt_map_server': CMAKE_PREFIX_PATH=/home/jozef/ros2_ws/install/mrpt_nav_interfaces:/home/jozef/ros2_ws/install/mrpt_msgs:/home/jozef/ros2_ws/install/tb2_slam:/home/jozef/ros2_ws/install/neo_localization2:/home/jozef/ros2_ws/install/mrpt_navigation:/home/jozef/ros2_ws/install/mrpt_tutorials:/home/jozef/ros2_ws/install/mrpt_tps_astar_planner:/home/jozef/ros2_ws/install/mrpt_reactivenav2d:/home/jozef/ros2_ws/install/mrpt_rawlog:/home/jozef/ros2_ws/install/mrpt_pointcloud_pipeline:/home/jozef/ros2_ws/install/mrpt_pf_localization:/home/jozef/ros2_ws/install/mrpt_map_server:/home/jozef/ros2_ws/install/mrpt_msgs_bridge:/home/jozef/ros2_ws/install/tb2_control:/opt/ros/humble LD_LIBRARY_PATH=/home/jozef/ros2_ws/install/mrpt_nav_interfaces/lib:/home/jozef/ros2_ws/install/mrpt_msgs/lib:/home/jozef/ros2_ws/install/neo_localization2/lib:/home/jozef/ros2_ws/install/mrpt_pointcloud_pipeline/lib:/home/jozef/ros2_ws/install/mrpt_pf_localization/lib:/opt/ros/humble/opt/rviz_ogre_vendor/lib:/opt/ros/humble/lib/x86_64-linux-gnu:/opt/ros/humble/lib /usr/bin/cmake --build /home/jozef/ros2_ws/build/mrpt_map_server -- -j8 -l8
[0.232s] [100%] Built target map_server_node
[0.250s] Invoked command in '/home/jozef/ros2_ws/build/mrpt_map_server' returned '0': CMAKE_PREFIX_PATH=/home/jozef/ros2_ws/install/mrpt_nav_interfaces:/home/jozef/ros2_ws/install/mrpt_msgs:/home/jozef/ros2_ws/install/tb2_slam:/home/jozef/ros2_ws/install/neo_localization2:/home/jozef/ros2_ws/install/mrpt_navigation:/home/jozef/ros2_ws/install/mrpt_tutorials:/home/jozef/ros2_ws/install/mrpt_tps_astar_planner:/home/jozef/ros2_ws/install/mrpt_reactivenav2d:/home/jozef/ros2_ws/install/mrpt_rawlog:/home/jozef/ros2_ws/install/mrpt_pointcloud_pipeline:/home/jozef/ros2_ws/install/mrpt_pf_localization:/home/jozef/ros2_ws/install/mrpt_map_server:/home/jozef/ros2_ws/install/mrpt_msgs_bridge:/home/jozef/ros2_ws/install/tb2_control:/opt/ros/humble LD_LIBRARY_PATH=/home/jozef/ros2_ws/install/mrpt_nav_interfaces/lib:/home/jozef/ros2_ws/install/mrpt_msgs/lib:/home/jozef/ros2_ws/install/neo_localization2/lib:/home/jozef/ros2_ws/install/mrpt_pointcloud_pipeline/lib:/home/jozef/ros2_ws/install/mrpt_pf_localization/lib:/opt/ros/humble/opt/rviz_ogre_vendor/lib:/opt/ros/humble/lib/x86_64-linux-gnu:/opt/ros/humble/lib /usr/bin/cmake --build /home/jozef/ros2_ws/build/mrpt_map_server -- -j8 -l8
[0.254s] Invoking command in '/home/jozef/ros2_ws/build/mrpt_map_server': CMAKE_PREFIX_PATH=/home/jozef/ros2_ws/install/mrpt_nav_interfaces:/home/jozef/ros2_ws/install/mrpt_msgs:/home/jozef/ros2_ws/install/tb2_slam:/home/jozef/ros2_ws/install/neo_localization2:/home/jozef/ros2_ws/install/mrpt_navigation:/home/jozef/ros2_ws/install/mrpt_tutorials:/home/jozef/ros2_ws/install/mrpt_tps_astar_planner:/home/jozef/ros2_ws/install/mrpt_reactivenav2d:/home/jozef/ros2_ws/install/mrpt_rawlog:/home/jozef/ros2_ws/install/mrpt_pointcloud_pipeline:/home/jozef/ros2_ws/install/mrpt_pf_localization:/home/jozef/ros2_ws/install/mrpt_map_server:/home/jozef/ros2_ws/install/mrpt_msgs_bridge:/home/jozef/ros2_ws/install/tb2_control:/opt/ros/humble LD_LIBRARY_PATH=/home/jozef/ros2_ws/install/mrpt_nav_interfaces/lib:/home/jozef/ros2_ws/install/mrpt_msgs/lib:/home/jozef/ros2_ws/install/neo_localization2/lib:/home/jozef/ros2_ws/install/mrpt_pointcloud_pipeline/lib:/home/jozef/ros2_ws/install/mrpt_pf_localization/lib:/opt/ros/humble/opt/rviz_ogre_vendor/lib:/opt/ros/humble/lib/x86_64-linux-gnu:/opt/ros/humble/lib /usr/bin/cmake --install /home/jozef/ros2_ws/build/mrpt_map_server
[0.279s] -- Install configuration: ""
[0.282s] -- Execute custom install script
[0.284s] -- Up-to-date symlink: /home/jozef/ros2_ws/install/mrpt_map_server/lib/mrpt_map_server/map_server_node
[0.285s] -- Up-to-date symlink: /home/jozef/ros2_ws/install/mrpt_map_server/share/mrpt_map_server/launch/mrpt_map_server.launch.py
[0.286s] -- Up-to-date symlink: /home/jozef/ros2_ws/install/mrpt_map_server/share/mrpt_map_server/params/README.md
[0.287s] -- Up-to-date symlink: /home/jozef/ros2_ws/install/mrpt_map_server/share/mrpt_map_server/params/metric-map-gridmap.ini
[0.287s] -- Up-to-date symlink: /home/jozef/ros2_ws/install/mrpt_map_server/share/ament_index/resource_index/package_run_dependencies/mrpt_map_server
[0.288s] -- Up-to-date symlink: /home/jozef/ros2_ws/install/mrpt_map_server/share/ament_index/resource_index/parent_prefix_path/mrpt_map_server
[0.288s] -- Up-to-date symlink: /home/jozef/ros2_ws/install/mrpt_map_server/share/mrpt_map_server/environment/ament_prefix_path.sh
[0.289s] -- Up-to-date symlink: /home/jozef/ros2_ws/install/mrpt_map_server/share/mrpt_map_server/environment/ament_prefix_path.dsv
[0.289s] -- Up-to-date symlink: /home/jozef/ros2_ws/install/mrpt_map_server/share/mrpt_map_server/environment/path.sh
[0.290s] -- Up-to-date symlink: /home/jozef/ros2_ws/install/mrpt_map_server/share/mrpt_map_server/environment/path.dsv
[0.290s] -- Up-to-date symlink: /home/jozef/ros2_ws/install/mrpt_map_server/share/mrpt_map_server/local_setup.bash
[0.291s] -- Up-to-date symlink: /home/jozef/ros2_ws/install/mrpt_map_server/share/mrpt_map_server/local_setup.sh
[0.291s] -- Up-to-date symlink: /home/jozef/ros2_ws/install/mrpt_map_server/share/mrpt_map_server/local_setup.zsh
[0.292s] -- Up-to-date symlink: /home/jozef/ros2_ws/install/mrpt_map_server/share/mrpt_map_server/local_setup.dsv
[0.292s] -- Symlinking: /home/jozef/ros2_ws/install/mrpt_map_server/share/mrpt_map_server/package.dsv
[0.313s] -- Up-to-date symlink: /home/jozef/ros2_ws/install/mrpt_map_server/share/ament_index/resource_index/packages/mrpt_map_server
[0.313s] -- Up-to-date symlink: /home/jozef/ros2_ws/install/mrpt_map_server/share/mrpt_map_server/cmake/mrpt_map_serverConfig.cmake
[0.314s] -- Up-to-date symlink: /home/jozef/ros2_ws/install/mrpt_map_server/share/mrpt_map_server/cmake/mrpt_map_serverConfig-version.cmake
[0.314s] -- Up-to-date symlink: /home/jozef/ros2_ws/install/mrpt_map_server/share/mrpt_map_server/package.xml
[0.320s] Invoked command in '/home/jozef/ros2_ws/build/mrpt_map_server' returned '0': CMAKE_PREFIX_PATH=/home/jozef/ros2_ws/install/mrpt_nav_interfaces:/home/jozef/ros2_ws/install/mrpt_msgs:/home/jozef/ros2_ws/install/tb2_slam:/home/jozef/ros2_ws/install/neo_localization2:/home/jozef/ros2_ws/install/mrpt_navigation:/home/jozef/ros2_ws/install/mrpt_tutorials:/home/jozef/ros2_ws/install/mrpt_tps_astar_planner:/home/jozef/ros2_ws/install/mrpt_reactivenav2d:/home/jozef/ros2_ws/install/mrpt_rawlog:/home/jozef/ros2_ws/install/mrpt_pointcloud_pipeline:/home/jozef/ros2_ws/install/mrpt_pf_localization:/home/jozef/ros2_ws/install/mrpt_map_server:/home/jozef/ros2_ws/install/mrpt_msgs_bridge:/home/jozef/ros2_ws/install/tb2_control:/opt/ros/humble LD_LIBRARY_PATH=/home/jozef/ros2_ws/install/mrpt_nav_interfaces/lib:/home/jozef/ros2_ws/install/mrpt_msgs/lib:/home/jozef/ros2_ws/install/neo_localization2/lib:/home/jozef/ros2_ws/install/mrpt_pointcloud_pipeline/lib:/home/jozef/ros2_ws/install/mrpt_pf_localization/lib:/opt/ros/humble/opt/rviz_ogre_vendor/lib:/opt/ros/humble/lib/x86_64-linux-gnu:/opt/ros/humble/lib /usr/bin/cmake --install /home/jozef/ros2_ws/build/mrpt_map_server
