[0.056s] Invoking command in '/home/jozef/ros2_ws/build/mrpt_pointcloud_pipeline': CMAKE_PREFIX_PATH=${CMAKE_PREFIX_PATH}:/home/jozef/ros2_ws/install/tb2_control:/home/jozef/ros2_ws/install/mocap4r2cli:/home/jozef/ros2_ws/install/localization_benchmarking:/opt/ros/humble /usr/bin/cmake /home/jozef/ros2_ws/src/mrpt_navigation/mrpt_pointcloud_pipeline -DAMENT_CMAKE_SYMLINK_INSTALL=1 -DCMAKE_INSTALL_PREFIX=/home/jozef/ros2_ws/install/mrpt_pointcloud_pipeline
[2.688s] -- The C compiler identification is GNU 11.4.0
[2.688s] -- The CXX compiler identification is GNU 11.4.0
[2.688s] -- Detecting C compiler ABI info
[2.689s] -- Detecting C compiler ABI info - done
[2.689s] -- Check for working C compiler: /usr/bin/cc - skipped
[2.689s] -- Detecting C compile features
[2.689s] -- Detecting C compile features - done
[2.689s] -- Detecting CXX compiler ABI info
[2.689s] -- Detecting CXX compiler ABI info - done
[2.689s] -- Check for working CXX compiler: /usr/bin/c++ - skipped
[2.689s] -- Detecting CXX compile features
[2.689s] -- Detecting CXX compile features - done
[2.689s] -- Found ament_cmake: 1.3.11 (/opt/ros/humble/share/ament_cmake/cmake)
[2.689s] -- Found Python3: /usr/bin/python3 (found version "3.10.12") found components: Interpreter 
[2.690s] -- Override CMake install command with custom implementation using symlinks instead of copying resources
[2.690s] -- Found rclcpp: 16.0.11 (/opt/ros/humble/share/rclcpp/cmake)
[2.691s] -- Found rosidl_generator_c: 3.1.6 (/opt/ros/humble/share/rosidl_generator_c/cmake)
[2.691s] -- Found rosidl_adapter: 3.1.6 (/opt/ros/humble/share/rosidl_adapter/cmake)
[2.691s] -- Found rosidl_generator_cpp: 3.1.6 (/opt/ros/humble/share/rosidl_generator_cpp/cmake)
[2.723s] -- Using all available rosidl_typesupport_c: rosidl_typesupport_fastrtps_c;rosidl_typesupport_introspection_c
[2.762s] -- Using all available rosidl_typesupport_cpp: rosidl_typesupport_fastrtps_cpp;rosidl_typesupport_introspection_cpp
[2.893s] -- Found rmw_implementation_cmake: 6.1.2 (/opt/ros/humble/share/rmw_implementation_cmake/cmake)
[2.904s] -- Found rmw_fastrtps_cpp: 6.2.7 (/opt/ros/humble/share/rmw_fastrtps_cpp/cmake)
[3.199s] -- Found OpenSSL: /usr/lib/x86_64-linux-gnu/libcrypto.so (found version "3.0.2")  
[3.270s] -- Found FastRTPS: /opt/ros/humble/include  
[3.379s] -- Using RMW implementation 'rmw_fastrtps_cpp' as default
[3.404s] -- Looking for pthread.h
[3.585s] -- Looking for pthread.h - found
[3.585s] -- Performing Test CMAKE_HAVE_LIBC_PTHREAD
[3.802s] -- Performing Test CMAKE_HAVE_LIBC_PTHREAD - Success
[3.802s] -- Found Threads: TRUE  
[4.064s] -- Found rclcpp_components: 16.0.11 (/opt/ros/humble/share/rclcpp_components/cmake)
[4.245s] -- Found nav_msgs: 4.2.4 (/opt/ros/humble/share/nav_msgs/cmake)
[4.366s] -- Found sensor_msgs: 4.2.4 (/opt/ros/humble/share/sensor_msgs/cmake)
[4.478s] -- Found tf2: 0.25.9 (/opt/ros/humble/share/tf2/cmake)
[4.506s] -- Found tf2_geometry_msgs: 0.25.9 (/opt/ros/humble/share/tf2_geometry_msgs/cmake)
[4.607s] -- Found eigen3_cmake_module: 0.1.1 (/opt/ros/humble/share/eigen3_cmake_module/cmake)
[4.610s] -- Found Eigen3: TRUE (found version "3.4.0") 
[4.610s] -- Ensuring Eigen3 include directory is part of orocos-kdl CMake target
[5.189s] -- Found stereo_msgs: 4.2.4 (/opt/ros/humble/share/stereo_msgs/cmake)
[5.265s] -- Found cv_bridge: 3.2.1 (/opt/ros/humble/share/cv_bridge/cmake)
[5.418s] -- Found ament_lint_auto: 0.12.11 (/opt/ros/humble/share/ament_lint_auto/cmake)
[5.624s] -- Configuring done
[5.723s] -- Generating done
[5.751s] -- Build files have been written to: /home/jozef/ros2_ws/build/mrpt_pointcloud_pipeline
[5.852s] Invoked command in '/home/jozef/ros2_ws/build/mrpt_pointcloud_pipeline' returned '0': CMAKE_PREFIX_PATH=${CMAKE_PREFIX_PATH}:/home/jozef/ros2_ws/install/tb2_control:/home/jozef/ros2_ws/install/mocap4r2cli:/home/jozef/ros2_ws/install/localization_benchmarking:/opt/ros/humble /usr/bin/cmake /home/jozef/ros2_ws/src/mrpt_navigation/mrpt_pointcloud_pipeline -DAMENT_CMAKE_SYMLINK_INSTALL=1 -DCMAKE_INSTALL_PREFIX=/home/jozef/ros2_ws/install/mrpt_pointcloud_pipeline
[5.853s] Invoking command in '/home/jozef/ros2_ws/build/mrpt_pointcloud_pipeline': CMAKE_PREFIX_PATH=${CMAKE_PREFIX_PATH}:/home/jozef/ros2_ws/install/tb2_control:/home/jozef/ros2_ws/install/mocap4r2cli:/home/jozef/ros2_ws/install/localization_benchmarking:/opt/ros/humble /usr/bin/cmake --build /home/jozef/ros2_ws/build/mrpt_pointcloud_pipeline -- -j8 -l8
[6.037s] [ 16%] [32mBuilding CXX object CMakeFiles/mrpt_pointcloud_pipeline_component.dir/src/mrpt_pointcloud_pipeline_component.cpp.o[0m
[6.040s] [ 33%] [32mBuilding CXX object CMakeFiles/mrpt_pointcloud_pipeline_node.dir/src/main.cpp.o[0m
[6.055s] [ 50%] [32mBuilding CXX object CMakeFiles/mrpt_pointcloud_pipeline_composable.dir/rclcpp_components/node_main_mrpt_pointcloud_pipeline_composable.cpp.o[0m
