[0.056s] Invoking command in '/home/jozef/ros2_ws/build/mocap4r2_msgs': CMAKE_PREFIX_PATH=/opt/ros/humble /usr/bin/cmake --build /home/jozef/ros2_ws/build/mocap4r2_msgs -- -j8 -l8
[0.231s] [  1%] Built target mocap4r2_msgs__cpp
[0.256s] [ 12%] Built target mocap4r2_msgs__rosidl_generator_c
[0.257s] [ 12%] Built target ament_cmake_python_symlink_mocap4r2_msgs
[0.475s] [ 23%] Built target mocap4r2_msgs__rosidl_typesupport_introspection_cpp
[0.507s] [ 34%] Built target mocap4r2_msgs__rosidl_typesupport_cpp
[0.547s] [ 46%] Built target mocap4r2_msgs__rosidl_typesupport_introspection_c
[0.563s] [ 57%] Built target mocap4r2_msgs__rosidl_typesupport_fastrtps_c
[0.571s] [ 68%] Built target mocap4r2_msgs__rosidl_typesupport_fastrtps_cpp
[0.573s] [ 79%] Built target mocap4r2_msgs__rosidl_typesupport_c
[0.661s] [ 79%] Built target mocap4r2_msgs
[0.777s] [ 80%] Built target mocap4r2_msgs__py
[0.901s] [ 90%] Built target mocap4r2_msgs__rosidl_generator_py
[1.024s] [ 93%] Built target mocap4r2_msgs__rosidl_typesupport_fastrtps_c__pyext
[1.029s] [ 96%] Built target mocap4r2_msgs__rosidl_typesupport_c__pyext
[1.029s] [100%] Built target mocap4r2_msgs__rosidl_typesupport_introspection_c__pyext
[1.147s] running egg_info
[1.200s] writing mocap4r2_msgs.egg-info/PKG-INFO
[1.213s] writing dependency_links to mocap4r2_msgs.egg-info/dependency_links.txt
[1.215s] writing top-level names to mocap4r2_msgs.egg-info/top_level.txt
[1.400s] reading manifest file 'mocap4r2_msgs.egg-info/SOURCES.txt'
[1.400s] writing manifest file 'mocap4r2_msgs.egg-info/SOURCES.txt'
[1.520s] [100%] Built target ament_cmake_python_build_mocap4r2_msgs_egg
[1.580s] Invoked command in '/home/jozef/ros2_ws/build/mocap4r2_msgs' returned '0': CMAKE_PREFIX_PATH=/opt/ros/humble /usr/bin/cmake --build /home/jozef/ros2_ws/build/mocap4r2_msgs -- -j8 -l8
[1.593s] Invoking command in '/home/jozef/ros2_ws/build/mocap4r2_msgs': CMAKE_PREFIX_PATH=/opt/ros/humble /usr/bin/cmake --install /home/jozef/ros2_ws/build/mocap4r2_msgs
[1.635s] -- Install configuration: ""
[1.635s] -- Execute custom install script
[1.635s] -- Up-to-date symlink: /home/jozef/ros2_ws/install/mocap4r2_msgs/share/ament_index/resource_index/rosidl_interfaces/mocap4r2_msgs
[1.635s] -- Up-to-date symlink: /home/jozef/ros2_ws/install/mocap4r2_msgs/include/mocap4r2_msgs/mocap4r2_msgs/msg/detail/imus_info__functions.h
[1.635s] -- Up-to-date symlink: /home/jozef/ros2_ws/install/mocap4r2_msgs/include/mocap4r2_msgs/mocap4r2_msgs/msg/detail/imus_info__struct.h
[1.636s] -- Up-to-date symlink: /home/jozef/ros2_ws/install/mocap4r2_msgs/include/mocap4r2_msgs/mocap4r2_msgs/msg/detail/imus_info__type_support.h
[1.636s] -- Up-to-date symlink: /home/jozef/ros2_ws/install/mocap4r2_msgs/include/mocap4r2_msgs/mocap4r2_msgs/msg/detail/marker__functions.h
[1.636s] -- Up-to-date symlink: /home/jozef/ros2_ws/install/mocap4r2_msgs/include/mocap4r2_msgs/mocap4r2_msgs/msg/detail/marker__struct.h
[1.636s] -- Up-to-date symlink: /home/jozef/ros2_ws/install/mocap4r2_msgs/include/mocap4r2_msgs/mocap4r2_msgs/msg/detail/marker__type_support.h
[1.636s] -- Up-to-date symlink: /home/jozef/ros2_ws/install/mocap4r2_msgs/include/mocap4r2_msgs/mocap4r2_msgs/msg/detail/markers__functions.h
[1.636s] -- Up-to-date symlink: /home/jozef/ros2_ws/install/mocap4r2_msgs/include/mocap4r2_msgs/mocap4r2_msgs/msg/detail/markers__struct.h
[1.637s] -- Up-to-date symlink: /home/jozef/ros2_ws/install/mocap4r2_msgs/include/mocap4r2_msgs/mocap4r2_msgs/msg/detail/markers__type_support.h
[1.637s] -- Up-to-date symlink: /home/jozef/ros2_ws/install/mocap4r2_msgs/include/mocap4r2_msgs/mocap4r2_msgs/msg/detail/rigid_bodies__functions.h
[1.637s] -- Up-to-date symlink: /home/jozef/ros2_ws/install/mocap4r2_msgs/include/mocap4r2_msgs/mocap4r2_msgs/msg/detail/rigid_bodies__struct.h
[1.637s] -- Up-to-date symlink: /home/jozef/ros2_ws/install/mocap4r2_msgs/include/mocap4r2_msgs/mocap4r2_msgs/msg/detail/rigid_bodies__type_support.h
[1.637s] -- Up-to-date symlink: /home/jozef/ros2_ws/install/mocap4r2_msgs/include/mocap4r2_msgs/mocap4r2_msgs/msg/detail/rigid_body__functions.h
[1.637s] -- Up-to-date symlink: /home/jozef/ros2_ws/install/mocap4r2_msgs/include/mocap4r2_msgs/mocap4r2_msgs/msg/detail/rigid_body__struct.h
[1.650s] -- Up-to-date symlink: /home/jozef/ros2_ws/install/mocap4r2_msgs/include/mocap4r2_msgs/mocap4r2_msgs/msg/detail/rigid_body__type_support.h
[1.651s] -- Up-to-date symlink: /home/jozef/ros2_ws/install/mocap4r2_msgs/include/mocap4r2_msgs/mocap4r2_msgs/msg/imus_info.h
[1.651s] -- Up-to-date symlink: /home/jozef/ros2_ws/install/mocap4r2_msgs/include/mocap4r2_msgs/mocap4r2_msgs/msg/marker.h
[1.651s] -- Up-to-date symlink: /home/jozef/ros2_ws/install/mocap4r2_msgs/include/mocap4r2_msgs/mocap4r2_msgs/msg/markers.h
[1.651s] -- Up-to-date symlink: /home/jozef/ros2_ws/install/mocap4r2_msgs/include/mocap4r2_msgs/mocap4r2_msgs/msg/rigid_bodies.h
[1.651s] -- Up-to-date symlink: /home/jozef/ros2_ws/install/mocap4r2_msgs/include/mocap4r2_msgs/mocap4r2_msgs/msg/rigid_body.h
[1.651s] -- Up-to-date symlink: /home/jozef/ros2_ws/install/mocap4r2_msgs/include/mocap4r2_msgs/mocap4r2_msgs/msg/rosidl_generator_c__visibility_control.h
[1.651s] -- Up-to-date symlink: /home/jozef/ros2_ws/install/mocap4r2_msgs/share/mocap4r2_msgs/environment/library_path.sh
[1.659s] -- Up-to-date symlink: /home/jozef/ros2_ws/install/mocap4r2_msgs/share/mocap4r2_msgs/environment/library_path.dsv
[1.659s] -- Up-to-date symlink: /home/jozef/ros2_ws/install/mocap4r2_msgs/include/mocap4r2_msgs/mocap4r2_msgs/msg/detail/imus_info__rosidl_typesupport_fastrtps_c.h
[1.659s] -- Up-to-date symlink: /home/jozef/ros2_ws/install/mocap4r2_msgs/include/mocap4r2_msgs/mocap4r2_msgs/msg/detail/marker__rosidl_typesupport_fastrtps_c.h
[1.660s] -- Up-to-date symlink: /home/jozef/ros2_ws/install/mocap4r2_msgs/include/mocap4r2_msgs/mocap4r2_msgs/msg/detail/markers__rosidl_typesupport_fastrtps_c.h
[1.660s] -- Up-to-date symlink: /home/jozef/ros2_ws/install/mocap4r2_msgs/include/mocap4r2_msgs/mocap4r2_msgs/msg/detail/rigid_bodies__rosidl_typesupport_fastrtps_c.h
[1.660s] -- Up-to-date symlink: /home/jozef/ros2_ws/install/mocap4r2_msgs/include/mocap4r2_msgs/mocap4r2_msgs/msg/detail/rigid_body__rosidl_typesupport_fastrtps_c.h
[1.660s] -- Up-to-date symlink: /home/jozef/ros2_ws/install/mocap4r2_msgs/include/mocap4r2_msgs/mocap4r2_msgs/msg/rosidl_typesupport_fastrtps_c__visibility_control.h
[1.660s] -- Up-to-date symlink: /home/jozef/ros2_ws/install/mocap4r2_msgs/include/mocap4r2_msgs/mocap4r2_msgs/msg/detail/imus_info__rosidl_typesupport_introspection_c.h
[1.660s] -- Up-to-date symlink: /home/jozef/ros2_ws/install/mocap4r2_msgs/include/mocap4r2_msgs/mocap4r2_msgs/msg/detail/marker__rosidl_typesupport_introspection_c.h
[1.660s] -- Up-to-date symlink: /home/jozef/ros2_ws/install/mocap4r2_msgs/include/mocap4r2_msgs/mocap4r2_msgs/msg/detail/markers__rosidl_typesupport_introspection_c.h
[1.661s] -- Up-to-date symlink: /home/jozef/ros2_ws/install/mocap4r2_msgs/include/mocap4r2_msgs/mocap4r2_msgs/msg/detail/rigid_bodies__rosidl_typesupport_introspection_c.h
[1.661s] -- Up-to-date symlink: /home/jozef/ros2_ws/install/mocap4r2_msgs/include/mocap4r2_msgs/mocap4r2_msgs/msg/detail/rigid_body__rosidl_typesupport_introspection_c.h
[1.661s] -- Up-to-date symlink: /home/jozef/ros2_ws/install/mocap4r2_msgs/include/mocap4r2_msgs/mocap4r2_msgs/msg/rosidl_typesupport_introspection_c__visibility_control.h
[1.661s] -- Up-to-date symlink: /home/jozef/ros2_ws/install/mocap4r2_msgs/include/mocap4r2_msgs/mocap4r2_msgs/msg/detail/imus_info__builder.hpp
[1.661s] -- Up-to-date symlink: /home/jozef/ros2_ws/install/mocap4r2_msgs/include/mocap4r2_msgs/mocap4r2_msgs/msg/detail/imus_info__struct.hpp
[1.661s] -- Up-to-date symlink: /home/jozef/ros2_ws/install/mocap4r2_msgs/include/mocap4r2_msgs/mocap4r2_msgs/msg/detail/imus_info__traits.hpp
[1.662s] -- Up-to-date symlink: /home/jozef/ros2_ws/install/mocap4r2_msgs/include/mocap4r2_msgs/mocap4r2_msgs/msg/detail/imus_info__type_support.hpp
[1.662s] -- Up-to-date symlink: /home/jozef/ros2_ws/install/mocap4r2_msgs/include/mocap4r2_msgs/mocap4r2_msgs/msg/detail/marker__builder.hpp
[1.667s] -- Up-to-date symlink: /home/jozef/ros2_ws/install/mocap4r2_msgs/include/mocap4r2_msgs/mocap4r2_msgs/msg/detail/marker__struct.hpp
[1.667s] -- Up-to-date symlink: /home/jozef/ros2_ws/install/mocap4r2_msgs/include/mocap4r2_msgs/mocap4r2_msgs/msg/detail/marker__traits.hpp
[1.668s] -- Up-to-date symlink: /home/jozef/ros2_ws/install/mocap4r2_msgs/include/mocap4r2_msgs/mocap4r2_msgs/msg/detail/marker__type_support.hpp
[1.668s] -- Up-to-date symlink: /home/jozef/ros2_ws/install/mocap4r2_msgs/include/mocap4r2_msgs/mocap4r2_msgs/msg/detail/markers__builder.hpp
[1.668s] -- Up-to-date symlink: /home/jozef/ros2_ws/install/mocap4r2_msgs/include/mocap4r2_msgs/mocap4r2_msgs/msg/detail/markers__struct.hpp
[1.668s] -- Up-to-date symlink: /home/jozef/ros2_ws/install/mocap4r2_msgs/include/mocap4r2_msgs/mocap4r2_msgs/msg/detail/markers__traits.hpp
[1.668s] -- Up-to-date symlink: /home/jozef/ros2_ws/install/mocap4r2_msgs/include/mocap4r2_msgs/mocap4r2_msgs/msg/detail/markers__type_support.hpp
[1.668s] -- Up-to-date symlink: /home/jozef/ros2_ws/install/mocap4r2_msgs/include/mocap4r2_msgs/mocap4r2_msgs/msg/detail/rigid_bodies__builder.hpp
[1.668s] -- Up-to-date symlink: /home/jozef/ros2_ws/install/mocap4r2_msgs/include/mocap4r2_msgs/mocap4r2_msgs/msg/detail/rigid_bodies__struct.hpp
[1.669s] -- Up-to-date symlink: /home/jozef/ros2_ws/install/mocap4r2_msgs/include/mocap4r2_msgs/mocap4r2_msgs/msg/detail/rigid_bodies__traits.hpp
[1.669s] -- Up-to-date symlink: /home/jozef/ros2_ws/install/mocap4r2_msgs/include/mocap4r2_msgs/mocap4r2_msgs/msg/detail/rigid_bodies__type_support.hpp
[1.669s] -- Up-to-date symlink: /home/jozef/ros2_ws/install/mocap4r2_msgs/include/mocap4r2_msgs/mocap4r2_msgs/msg/detail/rigid_body__builder.hpp
[1.670s] -- Up-to-date symlink: /home/jozef/ros2_ws/install/mocap4r2_msgs/include/mocap4r2_msgs/mocap4r2_msgs/msg/detail/rigid_body__struct.hpp
[1.671s] -- Up-to-date symlink: /home/jozef/ros2_ws/install/mocap4r2_msgs/include/mocap4r2_msgs/mocap4r2_msgs/msg/detail/rigid_body__traits.hpp
[1.671s] -- Up-to-date symlink: /home/jozef/ros2_ws/install/mocap4r2_msgs/include/mocap4r2_msgs/mocap4r2_msgs/msg/detail/rigid_body__type_support.hpp
[1.671s] -- Up-to-date symlink: /home/jozef/ros2_ws/install/mocap4r2_msgs/include/mocap4r2_msgs/mocap4r2_msgs/msg/imus_info.hpp
[1.673s] -- Up-to-date symlink: /home/jozef/ros2_ws/install/mocap4r2_msgs/include/mocap4r2_msgs/mocap4r2_msgs/msg/marker.hpp
[1.675s] -- Up-to-date symlink: /home/jozef/ros2_ws/install/mocap4r2_msgs/include/mocap4r2_msgs/mocap4r2_msgs/msg/markers.hpp
[1.676s] -- Up-to-date symlink: /home/jozef/ros2_ws/install/mocap4r2_msgs/include/mocap4r2_msgs/mocap4r2_msgs/msg/rigid_bodies.hpp
[1.676s] -- Up-to-date symlink: /home/jozef/ros2_ws/install/mocap4r2_msgs/include/mocap4r2_msgs/mocap4r2_msgs/msg/rigid_body.hpp
[1.688s] -- Up-to-date symlink: /home/jozef/ros2_ws/install/mocap4r2_msgs/include/mocap4r2_msgs/mocap4r2_msgs/msg/rosidl_generator_cpp__visibility_control.hpp
[1.690s] -- Up-to-date symlink: /home/jozef/ros2_ws/install/mocap4r2_msgs/include/mocap4r2_msgs/mocap4r2_msgs/msg/detail/imus_info__rosidl_typesupport_fastrtps_cpp.hpp
[1.690s] -- Up-to-date symlink: /home/jozef/ros2_ws/install/mocap4r2_msgs/include/mocap4r2_msgs/mocap4r2_msgs/msg/detail/marker__rosidl_typesupport_fastrtps_cpp.hpp
[1.690s] -- Up-to-date symlink: /home/jozef/ros2_ws/install/mocap4r2_msgs/include/mocap4r2_msgs/mocap4r2_msgs/msg/detail/markers__rosidl_typesupport_fastrtps_cpp.hpp
[1.690s] -- Up-to-date symlink: /home/jozef/ros2_ws/install/mocap4r2_msgs/include/mocap4r2_msgs/mocap4r2_msgs/msg/detail/rigid_bodies__rosidl_typesupport_fastrtps_cpp.hpp
[1.690s] -- Up-to-date symlink: /home/jozef/ros2_ws/install/mocap4r2_msgs/include/mocap4r2_msgs/mocap4r2_msgs/msg/detail/rigid_body__rosidl_typesupport_fastrtps_cpp.hpp
[1.690s] -- Up-to-date symlink: /home/jozef/ros2_ws/install/mocap4r2_msgs/include/mocap4r2_msgs/mocap4r2_msgs/msg/rosidl_typesupport_fastrtps_cpp__visibility_control.h
[1.690s] -- Up-to-date symlink: /home/jozef/ros2_ws/install/mocap4r2_msgs/include/mocap4r2_msgs/mocap4r2_msgs/msg/detail/imus_info__rosidl_typesupport_introspection_cpp.hpp
[1.691s] -- Up-to-date symlink: /home/jozef/ros2_ws/install/mocap4r2_msgs/include/mocap4r2_msgs/mocap4r2_msgs/msg/detail/marker__rosidl_typesupport_introspection_cpp.hpp
[1.691s] -- Up-to-date symlink: /home/jozef/ros2_ws/install/mocap4r2_msgs/include/mocap4r2_msgs/mocap4r2_msgs/msg/detail/markers__rosidl_typesupport_introspection_cpp.hpp
[1.691s] -- Up-to-date symlink: /home/jozef/ros2_ws/install/mocap4r2_msgs/include/mocap4r2_msgs/mocap4r2_msgs/msg/detail/rigid_bodies__rosidl_typesupport_introspection_cpp.hpp
[1.691s] -- Up-to-date symlink: /home/jozef/ros2_ws/install/mocap4r2_msgs/include/mocap4r2_msgs/mocap4r2_msgs/msg/detail/rigid_body__rosidl_typesupport_introspection_cpp.hpp
[1.691s] -- Up-to-date symlink: /home/jozef/ros2_ws/install/mocap4r2_msgs/share/mocap4r2_msgs/environment/pythonpath.sh
[1.691s] -- Up-to-date symlink: /home/jozef/ros2_ws/install/mocap4r2_msgs/share/mocap4r2_msgs/environment/pythonpath.dsv
[1.691s] -- Up-to-date symlink: /home/jozef/ros2_ws/install/mocap4r2_msgs/local/lib/python3.10/dist-packages/mocap4r2_msgs-0.0.3-py3.10.egg-info/PKG-INFO
[1.691s] -- Up-to-date symlink: /home/jozef/ros2_ws/install/mocap4r2_msgs/local/lib/python3.10/dist-packages/mocap4r2_msgs-0.0.3-py3.10.egg-info/SOURCES.txt
[1.692s] -- Up-to-date symlink: /home/jozef/ros2_ws/install/mocap4r2_msgs/local/lib/python3.10/dist-packages/mocap4r2_msgs-0.0.3-py3.10.egg-info/dependency_links.txt
[1.692s] -- Up-to-date symlink: /home/jozef/ros2_ws/install/mocap4r2_msgs/local/lib/python3.10/dist-packages/mocap4r2_msgs-0.0.3-py3.10.egg-info/top_level.txt
[1.709s] -- Up-to-date symlink: /home/jozef/ros2_ws/install/mocap4r2_msgs/local/lib/python3.10/dist-packages/mocap4r2_msgs/__init__.py
[1.709s] -- Up-to-date symlink: /home/jozef/ros2_ws/install/mocap4r2_msgs/local/lib/python3.10/dist-packages/mocap4r2_msgs/_mocap4r2_msgs_s.ep.rosidl_typesupport_c.c
[1.709s] -- Up-to-date symlink: /home/jozef/ros2_ws/install/mocap4r2_msgs/local/lib/python3.10/dist-packages/mocap4r2_msgs/_mocap4r2_msgs_s.ep.rosidl_typesupport_fastrtps_c.c
[1.709s] -- Up-to-date symlink: /home/jozef/ros2_ws/install/mocap4r2_msgs/local/lib/python3.10/dist-packages/mocap4r2_msgs/_mocap4r2_msgs_s.ep.rosidl_typesupport_introspection_c.c
[1.709s] -- Up-to-date symlink: /home/jozef/ros2_ws/install/mocap4r2_msgs/local/lib/python3.10/dist-packages/mocap4r2_msgs/libmocap4r2_msgs__rosidl_generator_py.so
[1.709s] -- Up-to-date symlink: /home/jozef/ros2_ws/install/mocap4r2_msgs/local/lib/python3.10/dist-packages/mocap4r2_msgs/mocap4r2_msgs_s__rosidl_typesupport_c.cpython-310-x86_64-linux-gnu.so
[1.710s] -- Up-to-date symlink: /home/jozef/ros2_ws/install/mocap4r2_msgs/local/lib/python3.10/dist-packages/mocap4r2_msgs/mocap4r2_msgs_s__rosidl_typesupport_fastrtps_c.cpython-310-x86_64-linux-gnu.so
[1.710s] -- Up-to-date symlink: /home/jozef/ros2_ws/install/mocap4r2_msgs/local/lib/python3.10/dist-packages/mocap4r2_msgs/mocap4r2_msgs_s__rosidl_typesupport_introspection_c.cpython-310-x86_64-linux-gnu.so
[1.710s] -- Up-to-date symlink: /home/jozef/ros2_ws/install/mocap4r2_msgs/local/lib/python3.10/dist-packages/mocap4r2_msgs/msg/__init__.py
[1.710s] -- Up-to-date symlink: /home/jozef/ros2_ws/install/mocap4r2_msgs/local/lib/python3.10/dist-packages/mocap4r2_msgs/msg/_imus_info.py
[1.710s] -- Up-to-date symlink: /home/jozef/ros2_ws/install/mocap4r2_msgs/local/lib/python3.10/dist-packages/mocap4r2_msgs/msg/_imus_info_s.c
[1.710s] -- Up-to-date symlink: /home/jozef/ros2_ws/install/mocap4r2_msgs/local/lib/python3.10/dist-packages/mocap4r2_msgs/msg/_marker.py
[1.710s] -- Up-to-date symlink: /home/jozef/ros2_ws/install/mocap4r2_msgs/local/lib/python3.10/dist-packages/mocap4r2_msgs/msg/_marker_s.c
[1.711s] -- Up-to-date symlink: /home/jozef/ros2_ws/install/mocap4r2_msgs/local/lib/python3.10/dist-packages/mocap4r2_msgs/msg/_markers.py
[1.711s] -- Up-to-date symlink: /home/jozef/ros2_ws/install/mocap4r2_msgs/local/lib/python3.10/dist-packages/mocap4r2_msgs/msg/_markers_s.c
[1.714s] -- Up-to-date symlink: /home/jozef/ros2_ws/install/mocap4r2_msgs/local/lib/python3.10/dist-packages/mocap4r2_msgs/msg/_rigid_bodies.py
[1.714s] -- Up-to-date symlink: /home/jozef/ros2_ws/install/mocap4r2_msgs/local/lib/python3.10/dist-packages/mocap4r2_msgs/msg/_rigid_bodies_s.c
[1.714s] -- Up-to-date symlink: /home/jozef/ros2_ws/install/mocap4r2_msgs/local/lib/python3.10/dist-packages/mocap4r2_msgs/msg/_rigid_body.py
[1.720s] -- Up-to-date symlink: /home/jozef/ros2_ws/install/mocap4r2_msgs/local/lib/python3.10/dist-packages/mocap4r2_msgs/msg/_rigid_body_s.c
[1.720s] -- Up-to-date symlink: /home/jozef/ros2_ws/install/mocap4r2_msgs/local/lib/python3.10/dist-packages/mocap4r2_msgs/mocap4r2_msgs_s__rosidl_typesupport_fastrtps_c.cpython-310-x86_64-linux-gnu.so
[1.730s] -- Up-to-date symlink: /home/jozef/ros2_ws/install/mocap4r2_msgs/local/lib/python3.10/dist-packages/mocap4r2_msgs/mocap4r2_msgs_s__rosidl_typesupport_introspection_c.cpython-310-x86_64-linux-gnu.so
[1.742s] -- Up-to-date symlink: /home/jozef/ros2_ws/install/mocap4r2_msgs/local/lib/python3.10/dist-packages/mocap4r2_msgs/mocap4r2_msgs_s__rosidl_typesupport_c.cpython-310-x86_64-linux-gnu.so
[1.745s] -- Up-to-date symlink: /home/jozef/ros2_ws/install/mocap4r2_msgs/share/mocap4r2_msgs/msg/Marker.idl
[1.745s] -- Up-to-date symlink: /home/jozef/ros2_ws/install/mocap4r2_msgs/share/mocap4r2_msgs/msg/Markers.idl
[1.745s] -- Up-to-date symlink: /home/jozef/ros2_ws/install/mocap4r2_msgs/share/mocap4r2_msgs/msg/ImusInfo.idl
[1.746s] -- Up-to-date symlink: /home/jozef/ros2_ws/install/mocap4r2_msgs/share/mocap4r2_msgs/msg/RigidBody.idl
[1.747s] -- Up-to-date symlink: /home/jozef/ros2_ws/install/mocap4r2_msgs/share/mocap4r2_msgs/msg/RigidBodies.idl
[1.747s] -- Up-to-date symlink: /home/jozef/ros2_ws/install/mocap4r2_msgs/share/mocap4r2_msgs/msg/Marker.msg
[1.747s] -- Up-to-date symlink: /home/jozef/ros2_ws/install/mocap4r2_msgs/share/mocap4r2_msgs/msg/Markers.msg
[1.747s] -- Up-to-date symlink: /home/jozef/ros2_ws/install/mocap4r2_msgs/share/mocap4r2_msgs/msg/ImusInfo.msg
[1.747s] -- Up-to-date symlink: /home/jozef/ros2_ws/install/mocap4r2_msgs/share/mocap4r2_msgs/msg/RigidBody.msg
[1.747s] -- Up-to-date symlink: /home/jozef/ros2_ws/install/mocap4r2_msgs/share/mocap4r2_msgs/msg/RigidBodies.msg
[1.753s] -- Up-to-date symlink: /home/jozef/ros2_ws/install/mocap4r2_msgs/share/mocap4r2_msgs/mocap4r2_bridge_mapping_rule.yaml
[1.754s] -- Up-to-date symlink: /home/jozef/ros2_ws/install/mocap4r2_msgs/share/ament_index/resource_index/package_run_dependencies/mocap4r2_msgs
[1.754s] -- Up-to-date symlink: /home/jozef/ros2_ws/install/mocap4r2_msgs/share/ament_index/resource_index/parent_prefix_path/mocap4r2_msgs
[1.754s] -- Up-to-date symlink: /home/jozef/ros2_ws/install/mocap4r2_msgs/share/mocap4r2_msgs/environment/ament_prefix_path.sh
[1.758s] -- Up-to-date symlink: /home/jozef/ros2_ws/install/mocap4r2_msgs/share/mocap4r2_msgs/environment/ament_prefix_path.dsv
[1.762s] -- Up-to-date symlink: /home/jozef/ros2_ws/install/mocap4r2_msgs/share/mocap4r2_msgs/environment/path.sh
[1.762s] -- Up-to-date symlink: /home/jozef/ros2_ws/install/mocap4r2_msgs/share/mocap4r2_msgs/environment/path.dsv
[1.766s] -- Up-to-date symlink: /home/jozef/ros2_ws/install/mocap4r2_msgs/share/mocap4r2_msgs/local_setup.bash
[1.766s] -- Up-to-date symlink: /home/jozef/ros2_ws/install/mocap4r2_msgs/share/mocap4r2_msgs/local_setup.sh
[1.768s] -- Up-to-date symlink: /home/jozef/ros2_ws/install/mocap4r2_msgs/share/mocap4r2_msgs/local_setup.zsh
[1.768s] -- Up-to-date symlink: /home/jozef/ros2_ws/install/mocap4r2_msgs/share/mocap4r2_msgs/local_setup.dsv
[1.768s] -- Symlinking: /home/jozef/ros2_ws/install/mocap4r2_msgs/share/mocap4r2_msgs/package.dsv
[1.791s] -- Up-to-date symlink: /home/jozef/ros2_ws/install/mocap4r2_msgs/share/ament_index/resource_index/packages/mocap4r2_msgs
[1.791s] -- Up-to-date symlink: /home/jozef/ros2_ws/install/mocap4r2_msgs/share/mocap4r2_msgs/cmake/rosidl_cmake-extras.cmake
[1.796s] -- Up-to-date symlink: /home/jozef/ros2_ws/install/mocap4r2_msgs/share/mocap4r2_msgs/cmake/ament_cmake_export_dependencies-extras.cmake
[1.796s] -- Up-to-date symlink: /home/jozef/ros2_ws/install/mocap4r2_msgs/share/mocap4r2_msgs/cmake/ament_cmake_export_include_directories-extras.cmake
[1.796s] -- Up-to-date symlink: /home/jozef/ros2_ws/install/mocap4r2_msgs/share/mocap4r2_msgs/cmake/ament_cmake_export_libraries-extras.cmake
[1.797s] -- Up-to-date symlink: /home/jozef/ros2_ws/install/mocap4r2_msgs/share/mocap4r2_msgs/cmake/ament_cmake_export_targets-extras.cmake
[1.798s] -- Up-to-date symlink: /home/jozef/ros2_ws/install/mocap4r2_msgs/share/mocap4r2_msgs/cmake/rosidl_cmake_export_typesupport_targets-extras.cmake
[1.798s] -- Up-to-date symlink: /home/jozef/ros2_ws/install/mocap4r2_msgs/share/mocap4r2_msgs/cmake/rosidl_cmake_export_typesupport_libraries-extras.cmake
[1.802s] -- Up-to-date symlink: /home/jozef/ros2_ws/install/mocap4r2_msgs/share/mocap4r2_msgs/cmake/mocap4r2_msgsConfig.cmake
[1.828s] -- Up-to-date symlink: /home/jozef/ros2_ws/install/mocap4r2_msgs/share/mocap4r2_msgs/cmake/mocap4r2_msgsConfig-version.cmake
[1.837s] -- Up-to-date symlink: /home/jozef/ros2_ws/install/mocap4r2_msgs/share/mocap4r2_msgs/package.xml
[1.837s] -- Up-to-date: /home/jozef/ros2_ws/install/mocap4r2_msgs/lib/libmocap4r2_msgs__rosidl_generator_c.so
[1.840s] -- Up-to-date: /home/jozef/ros2_ws/install/mocap4r2_msgs/lib/libmocap4r2_msgs__rosidl_typesupport_fastrtps_c.so
[1.840s] -- Up-to-date: /home/jozef/ros2_ws/install/mocap4r2_msgs/lib/libmocap4r2_msgs__rosidl_typesupport_introspection_c.so
[1.853s] -- Up-to-date: /home/jozef/ros2_ws/install/mocap4r2_msgs/lib/libmocap4r2_msgs__rosidl_typesupport_c.so
[1.854s] -- Up-to-date: /home/jozef/ros2_ws/install/mocap4r2_msgs/lib/libmocap4r2_msgs__rosidl_typesupport_fastrtps_cpp.so
[1.854s] -- Up-to-date: /home/jozef/ros2_ws/install/mocap4r2_msgs/lib/libmocap4r2_msgs__rosidl_typesupport_introspection_cpp.so
[1.863s] -- Up-to-date: /home/jozef/ros2_ws/install/mocap4r2_msgs/lib/libmocap4r2_msgs__rosidl_typesupport_cpp.so
[1.952s] Listing '/home/jozef/ros2_ws/install/mocap4r2_msgs/local/lib/python3.10/dist-packages/mocap4r2_msgs'...
[1.952s] Listing '/home/jozef/ros2_ws/install/mocap4r2_msgs/local/lib/python3.10/dist-packages/mocap4r2_msgs/msg'...
[1.981s] -- Up-to-date: /home/jozef/ros2_ws/install/mocap4r2_msgs/lib/libmocap4r2_msgs__rosidl_generator_py.so
[1.989s] -- Up-to-date: /home/jozef/ros2_ws/install/mocap4r2_msgs/share/mocap4r2_msgs/cmake/export_mocap4r2_msgs__rosidl_generator_cExport.cmake
[1.994s] -- Up-to-date: /home/jozef/ros2_ws/install/mocap4r2_msgs/share/mocap4r2_msgs/cmake/export_mocap4r2_msgs__rosidl_generator_cExport-noconfig.cmake
[1.994s] -- Up-to-date: /home/jozef/ros2_ws/install/mocap4r2_msgs/share/mocap4r2_msgs/cmake/export_mocap4r2_msgs__rosidl_typesupport_fastrtps_cExport.cmake
[1.994s] -- Up-to-date: /home/jozef/ros2_ws/install/mocap4r2_msgs/share/mocap4r2_msgs/cmake/export_mocap4r2_msgs__rosidl_typesupport_fastrtps_cExport-noconfig.cmake
[1.994s] -- Up-to-date: /home/jozef/ros2_ws/install/mocap4r2_msgs/share/mocap4r2_msgs/cmake/mocap4r2_msgs__rosidl_typesupport_introspection_cExport.cmake
[1.994s] -- Up-to-date: /home/jozef/ros2_ws/install/mocap4r2_msgs/share/mocap4r2_msgs/cmake/mocap4r2_msgs__rosidl_typesupport_introspection_cExport-noconfig.cmake
[1.995s] -- Up-to-date: /home/jozef/ros2_ws/install/mocap4r2_msgs/share/mocap4r2_msgs/cmake/mocap4r2_msgs__rosidl_typesupport_cExport.cmake
[1.995s] -- Up-to-date: /home/jozef/ros2_ws/install/mocap4r2_msgs/share/mocap4r2_msgs/cmake/mocap4r2_msgs__rosidl_typesupport_cExport-noconfig.cmake
[1.995s] -- Up-to-date: /home/jozef/ros2_ws/install/mocap4r2_msgs/share/mocap4r2_msgs/cmake/export_mocap4r2_msgs__rosidl_generator_cppExport.cmake
[1.995s] -- Up-to-date: /home/jozef/ros2_ws/install/mocap4r2_msgs/share/mocap4r2_msgs/cmake/export_mocap4r2_msgs__rosidl_typesupport_fastrtps_cppExport.cmake
[1.995s] -- Up-to-date: /home/jozef/ros2_ws/install/mocap4r2_msgs/share/mocap4r2_msgs/cmake/export_mocap4r2_msgs__rosidl_typesupport_fastrtps_cppExport-noconfig.cmake
[1.996s] -- Up-to-date: /home/jozef/ros2_ws/install/mocap4r2_msgs/share/mocap4r2_msgs/cmake/mocap4r2_msgs__rosidl_typesupport_introspection_cppExport.cmake
[1.996s] -- Up-to-date: /home/jozef/ros2_ws/install/mocap4r2_msgs/share/mocap4r2_msgs/cmake/mocap4r2_msgs__rosidl_typesupport_introspection_cppExport-noconfig.cmake
[2.004s] -- Up-to-date: /home/jozef/ros2_ws/install/mocap4r2_msgs/share/mocap4r2_msgs/cmake/mocap4r2_msgs__rosidl_typesupport_cppExport.cmake
[2.005s] -- Up-to-date: /home/jozef/ros2_ws/install/mocap4r2_msgs/share/mocap4r2_msgs/cmake/mocap4r2_msgs__rosidl_typesupport_cppExport-noconfig.cmake
[2.005s] -- Up-to-date: /home/jozef/ros2_ws/install/mocap4r2_msgs/share/mocap4r2_msgs/cmake/export_mocap4r2_msgs__rosidl_generator_pyExport.cmake
[2.005s] -- Up-to-date: /home/jozef/ros2_ws/install/mocap4r2_msgs/share/mocap4r2_msgs/cmake/export_mocap4r2_msgs__rosidl_generator_pyExport-noconfig.cmake
[2.130s] Invoked command in '/home/jozef/ros2_ws/build/mocap4r2_msgs' returned '0': CMAKE_PREFIX_PATH=/opt/ros/humble /usr/bin/cmake --install /home/jozef/ros2_ws/build/mocap4r2_msgs
