[0.075s] Invoking command in '/home/jozef/ros2_ws/build/mocap4r2_control_msgs': CMAKE_PREFIX_PATH=/opt/ros/humble /usr/bin/cmake --build /home/jozef/ros2_ws/build/mocap4r2_control_msgs -- -j8 -l8
[0.254s] [  2%] Built target mocap4r2_control_msgs__cpp
[0.254s] [ 12%] Built target mocap4r2_control_msgs__rosidl_generator_c
[0.310s] [ 12%] Built target ament_cmake_python_symlink_mocap4r2_control_msgs
[0.518s] [ 23%] Built target mocap4r2_control_msgs__rosidl_typesupport_cpp
[0.520s] [ 33%] Built target mocap4r2_control_msgs__rosidl_typesupport_introspection_cpp
[0.521s] [ 43%] Built target mocap4r2_control_msgs__rosidl_typesupport_fastrtps_cpp
[0.532s] [ 53%] Built target mocap4r2_control_msgs__rosidl_typesupport_introspection_c
[0.547s] [ 71%] Built target mocap4r2_control_msgs__rosidl_typesupport_fastrtps_c
[0.551s] [ 74%] Built target mocap4r2_control_msgs__rosidl_typesupport_c
[0.630s] [ 74%] Built target mocap4r2_control_msgs
[0.730s] [ 76%] Built target mocap4r2_control_msgs__py
[0.854s] [ 84%] Built target mocap4r2_control_msgs__rosidl_generator_py
[0.958s] [ 89%] Built target mocap4r2_control_msgs__rosidl_typesupport_introspection_c__pyext
[0.977s] [ 94%] Built target mocap4r2_control_msgs__rosidl_typesupport_fastrtps_c__pyext
[0.979s] [100%] Built target mocap4r2_control_msgs__rosidl_typesupport_c__pyext
[1.412s] running egg_info
[1.466s] writing mocap4r2_control_msgs.egg-info/PKG-INFO
[1.467s] writing dependency_links to mocap4r2_control_msgs.egg-info/dependency_links.txt
[1.468s] writing top-level names to mocap4r2_control_msgs.egg-info/top_level.txt
[1.600s] reading manifest file 'mocap4r2_control_msgs.egg-info/SOURCES.txt'
[1.601s] writing manifest file 'mocap4r2_control_msgs.egg-info/SOURCES.txt'
[1.693s] [100%] Built target ament_cmake_python_build_mocap4r2_control_msgs_egg
[1.765s] Invoked command in '/home/jozef/ros2_ws/build/mocap4r2_control_msgs' returned '0': CMAKE_PREFIX_PATH=/opt/ros/humble /usr/bin/cmake --build /home/jozef/ros2_ws/build/mocap4r2_control_msgs -- -j8 -l8
[1.767s] Invoking command in '/home/jozef/ros2_ws/build/mocap4r2_control_msgs': CMAKE_PREFIX_PATH=/opt/ros/humble /usr/bin/cmake --install /home/jozef/ros2_ws/build/mocap4r2_control_msgs
[1.796s] -- Install configuration: ""
[1.796s] -- Execute custom install script
[1.796s] -- Up-to-date symlink: /home/jozef/ros2_ws/install/mocap4r2_control_msgs/share/ament_index/resource_index/rosidl_interfaces/mocap4r2_control_msgs
[1.797s] -- Up-to-date symlink: /home/jozef/ros2_ws/install/mocap4r2_control_msgs/include/mocap4r2_control_msgs/mocap4r2_control_msgs/msg/control.h
[1.797s] -- Up-to-date symlink: /home/jozef/ros2_ws/install/mocap4r2_control_msgs/include/mocap4r2_control_msgs/mocap4r2_control_msgs/msg/detail/control__functions.h
[1.797s] -- Up-to-date symlink: /home/jozef/ros2_ws/install/mocap4r2_control_msgs/include/mocap4r2_control_msgs/mocap4r2_control_msgs/msg/detail/control__struct.h
[1.798s] -- Up-to-date symlink: /home/jozef/ros2_ws/install/mocap4r2_control_msgs/include/mocap4r2_control_msgs/mocap4r2_control_msgs/msg/detail/control__type_support.h
[1.799s] -- Up-to-date symlink: /home/jozef/ros2_ws/install/mocap4r2_control_msgs/include/mocap4r2_control_msgs/mocap4r2_control_msgs/msg/detail/mocap_info__functions.h
[1.799s] -- Up-to-date symlink: /home/jozef/ros2_ws/install/mocap4r2_control_msgs/include/mocap4r2_control_msgs/mocap4r2_control_msgs/msg/detail/mocap_info__struct.h
[1.799s] -- Up-to-date symlink: /home/jozef/ros2_ws/install/mocap4r2_control_msgs/include/mocap4r2_control_msgs/mocap4r2_control_msgs/msg/detail/mocap_info__type_support.h
[1.800s] -- Up-to-date symlink: /home/jozef/ros2_ws/install/mocap4r2_control_msgs/include/mocap4r2_control_msgs/mocap4r2_control_msgs/msg/mocap_info.h
[1.801s] -- Up-to-date symlink: /home/jozef/ros2_ws/install/mocap4r2_control_msgs/include/mocap4r2_control_msgs/mocap4r2_control_msgs/msg/rosidl_generator_c__visibility_control.h
[1.802s] -- Up-to-date symlink: /home/jozef/ros2_ws/install/mocap4r2_control_msgs/share/mocap4r2_control_msgs/environment/library_path.sh
[1.802s] -- Up-to-date symlink: /home/jozef/ros2_ws/install/mocap4r2_control_msgs/share/mocap4r2_control_msgs/environment/library_path.dsv
[1.804s] -- Up-to-date symlink: /home/jozef/ros2_ws/install/mocap4r2_control_msgs/include/mocap4r2_control_msgs/mocap4r2_control_msgs/msg/detail/control__rosidl_typesupport_fastrtps_c.h
[1.804s] -- Up-to-date symlink: /home/jozef/ros2_ws/install/mocap4r2_control_msgs/include/mocap4r2_control_msgs/mocap4r2_control_msgs/msg/detail/mocap_info__rosidl_typesupport_fastrtps_c.h
[1.805s] -- Up-to-date symlink: /home/jozef/ros2_ws/install/mocap4r2_control_msgs/include/mocap4r2_control_msgs/mocap4r2_control_msgs/msg/rosidl_typesupport_fastrtps_c__visibility_control.h
[1.805s] -- Up-to-date symlink: /home/jozef/ros2_ws/install/mocap4r2_control_msgs/include/mocap4r2_control_msgs/mocap4r2_control_msgs/msg/detail/control__rosidl_typesupport_introspection_c.h
[1.806s] -- Up-to-date symlink: /home/jozef/ros2_ws/install/mocap4r2_control_msgs/include/mocap4r2_control_msgs/mocap4r2_control_msgs/msg/detail/mocap_info__rosidl_typesupport_introspection_c.h
[1.806s] -- Up-to-date symlink: /home/jozef/ros2_ws/install/mocap4r2_control_msgs/include/mocap4r2_control_msgs/mocap4r2_control_msgs/msg/rosidl_typesupport_introspection_c__visibility_control.h
[1.807s] -- Up-to-date symlink: /home/jozef/ros2_ws/install/mocap4r2_control_msgs/include/mocap4r2_control_msgs/mocap4r2_control_msgs/msg/control.hpp
[1.807s] -- Up-to-date symlink: /home/jozef/ros2_ws/install/mocap4r2_control_msgs/include/mocap4r2_control_msgs/mocap4r2_control_msgs/msg/detail/control__builder.hpp
[1.807s] -- Up-to-date symlink: /home/jozef/ros2_ws/install/mocap4r2_control_msgs/include/mocap4r2_control_msgs/mocap4r2_control_msgs/msg/detail/control__struct.hpp
[1.807s] -- Up-to-date symlink: /home/jozef/ros2_ws/install/mocap4r2_control_msgs/include/mocap4r2_control_msgs/mocap4r2_control_msgs/msg/detail/control__traits.hpp
[1.808s] -- Up-to-date symlink: /home/jozef/ros2_ws/install/mocap4r2_control_msgs/include/mocap4r2_control_msgs/mocap4r2_control_msgs/msg/detail/control__type_support.hpp
[1.808s] -- Up-to-date symlink: /home/jozef/ros2_ws/install/mocap4r2_control_msgs/include/mocap4r2_control_msgs/mocap4r2_control_msgs/msg/detail/mocap_info__builder.hpp
[1.808s] -- Up-to-date symlink: /home/jozef/ros2_ws/install/mocap4r2_control_msgs/include/mocap4r2_control_msgs/mocap4r2_control_msgs/msg/detail/mocap_info__struct.hpp
[1.808s] -- Up-to-date symlink: /home/jozef/ros2_ws/install/mocap4r2_control_msgs/include/mocap4r2_control_msgs/mocap4r2_control_msgs/msg/detail/mocap_info__traits.hpp
[1.811s] -- Up-to-date symlink: /home/jozef/ros2_ws/install/mocap4r2_control_msgs/include/mocap4r2_control_msgs/mocap4r2_control_msgs/msg/detail/mocap_info__type_support.hpp
[1.811s] -- Up-to-date symlink: /home/jozef/ros2_ws/install/mocap4r2_control_msgs/include/mocap4r2_control_msgs/mocap4r2_control_msgs/msg/mocap_info.hpp
[1.811s] -- Up-to-date symlink: /home/jozef/ros2_ws/install/mocap4r2_control_msgs/include/mocap4r2_control_msgs/mocap4r2_control_msgs/msg/rosidl_generator_cpp__visibility_control.hpp
[1.812s] -- Up-to-date symlink: /home/jozef/ros2_ws/install/mocap4r2_control_msgs/include/mocap4r2_control_msgs/mocap4r2_control_msgs/msg/detail/control__rosidl_typesupport_fastrtps_cpp.hpp
[1.812s] -- Up-to-date symlink: /home/jozef/ros2_ws/install/mocap4r2_control_msgs/include/mocap4r2_control_msgs/mocap4r2_control_msgs/msg/detail/mocap_info__rosidl_typesupport_fastrtps_cpp.hpp
[1.812s] -- Up-to-date symlink: /home/jozef/ros2_ws/install/mocap4r2_control_msgs/include/mocap4r2_control_msgs/mocap4r2_control_msgs/msg/rosidl_typesupport_fastrtps_cpp__visibility_control.h
[1.812s] -- Up-to-date symlink: /home/jozef/ros2_ws/install/mocap4r2_control_msgs/include/mocap4r2_control_msgs/mocap4r2_control_msgs/msg/detail/control__rosidl_typesupport_introspection_cpp.hpp
[1.812s] -- Up-to-date symlink: /home/jozef/ros2_ws/install/mocap4r2_control_msgs/include/mocap4r2_control_msgs/mocap4r2_control_msgs/msg/detail/mocap_info__rosidl_typesupport_introspection_cpp.hpp
[1.812s] -- Up-to-date symlink: /home/jozef/ros2_ws/install/mocap4r2_control_msgs/share/mocap4r2_control_msgs/environment/pythonpath.sh
[1.812s] -- Up-to-date symlink: /home/jozef/ros2_ws/install/mocap4r2_control_msgs/share/mocap4r2_control_msgs/environment/pythonpath.dsv
[1.812s] -- Up-to-date symlink: /home/jozef/ros2_ws/install/mocap4r2_control_msgs/local/lib/python3.10/dist-packages/mocap4r2_control_msgs-0.0.7-py3.10.egg-info/PKG-INFO
[1.813s] -- Up-to-date symlink: /home/jozef/ros2_ws/install/mocap4r2_control_msgs/local/lib/python3.10/dist-packages/mocap4r2_control_msgs-0.0.7-py3.10.egg-info/SOURCES.txt
[1.813s] -- Up-to-date symlink: /home/jozef/ros2_ws/install/mocap4r2_control_msgs/local/lib/python3.10/dist-packages/mocap4r2_control_msgs-0.0.7-py3.10.egg-info/dependency_links.txt
[1.813s] -- Up-to-date symlink: /home/jozef/ros2_ws/install/mocap4r2_control_msgs/local/lib/python3.10/dist-packages/mocap4r2_control_msgs-0.0.7-py3.10.egg-info/top_level.txt
[1.813s] -- Up-to-date symlink: /home/jozef/ros2_ws/install/mocap4r2_control_msgs/local/lib/python3.10/dist-packages/mocap4r2_control_msgs/__init__.py
[1.813s] -- Up-to-date symlink: /home/jozef/ros2_ws/install/mocap4r2_control_msgs/local/lib/python3.10/dist-packages/mocap4r2_control_msgs/_mocap4r2_control_msgs_s.ep.rosidl_typesupport_c.c
[1.813s] -- Up-to-date symlink: /home/jozef/ros2_ws/install/mocap4r2_control_msgs/local/lib/python3.10/dist-packages/mocap4r2_control_msgs/_mocap4r2_control_msgs_s.ep.rosidl_typesupport_fastrtps_c.c
[1.814s] -- Up-to-date symlink: /home/jozef/ros2_ws/install/mocap4r2_control_msgs/local/lib/python3.10/dist-packages/mocap4r2_control_msgs/_mocap4r2_control_msgs_s.ep.rosidl_typesupport_introspection_c.c
[1.814s] -- Up-to-date symlink: /home/jozef/ros2_ws/install/mocap4r2_control_msgs/local/lib/python3.10/dist-packages/mocap4r2_control_msgs/libmocap4r2_control_msgs__rosidl_generator_py.so
[1.814s] -- Up-to-date symlink: /home/jozef/ros2_ws/install/mocap4r2_control_msgs/local/lib/python3.10/dist-packages/mocap4r2_control_msgs/mocap4r2_control_msgs_s__rosidl_typesupport_c.cpython-310-x86_64-linux-gnu.so
[1.814s] -- Up-to-date symlink: /home/jozef/ros2_ws/install/mocap4r2_control_msgs/local/lib/python3.10/dist-packages/mocap4r2_control_msgs/mocap4r2_control_msgs_s__rosidl_typesupport_fastrtps_c.cpython-310-x86_64-linux-gnu.so
[1.814s] -- Up-to-date symlink: /home/jozef/ros2_ws/install/mocap4r2_control_msgs/local/lib/python3.10/dist-packages/mocap4r2_control_msgs/mocap4r2_control_msgs_s__rosidl_typesupport_introspection_c.cpython-310-x86_64-linux-gnu.so
[1.814s] -- Up-to-date symlink: /home/jozef/ros2_ws/install/mocap4r2_control_msgs/local/lib/python3.10/dist-packages/mocap4r2_control_msgs/msg/__init__.py
[1.814s] -- Up-to-date symlink: /home/jozef/ros2_ws/install/mocap4r2_control_msgs/local/lib/python3.10/dist-packages/mocap4r2_control_msgs/msg/_control.py
[1.814s] -- Up-to-date symlink: /home/jozef/ros2_ws/install/mocap4r2_control_msgs/local/lib/python3.10/dist-packages/mocap4r2_control_msgs/msg/_control_s.c
[1.815s] -- Up-to-date symlink: /home/jozef/ros2_ws/install/mocap4r2_control_msgs/local/lib/python3.10/dist-packages/mocap4r2_control_msgs/msg/_mocap_info.py
[1.815s] -- Up-to-date symlink: /home/jozef/ros2_ws/install/mocap4r2_control_msgs/local/lib/python3.10/dist-packages/mocap4r2_control_msgs/msg/_mocap_info_s.c
[1.815s] -- Up-to-date symlink: /home/jozef/ros2_ws/install/mocap4r2_control_msgs/local/lib/python3.10/dist-packages/mocap4r2_control_msgs/mocap4r2_control_msgs_s__rosidl_typesupport_fastrtps_c.cpython-310-x86_64-linux-gnu.so
[1.815s] -- Up-to-date symlink: /home/jozef/ros2_ws/install/mocap4r2_control_msgs/local/lib/python3.10/dist-packages/mocap4r2_control_msgs/mocap4r2_control_msgs_s__rosidl_typesupport_introspection_c.cpython-310-x86_64-linux-gnu.so
[1.815s] -- Up-to-date symlink: /home/jozef/ros2_ws/install/mocap4r2_control_msgs/local/lib/python3.10/dist-packages/mocap4r2_control_msgs/mocap4r2_control_msgs_s__rosidl_typesupport_c.cpython-310-x86_64-linux-gnu.so
[1.815s] -- Up-to-date symlink: /home/jozef/ros2_ws/install/mocap4r2_control_msgs/share/mocap4r2_control_msgs/msg/Control.idl
[1.815s] -- Up-to-date symlink: /home/jozef/ros2_ws/install/mocap4r2_control_msgs/share/mocap4r2_control_msgs/msg/MocapInfo.idl
[1.815s] -- Up-to-date symlink: /home/jozef/ros2_ws/install/mocap4r2_control_msgs/share/mocap4r2_control_msgs/msg/Control.msg
[1.816s] -- Up-to-date symlink: /home/jozef/ros2_ws/install/mocap4r2_control_msgs/share/mocap4r2_control_msgs/msg/MocapInfo.msg
[1.816s] -- Up-to-date symlink: /home/jozef/ros2_ws/install/mocap4r2_control_msgs/share/mocap4r2_control_msgs/mocap4r2_control_bridge_mapping_rule.yaml
[1.816s] -- Up-to-date symlink: /home/jozef/ros2_ws/install/mocap4r2_control_msgs/share/ament_index/resource_index/package_run_dependencies/mocap4r2_control_msgs
[1.816s] -- Up-to-date symlink: /home/jozef/ros2_ws/install/mocap4r2_control_msgs/share/ament_index/resource_index/parent_prefix_path/mocap4r2_control_msgs
[1.816s] -- Up-to-date symlink: /home/jozef/ros2_ws/install/mocap4r2_control_msgs/share/mocap4r2_control_msgs/environment/ament_prefix_path.sh
[1.816s] -- Up-to-date symlink: /home/jozef/ros2_ws/install/mocap4r2_control_msgs/share/mocap4r2_control_msgs/environment/ament_prefix_path.dsv
[1.816s] -- Up-to-date symlink: /home/jozef/ros2_ws/install/mocap4r2_control_msgs/share/mocap4r2_control_msgs/environment/path.sh
[1.817s] -- Up-to-date symlink: /home/jozef/ros2_ws/install/mocap4r2_control_msgs/share/mocap4r2_control_msgs/environment/path.dsv
[1.817s] -- Up-to-date symlink: /home/jozef/ros2_ws/install/mocap4r2_control_msgs/share/mocap4r2_control_msgs/local_setup.bash
[1.817s] -- Up-to-date symlink: /home/jozef/ros2_ws/install/mocap4r2_control_msgs/share/mocap4r2_control_msgs/local_setup.sh
[1.817s] -- Up-to-date symlink: /home/jozef/ros2_ws/install/mocap4r2_control_msgs/share/mocap4r2_control_msgs/local_setup.zsh
[1.817s] -- Up-to-date symlink: /home/jozef/ros2_ws/install/mocap4r2_control_msgs/share/mocap4r2_control_msgs/local_setup.dsv
[1.817s] -- Symlinking: /home/jozef/ros2_ws/install/mocap4r2_control_msgs/share/mocap4r2_control_msgs/package.dsv
[1.817s] -- Up-to-date symlink: /home/jozef/ros2_ws/install/mocap4r2_control_msgs/share/ament_index/resource_index/packages/mocap4r2_control_msgs
[1.818s] -- Up-to-date symlink: /home/jozef/ros2_ws/install/mocap4r2_control_msgs/share/mocap4r2_control_msgs/cmake/rosidl_cmake-extras.cmake
[1.818s] -- Up-to-date symlink: /home/jozef/ros2_ws/install/mocap4r2_control_msgs/share/mocap4r2_control_msgs/cmake/ament_cmake_export_dependencies-extras.cmake
[1.818s] -- Up-to-date symlink: /home/jozef/ros2_ws/install/mocap4r2_control_msgs/share/mocap4r2_control_msgs/cmake/ament_cmake_export_include_directories-extras.cmake
[1.818s] -- Up-to-date symlink: /home/jozef/ros2_ws/install/mocap4r2_control_msgs/share/mocap4r2_control_msgs/cmake/ament_cmake_export_libraries-extras.cmake
[1.819s] -- Up-to-date symlink: /home/jozef/ros2_ws/install/mocap4r2_control_msgs/share/mocap4r2_control_msgs/cmake/ament_cmake_export_targets-extras.cmake
[1.819s] -- Up-to-date symlink: /home/jozef/ros2_ws/install/mocap4r2_control_msgs/share/mocap4r2_control_msgs/cmake/rosidl_cmake_export_typesupport_targets-extras.cmake
[1.820s] -- Up-to-date symlink: /home/jozef/ros2_ws/install/mocap4r2_control_msgs/share/mocap4r2_control_msgs/cmake/rosidl_cmake_export_typesupport_libraries-extras.cmake
[1.820s] -- Up-to-date symlink: /home/jozef/ros2_ws/install/mocap4r2_control_msgs/share/mocap4r2_control_msgs/cmake/mocap4r2_control_msgsConfig.cmake
[1.820s] -- Up-to-date symlink: /home/jozef/ros2_ws/install/mocap4r2_control_msgs/share/mocap4r2_control_msgs/cmake/mocap4r2_control_msgsConfig-version.cmake
[1.821s] -- Up-to-date symlink: /home/jozef/ros2_ws/install/mocap4r2_control_msgs/share/mocap4r2_control_msgs/package.xml
[1.821s] -- Up-to-date: /home/jozef/ros2_ws/install/mocap4r2_control_msgs/lib/libmocap4r2_control_msgs__rosidl_generator_c.so
[1.821s] -- Up-to-date: /home/jozef/ros2_ws/install/mocap4r2_control_msgs/lib/libmocap4r2_control_msgs__rosidl_typesupport_fastrtps_c.so
[1.821s] -- Up-to-date: /home/jozef/ros2_ws/install/mocap4r2_control_msgs/lib/libmocap4r2_control_msgs__rosidl_typesupport_introspection_c.so
[1.822s] -- Up-to-date: /home/jozef/ros2_ws/install/mocap4r2_control_msgs/lib/libmocap4r2_control_msgs__rosidl_typesupport_c.so
[1.822s] -- Up-to-date: /home/jozef/ros2_ws/install/mocap4r2_control_msgs/lib/libmocap4r2_control_msgs__rosidl_typesupport_fastrtps_cpp.so
[1.822s] -- Up-to-date: /home/jozef/ros2_ws/install/mocap4r2_control_msgs/lib/libmocap4r2_control_msgs__rosidl_typesupport_introspection_cpp.so
[1.822s] -- Up-to-date: /home/jozef/ros2_ws/install/mocap4r2_control_msgs/lib/libmocap4r2_control_msgs__rosidl_typesupport_cpp.so
[1.896s] Listing '/home/jozef/ros2_ws/install/mocap4r2_control_msgs/local/lib/python3.10/dist-packages/mocap4r2_control_msgs'...
[1.896s] Listing '/home/jozef/ros2_ws/install/mocap4r2_control_msgs/local/lib/python3.10/dist-packages/mocap4r2_control_msgs/msg'...
[1.913s] -- Up-to-date: /home/jozef/ros2_ws/install/mocap4r2_control_msgs/lib/libmocap4r2_control_msgs__rosidl_generator_py.so
[1.914s] -- Up-to-date: /home/jozef/ros2_ws/install/mocap4r2_control_msgs/share/mocap4r2_control_msgs/cmake/export_mocap4r2_control_msgs__rosidl_generator_cExport.cmake
[1.914s] -- Up-to-date: /home/jozef/ros2_ws/install/mocap4r2_control_msgs/share/mocap4r2_control_msgs/cmake/export_mocap4r2_control_msgs__rosidl_generator_cExport-noconfig.cmake
[1.914s] -- Up-to-date: /home/jozef/ros2_ws/install/mocap4r2_control_msgs/share/mocap4r2_control_msgs/cmake/export_mocap4r2_control_msgs__rosidl_typesupport_fastrtps_cExport.cmake
[1.917s] -- Up-to-date: /home/jozef/ros2_ws/install/mocap4r2_control_msgs/share/mocap4r2_control_msgs/cmake/export_mocap4r2_control_msgs__rosidl_typesupport_fastrtps_cExport-noconfig.cmake
[1.917s] -- Up-to-date: /home/jozef/ros2_ws/install/mocap4r2_control_msgs/share/mocap4r2_control_msgs/cmake/mocap4r2_control_msgs__rosidl_typesupport_introspection_cExport.cmake
[1.919s] -- Up-to-date: /home/jozef/ros2_ws/install/mocap4r2_control_msgs/share/mocap4r2_control_msgs/cmake/mocap4r2_control_msgs__rosidl_typesupport_introspection_cExport-noconfig.cmake
[1.922s] -- Up-to-date: /home/jozef/ros2_ws/install/mocap4r2_control_msgs/share/mocap4r2_control_msgs/cmake/mocap4r2_control_msgs__rosidl_typesupport_cExport.cmake
[1.930s] -- Up-to-date: /home/jozef/ros2_ws/install/mocap4r2_control_msgs/share/mocap4r2_control_msgs/cmake/mocap4r2_control_msgs__rosidl_typesupport_cExport-noconfig.cmake
[1.933s] -- Up-to-date: /home/jozef/ros2_ws/install/mocap4r2_control_msgs/share/mocap4r2_control_msgs/cmake/export_mocap4r2_control_msgs__rosidl_generator_cppExport.cmake
[1.937s] -- Up-to-date: /home/jozef/ros2_ws/install/mocap4r2_control_msgs/share/mocap4r2_control_msgs/cmake/export_mocap4r2_control_msgs__rosidl_typesupport_fastrtps_cppExport.cmake
[1.937s] -- Up-to-date: /home/jozef/ros2_ws/install/mocap4r2_control_msgs/share/mocap4r2_control_msgs/cmake/export_mocap4r2_control_msgs__rosidl_typesupport_fastrtps_cppExport-noconfig.cmake
[1.937s] -- Up-to-date: /home/jozef/ros2_ws/install/mocap4r2_control_msgs/share/mocap4r2_control_msgs/cmake/mocap4r2_control_msgs__rosidl_typesupport_introspection_cppExport.cmake
[1.937s] -- Up-to-date: /home/jozef/ros2_ws/install/mocap4r2_control_msgs/share/mocap4r2_control_msgs/cmake/mocap4r2_control_msgs__rosidl_typesupport_introspection_cppExport-noconfig.cmake
[1.937s] -- Up-to-date: /home/jozef/ros2_ws/install/mocap4r2_control_msgs/share/mocap4r2_control_msgs/cmake/mocap4r2_control_msgs__rosidl_typesupport_cppExport.cmake
[1.937s] -- Up-to-date: /home/jozef/ros2_ws/install/mocap4r2_control_msgs/share/mocap4r2_control_msgs/cmake/mocap4r2_control_msgs__rosidl_typesupport_cppExport-noconfig.cmake
[1.937s] -- Up-to-date: /home/jozef/ros2_ws/install/mocap4r2_control_msgs/share/mocap4r2_control_msgs/cmake/export_mocap4r2_control_msgs__rosidl_generator_pyExport.cmake
[1.938s] -- Up-to-date: /home/jozef/ros2_ws/install/mocap4r2_control_msgs/share/mocap4r2_control_msgs/cmake/export_mocap4r2_control_msgs__rosidl_generator_pyExport-noconfig.cmake
[2.459s] Invoked command in '/home/jozef/ros2_ws/build/mocap4r2_control_msgs' returned '0': CMAKE_PREFIX_PATH=/opt/ros/humble /usr/bin/cmake --install /home/jozef/ros2_ws/build/mocap4r2_control_msgs
