[0.067s] Invoking command in '/home/jozef/ros2_ws/build/mocap4r2_msgs': CMAKE_PREFIX_PATH=/home/jozef/ros2_ws/install/tb2_slam:/home/jozef/ros2_ws/install/rqt_mocap4r2_control:/home/jozef/ros2_ws/install/neo_localization2:/home/jozef/ros2_ws/install/mrpt_navigation:/home/jozef/ros2_ws/install/mrpt_tutorials:/home/jozef/ros2_ws/install/mrpt_tps_astar_planner:/home/jozef/ros2_ws/install/mrpt_reactivenav2d:/home/jozef/ros2_ws/install/mrpt_rawlog:/home/jozef/ros2_ws/install/mrpt_pointcloud_pipeline:/home/jozef/ros2_ws/install/mrpt_pf_localization:/home/jozef/ros2_ws/install/mrpt_map_server:/home/jozef/ros2_ws/install/mrpt_nav_interfaces:/home/jozef/ros2_ws/install/mrpt_msgs_bridge:/home/jozef/ros2_ws/install/tb2_control:/home/jozef/ros2_ws/install/tb2_bringup:/home/jozef/ros2_ws/install/mocap4r2cli:/home/jozef/ros2_ws/install/localization_benchmarking:/opt/ros/humble:/home/jozef/ros2_ws/install/mrpt_msgs:/home/jozef/ros2_ws/install/mocap4r2_robot_gt:/home/jozef/ros2_ws/install/mocap4r2_robot_gt_msgs:/home/jozef/ros2_ws/install/mocap4r2_optitrack_driver:/home/jozef/ros2_ws/install/mocap4r2_marker_viz:/home/jozef/ros2_ws/install/mocap4r2_marker_publisher:/home/jozef/ros2_ws/install/mocap4r2_dummy_driver:/home/jozef/ros2_ws/install/mocap4r2_msgs:/home/jozef/ros2_ws/install/mocap4r2_marker_viz_srvs:/home/jozef/ros2_ws/install/mocap4r2_control:/home/jozef/ros2_ws/install/mocap4r2_control_msgs:/home/jozef/ros2_ws/install/message_filters /usr/bin/cmake --build /home/jozef/ros2_ws/build/mocap4r2_msgs -- -j8 -l8
[0.243s] [  1%] Built target mocap4r2_msgs__cpp
[0.333s] [ 12%] Built target mocap4r2_msgs__rosidl_generator_c
[0.404s] [ 12%] Built target ament_cmake_python_symlink_mocap4r2_msgs
[0.510s] [ 23%] Built target mocap4r2_msgs__rosidl_typesupport_fastrtps_cpp
[0.535s] [ 34%] Built target mocap4r2_msgs__rosidl_typesupport_introspection_cpp
[0.536s] [ 46%] Built target mocap4r2_msgs__rosidl_typesupport_c
[0.547s] [ 57%] Built target mocap4r2_msgs__rosidl_typesupport_introspection_c
[0.550s] [ 68%] Built target mocap4r2_msgs__rosidl_typesupport_cpp
[0.552s] [ 79%] Built target mocap4r2_msgs__rosidl_typesupport_fastrtps_c
[0.671s] [ 79%] Built target mocap4r2_msgs
[0.797s] [ 80%] Built target mocap4r2_msgs__py
[0.914s] [ 90%] Built target mocap4r2_msgs__rosidl_generator_py
[1.058s] [ 93%] Built target mocap4r2_msgs__rosidl_typesupport_c__pyext
[1.069s] [ 96%] Built target mocap4r2_msgs__rosidl_typesupport_fastrtps_c__pyext
[1.085s] [100%] Built target mocap4r2_msgs__rosidl_typesupport_introspection_c__pyext
[1.351s] running egg_info
[1.394s] writing mocap4r2_msgs.egg-info/PKG-INFO
[1.394s] writing dependency_links to mocap4r2_msgs.egg-info/dependency_links.txt
[1.395s] writing top-level names to mocap4r2_msgs.egg-info/top_level.txt
[1.540s] reading manifest file 'mocap4r2_msgs.egg-info/SOURCES.txt'
[1.541s] writing manifest file 'mocap4r2_msgs.egg-info/SOURCES.txt'
[1.651s] [100%] Built target ament_cmake_python_build_mocap4r2_msgs_egg
[1.742s] Invoked command in '/home/jozef/ros2_ws/build/mocap4r2_msgs' returned '0': CMAKE_PREFIX_PATH=/home/jozef/ros2_ws/install/tb2_slam:/home/jozef/ros2_ws/install/rqt_mocap4r2_control:/home/jozef/ros2_ws/install/neo_localization2:/home/jozef/ros2_ws/install/mrpt_navigation:/home/jozef/ros2_ws/install/mrpt_tutorials:/home/jozef/ros2_ws/install/mrpt_tps_astar_planner:/home/jozef/ros2_ws/install/mrpt_reactivenav2d:/home/jozef/ros2_ws/install/mrpt_rawlog:/home/jozef/ros2_ws/install/mrpt_pointcloud_pipeline:/home/jozef/ros2_ws/install/mrpt_pf_localization:/home/jozef/ros2_ws/install/mrpt_map_server:/home/jozef/ros2_ws/install/mrpt_nav_interfaces:/home/jozef/ros2_ws/install/mrpt_msgs_bridge:/home/jozef/ros2_ws/install/tb2_control:/home/jozef/ros2_ws/install/tb2_bringup:/home/jozef/ros2_ws/install/mocap4r2cli:/home/jozef/ros2_ws/install/localization_benchmarking:/opt/ros/humble:/home/jozef/ros2_ws/install/mrpt_msgs:/home/jozef/ros2_ws/install/mocap4r2_robot_gt:/home/jozef/ros2_ws/install/mocap4r2_robot_gt_msgs:/home/jozef/ros2_ws/install/mocap4r2_optitrack_driver:/home/jozef/ros2_ws/install/mocap4r2_marker_viz:/home/jozef/ros2_ws/install/mocap4r2_marker_publisher:/home/jozef/ros2_ws/install/mocap4r2_dummy_driver:/home/jozef/ros2_ws/install/mocap4r2_msgs:/home/jozef/ros2_ws/install/mocap4r2_marker_viz_srvs:/home/jozef/ros2_ws/install/mocap4r2_control:/home/jozef/ros2_ws/install/mocap4r2_control_msgs:/home/jozef/ros2_ws/install/message_filters /usr/bin/cmake --build /home/jozef/ros2_ws/build/mocap4r2_msgs -- -j8 -l8
[1.744s] Invoking command in '/home/jozef/ros2_ws/build/mocap4r2_msgs': CMAKE_PREFIX_PATH=/home/jozef/ros2_ws/install/tb2_slam:/home/jozef/ros2_ws/install/rqt_mocap4r2_control:/home/jozef/ros2_ws/install/neo_localization2:/home/jozef/ros2_ws/install/mrpt_navigation:/home/jozef/ros2_ws/install/mrpt_tutorials:/home/jozef/ros2_ws/install/mrpt_tps_astar_planner:/home/jozef/ros2_ws/install/mrpt_reactivenav2d:/home/jozef/ros2_ws/install/mrpt_rawlog:/home/jozef/ros2_ws/install/mrpt_pointcloud_pipeline:/home/jozef/ros2_ws/install/mrpt_pf_localization:/home/jozef/ros2_ws/install/mrpt_map_server:/home/jozef/ros2_ws/install/mrpt_nav_interfaces:/home/jozef/ros2_ws/install/mrpt_msgs_bridge:/home/jozef/ros2_ws/install/tb2_control:/home/jozef/ros2_ws/install/tb2_bringup:/home/jozef/ros2_ws/install/mocap4r2cli:/home/jozef/ros2_ws/install/localization_benchmarking:/opt/ros/humble:/home/jozef/ros2_ws/install/mrpt_msgs:/home/jozef/ros2_ws/install/mocap4r2_robot_gt:/home/jozef/ros2_ws/install/mocap4r2_robot_gt_msgs:/home/jozef/ros2_ws/install/mocap4r2_optitrack_driver:/home/jozef/ros2_ws/install/mocap4r2_marker_viz:/home/jozef/ros2_ws/install/mocap4r2_marker_publisher:/home/jozef/ros2_ws/install/mocap4r2_dummy_driver:/home/jozef/ros2_ws/install/mocap4r2_msgs:/home/jozef/ros2_ws/install/mocap4r2_marker_viz_srvs:/home/jozef/ros2_ws/install/mocap4r2_control:/home/jozef/ros2_ws/install/mocap4r2_control_msgs:/home/jozef/ros2_ws/install/message_filters /usr/bin/cmake --install /home/jozef/ros2_ws/build/mocap4r2_msgs
[1.835s] -- Install configuration: ""
[1.835s] -- Execute custom install script
[1.836s] -- Up-to-date symlink: /home/jozef/ros2_ws/install/mocap4r2_msgs/share/ament_index/resource_index/rosidl_interfaces/mocap4r2_msgs
[1.836s] -- Up-to-date symlink: /home/jozef/ros2_ws/install/mocap4r2_msgs/include/mocap4r2_msgs/mocap4r2_msgs/msg/detail/imus_info__functions.h
[1.836s] -- Up-to-date symlink: /home/jozef/ros2_ws/install/mocap4r2_msgs/include/mocap4r2_msgs/mocap4r2_msgs/msg/detail/imus_info__struct.h
[1.836s] -- Up-to-date symlink: /home/jozef/ros2_ws/install/mocap4r2_msgs/include/mocap4r2_msgs/mocap4r2_msgs/msg/detail/imus_info__type_support.h
[1.836s] -- Up-to-date symlink: /home/jozef/ros2_ws/install/mocap4r2_msgs/include/mocap4r2_msgs/mocap4r2_msgs/msg/detail/marker__functions.h
[1.836s] -- Up-to-date symlink: /home/jozef/ros2_ws/install/mocap4r2_msgs/include/mocap4r2_msgs/mocap4r2_msgs/msg/detail/marker__struct.h
[1.836s] -- Up-to-date symlink: /home/jozef/ros2_ws/install/mocap4r2_msgs/include/mocap4r2_msgs/mocap4r2_msgs/msg/detail/marker__type_support.h
[1.836s] -- Up-to-date symlink: /home/jozef/ros2_ws/install/mocap4r2_msgs/include/mocap4r2_msgs/mocap4r2_msgs/msg/detail/markers__functions.h
[1.836s] -- Up-to-date symlink: /home/jozef/ros2_ws/install/mocap4r2_msgs/include/mocap4r2_msgs/mocap4r2_msgs/msg/detail/markers__struct.h
[1.837s] -- Up-to-date symlink: /home/jozef/ros2_ws/install/mocap4r2_msgs/include/mocap4r2_msgs/mocap4r2_msgs/msg/detail/markers__type_support.h
[1.837s] -- Up-to-date symlink: /home/jozef/ros2_ws/install/mocap4r2_msgs/include/mocap4r2_msgs/mocap4r2_msgs/msg/detail/rigid_bodies__functions.h
[1.837s] -- Up-to-date symlink: /home/jozef/ros2_ws/install/mocap4r2_msgs/include/mocap4r2_msgs/mocap4r2_msgs/msg/detail/rigid_bodies__struct.h
[1.837s] -- Up-to-date symlink: /home/jozef/ros2_ws/install/mocap4r2_msgs/include/mocap4r2_msgs/mocap4r2_msgs/msg/detail/rigid_bodies__type_support.h
[1.837s] -- Up-to-date symlink: /home/jozef/ros2_ws/install/mocap4r2_msgs/include/mocap4r2_msgs/mocap4r2_msgs/msg/detail/rigid_body__functions.h
[1.838s] -- Up-to-date symlink: /home/jozef/ros2_ws/install/mocap4r2_msgs/include/mocap4r2_msgs/mocap4r2_msgs/msg/detail/rigid_body__struct.h
[1.838s] -- Up-to-date symlink: /home/jozef/ros2_ws/install/mocap4r2_msgs/include/mocap4r2_msgs/mocap4r2_msgs/msg/detail/rigid_body__type_support.h
[1.839s] -- Up-to-date symlink: /home/jozef/ros2_ws/install/mocap4r2_msgs/include/mocap4r2_msgs/mocap4r2_msgs/msg/imus_info.h
[1.841s] -- Up-to-date symlink: /home/jozef/ros2_ws/install/mocap4r2_msgs/include/mocap4r2_msgs/mocap4r2_msgs/msg/marker.h
[1.841s] -- Up-to-date symlink: /home/jozef/ros2_ws/install/mocap4r2_msgs/include/mocap4r2_msgs/mocap4r2_msgs/msg/markers.h
[1.841s] -- Up-to-date symlink: /home/jozef/ros2_ws/install/mocap4r2_msgs/include/mocap4r2_msgs/mocap4r2_msgs/msg/rigid_bodies.h
[1.841s] -- Up-to-date symlink: /home/jozef/ros2_ws/install/mocap4r2_msgs/include/mocap4r2_msgs/mocap4r2_msgs/msg/rigid_body.h
[1.841s] -- Up-to-date symlink: /home/jozef/ros2_ws/install/mocap4r2_msgs/include/mocap4r2_msgs/mocap4r2_msgs/msg/rosidl_generator_c__visibility_control.h
[1.841s] -- Up-to-date symlink: /home/jozef/ros2_ws/install/mocap4r2_msgs/share/mocap4r2_msgs/environment/library_path.sh
[1.841s] -- Up-to-date symlink: /home/jozef/ros2_ws/install/mocap4r2_msgs/share/mocap4r2_msgs/environment/library_path.dsv
[1.841s] -- Up-to-date symlink: /home/jozef/ros2_ws/install/mocap4r2_msgs/include/mocap4r2_msgs/mocap4r2_msgs/msg/detail/imus_info__rosidl_typesupport_fastrtps_c.h
[1.842s] -- Up-to-date symlink: /home/jozef/ros2_ws/install/mocap4r2_msgs/include/mocap4r2_msgs/mocap4r2_msgs/msg/detail/marker__rosidl_typesupport_fastrtps_c.h
[1.842s] -- Up-to-date symlink: /home/jozef/ros2_ws/install/mocap4r2_msgs/include/mocap4r2_msgs/mocap4r2_msgs/msg/detail/markers__rosidl_typesupport_fastrtps_c.h
[1.842s] -- Up-to-date symlink: /home/jozef/ros2_ws/install/mocap4r2_msgs/include/mocap4r2_msgs/mocap4r2_msgs/msg/detail/rigid_bodies__rosidl_typesupport_fastrtps_c.h
[1.855s] -- Up-to-date symlink: /home/jozef/ros2_ws/install/mocap4r2_msgs/include/mocap4r2_msgs/mocap4r2_msgs/msg/detail/rigid_body__rosidl_typesupport_fastrtps_c.h
[1.856s] -- Up-to-date symlink: /home/jozef/ros2_ws/install/mocap4r2_msgs/include/mocap4r2_msgs/mocap4r2_msgs/msg/rosidl_typesupport_fastrtps_c__visibility_control.h
[1.856s] -- Up-to-date symlink: /home/jozef/ros2_ws/install/mocap4r2_msgs/include/mocap4r2_msgs/mocap4r2_msgs/msg/detail/imus_info__rosidl_typesupport_introspection_c.h
[1.856s] -- Up-to-date symlink: /home/jozef/ros2_ws/install/mocap4r2_msgs/include/mocap4r2_msgs/mocap4r2_msgs/msg/detail/marker__rosidl_typesupport_introspection_c.h
[1.856s] -- Up-to-date symlink: /home/jozef/ros2_ws/install/mocap4r2_msgs/include/mocap4r2_msgs/mocap4r2_msgs/msg/detail/markers__rosidl_typesupport_introspection_c.h
[1.856s] -- Up-to-date symlink: /home/jozef/ros2_ws/install/mocap4r2_msgs/include/mocap4r2_msgs/mocap4r2_msgs/msg/detail/rigid_bodies__rosidl_typesupport_introspection_c.h
[1.856s] -- Up-to-date symlink: /home/jozef/ros2_ws/install/mocap4r2_msgs/include/mocap4r2_msgs/mocap4r2_msgs/msg/detail/rigid_body__rosidl_typesupport_introspection_c.h
[1.857s] -- Up-to-date symlink: /home/jozef/ros2_ws/install/mocap4r2_msgs/include/mocap4r2_msgs/mocap4r2_msgs/msg/rosidl_typesupport_introspection_c__visibility_control.h
[1.857s] -- Up-to-date symlink: /home/jozef/ros2_ws/install/mocap4r2_msgs/include/mocap4r2_msgs/mocap4r2_msgs/msg/detail/imus_info__builder.hpp
[1.866s] -- Up-to-date symlink: /home/jozef/ros2_ws/install/mocap4r2_msgs/include/mocap4r2_msgs/mocap4r2_msgs/msg/detail/imus_info__struct.hpp
[1.866s] -- Up-to-date symlink: /home/jozef/ros2_ws/install/mocap4r2_msgs/include/mocap4r2_msgs/mocap4r2_msgs/msg/detail/imus_info__traits.hpp
[1.867s] -- Up-to-date symlink: /home/jozef/ros2_ws/install/mocap4r2_msgs/include/mocap4r2_msgs/mocap4r2_msgs/msg/detail/imus_info__type_support.hpp
[1.867s] -- Up-to-date symlink: /home/jozef/ros2_ws/install/mocap4r2_msgs/include/mocap4r2_msgs/mocap4r2_msgs/msg/detail/marker__builder.hpp
[1.874s] -- Up-to-date symlink: /home/jozef/ros2_ws/install/mocap4r2_msgs/include/mocap4r2_msgs/mocap4r2_msgs/msg/detail/marker__struct.hpp
[1.880s] -- Up-to-date symlink: /home/jozef/ros2_ws/install/mocap4r2_msgs/include/mocap4r2_msgs/mocap4r2_msgs/msg/detail/marker__traits.hpp
[1.880s] -- Up-to-date symlink: /home/jozef/ros2_ws/install/mocap4r2_msgs/include/mocap4r2_msgs/mocap4r2_msgs/msg/detail/marker__type_support.hpp
[1.880s] -- Up-to-date symlink: /home/jozef/ros2_ws/install/mocap4r2_msgs/include/mocap4r2_msgs/mocap4r2_msgs/msg/detail/markers__builder.hpp
[1.880s] -- Up-to-date symlink: /home/jozef/ros2_ws/install/mocap4r2_msgs/include/mocap4r2_msgs/mocap4r2_msgs/msg/detail/markers__struct.hpp
[1.881s] -- Up-to-date symlink: /home/jozef/ros2_ws/install/mocap4r2_msgs/include/mocap4r2_msgs/mocap4r2_msgs/msg/detail/markers__traits.hpp
[1.881s] -- Up-to-date symlink: /home/jozef/ros2_ws/install/mocap4r2_msgs/include/mocap4r2_msgs/mocap4r2_msgs/msg/detail/markers__type_support.hpp
[1.881s] -- Up-to-date symlink: /home/jozef/ros2_ws/install/mocap4r2_msgs/include/mocap4r2_msgs/mocap4r2_msgs/msg/detail/rigid_bodies__builder.hpp
[1.881s] -- Up-to-date symlink: /home/jozef/ros2_ws/install/mocap4r2_msgs/include/mocap4r2_msgs/mocap4r2_msgs/msg/detail/rigid_bodies__struct.hpp
[1.907s] -- Up-to-date symlink: /home/jozef/ros2_ws/install/mocap4r2_msgs/include/mocap4r2_msgs/mocap4r2_msgs/msg/detail/rigid_bodies__traits.hpp
[1.909s] -- Up-to-date symlink: /home/jozef/ros2_ws/install/mocap4r2_msgs/include/mocap4r2_msgs/mocap4r2_msgs/msg/detail/rigid_bodies__type_support.hpp
[1.909s] -- Up-to-date symlink: /home/jozef/ros2_ws/install/mocap4r2_msgs/include/mocap4r2_msgs/mocap4r2_msgs/msg/detail/rigid_body__builder.hpp
[1.910s] -- Up-to-date symlink: /home/jozef/ros2_ws/install/mocap4r2_msgs/include/mocap4r2_msgs/mocap4r2_msgs/msg/detail/rigid_body__struct.hpp
[1.913s] -- Up-to-date symlink: /home/jozef/ros2_ws/install/mocap4r2_msgs/include/mocap4r2_msgs/mocap4r2_msgs/msg/detail/rigid_body__traits.hpp
[1.914s] -- Up-to-date symlink: /home/jozef/ros2_ws/install/mocap4r2_msgs/include/mocap4r2_msgs/mocap4r2_msgs/msg/detail/rigid_body__type_support.hpp
[1.915s] -- Up-to-date symlink: /home/jozef/ros2_ws/install/mocap4r2_msgs/include/mocap4r2_msgs/mocap4r2_msgs/msg/imus_info.hpp
[1.916s] -- Up-to-date symlink: /home/jozef/ros2_ws/install/mocap4r2_msgs/include/mocap4r2_msgs/mocap4r2_msgs/msg/marker.hpp
[1.926s] -- Up-to-date symlink: /home/jozef/ros2_ws/install/mocap4r2_msgs/include/mocap4r2_msgs/mocap4r2_msgs/msg/markers.hpp
[1.926s] -- Up-to-date symlink: /home/jozef/ros2_ws/install/mocap4r2_msgs/include/mocap4r2_msgs/mocap4r2_msgs/msg/rigid_bodies.hpp
[1.926s] -- Up-to-date symlink: /home/jozef/ros2_ws/install/mocap4r2_msgs/include/mocap4r2_msgs/mocap4r2_msgs/msg/rigid_body.hpp
[1.926s] -- Up-to-date symlink: /home/jozef/ros2_ws/install/mocap4r2_msgs/include/mocap4r2_msgs/mocap4r2_msgs/msg/rosidl_generator_cpp__visibility_control.hpp
[1.928s] -- Up-to-date symlink: /home/jozef/ros2_ws/install/mocap4r2_msgs/include/mocap4r2_msgs/mocap4r2_msgs/msg/detail/imus_info__rosidl_typesupport_fastrtps_cpp.hpp
[1.938s] -- Up-to-date symlink: /home/jozef/ros2_ws/install/mocap4r2_msgs/include/mocap4r2_msgs/mocap4r2_msgs/msg/detail/marker__rosidl_typesupport_fastrtps_cpp.hpp
[1.938s] -- Up-to-date symlink: /home/jozef/ros2_ws/install/mocap4r2_msgs/include/mocap4r2_msgs/mocap4r2_msgs/msg/detail/markers__rosidl_typesupport_fastrtps_cpp.hpp
[1.938s] -- Up-to-date symlink: /home/jozef/ros2_ws/install/mocap4r2_msgs/include/mocap4r2_msgs/mocap4r2_msgs/msg/detail/rigid_bodies__rosidl_typesupport_fastrtps_cpp.hpp
[1.938s] -- Up-to-date symlink: /home/jozef/ros2_ws/install/mocap4r2_msgs/include/mocap4r2_msgs/mocap4r2_msgs/msg/detail/rigid_body__rosidl_typesupport_fastrtps_cpp.hpp
[1.938s] -- Up-to-date symlink: /home/jozef/ros2_ws/install/mocap4r2_msgs/include/mocap4r2_msgs/mocap4r2_msgs/msg/rosidl_typesupport_fastrtps_cpp__visibility_control.h
[1.938s] -- Up-to-date symlink: /home/jozef/ros2_ws/install/mocap4r2_msgs/include/mocap4r2_msgs/mocap4r2_msgs/msg/detail/imus_info__rosidl_typesupport_introspection_cpp.hpp
[1.938s] -- Up-to-date symlink: /home/jozef/ros2_ws/install/mocap4r2_msgs/include/mocap4r2_msgs/mocap4r2_msgs/msg/detail/marker__rosidl_typesupport_introspection_cpp.hpp
[1.954s] -- Up-to-date symlink: /home/jozef/ros2_ws/install/mocap4r2_msgs/include/mocap4r2_msgs/mocap4r2_msgs/msg/detail/markers__rosidl_typesupport_introspection_cpp.hpp
[1.954s] -- Up-to-date symlink: /home/jozef/ros2_ws/install/mocap4r2_msgs/include/mocap4r2_msgs/mocap4r2_msgs/msg/detail/rigid_bodies__rosidl_typesupport_introspection_cpp.hpp
[1.955s] -- Up-to-date symlink: /home/jozef/ros2_ws/install/mocap4r2_msgs/include/mocap4r2_msgs/mocap4r2_msgs/msg/detail/rigid_body__rosidl_typesupport_introspection_cpp.hpp
[1.963s] -- Up-to-date symlink: /home/jozef/ros2_ws/install/mocap4r2_msgs/share/mocap4r2_msgs/environment/pythonpath.sh
[1.963s] -- Up-to-date symlink: /home/jozef/ros2_ws/install/mocap4r2_msgs/share/mocap4r2_msgs/environment/pythonpath.dsv
[1.963s] -- Up-to-date symlink: /home/jozef/ros2_ws/install/mocap4r2_msgs/local/lib/python3.10/dist-packages/mocap4r2_msgs-0.0.3-py3.10.egg-info/PKG-INFO
[1.963s] -- Up-to-date symlink: /home/jozef/ros2_ws/install/mocap4r2_msgs/local/lib/python3.10/dist-packages/mocap4r2_msgs-0.0.3-py3.10.egg-info/SOURCES.txt
[1.963s] -- Up-to-date symlink: /home/jozef/ros2_ws/install/mocap4r2_msgs/local/lib/python3.10/dist-packages/mocap4r2_msgs-0.0.3-py3.10.egg-info/dependency_links.txt
[1.963s] -- Up-to-date symlink: /home/jozef/ros2_ws/install/mocap4r2_msgs/local/lib/python3.10/dist-packages/mocap4r2_msgs-0.0.3-py3.10.egg-info/top_level.txt
[1.963s] -- Up-to-date symlink: /home/jozef/ros2_ws/install/mocap4r2_msgs/local/lib/python3.10/dist-packages/mocap4r2_msgs/__init__.py
[1.963s] -- Up-to-date symlink: /home/jozef/ros2_ws/install/mocap4r2_msgs/local/lib/python3.10/dist-packages/mocap4r2_msgs/_mocap4r2_msgs_s.ep.rosidl_typesupport_c.c
[1.964s] -- Up-to-date symlink: /home/jozef/ros2_ws/install/mocap4r2_msgs/local/lib/python3.10/dist-packages/mocap4r2_msgs/_mocap4r2_msgs_s.ep.rosidl_typesupport_fastrtps_c.c
[1.964s] -- Up-to-date symlink: /home/jozef/ros2_ws/install/mocap4r2_msgs/local/lib/python3.10/dist-packages/mocap4r2_msgs/_mocap4r2_msgs_s.ep.rosidl_typesupport_introspection_c.c
[1.964s] -- Up-to-date symlink: /home/jozef/ros2_ws/install/mocap4r2_msgs/local/lib/python3.10/dist-packages/mocap4r2_msgs/libmocap4r2_msgs__rosidl_generator_py.so
[1.964s] -- Up-to-date symlink: /home/jozef/ros2_ws/install/mocap4r2_msgs/local/lib/python3.10/dist-packages/mocap4r2_msgs/mocap4r2_msgs_s__rosidl_typesupport_c.cpython-310-x86_64-linux-gnu.so
[1.964s] -- Up-to-date symlink: /home/jozef/ros2_ws/install/mocap4r2_msgs/local/lib/python3.10/dist-packages/mocap4r2_msgs/mocap4r2_msgs_s__rosidl_typesupport_fastrtps_c.cpython-310-x86_64-linux-gnu.so
[1.964s] -- Up-to-date symlink: /home/jozef/ros2_ws/install/mocap4r2_msgs/local/lib/python3.10/dist-packages/mocap4r2_msgs/mocap4r2_msgs_s__rosidl_typesupport_introspection_c.cpython-310-x86_64-linux-gnu.so
[1.964s] -- Up-to-date symlink: /home/jozef/ros2_ws/install/mocap4r2_msgs/local/lib/python3.10/dist-packages/mocap4r2_msgs/msg/__init__.py
[1.965s] -- Up-to-date symlink: /home/jozef/ros2_ws/install/mocap4r2_msgs/local/lib/python3.10/dist-packages/mocap4r2_msgs/msg/_imus_info.py
[1.965s] -- Up-to-date symlink: /home/jozef/ros2_ws/install/mocap4r2_msgs/local/lib/python3.10/dist-packages/mocap4r2_msgs/msg/_imus_info_s.c
[1.968s] -- Up-to-date symlink: /home/jozef/ros2_ws/install/mocap4r2_msgs/local/lib/python3.10/dist-packages/mocap4r2_msgs/msg/_marker.py
[1.971s] -- Up-to-date symlink: /home/jozef/ros2_ws/install/mocap4r2_msgs/local/lib/python3.10/dist-packages/mocap4r2_msgs/msg/_marker_s.c
[1.971s] -- Up-to-date symlink: /home/jozef/ros2_ws/install/mocap4r2_msgs/local/lib/python3.10/dist-packages/mocap4r2_msgs/msg/_markers.py
[1.971s] -- Up-to-date symlink: /home/jozef/ros2_ws/install/mocap4r2_msgs/local/lib/python3.10/dist-packages/mocap4r2_msgs/msg/_markers_s.c
[1.971s] -- Up-to-date symlink: /home/jozef/ros2_ws/install/mocap4r2_msgs/local/lib/python3.10/dist-packages/mocap4r2_msgs/msg/_rigid_bodies.py
[1.972s] -- Up-to-date symlink: /home/jozef/ros2_ws/install/mocap4r2_msgs/local/lib/python3.10/dist-packages/mocap4r2_msgs/msg/_rigid_bodies_s.c
[1.978s] -- Up-to-date symlink: /home/jozef/ros2_ws/install/mocap4r2_msgs/local/lib/python3.10/dist-packages/mocap4r2_msgs/msg/_rigid_body.py
[1.978s] -- Up-to-date symlink: /home/jozef/ros2_ws/install/mocap4r2_msgs/local/lib/python3.10/dist-packages/mocap4r2_msgs/msg/_rigid_body_s.c
[1.978s] -- Up-to-date symlink: /home/jozef/ros2_ws/install/mocap4r2_msgs/local/lib/python3.10/dist-packages/mocap4r2_msgs/mocap4r2_msgs_s__rosidl_typesupport_fastrtps_c.cpython-310-x86_64-linux-gnu.so
[1.978s] -- Up-to-date symlink: /home/jozef/ros2_ws/install/mocap4r2_msgs/local/lib/python3.10/dist-packages/mocap4r2_msgs/mocap4r2_msgs_s__rosidl_typesupport_introspection_c.cpython-310-x86_64-linux-gnu.so
[1.978s] -- Up-to-date symlink: /home/jozef/ros2_ws/install/mocap4r2_msgs/local/lib/python3.10/dist-packages/mocap4r2_msgs/mocap4r2_msgs_s__rosidl_typesupport_c.cpython-310-x86_64-linux-gnu.so
[1.978s] -- Up-to-date symlink: /home/jozef/ros2_ws/install/mocap4r2_msgs/share/mocap4r2_msgs/msg/Marker.idl
[2.008s] -- Up-to-date symlink: /home/jozef/ros2_ws/install/mocap4r2_msgs/share/mocap4r2_msgs/msg/Markers.idl
[2.009s] -- Up-to-date symlink: /home/jozef/ros2_ws/install/mocap4r2_msgs/share/mocap4r2_msgs/msg/ImusInfo.idl
[2.009s] -- Up-to-date symlink: /home/jozef/ros2_ws/install/mocap4r2_msgs/share/mocap4r2_msgs/msg/RigidBody.idl
[2.009s] -- Up-to-date symlink: /home/jozef/ros2_ws/install/mocap4r2_msgs/share/mocap4r2_msgs/msg/RigidBodies.idl
[2.009s] -- Up-to-date symlink: /home/jozef/ros2_ws/install/mocap4r2_msgs/share/mocap4r2_msgs/msg/Marker.msg
[2.009s] -- Up-to-date symlink: /home/jozef/ros2_ws/install/mocap4r2_msgs/share/mocap4r2_msgs/msg/Markers.msg
[2.009s] -- Up-to-date symlink: /home/jozef/ros2_ws/install/mocap4r2_msgs/share/mocap4r2_msgs/msg/ImusInfo.msg
[2.009s] -- Up-to-date symlink: /home/jozef/ros2_ws/install/mocap4r2_msgs/share/mocap4r2_msgs/msg/RigidBody.msg
[2.009s] -- Up-to-date symlink: /home/jozef/ros2_ws/install/mocap4r2_msgs/share/mocap4r2_msgs/msg/RigidBodies.msg
[2.010s] -- Up-to-date symlink: /home/jozef/ros2_ws/install/mocap4r2_msgs/share/mocap4r2_msgs/mocap4r2_bridge_mapping_rule.yaml
[2.010s] -- Up-to-date symlink: /home/jozef/ros2_ws/install/mocap4r2_msgs/share/ament_index/resource_index/package_run_dependencies/mocap4r2_msgs
[2.010s] -- Up-to-date symlink: /home/jozef/ros2_ws/install/mocap4r2_msgs/share/ament_index/resource_index/parent_prefix_path/mocap4r2_msgs
[2.010s] -- Up-to-date symlink: /home/jozef/ros2_ws/install/mocap4r2_msgs/share/mocap4r2_msgs/environment/ament_prefix_path.sh
[2.010s] -- Up-to-date symlink: /home/jozef/ros2_ws/install/mocap4r2_msgs/share/mocap4r2_msgs/environment/ament_prefix_path.dsv
[2.010s] -- Up-to-date symlink: /home/jozef/ros2_ws/install/mocap4r2_msgs/share/mocap4r2_msgs/environment/path.sh
[2.010s] -- Up-to-date symlink: /home/jozef/ros2_ws/install/mocap4r2_msgs/share/mocap4r2_msgs/environment/path.dsv
[2.011s] -- Up-to-date symlink: /home/jozef/ros2_ws/install/mocap4r2_msgs/share/mocap4r2_msgs/local_setup.bash
[2.011s] -- Up-to-date symlink: /home/jozef/ros2_ws/install/mocap4r2_msgs/share/mocap4r2_msgs/local_setup.sh
[2.011s] -- Up-to-date symlink: /home/jozef/ros2_ws/install/mocap4r2_msgs/share/mocap4r2_msgs/local_setup.zsh
[2.011s] -- Up-to-date symlink: /home/jozef/ros2_ws/install/mocap4r2_msgs/share/mocap4r2_msgs/local_setup.dsv
[2.011s] -- Symlinking: /home/jozef/ros2_ws/install/mocap4r2_msgs/share/mocap4r2_msgs/package.dsv
[2.089s] -- Up-to-date symlink: /home/jozef/ros2_ws/install/mocap4r2_msgs/share/ament_index/resource_index/packages/mocap4r2_msgs
[2.089s] -- Up-to-date symlink: /home/jozef/ros2_ws/install/mocap4r2_msgs/share/mocap4r2_msgs/cmake/rosidl_cmake-extras.cmake
[2.089s] -- Up-to-date symlink: /home/jozef/ros2_ws/install/mocap4r2_msgs/share/mocap4r2_msgs/cmake/ament_cmake_export_dependencies-extras.cmake
[2.089s] -- Up-to-date symlink: /home/jozef/ros2_ws/install/mocap4r2_msgs/share/mocap4r2_msgs/cmake/ament_cmake_export_include_directories-extras.cmake
[2.090s] -- Up-to-date symlink: /home/jozef/ros2_ws/install/mocap4r2_msgs/share/mocap4r2_msgs/cmake/ament_cmake_export_libraries-extras.cmake
[2.090s] -- Up-to-date symlink: /home/jozef/ros2_ws/install/mocap4r2_msgs/share/mocap4r2_msgs/cmake/ament_cmake_export_targets-extras.cmake
[2.090s] -- Up-to-date symlink: /home/jozef/ros2_ws/install/mocap4r2_msgs/share/mocap4r2_msgs/cmake/rosidl_cmake_export_typesupport_targets-extras.cmake
[2.090s] -- Up-to-date symlink: /home/jozef/ros2_ws/install/mocap4r2_msgs/share/mocap4r2_msgs/cmake/rosidl_cmake_export_typesupport_libraries-extras.cmake
[2.090s] -- Up-to-date symlink: /home/jozef/ros2_ws/install/mocap4r2_msgs/share/mocap4r2_msgs/cmake/mocap4r2_msgsConfig.cmake
[2.090s] -- Up-to-date symlink: /home/jozef/ros2_ws/install/mocap4r2_msgs/share/mocap4r2_msgs/cmake/mocap4r2_msgsConfig-version.cmake
[2.090s] -- Up-to-date symlink: /home/jozef/ros2_ws/install/mocap4r2_msgs/share/mocap4r2_msgs/package.xml
[2.095s] -- Up-to-date: /home/jozef/ros2_ws/install/mocap4r2_msgs/lib/libmocap4r2_msgs__rosidl_generator_c.so
[2.096s] -- Up-to-date: /home/jozef/ros2_ws/install/mocap4r2_msgs/lib/libmocap4r2_msgs__rosidl_typesupport_fastrtps_c.so
[2.097s] -- Up-to-date: /home/jozef/ros2_ws/install/mocap4r2_msgs/lib/libmocap4r2_msgs__rosidl_typesupport_introspection_c.so
[2.098s] -- Up-to-date: /home/jozef/ros2_ws/install/mocap4r2_msgs/lib/libmocap4r2_msgs__rosidl_typesupport_c.so
[2.099s] -- Up-to-date: /home/jozef/ros2_ws/install/mocap4r2_msgs/lib/libmocap4r2_msgs__rosidl_typesupport_fastrtps_cpp.so
[2.105s] -- Up-to-date: /home/jozef/ros2_ws/install/mocap4r2_msgs/lib/libmocap4r2_msgs__rosidl_typesupport_introspection_cpp.so
[2.105s] -- Up-to-date: /home/jozef/ros2_ws/install/mocap4r2_msgs/lib/libmocap4r2_msgs__rosidl_typesupport_cpp.so
[2.129s] Listing '/home/jozef/ros2_ws/install/mocap4r2_msgs/local/lib/python3.10/dist-packages/mocap4r2_msgs'...
[2.130s] Listing '/home/jozef/ros2_ws/install/mocap4r2_msgs/local/lib/python3.10/dist-packages/mocap4r2_msgs/msg'...
[2.130s] -- Up-to-date: /home/jozef/ros2_ws/install/mocap4r2_msgs/lib/libmocap4r2_msgs__rosidl_generator_py.so
[2.130s] -- Up-to-date: /home/jozef/ros2_ws/install/mocap4r2_msgs/share/mocap4r2_msgs/cmake/export_mocap4r2_msgs__rosidl_generator_cExport.cmake
[2.130s] -- Up-to-date: /home/jozef/ros2_ws/install/mocap4r2_msgs/share/mocap4r2_msgs/cmake/export_mocap4r2_msgs__rosidl_generator_cExport-noconfig.cmake
[2.130s] -- Up-to-date: /home/jozef/ros2_ws/install/mocap4r2_msgs/share/mocap4r2_msgs/cmake/export_mocap4r2_msgs__rosidl_typesupport_fastrtps_cExport.cmake
[2.131s] -- Up-to-date: /home/jozef/ros2_ws/install/mocap4r2_msgs/share/mocap4r2_msgs/cmake/export_mocap4r2_msgs__rosidl_typesupport_fastrtps_cExport-noconfig.cmake
[2.131s] -- Up-to-date: /home/jozef/ros2_ws/install/mocap4r2_msgs/share/mocap4r2_msgs/cmake/mocap4r2_msgs__rosidl_typesupport_introspection_cExport.cmake
[2.131s] -- Up-to-date: /home/jozef/ros2_ws/install/mocap4r2_msgs/share/mocap4r2_msgs/cmake/mocap4r2_msgs__rosidl_typesupport_introspection_cExport-noconfig.cmake
[2.131s] -- Up-to-date: /home/jozef/ros2_ws/install/mocap4r2_msgs/share/mocap4r2_msgs/cmake/mocap4r2_msgs__rosidl_typesupport_cExport.cmake
[2.131s] -- Up-to-date: /home/jozef/ros2_ws/install/mocap4r2_msgs/share/mocap4r2_msgs/cmake/mocap4r2_msgs__rosidl_typesupport_cExport-noconfig.cmake
[2.131s] -- Up-to-date: /home/jozef/ros2_ws/install/mocap4r2_msgs/share/mocap4r2_msgs/cmake/export_mocap4r2_msgs__rosidl_generator_cppExport.cmake
[2.132s] -- Up-to-date: /home/jozef/ros2_ws/install/mocap4r2_msgs/share/mocap4r2_msgs/cmake/export_mocap4r2_msgs__rosidl_typesupport_fastrtps_cppExport.cmake
[2.132s] -- Up-to-date: /home/jozef/ros2_ws/install/mocap4r2_msgs/share/mocap4r2_msgs/cmake/export_mocap4r2_msgs__rosidl_typesupport_fastrtps_cppExport-noconfig.cmake
[2.132s] -- Up-to-date: /home/jozef/ros2_ws/install/mocap4r2_msgs/share/mocap4r2_msgs/cmake/mocap4r2_msgs__rosidl_typesupport_introspection_cppExport.cmake
[2.133s] -- Up-to-date: /home/jozef/ros2_ws/install/mocap4r2_msgs/share/mocap4r2_msgs/cmake/mocap4r2_msgs__rosidl_typesupport_introspection_cppExport-noconfig.cmake
[2.133s] -- Up-to-date: /home/jozef/ros2_ws/install/mocap4r2_msgs/share/mocap4r2_msgs/cmake/mocap4r2_msgs__rosidl_typesupport_cppExport.cmake
[2.133s] -- Up-to-date: /home/jozef/ros2_ws/install/mocap4r2_msgs/share/mocap4r2_msgs/cmake/mocap4r2_msgs__rosidl_typesupport_cppExport-noconfig.cmake
[2.133s] -- Up-to-date: /home/jozef/ros2_ws/install/mocap4r2_msgs/share/mocap4r2_msgs/cmake/export_mocap4r2_msgs__rosidl_generator_pyExport.cmake
[2.134s] -- Up-to-date: /home/jozef/ros2_ws/install/mocap4r2_msgs/share/mocap4r2_msgs/cmake/export_mocap4r2_msgs__rosidl_generator_pyExport-noconfig.cmake
[2.691s] Invoked command in '/home/jozef/ros2_ws/build/mocap4r2_msgs' returned '0': CMAKE_PREFIX_PATH=/home/jozef/ros2_ws/install/tb2_slam:/home/jozef/ros2_ws/install/rqt_mocap4r2_control:/home/jozef/ros2_ws/install/neo_localization2:/home/jozef/ros2_ws/install/mrpt_navigation:/home/jozef/ros2_ws/install/mrpt_tutorials:/home/jozef/ros2_ws/install/mrpt_tps_astar_planner:/home/jozef/ros2_ws/install/mrpt_reactivenav2d:/home/jozef/ros2_ws/install/mrpt_rawlog:/home/jozef/ros2_ws/install/mrpt_pointcloud_pipeline:/home/jozef/ros2_ws/install/mrpt_pf_localization:/home/jozef/ros2_ws/install/mrpt_map_server:/home/jozef/ros2_ws/install/mrpt_nav_interfaces:/home/jozef/ros2_ws/install/mrpt_msgs_bridge:/home/jozef/ros2_ws/install/tb2_control:/home/jozef/ros2_ws/install/tb2_bringup:/home/jozef/ros2_ws/install/mocap4r2cli:/home/jozef/ros2_ws/install/localization_benchmarking:/opt/ros/humble:/home/jozef/ros2_ws/install/mrpt_msgs:/home/jozef/ros2_ws/install/mocap4r2_robot_gt:/home/jozef/ros2_ws/install/mocap4r2_robot_gt_msgs:/home/jozef/ros2_ws/install/mocap4r2_optitrack_driver:/home/jozef/ros2_ws/install/mocap4r2_marker_viz:/home/jozef/ros2_ws/install/mocap4r2_marker_publisher:/home/jozef/ros2_ws/install/mocap4r2_dummy_driver:/home/jozef/ros2_ws/install/mocap4r2_msgs:/home/jozef/ros2_ws/install/mocap4r2_marker_viz_srvs:/home/jozef/ros2_ws/install/mocap4r2_control:/home/jozef/ros2_ws/install/mocap4r2_control_msgs:/home/jozef/ros2_ws/install/message_filters /usr/bin/cmake --install /home/jozef/ros2_ws/build/mocap4r2_msgs
