[0.244s] Invoking command in '/home/jozef/ros2_ws/build/neo_localization2': CMAKE_PREFIX_PATH=/opt/ros/humble /usr/bin/cmake --build /home/jozef/ros2_ws/build/neo_localization2 -- -j8 -l8
[0.725s] [100%] Built target neo_localization_node
[0.746s] Invoked command in '/home/jozef/ros2_ws/build/neo_localization2' returned '0': CMAKE_PREFIX_PATH=/opt/ros/humble /usr/bin/cmake --build /home/jozef/ros2_ws/build/neo_localization2 -- -j8 -l8
[0.747s] Invoking command in '/home/jozef/ros2_ws/build/neo_localization2': CMAKE_PREFIX_PATH=/opt/ros/humble /usr/bin/cmake --install /home/jozef/ros2_ws/build/neo_localization2
[1.219s] -- Install configuration: "Release"
[1.219s] -- Execute custom install script
[1.219s] -- Up-to-date symlink: /home/jozef/ros2_ws/install/neo_localization2/share/neo_localization2/environment/library_path.sh
[1.219s] -- Up-to-date symlink: /home/jozef/ros2_ws/install/neo_localization2/share/neo_localization2/environment/library_path.dsv
[1.219s] -- Up-to-date symlink: /home/jozef/ros2_ws/install/neo_localization2/include//neo_localization/Convert.h
[1.219s] -- Up-to-date symlink: /home/jozef/ros2_ws/install/neo_localization2/include//neo_localization/GridMap.h
[1.219s] -- Up-to-date symlink: /home/jozef/ros2_ws/install/neo_localization2/include//neo_localization/Matrix.h
[1.219s] -- Up-to-date symlink: /home/jozef/ros2_ws/install/neo_localization2/include//neo_localization/Solver.h
[1.219s] -- Up-to-date symlink: /home/jozef/ros2_ws/install/neo_localization2/include//neo_localization/Util.h
[1.220s] -- Up-to-date symlink: /home/jozef/ros2_ws/install/neo_localization2/lib/neo_localization2/neo_localization_node
[1.220s] -- Up-to-date symlink: /home/jozef/ros2_ws/install/neo_localization2/share/neo_localization2/launch/test_setup.launch.py
[1.220s] -- Up-to-date symlink: /home/jozef/ros2_ws/install/neo_localization2/share/neo_localization2/launch/test_setup.yaml
[1.221s] -- Up-to-date symlink: /home/jozef/ros2_ws/install/neo_localization2/share/ament_index/resource_index/package_run_dependencies/neo_localization2
[1.222s] -- Up-to-date symlink: /home/jozef/ros2_ws/install/neo_localization2/share/ament_index/resource_index/parent_prefix_path/neo_localization2
[1.222s] -- Up-to-date symlink: /home/jozef/ros2_ws/install/neo_localization2/share/neo_localization2/environment/ament_prefix_path.sh
[1.222s] -- Up-to-date symlink: /home/jozef/ros2_ws/install/neo_localization2/share/neo_localization2/environment/ament_prefix_path.dsv
[1.222s] -- Up-to-date symlink: /home/jozef/ros2_ws/install/neo_localization2/share/neo_localization2/environment/path.sh
[1.222s] -- Up-to-date symlink: /home/jozef/ros2_ws/install/neo_localization2/share/neo_localization2/environment/path.dsv
[1.222s] -- Up-to-date symlink: /home/jozef/ros2_ws/install/neo_localization2/share/neo_localization2/local_setup.bash
[1.222s] -- Up-to-date symlink: /home/jozef/ros2_ws/install/neo_localization2/share/neo_localization2/local_setup.sh
[1.223s] -- Up-to-date symlink: /home/jozef/ros2_ws/install/neo_localization2/share/neo_localization2/local_setup.zsh
[1.223s] -- Up-to-date symlink: /home/jozef/ros2_ws/install/neo_localization2/share/neo_localization2/local_setup.dsv
[1.223s] -- Symlinking: /home/jozef/ros2_ws/install/neo_localization2/share/neo_localization2/package.dsv
[1.224s] -- Up-to-date symlink: /home/jozef/ros2_ws/install/neo_localization2/share/ament_index/resource_index/packages/neo_localization2
[1.224s] -- Up-to-date symlink: /home/jozef/ros2_ws/install/neo_localization2/share/neo_localization2/cmake/ament_cmake_export_include_directories-extras.cmake
[1.224s] -- Up-to-date symlink: /home/jozef/ros2_ws/install/neo_localization2/share/neo_localization2/cmake/ament_cmake_export_libraries-extras.cmake
[1.225s] -- Up-to-date symlink: /home/jozef/ros2_ws/install/neo_localization2/share/neo_localization2/cmake/ament_cmake_export_dependencies-extras.cmake
[1.226s] -- Up-to-date symlink: /home/jozef/ros2_ws/install/neo_localization2/share/neo_localization2/cmake/neo_localization2Config.cmake
[1.228s] -- Up-to-date symlink: /home/jozef/ros2_ws/install/neo_localization2/share/neo_localization2/cmake/neo_localization2Config-version.cmake
[1.229s] -- Up-to-date symlink: /home/jozef/ros2_ws/install/neo_localization2/share/neo_localization2/package.xml
[1.309s] Invoked command in '/home/jozef/ros2_ws/build/neo_localization2' returned '0': CMAKE_PREFIX_PATH=/opt/ros/humble /usr/bin/cmake --install /home/jozef/ros2_ws/build/neo_localization2
