[0.087s] Invoking command in '/home/jozef/ros2_ws/build/mocap4r2_robot_gt_msgs': CMAKE_PREFIX_PATH=/opt/ros/humble /usr/bin/cmake --build /home/jozef/ros2_ws/build/mocap4r2_robot_gt_msgs -- -j8 -l8
[0.232s] [  3%] Built target mocap4r2_robot_gt_msgs__cpp
[0.250s] [ 12%] Built target mocap4r2_robot_gt_msgs__rosidl_generator_c
[0.310s] [ 12%] Built target ament_cmake_python_symlink_mocap4r2_robot_gt_msgs
[0.389s] [ 22%] Built target mocap4r2_robot_gt_msgs__rosidl_typesupport_introspection_cpp
[0.443s] [ 32%] Built target mocap4r2_robot_gt_msgs__rosidl_typesupport_cpp
[0.446s] [ 41%] Built target mocap4r2_robot_gt_msgs__rosidl_typesupport_fastrtps_c
[0.495s] [ 51%] Built target mocap4r2_robot_gt_msgs__rosidl_typesupport_fastrtps_cpp
[0.521s] [ 61%] Built target mocap4r2_robot_gt_msgs__rosidl_typesupport_c
[0.527s] [ 70%] Built target mocap4r2_robot_gt_msgs__rosidl_typesupport_introspection_c
[0.620s] [ 70%] Built target mocap4r2_robot_gt_msgs
[0.746s] [ 74%] Built target mocap4r2_robot_gt_msgs__py
[0.862s] [ 80%] Built target mocap4r2_robot_gt_msgs__rosidl_generator_py
[0.972s] [ 87%] Built target mocap4r2_robot_gt_msgs__rosidl_typesupport_c__pyext
[0.980s] [ 93%] Built target mocap4r2_robot_gt_msgs__rosidl_typesupport_introspection_c__pyext
[1.003s] [100%] Built target mocap4r2_robot_gt_msgs__rosidl_typesupport_fastrtps_c__pyext
[1.378s] running egg_info
[1.459s] writing mocap4r2_robot_gt_msgs.egg-info/PKG-INFO
[1.460s] writing dependency_links to mocap4r2_robot_gt_msgs.egg-info/dependency_links.txt
[1.460s] writing top-level names to mocap4r2_robot_gt_msgs.egg-info/top_level.txt
[1.645s] reading manifest file 'mocap4r2_robot_gt_msgs.egg-info/SOURCES.txt'
[1.645s] writing manifest file 'mocap4r2_robot_gt_msgs.egg-info/SOURCES.txt'
[1.766s] [100%] Built target ament_cmake_python_build_mocap4r2_robot_gt_msgs_egg
[1.817s] Invoked command in '/home/jozef/ros2_ws/build/mocap4r2_robot_gt_msgs' returned '0': CMAKE_PREFIX_PATH=/opt/ros/humble /usr/bin/cmake --build /home/jozef/ros2_ws/build/mocap4r2_robot_gt_msgs -- -j8 -l8
[1.818s] Invoking command in '/home/jozef/ros2_ws/build/mocap4r2_robot_gt_msgs': CMAKE_PREFIX_PATH=/opt/ros/humble /usr/bin/cmake --install /home/jozef/ros2_ws/build/mocap4r2_robot_gt_msgs
[1.860s] -- Install configuration: ""
[1.860s] -- Execute custom install script
[1.869s] -- Up-to-date symlink: /home/jozef/ros2_ws/install/mocap4r2_robot_gt_msgs/share/ament_index/resource_index/rosidl_interfaces/mocap4r2_robot_gt_msgs
[1.872s] -- Up-to-date symlink: /home/jozef/ros2_ws/install/mocap4r2_robot_gt_msgs/include/mocap4r2_robot_gt_msgs/mocap4r2_robot_gt_msgs/msg/rosidl_generator_c__visibility_control.h
[1.873s] -- Up-to-date symlink: /home/jozef/ros2_ws/install/mocap4r2_robot_gt_msgs/include/mocap4r2_robot_gt_msgs/mocap4r2_robot_gt_msgs/srv/detail/set_gt_origin__functions.h
[1.873s] -- Up-to-date symlink: /home/jozef/ros2_ws/install/mocap4r2_robot_gt_msgs/include/mocap4r2_robot_gt_msgs/mocap4r2_robot_gt_msgs/srv/detail/set_gt_origin__struct.h
[1.887s] -- Up-to-date symlink: /home/jozef/ros2_ws/install/mocap4r2_robot_gt_msgs/include/mocap4r2_robot_gt_msgs/mocap4r2_robot_gt_msgs/srv/detail/set_gt_origin__type_support.h
[1.888s] -- Up-to-date symlink: /home/jozef/ros2_ws/install/mocap4r2_robot_gt_msgs/include/mocap4r2_robot_gt_msgs/mocap4r2_robot_gt_msgs/srv/set_gt_origin.h
[1.888s] -- Up-to-date symlink: /home/jozef/ros2_ws/install/mocap4r2_robot_gt_msgs/share/mocap4r2_robot_gt_msgs/environment/library_path.sh
[1.888s] -- Up-to-date symlink: /home/jozef/ros2_ws/install/mocap4r2_robot_gt_msgs/share/mocap4r2_robot_gt_msgs/environment/library_path.dsv
[1.888s] -- Up-to-date symlink: /home/jozef/ros2_ws/install/mocap4r2_robot_gt_msgs/include/mocap4r2_robot_gt_msgs/mocap4r2_robot_gt_msgs/msg/rosidl_typesupport_fastrtps_c__visibility_control.h
[1.888s] -- Up-to-date symlink: /home/jozef/ros2_ws/install/mocap4r2_robot_gt_msgs/include/mocap4r2_robot_gt_msgs/mocap4r2_robot_gt_msgs/srv/detail/set_gt_origin__rosidl_typesupport_fastrtps_c.h
[1.888s] -- Up-to-date symlink: /home/jozef/ros2_ws/install/mocap4r2_robot_gt_msgs/include/mocap4r2_robot_gt_msgs/mocap4r2_robot_gt_msgs/msg/rosidl_typesupport_introspection_c__visibility_control.h
[1.888s] -- Up-to-date symlink: /home/jozef/ros2_ws/install/mocap4r2_robot_gt_msgs/include/mocap4r2_robot_gt_msgs/mocap4r2_robot_gt_msgs/srv/detail/set_gt_origin__rosidl_typesupport_introspection_c.h
[1.889s] -- Up-to-date symlink: /home/jozef/ros2_ws/install/mocap4r2_robot_gt_msgs/include/mocap4r2_robot_gt_msgs/mocap4r2_robot_gt_msgs/msg/rosidl_generator_cpp__visibility_control.hpp
[1.889s] -- Up-to-date symlink: /home/jozef/ros2_ws/install/mocap4r2_robot_gt_msgs/include/mocap4r2_robot_gt_msgs/mocap4r2_robot_gt_msgs/srv/detail/set_gt_origin__builder.hpp
[1.889s] -- Up-to-date symlink: /home/jozef/ros2_ws/install/mocap4r2_robot_gt_msgs/include/mocap4r2_robot_gt_msgs/mocap4r2_robot_gt_msgs/srv/detail/set_gt_origin__struct.hpp
[1.889s] -- Up-to-date symlink: /home/jozef/ros2_ws/install/mocap4r2_robot_gt_msgs/include/mocap4r2_robot_gt_msgs/mocap4r2_robot_gt_msgs/srv/detail/set_gt_origin__traits.hpp
[1.889s] -- Up-to-date symlink: /home/jozef/ros2_ws/install/mocap4r2_robot_gt_msgs/include/mocap4r2_robot_gt_msgs/mocap4r2_robot_gt_msgs/srv/detail/set_gt_origin__type_support.hpp
[1.889s] -- Up-to-date symlink: /home/jozef/ros2_ws/install/mocap4r2_robot_gt_msgs/include/mocap4r2_robot_gt_msgs/mocap4r2_robot_gt_msgs/srv/set_gt_origin.hpp
[1.890s] -- Up-to-date symlink: /home/jozef/ros2_ws/install/mocap4r2_robot_gt_msgs/include/mocap4r2_robot_gt_msgs/mocap4r2_robot_gt_msgs/msg/rosidl_typesupport_fastrtps_cpp__visibility_control.h
[1.890s] -- Up-to-date symlink: /home/jozef/ros2_ws/install/mocap4r2_robot_gt_msgs/include/mocap4r2_robot_gt_msgs/mocap4r2_robot_gt_msgs/srv/detail/set_gt_origin__rosidl_typesupport_fastrtps_cpp.hpp
[1.890s] -- Up-to-date symlink: /home/jozef/ros2_ws/install/mocap4r2_robot_gt_msgs/include/mocap4r2_robot_gt_msgs/mocap4r2_robot_gt_msgs/srv/detail/set_gt_origin__rosidl_typesupport_introspection_cpp.hpp
[1.890s] -- Up-to-date symlink: /home/jozef/ros2_ws/install/mocap4r2_robot_gt_msgs/share/mocap4r2_robot_gt_msgs/environment/pythonpath.sh
[1.897s] -- Up-to-date symlink: /home/jozef/ros2_ws/install/mocap4r2_robot_gt_msgs/share/mocap4r2_robot_gt_msgs/environment/pythonpath.dsv
[1.897s] -- Up-to-date symlink: /home/jozef/ros2_ws/install/mocap4r2_robot_gt_msgs/local/lib/python3.10/dist-packages/mocap4r2_robot_gt_msgs-0.0.7-py3.10.egg-info/PKG-INFO
[1.897s] -- Up-to-date symlink: /home/jozef/ros2_ws/install/mocap4r2_robot_gt_msgs/local/lib/python3.10/dist-packages/mocap4r2_robot_gt_msgs-0.0.7-py3.10.egg-info/SOURCES.txt
[1.897s] -- Up-to-date symlink: /home/jozef/ros2_ws/install/mocap4r2_robot_gt_msgs/local/lib/python3.10/dist-packages/mocap4r2_robot_gt_msgs-0.0.7-py3.10.egg-info/dependency_links.txt
[1.897s] -- Up-to-date symlink: /home/jozef/ros2_ws/install/mocap4r2_robot_gt_msgs/local/lib/python3.10/dist-packages/mocap4r2_robot_gt_msgs-0.0.7-py3.10.egg-info/top_level.txt
[1.898s] -- Up-to-date symlink: /home/jozef/ros2_ws/install/mocap4r2_robot_gt_msgs/local/lib/python3.10/dist-packages/mocap4r2_robot_gt_msgs/__init__.py
[1.903s] -- Up-to-date symlink: /home/jozef/ros2_ws/install/mocap4r2_robot_gt_msgs/local/lib/python3.10/dist-packages/mocap4r2_robot_gt_msgs/_mocap4r2_robot_gt_msgs_s.ep.rosidl_typesupport_c.c
[1.905s] -- Up-to-date symlink: /home/jozef/ros2_ws/install/mocap4r2_robot_gt_msgs/local/lib/python3.10/dist-packages/mocap4r2_robot_gt_msgs/_mocap4r2_robot_gt_msgs_s.ep.rosidl_typesupport_fastrtps_c.c
[1.906s] -- Up-to-date symlink: /home/jozef/ros2_ws/install/mocap4r2_robot_gt_msgs/local/lib/python3.10/dist-packages/mocap4r2_robot_gt_msgs/_mocap4r2_robot_gt_msgs_s.ep.rosidl_typesupport_introspection_c.c
[1.907s] -- Up-to-date symlink: /home/jozef/ros2_ws/install/mocap4r2_robot_gt_msgs/local/lib/python3.10/dist-packages/mocap4r2_robot_gt_msgs/libmocap4r2_robot_gt_msgs__rosidl_generator_py.so
[1.912s] -- Up-to-date symlink: /home/jozef/ros2_ws/install/mocap4r2_robot_gt_msgs/local/lib/python3.10/dist-packages/mocap4r2_robot_gt_msgs/mocap4r2_robot_gt_msgs_s__rosidl_typesupport_c.cpython-310-x86_64-linux-gnu.so
[1.916s] -- Up-to-date symlink: /home/jozef/ros2_ws/install/mocap4r2_robot_gt_msgs/local/lib/python3.10/dist-packages/mocap4r2_robot_gt_msgs/mocap4r2_robot_gt_msgs_s__rosidl_typesupport_fastrtps_c.cpython-310-x86_64-linux-gnu.so
[1.916s] -- Up-to-date symlink: /home/jozef/ros2_ws/install/mocap4r2_robot_gt_msgs/local/lib/python3.10/dist-packages/mocap4r2_robot_gt_msgs/mocap4r2_robot_gt_msgs_s__rosidl_typesupport_introspection_c.cpython-310-x86_64-linux-gnu.so
[1.916s] -- Up-to-date symlink: /home/jozef/ros2_ws/install/mocap4r2_robot_gt_msgs/local/lib/python3.10/dist-packages/mocap4r2_robot_gt_msgs/srv/__init__.py
[1.916s] -- Up-to-date symlink: /home/jozef/ros2_ws/install/mocap4r2_robot_gt_msgs/local/lib/python3.10/dist-packages/mocap4r2_robot_gt_msgs/srv/_set_gt_origin.py
[1.916s] -- Up-to-date symlink: /home/jozef/ros2_ws/install/mocap4r2_robot_gt_msgs/local/lib/python3.10/dist-packages/mocap4r2_robot_gt_msgs/srv/_set_gt_origin_s.c
[1.916s] -- Up-to-date symlink: /home/jozef/ros2_ws/install/mocap4r2_robot_gt_msgs/local/lib/python3.10/dist-packages/mocap4r2_robot_gt_msgs/mocap4r2_robot_gt_msgs_s__rosidl_typesupport_fastrtps_c.cpython-310-x86_64-linux-gnu.so
[1.916s] -- Up-to-date symlink: /home/jozef/ros2_ws/install/mocap4r2_robot_gt_msgs/local/lib/python3.10/dist-packages/mocap4r2_robot_gt_msgs/mocap4r2_robot_gt_msgs_s__rosidl_typesupport_introspection_c.cpython-310-x86_64-linux-gnu.so
[1.917s] -- Up-to-date symlink: /home/jozef/ros2_ws/install/mocap4r2_robot_gt_msgs/local/lib/python3.10/dist-packages/mocap4r2_robot_gt_msgs/mocap4r2_robot_gt_msgs_s__rosidl_typesupport_c.cpython-310-x86_64-linux-gnu.so
[1.919s] -- Up-to-date symlink: /home/jozef/ros2_ws/install/mocap4r2_robot_gt_msgs/share/mocap4r2_robot_gt_msgs/srv/SetGTOrigin.idl
[1.920s] -- Up-to-date symlink: /home/jozef/ros2_ws/install/mocap4r2_robot_gt_msgs/share/mocap4r2_robot_gt_msgs/srv/SetGTOrigin.srv
[1.920s] -- Up-to-date symlink: /home/jozef/ros2_ws/install/mocap4r2_robot_gt_msgs/share/mocap4r2_robot_gt_msgs/srv/SetGTOrigin_Request.msg
[1.921s] -- Up-to-date symlink: /home/jozef/ros2_ws/install/mocap4r2_robot_gt_msgs/share/mocap4r2_robot_gt_msgs/srv/SetGTOrigin_Response.msg
[1.921s] -- Up-to-date symlink: /home/jozef/ros2_ws/install/mocap4r2_robot_gt_msgs/share/ament_index/resource_index/package_run_dependencies/mocap4r2_robot_gt_msgs
[1.922s] -- Up-to-date symlink: /home/jozef/ros2_ws/install/mocap4r2_robot_gt_msgs/share/ament_index/resource_index/parent_prefix_path/mocap4r2_robot_gt_msgs
[1.940s] -- Up-to-date symlink: /home/jozef/ros2_ws/install/mocap4r2_robot_gt_msgs/share/mocap4r2_robot_gt_msgs/environment/ament_prefix_path.sh
[1.940s] -- Up-to-date symlink: /home/jozef/ros2_ws/install/mocap4r2_robot_gt_msgs/share/mocap4r2_robot_gt_msgs/environment/ament_prefix_path.dsv
[1.950s] -- Up-to-date symlink: /home/jozef/ros2_ws/install/mocap4r2_robot_gt_msgs/share/mocap4r2_robot_gt_msgs/environment/path.sh
[1.950s] -- Up-to-date symlink: /home/jozef/ros2_ws/install/mocap4r2_robot_gt_msgs/share/mocap4r2_robot_gt_msgs/environment/path.dsv
[1.950s] -- Up-to-date symlink: /home/jozef/ros2_ws/install/mocap4r2_robot_gt_msgs/share/mocap4r2_robot_gt_msgs/local_setup.bash
[1.950s] -- Up-to-date symlink: /home/jozef/ros2_ws/install/mocap4r2_robot_gt_msgs/share/mocap4r2_robot_gt_msgs/local_setup.sh
[1.950s] -- Up-to-date symlink: /home/jozef/ros2_ws/install/mocap4r2_robot_gt_msgs/share/mocap4r2_robot_gt_msgs/local_setup.zsh
[1.950s] -- Up-to-date symlink: /home/jozef/ros2_ws/install/mocap4r2_robot_gt_msgs/share/mocap4r2_robot_gt_msgs/local_setup.dsv
[1.951s] -- Symlinking: /home/jozef/ros2_ws/install/mocap4r2_robot_gt_msgs/share/mocap4r2_robot_gt_msgs/package.dsv
[2.022s] -- Up-to-date symlink: /home/jozef/ros2_ws/install/mocap4r2_robot_gt_msgs/share/ament_index/resource_index/packages/mocap4r2_robot_gt_msgs
[2.023s] -- Up-to-date symlink: /home/jozef/ros2_ws/install/mocap4r2_robot_gt_msgs/share/mocap4r2_robot_gt_msgs/cmake/rosidl_cmake-extras.cmake
[2.023s] -- Up-to-date symlink: /home/jozef/ros2_ws/install/mocap4r2_robot_gt_msgs/share/mocap4r2_robot_gt_msgs/cmake/ament_cmake_export_dependencies-extras.cmake
[2.023s] -- Up-to-date symlink: /home/jozef/ros2_ws/install/mocap4r2_robot_gt_msgs/share/mocap4r2_robot_gt_msgs/cmake/ament_cmake_export_include_directories-extras.cmake
[2.023s] -- Up-to-date symlink: /home/jozef/ros2_ws/install/mocap4r2_robot_gt_msgs/share/mocap4r2_robot_gt_msgs/cmake/ament_cmake_export_libraries-extras.cmake
[2.023s] -- Up-to-date symlink: /home/jozef/ros2_ws/install/mocap4r2_robot_gt_msgs/share/mocap4r2_robot_gt_msgs/cmake/ament_cmake_export_targets-extras.cmake
[2.023s] -- Up-to-date symlink: /home/jozef/ros2_ws/install/mocap4r2_robot_gt_msgs/share/mocap4r2_robot_gt_msgs/cmake/rosidl_cmake_export_typesupport_targets-extras.cmake
[2.024s] -- Up-to-date symlink: /home/jozef/ros2_ws/install/mocap4r2_robot_gt_msgs/share/mocap4r2_robot_gt_msgs/cmake/rosidl_cmake_export_typesupport_libraries-extras.cmake
[2.033s] -- Up-to-date symlink: /home/jozef/ros2_ws/install/mocap4r2_robot_gt_msgs/share/mocap4r2_robot_gt_msgs/cmake/mocap4r2_robot_gt_msgsConfig.cmake
[2.034s] -- Up-to-date symlink: /home/jozef/ros2_ws/install/mocap4r2_robot_gt_msgs/share/mocap4r2_robot_gt_msgs/cmake/mocap4r2_robot_gt_msgsConfig-version.cmake
[2.034s] -- Up-to-date symlink: /home/jozef/ros2_ws/install/mocap4r2_robot_gt_msgs/share/mocap4r2_robot_gt_msgs/package.xml
[2.045s] -- Up-to-date: /home/jozef/ros2_ws/install/mocap4r2_robot_gt_msgs/lib/libmocap4r2_robot_gt_msgs__rosidl_generator_c.so
[2.061s] -- Up-to-date: /home/jozef/ros2_ws/install/mocap4r2_robot_gt_msgs/lib/libmocap4r2_robot_gt_msgs__rosidl_typesupport_fastrtps_c.so
[2.061s] -- Up-to-date: /home/jozef/ros2_ws/install/mocap4r2_robot_gt_msgs/lib/libmocap4r2_robot_gt_msgs__rosidl_typesupport_introspection_c.so
[2.061s] -- Up-to-date: /home/jozef/ros2_ws/install/mocap4r2_robot_gt_msgs/lib/libmocap4r2_robot_gt_msgs__rosidl_typesupport_c.so
[2.073s] -- Up-to-date: /home/jozef/ros2_ws/install/mocap4r2_robot_gt_msgs/lib/libmocap4r2_robot_gt_msgs__rosidl_typesupport_fastrtps_cpp.so
[2.081s] -- Up-to-date: /home/jozef/ros2_ws/install/mocap4r2_robot_gt_msgs/lib/libmocap4r2_robot_gt_msgs__rosidl_typesupport_introspection_cpp.so
[2.082s] -- Up-to-date: /home/jozef/ros2_ws/install/mocap4r2_robot_gt_msgs/lib/libmocap4r2_robot_gt_msgs__rosidl_typesupport_cpp.so
[2.257s] Listing '/home/jozef/ros2_ws/install/mocap4r2_robot_gt_msgs/local/lib/python3.10/dist-packages/mocap4r2_robot_gt_msgs'...
[2.257s] Listing '/home/jozef/ros2_ws/install/mocap4r2_robot_gt_msgs/local/lib/python3.10/dist-packages/mocap4r2_robot_gt_msgs/srv'...
[2.264s] -- Up-to-date: /home/jozef/ros2_ws/install/mocap4r2_robot_gt_msgs/lib/libmocap4r2_robot_gt_msgs__rosidl_generator_py.so
[2.265s] -- Up-to-date: /home/jozef/ros2_ws/install/mocap4r2_robot_gt_msgs/share/mocap4r2_robot_gt_msgs/cmake/export_mocap4r2_robot_gt_msgs__rosidl_generator_cExport.cmake
[2.267s] -- Up-to-date: /home/jozef/ros2_ws/install/mocap4r2_robot_gt_msgs/share/mocap4r2_robot_gt_msgs/cmake/export_mocap4r2_robot_gt_msgs__rosidl_generator_cExport-noconfig.cmake
[2.267s] -- Up-to-date: /home/jozef/ros2_ws/install/mocap4r2_robot_gt_msgs/share/mocap4r2_robot_gt_msgs/cmake/export_mocap4r2_robot_gt_msgs__rosidl_typesupport_fastrtps_cExport.cmake
[2.268s] -- Up-to-date: /home/jozef/ros2_ws/install/mocap4r2_robot_gt_msgs/share/mocap4r2_robot_gt_msgs/cmake/export_mocap4r2_robot_gt_msgs__rosidl_typesupport_fastrtps_cExport-noconfig.cmake
[2.268s] -- Up-to-date: /home/jozef/ros2_ws/install/mocap4r2_robot_gt_msgs/share/mocap4r2_robot_gt_msgs/cmake/mocap4r2_robot_gt_msgs__rosidl_typesupport_introspection_cExport.cmake
[2.268s] -- Up-to-date: /home/jozef/ros2_ws/install/mocap4r2_robot_gt_msgs/share/mocap4r2_robot_gt_msgs/cmake/mocap4r2_robot_gt_msgs__rosidl_typesupport_introspection_cExport-noconfig.cmake
[2.270s] -- Up-to-date: /home/jozef/ros2_ws/install/mocap4r2_robot_gt_msgs/share/mocap4r2_robot_gt_msgs/cmake/mocap4r2_robot_gt_msgs__rosidl_typesupport_cExport.cmake
[2.270s] -- Up-to-date: /home/jozef/ros2_ws/install/mocap4r2_robot_gt_msgs/share/mocap4r2_robot_gt_msgs/cmake/mocap4r2_robot_gt_msgs__rosidl_typesupport_cExport-noconfig.cmake
[2.270s] -- Up-to-date: /home/jozef/ros2_ws/install/mocap4r2_robot_gt_msgs/share/mocap4r2_robot_gt_msgs/cmake/export_mocap4r2_robot_gt_msgs__rosidl_generator_cppExport.cmake
[2.271s] -- Up-to-date: /home/jozef/ros2_ws/install/mocap4r2_robot_gt_msgs/share/mocap4r2_robot_gt_msgs/cmake/export_mocap4r2_robot_gt_msgs__rosidl_typesupport_fastrtps_cppExport.cmake
[2.298s] -- Up-to-date: /home/jozef/ros2_ws/install/mocap4r2_robot_gt_msgs/share/mocap4r2_robot_gt_msgs/cmake/export_mocap4r2_robot_gt_msgs__rosidl_typesupport_fastrtps_cppExport-noconfig.cmake
[2.299s] -- Up-to-date: /home/jozef/ros2_ws/install/mocap4r2_robot_gt_msgs/share/mocap4r2_robot_gt_msgs/cmake/mocap4r2_robot_gt_msgs__rosidl_typesupport_introspection_cppExport.cmake
[2.299s] -- Up-to-date: /home/jozef/ros2_ws/install/mocap4r2_robot_gt_msgs/share/mocap4r2_robot_gt_msgs/cmake/mocap4r2_robot_gt_msgs__rosidl_typesupport_introspection_cppExport-noconfig.cmake
[2.300s] -- Up-to-date: /home/jozef/ros2_ws/install/mocap4r2_robot_gt_msgs/share/mocap4r2_robot_gt_msgs/cmake/mocap4r2_robot_gt_msgs__rosidl_typesupport_cppExport.cmake
[2.300s] -- Up-to-date: /home/jozef/ros2_ws/install/mocap4r2_robot_gt_msgs/share/mocap4r2_robot_gt_msgs/cmake/mocap4r2_robot_gt_msgs__rosidl_typesupport_cppExport-noconfig.cmake
[2.301s] -- Up-to-date: /home/jozef/ros2_ws/install/mocap4r2_robot_gt_msgs/share/mocap4r2_robot_gt_msgs/cmake/export_mocap4r2_robot_gt_msgs__rosidl_generator_pyExport.cmake
[2.302s] -- Up-to-date: /home/jozef/ros2_ws/install/mocap4r2_robot_gt_msgs/share/mocap4r2_robot_gt_msgs/cmake/export_mocap4r2_robot_gt_msgs__rosidl_generator_pyExport-noconfig.cmake
[2.480s] Invoked command in '/home/jozef/ros2_ws/build/mocap4r2_robot_gt_msgs' returned '0': CMAKE_PREFIX_PATH=/opt/ros/humble /usr/bin/cmake --install /home/jozef/ros2_ws/build/mocap4r2_robot_gt_msgs
