-- Found ament_cmake: 1.3.11 (/opt/ros/humble/share/ament_cmake/cmake)
-- Found Python3: /usr/bin/python3 (found version "3.10.12") found components: Interpreter 
-- Override CMake install command with custom implementation using symlinks instead of copying resources
-- Found rclcpp: 16.0.11 (/opt/ros/humble/share/rclcpp/cmake)
-- Found rosidl_generator_c: 3.1.6 (/opt/ros/humble/share/rosidl_generator_c/cmake)
-- Found rosidl_adapter: 3.1.6 (/opt/ros/humble/share/rosidl_adapter/cmake)
-- Found rosidl_generator_cpp: 3.1.6 (/opt/ros/humble/share/rosidl_generator_cpp/cmake)
-- Using all available rosidl_typesupport_c: rosidl_typesupport_fastrtps_c;rosidl_typesupport_introspection_c
-- Using all available rosidl_typesupport_cpp: rosidl_typesupport_fastrtps_cpp;rosidl_typesupport_introspection_cpp
-- Found rmw_implementation_cmake: 6.1.2 (/opt/ros/humble/share/rmw_implementation_cmake/cmake)
-- Found rmw_fastrtps_cpp: 6.2.7 (/opt/ros/humble/share/rmw_fastrtps_cpp/cmake)
-- Found OpenSSL: /usr/lib/x86_64-linux-gnu/libcrypto.so (found version "3.0.2")  
-- Found FastRTPS: /opt/ros/humble/include  
-- Using RMW implementation 'rmw_fastrtps_cpp' as default
-- Looking for pthread.h
-- Looking for pthread.h - found
-- Performing Test CMAKE_HAVE_LIBC_PTHREAD
-- Performing Test CMAKE_HAVE_LIBC_PTHREAD - Success
-- Found Threads: TRUE  
-- Found rclcpp_components: 16.0.11 (/opt/ros/humble/share/rclcpp_components/cmake)
-- Found nav_msgs: 4.2.4 (/opt/ros/humble/share/nav_msgs/cmake)
-- Found sensor_msgs: 4.2.4 (/opt/ros/humble/share/sensor_msgs/cmake)
-- Found tf2: 0.25.9 (/opt/ros/humble/share/tf2/cmake)
-- Found tf2_geometry_msgs: 0.25.9 (/opt/ros/humble/share/tf2_geometry_msgs/cmake)
-- Found eigen3_cmake_module: 0.1.1 (/opt/ros/humble/share/eigen3_cmake_module/cmake)
-- Found Eigen3: TRUE (found version "3.4.0") 
-- Ensuring Eigen3 include directory is part of orocos-kdl CMake target
-- Found stereo_msgs: 4.2.4 (/opt/ros/humble/share/stereo_msgs/cmake)
-- Found cv_bridge: 3.2.1 (/opt/ros/humble/share/cv_bridge/cmake)
-- Found ament_lint_auto: 0.12.11 (/opt/ros/humble/share/ament_lint_auto/cmake)
-- Configuring done
-- Generating done
-- Build files have been written to: /home/jozef/ros2_ws/build/mrpt_pointcloud_pipeline
[ 33%] [32mBuilding CXX object CMakeFiles/mrpt_pointcloud_pipeline_node.dir/src/main.cpp.o[0m
[ 33%] [32mBuilding CXX object CMakeFiles/mrpt_pointcloud_pipeline_composable.dir/rclcpp_components/node_main_mrpt_pointcloud_pipeline_composable.cpp.o[0m
[ 50%] [32mBuilding CXX object CMakeFiles/mrpt_pointcloud_pipeline_component.dir/src/mrpt_pointcloud_pipeline_component.cpp.o[0m
[ 66%] [32m[1mLinking CXX executable mrpt_pointcloud_pipeline_composable[0m
[ 66%] Built target mrpt_pointcloud_pipeline_composable
[ 83%] [32m[1mLinking CXX executable mrpt_pointcloud_pipeline_node[0m
[100%] [32m[1mLinking CXX shared library libmrpt_pointcloud_pipeline_component.so[0m
[100%] Built target mrpt_pointcloud_pipeline_node
[100%] Built target mrpt_pointcloud_pipeline_component
-- Install configuration: ""
-- Execute custom install script
-- Symlinking: /home/jozef/ros2_ws/install/mrpt_pointcloud_pipeline/lib/mrpt_pointcloud_pipeline/mrpt_pointcloud_pipeline_composable
-- Symlinking: /home/jozef/ros2_ws/install/mrpt_pointcloud_pipeline/share/mrpt_pointcloud_pipeline/launch/pointcloud_pipeline.launch.py
-- Symlinking: /home/jozef/ros2_ws/install/mrpt_pointcloud_pipeline/share/mrpt_pointcloud_pipeline/params/point-cloud-pipeline.yaml
-- Symlinking: /home/jozef/ros2_ws/install/mrpt_pointcloud_pipeline/share/ament_index/resource_index/package_run_dependencies/mrpt_pointcloud_pipeline
-- Symlinking: /home/jozef/ros2_ws/install/mrpt_pointcloud_pipeline/share/ament_index/resource_index/parent_prefix_path/mrpt_pointcloud_pipeline
-- Symlinking: /home/jozef/ros2_ws/install/mrpt_pointcloud_pipeline/share/mrpt_pointcloud_pipeline/environment/ament_prefix_path.sh
-- Symlinking: /home/jozef/ros2_ws/install/mrpt_pointcloud_pipeline/share/mrpt_pointcloud_pipeline/environment/ament_prefix_path.dsv
-- Symlinking: /home/jozef/ros2_ws/install/mrpt_pointcloud_pipeline/share/mrpt_pointcloud_pipeline/environment/path.sh
-- Symlinking: /home/jozef/ros2_ws/install/mrpt_pointcloud_pipeline/share/mrpt_pointcloud_pipeline/environment/path.dsv
-- Symlinking: /home/jozef/ros2_ws/install/mrpt_pointcloud_pipeline/share/mrpt_pointcloud_pipeline/local_setup.bash
-- Symlinking: /home/jozef/ros2_ws/install/mrpt_pointcloud_pipeline/share/mrpt_pointcloud_pipeline/local_setup.sh
-- Symlinking: /home/jozef/ros2_ws/install/mrpt_pointcloud_pipeline/share/mrpt_pointcloud_pipeline/local_setup.zsh
-- Symlinking: /home/jozef/ros2_ws/install/mrpt_pointcloud_pipeline/share/mrpt_pointcloud_pipeline/local_setup.dsv
-- Symlinking: /home/jozef/ros2_ws/install/mrpt_pointcloud_pipeline/share/mrpt_pointcloud_pipeline/package.dsv
-- Symlinking: /home/jozef/ros2_ws/install/mrpt_pointcloud_pipeline/share/ament_index/resource_index/packages/mrpt_pointcloud_pipeline
-- Symlinking: /home/jozef/ros2_ws/install/mrpt_pointcloud_pipeline/share/ament_index/resource_index/rclcpp_components/mrpt_pointcloud_pipeline
-- Symlinking: /home/jozef/ros2_ws/install/mrpt_pointcloud_pipeline/share/mrpt_pointcloud_pipeline/cmake/mrpt_pointcloud_pipelineConfig.cmake
-- Symlinking: /home/jozef/ros2_ws/install/mrpt_pointcloud_pipeline/share/mrpt_pointcloud_pipeline/cmake/mrpt_pointcloud_pipelineConfig-version.cmake
-- Symlinking: /home/jozef/ros2_ws/install/mrpt_pointcloud_pipeline/share/mrpt_pointcloud_pipeline/package.xml
-- Installing: /home/jozef/ros2_ws/install/mrpt_pointcloud_pipeline/lib/libmrpt_pointcloud_pipeline_component.so
-- Set runtime path of "/home/jozef/ros2_ws/install/mrpt_pointcloud_pipeline/lib/libmrpt_pointcloud_pipeline_component.so" to ""
-- Installing: /home/jozef/ros2_ws/install/mrpt_pointcloud_pipeline/lib/mrpt_pointcloud_pipeline/mrpt_pointcloud_pipeline_node
-- Set runtime path of "/home/jozef/ros2_ws/install/mrpt_pointcloud_pipeline/lib/mrpt_pointcloud_pipeline/mrpt_pointcloud_pipeline_node" to ""
