[0.156s] Invoking command in '/home/jozef/ros2_ws/build/mrpt_nav_interfaces': AMENT_PREFIX_PATH=/home/jozef/ros2_ws/install/mrpt_msgs:${AMENT_PREFIX_PATH} CMAKE_PREFIX_PATH=/opt/ros/humble:/home/jozef/ros2_ws/install/mrpt_msgs LD_LIBRARY_PATH=/home/jozef/ros2_ws/install/mrpt_msgs/lib:${LD_LIBRARY_PATH} PYTHONPATH=/home/jozef/ros2_ws/install/mrpt_msgs/local/lib/python3.10/dist-packages:${PYTHONPATH} /usr/bin/cmake --build /home/jozef/ros2_ws/build/mrpt_nav_interfaces -- -j8 -l8
[0.879s] [  0%] Built target mrpt_nav_interfaces__cpp
[0.879s] [  0%] Built target ament_cmake_python_symlink_mrpt_nav_interfaces
[0.880s] [ 12%] Built target mrpt_nav_interfaces__rosidl_generator_c
[0.880s] [ 23%] Built target mrpt_nav_interfaces__rosidl_typesupport_fastrtps_cpp
[0.880s] [ 47%] Built target mrpt_nav_interfaces__rosidl_typesupport_cpp
[0.880s] [ 47%] Built target mrpt_nav_interfaces__rosidl_typesupport_introspection_cpp
[0.889s] [ 59%] Built target mrpt_nav_interfaces__rosidl_typesupport_introspection_c
[0.894s] [ 71%] Built target mrpt_nav_interfaces__rosidl_typesupport_fastrtps_c
[0.895s] [ 82%] Built target mrpt_nav_interfaces__rosidl_typesupport_c
[0.896s] [ 82%] Built target mrpt_nav_interfaces
[0.897s] [ 83%] Built target mrpt_nav_interfaces__py
[0.897s] [ 94%] Built target mrpt_nav_interfaces__rosidl_generator_py
[0.918s] [ 96%] Built target mrpt_nav_interfaces__rosidl_typesupport_c__pyext
[0.919s] [ 98%] Built target mrpt_nav_interfaces__rosidl_typesupport_introspection_c__pyext
[0.921s] [100%] Built target mrpt_nav_interfaces__rosidl_typesupport_fastrtps_c__pyext
[1.068s] running egg_info
[1.123s] writing mrpt_nav_interfaces.egg-info/PKG-INFO
[1.131s] writing dependency_links to mrpt_nav_interfaces.egg-info/dependency_links.txt
[1.133s] writing top-level names to mrpt_nav_interfaces.egg-info/top_level.txt
[1.276s] reading manifest file 'mrpt_nav_interfaces.egg-info/SOURCES.txt'
[1.276s] writing manifest file 'mrpt_nav_interfaces.egg-info/SOURCES.txt'
[1.378s] [100%] Built target ament_cmake_python_build_mrpt_nav_interfaces_egg
[2.080s] Invoked command in '/home/jozef/ros2_ws/build/mrpt_nav_interfaces' returned '0': AMENT_PREFIX_PATH=/home/jozef/ros2_ws/install/mrpt_msgs:${AMENT_PREFIX_PATH} CMAKE_PREFIX_PATH=/opt/ros/humble:/home/jozef/ros2_ws/install/mrpt_msgs LD_LIBRARY_PATH=/home/jozef/ros2_ws/install/mrpt_msgs/lib:${LD_LIBRARY_PATH} PYTHONPATH=/home/jozef/ros2_ws/install/mrpt_msgs/local/lib/python3.10/dist-packages:${PYTHONPATH} /usr/bin/cmake --build /home/jozef/ros2_ws/build/mrpt_nav_interfaces -- -j8 -l8
[2.084s] Invoking command in '/home/jozef/ros2_ws/build/mrpt_nav_interfaces': AMENT_PREFIX_PATH=/home/jozef/ros2_ws/install/mrpt_msgs:${AMENT_PREFIX_PATH} CMAKE_PREFIX_PATH=/opt/ros/humble:/home/jozef/ros2_ws/install/mrpt_msgs LD_LIBRARY_PATH=/home/jozef/ros2_ws/install/mrpt_msgs/lib:${LD_LIBRARY_PATH} PYTHONPATH=/home/jozef/ros2_ws/install/mrpt_msgs/local/lib/python3.10/dist-packages:${PYTHONPATH} /usr/bin/cmake --install /home/jozef/ros2_ws/build/mrpt_nav_interfaces
[2.145s] -- Install configuration: ""
[2.145s] -- Execute custom install script
[2.145s] -- Up-to-date symlink: /home/jozef/ros2_ws/install/mrpt_nav_interfaces/share/ament_index/resource_index/rosidl_interfaces/mrpt_nav_interfaces
[2.145s] -- Up-to-date symlink: /home/jozef/ros2_ws/install/mrpt_nav_interfaces/include/mrpt_nav_interfaces/mrpt_nav_interfaces/action/detail/navigate_goal__functions.h
[2.145s] -- Up-to-date symlink: /home/jozef/ros2_ws/install/mrpt_nav_interfaces/include/mrpt_nav_interfaces/mrpt_nav_interfaces/action/detail/navigate_goal__struct.h
[2.147s] -- Up-to-date symlink: /home/jozef/ros2_ws/install/mrpt_nav_interfaces/include/mrpt_nav_interfaces/mrpt_nav_interfaces/action/detail/navigate_goal__type_support.h
[2.149s] -- Up-to-date symlink: /home/jozef/ros2_ws/install/mrpt_nav_interfaces/include/mrpt_nav_interfaces/mrpt_nav_interfaces/action/detail/navigate_waypoints__functions.h
[2.149s] -- Up-to-date symlink: /home/jozef/ros2_ws/install/mrpt_nav_interfaces/include/mrpt_nav_interfaces/mrpt_nav_interfaces/action/detail/navigate_waypoints__struct.h
[2.149s] -- Up-to-date symlink: /home/jozef/ros2_ws/install/mrpt_nav_interfaces/include/mrpt_nav_interfaces/mrpt_nav_interfaces/action/detail/navigate_waypoints__type_support.h
[2.149s] -- Up-to-date symlink: /home/jozef/ros2_ws/install/mrpt_nav_interfaces/include/mrpt_nav_interfaces/mrpt_nav_interfaces/action/navigate_goal.h
[2.149s] -- Up-to-date symlink: /home/jozef/ros2_ws/install/mrpt_nav_interfaces/include/mrpt_nav_interfaces/mrpt_nav_interfaces/action/navigate_waypoints.h
[2.157s] -- Up-to-date symlink: /home/jozef/ros2_ws/install/mrpt_nav_interfaces/include/mrpt_nav_interfaces/mrpt_nav_interfaces/msg/detail/georeferencing_metadata__functions.h
[2.162s] -- Up-to-date symlink: /home/jozef/ros2_ws/install/mrpt_nav_interfaces/include/mrpt_nav_interfaces/mrpt_nav_interfaces/msg/detail/georeferencing_metadata__struct.h
[2.176s] -- Up-to-date symlink: /home/jozef/ros2_ws/install/mrpt_nav_interfaces/include/mrpt_nav_interfaces/mrpt_nav_interfaces/msg/detail/georeferencing_metadata__type_support.h
[2.176s] -- Up-to-date symlink: /home/jozef/ros2_ws/install/mrpt_nav_interfaces/include/mrpt_nav_interfaces/mrpt_nav_interfaces/msg/detail/navigation_feedback__functions.h
[2.176s] -- Up-to-date symlink: /home/jozef/ros2_ws/install/mrpt_nav_interfaces/include/mrpt_nav_interfaces/mrpt_nav_interfaces/msg/detail/navigation_feedback__struct.h
[2.177s] -- Up-to-date symlink: /home/jozef/ros2_ws/install/mrpt_nav_interfaces/include/mrpt_nav_interfaces/mrpt_nav_interfaces/msg/detail/navigation_feedback__type_support.h
[2.177s] -- Up-to-date symlink: /home/jozef/ros2_ws/install/mrpt_nav_interfaces/include/mrpt_nav_interfaces/mrpt_nav_interfaces/msg/detail/navigation_final_status__functions.h
[2.177s] -- Up-to-date symlink: /home/jozef/ros2_ws/install/mrpt_nav_interfaces/include/mrpt_nav_interfaces/mrpt_nav_interfaces/msg/detail/navigation_final_status__struct.h
[2.177s] -- Up-to-date symlink: /home/jozef/ros2_ws/install/mrpt_nav_interfaces/include/mrpt_nav_interfaces/mrpt_nav_interfaces/msg/detail/navigation_final_status__type_support.h
[2.177s] -- Up-to-date symlink: /home/jozef/ros2_ws/install/mrpt_nav_interfaces/include/mrpt_nav_interfaces/mrpt_nav_interfaces/msg/georeferencing_metadata.h
[2.177s] -- Up-to-date symlink: /home/jozef/ros2_ws/install/mrpt_nav_interfaces/include/mrpt_nav_interfaces/mrpt_nav_interfaces/msg/navigation_feedback.h
[2.177s] -- Up-to-date symlink: /home/jozef/ros2_ws/install/mrpt_nav_interfaces/include/mrpt_nav_interfaces/mrpt_nav_interfaces/msg/navigation_final_status.h
[2.178s] -- Up-to-date symlink: /home/jozef/ros2_ws/install/mrpt_nav_interfaces/include/mrpt_nav_interfaces/mrpt_nav_interfaces/msg/rosidl_generator_c__visibility_control.h
[2.178s] -- Up-to-date symlink: /home/jozef/ros2_ws/install/mrpt_nav_interfaces/include/mrpt_nav_interfaces/mrpt_nav_interfaces/srv/detail/get_gridmap_layer__functions.h
[2.178s] -- Up-to-date symlink: /home/jozef/ros2_ws/install/mrpt_nav_interfaces/include/mrpt_nav_interfaces/mrpt_nav_interfaces/srv/detail/get_gridmap_layer__struct.h
[2.178s] -- Up-to-date symlink: /home/jozef/ros2_ws/install/mrpt_nav_interfaces/include/mrpt_nav_interfaces/mrpt_nav_interfaces/srv/detail/get_gridmap_layer__type_support.h
[2.178s] -- Up-to-date symlink: /home/jozef/ros2_ws/install/mrpt_nav_interfaces/include/mrpt_nav_interfaces/mrpt_nav_interfaces/srv/detail/get_layers__functions.h
[2.191s] -- Up-to-date symlink: /home/jozef/ros2_ws/install/mrpt_nav_interfaces/include/mrpt_nav_interfaces/mrpt_nav_interfaces/srv/detail/get_layers__struct.h
[2.191s] -- Up-to-date symlink: /home/jozef/ros2_ws/install/mrpt_nav_interfaces/include/mrpt_nav_interfaces/mrpt_nav_interfaces/srv/detail/get_layers__type_support.h
[2.191s] -- Up-to-date symlink: /home/jozef/ros2_ws/install/mrpt_nav_interfaces/include/mrpt_nav_interfaces/mrpt_nav_interfaces/srv/detail/get_pointmap_layer__functions.h
[2.197s] -- Up-to-date symlink: /home/jozef/ros2_ws/install/mrpt_nav_interfaces/include/mrpt_nav_interfaces/mrpt_nav_interfaces/srv/detail/get_pointmap_layer__struct.h
[2.198s] -- Up-to-date symlink: /home/jozef/ros2_ws/install/mrpt_nav_interfaces/include/mrpt_nav_interfaces/mrpt_nav_interfaces/srv/detail/get_pointmap_layer__type_support.h
[2.198s] -- Up-to-date symlink: /home/jozef/ros2_ws/install/mrpt_nav_interfaces/include/mrpt_nav_interfaces/mrpt_nav_interfaces/srv/detail/make_plan_from_to__functions.h
[2.198s] -- Up-to-date symlink: /home/jozef/ros2_ws/install/mrpt_nav_interfaces/include/mrpt_nav_interfaces/mrpt_nav_interfaces/srv/detail/make_plan_from_to__struct.h
[2.198s] -- Up-to-date symlink: /home/jozef/ros2_ws/install/mrpt_nav_interfaces/include/mrpt_nav_interfaces/mrpt_nav_interfaces/srv/detail/make_plan_from_to__type_support.h
[2.198s] -- Up-to-date symlink: /home/jozef/ros2_ws/install/mrpt_nav_interfaces/include/mrpt_nav_interfaces/mrpt_nav_interfaces/srv/detail/make_plan_to__functions.h
[2.198s] -- Up-to-date symlink: /home/jozef/ros2_ws/install/mrpt_nav_interfaces/include/mrpt_nav_interfaces/mrpt_nav_interfaces/srv/detail/make_plan_to__struct.h
[2.198s] -- Up-to-date symlink: /home/jozef/ros2_ws/install/mrpt_nav_interfaces/include/mrpt_nav_interfaces/mrpt_nav_interfaces/srv/detail/make_plan_to__type_support.h
[2.199s] -- Up-to-date symlink: /home/jozef/ros2_ws/install/mrpt_nav_interfaces/include/mrpt_nav_interfaces/mrpt_nav_interfaces/srv/get_gridmap_layer.h
[2.199s] -- Up-to-date symlink: /home/jozef/ros2_ws/install/mrpt_nav_interfaces/include/mrpt_nav_interfaces/mrpt_nav_interfaces/srv/get_layers.h
[2.199s] -- Up-to-date symlink: /home/jozef/ros2_ws/install/mrpt_nav_interfaces/include/mrpt_nav_interfaces/mrpt_nav_interfaces/srv/get_pointmap_layer.h
[2.199s] -- Up-to-date symlink: /home/jozef/ros2_ws/install/mrpt_nav_interfaces/include/mrpt_nav_interfaces/mrpt_nav_interfaces/srv/make_plan_from_to.h
[2.199s] -- Up-to-date symlink: /home/jozef/ros2_ws/install/mrpt_nav_interfaces/include/mrpt_nav_interfaces/mrpt_nav_interfaces/srv/make_plan_to.h
[2.199s] -- Up-to-date symlink: /home/jozef/ros2_ws/install/mrpt_nav_interfaces/share/mrpt_nav_interfaces/environment/library_path.sh
[2.199s] -- Up-to-date symlink: /home/jozef/ros2_ws/install/mrpt_nav_interfaces/share/mrpt_nav_interfaces/environment/library_path.dsv
[2.199s] -- Up-to-date symlink: /home/jozef/ros2_ws/install/mrpt_nav_interfaces/include/mrpt_nav_interfaces/mrpt_nav_interfaces/action/detail/navigate_goal__rosidl_typesupport_fastrtps_c.h
[2.202s] -- Up-to-date symlink: /home/jozef/ros2_ws/install/mrpt_nav_interfaces/include/mrpt_nav_interfaces/mrpt_nav_interfaces/action/detail/navigate_waypoints__rosidl_typesupport_fastrtps_c.h
[2.203s] -- Up-to-date symlink: /home/jozef/ros2_ws/install/mrpt_nav_interfaces/include/mrpt_nav_interfaces/mrpt_nav_interfaces/msg/detail/georeferencing_metadata__rosidl_typesupport_fastrtps_c.h
[2.203s] -- Up-to-date symlink: /home/jozef/ros2_ws/install/mrpt_nav_interfaces/include/mrpt_nav_interfaces/mrpt_nav_interfaces/msg/detail/navigation_feedback__rosidl_typesupport_fastrtps_c.h
[2.203s] -- Up-to-date symlink: /home/jozef/ros2_ws/install/mrpt_nav_interfaces/include/mrpt_nav_interfaces/mrpt_nav_interfaces/msg/detail/navigation_final_status__rosidl_typesupport_fastrtps_c.h
[2.203s] -- Up-to-date symlink: /home/jozef/ros2_ws/install/mrpt_nav_interfaces/include/mrpt_nav_interfaces/mrpt_nav_interfaces/msg/rosidl_typesupport_fastrtps_c__visibility_control.h
[2.203s] -- Up-to-date symlink: /home/jozef/ros2_ws/install/mrpt_nav_interfaces/include/mrpt_nav_interfaces/mrpt_nav_interfaces/srv/detail/get_gridmap_layer__rosidl_typesupport_fastrtps_c.h
[2.203s] -- Up-to-date symlink: /home/jozef/ros2_ws/install/mrpt_nav_interfaces/include/mrpt_nav_interfaces/mrpt_nav_interfaces/srv/detail/get_layers__rosidl_typesupport_fastrtps_c.h
[2.204s] -- Up-to-date symlink: /home/jozef/ros2_ws/install/mrpt_nav_interfaces/include/mrpt_nav_interfaces/mrpt_nav_interfaces/srv/detail/get_pointmap_layer__rosidl_typesupport_fastrtps_c.h
[2.204s] -- Up-to-date symlink: /home/jozef/ros2_ws/install/mrpt_nav_interfaces/include/mrpt_nav_interfaces/mrpt_nav_interfaces/srv/detail/make_plan_from_to__rosidl_typesupport_fastrtps_c.h
[2.215s] -- Up-to-date symlink: /home/jozef/ros2_ws/install/mrpt_nav_interfaces/include/mrpt_nav_interfaces/mrpt_nav_interfaces/srv/detail/make_plan_to__rosidl_typesupport_fastrtps_c.h
[2.215s] -- Up-to-date symlink: /home/jozef/ros2_ws/install/mrpt_nav_interfaces/include/mrpt_nav_interfaces/mrpt_nav_interfaces/action/detail/navigate_goal__rosidl_typesupport_introspection_c.h
[2.215s] -- Up-to-date symlink: /home/jozef/ros2_ws/install/mrpt_nav_interfaces/include/mrpt_nav_interfaces/mrpt_nav_interfaces/action/detail/navigate_waypoints__rosidl_typesupport_introspection_c.h
[2.215s] -- Up-to-date symlink: /home/jozef/ros2_ws/install/mrpt_nav_interfaces/include/mrpt_nav_interfaces/mrpt_nav_interfaces/msg/detail/georeferencing_metadata__rosidl_typesupport_introspection_c.h
[2.215s] -- Up-to-date symlink: /home/jozef/ros2_ws/install/mrpt_nav_interfaces/include/mrpt_nav_interfaces/mrpt_nav_interfaces/msg/detail/navigation_feedback__rosidl_typesupport_introspection_c.h
[2.215s] -- Up-to-date symlink: /home/jozef/ros2_ws/install/mrpt_nav_interfaces/include/mrpt_nav_interfaces/mrpt_nav_interfaces/msg/detail/navigation_final_status__rosidl_typesupport_introspection_c.h
[2.215s] -- Up-to-date symlink: /home/jozef/ros2_ws/install/mrpt_nav_interfaces/include/mrpt_nav_interfaces/mrpt_nav_interfaces/msg/rosidl_typesupport_introspection_c__visibility_control.h
[2.216s] -- Up-to-date symlink: /home/jozef/ros2_ws/install/mrpt_nav_interfaces/include/mrpt_nav_interfaces/mrpt_nav_interfaces/srv/detail/get_gridmap_layer__rosidl_typesupport_introspection_c.h
[2.216s] -- Up-to-date symlink: /home/jozef/ros2_ws/install/mrpt_nav_interfaces/include/mrpt_nav_interfaces/mrpt_nav_interfaces/srv/detail/get_layers__rosidl_typesupport_introspection_c.h
[2.216s] -- Up-to-date symlink: /home/jozef/ros2_ws/install/mrpt_nav_interfaces/include/mrpt_nav_interfaces/mrpt_nav_interfaces/srv/detail/get_pointmap_layer__rosidl_typesupport_introspection_c.h
[2.216s] -- Up-to-date symlink: /home/jozef/ros2_ws/install/mrpt_nav_interfaces/include/mrpt_nav_interfaces/mrpt_nav_interfaces/srv/detail/make_plan_from_to__rosidl_typesupport_introspection_c.h
[2.216s] -- Up-to-date symlink: /home/jozef/ros2_ws/install/mrpt_nav_interfaces/include/mrpt_nav_interfaces/mrpt_nav_interfaces/srv/detail/make_plan_to__rosidl_typesupport_introspection_c.h
[2.217s] -- Up-to-date symlink: /home/jozef/ros2_ws/install/mrpt_nav_interfaces/include/mrpt_nav_interfaces/mrpt_nav_interfaces/action/detail/navigate_goal__builder.hpp
[2.217s] -- Up-to-date symlink: /home/jozef/ros2_ws/install/mrpt_nav_interfaces/include/mrpt_nav_interfaces/mrpt_nav_interfaces/action/detail/navigate_goal__struct.hpp
[2.223s] -- Up-to-date symlink: /home/jozef/ros2_ws/install/mrpt_nav_interfaces/include/mrpt_nav_interfaces/mrpt_nav_interfaces/action/detail/navigate_goal__traits.hpp
[2.224s] -- Up-to-date symlink: /home/jozef/ros2_ws/install/mrpt_nav_interfaces/include/mrpt_nav_interfaces/mrpt_nav_interfaces/action/detail/navigate_goal__type_support.hpp
[2.228s] -- Up-to-date symlink: /home/jozef/ros2_ws/install/mrpt_nav_interfaces/include/mrpt_nav_interfaces/mrpt_nav_interfaces/action/detail/navigate_waypoints__builder.hpp
[2.228s] -- Up-to-date symlink: /home/jozef/ros2_ws/install/mrpt_nav_interfaces/include/mrpt_nav_interfaces/mrpt_nav_interfaces/action/detail/navigate_waypoints__struct.hpp
[2.228s] -- Up-to-date symlink: /home/jozef/ros2_ws/install/mrpt_nav_interfaces/include/mrpt_nav_interfaces/mrpt_nav_interfaces/action/detail/navigate_waypoints__traits.hpp
[2.228s] -- Up-to-date symlink: /home/jozef/ros2_ws/install/mrpt_nav_interfaces/include/mrpt_nav_interfaces/mrpt_nav_interfaces/action/detail/navigate_waypoints__type_support.hpp
[2.228s] -- Up-to-date symlink: /home/jozef/ros2_ws/install/mrpt_nav_interfaces/include/mrpt_nav_interfaces/mrpt_nav_interfaces/action/navigate_goal.hpp
[2.228s] -- Up-to-date symlink: /home/jozef/ros2_ws/install/mrpt_nav_interfaces/include/mrpt_nav_interfaces/mrpt_nav_interfaces/action/navigate_waypoints.hpp
[2.229s] -- Up-to-date symlink: /home/jozef/ros2_ws/install/mrpt_nav_interfaces/include/mrpt_nav_interfaces/mrpt_nav_interfaces/msg/detail/georeferencing_metadata__builder.hpp
[2.229s] -- Up-to-date symlink: /home/jozef/ros2_ws/install/mrpt_nav_interfaces/include/mrpt_nav_interfaces/mrpt_nav_interfaces/msg/detail/georeferencing_metadata__struct.hpp
[2.229s] -- Up-to-date symlink: /home/jozef/ros2_ws/install/mrpt_nav_interfaces/include/mrpt_nav_interfaces/mrpt_nav_interfaces/msg/detail/georeferencing_metadata__traits.hpp
[2.229s] -- Up-to-date symlink: /home/jozef/ros2_ws/install/mrpt_nav_interfaces/include/mrpt_nav_interfaces/mrpt_nav_interfaces/msg/detail/georeferencing_metadata__type_support.hpp
[2.229s] -- Up-to-date symlink: /home/jozef/ros2_ws/install/mrpt_nav_interfaces/include/mrpt_nav_interfaces/mrpt_nav_interfaces/msg/detail/navigation_feedback__builder.hpp
[2.229s] -- Up-to-date symlink: /home/jozef/ros2_ws/install/mrpt_nav_interfaces/include/mrpt_nav_interfaces/mrpt_nav_interfaces/msg/detail/navigation_feedback__struct.hpp
[2.229s] -- Up-to-date symlink: /home/jozef/ros2_ws/install/mrpt_nav_interfaces/include/mrpt_nav_interfaces/mrpt_nav_interfaces/msg/detail/navigation_feedback__traits.hpp
[2.229s] -- Up-to-date symlink: /home/jozef/ros2_ws/install/mrpt_nav_interfaces/include/mrpt_nav_interfaces/mrpt_nav_interfaces/msg/detail/navigation_feedback__type_support.hpp
[2.230s] -- Up-to-date symlink: /home/jozef/ros2_ws/install/mrpt_nav_interfaces/include/mrpt_nav_interfaces/mrpt_nav_interfaces/msg/detail/navigation_final_status__builder.hpp
[2.230s] -- Up-to-date symlink: /home/jozef/ros2_ws/install/mrpt_nav_interfaces/include/mrpt_nav_interfaces/mrpt_nav_interfaces/msg/detail/navigation_final_status__struct.hpp
[2.230s] -- Up-to-date symlink: /home/jozef/ros2_ws/install/mrpt_nav_interfaces/include/mrpt_nav_interfaces/mrpt_nav_interfaces/msg/detail/navigation_final_status__traits.hpp
[2.230s] -- Up-to-date symlink: /home/jozef/ros2_ws/install/mrpt_nav_interfaces/include/mrpt_nav_interfaces/mrpt_nav_interfaces/msg/detail/navigation_final_status__type_support.hpp
[2.230s] -- Up-to-date symlink: /home/jozef/ros2_ws/install/mrpt_nav_interfaces/include/mrpt_nav_interfaces/mrpt_nav_interfaces/msg/georeferencing_metadata.hpp
[2.230s] -- Up-to-date symlink: /home/jozef/ros2_ws/install/mrpt_nav_interfaces/include/mrpt_nav_interfaces/mrpt_nav_interfaces/msg/navigation_feedback.hpp
[2.230s] -- Up-to-date symlink: /home/jozef/ros2_ws/install/mrpt_nav_interfaces/include/mrpt_nav_interfaces/mrpt_nav_interfaces/msg/navigation_final_status.hpp
[2.230s] -- Up-to-date symlink: /home/jozef/ros2_ws/install/mrpt_nav_interfaces/include/mrpt_nav_interfaces/mrpt_nav_interfaces/msg/rosidl_generator_cpp__visibility_control.hpp
[2.231s] -- Up-to-date symlink: /home/jozef/ros2_ws/install/mrpt_nav_interfaces/include/mrpt_nav_interfaces/mrpt_nav_interfaces/srv/detail/get_gridmap_layer__builder.hpp
[2.231s] -- Up-to-date symlink: /home/jozef/ros2_ws/install/mrpt_nav_interfaces/include/mrpt_nav_interfaces/mrpt_nav_interfaces/srv/detail/get_gridmap_layer__struct.hpp
[2.231s] -- Up-to-date symlink: /home/jozef/ros2_ws/install/mrpt_nav_interfaces/include/mrpt_nav_interfaces/mrpt_nav_interfaces/srv/detail/get_gridmap_layer__traits.hpp
[2.231s] -- Up-to-date symlink: /home/jozef/ros2_ws/install/mrpt_nav_interfaces/include/mrpt_nav_interfaces/mrpt_nav_interfaces/srv/detail/get_gridmap_layer__type_support.hpp
[2.231s] -- Up-to-date symlink: /home/jozef/ros2_ws/install/mrpt_nav_interfaces/include/mrpt_nav_interfaces/mrpt_nav_interfaces/srv/detail/get_layers__builder.hpp
[2.231s] -- Up-to-date symlink: /home/jozef/ros2_ws/install/mrpt_nav_interfaces/include/mrpt_nav_interfaces/mrpt_nav_interfaces/srv/detail/get_layers__struct.hpp
[2.236s] -- Up-to-date symlink: /home/jozef/ros2_ws/install/mrpt_nav_interfaces/include/mrpt_nav_interfaces/mrpt_nav_interfaces/srv/detail/get_layers__traits.hpp
[2.236s] -- Up-to-date symlink: /home/jozef/ros2_ws/install/mrpt_nav_interfaces/include/mrpt_nav_interfaces/mrpt_nav_interfaces/srv/detail/get_layers__type_support.hpp
[2.236s] -- Up-to-date symlink: /home/jozef/ros2_ws/install/mrpt_nav_interfaces/include/mrpt_nav_interfaces/mrpt_nav_interfaces/srv/detail/get_pointmap_layer__builder.hpp
[2.237s] -- Up-to-date symlink: /home/jozef/ros2_ws/install/mrpt_nav_interfaces/include/mrpt_nav_interfaces/mrpt_nav_interfaces/srv/detail/get_pointmap_layer__struct.hpp
[2.237s] -- Up-to-date symlink: /home/jozef/ros2_ws/install/mrpt_nav_interfaces/include/mrpt_nav_interfaces/mrpt_nav_interfaces/srv/detail/get_pointmap_layer__traits.hpp
[2.239s] -- Up-to-date symlink: /home/jozef/ros2_ws/install/mrpt_nav_interfaces/include/mrpt_nav_interfaces/mrpt_nav_interfaces/srv/detail/get_pointmap_layer__type_support.hpp
[2.241s] -- Up-to-date symlink: /home/jozef/ros2_ws/install/mrpt_nav_interfaces/include/mrpt_nav_interfaces/mrpt_nav_interfaces/srv/detail/make_plan_from_to__builder.hpp
[2.243s] -- Up-to-date symlink: /home/jozef/ros2_ws/install/mrpt_nav_interfaces/include/mrpt_nav_interfaces/mrpt_nav_interfaces/srv/detail/make_plan_from_to__struct.hpp
[2.244s] -- Up-to-date symlink: /home/jozef/ros2_ws/install/mrpt_nav_interfaces/include/mrpt_nav_interfaces/mrpt_nav_interfaces/srv/detail/make_plan_from_to__traits.hpp
[2.248s] -- Up-to-date symlink: /home/jozef/ros2_ws/install/mrpt_nav_interfaces/include/mrpt_nav_interfaces/mrpt_nav_interfaces/srv/detail/make_plan_from_to__type_support.hpp
[2.248s] -- Up-to-date symlink: /home/jozef/ros2_ws/install/mrpt_nav_interfaces/include/mrpt_nav_interfaces/mrpt_nav_interfaces/srv/detail/make_plan_to__builder.hpp
[2.248s] -- Up-to-date symlink: /home/jozef/ros2_ws/install/mrpt_nav_interfaces/include/mrpt_nav_interfaces/mrpt_nav_interfaces/srv/detail/make_plan_to__struct.hpp
[2.249s] -- Up-to-date symlink: /home/jozef/ros2_ws/install/mrpt_nav_interfaces/include/mrpt_nav_interfaces/mrpt_nav_interfaces/srv/detail/make_plan_to__traits.hpp
[2.249s] -- Up-to-date symlink: /home/jozef/ros2_ws/install/mrpt_nav_interfaces/include/mrpt_nav_interfaces/mrpt_nav_interfaces/srv/detail/make_plan_to__type_support.hpp
[2.249s] -- Up-to-date symlink: /home/jozef/ros2_ws/install/mrpt_nav_interfaces/include/mrpt_nav_interfaces/mrpt_nav_interfaces/srv/get_gridmap_layer.hpp
[2.249s] -- Up-to-date symlink: /home/jozef/ros2_ws/install/mrpt_nav_interfaces/include/mrpt_nav_interfaces/mrpt_nav_interfaces/srv/get_layers.hpp
[2.249s] -- Up-to-date symlink: /home/jozef/ros2_ws/install/mrpt_nav_interfaces/include/mrpt_nav_interfaces/mrpt_nav_interfaces/srv/get_pointmap_layer.hpp
[2.249s] -- Up-to-date symlink: /home/jozef/ros2_ws/install/mrpt_nav_interfaces/include/mrpt_nav_interfaces/mrpt_nav_interfaces/srv/make_plan_from_to.hpp
[2.249s] -- Up-to-date symlink: /home/jozef/ros2_ws/install/mrpt_nav_interfaces/include/mrpt_nav_interfaces/mrpt_nav_interfaces/srv/make_plan_to.hpp
[2.249s] -- Up-to-date symlink: /home/jozef/ros2_ws/install/mrpt_nav_interfaces/include/mrpt_nav_interfaces/mrpt_nav_interfaces/action/detail/navigate_goal__rosidl_typesupport_fastrtps_cpp.hpp
[2.250s] -- Up-to-date symlink: /home/jozef/ros2_ws/install/mrpt_nav_interfaces/include/mrpt_nav_interfaces/mrpt_nav_interfaces/action/detail/navigate_waypoints__rosidl_typesupport_fastrtps_cpp.hpp
[2.250s] -- Up-to-date symlink: /home/jozef/ros2_ws/install/mrpt_nav_interfaces/include/mrpt_nav_interfaces/mrpt_nav_interfaces/msg/detail/georeferencing_metadata__rosidl_typesupport_fastrtps_cpp.hpp
[2.250s] -- Up-to-date symlink: /home/jozef/ros2_ws/install/mrpt_nav_interfaces/include/mrpt_nav_interfaces/mrpt_nav_interfaces/msg/detail/navigation_feedback__rosidl_typesupport_fastrtps_cpp.hpp
[2.250s] -- Up-to-date symlink: /home/jozef/ros2_ws/install/mrpt_nav_interfaces/include/mrpt_nav_interfaces/mrpt_nav_interfaces/msg/detail/navigation_final_status__rosidl_typesupport_fastrtps_cpp.hpp
[2.250s] -- Up-to-date symlink: /home/jozef/ros2_ws/install/mrpt_nav_interfaces/include/mrpt_nav_interfaces/mrpt_nav_interfaces/msg/rosidl_typesupport_fastrtps_cpp__visibility_control.h
[2.250s] -- Up-to-date symlink: /home/jozef/ros2_ws/install/mrpt_nav_interfaces/include/mrpt_nav_interfaces/mrpt_nav_interfaces/srv/detail/get_gridmap_layer__rosidl_typesupport_fastrtps_cpp.hpp
[2.256s] -- Up-to-date symlink: /home/jozef/ros2_ws/install/mrpt_nav_interfaces/include/mrpt_nav_interfaces/mrpt_nav_interfaces/srv/detail/get_layers__rosidl_typesupport_fastrtps_cpp.hpp
[2.256s] -- Up-to-date symlink: /home/jozef/ros2_ws/install/mrpt_nav_interfaces/include/mrpt_nav_interfaces/mrpt_nav_interfaces/srv/detail/get_pointmap_layer__rosidl_typesupport_fastrtps_cpp.hpp
[2.256s] -- Up-to-date symlink: /home/jozef/ros2_ws/install/mrpt_nav_interfaces/include/mrpt_nav_interfaces/mrpt_nav_interfaces/srv/detail/make_plan_from_to__rosidl_typesupport_fastrtps_cpp.hpp
[2.256s] -- Up-to-date symlink: /home/jozef/ros2_ws/install/mrpt_nav_interfaces/include/mrpt_nav_interfaces/mrpt_nav_interfaces/srv/detail/make_plan_to__rosidl_typesupport_fastrtps_cpp.hpp
[2.256s] -- Up-to-date symlink: /home/jozef/ros2_ws/install/mrpt_nav_interfaces/include/mrpt_nav_interfaces/mrpt_nav_interfaces/action/detail/navigate_goal__rosidl_typesupport_introspection_cpp.hpp
[2.256s] -- Up-to-date symlink: /home/jozef/ros2_ws/install/mrpt_nav_interfaces/include/mrpt_nav_interfaces/mrpt_nav_interfaces/action/detail/navigate_waypoints__rosidl_typesupport_introspection_cpp.hpp
[2.257s] -- Up-to-date symlink: /home/jozef/ros2_ws/install/mrpt_nav_interfaces/include/mrpt_nav_interfaces/mrpt_nav_interfaces/msg/detail/georeferencing_metadata__rosidl_typesupport_introspection_cpp.hpp
[2.257s] -- Up-to-date symlink: /home/jozef/ros2_ws/install/mrpt_nav_interfaces/include/mrpt_nav_interfaces/mrpt_nav_interfaces/msg/detail/navigation_feedback__rosidl_typesupport_introspection_cpp.hpp
[2.257s] -- Up-to-date symlink: /home/jozef/ros2_ws/install/mrpt_nav_interfaces/include/mrpt_nav_interfaces/mrpt_nav_interfaces/msg/detail/navigation_final_status__rosidl_typesupport_introspection_cpp.hpp
[2.258s] -- Up-to-date symlink: /home/jozef/ros2_ws/install/mrpt_nav_interfaces/include/mrpt_nav_interfaces/mrpt_nav_interfaces/srv/detail/get_gridmap_layer__rosidl_typesupport_introspection_cpp.hpp
[2.258s] -- Up-to-date symlink: /home/jozef/ros2_ws/install/mrpt_nav_interfaces/include/mrpt_nav_interfaces/mrpt_nav_interfaces/srv/detail/get_layers__rosidl_typesupport_introspection_cpp.hpp
[2.259s] -- Up-to-date symlink: /home/jozef/ros2_ws/install/mrpt_nav_interfaces/include/mrpt_nav_interfaces/mrpt_nav_interfaces/srv/detail/get_pointmap_layer__rosidl_typesupport_introspection_cpp.hpp
[2.259s] -- Up-to-date symlink: /home/jozef/ros2_ws/install/mrpt_nav_interfaces/include/mrpt_nav_interfaces/mrpt_nav_interfaces/srv/detail/make_plan_from_to__rosidl_typesupport_introspection_cpp.hpp
[2.259s] -- Up-to-date symlink: /home/jozef/ros2_ws/install/mrpt_nav_interfaces/include/mrpt_nav_interfaces/mrpt_nav_interfaces/srv/detail/make_plan_to__rosidl_typesupport_introspection_cpp.hpp
[2.259s] -- Up-to-date symlink: /home/jozef/ros2_ws/install/mrpt_nav_interfaces/share/mrpt_nav_interfaces/environment/pythonpath.sh
[2.259s] -- Up-to-date symlink: /home/jozef/ros2_ws/install/mrpt_nav_interfaces/share/mrpt_nav_interfaces/environment/pythonpath.dsv
[2.263s] -- Up-to-date symlink: /home/jozef/ros2_ws/install/mrpt_nav_interfaces/local/lib/python3.10/dist-packages/mrpt_nav_interfaces-2.2.1-py3.10.egg-info/PKG-INFO
[2.263s] -- Up-to-date symlink: /home/jozef/ros2_ws/install/mrpt_nav_interfaces/local/lib/python3.10/dist-packages/mrpt_nav_interfaces-2.2.1-py3.10.egg-info/SOURCES.txt
[2.263s] -- Up-to-date symlink: /home/jozef/ros2_ws/install/mrpt_nav_interfaces/local/lib/python3.10/dist-packages/mrpt_nav_interfaces-2.2.1-py3.10.egg-info/dependency_links.txt
[2.263s] -- Up-to-date symlink: /home/jozef/ros2_ws/install/mrpt_nav_interfaces/local/lib/python3.10/dist-packages/mrpt_nav_interfaces-2.2.1-py3.10.egg-info/top_level.txt
[2.264s] -- Up-to-date symlink: /home/jozef/ros2_ws/install/mrpt_nav_interfaces/local/lib/python3.10/dist-packages/mrpt_nav_interfaces/__init__.py
[2.264s] -- Up-to-date symlink: /home/jozef/ros2_ws/install/mrpt_nav_interfaces/local/lib/python3.10/dist-packages/mrpt_nav_interfaces/_mrpt_nav_interfaces_s.ep.rosidl_typesupport_c.c
[2.264s] -- Up-to-date symlink: /home/jozef/ros2_ws/install/mrpt_nav_interfaces/local/lib/python3.10/dist-packages/mrpt_nav_interfaces/_mrpt_nav_interfaces_s.ep.rosidl_typesupport_fastrtps_c.c
[2.264s] -- Up-to-date symlink: /home/jozef/ros2_ws/install/mrpt_nav_interfaces/local/lib/python3.10/dist-packages/mrpt_nav_interfaces/_mrpt_nav_interfaces_s.ep.rosidl_typesupport_introspection_c.c
[2.264s] -- Up-to-date symlink: /home/jozef/ros2_ws/install/mrpt_nav_interfaces/local/lib/python3.10/dist-packages/mrpt_nav_interfaces/action/__init__.py
[2.264s] -- Up-to-date symlink: /home/jozef/ros2_ws/install/mrpt_nav_interfaces/local/lib/python3.10/dist-packages/mrpt_nav_interfaces/action/_navigate_goal.py
[2.264s] -- Up-to-date symlink: /home/jozef/ros2_ws/install/mrpt_nav_interfaces/local/lib/python3.10/dist-packages/mrpt_nav_interfaces/action/_navigate_goal_s.c
[2.264s] -- Up-to-date symlink: /home/jozef/ros2_ws/install/mrpt_nav_interfaces/local/lib/python3.10/dist-packages/mrpt_nav_interfaces/action/_navigate_waypoints.py
[2.265s] -- Up-to-date symlink: /home/jozef/ros2_ws/install/mrpt_nav_interfaces/local/lib/python3.10/dist-packages/mrpt_nav_interfaces/action/_navigate_waypoints_s.c
[2.265s] -- Up-to-date symlink: /home/jozef/ros2_ws/install/mrpt_nav_interfaces/local/lib/python3.10/dist-packages/mrpt_nav_interfaces/libmrpt_nav_interfaces__rosidl_generator_py.so
[2.265s] -- Up-to-date symlink: /home/jozef/ros2_ws/install/mrpt_nav_interfaces/local/lib/python3.10/dist-packages/mrpt_nav_interfaces/mrpt_nav_interfaces_s__rosidl_typesupport_c.cpython-310-x86_64-linux-gnu.so
[2.265s] -- Up-to-date symlink: /home/jozef/ros2_ws/install/mrpt_nav_interfaces/local/lib/python3.10/dist-packages/mrpt_nav_interfaces/mrpt_nav_interfaces_s__rosidl_typesupport_fastrtps_c.cpython-310-x86_64-linux-gnu.so
[2.265s] -- Up-to-date symlink: /home/jozef/ros2_ws/install/mrpt_nav_interfaces/local/lib/python3.10/dist-packages/mrpt_nav_interfaces/mrpt_nav_interfaces_s__rosidl_typesupport_introspection_c.cpython-310-x86_64-linux-gnu.so
[2.265s] -- Up-to-date symlink: /home/jozef/ros2_ws/install/mrpt_nav_interfaces/local/lib/python3.10/dist-packages/mrpt_nav_interfaces/msg/__init__.py
[2.265s] -- Up-to-date symlink: /home/jozef/ros2_ws/install/mrpt_nav_interfaces/local/lib/python3.10/dist-packages/mrpt_nav_interfaces/msg/_georeferencing_metadata.py
[2.265s] -- Up-to-date symlink: /home/jozef/ros2_ws/install/mrpt_nav_interfaces/local/lib/python3.10/dist-packages/mrpt_nav_interfaces/msg/_georeferencing_metadata_s.c
[2.266s] -- Up-to-date symlink: /home/jozef/ros2_ws/install/mrpt_nav_interfaces/local/lib/python3.10/dist-packages/mrpt_nav_interfaces/msg/_navigation_feedback.py
[2.266s] -- Up-to-date symlink: /home/jozef/ros2_ws/install/mrpt_nav_interfaces/local/lib/python3.10/dist-packages/mrpt_nav_interfaces/msg/_navigation_feedback_s.c
[2.266s] -- Up-to-date symlink: /home/jozef/ros2_ws/install/mrpt_nav_interfaces/local/lib/python3.10/dist-packages/mrpt_nav_interfaces/msg/_navigation_final_status.py
[2.266s] -- Up-to-date symlink: /home/jozef/ros2_ws/install/mrpt_nav_interfaces/local/lib/python3.10/dist-packages/mrpt_nav_interfaces/msg/_navigation_final_status_s.c
[2.266s] -- Up-to-date symlink: /home/jozef/ros2_ws/install/mrpt_nav_interfaces/local/lib/python3.10/dist-packages/mrpt_nav_interfaces/srv/__init__.py
[2.266s] -- Up-to-date symlink: /home/jozef/ros2_ws/install/mrpt_nav_interfaces/local/lib/python3.10/dist-packages/mrpt_nav_interfaces/srv/_get_gridmap_layer.py
[2.271s] -- Up-to-date symlink: /home/jozef/ros2_ws/install/mrpt_nav_interfaces/local/lib/python3.10/dist-packages/mrpt_nav_interfaces/srv/_get_gridmap_layer_s.c
[2.271s] -- Up-to-date symlink: /home/jozef/ros2_ws/install/mrpt_nav_interfaces/local/lib/python3.10/dist-packages/mrpt_nav_interfaces/srv/_get_layers.py
[2.271s] -- Up-to-date symlink: /home/jozef/ros2_ws/install/mrpt_nav_interfaces/local/lib/python3.10/dist-packages/mrpt_nav_interfaces/srv/_get_layers_s.c
[2.271s] -- Up-to-date symlink: /home/jozef/ros2_ws/install/mrpt_nav_interfaces/local/lib/python3.10/dist-packages/mrpt_nav_interfaces/srv/_get_pointmap_layer.py
[2.271s] -- Up-to-date symlink: /home/jozef/ros2_ws/install/mrpt_nav_interfaces/local/lib/python3.10/dist-packages/mrpt_nav_interfaces/srv/_get_pointmap_layer_s.c
[2.272s] -- Up-to-date symlink: /home/jozef/ros2_ws/install/mrpt_nav_interfaces/local/lib/python3.10/dist-packages/mrpt_nav_interfaces/srv/_make_plan_from_to.py
[2.272s] -- Up-to-date symlink: /home/jozef/ros2_ws/install/mrpt_nav_interfaces/local/lib/python3.10/dist-packages/mrpt_nav_interfaces/srv/_make_plan_from_to_s.c
[2.272s] -- Up-to-date symlink: /home/jozef/ros2_ws/install/mrpt_nav_interfaces/local/lib/python3.10/dist-packages/mrpt_nav_interfaces/srv/_make_plan_to.py
[2.272s] -- Up-to-date symlink: /home/jozef/ros2_ws/install/mrpt_nav_interfaces/local/lib/python3.10/dist-packages/mrpt_nav_interfaces/srv/_make_plan_to_s.c
[2.272s] -- Up-to-date symlink: /home/jozef/ros2_ws/install/mrpt_nav_interfaces/local/lib/python3.10/dist-packages/mrpt_nav_interfaces/mrpt_nav_interfaces_s__rosidl_typesupport_fastrtps_c.cpython-310-x86_64-linux-gnu.so
[2.272s] -- Up-to-date symlink: /home/jozef/ros2_ws/install/mrpt_nav_interfaces/local/lib/python3.10/dist-packages/mrpt_nav_interfaces/mrpt_nav_interfaces_s__rosidl_typesupport_introspection_c.cpython-310-x86_64-linux-gnu.so
[2.272s] -- Up-to-date symlink: /home/jozef/ros2_ws/install/mrpt_nav_interfaces/local/lib/python3.10/dist-packages/mrpt_nav_interfaces/mrpt_nav_interfaces_s__rosidl_typesupport_c.cpython-310-x86_64-linux-gnu.so
[2.272s] -- Up-to-date symlink: /home/jozef/ros2_ws/install/mrpt_nav_interfaces/share/mrpt_nav_interfaces/action/NavigateGoal.idl
[2.273s] -- Up-to-date symlink: /home/jozef/ros2_ws/install/mrpt_nav_interfaces/share/mrpt_nav_interfaces/action/NavigateWaypoints.idl
[2.273s] -- Up-to-date symlink: /home/jozef/ros2_ws/install/mrpt_nav_interfaces/share/mrpt_nav_interfaces/msg/GeoreferencingMetadata.idl
[2.273s] -- Up-to-date symlink: /home/jozef/ros2_ws/install/mrpt_nav_interfaces/share/mrpt_nav_interfaces/msg/NavigationFeedback.idl
[2.273s] -- Up-to-date symlink: /home/jozef/ros2_ws/install/mrpt_nav_interfaces/share/mrpt_nav_interfaces/msg/NavigationFinalStatus.idl
[2.273s] -- Up-to-date symlink: /home/jozef/ros2_ws/install/mrpt_nav_interfaces/share/mrpt_nav_interfaces/srv/GetLayers.idl
[2.273s] -- Up-to-date symlink: /home/jozef/ros2_ws/install/mrpt_nav_interfaces/share/mrpt_nav_interfaces/srv/GetGridmapLayer.idl
[2.273s] -- Up-to-date symlink: /home/jozef/ros2_ws/install/mrpt_nav_interfaces/share/mrpt_nav_interfaces/srv/GetPointmapLayer.idl
[2.273s] -- Up-to-date symlink: /home/jozef/ros2_ws/install/mrpt_nav_interfaces/share/mrpt_nav_interfaces/srv/MakePlanFromTo.idl
[2.274s] -- Up-to-date symlink: /home/jozef/ros2_ws/install/mrpt_nav_interfaces/share/mrpt_nav_interfaces/srv/MakePlanTo.idl
[2.274s] -- Up-to-date symlink: /home/jozef/ros2_ws/install/mrpt_nav_interfaces/share/mrpt_nav_interfaces/action/NavigateGoal.action
[2.274s] -- Up-to-date symlink: /home/jozef/ros2_ws/install/mrpt_nav_interfaces/share/mrpt_nav_interfaces/action/NavigateWaypoints.action
[2.274s] -- Up-to-date symlink: /home/jozef/ros2_ws/install/mrpt_nav_interfaces/share/mrpt_nav_interfaces/msg/GeoreferencingMetadata.msg
[2.274s] -- Up-to-date symlink: /home/jozef/ros2_ws/install/mrpt_nav_interfaces/share/mrpt_nav_interfaces/msg/NavigationFeedback.msg
[2.274s] -- Up-to-date symlink: /home/jozef/ros2_ws/install/mrpt_nav_interfaces/share/mrpt_nav_interfaces/msg/NavigationFinalStatus.msg
[2.278s] -- Up-to-date symlink: /home/jozef/ros2_ws/install/mrpt_nav_interfaces/share/mrpt_nav_interfaces/srv/GetLayers.srv
[2.279s] -- Up-to-date symlink: /home/jozef/ros2_ws/install/mrpt_nav_interfaces/share/mrpt_nav_interfaces/srv/GetLayers_Request.msg
[2.279s] -- Up-to-date symlink: /home/jozef/ros2_ws/install/mrpt_nav_interfaces/share/mrpt_nav_interfaces/srv/GetLayers_Response.msg
[2.279s] -- Up-to-date symlink: /home/jozef/ros2_ws/install/mrpt_nav_interfaces/share/mrpt_nav_interfaces/srv/GetGridmapLayer.srv
[2.279s] -- Up-to-date symlink: /home/jozef/ros2_ws/install/mrpt_nav_interfaces/share/mrpt_nav_interfaces/srv/GetGridmapLayer_Request.msg
[2.279s] -- Up-to-date symlink: /home/jozef/ros2_ws/install/mrpt_nav_interfaces/share/mrpt_nav_interfaces/srv/GetGridmapLayer_Response.msg
[2.279s] -- Up-to-date symlink: /home/jozef/ros2_ws/install/mrpt_nav_interfaces/share/mrpt_nav_interfaces/srv/GetPointmapLayer.srv
[2.280s] -- Up-to-date symlink: /home/jozef/ros2_ws/install/mrpt_nav_interfaces/share/mrpt_nav_interfaces/srv/GetPointmapLayer_Request.msg
[2.280s] -- Up-to-date symlink: /home/jozef/ros2_ws/install/mrpt_nav_interfaces/share/mrpt_nav_interfaces/srv/GetPointmapLayer_Response.msg
[2.280s] -- Up-to-date symlink: /home/jozef/ros2_ws/install/mrpt_nav_interfaces/share/mrpt_nav_interfaces/srv/MakePlanFromTo.srv
[2.280s] -- Up-to-date symlink: /home/jozef/ros2_ws/install/mrpt_nav_interfaces/share/mrpt_nav_interfaces/srv/MakePlanFromTo_Request.msg
[2.280s] -- Up-to-date symlink: /home/jozef/ros2_ws/install/mrpt_nav_interfaces/share/mrpt_nav_interfaces/srv/MakePlanFromTo_Response.msg
[2.280s] -- Up-to-date symlink: /home/jozef/ros2_ws/install/mrpt_nav_interfaces/share/mrpt_nav_interfaces/srv/MakePlanTo.srv
[2.280s] -- Up-to-date symlink: /home/jozef/ros2_ws/install/mrpt_nav_interfaces/share/mrpt_nav_interfaces/srv/MakePlanTo_Request.msg
[2.282s] -- Up-to-date symlink: /home/jozef/ros2_ws/install/mrpt_nav_interfaces/share/mrpt_nav_interfaces/srv/MakePlanTo_Response.msg
[2.292s] -- Up-to-date symlink: /home/jozef/ros2_ws/install/mrpt_nav_interfaces/share/ament_index/resource_index/package_run_dependencies/mrpt_nav_interfaces
[2.292s] -- Up-to-date symlink: /home/jozef/ros2_ws/install/mrpt_nav_interfaces/share/ament_index/resource_index/parent_prefix_path/mrpt_nav_interfaces
[2.293s] -- Up-to-date symlink: /home/jozef/ros2_ws/install/mrpt_nav_interfaces/share/mrpt_nav_interfaces/environment/ament_prefix_path.sh
[2.293s] -- Up-to-date symlink: /home/jozef/ros2_ws/install/mrpt_nav_interfaces/share/mrpt_nav_interfaces/environment/ament_prefix_path.dsv
[2.293s] -- Up-to-date symlink: /home/jozef/ros2_ws/install/mrpt_nav_interfaces/share/mrpt_nav_interfaces/environment/path.sh
[2.293s] -- Up-to-date symlink: /home/jozef/ros2_ws/install/mrpt_nav_interfaces/share/mrpt_nav_interfaces/environment/path.dsv
[2.293s] -- Up-to-date symlink: /home/jozef/ros2_ws/install/mrpt_nav_interfaces/share/mrpt_nav_interfaces/local_setup.bash
[2.293s] -- Up-to-date symlink: /home/jozef/ros2_ws/install/mrpt_nav_interfaces/share/mrpt_nav_interfaces/local_setup.sh
[2.293s] -- Up-to-date symlink: /home/jozef/ros2_ws/install/mrpt_nav_interfaces/share/mrpt_nav_interfaces/local_setup.zsh
[2.294s] -- Up-to-date symlink: /home/jozef/ros2_ws/install/mrpt_nav_interfaces/share/mrpt_nav_interfaces/local_setup.dsv
[2.294s] -- Symlinking: /home/jozef/ros2_ws/install/mrpt_nav_interfaces/share/mrpt_nav_interfaces/package.dsv
[2.308s] -- Up-to-date symlink: /home/jozef/ros2_ws/install/mrpt_nav_interfaces/share/ament_index/resource_index/packages/mrpt_nav_interfaces
[2.308s] -- Up-to-date symlink: /home/jozef/ros2_ws/install/mrpt_nav_interfaces/share/mrpt_nav_interfaces/cmake/rosidl_cmake-extras.cmake
[2.308s] -- Up-to-date symlink: /home/jozef/ros2_ws/install/mrpt_nav_interfaces/share/mrpt_nav_interfaces/cmake/ament_cmake_export_dependencies-extras.cmake
[2.308s] -- Up-to-date symlink: /home/jozef/ros2_ws/install/mrpt_nav_interfaces/share/mrpt_nav_interfaces/cmake/ament_cmake_export_include_directories-extras.cmake
[2.308s] -- Up-to-date symlink: /home/jozef/ros2_ws/install/mrpt_nav_interfaces/share/mrpt_nav_interfaces/cmake/ament_cmake_export_libraries-extras.cmake
[2.308s] -- Up-to-date symlink: /home/jozef/ros2_ws/install/mrpt_nav_interfaces/share/mrpt_nav_interfaces/cmake/ament_cmake_export_targets-extras.cmake
[2.309s] -- Up-to-date symlink: /home/jozef/ros2_ws/install/mrpt_nav_interfaces/share/mrpt_nav_interfaces/cmake/rosidl_cmake_export_typesupport_targets-extras.cmake
[2.319s] -- Up-to-date symlink: /home/jozef/ros2_ws/install/mrpt_nav_interfaces/share/mrpt_nav_interfaces/cmake/rosidl_cmake_export_typesupport_libraries-extras.cmake
[2.320s] -- Up-to-date symlink: /home/jozef/ros2_ws/install/mrpt_nav_interfaces/share/mrpt_nav_interfaces/cmake/mrpt_nav_interfacesConfig.cmake
[2.320s] -- Up-to-date symlink: /home/jozef/ros2_ws/install/mrpt_nav_interfaces/share/mrpt_nav_interfaces/cmake/mrpt_nav_interfacesConfig-version.cmake
[2.321s] -- Up-to-date symlink: /home/jozef/ros2_ws/install/mrpt_nav_interfaces/share/mrpt_nav_interfaces/package.xml
[2.322s] -- Up-to-date: /home/jozef/ros2_ws/install/mrpt_nav_interfaces/lib/libmrpt_nav_interfaces__rosidl_generator_c.so
[2.322s] -- Up-to-date: /home/jozef/ros2_ws/install/mrpt_nav_interfaces/lib/libmrpt_nav_interfaces__rosidl_typesupport_fastrtps_c.so
[2.323s] -- Up-to-date: /home/jozef/ros2_ws/install/mrpt_nav_interfaces/lib/libmrpt_nav_interfaces__rosidl_typesupport_introspection_c.so
[2.323s] -- Up-to-date: /home/jozef/ros2_ws/install/mrpt_nav_interfaces/lib/libmrpt_nav_interfaces__rosidl_typesupport_c.so
[2.323s] -- Up-to-date: /home/jozef/ros2_ws/install/mrpt_nav_interfaces/lib/libmrpt_nav_interfaces__rosidl_typesupport_fastrtps_cpp.so
[2.323s] -- Up-to-date: /home/jozef/ros2_ws/install/mrpt_nav_interfaces/lib/libmrpt_nav_interfaces__rosidl_typesupport_introspection_cpp.so
[2.323s] -- Up-to-date: /home/jozef/ros2_ws/install/mrpt_nav_interfaces/lib/libmrpt_nav_interfaces__rosidl_typesupport_cpp.so
[2.401s] Listing '/home/jozef/ros2_ws/install/mrpt_nav_interfaces/local/lib/python3.10/dist-packages/mrpt_nav_interfaces'...
[2.401s] Listing '/home/jozef/ros2_ws/install/mrpt_nav_interfaces/local/lib/python3.10/dist-packages/mrpt_nav_interfaces/action'...
[2.401s] Listing '/home/jozef/ros2_ws/install/mrpt_nav_interfaces/local/lib/python3.10/dist-packages/mrpt_nav_interfaces/msg'...
[2.401s] Listing '/home/jozef/ros2_ws/install/mrpt_nav_interfaces/local/lib/python3.10/dist-packages/mrpt_nav_interfaces/srv'...
[2.436s] -- Up-to-date: /home/jozef/ros2_ws/install/mrpt_nav_interfaces/lib/libmrpt_nav_interfaces__rosidl_generator_py.so
[2.436s] -- Up-to-date: /home/jozef/ros2_ws/install/mrpt_nav_interfaces/share/mrpt_nav_interfaces/cmake/export_mrpt_nav_interfaces__rosidl_generator_cExport.cmake
[2.436s] -- Up-to-date: /home/jozef/ros2_ws/install/mrpt_nav_interfaces/share/mrpt_nav_interfaces/cmake/export_mrpt_nav_interfaces__rosidl_generator_cExport-noconfig.cmake
[2.437s] -- Up-to-date: /home/jozef/ros2_ws/install/mrpt_nav_interfaces/share/mrpt_nav_interfaces/cmake/export_mrpt_nav_interfaces__rosidl_typesupport_fastrtps_cExport.cmake
[2.437s] -- Up-to-date: /home/jozef/ros2_ws/install/mrpt_nav_interfaces/share/mrpt_nav_interfaces/cmake/export_mrpt_nav_interfaces__rosidl_typesupport_fastrtps_cExport-noconfig.cmake
[2.437s] -- Up-to-date: /home/jozef/ros2_ws/install/mrpt_nav_interfaces/share/mrpt_nav_interfaces/cmake/mrpt_nav_interfaces__rosidl_typesupport_introspection_cExport.cmake
[2.437s] -- Up-to-date: /home/jozef/ros2_ws/install/mrpt_nav_interfaces/share/mrpt_nav_interfaces/cmake/mrpt_nav_interfaces__rosidl_typesupport_introspection_cExport-noconfig.cmake
[2.437s] -- Up-to-date: /home/jozef/ros2_ws/install/mrpt_nav_interfaces/share/mrpt_nav_interfaces/cmake/mrpt_nav_interfaces__rosidl_typesupport_cExport.cmake
[2.437s] -- Up-to-date: /home/jozef/ros2_ws/install/mrpt_nav_interfaces/share/mrpt_nav_interfaces/cmake/mrpt_nav_interfaces__rosidl_typesupport_cExport-noconfig.cmake
[2.438s] -- Up-to-date: /home/jozef/ros2_ws/install/mrpt_nav_interfaces/share/mrpt_nav_interfaces/cmake/export_mrpt_nav_interfaces__rosidl_generator_cppExport.cmake
[2.438s] -- Up-to-date: /home/jozef/ros2_ws/install/mrpt_nav_interfaces/share/mrpt_nav_interfaces/cmake/export_mrpt_nav_interfaces__rosidl_typesupport_fastrtps_cppExport.cmake
[2.438s] -- Up-to-date: /home/jozef/ros2_ws/install/mrpt_nav_interfaces/share/mrpt_nav_interfaces/cmake/export_mrpt_nav_interfaces__rosidl_typesupport_fastrtps_cppExport-noconfig.cmake
[2.438s] -- Up-to-date: /home/jozef/ros2_ws/install/mrpt_nav_interfaces/share/mrpt_nav_interfaces/cmake/mrpt_nav_interfaces__rosidl_typesupport_introspection_cppExport.cmake
[2.438s] -- Up-to-date: /home/jozef/ros2_ws/install/mrpt_nav_interfaces/share/mrpt_nav_interfaces/cmake/mrpt_nav_interfaces__rosidl_typesupport_introspection_cppExport-noconfig.cmake
[2.438s] -- Up-to-date: /home/jozef/ros2_ws/install/mrpt_nav_interfaces/share/mrpt_nav_interfaces/cmake/mrpt_nav_interfaces__rosidl_typesupport_cppExport.cmake
[2.438s] -- Up-to-date: /home/jozef/ros2_ws/install/mrpt_nav_interfaces/share/mrpt_nav_interfaces/cmake/mrpt_nav_interfaces__rosidl_typesupport_cppExport-noconfig.cmake
[2.438s] -- Up-to-date: /home/jozef/ros2_ws/install/mrpt_nav_interfaces/share/mrpt_nav_interfaces/cmake/export_mrpt_nav_interfaces__rosidl_generator_pyExport.cmake
[2.438s] -- Up-to-date: /home/jozef/ros2_ws/install/mrpt_nav_interfaces/share/mrpt_nav_interfaces/cmake/export_mrpt_nav_interfaces__rosidl_generator_pyExport-noconfig.cmake
[2.530s] Invoked command in '/home/jozef/ros2_ws/build/mrpt_nav_interfaces' returned '0': AMENT_PREFIX_PATH=/home/jozef/ros2_ws/install/mrpt_msgs:${AMENT_PREFIX_PATH} CMAKE_PREFIX_PATH=/opt/ros/humble:/home/jozef/ros2_ws/install/mrpt_msgs LD_LIBRARY_PATH=/home/jozef/ros2_ws/install/mrpt_msgs/lib:${LD_LIBRARY_PATH} PYTHONPATH=/home/jozef/ros2_ws/install/mrpt_msgs/local/lib/python3.10/dist-packages:${PYTHONPATH} /usr/bin/cmake --install /home/jozef/ros2_ws/build/mrpt_nav_interfaces
