[0.032s] Invoking command in '/home/jozef/ros2_ws/build/mrpt_nav_interfaces': AMENT_PREFIX_PATH=/home/jozef/ros2_ws/install/mrpt_msgs:${AMENT_PREFIX_PATH} CMAKE_PREFIX_PATH=/home/jozef/ros2_ws/install/mrpt_msgs:/opt/ros/humble LD_LIBRARY_PATH=/home/jozef/ros2_ws/install/mrpt_msgs/lib:${LD_LIBRARY_PATH} PYTHONPATH=/home/jozef/ros2_ws/install/mrpt_msgs/local/lib/python3.10/dist-packages:${PYTHONPATH} /usr/bin/cmake /home/jozef/ros2_ws/src/mrpt_navigation/mrpt_nav_interfaces -DAMENT_CMAKE_SYMLINK_INSTALL=1 -DCMAKE_INSTALL_PREFIX=/home/jozef/ros2_ws/install/mrpt_nav_interfaces
[0.167s] -- The C compiler identification is GNU 11.4.0
[0.287s] -- The CXX compiler identification is GNU 11.4.0
[0.303s] -- Detecting C compiler ABI info
[0.462s] -- Detecting C compiler ABI info - done
[0.478s] -- Check for working C compiler: /usr/bin/cc - skipped
[0.480s] -- Detecting C compile features
[0.480s] -- Detecting C compile features - done
[0.486s] -- Detecting CXX compiler ABI info
[0.673s] -- Detecting CXX compiler ABI info - done
[0.689s] -- Check for working CXX compiler: /usr/bin/c++ - skipped
[0.690s] -- Detecting CXX compile features
[0.693s] -- Detecting CXX compile features - done
[0.696s] -- Found ament_cmake: 1.3.11 (/opt/ros/humble/share/ament_cmake/cmake)
[1.579s] -- Found Python3: /usr/bin/python3 (found version "3.10.12") found components: Interpreter 
[1.765s] -- Override CMake install command with custom implementation using symlinks instead of copying resources
[1.833s] -- Found rosidl_default_generators: 1.2.0 (/opt/ros/humble/share/rosidl_default_generators/cmake)
[1.842s] -- Using all available rosidl_typesupport_c: rosidl_typesupport_fastrtps_c;rosidl_typesupport_introspection_c
[1.859s] -- Found rosidl_adapter: 3.1.6 (/opt/ros/humble/share/rosidl_adapter/cmake)
[1.963s] -- Using all available rosidl_typesupport_cpp: rosidl_typesupport_fastrtps_cpp;rosidl_typesupport_introspection_cpp
[2.042s] -- Found mrpt_msgs: 0.5.0 (/home/jozef/ros2_ws/install/mrpt_msgs/share/mrpt_msgs/cmake)
[2.225s] -- Found nav_msgs: 4.2.4 (/opt/ros/humble/share/nav_msgs/cmake)
[3.263s] -- Found ament_cmake_ros: 0.10.0 (/opt/ros/humble/share/ament_cmake_ros/cmake)
[4.044s] -- Using all available rosidl_typesupport_c: rosidl_typesupport_fastrtps_c;rosidl_typesupport_introspection_c
[5.313s] -- Using all available rosidl_typesupport_cpp: rosidl_typesupport_fastrtps_cpp;rosidl_typesupport_introspection_cpp
[5.398s] -- Found PythonInterp: /usr/bin/python3 (found suitable version "3.10.12", minimum required is "3.6") 
[5.404s] -- Found python_cmake_module: 0.10.0 (/opt/ros/humble/share/python_cmake_module/cmake)
[5.490s] -- Found PythonLibs: /usr/lib/x86_64-linux-gnu/libpython3.10.so (found suitable version "3.10.12", minimum required is "3.5") 
[5.491s] -- Using PYTHON_EXECUTABLE: /usr/bin/python3
[5.494s] -- Using PYTHON_INCLUDE_DIRS: /usr/include/python3.10
[5.494s] -- Using PYTHON_LIBRARIES: /usr/lib/x86_64-linux-gnu/libpython3.10.so
[5.564s] -- Found PythonExtra: .so  
[6.019s] -- Configuring done
[6.306s] -- Generating done
[6.368s] -- Build files have been written to: /home/jozef/ros2_ws/build/mrpt_nav_interfaces
[6.405s] Invoked command in '/home/jozef/ros2_ws/build/mrpt_nav_interfaces' returned '0': AMENT_PREFIX_PATH=/home/jozef/ros2_ws/install/mrpt_msgs:${AMENT_PREFIX_PATH} CMAKE_PREFIX_PATH=/home/jozef/ros2_ws/install/mrpt_msgs:/opt/ros/humble LD_LIBRARY_PATH=/home/jozef/ros2_ws/install/mrpt_msgs/lib:${LD_LIBRARY_PATH} PYTHONPATH=/home/jozef/ros2_ws/install/mrpt_msgs/local/lib/python3.10/dist-packages:${PYTHONPATH} /usr/bin/cmake /home/jozef/ros2_ws/src/mrpt_navigation/mrpt_nav_interfaces -DAMENT_CMAKE_SYMLINK_INSTALL=1 -DCMAKE_INSTALL_PREFIX=/home/jozef/ros2_ws/install/mrpt_nav_interfaces
[6.406s] Invoking command in '/home/jozef/ros2_ws/build/mrpt_nav_interfaces': AMENT_PREFIX_PATH=/home/jozef/ros2_ws/install/mrpt_msgs:${AMENT_PREFIX_PATH} CMAKE_PREFIX_PATH=/home/jozef/ros2_ws/install/mrpt_msgs:/opt/ros/humble LD_LIBRARY_PATH=/home/jozef/ros2_ws/install/mrpt_msgs/lib:${LD_LIBRARY_PATH} PYTHONPATH=/home/jozef/ros2_ws/install/mrpt_msgs/local/lib/python3.10/dist-packages:${PYTHONPATH} /usr/bin/cmake --build /home/jozef/ros2_ws/build/mrpt_nav_interfaces -- -j8 -l8
[6.561s] [  1%] [34m[1mGenerating C code for ROS interfaces[0m
[6.591s] [  1%] [34m[1mGenerating C++ code for ROS interfaces[0m
[6.649s] [  1%] Built target ament_cmake_python_symlink_mrpt_nav_interfaces
[7.573s] running egg_info
[7.573s] creating mrpt_nav_interfaces.egg-info
[7.626s] writing mrpt_nav_interfaces.egg-info/PKG-INFO
[7.626s] writing dependency_links to mrpt_nav_interfaces.egg-info/dependency_links.txt
[7.628s] writing top-level names to mrpt_nav_interfaces.egg-info/top_level.txt
[7.628s] writing manifest file 'mrpt_nav_interfaces.egg-info/SOURCES.txt'
[7.760s] reading manifest file 'mrpt_nav_interfaces.egg-info/SOURCES.txt'
[7.762s] writing manifest file 'mrpt_nav_interfaces.egg-info/SOURCES.txt'
[7.843s] [  1%] Built target ament_cmake_python_build_mrpt_nav_interfaces_egg
[10.890s] [  1%] Built target mrpt_nav_interfaces__cpp
[10.933s] [  2%] [34m[1mGenerating C++ type support for eProsima Fast-RTPS[0m
[10.949s] [  3%] [34m[1mGenerating C++ type support dispatch for ROS interfaces[0m
[11.454s] [  4%] [32mBuilding C object CMakeFiles/mrpt_nav_interfaces__rosidl_generator_c.dir/rosidl_generator_c/mrpt_nav_interfaces/msg/detail/georeferencing_metadata__functions.c.o[0m
[11.466s] [  5%] [32mBuilding C object CMakeFiles/mrpt_nav_interfaces__rosidl_generator_c.dir/rosidl_generator_c/mrpt_nav_interfaces/action/detail/navigate_waypoints__functions.c.o[0m
[11.474s] [  6%] [32mBuilding C object CMakeFiles/mrpt_nav_interfaces__rosidl_generator_c.dir/rosidl_generator_c/mrpt_nav_interfaces/action/detail/navigate_goal__functions.c.o[0m
[11.656s] [  7%] [32mBuilding C object CMakeFiles/mrpt_nav_interfaces__rosidl_generator_c.dir/rosidl_generator_c/mrpt_nav_interfaces/msg/detail/navigation_final_status__functions.c.o[0m
[11.812s] [  8%] [32mBuilding C object CMakeFiles/mrpt_nav_interfaces__rosidl_generator_c.dir/rosidl_generator_c/mrpt_nav_interfaces/srv/detail/get_layers__functions.c.o[0m
[11.815s] [  9%] [32mBuilding C object CMakeFiles/mrpt_nav_interfaces__rosidl_generator_c.dir/rosidl_generator_c/mrpt_nav_interfaces/msg/detail/navigation_feedback__functions.c.o[0m
[11.979s] [ 10%] [32mBuilding C object CMakeFiles/mrpt_nav_interfaces__rosidl_generator_c.dir/rosidl_generator_c/mrpt_nav_interfaces/srv/detail/make_plan_to__functions.c.o[0m
[12.130s] [ 11%] [32mBuilding C object CMakeFiles/mrpt_nav_interfaces__rosidl_generator_c.dir/rosidl_generator_c/mrpt_nav_interfaces/srv/detail/make_plan_from_to__functions.c.o[0m
[12.297s] [ 12%] [32mBuilding C object CMakeFiles/mrpt_nav_interfaces__rosidl_generator_c.dir/rosidl_generator_c/mrpt_nav_interfaces/srv/detail/get_pointmap_layer__functions.c.o[0m
[12.460s] [ 13%] [32mBuilding C object CMakeFiles/mrpt_nav_interfaces__rosidl_generator_c.dir/rosidl_generator_c/mrpt_nav_interfaces/srv/detail/get_gridmap_layer__functions.c.o[0m
[12.624s] [ 14%] [32m[1mLinking C shared library libmrpt_nav_interfaces__rosidl_generator_c.so[0m
[12.757s] [ 14%] Built target mrpt_nav_interfaces__rosidl_generator_c
[13.211s] [ 15%] [32mBuilding CXX object CMakeFiles/mrpt_nav_interfaces__rosidl_typesupport_cpp.dir/rosidl_typesupport_cpp/mrpt_nav_interfaces/action/navigate_goal__type_support.cpp.o[0m
[14.162s] [ 16%] [32mBuilding CXX object CMakeFiles/mrpt_nav_interfaces__rosidl_typesupport_cpp.dir/rosidl_typesupport_cpp/mrpt_nav_interfaces/msg/georeferencing_metadata__type_support.cpp.o[0m
[14.305s] [ 17%] [32mBuilding CXX object CMakeFiles/mrpt_nav_interfaces__rosidl_typesupport_fastrtps_cpp.dir/rosidl_typesupport_fastrtps_cpp/mrpt_nav_interfaces/action/detail/dds_fastrtps/navigate_goal__type_support.cpp.o[0m
[14.641s] [ 18%] [32mBuilding CXX object CMakeFiles/mrpt_nav_interfaces__rosidl_typesupport_cpp.dir/rosidl_typesupport_cpp/mrpt_nav_interfaces/msg/navigation_feedback__type_support.cpp.o[0m
[15.279s] [ 19%] [32mBuilding CXX object CMakeFiles/mrpt_nav_interfaces__rosidl_typesupport_cpp.dir/rosidl_typesupport_cpp/mrpt_nav_interfaces/action/navigate_waypoints__type_support.cpp.o[0m
[15.410s] [ 19%] [32mBuilding CXX object CMakeFiles/mrpt_nav_interfaces__rosidl_typesupport_fastrtps_cpp.dir/rosidl_typesupport_fastrtps_cpp/mrpt_nav_interfaces/msg/detail/dds_fastrtps/georeferencing_metadata__type_support.cpp.o[0m
[15.976s] [ 20%] [32mBuilding CXX object CMakeFiles/mrpt_nav_interfaces__rosidl_typesupport_cpp.dir/rosidl_typesupport_cpp/mrpt_nav_interfaces/msg/navigation_final_status__type_support.cpp.o[0m
[16.066s] [ 21%] [32mBuilding CXX object CMakeFiles/mrpt_nav_interfaces__rosidl_typesupport_fastrtps_cpp.dir/rosidl_typesupport_fastrtps_cpp/mrpt_nav_interfaces/msg/detail/dds_fastrtps/navigation_feedback__type_support.cpp.o[0m
[16.457s] [ 22%] [32mBuilding CXX object CMakeFiles/mrpt_nav_interfaces__rosidl_typesupport_cpp.dir/rosidl_typesupport_cpp/mrpt_nav_interfaces/srv/get_layers__type_support.cpp.o[0m
[16.642s] [ 23%] [32mBuilding CXX object CMakeFiles/mrpt_nav_interfaces__rosidl_typesupport_fastrtps_cpp.dir/rosidl_typesupport_fastrtps_cpp/mrpt_nav_interfaces/msg/detail/dds_fastrtps/navigation_final_status__type_support.cpp.o[0m
[16.849s] [ 24%] [32mBuilding CXX object CMakeFiles/mrpt_nav_interfaces__rosidl_typesupport_fastrtps_cpp.dir/rosidl_typesupport_fastrtps_cpp/mrpt_nav_interfaces/srv/detail/dds_fastrtps/get_layers__type_support.cpp.o[0m
[16.850s] [ 25%] [32mBuilding CXX object CMakeFiles/mrpt_nav_interfaces__rosidl_typesupport_cpp.dir/rosidl_typesupport_cpp/mrpt_nav_interfaces/srv/get_gridmap_layer__type_support.cpp.o[0m
[17.396s] [ 26%] [32mBuilding CXX object CMakeFiles/mrpt_nav_interfaces__rosidl_typesupport_cpp.dir/rosidl_typesupport_cpp/mrpt_nav_interfaces/srv/get_pointmap_layer__type_support.cpp.o[0m
[17.396s] [ 27%] [32mBuilding CXX object CMakeFiles/mrpt_nav_interfaces__rosidl_typesupport_fastrtps_cpp.dir/rosidl_typesupport_fastrtps_cpp/mrpt_nav_interfaces/action/detail/dds_fastrtps/navigate_waypoints__type_support.cpp.o[0m
[17.648s] [ 28%] [32mBuilding CXX object CMakeFiles/mrpt_nav_interfaces__rosidl_typesupport_fastrtps_cpp.dir/rosidl_typesupport_fastrtps_cpp/mrpt_nav_interfaces/srv/detail/dds_fastrtps/get_gridmap_layer__type_support.cpp.o[0m
[17.649s] [ 29%] [32mBuilding CXX object CMakeFiles/mrpt_nav_interfaces__rosidl_typesupport_cpp.dir/rosidl_typesupport_cpp/mrpt_nav_interfaces/srv/make_plan_from_to__type_support.cpp.o[0m
[17.941s] [ 30%] [32mBuilding CXX object CMakeFiles/mrpt_nav_interfaces__rosidl_typesupport_fastrtps_cpp.dir/rosidl_typesupport_fastrtps_cpp/mrpt_nav_interfaces/srv/detail/dds_fastrtps/get_pointmap_layer__type_support.cpp.o[0m
[18.434s] [ 31%] [32mBuilding CXX object CMakeFiles/mrpt_nav_interfaces__rosidl_typesupport_cpp.dir/rosidl_typesupport_cpp/mrpt_nav_interfaces/srv/make_plan_to__type_support.cpp.o[0m
[18.620s] [ 32%] [32mBuilding CXX object CMakeFiles/mrpt_nav_interfaces__rosidl_typesupport_fastrtps_cpp.dir/rosidl_typesupport_fastrtps_cpp/mrpt_nav_interfaces/srv/detail/dds_fastrtps/make_plan_from_to__type_support.cpp.o[0m
[18.899s] [ 33%] [32mBuilding CXX object CMakeFiles/mrpt_nav_interfaces__rosidl_typesupport_fastrtps_cpp.dir/rosidl_typesupport_fastrtps_cpp/mrpt_nav_interfaces/srv/detail/dds_fastrtps/make_plan_to__type_support.cpp.o[0m
[19.218s] [ 34%] [32m[1mLinking CXX shared library libmrpt_nav_interfaces__rosidl_typesupport_cpp.so[0m
[19.347s] [ 34%] Built target mrpt_nav_interfaces__rosidl_typesupport_cpp
[19.373s] [ 36%] [34m[1mGenerating C type support dispatch for ROS interfaces[0m
[19.374s] [ 36%] [34m[1mGenerating C introspection for ROS interfaces[0m
[19.836s] [ 37%] [32m[1mLinking CXX shared library libmrpt_nav_interfaces__rosidl_typesupport_fastrtps_cpp.so[0m
[20.075s] [ 37%] Built target mrpt_nav_interfaces__rosidl_typesupport_fastrtps_cpp
[20.113s] [ 38%] [34m[1mGenerating C type support for eProsima Fast-RTPS[0m
[21.500s] [ 39%] [32mBuilding CXX object CMakeFiles/mrpt_nav_interfaces__rosidl_typesupport_c.dir/rosidl_typesupport_c/mrpt_nav_interfaces/action/navigate_goal__type_support.cpp.o[0m
[21.511s] [ 40%] [32mBuilding CXX object CMakeFiles/mrpt_nav_interfaces__rosidl_typesupport_c.dir/rosidl_typesupport_c/mrpt_nav_interfaces/msg/georeferencing_metadata__type_support.cpp.o[0m
[21.515s] [ 41%] [32mBuilding CXX object CMakeFiles/mrpt_nav_interfaces__rosidl_typesupport_c.dir/rosidl_typesupport_c/mrpt_nav_interfaces/action/navigate_waypoints__type_support.cpp.o[0m
[21.587s] [ 42%] [32mBuilding CXX object CMakeFiles/mrpt_nav_interfaces__rosidl_typesupport_c.dir/rosidl_typesupport_c/mrpt_nav_interfaces/msg/navigation_final_status__type_support.cpp.o[0m
[21.662s] [ 43%] [32mBuilding CXX object CMakeFiles/mrpt_nav_interfaces__rosidl_typesupport_c.dir/rosidl_typesupport_c/mrpt_nav_interfaces/srv/get_layers__type_support.cpp.o[0m
[21.741s] [ 43%] [32mBuilding CXX object CMakeFiles/mrpt_nav_interfaces__rosidl_typesupport_c.dir/rosidl_typesupport_c/mrpt_nav_interfaces/srv/make_plan_from_to__type_support.cpp.o[0m
[21.752s] [ 44%] [32mBuilding CXX object CMakeFiles/mrpt_nav_interfaces__rosidl_typesupport_c.dir/rosidl_typesupport_c/mrpt_nav_interfaces/msg/navigation_feedback__type_support.cpp.o[0m
[21.755s] [ 45%] [32mBuilding CXX object CMakeFiles/mrpt_nav_interfaces__rosidl_typesupport_c.dir/rosidl_typesupport_c/mrpt_nav_interfaces/srv/get_gridmap_layer__type_support.cpp.o[0m
[21.846s] [ 46%] [32mBuilding CXX object CMakeFiles/mrpt_nav_interfaces__rosidl_typesupport_c.dir/rosidl_typesupport_c/mrpt_nav_interfaces/srv/make_plan_to__type_support.cpp.o[0m
[21.869s] [ 47%] [32mBuilding CXX object CMakeFiles/mrpt_nav_interfaces__rosidl_typesupport_c.dir/rosidl_typesupport_c/mrpt_nav_interfaces/srv/get_pointmap_layer__type_support.cpp.o[0m
[21.968s] [ 48%] [32m[1mLinking CXX shared library libmrpt_nav_interfaces__rosidl_typesupport_c.so[0m
[22.083s] [ 48%] Built target mrpt_nav_interfaces__rosidl_typesupport_c
[22.115s] [ 49%] [34m[1mGenerating C++ introspection for ROS interfaces[0m
[22.489s] [ 50%] [32mBuilding C object CMakeFiles/mrpt_nav_interfaces__rosidl_typesupport_introspection_c.dir/rosidl_typesupport_introspection_c/mrpt_nav_interfaces/action/detail/navigate_waypoints__type_support.c.o[0m
[22.501s] [ 51%] [32mBuilding C object CMakeFiles/mrpt_nav_interfaces__rosidl_typesupport_introspection_c.dir/rosidl_typesupport_introspection_c/mrpt_nav_interfaces/action/detail/navigate_goal__type_support.c.o[0m
[22.694s] [ 52%] [32mBuilding C object CMakeFiles/mrpt_nav_interfaces__rosidl_typesupport_introspection_c.dir/rosidl_typesupport_introspection_c/mrpt_nav_interfaces/srv/detail/get_layers__type_support.c.o[0m
[22.701s] [ 53%] [32mBuilding C object CMakeFiles/mrpt_nav_interfaces__rosidl_typesupport_introspection_c.dir/rosidl_typesupport_introspection_c/mrpt_nav_interfaces/srv/detail/get_gridmap_layer__type_support.c.o[0m
[22.755s] [ 54%] [32mBuilding C object CMakeFiles/mrpt_nav_interfaces__rosidl_typesupport_introspection_c.dir/rosidl_typesupport_introspection_c/mrpt_nav_interfaces/srv/detail/get_pointmap_layer__type_support.c.o[0m
[22.854s] [ 55%] [32mBuilding C object CMakeFiles/mrpt_nav_interfaces__rosidl_typesupport_introspection_c.dir/rosidl_typesupport_introspection_c/mrpt_nav_interfaces/msg/detail/navigation_final_status__type_support.c.o[0m
[22.862s] [ 56%] [32mBuilding C object CMakeFiles/mrpt_nav_interfaces__rosidl_typesupport_introspection_c.dir/rosidl_typesupport_introspection_c/mrpt_nav_interfaces/srv/detail/make_plan_from_to__type_support.c.o[0m
[22.904s] [ 57%] [32mBuilding C object CMakeFiles/mrpt_nav_interfaces__rosidl_typesupport_introspection_c.dir/rosidl_typesupport_introspection_c/mrpt_nav_interfaces/srv/detail/make_plan_to__type_support.c.o[0m
[22.952s] [ 58%] [32mBuilding C object CMakeFiles/mrpt_nav_interfaces__rosidl_typesupport_introspection_c.dir/rosidl_typesupport_introspection_c/mrpt_nav_interfaces/msg/detail/navigation_feedback__type_support.c.o[0m
[23.012s] [ 59%] [32mBuilding C object CMakeFiles/mrpt_nav_interfaces__rosidl_typesupport_introspection_c.dir/rosidl_typesupport_introspection_c/mrpt_nav_interfaces/msg/detail/georeferencing_metadata__type_support.c.o[0m
[23.107s] [ 60%] [32m[1mLinking C shared library libmrpt_nav_interfaces__rosidl_typesupport_introspection_c.so[0m
[23.200s] [ 60%] Built target mrpt_nav_interfaces__rosidl_typesupport_introspection_c
[23.395s] [ 62%] [32mBuilding CXX object CMakeFiles/mrpt_nav_interfaces__rosidl_typesupport_fastrtps_c.dir/rosidl_typesupport_fastrtps_c/mrpt_nav_interfaces/action/detail/navigate_waypoints__type_support_c.cpp.o[0m
[23.395s] [ 62%] [32mBuilding CXX object CMakeFiles/mrpt_nav_interfaces__rosidl_typesupport_fastrtps_c.dir/rosidl_typesupport_fastrtps_c/mrpt_nav_interfaces/action/detail/navigate_goal__type_support_c.cpp.o[0m
[24.090s] [ 63%] [32mBuilding CXX object CMakeFiles/mrpt_nav_interfaces__rosidl_typesupport_fastrtps_c.dir/rosidl_typesupport_fastrtps_c/mrpt_nav_interfaces/srv/detail/get_gridmap_layer__type_support_c.cpp.o[0m
[24.299s] [ 64%] [32mBuilding CXX object CMakeFiles/mrpt_nav_interfaces__rosidl_typesupport_fastrtps_c.dir/rosidl_typesupport_fastrtps_c/mrpt_nav_interfaces/srv/detail/get_pointmap_layer__type_support_c.cpp.o[0m
[24.834s] [ 65%] [32mBuilding CXX object CMakeFiles/mrpt_nav_interfaces__rosidl_typesupport_fastrtps_c.dir/rosidl_typesupport_fastrtps_c/mrpt_nav_interfaces/srv/detail/make_plan_from_to__type_support_c.cpp.o[0m
[25.095s] [ 66%] [32mBuilding CXX object CMakeFiles/mrpt_nav_interfaces__rosidl_typesupport_fastrtps_c.dir/rosidl_typesupport_fastrtps_c/mrpt_nav_interfaces/srv/detail/make_plan_to__type_support_c.cpp.o[0m
[25.206s] [ 68%] [32mBuilding CXX object CMakeFiles/mrpt_nav_interfaces__rosidl_typesupport_introspection_cpp.dir/rosidl_typesupport_introspection_cpp/mrpt_nav_interfaces/action/detail/navigate_goal__type_support.cpp.o[0m
[25.206s] [ 68%] [32mBuilding CXX object CMakeFiles/mrpt_nav_interfaces__rosidl_typesupport_introspection_cpp.dir/rosidl_typesupport_introspection_cpp/mrpt_nav_interfaces/action/detail/navigate_waypoints__type_support.cpp.o[0m
[25.602s] [ 69%] [32mBuilding CXX object CMakeFiles/mrpt_nav_interfaces__rosidl_typesupport_fastrtps_c.dir/rosidl_typesupport_fastrtps_c/mrpt_nav_interfaces/srv/detail/get_layers__type_support_c.cpp.o[0m
[25.866s] [ 70%] [32mBuilding CXX object CMakeFiles/mrpt_nav_interfaces__rosidl_typesupport_introspection_cpp.dir/rosidl_typesupport_introspection_cpp/mrpt_nav_interfaces/msg/detail/navigation_feedback__type_support.cpp.o[0m
[25.867s] [ 71%] [32mBuilding CXX object CMakeFiles/mrpt_nav_interfaces__rosidl_typesupport_fastrtps_c.dir/rosidl_typesupport_fastrtps_c/mrpt_nav_interfaces/msg/detail/navigation_final_status__type_support_c.cpp.o[0m
[26.615s] [ 72%] [32mBuilding CXX object CMakeFiles/mrpt_nav_interfaces__rosidl_typesupport_introspection_cpp.dir/rosidl_typesupport_introspection_cpp/mrpt_nav_interfaces/msg/detail/georeferencing_metadata__type_support.cpp.o[0m
[26.622s] [ 73%] [32mBuilding CXX object CMakeFiles/mrpt_nav_interfaces__rosidl_typesupport_introspection_cpp.dir/rosidl_typesupport_introspection_cpp/mrpt_nav_interfaces/msg/detail/navigation_final_status__type_support.cpp.o[0m
[26.714s] [ 74%] [32mBuilding CXX object CMakeFiles/mrpt_nav_interfaces__rosidl_typesupport_fastrtps_c.dir/rosidl_typesupport_fastrtps_c/mrpt_nav_interfaces/msg/detail/navigation_feedback__type_support_c.cpp.o[0m
[26.742s] [ 75%] [32mBuilding CXX object CMakeFiles/mrpt_nav_interfaces__rosidl_typesupport_fastrtps_c.dir/rosidl_typesupport_fastrtps_c/mrpt_nav_interfaces/msg/detail/georeferencing_metadata__type_support_c.cpp.o[0m
[26.762s] [ 76%] [32mBuilding CXX object CMakeFiles/mrpt_nav_interfaces__rosidl_typesupport_introspection_cpp.dir/rosidl_typesupport_introspection_cpp/mrpt_nav_interfaces/srv/detail/get_pointmap_layer__type_support.cpp.o[0m
[27.597s] [ 77%] [32m[1mLinking CXX shared library libmrpt_nav_interfaces__rosidl_typesupport_fastrtps_c.so[0m
[27.794s] [ 77%] Built target mrpt_nav_interfaces__rosidl_typesupport_fastrtps_c
[27.809s] [ 78%] [32mBuilding CXX object CMakeFiles/mrpt_nav_interfaces__rosidl_typesupport_introspection_cpp.dir/rosidl_typesupport_introspection_cpp/mrpt_nav_interfaces/srv/detail/make_plan_to__type_support.cpp.o[0m
[28.404s] [ 79%] [32mBuilding CXX object CMakeFiles/mrpt_nav_interfaces__rosidl_typesupport_introspection_cpp.dir/rosidl_typesupport_introspection_cpp/mrpt_nav_interfaces/srv/detail/make_plan_from_to__type_support.cpp.o[0m
[28.948s] [ 80%] [32mBuilding CXX object CMakeFiles/mrpt_nav_interfaces__rosidl_typesupport_introspection_cpp.dir/rosidl_typesupport_introspection_cpp/mrpt_nav_interfaces/srv/detail/get_gridmap_layer__type_support.cpp.o[0m
[29.540s] [ 81%] [32mBuilding CXX object CMakeFiles/mrpt_nav_interfaces__rosidl_typesupport_introspection_cpp.dir/rosidl_typesupport_introspection_cpp/mrpt_nav_interfaces/srv/detail/get_layers__type_support.cpp.o[0m
[30.122s] [ 82%] [32m[1mLinking CXX shared library libmrpt_nav_interfaces__rosidl_typesupport_introspection_cpp.so[0m
[30.305s] [ 82%] Built target mrpt_nav_interfaces__rosidl_typesupport_introspection_cpp
[30.341s] [ 82%] Built target mrpt_nav_interfaces
[30.381s] [ 83%] [34m[1mGenerating Python code for ROS interfaces[0m
[33.875s] [ 83%] Built target mrpt_nav_interfaces__py
[33.920s] [ 84%] [32mBuilding C object CMakeFiles/mrpt_nav_interfaces__rosidl_generator_py.dir/rosidl_generator_py/mrpt_nav_interfaces/msg/_georeferencing_metadata_s.c.o[0m
[33.928s] [ 85%] [32mBuilding C object CMakeFiles/mrpt_nav_interfaces__rosidl_generator_py.dir/rosidl_generator_py/mrpt_nav_interfaces/action/_navigate_goal_s.c.o[0m
[33.928s] [ 86%] [32mBuilding C object CMakeFiles/mrpt_nav_interfaces__rosidl_generator_py.dir/rosidl_generator_py/mrpt_nav_interfaces/action/_navigate_waypoints_s.c.o[0m
[34.091s] [ 87%] [32mBuilding C object CMakeFiles/mrpt_nav_interfaces__rosidl_generator_py.dir/rosidl_generator_py/mrpt_nav_interfaces/srv/_get_pointmap_layer_s.c.o[0m
[34.149s] [ 89%] [32mBuilding C object CMakeFiles/mrpt_nav_interfaces__rosidl_generator_py.dir/rosidl_generator_py/mrpt_nav_interfaces/srv/_get_gridmap_layer_s.c.o[0m
[34.150s] [ 89%] [32mBuilding C object CMakeFiles/mrpt_nav_interfaces__rosidl_generator_py.dir/rosidl_generator_py/mrpt_nav_interfaces/srv/_make_plan_from_to_s.c.o[0m
[34.265s] [ 90%] [32mBuilding C object CMakeFiles/mrpt_nav_interfaces__rosidl_generator_py.dir/rosidl_generator_py/mrpt_nav_interfaces/srv/_make_plan_to_s.c.o[0m
[34.324s] [ 91%] [32mBuilding C object CMakeFiles/mrpt_nav_interfaces__rosidl_generator_py.dir/rosidl_generator_py/mrpt_nav_interfaces/srv/_get_layers_s.c.o[0m
[34.326s] [ 92%] [32mBuilding C object CMakeFiles/mrpt_nav_interfaces__rosidl_generator_py.dir/rosidl_generator_py/mrpt_nav_interfaces/msg/_navigation_final_status_s.c.o[0m
[34.443s] [ 93%] [32mBuilding C object CMakeFiles/mrpt_nav_interfaces__rosidl_generator_py.dir/rosidl_generator_py/mrpt_nav_interfaces/msg/_navigation_feedback_s.c.o[0m
[34.608s] [ 94%] [32m[1mLinking C shared library rosidl_generator_py/mrpt_nav_interfaces/libmrpt_nav_interfaces__rosidl_generator_py.so[0m
[34.716s] [ 94%] Built target mrpt_nav_interfaces__rosidl_generator_py
[34.752s] [ 95%] [32mBuilding C object CMakeFiles/mrpt_nav_interfaces__rosidl_typesupport_fastrtps_c__pyext.dir/rosidl_generator_py/mrpt_nav_interfaces/_mrpt_nav_interfaces_s.ep.rosidl_typesupport_fastrtps_c.c.o[0m
[34.754s] [ 96%] [32mBuilding C object CMakeFiles/mrpt_nav_interfaces__rosidl_typesupport_introspection_c__pyext.dir/rosidl_generator_py/mrpt_nav_interfaces/_mrpt_nav_interfaces_s.ep.rosidl_typesupport_introspection_c.c.o[0m
[34.764s] [ 97%] [32mBuilding C object CMakeFiles/mrpt_nav_interfaces__rosidl_typesupport_c__pyext.dir/rosidl_generator_py/mrpt_nav_interfaces/_mrpt_nav_interfaces_s.ep.rosidl_typesupport_c.c.o[0m
[35.051s] [ 98%] [32m[1mLinking C shared library rosidl_generator_py/mrpt_nav_interfaces/mrpt_nav_interfaces_s__rosidl_typesupport_fastrtps_c.cpython-310-x86_64-linux-gnu.so[0m
[35.057s] [ 99%] [32m[1mLinking C shared library rosidl_generator_py/mrpt_nav_interfaces/mrpt_nav_interfaces_s__rosidl_typesupport_introspection_c.cpython-310-x86_64-linux-gnu.so[0m
[35.073s] [100%] [32m[1mLinking C shared library rosidl_generator_py/mrpt_nav_interfaces/mrpt_nav_interfaces_s__rosidl_typesupport_c.cpython-310-x86_64-linux-gnu.so[0m
[35.158s] [100%] Built target mrpt_nav_interfaces__rosidl_typesupport_fastrtps_c__pyext
[35.159s] [100%] Built target mrpt_nav_interfaces__rosidl_typesupport_introspection_c__pyext
[35.177s] [100%] Built target mrpt_nav_interfaces__rosidl_typesupport_c__pyext
[35.202s] Invoked command in '/home/jozef/ros2_ws/build/mrpt_nav_interfaces' returned '0': AMENT_PREFIX_PATH=/home/jozef/ros2_ws/install/mrpt_msgs:${AMENT_PREFIX_PATH} CMAKE_PREFIX_PATH=/home/jozef/ros2_ws/install/mrpt_msgs:/opt/ros/humble LD_LIBRARY_PATH=/home/jozef/ros2_ws/install/mrpt_msgs/lib:${LD_LIBRARY_PATH} PYTHONPATH=/home/jozef/ros2_ws/install/mrpt_msgs/local/lib/python3.10/dist-packages:${PYTHONPATH} /usr/bin/cmake --build /home/jozef/ros2_ws/build/mrpt_nav_interfaces -- -j8 -l8
[35.205s] Invoking command in '/home/jozef/ros2_ws/build/mrpt_nav_interfaces': AMENT_PREFIX_PATH=/home/jozef/ros2_ws/install/mrpt_msgs:${AMENT_PREFIX_PATH} CMAKE_PREFIX_PATH=/home/jozef/ros2_ws/install/mrpt_msgs:/opt/ros/humble LD_LIBRARY_PATH=/home/jozef/ros2_ws/install/mrpt_msgs/lib:${LD_LIBRARY_PATH} PYTHONPATH=/home/jozef/ros2_ws/install/mrpt_msgs/local/lib/python3.10/dist-packages:${PYTHONPATH} /usr/bin/cmake --install /home/jozef/ros2_ws/build/mrpt_nav_interfaces
[35.226s] -- Install configuration: ""
[35.227s] -- Execute custom install script
[35.227s] -- Symlinking: /home/jozef/ros2_ws/install/mrpt_nav_interfaces/share/ament_index/resource_index/rosidl_interfaces/mrpt_nav_interfaces
[35.245s] -- Symlinking: /home/jozef/ros2_ws/install/mrpt_nav_interfaces/include/mrpt_nav_interfaces/mrpt_nav_interfaces/action/detail/navigate_goal__functions.h
[35.259s] -- Symlinking: /home/jozef/ros2_ws/install/mrpt_nav_interfaces/include/mrpt_nav_interfaces/mrpt_nav_interfaces/action/detail/navigate_goal__struct.h
[35.274s] -- Symlinking: /home/jozef/ros2_ws/install/mrpt_nav_interfaces/include/mrpt_nav_interfaces/mrpt_nav_interfaces/action/detail/navigate_goal__type_support.h
[35.288s] -- Symlinking: /home/jozef/ros2_ws/install/mrpt_nav_interfaces/include/mrpt_nav_interfaces/mrpt_nav_interfaces/action/detail/navigate_waypoints__functions.h
[35.306s] -- Symlinking: /home/jozef/ros2_ws/install/mrpt_nav_interfaces/include/mrpt_nav_interfaces/mrpt_nav_interfaces/action/detail/navigate_waypoints__struct.h
[35.325s] -- Symlinking: /home/jozef/ros2_ws/install/mrpt_nav_interfaces/include/mrpt_nav_interfaces/mrpt_nav_interfaces/action/detail/navigate_waypoints__type_support.h
[35.339s] -- Symlinking: /home/jozef/ros2_ws/install/mrpt_nav_interfaces/include/mrpt_nav_interfaces/mrpt_nav_interfaces/action/navigate_goal.h
[35.352s] -- Symlinking: /home/jozef/ros2_ws/install/mrpt_nav_interfaces/include/mrpt_nav_interfaces/mrpt_nav_interfaces/action/navigate_waypoints.h
[35.367s] -- Symlinking: /home/jozef/ros2_ws/install/mrpt_nav_interfaces/include/mrpt_nav_interfaces/mrpt_nav_interfaces/msg/detail/georeferencing_metadata__functions.h
[35.390s] -- Symlinking: /home/jozef/ros2_ws/install/mrpt_nav_interfaces/include/mrpt_nav_interfaces/mrpt_nav_interfaces/msg/detail/georeferencing_metadata__struct.h
[35.404s] -- Symlinking: /home/jozef/ros2_ws/install/mrpt_nav_interfaces/include/mrpt_nav_interfaces/mrpt_nav_interfaces/msg/detail/georeferencing_metadata__type_support.h
[35.418s] -- Symlinking: /home/jozef/ros2_ws/install/mrpt_nav_interfaces/include/mrpt_nav_interfaces/mrpt_nav_interfaces/msg/detail/navigation_feedback__functions.h
[35.434s] -- Symlinking: /home/jozef/ros2_ws/install/mrpt_nav_interfaces/include/mrpt_nav_interfaces/mrpt_nav_interfaces/msg/detail/navigation_feedback__struct.h
[35.447s] -- Symlinking: /home/jozef/ros2_ws/install/mrpt_nav_interfaces/include/mrpt_nav_interfaces/mrpt_nav_interfaces/msg/detail/navigation_feedback__type_support.h
[35.461s] -- Symlinking: /home/jozef/ros2_ws/install/mrpt_nav_interfaces/include/mrpt_nav_interfaces/mrpt_nav_interfaces/msg/detail/navigation_final_status__functions.h
[35.474s] -- Symlinking: /home/jozef/ros2_ws/install/mrpt_nav_interfaces/include/mrpt_nav_interfaces/mrpt_nav_interfaces/msg/detail/navigation_final_status__struct.h
[35.491s] -- Symlinking: /home/jozef/ros2_ws/install/mrpt_nav_interfaces/include/mrpt_nav_interfaces/mrpt_nav_interfaces/msg/detail/navigation_final_status__type_support.h
[35.506s] -- Symlinking: /home/jozef/ros2_ws/install/mrpt_nav_interfaces/include/mrpt_nav_interfaces/mrpt_nav_interfaces/msg/georeferencing_metadata.h
[35.521s] -- Symlinking: /home/jozef/ros2_ws/install/mrpt_nav_interfaces/include/mrpt_nav_interfaces/mrpt_nav_interfaces/msg/navigation_feedback.h
[35.536s] -- Symlinking: /home/jozef/ros2_ws/install/mrpt_nav_interfaces/include/mrpt_nav_interfaces/mrpt_nav_interfaces/msg/navigation_final_status.h
[35.551s] -- Symlinking: /home/jozef/ros2_ws/install/mrpt_nav_interfaces/include/mrpt_nav_interfaces/mrpt_nav_interfaces/msg/rosidl_generator_c__visibility_control.h
[35.565s] -- Symlinking: /home/jozef/ros2_ws/install/mrpt_nav_interfaces/include/mrpt_nav_interfaces/mrpt_nav_interfaces/srv/detail/get_gridmap_layer__functions.h
[35.579s] -- Symlinking: /home/jozef/ros2_ws/install/mrpt_nav_interfaces/include/mrpt_nav_interfaces/mrpt_nav_interfaces/srv/detail/get_gridmap_layer__struct.h
[35.595s] -- Symlinking: /home/jozef/ros2_ws/install/mrpt_nav_interfaces/include/mrpt_nav_interfaces/mrpt_nav_interfaces/srv/detail/get_gridmap_layer__type_support.h
[35.610s] -- Symlinking: /home/jozef/ros2_ws/install/mrpt_nav_interfaces/include/mrpt_nav_interfaces/mrpt_nav_interfaces/srv/detail/get_layers__functions.h
[35.625s] -- Symlinking: /home/jozef/ros2_ws/install/mrpt_nav_interfaces/include/mrpt_nav_interfaces/mrpt_nav_interfaces/srv/detail/get_layers__struct.h
[35.638s] -- Symlinking: /home/jozef/ros2_ws/install/mrpt_nav_interfaces/include/mrpt_nav_interfaces/mrpt_nav_interfaces/srv/detail/get_layers__type_support.h
[35.653s] -- Symlinking: /home/jozef/ros2_ws/install/mrpt_nav_interfaces/include/mrpt_nav_interfaces/mrpt_nav_interfaces/srv/detail/get_pointmap_layer__functions.h
[35.668s] -- Symlinking: /home/jozef/ros2_ws/install/mrpt_nav_interfaces/include/mrpt_nav_interfaces/mrpt_nav_interfaces/srv/detail/get_pointmap_layer__struct.h
[35.682s] -- Symlinking: /home/jozef/ros2_ws/install/mrpt_nav_interfaces/include/mrpt_nav_interfaces/mrpt_nav_interfaces/srv/detail/get_pointmap_layer__type_support.h
[35.707s] -- Symlinking: /home/jozef/ros2_ws/install/mrpt_nav_interfaces/include/mrpt_nav_interfaces/mrpt_nav_interfaces/srv/detail/make_plan_from_to__functions.h
[35.729s] -- Symlinking: /home/jozef/ros2_ws/install/mrpt_nav_interfaces/include/mrpt_nav_interfaces/mrpt_nav_interfaces/srv/detail/make_plan_from_to__struct.h
[35.746s] -- Symlinking: /home/jozef/ros2_ws/install/mrpt_nav_interfaces/include/mrpt_nav_interfaces/mrpt_nav_interfaces/srv/detail/make_plan_from_to__type_support.h
[35.763s] -- Symlinking: /home/jozef/ros2_ws/install/mrpt_nav_interfaces/include/mrpt_nav_interfaces/mrpt_nav_interfaces/srv/detail/make_plan_to__functions.h
[35.779s] -- Symlinking: /home/jozef/ros2_ws/install/mrpt_nav_interfaces/include/mrpt_nav_interfaces/mrpt_nav_interfaces/srv/detail/make_plan_to__struct.h
[35.795s] -- Symlinking: /home/jozef/ros2_ws/install/mrpt_nav_interfaces/include/mrpt_nav_interfaces/mrpt_nav_interfaces/srv/detail/make_plan_to__type_support.h
[35.810s] -- Symlinking: /home/jozef/ros2_ws/install/mrpt_nav_interfaces/include/mrpt_nav_interfaces/mrpt_nav_interfaces/srv/get_gridmap_layer.h
[35.824s] -- Symlinking: /home/jozef/ros2_ws/install/mrpt_nav_interfaces/include/mrpt_nav_interfaces/mrpt_nav_interfaces/srv/get_layers.h
[35.847s] -- Symlinking: /home/jozef/ros2_ws/install/mrpt_nav_interfaces/include/mrpt_nav_interfaces/mrpt_nav_interfaces/srv/get_pointmap_layer.h
[35.869s] -- Symlinking: /home/jozef/ros2_ws/install/mrpt_nav_interfaces/include/mrpt_nav_interfaces/mrpt_nav_interfaces/srv/make_plan_from_to.h
[35.883s] -- Symlinking: /home/jozef/ros2_ws/install/mrpt_nav_interfaces/include/mrpt_nav_interfaces/mrpt_nav_interfaces/srv/make_plan_to.h
[35.904s] -- Symlinking: /home/jozef/ros2_ws/install/mrpt_nav_interfaces/share/mrpt_nav_interfaces/environment/library_path.sh
[35.930s] -- Symlinking: /home/jozef/ros2_ws/install/mrpt_nav_interfaces/share/mrpt_nav_interfaces/environment/library_path.dsv
[35.950s] -- Symlinking: /home/jozef/ros2_ws/install/mrpt_nav_interfaces/include/mrpt_nav_interfaces/mrpt_nav_interfaces/action/detail/navigate_goal__rosidl_typesupport_fastrtps_c.h
[35.968s] -- Symlinking: /home/jozef/ros2_ws/install/mrpt_nav_interfaces/include/mrpt_nav_interfaces/mrpt_nav_interfaces/action/detail/navigate_waypoints__rosidl_typesupport_fastrtps_c.h
[35.987s] -- Symlinking: /home/jozef/ros2_ws/install/mrpt_nav_interfaces/include/mrpt_nav_interfaces/mrpt_nav_interfaces/msg/detail/georeferencing_metadata__rosidl_typesupport_fastrtps_c.h
[36.013s] -- Symlinking: /home/jozef/ros2_ws/install/mrpt_nav_interfaces/include/mrpt_nav_interfaces/mrpt_nav_interfaces/msg/detail/navigation_feedback__rosidl_typesupport_fastrtps_c.h
[36.031s] -- Symlinking: /home/jozef/ros2_ws/install/mrpt_nav_interfaces/include/mrpt_nav_interfaces/mrpt_nav_interfaces/msg/detail/navigation_final_status__rosidl_typesupport_fastrtps_c.h
[36.051s] -- Symlinking: /home/jozef/ros2_ws/install/mrpt_nav_interfaces/include/mrpt_nav_interfaces/mrpt_nav_interfaces/msg/rosidl_typesupport_fastrtps_c__visibility_control.h
[36.066s] -- Symlinking: /home/jozef/ros2_ws/install/mrpt_nav_interfaces/include/mrpt_nav_interfaces/mrpt_nav_interfaces/srv/detail/get_gridmap_layer__rosidl_typesupport_fastrtps_c.h
[36.081s] -- Symlinking: /home/jozef/ros2_ws/install/mrpt_nav_interfaces/include/mrpt_nav_interfaces/mrpt_nav_interfaces/srv/detail/get_layers__rosidl_typesupport_fastrtps_c.h
[36.105s] -- Symlinking: /home/jozef/ros2_ws/install/mrpt_nav_interfaces/include/mrpt_nav_interfaces/mrpt_nav_interfaces/srv/detail/get_pointmap_layer__rosidl_typesupport_fastrtps_c.h
[36.133s] -- Symlinking: /home/jozef/ros2_ws/install/mrpt_nav_interfaces/include/mrpt_nav_interfaces/mrpt_nav_interfaces/srv/detail/make_plan_from_to__rosidl_typesupport_fastrtps_c.h
[36.153s] -- Symlinking: /home/jozef/ros2_ws/install/mrpt_nav_interfaces/include/mrpt_nav_interfaces/mrpt_nav_interfaces/srv/detail/make_plan_to__rosidl_typesupport_fastrtps_c.h
[36.166s] -- Symlinking: /home/jozef/ros2_ws/install/mrpt_nav_interfaces/include/mrpt_nav_interfaces/mrpt_nav_interfaces/action/detail/navigate_goal__rosidl_typesupport_introspection_c.h
[36.191s] -- Symlinking: /home/jozef/ros2_ws/install/mrpt_nav_interfaces/include/mrpt_nav_interfaces/mrpt_nav_interfaces/action/detail/navigate_waypoints__rosidl_typesupport_introspection_c.h
[36.207s] -- Symlinking: /home/jozef/ros2_ws/install/mrpt_nav_interfaces/include/mrpt_nav_interfaces/mrpt_nav_interfaces/msg/detail/georeferencing_metadata__rosidl_typesupport_introspection_c.h
[36.223s] -- Symlinking: /home/jozef/ros2_ws/install/mrpt_nav_interfaces/include/mrpt_nav_interfaces/mrpt_nav_interfaces/msg/detail/navigation_feedback__rosidl_typesupport_introspection_c.h
[36.239s] -- Symlinking: /home/jozef/ros2_ws/install/mrpt_nav_interfaces/include/mrpt_nav_interfaces/mrpt_nav_interfaces/msg/detail/navigation_final_status__rosidl_typesupport_introspection_c.h
[36.256s] -- Symlinking: /home/jozef/ros2_ws/install/mrpt_nav_interfaces/include/mrpt_nav_interfaces/mrpt_nav_interfaces/msg/rosidl_typesupport_introspection_c__visibility_control.h
[36.273s] -- Symlinking: /home/jozef/ros2_ws/install/mrpt_nav_interfaces/include/mrpt_nav_interfaces/mrpt_nav_interfaces/srv/detail/get_gridmap_layer__rosidl_typesupport_introspection_c.h
[36.290s] -- Symlinking: /home/jozef/ros2_ws/install/mrpt_nav_interfaces/include/mrpt_nav_interfaces/mrpt_nav_interfaces/srv/detail/get_layers__rosidl_typesupport_introspection_c.h
[36.306s] -- Symlinking: /home/jozef/ros2_ws/install/mrpt_nav_interfaces/include/mrpt_nav_interfaces/mrpt_nav_interfaces/srv/detail/get_pointmap_layer__rosidl_typesupport_introspection_c.h
[36.321s] -- Symlinking: /home/jozef/ros2_ws/install/mrpt_nav_interfaces/include/mrpt_nav_interfaces/mrpt_nav_interfaces/srv/detail/make_plan_from_to__rosidl_typesupport_introspection_c.h
[36.334s] -- Symlinking: /home/jozef/ros2_ws/install/mrpt_nav_interfaces/include/mrpt_nav_interfaces/mrpt_nav_interfaces/srv/detail/make_plan_to__rosidl_typesupport_introspection_c.h
[36.357s] -- Symlinking: /home/jozef/ros2_ws/install/mrpt_nav_interfaces/include/mrpt_nav_interfaces/mrpt_nav_interfaces/action/detail/navigate_goal__builder.hpp
[36.370s] -- Symlinking: /home/jozef/ros2_ws/install/mrpt_nav_interfaces/include/mrpt_nav_interfaces/mrpt_nav_interfaces/action/detail/navigate_goal__struct.hpp
[36.394s] -- Symlinking: /home/jozef/ros2_ws/install/mrpt_nav_interfaces/include/mrpt_nav_interfaces/mrpt_nav_interfaces/action/detail/navigate_goal__traits.hpp
[36.409s] -- Symlinking: /home/jozef/ros2_ws/install/mrpt_nav_interfaces/include/mrpt_nav_interfaces/mrpt_nav_interfaces/action/detail/navigate_goal__type_support.hpp
[36.424s] -- Symlinking: /home/jozef/ros2_ws/install/mrpt_nav_interfaces/include/mrpt_nav_interfaces/mrpt_nav_interfaces/action/detail/navigate_waypoints__builder.hpp
[36.438s] -- Symlinking: /home/jozef/ros2_ws/install/mrpt_nav_interfaces/include/mrpt_nav_interfaces/mrpt_nav_interfaces/action/detail/navigate_waypoints__struct.hpp
[36.451s] -- Symlinking: /home/jozef/ros2_ws/install/mrpt_nav_interfaces/include/mrpt_nav_interfaces/mrpt_nav_interfaces/action/detail/navigate_waypoints__traits.hpp
[36.464s] -- Symlinking: /home/jozef/ros2_ws/install/mrpt_nav_interfaces/include/mrpt_nav_interfaces/mrpt_nav_interfaces/action/detail/navigate_waypoints__type_support.hpp
[36.477s] -- Symlinking: /home/jozef/ros2_ws/install/mrpt_nav_interfaces/include/mrpt_nav_interfaces/mrpt_nav_interfaces/action/navigate_goal.hpp
[36.492s] -- Symlinking: /home/jozef/ros2_ws/install/mrpt_nav_interfaces/include/mrpt_nav_interfaces/mrpt_nav_interfaces/action/navigate_waypoints.hpp
[36.513s] -- Symlinking: /home/jozef/ros2_ws/install/mrpt_nav_interfaces/include/mrpt_nav_interfaces/mrpt_nav_interfaces/msg/detail/georeferencing_metadata__builder.hpp
[36.527s] -- Symlinking: /home/jozef/ros2_ws/install/mrpt_nav_interfaces/include/mrpt_nav_interfaces/mrpt_nav_interfaces/msg/detail/georeferencing_metadata__struct.hpp
[36.541s] -- Symlinking: /home/jozef/ros2_ws/install/mrpt_nav_interfaces/include/mrpt_nav_interfaces/mrpt_nav_interfaces/msg/detail/georeferencing_metadata__traits.hpp
[36.564s] -- Symlinking: /home/jozef/ros2_ws/install/mrpt_nav_interfaces/include/mrpt_nav_interfaces/mrpt_nav_interfaces/msg/detail/georeferencing_metadata__type_support.hpp
[36.580s] -- Symlinking: /home/jozef/ros2_ws/install/mrpt_nav_interfaces/include/mrpt_nav_interfaces/mrpt_nav_interfaces/msg/detail/navigation_feedback__builder.hpp
[36.601s] -- Symlinking: /home/jozef/ros2_ws/install/mrpt_nav_interfaces/include/mrpt_nav_interfaces/mrpt_nav_interfaces/msg/detail/navigation_feedback__struct.hpp
[36.617s] -- Symlinking: /home/jozef/ros2_ws/install/mrpt_nav_interfaces/include/mrpt_nav_interfaces/mrpt_nav_interfaces/msg/detail/navigation_feedback__traits.hpp
[36.637s] -- Symlinking: /home/jozef/ros2_ws/install/mrpt_nav_interfaces/include/mrpt_nav_interfaces/mrpt_nav_interfaces/msg/detail/navigation_feedback__type_support.hpp
[36.654s] -- Symlinking: /home/jozef/ros2_ws/install/mrpt_nav_interfaces/include/mrpt_nav_interfaces/mrpt_nav_interfaces/msg/detail/navigation_final_status__builder.hpp
[36.670s] -- Symlinking: /home/jozef/ros2_ws/install/mrpt_nav_interfaces/include/mrpt_nav_interfaces/mrpt_nav_interfaces/msg/detail/navigation_final_status__struct.hpp
[36.686s] -- Symlinking: /home/jozef/ros2_ws/install/mrpt_nav_interfaces/include/mrpt_nav_interfaces/mrpt_nav_interfaces/msg/detail/navigation_final_status__traits.hpp
[36.702s] -- Symlinking: /home/jozef/ros2_ws/install/mrpt_nav_interfaces/include/mrpt_nav_interfaces/mrpt_nav_interfaces/msg/detail/navigation_final_status__type_support.hpp
[36.717s] -- Symlinking: /home/jozef/ros2_ws/install/mrpt_nav_interfaces/include/mrpt_nav_interfaces/mrpt_nav_interfaces/msg/georeferencing_metadata.hpp
[36.739s] -- Symlinking: /home/jozef/ros2_ws/install/mrpt_nav_interfaces/include/mrpt_nav_interfaces/mrpt_nav_interfaces/msg/navigation_feedback.hpp
[36.755s] -- Symlinking: /home/jozef/ros2_ws/install/mrpt_nav_interfaces/include/mrpt_nav_interfaces/mrpt_nav_interfaces/msg/navigation_final_status.hpp
[36.769s] -- Symlinking: /home/jozef/ros2_ws/install/mrpt_nav_interfaces/include/mrpt_nav_interfaces/mrpt_nav_interfaces/msg/rosidl_generator_cpp__visibility_control.hpp
[36.795s] -- Symlinking: /home/jozef/ros2_ws/install/mrpt_nav_interfaces/include/mrpt_nav_interfaces/mrpt_nav_interfaces/srv/detail/get_gridmap_layer__builder.hpp
[36.811s] -- Symlinking: /home/jozef/ros2_ws/install/mrpt_nav_interfaces/include/mrpt_nav_interfaces/mrpt_nav_interfaces/srv/detail/get_gridmap_layer__struct.hpp
[36.826s] -- Symlinking: /home/jozef/ros2_ws/install/mrpt_nav_interfaces/include/mrpt_nav_interfaces/mrpt_nav_interfaces/srv/detail/get_gridmap_layer__traits.hpp
[36.840s] -- Symlinking: /home/jozef/ros2_ws/install/mrpt_nav_interfaces/include/mrpt_nav_interfaces/mrpt_nav_interfaces/srv/detail/get_gridmap_layer__type_support.hpp
[36.854s] -- Symlinking: /home/jozef/ros2_ws/install/mrpt_nav_interfaces/include/mrpt_nav_interfaces/mrpt_nav_interfaces/srv/detail/get_layers__builder.hpp
[36.868s] -- Symlinking: /home/jozef/ros2_ws/install/mrpt_nav_interfaces/include/mrpt_nav_interfaces/mrpt_nav_interfaces/srv/detail/get_layers__struct.hpp
[36.882s] -- Symlinking: /home/jozef/ros2_ws/install/mrpt_nav_interfaces/include/mrpt_nav_interfaces/mrpt_nav_interfaces/srv/detail/get_layers__traits.hpp
[36.897s] -- Symlinking: /home/jozef/ros2_ws/install/mrpt_nav_interfaces/include/mrpt_nav_interfaces/mrpt_nav_interfaces/srv/detail/get_layers__type_support.hpp
[36.912s] -- Symlinking: /home/jozef/ros2_ws/install/mrpt_nav_interfaces/include/mrpt_nav_interfaces/mrpt_nav_interfaces/srv/detail/get_pointmap_layer__builder.hpp
[36.935s] -- Symlinking: /home/jozef/ros2_ws/install/mrpt_nav_interfaces/include/mrpt_nav_interfaces/mrpt_nav_interfaces/srv/detail/get_pointmap_layer__struct.hpp
[36.951s] -- Symlinking: /home/jozef/ros2_ws/install/mrpt_nav_interfaces/include/mrpt_nav_interfaces/mrpt_nav_interfaces/srv/detail/get_pointmap_layer__traits.hpp
[36.966s] -- Symlinking: /home/jozef/ros2_ws/install/mrpt_nav_interfaces/include/mrpt_nav_interfaces/mrpt_nav_interfaces/srv/detail/get_pointmap_layer__type_support.hpp
[36.980s] -- Symlinking: /home/jozef/ros2_ws/install/mrpt_nav_interfaces/include/mrpt_nav_interfaces/mrpt_nav_interfaces/srv/detail/make_plan_from_to__builder.hpp
[36.999s] -- Symlinking: /home/jozef/ros2_ws/install/mrpt_nav_interfaces/include/mrpt_nav_interfaces/mrpt_nav_interfaces/srv/detail/make_plan_from_to__struct.hpp
[37.025s] -- Symlinking: /home/jozef/ros2_ws/install/mrpt_nav_interfaces/include/mrpt_nav_interfaces/mrpt_nav_interfaces/srv/detail/make_plan_from_to__traits.hpp
[37.048s] -- Symlinking: /home/jozef/ros2_ws/install/mrpt_nav_interfaces/include/mrpt_nav_interfaces/mrpt_nav_interfaces/srv/detail/make_plan_from_to__type_support.hpp
[37.064s] -- Symlinking: /home/jozef/ros2_ws/install/mrpt_nav_interfaces/include/mrpt_nav_interfaces/mrpt_nav_interfaces/srv/detail/make_plan_to__builder.hpp
[37.080s] -- Symlinking: /home/jozef/ros2_ws/install/mrpt_nav_interfaces/include/mrpt_nav_interfaces/mrpt_nav_interfaces/srv/detail/make_plan_to__struct.hpp
[37.099s] -- Symlinking: /home/jozef/ros2_ws/install/mrpt_nav_interfaces/include/mrpt_nav_interfaces/mrpt_nav_interfaces/srv/detail/make_plan_to__traits.hpp
[37.122s] -- Symlinking: /home/jozef/ros2_ws/install/mrpt_nav_interfaces/include/mrpt_nav_interfaces/mrpt_nav_interfaces/srv/detail/make_plan_to__type_support.hpp
[37.138s] -- Symlinking: /home/jozef/ros2_ws/install/mrpt_nav_interfaces/include/mrpt_nav_interfaces/mrpt_nav_interfaces/srv/get_gridmap_layer.hpp
[37.154s] -- Symlinking: /home/jozef/ros2_ws/install/mrpt_nav_interfaces/include/mrpt_nav_interfaces/mrpt_nav_interfaces/srv/get_layers.hpp
[37.169s] -- Symlinking: /home/jozef/ros2_ws/install/mrpt_nav_interfaces/include/mrpt_nav_interfaces/mrpt_nav_interfaces/srv/get_pointmap_layer.hpp
[37.184s] -- Symlinking: /home/jozef/ros2_ws/install/mrpt_nav_interfaces/include/mrpt_nav_interfaces/mrpt_nav_interfaces/srv/make_plan_from_to.hpp
[37.201s] -- Symlinking: /home/jozef/ros2_ws/install/mrpt_nav_interfaces/include/mrpt_nav_interfaces/mrpt_nav_interfaces/srv/make_plan_to.hpp
[37.224s] -- Symlinking: /home/jozef/ros2_ws/install/mrpt_nav_interfaces/include/mrpt_nav_interfaces/mrpt_nav_interfaces/action/detail/navigate_goal__rosidl_typesupport_fastrtps_cpp.hpp
[37.240s] -- Symlinking: /home/jozef/ros2_ws/install/mrpt_nav_interfaces/include/mrpt_nav_interfaces/mrpt_nav_interfaces/action/detail/navigate_waypoints__rosidl_typesupport_fastrtps_cpp.hpp
[37.253s] -- Symlinking: /home/jozef/ros2_ws/install/mrpt_nav_interfaces/include/mrpt_nav_interfaces/mrpt_nav_interfaces/msg/detail/georeferencing_metadata__rosidl_typesupport_fastrtps_cpp.hpp
[37.268s] -- Symlinking: /home/jozef/ros2_ws/install/mrpt_nav_interfaces/include/mrpt_nav_interfaces/mrpt_nav_interfaces/msg/detail/navigation_feedback__rosidl_typesupport_fastrtps_cpp.hpp
[37.282s] -- Symlinking: /home/jozef/ros2_ws/install/mrpt_nav_interfaces/include/mrpt_nav_interfaces/mrpt_nav_interfaces/msg/detail/navigation_final_status__rosidl_typesupport_fastrtps_cpp.hpp
[37.299s] -- Symlinking: /home/jozef/ros2_ws/install/mrpt_nav_interfaces/include/mrpt_nav_interfaces/mrpt_nav_interfaces/msg/rosidl_typesupport_fastrtps_cpp__visibility_control.h
[37.316s] -- Symlinking: /home/jozef/ros2_ws/install/mrpt_nav_interfaces/include/mrpt_nav_interfaces/mrpt_nav_interfaces/srv/detail/get_gridmap_layer__rosidl_typesupport_fastrtps_cpp.hpp
[37.338s] -- Symlinking: /home/jozef/ros2_ws/install/mrpt_nav_interfaces/include/mrpt_nav_interfaces/mrpt_nav_interfaces/srv/detail/get_layers__rosidl_typesupport_fastrtps_cpp.hpp
[37.352s] -- Symlinking: /home/jozef/ros2_ws/install/mrpt_nav_interfaces/include/mrpt_nav_interfaces/mrpt_nav_interfaces/srv/detail/get_pointmap_layer__rosidl_typesupport_fastrtps_cpp.hpp
[37.366s] -- Symlinking: /home/jozef/ros2_ws/install/mrpt_nav_interfaces/include/mrpt_nav_interfaces/mrpt_nav_interfaces/srv/detail/make_plan_from_to__rosidl_typesupport_fastrtps_cpp.hpp
[37.382s] -- Symlinking: /home/jozef/ros2_ws/install/mrpt_nav_interfaces/include/mrpt_nav_interfaces/mrpt_nav_interfaces/srv/detail/make_plan_to__rosidl_typesupport_fastrtps_cpp.hpp
[37.400s] -- Symlinking: /home/jozef/ros2_ws/install/mrpt_nav_interfaces/include/mrpt_nav_interfaces/mrpt_nav_interfaces/action/detail/navigate_goal__rosidl_typesupport_introspection_cpp.hpp
[37.416s] -- Symlinking: /home/jozef/ros2_ws/install/mrpt_nav_interfaces/include/mrpt_nav_interfaces/mrpt_nav_interfaces/action/detail/navigate_waypoints__rosidl_typesupport_introspection_cpp.hpp
[37.432s] -- Symlinking: /home/jozef/ros2_ws/install/mrpt_nav_interfaces/include/mrpt_nav_interfaces/mrpt_nav_interfaces/msg/detail/georeferencing_metadata__rosidl_typesupport_introspection_cpp.hpp
[37.450s] -- Symlinking: /home/jozef/ros2_ws/install/mrpt_nav_interfaces/include/mrpt_nav_interfaces/mrpt_nav_interfaces/msg/detail/navigation_feedback__rosidl_typesupport_introspection_cpp.hpp
[37.469s] -- Symlinking: /home/jozef/ros2_ws/install/mrpt_nav_interfaces/include/mrpt_nav_interfaces/mrpt_nav_interfaces/msg/detail/navigation_final_status__rosidl_typesupport_introspection_cpp.hpp
[37.484s] -- Symlinking: /home/jozef/ros2_ws/install/mrpt_nav_interfaces/include/mrpt_nav_interfaces/mrpt_nav_interfaces/srv/detail/get_gridmap_layer__rosidl_typesupport_introspection_cpp.hpp
[37.509s] -- Symlinking: /home/jozef/ros2_ws/install/mrpt_nav_interfaces/include/mrpt_nav_interfaces/mrpt_nav_interfaces/srv/detail/get_layers__rosidl_typesupport_introspection_cpp.hpp
[37.532s] -- Symlinking: /home/jozef/ros2_ws/install/mrpt_nav_interfaces/include/mrpt_nav_interfaces/mrpt_nav_interfaces/srv/detail/get_pointmap_layer__rosidl_typesupport_introspection_cpp.hpp
[37.546s] -- Symlinking: /home/jozef/ros2_ws/install/mrpt_nav_interfaces/include/mrpt_nav_interfaces/mrpt_nav_interfaces/srv/detail/make_plan_from_to__rosidl_typesupport_introspection_cpp.hpp
[37.560s] -- Symlinking: /home/jozef/ros2_ws/install/mrpt_nav_interfaces/include/mrpt_nav_interfaces/mrpt_nav_interfaces/srv/detail/make_plan_to__rosidl_typesupport_introspection_cpp.hpp
[37.574s] -- Symlinking: /home/jozef/ros2_ws/install/mrpt_nav_interfaces/share/mrpt_nav_interfaces/environment/pythonpath.sh
[37.590s] -- Symlinking: /home/jozef/ros2_ws/install/mrpt_nav_interfaces/share/mrpt_nav_interfaces/environment/pythonpath.dsv
[37.605s] -- Symlinking: /home/jozef/ros2_ws/install/mrpt_nav_interfaces/local/lib/python3.10/dist-packages/mrpt_nav_interfaces-2.2.1-py3.10.egg-info/PKG-INFO
[37.619s] -- Symlinking: /home/jozef/ros2_ws/install/mrpt_nav_interfaces/local/lib/python3.10/dist-packages/mrpt_nav_interfaces-2.2.1-py3.10.egg-info/SOURCES.txt
[37.632s] -- Symlinking: /home/jozef/ros2_ws/install/mrpt_nav_interfaces/local/lib/python3.10/dist-packages/mrpt_nav_interfaces-2.2.1-py3.10.egg-info/dependency_links.txt
[37.646s] -- Symlinking: /home/jozef/ros2_ws/install/mrpt_nav_interfaces/local/lib/python3.10/dist-packages/mrpt_nav_interfaces-2.2.1-py3.10.egg-info/top_level.txt
[37.661s] -- Symlinking: /home/jozef/ros2_ws/install/mrpt_nav_interfaces/local/lib/python3.10/dist-packages/mrpt_nav_interfaces/__init__.py
[37.675s] -- Symlinking: /home/jozef/ros2_ws/install/mrpt_nav_interfaces/local/lib/python3.10/dist-packages/mrpt_nav_interfaces/_mrpt_nav_interfaces_s.ep.rosidl_typesupport_c.c
[37.688s] -- Symlinking: /home/jozef/ros2_ws/install/mrpt_nav_interfaces/local/lib/python3.10/dist-packages/mrpt_nav_interfaces/_mrpt_nav_interfaces_s.ep.rosidl_typesupport_fastrtps_c.c
[37.708s] -- Symlinking: /home/jozef/ros2_ws/install/mrpt_nav_interfaces/local/lib/python3.10/dist-packages/mrpt_nav_interfaces/_mrpt_nav_interfaces_s.ep.rosidl_typesupport_introspection_c.c
[37.724s] -- Symlinking: /home/jozef/ros2_ws/install/mrpt_nav_interfaces/local/lib/python3.10/dist-packages/mrpt_nav_interfaces/action/__init__.py
[37.740s] -- Symlinking: /home/jozef/ros2_ws/install/mrpt_nav_interfaces/local/lib/python3.10/dist-packages/mrpt_nav_interfaces/action/_navigate_goal.py
[37.756s] -- Symlinking: /home/jozef/ros2_ws/install/mrpt_nav_interfaces/local/lib/python3.10/dist-packages/mrpt_nav_interfaces/action/_navigate_goal_s.c
[37.770s] -- Symlinking: /home/jozef/ros2_ws/install/mrpt_nav_interfaces/local/lib/python3.10/dist-packages/mrpt_nav_interfaces/action/_navigate_waypoints.py
[37.785s] -- Symlinking: /home/jozef/ros2_ws/install/mrpt_nav_interfaces/local/lib/python3.10/dist-packages/mrpt_nav_interfaces/action/_navigate_waypoints_s.c
[37.801s] -- Symlinking: /home/jozef/ros2_ws/install/mrpt_nav_interfaces/local/lib/python3.10/dist-packages/mrpt_nav_interfaces/libmrpt_nav_interfaces__rosidl_generator_py.so
[37.815s] -- Symlinking: /home/jozef/ros2_ws/install/mrpt_nav_interfaces/local/lib/python3.10/dist-packages/mrpt_nav_interfaces/mrpt_nav_interfaces_s__rosidl_typesupport_c.cpython-310-x86_64-linux-gnu.so
[37.829s] -- Symlinking: /home/jozef/ros2_ws/install/mrpt_nav_interfaces/local/lib/python3.10/dist-packages/mrpt_nav_interfaces/mrpt_nav_interfaces_s__rosidl_typesupport_fastrtps_c.cpython-310-x86_64-linux-gnu.so
[37.843s] -- Symlinking: /home/jozef/ros2_ws/install/mrpt_nav_interfaces/local/lib/python3.10/dist-packages/mrpt_nav_interfaces/mrpt_nav_interfaces_s__rosidl_typesupport_introspection_c.cpython-310-x86_64-linux-gnu.so
[37.857s] -- Symlinking: /home/jozef/ros2_ws/install/mrpt_nav_interfaces/local/lib/python3.10/dist-packages/mrpt_nav_interfaces/msg/__init__.py
[37.871s] -- Symlinking: /home/jozef/ros2_ws/install/mrpt_nav_interfaces/local/lib/python3.10/dist-packages/mrpt_nav_interfaces/msg/_georeferencing_metadata.py
[37.885s] -- Symlinking: /home/jozef/ros2_ws/install/mrpt_nav_interfaces/local/lib/python3.10/dist-packages/mrpt_nav_interfaces/msg/_georeferencing_metadata_s.c
[37.900s] -- Symlinking: /home/jozef/ros2_ws/install/mrpt_nav_interfaces/local/lib/python3.10/dist-packages/mrpt_nav_interfaces/msg/_navigation_feedback.py
[37.915s] -- Symlinking: /home/jozef/ros2_ws/install/mrpt_nav_interfaces/local/lib/python3.10/dist-packages/mrpt_nav_interfaces/msg/_navigation_feedback_s.c
[37.930s] -- Symlinking: /home/jozef/ros2_ws/install/mrpt_nav_interfaces/local/lib/python3.10/dist-packages/mrpt_nav_interfaces/msg/_navigation_final_status.py
[37.943s] -- Symlinking: /home/jozef/ros2_ws/install/mrpt_nav_interfaces/local/lib/python3.10/dist-packages/mrpt_nav_interfaces/msg/_navigation_final_status_s.c
[37.957s] -- Symlinking: /home/jozef/ros2_ws/install/mrpt_nav_interfaces/local/lib/python3.10/dist-packages/mrpt_nav_interfaces/srv/__init__.py
[37.971s] -- Symlinking: /home/jozef/ros2_ws/install/mrpt_nav_interfaces/local/lib/python3.10/dist-packages/mrpt_nav_interfaces/srv/_get_gridmap_layer.py
[37.985s] -- Symlinking: /home/jozef/ros2_ws/install/mrpt_nav_interfaces/local/lib/python3.10/dist-packages/mrpt_nav_interfaces/srv/_get_gridmap_layer_s.c
[38.001s] -- Symlinking: /home/jozef/ros2_ws/install/mrpt_nav_interfaces/local/lib/python3.10/dist-packages/mrpt_nav_interfaces/srv/_get_layers.py
[38.016s] -- Symlinking: /home/jozef/ros2_ws/install/mrpt_nav_interfaces/local/lib/python3.10/dist-packages/mrpt_nav_interfaces/srv/_get_layers_s.c
[38.029s] -- Symlinking: /home/jozef/ros2_ws/install/mrpt_nav_interfaces/local/lib/python3.10/dist-packages/mrpt_nav_interfaces/srv/_get_pointmap_layer.py
[38.044s] -- Symlinking: /home/jozef/ros2_ws/install/mrpt_nav_interfaces/local/lib/python3.10/dist-packages/mrpt_nav_interfaces/srv/_get_pointmap_layer_s.c
[38.058s] -- Symlinking: /home/jozef/ros2_ws/install/mrpt_nav_interfaces/local/lib/python3.10/dist-packages/mrpt_nav_interfaces/srv/_make_plan_from_to.py
[38.071s] -- Symlinking: /home/jozef/ros2_ws/install/mrpt_nav_interfaces/local/lib/python3.10/dist-packages/mrpt_nav_interfaces/srv/_make_plan_from_to_s.c
[38.085s] -- Symlinking: /home/jozef/ros2_ws/install/mrpt_nav_interfaces/local/lib/python3.10/dist-packages/mrpt_nav_interfaces/srv/_make_plan_to.py
[38.101s] -- Symlinking: /home/jozef/ros2_ws/install/mrpt_nav_interfaces/local/lib/python3.10/dist-packages/mrpt_nav_interfaces/srv/_make_plan_to_s.c
[38.117s] -- Up-to-date symlink: /home/jozef/ros2_ws/install/mrpt_nav_interfaces/local/lib/python3.10/dist-packages/mrpt_nav_interfaces/mrpt_nav_interfaces_s__rosidl_typesupport_fastrtps_c.cpython-310-x86_64-linux-gnu.so
[38.117s] -- Up-to-date symlink: /home/jozef/ros2_ws/install/mrpt_nav_interfaces/local/lib/python3.10/dist-packages/mrpt_nav_interfaces/mrpt_nav_interfaces_s__rosidl_typesupport_introspection_c.cpython-310-x86_64-linux-gnu.so
[38.117s] -- Up-to-date symlink: /home/jozef/ros2_ws/install/mrpt_nav_interfaces/local/lib/python3.10/dist-packages/mrpt_nav_interfaces/mrpt_nav_interfaces_s__rosidl_typesupport_c.cpython-310-x86_64-linux-gnu.so
[38.118s] -- Symlinking: /home/jozef/ros2_ws/install/mrpt_nav_interfaces/share/mrpt_nav_interfaces/action/NavigateGoal.idl
[38.132s] -- Symlinking: /home/jozef/ros2_ws/install/mrpt_nav_interfaces/share/mrpt_nav_interfaces/action/NavigateWaypoints.idl
[38.148s] -- Symlinking: /home/jozef/ros2_ws/install/mrpt_nav_interfaces/share/mrpt_nav_interfaces/msg/GeoreferencingMetadata.idl
[38.170s] -- Symlinking: /home/jozef/ros2_ws/install/mrpt_nav_interfaces/share/mrpt_nav_interfaces/msg/NavigationFeedback.idl
[38.184s] -- Symlinking: /home/jozef/ros2_ws/install/mrpt_nav_interfaces/share/mrpt_nav_interfaces/msg/NavigationFinalStatus.idl
[38.202s] -- Symlinking: /home/jozef/ros2_ws/install/mrpt_nav_interfaces/share/mrpt_nav_interfaces/srv/GetLayers.idl
[38.217s] -- Symlinking: /home/jozef/ros2_ws/install/mrpt_nav_interfaces/share/mrpt_nav_interfaces/srv/GetGridmapLayer.idl
[38.231s] -- Symlinking: /home/jozef/ros2_ws/install/mrpt_nav_interfaces/share/mrpt_nav_interfaces/srv/GetPointmapLayer.idl
[38.245s] -- Symlinking: /home/jozef/ros2_ws/install/mrpt_nav_interfaces/share/mrpt_nav_interfaces/srv/MakePlanFromTo.idl
[38.258s] -- Symlinking: /home/jozef/ros2_ws/install/mrpt_nav_interfaces/share/mrpt_nav_interfaces/srv/MakePlanTo.idl
[38.272s] -- Symlinking: /home/jozef/ros2_ws/install/mrpt_nav_interfaces/share/mrpt_nav_interfaces/action/NavigateGoal.action
[38.287s] -- Symlinking: /home/jozef/ros2_ws/install/mrpt_nav_interfaces/share/mrpt_nav_interfaces/action/NavigateWaypoints.action
[38.305s] -- Symlinking: /home/jozef/ros2_ws/install/mrpt_nav_interfaces/share/mrpt_nav_interfaces/msg/GeoreferencingMetadata.msg
[38.326s] -- Symlinking: /home/jozef/ros2_ws/install/mrpt_nav_interfaces/share/mrpt_nav_interfaces/msg/NavigationFeedback.msg
[38.341s] -- Symlinking: /home/jozef/ros2_ws/install/mrpt_nav_interfaces/share/mrpt_nav_interfaces/msg/NavigationFinalStatus.msg
[38.355s] -- Symlinking: /home/jozef/ros2_ws/install/mrpt_nav_interfaces/share/mrpt_nav_interfaces/srv/GetLayers.srv
[38.369s] -- Symlinking: /home/jozef/ros2_ws/install/mrpt_nav_interfaces/share/mrpt_nav_interfaces/srv/GetLayers_Request.msg
[38.383s] -- Symlinking: /home/jozef/ros2_ws/install/mrpt_nav_interfaces/share/mrpt_nav_interfaces/srv/GetLayers_Response.msg
[38.401s] -- Symlinking: /home/jozef/ros2_ws/install/mrpt_nav_interfaces/share/mrpt_nav_interfaces/srv/GetGridmapLayer.srv
[38.416s] -- Symlinking: /home/jozef/ros2_ws/install/mrpt_nav_interfaces/share/mrpt_nav_interfaces/srv/GetGridmapLayer_Request.msg
[38.432s] -- Symlinking: /home/jozef/ros2_ws/install/mrpt_nav_interfaces/share/mrpt_nav_interfaces/srv/GetGridmapLayer_Response.msg
[38.446s] -- Symlinking: /home/jozef/ros2_ws/install/mrpt_nav_interfaces/share/mrpt_nav_interfaces/srv/GetPointmapLayer.srv
[38.460s] -- Symlinking: /home/jozef/ros2_ws/install/mrpt_nav_interfaces/share/mrpt_nav_interfaces/srv/GetPointmapLayer_Request.msg
[38.473s] -- Symlinking: /home/jozef/ros2_ws/install/mrpt_nav_interfaces/share/mrpt_nav_interfaces/srv/GetPointmapLayer_Response.msg
[38.489s] -- Symlinking: /home/jozef/ros2_ws/install/mrpt_nav_interfaces/share/mrpt_nav_interfaces/srv/MakePlanFromTo.srv
[38.505s] -- Symlinking: /home/jozef/ros2_ws/install/mrpt_nav_interfaces/share/mrpt_nav_interfaces/srv/MakePlanFromTo_Request.msg
[38.520s] -- Symlinking: /home/jozef/ros2_ws/install/mrpt_nav_interfaces/share/mrpt_nav_interfaces/srv/MakePlanFromTo_Response.msg
[38.534s] -- Symlinking: /home/jozef/ros2_ws/install/mrpt_nav_interfaces/share/mrpt_nav_interfaces/srv/MakePlanTo.srv
[38.549s] -- Symlinking: /home/jozef/ros2_ws/install/mrpt_nav_interfaces/share/mrpt_nav_interfaces/srv/MakePlanTo_Request.msg
[38.563s] -- Symlinking: /home/jozef/ros2_ws/install/mrpt_nav_interfaces/share/mrpt_nav_interfaces/srv/MakePlanTo_Response.msg
[38.577s] -- Symlinking: /home/jozef/ros2_ws/install/mrpt_nav_interfaces/share/ament_index/resource_index/package_run_dependencies/mrpt_nav_interfaces
[38.594s] -- Symlinking: /home/jozef/ros2_ws/install/mrpt_nav_interfaces/share/ament_index/resource_index/parent_prefix_path/mrpt_nav_interfaces
[38.610s] -- Symlinking: /home/jozef/ros2_ws/install/mrpt_nav_interfaces/share/mrpt_nav_interfaces/environment/ament_prefix_path.sh
[38.625s] -- Symlinking: /home/jozef/ros2_ws/install/mrpt_nav_interfaces/share/mrpt_nav_interfaces/environment/ament_prefix_path.dsv
[38.640s] -- Symlinking: /home/jozef/ros2_ws/install/mrpt_nav_interfaces/share/mrpt_nav_interfaces/environment/path.sh
[38.654s] -- Symlinking: /home/jozef/ros2_ws/install/mrpt_nav_interfaces/share/mrpt_nav_interfaces/environment/path.dsv
[38.670s] -- Symlinking: /home/jozef/ros2_ws/install/mrpt_nav_interfaces/share/mrpt_nav_interfaces/local_setup.bash
[38.695s] -- Symlinking: /home/jozef/ros2_ws/install/mrpt_nav_interfaces/share/mrpt_nav_interfaces/local_setup.sh
[38.711s] -- Symlinking: /home/jozef/ros2_ws/install/mrpt_nav_interfaces/share/mrpt_nav_interfaces/local_setup.zsh
[38.726s] -- Symlinking: /home/jozef/ros2_ws/install/mrpt_nav_interfaces/share/mrpt_nav_interfaces/local_setup.dsv
[38.741s] -- Symlinking: /home/jozef/ros2_ws/install/mrpt_nav_interfaces/share/mrpt_nav_interfaces/package.dsv
[38.756s] -- Symlinking: /home/jozef/ros2_ws/install/mrpt_nav_interfaces/share/ament_index/resource_index/packages/mrpt_nav_interfaces
[38.770s] -- Symlinking: /home/jozef/ros2_ws/install/mrpt_nav_interfaces/share/mrpt_nav_interfaces/cmake/rosidl_cmake-extras.cmake
[38.785s] -- Symlinking: /home/jozef/ros2_ws/install/mrpt_nav_interfaces/share/mrpt_nav_interfaces/cmake/ament_cmake_export_dependencies-extras.cmake
[38.806s] -- Symlinking: /home/jozef/ros2_ws/install/mrpt_nav_interfaces/share/mrpt_nav_interfaces/cmake/ament_cmake_export_include_directories-extras.cmake
[38.824s] -- Symlinking: /home/jozef/ros2_ws/install/mrpt_nav_interfaces/share/mrpt_nav_interfaces/cmake/ament_cmake_export_libraries-extras.cmake
[38.840s] -- Symlinking: /home/jozef/ros2_ws/install/mrpt_nav_interfaces/share/mrpt_nav_interfaces/cmake/ament_cmake_export_targets-extras.cmake
[38.855s] -- Symlinking: /home/jozef/ros2_ws/install/mrpt_nav_interfaces/share/mrpt_nav_interfaces/cmake/rosidl_cmake_export_typesupport_targets-extras.cmake
[38.870s] -- Symlinking: /home/jozef/ros2_ws/install/mrpt_nav_interfaces/share/mrpt_nav_interfaces/cmake/rosidl_cmake_export_typesupport_libraries-extras.cmake
[38.885s] -- Symlinking: /home/jozef/ros2_ws/install/mrpt_nav_interfaces/share/mrpt_nav_interfaces/cmake/mrpt_nav_interfacesConfig.cmake
[38.902s] -- Symlinking: /home/jozef/ros2_ws/install/mrpt_nav_interfaces/share/mrpt_nav_interfaces/cmake/mrpt_nav_interfacesConfig-version.cmake
[38.919s] -- Symlinking: /home/jozef/ros2_ws/install/mrpt_nav_interfaces/share/mrpt_nav_interfaces/package.xml
[38.934s] -- Installing: /home/jozef/ros2_ws/install/mrpt_nav_interfaces/lib/libmrpt_nav_interfaces__rosidl_generator_c.so
[38.936s] -- Set runtime path of "/home/jozef/ros2_ws/install/mrpt_nav_interfaces/lib/libmrpt_nav_interfaces__rosidl_generator_c.so" to ""
[38.936s] -- Installing: /home/jozef/ros2_ws/install/mrpt_nav_interfaces/lib/libmrpt_nav_interfaces__rosidl_typesupport_fastrtps_c.so
[38.937s] -- Set runtime path of "/home/jozef/ros2_ws/install/mrpt_nav_interfaces/lib/libmrpt_nav_interfaces__rosidl_typesupport_fastrtps_c.so" to ""
[38.938s] -- Installing: /home/jozef/ros2_ws/install/mrpt_nav_interfaces/lib/libmrpt_nav_interfaces__rosidl_typesupport_introspection_c.so
[38.938s] -- Set runtime path of "/home/jozef/ros2_ws/install/mrpt_nav_interfaces/lib/libmrpt_nav_interfaces__rosidl_typesupport_introspection_c.so" to ""
[38.938s] -- Installing: /home/jozef/ros2_ws/install/mrpt_nav_interfaces/lib/libmrpt_nav_interfaces__rosidl_typesupport_c.so
[38.939s] -- Set runtime path of "/home/jozef/ros2_ws/install/mrpt_nav_interfaces/lib/libmrpt_nav_interfaces__rosidl_typesupport_c.so" to ""
[38.940s] -- Installing: /home/jozef/ros2_ws/install/mrpt_nav_interfaces/lib/libmrpt_nav_interfaces__rosidl_typesupport_fastrtps_cpp.so
[38.941s] -- Set runtime path of "/home/jozef/ros2_ws/install/mrpt_nav_interfaces/lib/libmrpt_nav_interfaces__rosidl_typesupport_fastrtps_cpp.so" to ""
[38.942s] -- Installing: /home/jozef/ros2_ws/install/mrpt_nav_interfaces/lib/libmrpt_nav_interfaces__rosidl_typesupport_introspection_cpp.so
[38.943s] -- Set runtime path of "/home/jozef/ros2_ws/install/mrpt_nav_interfaces/lib/libmrpt_nav_interfaces__rosidl_typesupport_introspection_cpp.so" to ""
[38.943s] -- Installing: /home/jozef/ros2_ws/install/mrpt_nav_interfaces/lib/libmrpt_nav_interfaces__rosidl_typesupport_cpp.so
[38.944s] -- Set runtime path of "/home/jozef/ros2_ws/install/mrpt_nav_interfaces/lib/libmrpt_nav_interfaces__rosidl_typesupport_cpp.so" to ""
[39.051s] Listing '/home/jozef/ros2_ws/install/mrpt_nav_interfaces/local/lib/python3.10/dist-packages/mrpt_nav_interfaces'...
[39.052s] Compiling '/home/jozef/ros2_ws/install/mrpt_nav_interfaces/local/lib/python3.10/dist-packages/mrpt_nav_interfaces/__init__.py'...
[39.052s] Listing '/home/jozef/ros2_ws/install/mrpt_nav_interfaces/local/lib/python3.10/dist-packages/mrpt_nav_interfaces/action'...
[39.052s] Compiling '/home/jozef/ros2_ws/install/mrpt_nav_interfaces/local/lib/python3.10/dist-packages/mrpt_nav_interfaces/action/__init__.py'...
[39.052s] Compiling '/home/jozef/ros2_ws/install/mrpt_nav_interfaces/local/lib/python3.10/dist-packages/mrpt_nav_interfaces/action/_navigate_goal.py'...
[39.052s] Compiling '/home/jozef/ros2_ws/install/mrpt_nav_interfaces/local/lib/python3.10/dist-packages/mrpt_nav_interfaces/action/_navigate_waypoints.py'...
[39.053s] Listing '/home/jozef/ros2_ws/install/mrpt_nav_interfaces/local/lib/python3.10/dist-packages/mrpt_nav_interfaces/msg'...
[39.053s] Compiling '/home/jozef/ros2_ws/install/mrpt_nav_interfaces/local/lib/python3.10/dist-packages/mrpt_nav_interfaces/msg/__init__.py'...
[39.053s] Compiling '/home/jozef/ros2_ws/install/mrpt_nav_interfaces/local/lib/python3.10/dist-packages/mrpt_nav_interfaces/msg/_georeferencing_metadata.py'...
[39.053s] Compiling '/home/jozef/ros2_ws/install/mrpt_nav_interfaces/local/lib/python3.10/dist-packages/mrpt_nav_interfaces/msg/_navigation_feedback.py'...
[39.053s] Compiling '/home/jozef/ros2_ws/install/mrpt_nav_interfaces/local/lib/python3.10/dist-packages/mrpt_nav_interfaces/msg/_navigation_final_status.py'...
[39.054s] Listing '/home/jozef/ros2_ws/install/mrpt_nav_interfaces/local/lib/python3.10/dist-packages/mrpt_nav_interfaces/srv'...
[39.054s] Compiling '/home/jozef/ros2_ws/install/mrpt_nav_interfaces/local/lib/python3.10/dist-packages/mrpt_nav_interfaces/srv/__init__.py'...
[39.054s] Compiling '/home/jozef/ros2_ws/install/mrpt_nav_interfaces/local/lib/python3.10/dist-packages/mrpt_nav_interfaces/srv/_get_gridmap_layer.py'...
[39.054s] Compiling '/home/jozef/ros2_ws/install/mrpt_nav_interfaces/local/lib/python3.10/dist-packages/mrpt_nav_interfaces/srv/_get_layers.py'...
[39.054s] Compiling '/home/jozef/ros2_ws/install/mrpt_nav_interfaces/local/lib/python3.10/dist-packages/mrpt_nav_interfaces/srv/_get_pointmap_layer.py'...
[39.054s] Compiling '/home/jozef/ros2_ws/install/mrpt_nav_interfaces/local/lib/python3.10/dist-packages/mrpt_nav_interfaces/srv/_make_plan_from_to.py'...
[39.055s] Compiling '/home/jozef/ros2_ws/install/mrpt_nav_interfaces/local/lib/python3.10/dist-packages/mrpt_nav_interfaces/srv/_make_plan_to.py'...
[39.061s] -- Installing: /home/jozef/ros2_ws/install/mrpt_nav_interfaces/lib/libmrpt_nav_interfaces__rosidl_generator_py.so
[39.063s] -- Set runtime path of "/home/jozef/ros2_ws/install/mrpt_nav_interfaces/lib/libmrpt_nav_interfaces__rosidl_generator_py.so" to ""
[39.063s] -- Installing: /home/jozef/ros2_ws/install/mrpt_nav_interfaces/share/mrpt_nav_interfaces/cmake/export_mrpt_nav_interfaces__rosidl_generator_cExport.cmake
[39.063s] -- Installing: /home/jozef/ros2_ws/install/mrpt_nav_interfaces/share/mrpt_nav_interfaces/cmake/export_mrpt_nav_interfaces__rosidl_generator_cExport-noconfig.cmake
[39.064s] -- Installing: /home/jozef/ros2_ws/install/mrpt_nav_interfaces/share/mrpt_nav_interfaces/cmake/export_mrpt_nav_interfaces__rosidl_typesupport_fastrtps_cExport.cmake
[39.064s] -- Installing: /home/jozef/ros2_ws/install/mrpt_nav_interfaces/share/mrpt_nav_interfaces/cmake/export_mrpt_nav_interfaces__rosidl_typesupport_fastrtps_cExport-noconfig.cmake
[39.065s] -- Installing: /home/jozef/ros2_ws/install/mrpt_nav_interfaces/share/mrpt_nav_interfaces/cmake/mrpt_nav_interfaces__rosidl_typesupport_introspection_cExport.cmake
[39.065s] -- Installing: /home/jozef/ros2_ws/install/mrpt_nav_interfaces/share/mrpt_nav_interfaces/cmake/mrpt_nav_interfaces__rosidl_typesupport_introspection_cExport-noconfig.cmake
[39.065s] -- Installing: /home/jozef/ros2_ws/install/mrpt_nav_interfaces/share/mrpt_nav_interfaces/cmake/mrpt_nav_interfaces__rosidl_typesupport_cExport.cmake
[39.066s] -- Installing: /home/jozef/ros2_ws/install/mrpt_nav_interfaces/share/mrpt_nav_interfaces/cmake/mrpt_nav_interfaces__rosidl_typesupport_cExport-noconfig.cmake
[39.066s] -- Installing: /home/jozef/ros2_ws/install/mrpt_nav_interfaces/share/mrpt_nav_interfaces/cmake/export_mrpt_nav_interfaces__rosidl_generator_cppExport.cmake
[39.067s] -- Installing: /home/jozef/ros2_ws/install/mrpt_nav_interfaces/share/mrpt_nav_interfaces/cmake/export_mrpt_nav_interfaces__rosidl_typesupport_fastrtps_cppExport.cmake
[39.067s] -- Installing: /home/jozef/ros2_ws/install/mrpt_nav_interfaces/share/mrpt_nav_interfaces/cmake/export_mrpt_nav_interfaces__rosidl_typesupport_fastrtps_cppExport-noconfig.cmake
[39.067s] -- Installing: /home/jozef/ros2_ws/install/mrpt_nav_interfaces/share/mrpt_nav_interfaces/cmake/mrpt_nav_interfaces__rosidl_typesupport_introspection_cppExport.cmake
[39.068s] -- Installing: /home/jozef/ros2_ws/install/mrpt_nav_interfaces/share/mrpt_nav_interfaces/cmake/mrpt_nav_interfaces__rosidl_typesupport_introspection_cppExport-noconfig.cmake
[39.068s] -- Installing: /home/jozef/ros2_ws/install/mrpt_nav_interfaces/share/mrpt_nav_interfaces/cmake/mrpt_nav_interfaces__rosidl_typesupport_cppExport.cmake
[39.069s] -- Installing: /home/jozef/ros2_ws/install/mrpt_nav_interfaces/share/mrpt_nav_interfaces/cmake/mrpt_nav_interfaces__rosidl_typesupport_cppExport-noconfig.cmake
[39.069s] -- Installing: /home/jozef/ros2_ws/install/mrpt_nav_interfaces/share/mrpt_nav_interfaces/cmake/export_mrpt_nav_interfaces__rosidl_generator_pyExport.cmake
[39.070s] -- Installing: /home/jozef/ros2_ws/install/mrpt_nav_interfaces/share/mrpt_nav_interfaces/cmake/export_mrpt_nav_interfaces__rosidl_generator_pyExport-noconfig.cmake
[39.076s] Invoked command in '/home/jozef/ros2_ws/build/mrpt_nav_interfaces' returned '0': AMENT_PREFIX_PATH=/home/jozef/ros2_ws/install/mrpt_msgs:${AMENT_PREFIX_PATH} CMAKE_PREFIX_PATH=/home/jozef/ros2_ws/install/mrpt_msgs:/opt/ros/humble LD_LIBRARY_PATH=/home/jozef/ros2_ws/install/mrpt_msgs/lib:${LD_LIBRARY_PATH} PYTHONPATH=/home/jozef/ros2_ws/install/mrpt_msgs/local/lib/python3.10/dist-packages:${PYTHONPATH} /usr/bin/cmake --install /home/jozef/ros2_ws/build/mrpt_nav_interfaces
