[0.254s] Invoking command in '/home/jozef/ros2_ws/build/mrpt_rawlog': AMENT_PREFIX_PATH=/home/jozef/ros2_ws/install/mrpt_msgs:${AMENT_PREFIX_PATH} CMAKE_PREFIX_PATH=/home/jozef/ros2_ws/install/mrpt_msgs:/opt/ros/humble LD_LIBRARY_PATH=/home/jozef/ros2_ws/install/mrpt_msgs/lib:${LD_LIBRARY_PATH} PYTHONPATH=/home/jozef/ros2_ws/install/mrpt_msgs/local/lib/python3.10/dist-packages:${PYTHONPATH} /usr/bin/cmake --build /home/jozef/ros2_ws/build/mrpt_rawlog -- -j8 -l8
[0.513s] [100%] Built target rosbag2rawlog
[0.692s] Invoked command in '/home/jozef/ros2_ws/build/mrpt_rawlog' returned '0': AMENT_PREFIX_PATH=/home/jozef/ros2_ws/install/mrpt_msgs:${AMENT_PREFIX_PATH} CMAKE_PREFIX_PATH=/home/jozef/ros2_ws/install/mrpt_msgs:/opt/ros/humble LD_LIBRARY_PATH=/home/jozef/ros2_ws/install/mrpt_msgs/lib:${LD_LIBRARY_PATH} PYTHONPATH=/home/jozef/ros2_ws/install/mrpt_msgs/local/lib/python3.10/dist-packages:${PYTHONPATH} /usr/bin/cmake --build /home/jozef/ros2_ws/build/mrpt_rawlog -- -j8 -l8
[0.693s] Invoking command in '/home/jozef/ros2_ws/build/mrpt_rawlog': AMENT_PREFIX_PATH=/home/jozef/ros2_ws/install/mrpt_msgs:${AMENT_PREFIX_PATH} CMAKE_PREFIX_PATH=/home/jozef/ros2_ws/install/mrpt_msgs:/opt/ros/humble LD_LIBRARY_PATH=/home/jozef/ros2_ws/install/mrpt_msgs/lib:${LD_LIBRARY_PATH} PYTHONPATH=/home/jozef/ros2_ws/install/mrpt_msgs/local/lib/python3.10/dist-packages:${PYTHONPATH} /usr/bin/cmake --install /home/jozef/ros2_ws/build/mrpt_rawlog
[0.711s] -- Install configuration: ""
[0.712s] -- Execute custom install script
[0.712s] -- Up-to-date symlink: /home/jozef/ros2_ws/install/mrpt_rawlog/bin/rosbag2rawlog
[0.712s] -- Up-to-date symlink: /home/jozef/ros2_ws/install/mrpt_rawlog/share/ament_index/resource_index/package_run_dependencies/mrpt_rawlog
[0.713s] -- Up-to-date symlink: /home/jozef/ros2_ws/install/mrpt_rawlog/share/ament_index/resource_index/parent_prefix_path/mrpt_rawlog
[0.713s] -- Up-to-date symlink: /home/jozef/ros2_ws/install/mrpt_rawlog/share/mrpt_rawlog/environment/ament_prefix_path.sh
[0.713s] -- Up-to-date symlink: /home/jozef/ros2_ws/install/mrpt_rawlog/share/mrpt_rawlog/environment/ament_prefix_path.dsv
[0.713s] -- Up-to-date symlink: /home/jozef/ros2_ws/install/mrpt_rawlog/share/mrpt_rawlog/environment/path.sh
[0.713s] -- Up-to-date symlink: /home/jozef/ros2_ws/install/mrpt_rawlog/share/mrpt_rawlog/environment/path.dsv
[0.713s] -- Up-to-date symlink: /home/jozef/ros2_ws/install/mrpt_rawlog/share/mrpt_rawlog/local_setup.bash
[0.713s] -- Up-to-date symlink: /home/jozef/ros2_ws/install/mrpt_rawlog/share/mrpt_rawlog/local_setup.sh
[0.714s] -- Up-to-date symlink: /home/jozef/ros2_ws/install/mrpt_rawlog/share/mrpt_rawlog/local_setup.zsh
[0.714s] -- Up-to-date symlink: /home/jozef/ros2_ws/install/mrpt_rawlog/share/mrpt_rawlog/local_setup.dsv
[0.715s] -- Symlinking: /home/jozef/ros2_ws/install/mrpt_rawlog/share/mrpt_rawlog/package.dsv
[0.733s] -- Up-to-date symlink: /home/jozef/ros2_ws/install/mrpt_rawlog/share/ament_index/resource_index/packages/mrpt_rawlog
[0.734s] -- Up-to-date symlink: /home/jozef/ros2_ws/install/mrpt_rawlog/share/mrpt_rawlog/cmake/mrpt_rawlogConfig.cmake
[0.734s] -- Up-to-date symlink: /home/jozef/ros2_ws/install/mrpt_rawlog/share/mrpt_rawlog/cmake/mrpt_rawlogConfig-version.cmake
[0.734s] -- Up-to-date symlink: /home/jozef/ros2_ws/install/mrpt_rawlog/share/mrpt_rawlog/package.xml
[1.236s] Invoked command in '/home/jozef/ros2_ws/build/mrpt_rawlog' returned '0': AMENT_PREFIX_PATH=/home/jozef/ros2_ws/install/mrpt_msgs:${AMENT_PREFIX_PATH} CMAKE_PREFIX_PATH=/home/jozef/ros2_ws/install/mrpt_msgs:/opt/ros/humble LD_LIBRARY_PATH=/home/jozef/ros2_ws/install/mrpt_msgs/lib:${LD_LIBRARY_PATH} PYTHONPATH=/home/jozef/ros2_ws/install/mrpt_msgs/local/lib/python3.10/dist-packages:${PYTHONPATH} /usr/bin/cmake --install /home/jozef/ros2_ws/build/mrpt_rawlog
