[0.069s] Invoking command in '/home/jozef/ros2_ws/build/mocap4r2_marker_publisher': AMENT_PREFIX_PATH=/home/jozef/ros2_ws/install/mocap4r2_msgs:${AMENT_PREFIX_PATH} CMAKE_PREFIX_PATH=/home/jozef/ros2_ws/install/mocap4r2_msgs:/opt/ros/humble LD_LIBRARY_PATH=/home/jozef/ros2_ws/install/mocap4r2_msgs/lib:${LD_LIBRARY_PATH} PYTHONPATH=/home/jozef/ros2_ws/install/mocap4r2_msgs/local/lib/python3.10/dist-packages:${PYTHONPATH} /usr/bin/cmake /home/jozef/ros2_ws/src/mocap4r2_marker_viz/mocap4r2_marker_publisher -DAMENT_CMAKE_SYMLINK_INSTALL=1 -DCMAKE_INSTALL_PREFIX=/home/jozef/ros2_ws/install/mocap4r2_marker_publisher
[0.432s] -- The C compiler identification is GNU 11.4.0
[0.810s] -- The CXX compiler identification is GNU 11.4.0
[0.850s] -- Detecting C compiler ABI info
[1.319s] -- Detecting C compiler ABI info - done
[1.381s] -- Check for working C compiler: /usr/bin/cc - skipped
[1.381s] -- Detecting C compile features
[1.382s] -- Detecting C compile features - done
[1.407s] -- Detecting CXX compiler ABI info
[2.040s] -- Detecting CXX compiler ABI info - done
[2.103s] -- Check for working CXX compiler: /usr/bin/c++ - skipped
[2.103s] -- Detecting CXX compile features
[2.104s] -- Detecting CXX compile features - done
[2.120s] -- Found ament_cmake: 1.3.11 (/opt/ros/humble/share/ament_cmake/cmake)
[4.997s] -- Found Python3: /usr/bin/python3 (found version "3.10.12") found components: Interpreter 
[5.606s] -- Override CMake install command with custom implementation using symlinks instead of copying resources
[5.834s] -- Found rclcpp: 16.0.11 (/opt/ros/humble/share/rclcpp/cmake)
[6.214s] -- Found rosidl_generator_c: 3.1.6 (/opt/ros/humble/share/rosidl_generator_c/cmake)
[6.252s] -- Found rosidl_adapter: 3.1.6 (/opt/ros/humble/share/rosidl_adapter/cmake)
[6.310s] -- Found rosidl_generator_cpp: 3.1.6 (/opt/ros/humble/share/rosidl_generator_cpp/cmake)
[6.387s] -- Using all available rosidl_typesupport_c: rosidl_typesupport_fastrtps_c;rosidl_typesupport_introspection_c
[6.507s] -- Using all available rosidl_typesupport_cpp: rosidl_typesupport_fastrtps_cpp;rosidl_typesupport_introspection_cpp
[6.973s] -- Found rmw_implementation_cmake: 6.1.2 (/opt/ros/humble/share/rmw_implementation_cmake/cmake)
[7.016s] -- Found rmw_fastrtps_cpp: 6.2.7 (/opt/ros/humble/share/rmw_fastrtps_cpp/cmake)
[7.780s] -- Found OpenSSL: /usr/lib/x86_64-linux-gnu/libcrypto.so (found version "3.0.2")  
[7.977s] -- Found FastRTPS: /opt/ros/humble/include  
[8.233s] -- Using RMW implementation 'rmw_fastrtps_cpp' as default
[8.295s] -- Looking for pthread.h
[8.708s] -- Looking for pthread.h - found
[8.708s] -- Performing Test CMAKE_HAVE_LIBC_PTHREAD
[9.131s] -- Performing Test CMAKE_HAVE_LIBC_PTHREAD - Success
[9.139s] -- Found Threads: TRUE  
[9.464s] -- Found mocap4r2_msgs: 0.0.3 (/home/jozef/ros2_ws/install/mocap4r2_msgs/share/mocap4r2_msgs/cmake)
[9.649s] -- Found ament_lint_auto: 0.12.11 (/opt/ros/humble/share/ament_lint_auto/cmake)
[10.133s] -- Added test 'copyright' to check source files copyright and LICENSE
[10.139s] -- Added test 'cppcheck' to perform static code analysis on C / C++ code
[10.142s] -- Configured cppcheck include dirs: 
[10.142s] -- Configured cppcheck exclude dirs and/or files: 
[10.147s] -- Added test 'cpplint' to check C / C++ code against the Google style
[10.151s] -- Configured cpplint exclude dirs and/or files: 
[10.151s] -- Added test 'lint_cmake' to check CMake code style
[10.156s] -- Added test 'uncrustify' to check C / C++ code style
[10.156s] -- Configured uncrustify additional arguments: 
[10.157s] -- Added test 'xmllint' to check XML markup files
[10.165s] -- Configuring done
[10.226s] -- Generating done
[10.250s] -- Build files have been written to: /home/jozef/ros2_ws/build/mocap4r2_marker_publisher
[10.341s] Invoked command in '/home/jozef/ros2_ws/build/mocap4r2_marker_publisher' returned '0': AMENT_PREFIX_PATH=/home/jozef/ros2_ws/install/mocap4r2_msgs:${AMENT_PREFIX_PATH} CMAKE_PREFIX_PATH=/home/jozef/ros2_ws/install/mocap4r2_msgs:/opt/ros/humble LD_LIBRARY_PATH=/home/jozef/ros2_ws/install/mocap4r2_msgs/lib:${LD_LIBRARY_PATH} PYTHONPATH=/home/jozef/ros2_ws/install/mocap4r2_msgs/local/lib/python3.10/dist-packages:${PYTHONPATH} /usr/bin/cmake /home/jozef/ros2_ws/src/mocap4r2_marker_viz/mocap4r2_marker_publisher -DAMENT_CMAKE_SYMLINK_INSTALL=1 -DCMAKE_INSTALL_PREFIX=/home/jozef/ros2_ws/install/mocap4r2_marker_publisher
[10.342s] Invoking command in '/home/jozef/ros2_ws/build/mocap4r2_marker_publisher': AMENT_PREFIX_PATH=/home/jozef/ros2_ws/install/mocap4r2_msgs:${AMENT_PREFIX_PATH} CMAKE_PREFIX_PATH=/home/jozef/ros2_ws/install/mocap4r2_msgs:/opt/ros/humble LD_LIBRARY_PATH=/home/jozef/ros2_ws/install/mocap4r2_msgs/lib:${LD_LIBRARY_PATH} PYTHONPATH=/home/jozef/ros2_ws/install/mocap4r2_msgs/local/lib/python3.10/dist-packages:${PYTHONPATH} /usr/bin/cmake --build /home/jozef/ros2_ws/build/mocap4r2_marker_publisher -- -j8 -l8
[10.868s] [ 50%] [32mBuilding CXX object CMakeFiles/mocap4r2_marker_publisher.dir/src/mocap4r2_marker_publisher.cpp.o[0m
[26.250s] [100%] [32m[1mLinking CXX executable mocap4r2_marker_publisher[0m
[27.171s] [100%] Built target mocap4r2_marker_publisher
[27.233s] Invoked command in '/home/jozef/ros2_ws/build/mocap4r2_marker_publisher' returned '0': AMENT_PREFIX_PATH=/home/jozef/ros2_ws/install/mocap4r2_msgs:${AMENT_PREFIX_PATH} CMAKE_PREFIX_PATH=/home/jozef/ros2_ws/install/mocap4r2_msgs:/opt/ros/humble LD_LIBRARY_PATH=/home/jozef/ros2_ws/install/mocap4r2_msgs/lib:${LD_LIBRARY_PATH} PYTHONPATH=/home/jozef/ros2_ws/install/mocap4r2_msgs/local/lib/python3.10/dist-packages:${PYTHONPATH} /usr/bin/cmake --build /home/jozef/ros2_ws/build/mocap4r2_marker_publisher -- -j8 -l8
[27.234s] Invoking command in '/home/jozef/ros2_ws/build/mocap4r2_marker_publisher': AMENT_PREFIX_PATH=/home/jozef/ros2_ws/install/mocap4r2_msgs:${AMENT_PREFIX_PATH} CMAKE_PREFIX_PATH=/home/jozef/ros2_ws/install/mocap4r2_msgs:/opt/ros/humble LD_LIBRARY_PATH=/home/jozef/ros2_ws/install/mocap4r2_msgs/lib:${LD_LIBRARY_PATH} PYTHONPATH=/home/jozef/ros2_ws/install/mocap4r2_msgs/local/lib/python3.10/dist-packages:${PYTHONPATH} /usr/bin/cmake --install /home/jozef/ros2_ws/build/mocap4r2_marker_publisher
[56.715s] -- Install configuration: ""
[56.715s] -- Execute custom install script
[56.715s] -- Symlinking: /home/jozef/ros2_ws/install/mocap4r2_marker_publisher/lib/mocap4r2_marker_publisher/mocap4r2_marker_publisher
[56.716s] -- Symlinking: /home/jozef/ros2_ws/install/mocap4r2_marker_publisher/share/ament_index/resource_index/package_run_dependencies/mocap4r2_marker_publisher
[56.716s] -- Symlinking: /home/jozef/ros2_ws/install/mocap4r2_marker_publisher/share/ament_index/resource_index/parent_prefix_path/mocap4r2_marker_publisher
[56.716s] -- Symlinking: /home/jozef/ros2_ws/install/mocap4r2_marker_publisher/share/mocap4r2_marker_publisher/environment/ament_prefix_path.sh
[56.716s] -- Symlinking: /home/jozef/ros2_ws/install/mocap4r2_marker_publisher/share/mocap4r2_marker_publisher/environment/ament_prefix_path.dsv
[56.716s] -- Symlinking: /home/jozef/ros2_ws/install/mocap4r2_marker_publisher/share/mocap4r2_marker_publisher/environment/path.sh
[56.717s] -- Symlinking: /home/jozef/ros2_ws/install/mocap4r2_marker_publisher/share/mocap4r2_marker_publisher/environment/path.dsv
[56.717s] -- Symlinking: /home/jozef/ros2_ws/install/mocap4r2_marker_publisher/share/mocap4r2_marker_publisher/local_setup.bash
[56.717s] -- Symlinking: /home/jozef/ros2_ws/install/mocap4r2_marker_publisher/share/mocap4r2_marker_publisher/local_setup.sh
[56.717s] -- Symlinking: /home/jozef/ros2_ws/install/mocap4r2_marker_publisher/share/mocap4r2_marker_publisher/local_setup.zsh
[56.723s] -- Symlinking: /home/jozef/ros2_ws/install/mocap4r2_marker_publisher/share/mocap4r2_marker_publisher/local_setup.dsv
[56.723s] -- Symlinking: /home/jozef/ros2_ws/install/mocap4r2_marker_publisher/share/mocap4r2_marker_publisher/package.dsv
[56.723s] -- Symlinking: /home/jozef/ros2_ws/install/mocap4r2_marker_publisher/share/ament_index/resource_index/packages/mocap4r2_marker_publisher
[56.723s] -- Symlinking: /home/jozef/ros2_ws/install/mocap4r2_marker_publisher/share/mocap4r2_marker_publisher/cmake/mocap4r2_marker_publisherConfig.cmake
[56.723s] -- Symlinking: /home/jozef/ros2_ws/install/mocap4r2_marker_publisher/share/mocap4r2_marker_publisher/cmake/mocap4r2_marker_publisherConfig-version.cmake
[56.724s] -- Symlinking: /home/jozef/ros2_ws/install/mocap4r2_marker_publisher/share/mocap4r2_marker_publisher/package.xml
[56.724s] Invoked command in '/home/jozef/ros2_ws/build/mocap4r2_marker_publisher' returned '0': AMENT_PREFIX_PATH=/home/jozef/ros2_ws/install/mocap4r2_msgs:${AMENT_PREFIX_PATH} CMAKE_PREFIX_PATH=/home/jozef/ros2_ws/install/mocap4r2_msgs:/opt/ros/humble LD_LIBRARY_PATH=/home/jozef/ros2_ws/install/mocap4r2_msgs/lib:${LD_LIBRARY_PATH} PYTHONPATH=/home/jozef/ros2_ws/install/mocap4r2_msgs/local/lib/python3.10/dist-packages:${PYTHONPATH} /usr/bin/cmake --install /home/jozef/ros2_ws/build/mocap4r2_marker_publisher
