[0.091s] Invoking command in '/home/jozef/ros2_ws/build/mrpt_reactivenav2d': CMAKE_PREFIX_PATH=/home/jozef/ros2_ws/install/mrpt_nav_interfaces:/home/jozef/ros2_ws/install/mrpt_msgs:/home/jozef/ros2_ws/install/tb2_slam:/home/jozef/ros2_ws/install/neo_localization2:/home/jozef/ros2_ws/install/mrpt_navigation:/home/jozef/ros2_ws/install/mrpt_tutorials:/home/jozef/ros2_ws/install/mrpt_tps_astar_planner:/home/jozef/ros2_ws/install/mrpt_reactivenav2d:/home/jozef/ros2_ws/install/mrpt_rawlog:/home/jozef/ros2_ws/install/mrpt_pointcloud_pipeline:/home/jozef/ros2_ws/install/mrpt_pf_localization:/home/jozef/ros2_ws/install/mrpt_map_server:/home/jozef/ros2_ws/install/mrpt_msgs_bridge:/home/jozef/ros2_ws/install/tb2_control:/opt/ros/humble LD_LIBRARY_PATH=/home/jozef/ros2_ws/install/mrpt_nav_interfaces/lib:/home/jozef/ros2_ws/install/mrpt_msgs/lib:/home/jozef/ros2_ws/install/neo_localization2/lib:/home/jozef/ros2_ws/install/mrpt_pointcloud_pipeline/lib:/home/jozef/ros2_ws/install/mrpt_pf_localization/lib:/opt/ros/humble/opt/rviz_ogre_vendor/lib:/opt/ros/humble/lib/x86_64-linux-gnu:/opt/ros/humble/lib /usr/bin/cmake --build /home/jozef/ros2_ws/build/mrpt_reactivenav2d -- -j8 -l8
[0.234s] [100%] Built target mrpt_reactivenav2d_node
[0.261s] Invoked command in '/home/jozef/ros2_ws/build/mrpt_reactivenav2d' returned '0': CMAKE_PREFIX_PATH=/home/jozef/ros2_ws/install/mrpt_nav_interfaces:/home/jozef/ros2_ws/install/mrpt_msgs:/home/jozef/ros2_ws/install/tb2_slam:/home/jozef/ros2_ws/install/neo_localization2:/home/jozef/ros2_ws/install/mrpt_navigation:/home/jozef/ros2_ws/install/mrpt_tutorials:/home/jozef/ros2_ws/install/mrpt_tps_astar_planner:/home/jozef/ros2_ws/install/mrpt_reactivenav2d:/home/jozef/ros2_ws/install/mrpt_rawlog:/home/jozef/ros2_ws/install/mrpt_pointcloud_pipeline:/home/jozef/ros2_ws/install/mrpt_pf_localization:/home/jozef/ros2_ws/install/mrpt_map_server:/home/jozef/ros2_ws/install/mrpt_msgs_bridge:/home/jozef/ros2_ws/install/tb2_control:/opt/ros/humble LD_LIBRARY_PATH=/home/jozef/ros2_ws/install/mrpt_nav_interfaces/lib:/home/jozef/ros2_ws/install/mrpt_msgs/lib:/home/jozef/ros2_ws/install/neo_localization2/lib:/home/jozef/ros2_ws/install/mrpt_pointcloud_pipeline/lib:/home/jozef/ros2_ws/install/mrpt_pf_localization/lib:/opt/ros/humble/opt/rviz_ogre_vendor/lib:/opt/ros/humble/lib/x86_64-linux-gnu:/opt/ros/humble/lib /usr/bin/cmake --build /home/jozef/ros2_ws/build/mrpt_reactivenav2d -- -j8 -l8
[0.268s] Invoking command in '/home/jozef/ros2_ws/build/mrpt_reactivenav2d': CMAKE_PREFIX_PATH=/home/jozef/ros2_ws/install/mrpt_nav_interfaces:/home/jozef/ros2_ws/install/mrpt_msgs:/home/jozef/ros2_ws/install/tb2_slam:/home/jozef/ros2_ws/install/neo_localization2:/home/jozef/ros2_ws/install/mrpt_navigation:/home/jozef/ros2_ws/install/mrpt_tutorials:/home/jozef/ros2_ws/install/mrpt_tps_astar_planner:/home/jozef/ros2_ws/install/mrpt_reactivenav2d:/home/jozef/ros2_ws/install/mrpt_rawlog:/home/jozef/ros2_ws/install/mrpt_pointcloud_pipeline:/home/jozef/ros2_ws/install/mrpt_pf_localization:/home/jozef/ros2_ws/install/mrpt_map_server:/home/jozef/ros2_ws/install/mrpt_msgs_bridge:/home/jozef/ros2_ws/install/tb2_control:/opt/ros/humble LD_LIBRARY_PATH=/home/jozef/ros2_ws/install/mrpt_nav_interfaces/lib:/home/jozef/ros2_ws/install/mrpt_msgs/lib:/home/jozef/ros2_ws/install/neo_localization2/lib:/home/jozef/ros2_ws/install/mrpt_pointcloud_pipeline/lib:/home/jozef/ros2_ws/install/mrpt_pf_localization/lib:/opt/ros/humble/opt/rviz_ogre_vendor/lib:/opt/ros/humble/lib/x86_64-linux-gnu:/opt/ros/humble/lib /usr/bin/cmake --install /home/jozef/ros2_ws/build/mrpt_reactivenav2d
[0.283s] -- Install configuration: ""
[0.284s] -- Execute custom install script
[0.286s] -- Up-to-date symlink: /home/jozef/ros2_ws/install/mrpt_reactivenav2d/lib/mrpt_reactivenav2d/mrpt_reactivenav2d_node
[0.288s] -- Up-to-date symlink: /home/jozef/ros2_ws/install/mrpt_reactivenav2d/share/mrpt_reactivenav2d/launch/rnav.launch.py
[0.289s] -- Up-to-date symlink: /home/jozef/ros2_ws/install/mrpt_reactivenav2d/share/mrpt_reactivenav2d/params/reactive2d_default.ini
[0.290s] -- Up-to-date symlink: /home/jozef/ros2_ws/install/mrpt_reactivenav2d/share/ament_index/resource_index/package_run_dependencies/mrpt_reactivenav2d
[0.291s] -- Up-to-date symlink: /home/jozef/ros2_ws/install/mrpt_reactivenav2d/share/ament_index/resource_index/parent_prefix_path/mrpt_reactivenav2d
[0.291s] -- Up-to-date symlink: /home/jozef/ros2_ws/install/mrpt_reactivenav2d/share/mrpt_reactivenav2d/environment/ament_prefix_path.sh
[0.292s] -- Up-to-date symlink: /home/jozef/ros2_ws/install/mrpt_reactivenav2d/share/mrpt_reactivenav2d/environment/ament_prefix_path.dsv
[0.292s] -- Up-to-date symlink: /home/jozef/ros2_ws/install/mrpt_reactivenav2d/share/mrpt_reactivenav2d/environment/path.sh
[0.293s] -- Up-to-date symlink: /home/jozef/ros2_ws/install/mrpt_reactivenav2d/share/mrpt_reactivenav2d/environment/path.dsv
[0.293s] -- Up-to-date symlink: /home/jozef/ros2_ws/install/mrpt_reactivenav2d/share/mrpt_reactivenav2d/local_setup.bash
[0.294s] -- Up-to-date symlink: /home/jozef/ros2_ws/install/mrpt_reactivenav2d/share/mrpt_reactivenav2d/local_setup.sh
[0.294s] -- Up-to-date symlink: /home/jozef/ros2_ws/install/mrpt_reactivenav2d/share/mrpt_reactivenav2d/local_setup.zsh
[0.295s] -- Up-to-date symlink: /home/jozef/ros2_ws/install/mrpt_reactivenav2d/share/mrpt_reactivenav2d/local_setup.dsv
[0.295s] -- Symlinking: /home/jozef/ros2_ws/install/mrpt_reactivenav2d/share/mrpt_reactivenav2d/package.dsv
[0.315s] -- Up-to-date symlink: /home/jozef/ros2_ws/install/mrpt_reactivenav2d/share/ament_index/resource_index/packages/mrpt_reactivenav2d
[0.316s] -- Up-to-date symlink: /home/jozef/ros2_ws/install/mrpt_reactivenav2d/share/mrpt_reactivenav2d/cmake/mrpt_reactivenav2dConfig.cmake
[0.316s] -- Up-to-date symlink: /home/jozef/ros2_ws/install/mrpt_reactivenav2d/share/mrpt_reactivenav2d/cmake/mrpt_reactivenav2dConfig-version.cmake
[0.316s] -- Up-to-date symlink: /home/jozef/ros2_ws/install/mrpt_reactivenav2d/share/mrpt_reactivenav2d/package.xml
[0.363s] Invoked command in '/home/jozef/ros2_ws/build/mrpt_reactivenav2d' returned '0': CMAKE_PREFIX_PATH=/home/jozef/ros2_ws/install/mrpt_nav_interfaces:/home/jozef/ros2_ws/install/mrpt_msgs:/home/jozef/ros2_ws/install/tb2_slam:/home/jozef/ros2_ws/install/neo_localization2:/home/jozef/ros2_ws/install/mrpt_navigation:/home/jozef/ros2_ws/install/mrpt_tutorials:/home/jozef/ros2_ws/install/mrpt_tps_astar_planner:/home/jozef/ros2_ws/install/mrpt_reactivenav2d:/home/jozef/ros2_ws/install/mrpt_rawlog:/home/jozef/ros2_ws/install/mrpt_pointcloud_pipeline:/home/jozef/ros2_ws/install/mrpt_pf_localization:/home/jozef/ros2_ws/install/mrpt_map_server:/home/jozef/ros2_ws/install/mrpt_msgs_bridge:/home/jozef/ros2_ws/install/tb2_control:/opt/ros/humble LD_LIBRARY_PATH=/home/jozef/ros2_ws/install/mrpt_nav_interfaces/lib:/home/jozef/ros2_ws/install/mrpt_msgs/lib:/home/jozef/ros2_ws/install/neo_localization2/lib:/home/jozef/ros2_ws/install/mrpt_pointcloud_pipeline/lib:/home/jozef/ros2_ws/install/mrpt_pf_localization/lib:/opt/ros/humble/opt/rviz_ogre_vendor/lib:/opt/ros/humble/lib/x86_64-linux-gnu:/opt/ros/humble/lib /usr/bin/cmake --install /home/jozef/ros2_ws/build/mrpt_reactivenav2d
