[0.047s] Invoking command in '/home/jozef/ros2_ws/build/mrpt_rawlog': CMAKE_PREFIX_PATH=/home/jozef/ros2_ws/install/mrpt_msgs:/home/jozef/ros2_ws/install/tb2_slam:/home/jozef/ros2_ws/install/neo_localization2:/home/jozef/ros2_ws/install/mrpt_navigation:/home/jozef/ros2_ws/install/mrpt_tutorials:/home/jozef/ros2_ws/install/mrpt_tps_astar_planner:/home/jozef/ros2_ws/install/mrpt_reactivenav2d:/home/jozef/ros2_ws/install/mrpt_rawlog:/home/jozef/ros2_ws/install/mrpt_pointcloud_pipeline:/home/jozef/ros2_ws/install/mrpt_pf_localization:/home/jozef/ros2_ws/install/mrpt_map_server:/home/jozef/ros2_ws/install/mrpt_nav_interfaces:/home/jozef/ros2_ws/install/mrpt_msgs_bridge:/home/jozef/ros2_ws/install/tb2_control:/opt/ros/humble LD_LIBRARY_PATH=/home/jozef/ros2_ws/install/mrpt_msgs/lib:/home/jozef/ros2_ws/install/neo_localization2/lib:/home/jozef/ros2_ws/install/mrpt_pointcloud_pipeline/lib:/home/jozef/ros2_ws/install/mrpt_pf_localization/lib:/home/jozef/ros2_ws/install/mrpt_nav_interfaces/lib:/opt/ros/humble/opt/rviz_ogre_vendor/lib:/opt/ros/humble/lib/x86_64-linux-gnu:/opt/ros/humble/lib /usr/bin/cmake --build /home/jozef/ros2_ws/build/mrpt_rawlog -- -j8 -l8
[0.230s] [35m[1mConsolidate compiler generated dependencies of target rosbag2rawlog[0m
[0.313s] [100%] Built target rosbag2rawlog
[0.343s] Invoked command in '/home/jozef/ros2_ws/build/mrpt_rawlog' returned '0': CMAKE_PREFIX_PATH=/home/jozef/ros2_ws/install/mrpt_msgs:/home/jozef/ros2_ws/install/tb2_slam:/home/jozef/ros2_ws/install/neo_localization2:/home/jozef/ros2_ws/install/mrpt_navigation:/home/jozef/ros2_ws/install/mrpt_tutorials:/home/jozef/ros2_ws/install/mrpt_tps_astar_planner:/home/jozef/ros2_ws/install/mrpt_reactivenav2d:/home/jozef/ros2_ws/install/mrpt_rawlog:/home/jozef/ros2_ws/install/mrpt_pointcloud_pipeline:/home/jozef/ros2_ws/install/mrpt_pf_localization:/home/jozef/ros2_ws/install/mrpt_map_server:/home/jozef/ros2_ws/install/mrpt_nav_interfaces:/home/jozef/ros2_ws/install/mrpt_msgs_bridge:/home/jozef/ros2_ws/install/tb2_control:/opt/ros/humble LD_LIBRARY_PATH=/home/jozef/ros2_ws/install/mrpt_msgs/lib:/home/jozef/ros2_ws/install/neo_localization2/lib:/home/jozef/ros2_ws/install/mrpt_pointcloud_pipeline/lib:/home/jozef/ros2_ws/install/mrpt_pf_localization/lib:/home/jozef/ros2_ws/install/mrpt_nav_interfaces/lib:/opt/ros/humble/opt/rviz_ogre_vendor/lib:/opt/ros/humble/lib/x86_64-linux-gnu:/opt/ros/humble/lib /usr/bin/cmake --build /home/jozef/ros2_ws/build/mrpt_rawlog -- -j8 -l8
[0.351s] Invoking command in '/home/jozef/ros2_ws/build/mrpt_rawlog': CMAKE_PREFIX_PATH=/home/jozef/ros2_ws/install/mrpt_msgs:/home/jozef/ros2_ws/install/tb2_slam:/home/jozef/ros2_ws/install/neo_localization2:/home/jozef/ros2_ws/install/mrpt_navigation:/home/jozef/ros2_ws/install/mrpt_tutorials:/home/jozef/ros2_ws/install/mrpt_tps_astar_planner:/home/jozef/ros2_ws/install/mrpt_reactivenav2d:/home/jozef/ros2_ws/install/mrpt_rawlog:/home/jozef/ros2_ws/install/mrpt_pointcloud_pipeline:/home/jozef/ros2_ws/install/mrpt_pf_localization:/home/jozef/ros2_ws/install/mrpt_map_server:/home/jozef/ros2_ws/install/mrpt_nav_interfaces:/home/jozef/ros2_ws/install/mrpt_msgs_bridge:/home/jozef/ros2_ws/install/tb2_control:/opt/ros/humble LD_LIBRARY_PATH=/home/jozef/ros2_ws/install/mrpt_msgs/lib:/home/jozef/ros2_ws/install/neo_localization2/lib:/home/jozef/ros2_ws/install/mrpt_pointcloud_pipeline/lib:/home/jozef/ros2_ws/install/mrpt_pf_localization/lib:/home/jozef/ros2_ws/install/mrpt_nav_interfaces/lib:/opt/ros/humble/opt/rviz_ogre_vendor/lib:/opt/ros/humble/lib/x86_64-linux-gnu:/opt/ros/humble/lib /usr/bin/cmake --install /home/jozef/ros2_ws/build/mrpt_rawlog
[1.768s] -- Install configuration: ""
[1.771s] -- Execute custom install script
[1.771s] -- Up-to-date symlink: /home/jozef/ros2_ws/install/mrpt_rawlog/bin/rosbag2rawlog
[1.771s] -- Up-to-date symlink: /home/jozef/ros2_ws/install/mrpt_rawlog/share/ament_index/resource_index/package_run_dependencies/mrpt_rawlog
[1.772s] -- Up-to-date symlink: /home/jozef/ros2_ws/install/mrpt_rawlog/share/ament_index/resource_index/parent_prefix_path/mrpt_rawlog
[1.772s] -- Up-to-date symlink: /home/jozef/ros2_ws/install/mrpt_rawlog/share/mrpt_rawlog/environment/ament_prefix_path.sh
[1.772s] -- Up-to-date symlink: /home/jozef/ros2_ws/install/mrpt_rawlog/share/mrpt_rawlog/environment/ament_prefix_path.dsv
[1.772s] -- Up-to-date symlink: /home/jozef/ros2_ws/install/mrpt_rawlog/share/mrpt_rawlog/environment/path.sh
[1.772s] -- Up-to-date symlink: /home/jozef/ros2_ws/install/mrpt_rawlog/share/mrpt_rawlog/environment/path.dsv
[1.772s] -- Up-to-date symlink: /home/jozef/ros2_ws/install/mrpt_rawlog/share/mrpt_rawlog/local_setup.bash
[1.772s] -- Up-to-date symlink: /home/jozef/ros2_ws/install/mrpt_rawlog/share/mrpt_rawlog/local_setup.sh
[1.772s] -- Up-to-date symlink: /home/jozef/ros2_ws/install/mrpt_rawlog/share/mrpt_rawlog/local_setup.zsh
[1.772s] -- Up-to-date symlink: /home/jozef/ros2_ws/install/mrpt_rawlog/share/mrpt_rawlog/local_setup.dsv
[1.772s] -- Symlinking: /home/jozef/ros2_ws/install/mrpt_rawlog/share/mrpt_rawlog/package.dsv
[1.773s] -- Up-to-date symlink: /home/jozef/ros2_ws/install/mrpt_rawlog/share/ament_index/resource_index/packages/mrpt_rawlog
[1.773s] -- Up-to-date symlink: /home/jozef/ros2_ws/install/mrpt_rawlog/share/mrpt_rawlog/cmake/mrpt_rawlogConfig.cmake
[1.775s] -- Up-to-date symlink: /home/jozef/ros2_ws/install/mrpt_rawlog/share/mrpt_rawlog/cmake/mrpt_rawlogConfig-version.cmake
[1.778s] -- Up-to-date symlink: /home/jozef/ros2_ws/install/mrpt_rawlog/share/mrpt_rawlog/package.xml
[1.782s] Invoked command in '/home/jozef/ros2_ws/build/mrpt_rawlog' returned '0': CMAKE_PREFIX_PATH=/home/jozef/ros2_ws/install/mrpt_msgs:/home/jozef/ros2_ws/install/tb2_slam:/home/jozef/ros2_ws/install/neo_localization2:/home/jozef/ros2_ws/install/mrpt_navigation:/home/jozef/ros2_ws/install/mrpt_tutorials:/home/jozef/ros2_ws/install/mrpt_tps_astar_planner:/home/jozef/ros2_ws/install/mrpt_reactivenav2d:/home/jozef/ros2_ws/install/mrpt_rawlog:/home/jozef/ros2_ws/install/mrpt_pointcloud_pipeline:/home/jozef/ros2_ws/install/mrpt_pf_localization:/home/jozef/ros2_ws/install/mrpt_map_server:/home/jozef/ros2_ws/install/mrpt_nav_interfaces:/home/jozef/ros2_ws/install/mrpt_msgs_bridge:/home/jozef/ros2_ws/install/tb2_control:/opt/ros/humble LD_LIBRARY_PATH=/home/jozef/ros2_ws/install/mrpt_msgs/lib:/home/jozef/ros2_ws/install/neo_localization2/lib:/home/jozef/ros2_ws/install/mrpt_pointcloud_pipeline/lib:/home/jozef/ros2_ws/install/mrpt_pf_localization/lib:/home/jozef/ros2_ws/install/mrpt_nav_interfaces/lib:/opt/ros/humble/opt/rviz_ogre_vendor/lib:/opt/ros/humble/lib/x86_64-linux-gnu:/opt/ros/humble/lib /usr/bin/cmake --install /home/jozef/ros2_ws/build/mrpt_rawlog
