[0.097s] Invoking command in '/home/jozef/ros2_ws/build/mrpt_nav_interfaces': CMAKE_PREFIX_PATH=/home/jozef/ros2_ws/install/tb2_control:/home/jozef/ros2_ws/install/tb2_bringup:/home/jozef/ros2_ws/install/mocap4r2cli:/home/jozef/ros2_ws/install/localization_benchmarking:/opt/ros/humble:/home/jozef/ros2_ws/install/mrpt_msgs:/home/jozef/ros2_ws/install/tb2_slam:/home/jozef/ros2_ws/install/rqt_mocap4r2_control:/home/jozef/ros2_ws/install/neo_localization2:/home/jozef/ros2_ws/install/mrpt_navigation:/home/jozef/ros2_ws/install/mrpt_tutorials:/home/jozef/ros2_ws/install/mrpt_tps_astar_planner:/home/jozef/ros2_ws/install/mrpt_reactivenav2d:/home/jozef/ros2_ws/install/mrpt_rawlog:/home/jozef/ros2_ws/install/mrpt_pointcloud_pipeline:/home/jozef/ros2_ws/install/mrpt_pf_localization:/home/jozef/ros2_ws/install/mrpt_map_server:/home/jozef/ros2_ws/install/mrpt_nav_interfaces:/home/jozef/ros2_ws/install/mrpt_msgs_bridge:/home/jozef/ros2_ws/install/mocap4r2_robot_gt:/home/jozef/ros2_ws/install/mocap4r2_robot_gt_msgs:/home/jozef/ros2_ws/install/mocap4r2_optitrack_driver:/home/jozef/ros2_ws/install/mocap4r2_marker_viz:/home/jozef/ros2_ws/install/mocap4r2_marker_publisher:/home/jozef/ros2_ws/install/mocap4r2_dummy_driver:/home/jozef/ros2_ws/install/mocap4r2_msgs:/home/jozef/ros2_ws/install/mocap4r2_marker_viz_srvs:/home/jozef/ros2_ws/install/mocap4r2_control:/home/jozef/ros2_ws/install/mocap4r2_control_msgs:/home/jozef/ros2_ws/install/message_filters LD_LIBRARY_PATH=/home/jozef/ros2_ws/install/mrpt_msgs/lib:/home/jozef/ros2_ws/install/rqt_mocap4r2_control/lib:/home/jozef/ros2_ws/install/neo_localization2/lib:/home/jozef/ros2_ws/install/mrpt_pointcloud_pipeline/lib:/home/jozef/ros2_ws/install/mrpt_pf_localization/lib:/home/jozef/ros2_ws/install/mrpt_nav_interfaces/lib:/home/jozef/ros2_ws/install/mocap4r2_robot_gt/lib:/home/jozef/ros2_ws/install/mocap4r2_robot_gt_msgs/lib:/home/jozef/ros2_ws/install/mocap4r2_optitrack_driver/lib:/home/jozef/ros2_ws/install/mocap4r2_msgs/lib:/home/jozef/ros2_ws/install/mocap4r2_marker_viz_srvs/lib:/home/jozef/ros2_ws/install/mocap4r2_control/lib:/home/jozef/ros2_ws/install/mocap4r2_control_msgs/lib:/home/jozef/ros2_ws/install/message_filters/lib:/opt/ros/humble/opt/rviz_ogre_vendor/lib:/opt/ros/humble/lib/x86_64-linux-gnu:/opt/ros/humble/lib /usr/bin/cmake --build /home/jozef/ros2_ws/build/mrpt_nav_interfaces -- -j8 -l8
[0.365s] [  0%] Built target mrpt_nav_interfaces__cpp
[0.388s] [ 12%] Built target mrpt_nav_interfaces__rosidl_generator_c
[0.398s] [ 12%] Built target ament_cmake_python_symlink_mrpt_nav_interfaces
[0.498s] [ 23%] Built target mrpt_nav_interfaces__rosidl_typesupport_fastrtps_cpp
[0.520s] [ 35%] Built target mrpt_nav_interfaces__rosidl_typesupport_cpp
[0.520s] [ 47%] Built target mrpt_nav_interfaces__rosidl_typesupport_introspection_cpp
[0.522s] [ 59%] Built target mrpt_nav_interfaces__rosidl_typesupport_fastrtps_c
[0.524s] [ 71%] Built target mrpt_nav_interfaces__rosidl_typesupport_introspection_c
[0.531s] [ 82%] Built target mrpt_nav_interfaces__rosidl_typesupport_c
[0.624s] [ 82%] Built target mrpt_nav_interfaces
[0.747s] [ 83%] Built target mrpt_nav_interfaces__py
[0.916s] [ 94%] Built target mrpt_nav_interfaces__rosidl_generator_py
[1.051s] [ 96%] Built target mrpt_nav_interfaces__rosidl_typesupport_introspection_c__pyext
[1.070s] [ 98%] Built target mrpt_nav_interfaces__rosidl_typesupport_c__pyext
[1.082s] [100%] Built target mrpt_nav_interfaces__rosidl_typesupport_fastrtps_c__pyext
[1.424s] running egg_info
[1.495s] writing mrpt_nav_interfaces.egg-info/PKG-INFO
[1.496s] writing dependency_links to mrpt_nav_interfaces.egg-info/dependency_links.txt
[1.496s] writing top-level names to mrpt_nav_interfaces.egg-info/top_level.txt
[1.660s] reading manifest file 'mrpt_nav_interfaces.egg-info/SOURCES.txt'
[1.662s] writing manifest file 'mrpt_nav_interfaces.egg-info/SOURCES.txt'
[1.761s] [100%] Built target ament_cmake_python_build_mrpt_nav_interfaces_egg
[1.867s] Invoked command in '/home/jozef/ros2_ws/build/mrpt_nav_interfaces' returned '0': CMAKE_PREFIX_PATH=/home/jozef/ros2_ws/install/tb2_control:/home/jozef/ros2_ws/install/tb2_bringup:/home/jozef/ros2_ws/install/mocap4r2cli:/home/jozef/ros2_ws/install/localization_benchmarking:/opt/ros/humble:/home/jozef/ros2_ws/install/mrpt_msgs:/home/jozef/ros2_ws/install/tb2_slam:/home/jozef/ros2_ws/install/rqt_mocap4r2_control:/home/jozef/ros2_ws/install/neo_localization2:/home/jozef/ros2_ws/install/mrpt_navigation:/home/jozef/ros2_ws/install/mrpt_tutorials:/home/jozef/ros2_ws/install/mrpt_tps_astar_planner:/home/jozef/ros2_ws/install/mrpt_reactivenav2d:/home/jozef/ros2_ws/install/mrpt_rawlog:/home/jozef/ros2_ws/install/mrpt_pointcloud_pipeline:/home/jozef/ros2_ws/install/mrpt_pf_localization:/home/jozef/ros2_ws/install/mrpt_map_server:/home/jozef/ros2_ws/install/mrpt_nav_interfaces:/home/jozef/ros2_ws/install/mrpt_msgs_bridge:/home/jozef/ros2_ws/install/mocap4r2_robot_gt:/home/jozef/ros2_ws/install/mocap4r2_robot_gt_msgs:/home/jozef/ros2_ws/install/mocap4r2_optitrack_driver:/home/jozef/ros2_ws/install/mocap4r2_marker_viz:/home/jozef/ros2_ws/install/mocap4r2_marker_publisher:/home/jozef/ros2_ws/install/mocap4r2_dummy_driver:/home/jozef/ros2_ws/install/mocap4r2_msgs:/home/jozef/ros2_ws/install/mocap4r2_marker_viz_srvs:/home/jozef/ros2_ws/install/mocap4r2_control:/home/jozef/ros2_ws/install/mocap4r2_control_msgs:/home/jozef/ros2_ws/install/message_filters LD_LIBRARY_PATH=/home/jozef/ros2_ws/install/mrpt_msgs/lib:/home/jozef/ros2_ws/install/rqt_mocap4r2_control/lib:/home/jozef/ros2_ws/install/neo_localization2/lib:/home/jozef/ros2_ws/install/mrpt_pointcloud_pipeline/lib:/home/jozef/ros2_ws/install/mrpt_pf_localization/lib:/home/jozef/ros2_ws/install/mrpt_nav_interfaces/lib:/home/jozef/ros2_ws/install/mocap4r2_robot_gt/lib:/home/jozef/ros2_ws/install/mocap4r2_robot_gt_msgs/lib:/home/jozef/ros2_ws/install/mocap4r2_optitrack_driver/lib:/home/jozef/ros2_ws/install/mocap4r2_msgs/lib:/home/jozef/ros2_ws/install/mocap4r2_marker_viz_srvs/lib:/home/jozef/ros2_ws/install/mocap4r2_control/lib:/home/jozef/ros2_ws/install/mocap4r2_control_msgs/lib:/home/jozef/ros2_ws/install/message_filters/lib:/opt/ros/humble/opt/rviz_ogre_vendor/lib:/opt/ros/humble/lib/x86_64-linux-gnu:/opt/ros/humble/lib /usr/bin/cmake --build /home/jozef/ros2_ws/build/mrpt_nav_interfaces -- -j8 -l8
[1.875s] Invoking command in '/home/jozef/ros2_ws/build/mrpt_nav_interfaces': CMAKE_PREFIX_PATH=/home/jozef/ros2_ws/install/tb2_control:/home/jozef/ros2_ws/install/tb2_bringup:/home/jozef/ros2_ws/install/mocap4r2cli:/home/jozef/ros2_ws/install/localization_benchmarking:/opt/ros/humble:/home/jozef/ros2_ws/install/mrpt_msgs:/home/jozef/ros2_ws/install/tb2_slam:/home/jozef/ros2_ws/install/rqt_mocap4r2_control:/home/jozef/ros2_ws/install/neo_localization2:/home/jozef/ros2_ws/install/mrpt_navigation:/home/jozef/ros2_ws/install/mrpt_tutorials:/home/jozef/ros2_ws/install/mrpt_tps_astar_planner:/home/jozef/ros2_ws/install/mrpt_reactivenav2d:/home/jozef/ros2_ws/install/mrpt_rawlog:/home/jozef/ros2_ws/install/mrpt_pointcloud_pipeline:/home/jozef/ros2_ws/install/mrpt_pf_localization:/home/jozef/ros2_ws/install/mrpt_map_server:/home/jozef/ros2_ws/install/mrpt_nav_interfaces:/home/jozef/ros2_ws/install/mrpt_msgs_bridge:/home/jozef/ros2_ws/install/mocap4r2_robot_gt:/home/jozef/ros2_ws/install/mocap4r2_robot_gt_msgs:/home/jozef/ros2_ws/install/mocap4r2_optitrack_driver:/home/jozef/ros2_ws/install/mocap4r2_marker_viz:/home/jozef/ros2_ws/install/mocap4r2_marker_publisher:/home/jozef/ros2_ws/install/mocap4r2_dummy_driver:/home/jozef/ros2_ws/install/mocap4r2_msgs:/home/jozef/ros2_ws/install/mocap4r2_marker_viz_srvs:/home/jozef/ros2_ws/install/mocap4r2_control:/home/jozef/ros2_ws/install/mocap4r2_control_msgs:/home/jozef/ros2_ws/install/message_filters LD_LIBRARY_PATH=/home/jozef/ros2_ws/install/mrpt_msgs/lib:/home/jozef/ros2_ws/install/rqt_mocap4r2_control/lib:/home/jozef/ros2_ws/install/neo_localization2/lib:/home/jozef/ros2_ws/install/mrpt_pointcloud_pipeline/lib:/home/jozef/ros2_ws/install/mrpt_pf_localization/lib:/home/jozef/ros2_ws/install/mrpt_nav_interfaces/lib:/home/jozef/ros2_ws/install/mocap4r2_robot_gt/lib:/home/jozef/ros2_ws/install/mocap4r2_robot_gt_msgs/lib:/home/jozef/ros2_ws/install/mocap4r2_optitrack_driver/lib:/home/jozef/ros2_ws/install/mocap4r2_msgs/lib:/home/jozef/ros2_ws/install/mocap4r2_marker_viz_srvs/lib:/home/jozef/ros2_ws/install/mocap4r2_control/lib:/home/jozef/ros2_ws/install/mocap4r2_control_msgs/lib:/home/jozef/ros2_ws/install/message_filters/lib:/opt/ros/humble/opt/rviz_ogre_vendor/lib:/opt/ros/humble/lib/x86_64-linux-gnu:/opt/ros/humble/lib /usr/bin/cmake --install /home/jozef/ros2_ws/build/mrpt_nav_interfaces
[1.928s] -- Install configuration: ""
[1.928s] -- Execute custom install script
[1.928s] -- Up-to-date symlink: /home/jozef/ros2_ws/install/mrpt_nav_interfaces/share/ament_index/resource_index/rosidl_interfaces/mrpt_nav_interfaces
[1.929s] -- Up-to-date symlink: /home/jozef/ros2_ws/install/mrpt_nav_interfaces/include/mrpt_nav_interfaces/mrpt_nav_interfaces/action/detail/navigate_goal__functions.h
[1.929s] -- Up-to-date symlink: /home/jozef/ros2_ws/install/mrpt_nav_interfaces/include/mrpt_nav_interfaces/mrpt_nav_interfaces/action/detail/navigate_goal__struct.h
[1.930s] -- Up-to-date symlink: /home/jozef/ros2_ws/install/mrpt_nav_interfaces/include/mrpt_nav_interfaces/mrpt_nav_interfaces/action/detail/navigate_goal__type_support.h
[1.931s] -- Up-to-date symlink: /home/jozef/ros2_ws/install/mrpt_nav_interfaces/include/mrpt_nav_interfaces/mrpt_nav_interfaces/action/detail/navigate_waypoints__functions.h
[1.932s] -- Up-to-date symlink: /home/jozef/ros2_ws/install/mrpt_nav_interfaces/include/mrpt_nav_interfaces/mrpt_nav_interfaces/action/detail/navigate_waypoints__struct.h
[1.934s] -- Up-to-date symlink: /home/jozef/ros2_ws/install/mrpt_nav_interfaces/include/mrpt_nav_interfaces/mrpt_nav_interfaces/action/detail/navigate_waypoints__type_support.h
[1.934s] -- Up-to-date symlink: /home/jozef/ros2_ws/install/mrpt_nav_interfaces/include/mrpt_nav_interfaces/mrpt_nav_interfaces/action/navigate_goal.h
[1.935s] -- Up-to-date symlink: /home/jozef/ros2_ws/install/mrpt_nav_interfaces/include/mrpt_nav_interfaces/mrpt_nav_interfaces/action/navigate_waypoints.h
[1.935s] -- Up-to-date symlink: /home/jozef/ros2_ws/install/mrpt_nav_interfaces/include/mrpt_nav_interfaces/mrpt_nav_interfaces/msg/detail/georeferencing_metadata__functions.h
[1.935s] -- Up-to-date symlink: /home/jozef/ros2_ws/install/mrpt_nav_interfaces/include/mrpt_nav_interfaces/mrpt_nav_interfaces/msg/detail/georeferencing_metadata__struct.h
[1.937s] -- Up-to-date symlink: /home/jozef/ros2_ws/install/mrpt_nav_interfaces/include/mrpt_nav_interfaces/mrpt_nav_interfaces/msg/detail/georeferencing_metadata__type_support.h
[1.937s] -- Up-to-date symlink: /home/jozef/ros2_ws/install/mrpt_nav_interfaces/include/mrpt_nav_interfaces/mrpt_nav_interfaces/msg/detail/navigation_feedback__functions.h
[1.937s] -- Up-to-date symlink: /home/jozef/ros2_ws/install/mrpt_nav_interfaces/include/mrpt_nav_interfaces/mrpt_nav_interfaces/msg/detail/navigation_feedback__struct.h
[1.937s] -- Up-to-date symlink: /home/jozef/ros2_ws/install/mrpt_nav_interfaces/include/mrpt_nav_interfaces/mrpt_nav_interfaces/msg/detail/navigation_feedback__type_support.h
[1.939s] -- Up-to-date symlink: /home/jozef/ros2_ws/install/mrpt_nav_interfaces/include/mrpt_nav_interfaces/mrpt_nav_interfaces/msg/detail/navigation_final_status__functions.h
[1.940s] -- Up-to-date symlink: /home/jozef/ros2_ws/install/mrpt_nav_interfaces/include/mrpt_nav_interfaces/mrpt_nav_interfaces/msg/detail/navigation_final_status__struct.h
[1.943s] -- Up-to-date symlink: /home/jozef/ros2_ws/install/mrpt_nav_interfaces/include/mrpt_nav_interfaces/mrpt_nav_interfaces/msg/detail/navigation_final_status__type_support.h
[1.944s] -- Up-to-date symlink: /home/jozef/ros2_ws/install/mrpt_nav_interfaces/include/mrpt_nav_interfaces/mrpt_nav_interfaces/msg/georeferencing_metadata.h
[1.944s] -- Up-to-date symlink: /home/jozef/ros2_ws/install/mrpt_nav_interfaces/include/mrpt_nav_interfaces/mrpt_nav_interfaces/msg/navigation_feedback.h
[1.944s] -- Up-to-date symlink: /home/jozef/ros2_ws/install/mrpt_nav_interfaces/include/mrpt_nav_interfaces/mrpt_nav_interfaces/msg/navigation_final_status.h
[1.944s] -- Up-to-date symlink: /home/jozef/ros2_ws/install/mrpt_nav_interfaces/include/mrpt_nav_interfaces/mrpt_nav_interfaces/msg/rosidl_generator_c__visibility_control.h
[1.944s] -- Up-to-date symlink: /home/jozef/ros2_ws/install/mrpt_nav_interfaces/include/mrpt_nav_interfaces/mrpt_nav_interfaces/srv/detail/get_gridmap_layer__functions.h
[1.944s] -- Up-to-date symlink: /home/jozef/ros2_ws/install/mrpt_nav_interfaces/include/mrpt_nav_interfaces/mrpt_nav_interfaces/srv/detail/get_gridmap_layer__struct.h
[1.944s] -- Up-to-date symlink: /home/jozef/ros2_ws/install/mrpt_nav_interfaces/include/mrpt_nav_interfaces/mrpt_nav_interfaces/srv/detail/get_gridmap_layer__type_support.h
[1.945s] -- Up-to-date symlink: /home/jozef/ros2_ws/install/mrpt_nav_interfaces/include/mrpt_nav_interfaces/mrpt_nav_interfaces/srv/detail/get_layers__functions.h
[1.945s] -- Up-to-date symlink: /home/jozef/ros2_ws/install/mrpt_nav_interfaces/include/mrpt_nav_interfaces/mrpt_nav_interfaces/srv/detail/get_layers__struct.h
[1.945s] -- Up-to-date symlink: /home/jozef/ros2_ws/install/mrpt_nav_interfaces/include/mrpt_nav_interfaces/mrpt_nav_interfaces/srv/detail/get_layers__type_support.h
[1.945s] -- Up-to-date symlink: /home/jozef/ros2_ws/install/mrpt_nav_interfaces/include/mrpt_nav_interfaces/mrpt_nav_interfaces/srv/detail/get_pointmap_layer__functions.h
[1.945s] -- Up-to-date symlink: /home/jozef/ros2_ws/install/mrpt_nav_interfaces/include/mrpt_nav_interfaces/mrpt_nav_interfaces/srv/detail/get_pointmap_layer__struct.h
[1.948s] -- Up-to-date symlink: /home/jozef/ros2_ws/install/mrpt_nav_interfaces/include/mrpt_nav_interfaces/mrpt_nav_interfaces/srv/detail/get_pointmap_layer__type_support.h
[1.948s] -- Up-to-date symlink: /home/jozef/ros2_ws/install/mrpt_nav_interfaces/include/mrpt_nav_interfaces/mrpt_nav_interfaces/srv/detail/make_plan_from_to__functions.h
[1.948s] -- Up-to-date symlink: /home/jozef/ros2_ws/install/mrpt_nav_interfaces/include/mrpt_nav_interfaces/mrpt_nav_interfaces/srv/detail/make_plan_from_to__struct.h
[1.948s] -- Up-to-date symlink: /home/jozef/ros2_ws/install/mrpt_nav_interfaces/include/mrpt_nav_interfaces/mrpt_nav_interfaces/srv/detail/make_plan_from_to__type_support.h
[1.949s] -- Up-to-date symlink: /home/jozef/ros2_ws/install/mrpt_nav_interfaces/include/mrpt_nav_interfaces/mrpt_nav_interfaces/srv/detail/make_plan_to__functions.h
[1.949s] -- Up-to-date symlink: /home/jozef/ros2_ws/install/mrpt_nav_interfaces/include/mrpt_nav_interfaces/mrpt_nav_interfaces/srv/detail/make_plan_to__struct.h
[1.949s] -- Up-to-date symlink: /home/jozef/ros2_ws/install/mrpt_nav_interfaces/include/mrpt_nav_interfaces/mrpt_nav_interfaces/srv/detail/make_plan_to__type_support.h
[1.949s] -- Up-to-date symlink: /home/jozef/ros2_ws/install/mrpt_nav_interfaces/include/mrpt_nav_interfaces/mrpt_nav_interfaces/srv/get_gridmap_layer.h
[1.949s] -- Up-to-date symlink: /home/jozef/ros2_ws/install/mrpt_nav_interfaces/include/mrpt_nav_interfaces/mrpt_nav_interfaces/srv/get_layers.h
[1.949s] -- Up-to-date symlink: /home/jozef/ros2_ws/install/mrpt_nav_interfaces/include/mrpt_nav_interfaces/mrpt_nav_interfaces/srv/get_pointmap_layer.h
[1.952s] -- Up-to-date symlink: /home/jozef/ros2_ws/install/mrpt_nav_interfaces/include/mrpt_nav_interfaces/mrpt_nav_interfaces/srv/make_plan_from_to.h
[1.952s] -- Up-to-date symlink: /home/jozef/ros2_ws/install/mrpt_nav_interfaces/include/mrpt_nav_interfaces/mrpt_nav_interfaces/srv/make_plan_to.h
[1.952s] -- Up-to-date symlink: /home/jozef/ros2_ws/install/mrpt_nav_interfaces/share/mrpt_nav_interfaces/environment/library_path.sh
[1.952s] -- Up-to-date symlink: /home/jozef/ros2_ws/install/mrpt_nav_interfaces/share/mrpt_nav_interfaces/environment/library_path.dsv
[1.953s] -- Up-to-date symlink: /home/jozef/ros2_ws/install/mrpt_nav_interfaces/include/mrpt_nav_interfaces/mrpt_nav_interfaces/action/detail/navigate_goal__rosidl_typesupport_fastrtps_c.h
[1.953s] -- Up-to-date symlink: /home/jozef/ros2_ws/install/mrpt_nav_interfaces/include/mrpt_nav_interfaces/mrpt_nav_interfaces/action/detail/navigate_waypoints__rosidl_typesupport_fastrtps_c.h
[1.953s] -- Up-to-date symlink: /home/jozef/ros2_ws/install/mrpt_nav_interfaces/include/mrpt_nav_interfaces/mrpt_nav_interfaces/msg/detail/georeferencing_metadata__rosidl_typesupport_fastrtps_c.h
[1.954s] -- Up-to-date symlink: /home/jozef/ros2_ws/install/mrpt_nav_interfaces/include/mrpt_nav_interfaces/mrpt_nav_interfaces/msg/detail/navigation_feedback__rosidl_typesupport_fastrtps_c.h
[1.954s] -- Up-to-date symlink: /home/jozef/ros2_ws/install/mrpt_nav_interfaces/include/mrpt_nav_interfaces/mrpt_nav_interfaces/msg/detail/navigation_final_status__rosidl_typesupport_fastrtps_c.h
[1.954s] -- Up-to-date symlink: /home/jozef/ros2_ws/install/mrpt_nav_interfaces/include/mrpt_nav_interfaces/mrpt_nav_interfaces/msg/rosidl_typesupport_fastrtps_c__visibility_control.h
[1.955s] -- Up-to-date symlink: /home/jozef/ros2_ws/install/mrpt_nav_interfaces/include/mrpt_nav_interfaces/mrpt_nav_interfaces/srv/detail/get_gridmap_layer__rosidl_typesupport_fastrtps_c.h
[1.956s] -- Up-to-date symlink: /home/jozef/ros2_ws/install/mrpt_nav_interfaces/include/mrpt_nav_interfaces/mrpt_nav_interfaces/srv/detail/get_layers__rosidl_typesupport_fastrtps_c.h
[1.956s] -- Up-to-date symlink: /home/jozef/ros2_ws/install/mrpt_nav_interfaces/include/mrpt_nav_interfaces/mrpt_nav_interfaces/srv/detail/get_pointmap_layer__rosidl_typesupport_fastrtps_c.h
[1.957s] -- Up-to-date symlink: /home/jozef/ros2_ws/install/mrpt_nav_interfaces/include/mrpt_nav_interfaces/mrpt_nav_interfaces/srv/detail/make_plan_from_to__rosidl_typesupport_fastrtps_c.h
[1.957s] -- Up-to-date symlink: /home/jozef/ros2_ws/install/mrpt_nav_interfaces/include/mrpt_nav_interfaces/mrpt_nav_interfaces/srv/detail/make_plan_to__rosidl_typesupport_fastrtps_c.h
[1.959s] -- Up-to-date symlink: /home/jozef/ros2_ws/install/mrpt_nav_interfaces/include/mrpt_nav_interfaces/mrpt_nav_interfaces/action/detail/navigate_goal__rosidl_typesupport_introspection_c.h
[1.959s] -- Up-to-date symlink: /home/jozef/ros2_ws/install/mrpt_nav_interfaces/include/mrpt_nav_interfaces/mrpt_nav_interfaces/action/detail/navigate_waypoints__rosidl_typesupport_introspection_c.h
[1.960s] -- Up-to-date symlink: /home/jozef/ros2_ws/install/mrpt_nav_interfaces/include/mrpt_nav_interfaces/mrpt_nav_interfaces/msg/detail/georeferencing_metadata__rosidl_typesupport_introspection_c.h
[1.960s] -- Up-to-date symlink: /home/jozef/ros2_ws/install/mrpt_nav_interfaces/include/mrpt_nav_interfaces/mrpt_nav_interfaces/msg/detail/navigation_feedback__rosidl_typesupport_introspection_c.h
[1.962s] -- Up-to-date symlink: /home/jozef/ros2_ws/install/mrpt_nav_interfaces/include/mrpt_nav_interfaces/mrpt_nav_interfaces/msg/detail/navigation_final_status__rosidl_typesupport_introspection_c.h
[1.962s] -- Up-to-date symlink: /home/jozef/ros2_ws/install/mrpt_nav_interfaces/include/mrpt_nav_interfaces/mrpt_nav_interfaces/msg/rosidl_typesupport_introspection_c__visibility_control.h
[1.962s] -- Up-to-date symlink: /home/jozef/ros2_ws/install/mrpt_nav_interfaces/include/mrpt_nav_interfaces/mrpt_nav_interfaces/srv/detail/get_gridmap_layer__rosidl_typesupport_introspection_c.h
[1.962s] -- Up-to-date symlink: /home/jozef/ros2_ws/install/mrpt_nav_interfaces/include/mrpt_nav_interfaces/mrpt_nav_interfaces/srv/detail/get_layers__rosidl_typesupport_introspection_c.h
[1.963s] -- Up-to-date symlink: /home/jozef/ros2_ws/install/mrpt_nav_interfaces/include/mrpt_nav_interfaces/mrpt_nav_interfaces/srv/detail/get_pointmap_layer__rosidl_typesupport_introspection_c.h
[1.963s] -- Up-to-date symlink: /home/jozef/ros2_ws/install/mrpt_nav_interfaces/include/mrpt_nav_interfaces/mrpt_nav_interfaces/srv/detail/make_plan_from_to__rosidl_typesupport_introspection_c.h
[1.964s] -- Up-to-date symlink: /home/jozef/ros2_ws/install/mrpt_nav_interfaces/include/mrpt_nav_interfaces/mrpt_nav_interfaces/srv/detail/make_plan_to__rosidl_typesupport_introspection_c.h
[1.965s] -- Up-to-date symlink: /home/jozef/ros2_ws/install/mrpt_nav_interfaces/include/mrpt_nav_interfaces/mrpt_nav_interfaces/action/detail/navigate_goal__builder.hpp
[1.966s] -- Up-to-date symlink: /home/jozef/ros2_ws/install/mrpt_nav_interfaces/include/mrpt_nav_interfaces/mrpt_nav_interfaces/action/detail/navigate_goal__struct.hpp
[1.966s] -- Up-to-date symlink: /home/jozef/ros2_ws/install/mrpt_nav_interfaces/include/mrpt_nav_interfaces/mrpt_nav_interfaces/action/detail/navigate_goal__traits.hpp
[1.966s] -- Up-to-date symlink: /home/jozef/ros2_ws/install/mrpt_nav_interfaces/include/mrpt_nav_interfaces/mrpt_nav_interfaces/action/detail/navigate_goal__type_support.hpp
[1.966s] -- Up-to-date symlink: /home/jozef/ros2_ws/install/mrpt_nav_interfaces/include/mrpt_nav_interfaces/mrpt_nav_interfaces/action/detail/navigate_waypoints__builder.hpp
[1.967s] -- Up-to-date symlink: /home/jozef/ros2_ws/install/mrpt_nav_interfaces/include/mrpt_nav_interfaces/mrpt_nav_interfaces/action/detail/navigate_waypoints__struct.hpp
[1.968s] -- Up-to-date symlink: /home/jozef/ros2_ws/install/mrpt_nav_interfaces/include/mrpt_nav_interfaces/mrpt_nav_interfaces/action/detail/navigate_waypoints__traits.hpp
[1.968s] -- Up-to-date symlink: /home/jozef/ros2_ws/install/mrpt_nav_interfaces/include/mrpt_nav_interfaces/mrpt_nav_interfaces/action/detail/navigate_waypoints__type_support.hpp
[1.968s] -- Up-to-date symlink: /home/jozef/ros2_ws/install/mrpt_nav_interfaces/include/mrpt_nav_interfaces/mrpt_nav_interfaces/action/navigate_goal.hpp
[1.969s] -- Up-to-date symlink: /home/jozef/ros2_ws/install/mrpt_nav_interfaces/include/mrpt_nav_interfaces/mrpt_nav_interfaces/action/navigate_waypoints.hpp
[1.969s] -- Up-to-date symlink: /home/jozef/ros2_ws/install/mrpt_nav_interfaces/include/mrpt_nav_interfaces/mrpt_nav_interfaces/msg/detail/georeferencing_metadata__builder.hpp
[1.969s] -- Up-to-date symlink: /home/jozef/ros2_ws/install/mrpt_nav_interfaces/include/mrpt_nav_interfaces/mrpt_nav_interfaces/msg/detail/georeferencing_metadata__struct.hpp
[1.969s] -- Up-to-date symlink: /home/jozef/ros2_ws/install/mrpt_nav_interfaces/include/mrpt_nav_interfaces/mrpt_nav_interfaces/msg/detail/georeferencing_metadata__traits.hpp
[1.972s] -- Up-to-date symlink: /home/jozef/ros2_ws/install/mrpt_nav_interfaces/include/mrpt_nav_interfaces/mrpt_nav_interfaces/msg/detail/georeferencing_metadata__type_support.hpp
[1.972s] -- Up-to-date symlink: /home/jozef/ros2_ws/install/mrpt_nav_interfaces/include/mrpt_nav_interfaces/mrpt_nav_interfaces/msg/detail/navigation_feedback__builder.hpp
[1.972s] -- Up-to-date symlink: /home/jozef/ros2_ws/install/mrpt_nav_interfaces/include/mrpt_nav_interfaces/mrpt_nav_interfaces/msg/detail/navigation_feedback__struct.hpp
[1.972s] -- Up-to-date symlink: /home/jozef/ros2_ws/install/mrpt_nav_interfaces/include/mrpt_nav_interfaces/mrpt_nav_interfaces/msg/detail/navigation_feedback__traits.hpp
[1.973s] -- Up-to-date symlink: /home/jozef/ros2_ws/install/mrpt_nav_interfaces/include/mrpt_nav_interfaces/mrpt_nav_interfaces/msg/detail/navigation_feedback__type_support.hpp
[1.973s] -- Up-to-date symlink: /home/jozef/ros2_ws/install/mrpt_nav_interfaces/include/mrpt_nav_interfaces/mrpt_nav_interfaces/msg/detail/navigation_final_status__builder.hpp
[1.973s] -- Up-to-date symlink: /home/jozef/ros2_ws/install/mrpt_nav_interfaces/include/mrpt_nav_interfaces/mrpt_nav_interfaces/msg/detail/navigation_final_status__struct.hpp
[1.973s] -- Up-to-date symlink: /home/jozef/ros2_ws/install/mrpt_nav_interfaces/include/mrpt_nav_interfaces/mrpt_nav_interfaces/msg/detail/navigation_final_status__traits.hpp
[1.973s] -- Up-to-date symlink: /home/jozef/ros2_ws/install/mrpt_nav_interfaces/include/mrpt_nav_interfaces/mrpt_nav_interfaces/msg/detail/navigation_final_status__type_support.hpp
[1.973s] -- Up-to-date symlink: /home/jozef/ros2_ws/install/mrpt_nav_interfaces/include/mrpt_nav_interfaces/mrpt_nav_interfaces/msg/georeferencing_metadata.hpp
[1.973s] -- Up-to-date symlink: /home/jozef/ros2_ws/install/mrpt_nav_interfaces/include/mrpt_nav_interfaces/mrpt_nav_interfaces/msg/navigation_feedback.hpp
[1.973s] -- Up-to-date symlink: /home/jozef/ros2_ws/install/mrpt_nav_interfaces/include/mrpt_nav_interfaces/mrpt_nav_interfaces/msg/navigation_final_status.hpp
[1.974s] -- Up-to-date symlink: /home/jozef/ros2_ws/install/mrpt_nav_interfaces/include/mrpt_nav_interfaces/mrpt_nav_interfaces/msg/rosidl_generator_cpp__visibility_control.hpp
[1.974s] -- Up-to-date symlink: /home/jozef/ros2_ws/install/mrpt_nav_interfaces/include/mrpt_nav_interfaces/mrpt_nav_interfaces/srv/detail/get_gridmap_layer__builder.hpp
[1.974s] -- Up-to-date symlink: /home/jozef/ros2_ws/install/mrpt_nav_interfaces/include/mrpt_nav_interfaces/mrpt_nav_interfaces/srv/detail/get_gridmap_layer__struct.hpp
[1.976s] -- Up-to-date symlink: /home/jozef/ros2_ws/install/mrpt_nav_interfaces/include/mrpt_nav_interfaces/mrpt_nav_interfaces/srv/detail/get_gridmap_layer__traits.hpp
[1.976s] -- Up-to-date symlink: /home/jozef/ros2_ws/install/mrpt_nav_interfaces/include/mrpt_nav_interfaces/mrpt_nav_interfaces/srv/detail/get_gridmap_layer__type_support.hpp
[1.976s] -- Up-to-date symlink: /home/jozef/ros2_ws/install/mrpt_nav_interfaces/include/mrpt_nav_interfaces/mrpt_nav_interfaces/srv/detail/get_layers__builder.hpp
[1.977s] -- Up-to-date symlink: /home/jozef/ros2_ws/install/mrpt_nav_interfaces/include/mrpt_nav_interfaces/mrpt_nav_interfaces/srv/detail/get_layers__struct.hpp
[1.977s] -- Up-to-date symlink: /home/jozef/ros2_ws/install/mrpt_nav_interfaces/include/mrpt_nav_interfaces/mrpt_nav_interfaces/srv/detail/get_layers__traits.hpp
[1.977s] -- Up-to-date symlink: /home/jozef/ros2_ws/install/mrpt_nav_interfaces/include/mrpt_nav_interfaces/mrpt_nav_interfaces/srv/detail/get_layers__type_support.hpp
[1.977s] -- Up-to-date symlink: /home/jozef/ros2_ws/install/mrpt_nav_interfaces/include/mrpt_nav_interfaces/mrpt_nav_interfaces/srv/detail/get_pointmap_layer__builder.hpp
[1.978s] -- Up-to-date symlink: /home/jozef/ros2_ws/install/mrpt_nav_interfaces/include/mrpt_nav_interfaces/mrpt_nav_interfaces/srv/detail/get_pointmap_layer__struct.hpp
[1.980s] -- Up-to-date symlink: /home/jozef/ros2_ws/install/mrpt_nav_interfaces/include/mrpt_nav_interfaces/mrpt_nav_interfaces/srv/detail/get_pointmap_layer__traits.hpp
[1.980s] -- Up-to-date symlink: /home/jozef/ros2_ws/install/mrpt_nav_interfaces/include/mrpt_nav_interfaces/mrpt_nav_interfaces/srv/detail/get_pointmap_layer__type_support.hpp
[1.980s] -- Up-to-date symlink: /home/jozef/ros2_ws/install/mrpt_nav_interfaces/include/mrpt_nav_interfaces/mrpt_nav_interfaces/srv/detail/make_plan_from_to__builder.hpp
[1.980s] -- Up-to-date symlink: /home/jozef/ros2_ws/install/mrpt_nav_interfaces/include/mrpt_nav_interfaces/mrpt_nav_interfaces/srv/detail/make_plan_from_to__struct.hpp
[1.980s] -- Up-to-date symlink: /home/jozef/ros2_ws/install/mrpt_nav_interfaces/include/mrpt_nav_interfaces/mrpt_nav_interfaces/srv/detail/make_plan_from_to__traits.hpp
[1.980s] -- Up-to-date symlink: /home/jozef/ros2_ws/install/mrpt_nav_interfaces/include/mrpt_nav_interfaces/mrpt_nav_interfaces/srv/detail/make_plan_from_to__type_support.hpp
[1.981s] -- Up-to-date symlink: /home/jozef/ros2_ws/install/mrpt_nav_interfaces/include/mrpt_nav_interfaces/mrpt_nav_interfaces/srv/detail/make_plan_to__builder.hpp
[1.981s] -- Up-to-date symlink: /home/jozef/ros2_ws/install/mrpt_nav_interfaces/include/mrpt_nav_interfaces/mrpt_nav_interfaces/srv/detail/make_plan_to__struct.hpp
[1.981s] -- Up-to-date symlink: /home/jozef/ros2_ws/install/mrpt_nav_interfaces/include/mrpt_nav_interfaces/mrpt_nav_interfaces/srv/detail/make_plan_to__traits.hpp
[1.982s] -- Up-to-date symlink: /home/jozef/ros2_ws/install/mrpt_nav_interfaces/include/mrpt_nav_interfaces/mrpt_nav_interfaces/srv/detail/make_plan_to__type_support.hpp
[1.982s] -- Up-to-date symlink: /home/jozef/ros2_ws/install/mrpt_nav_interfaces/include/mrpt_nav_interfaces/mrpt_nav_interfaces/srv/get_gridmap_layer.hpp
[1.983s] -- Up-to-date symlink: /home/jozef/ros2_ws/install/mrpt_nav_interfaces/include/mrpt_nav_interfaces/mrpt_nav_interfaces/srv/get_layers.hpp
[1.983s] -- Up-to-date symlink: /home/jozef/ros2_ws/install/mrpt_nav_interfaces/include/mrpt_nav_interfaces/mrpt_nav_interfaces/srv/get_pointmap_layer.hpp
[1.983s] -- Up-to-date symlink: /home/jozef/ros2_ws/install/mrpt_nav_interfaces/include/mrpt_nav_interfaces/mrpt_nav_interfaces/srv/make_plan_from_to.hpp
[1.983s] -- Up-to-date symlink: /home/jozef/ros2_ws/install/mrpt_nav_interfaces/include/mrpt_nav_interfaces/mrpt_nav_interfaces/srv/make_plan_to.hpp
[1.985s] -- Up-to-date symlink: /home/jozef/ros2_ws/install/mrpt_nav_interfaces/include/mrpt_nav_interfaces/mrpt_nav_interfaces/action/detail/navigate_goal__rosidl_typesupport_fastrtps_cpp.hpp
[1.985s] -- Up-to-date symlink: /home/jozef/ros2_ws/install/mrpt_nav_interfaces/include/mrpt_nav_interfaces/mrpt_nav_interfaces/action/detail/navigate_waypoints__rosidl_typesupport_fastrtps_cpp.hpp
[1.985s] -- Up-to-date symlink: /home/jozef/ros2_ws/install/mrpt_nav_interfaces/include/mrpt_nav_interfaces/mrpt_nav_interfaces/msg/detail/georeferencing_metadata__rosidl_typesupport_fastrtps_cpp.hpp
[1.985s] -- Up-to-date symlink: /home/jozef/ros2_ws/install/mrpt_nav_interfaces/include/mrpt_nav_interfaces/mrpt_nav_interfaces/msg/detail/navigation_feedback__rosidl_typesupport_fastrtps_cpp.hpp
[1.986s] -- Up-to-date symlink: /home/jozef/ros2_ws/install/mrpt_nav_interfaces/include/mrpt_nav_interfaces/mrpt_nav_interfaces/msg/detail/navigation_final_status__rosidl_typesupport_fastrtps_cpp.hpp
[1.986s] -- Up-to-date symlink: /home/jozef/ros2_ws/install/mrpt_nav_interfaces/include/mrpt_nav_interfaces/mrpt_nav_interfaces/msg/rosidl_typesupport_fastrtps_cpp__visibility_control.h
[1.986s] -- Up-to-date symlink: /home/jozef/ros2_ws/install/mrpt_nav_interfaces/include/mrpt_nav_interfaces/mrpt_nav_interfaces/srv/detail/get_gridmap_layer__rosidl_typesupport_fastrtps_cpp.hpp
[1.986s] -- Up-to-date symlink: /home/jozef/ros2_ws/install/mrpt_nav_interfaces/include/mrpt_nav_interfaces/mrpt_nav_interfaces/srv/detail/get_layers__rosidl_typesupport_fastrtps_cpp.hpp
[1.986s] -- Up-to-date symlink: /home/jozef/ros2_ws/install/mrpt_nav_interfaces/include/mrpt_nav_interfaces/mrpt_nav_interfaces/srv/detail/get_pointmap_layer__rosidl_typesupport_fastrtps_cpp.hpp
[1.987s] -- Up-to-date symlink: /home/jozef/ros2_ws/install/mrpt_nav_interfaces/include/mrpt_nav_interfaces/mrpt_nav_interfaces/srv/detail/make_plan_from_to__rosidl_typesupport_fastrtps_cpp.hpp
[1.987s] -- Up-to-date symlink: /home/jozef/ros2_ws/install/mrpt_nav_interfaces/include/mrpt_nav_interfaces/mrpt_nav_interfaces/srv/detail/make_plan_to__rosidl_typesupport_fastrtps_cpp.hpp
[1.988s] -- Up-to-date symlink: /home/jozef/ros2_ws/install/mrpt_nav_interfaces/include/mrpt_nav_interfaces/mrpt_nav_interfaces/action/detail/navigate_goal__rosidl_typesupport_introspection_cpp.hpp
[1.988s] -- Up-to-date symlink: /home/jozef/ros2_ws/install/mrpt_nav_interfaces/include/mrpt_nav_interfaces/mrpt_nav_interfaces/action/detail/navigate_waypoints__rosidl_typesupport_introspection_cpp.hpp
[1.989s] -- Up-to-date symlink: /home/jozef/ros2_ws/install/mrpt_nav_interfaces/include/mrpt_nav_interfaces/mrpt_nav_interfaces/msg/detail/georeferencing_metadata__rosidl_typesupport_introspection_cpp.hpp
[1.989s] -- Up-to-date symlink: /home/jozef/ros2_ws/install/mrpt_nav_interfaces/include/mrpt_nav_interfaces/mrpt_nav_interfaces/msg/detail/navigation_feedback__rosidl_typesupport_introspection_cpp.hpp
[1.989s] -- Up-to-date symlink: /home/jozef/ros2_ws/install/mrpt_nav_interfaces/include/mrpt_nav_interfaces/mrpt_nav_interfaces/msg/detail/navigation_final_status__rosidl_typesupport_introspection_cpp.hpp
[1.990s] -- Up-to-date symlink: /home/jozef/ros2_ws/install/mrpt_nav_interfaces/include/mrpt_nav_interfaces/mrpt_nav_interfaces/srv/detail/get_gridmap_layer__rosidl_typesupport_introspection_cpp.hpp
[1.991s] -- Up-to-date symlink: /home/jozef/ros2_ws/install/mrpt_nav_interfaces/include/mrpt_nav_interfaces/mrpt_nav_interfaces/srv/detail/get_layers__rosidl_typesupport_introspection_cpp.hpp
[1.992s] -- Up-to-date symlink: /home/jozef/ros2_ws/install/mrpt_nav_interfaces/include/mrpt_nav_interfaces/mrpt_nav_interfaces/srv/detail/get_pointmap_layer__rosidl_typesupport_introspection_cpp.hpp
[1.996s] -- Up-to-date symlink: /home/jozef/ros2_ws/install/mrpt_nav_interfaces/include/mrpt_nav_interfaces/mrpt_nav_interfaces/srv/detail/make_plan_from_to__rosidl_typesupport_introspection_cpp.hpp
[1.996s] -- Up-to-date symlink: /home/jozef/ros2_ws/install/mrpt_nav_interfaces/include/mrpt_nav_interfaces/mrpt_nav_interfaces/srv/detail/make_plan_to__rosidl_typesupport_introspection_cpp.hpp
[1.996s] -- Up-to-date symlink: /home/jozef/ros2_ws/install/mrpt_nav_interfaces/share/mrpt_nav_interfaces/environment/pythonpath.sh
[1.996s] -- Up-to-date symlink: /home/jozef/ros2_ws/install/mrpt_nav_interfaces/share/mrpt_nav_interfaces/environment/pythonpath.dsv
[1.998s] -- Up-to-date symlink: /home/jozef/ros2_ws/install/mrpt_nav_interfaces/local/lib/python3.10/dist-packages/mrpt_nav_interfaces-2.2.1-py3.10.egg-info/PKG-INFO
[1.998s] -- Up-to-date symlink: /home/jozef/ros2_ws/install/mrpt_nav_interfaces/local/lib/python3.10/dist-packages/mrpt_nav_interfaces-2.2.1-py3.10.egg-info/SOURCES.txt
[2.000s] -- Up-to-date symlink: /home/jozef/ros2_ws/install/mrpt_nav_interfaces/local/lib/python3.10/dist-packages/mrpt_nav_interfaces-2.2.1-py3.10.egg-info/dependency_links.txt
[2.001s] -- Up-to-date symlink: /home/jozef/ros2_ws/install/mrpt_nav_interfaces/local/lib/python3.10/dist-packages/mrpt_nav_interfaces-2.2.1-py3.10.egg-info/top_level.txt
[2.001s] -- Up-to-date symlink: /home/jozef/ros2_ws/install/mrpt_nav_interfaces/local/lib/python3.10/dist-packages/mrpt_nav_interfaces/__init__.py
[2.001s] -- Up-to-date symlink: /home/jozef/ros2_ws/install/mrpt_nav_interfaces/local/lib/python3.10/dist-packages/mrpt_nav_interfaces/_mrpt_nav_interfaces_s.ep.rosidl_typesupport_c.c
[2.002s] -- Up-to-date symlink: /home/jozef/ros2_ws/install/mrpt_nav_interfaces/local/lib/python3.10/dist-packages/mrpt_nav_interfaces/_mrpt_nav_interfaces_s.ep.rosidl_typesupport_fastrtps_c.c
[2.003s] -- Up-to-date symlink: /home/jozef/ros2_ws/install/mrpt_nav_interfaces/local/lib/python3.10/dist-packages/mrpt_nav_interfaces/_mrpt_nav_interfaces_s.ep.rosidl_typesupport_introspection_c.c
[2.004s] -- Up-to-date symlink: /home/jozef/ros2_ws/install/mrpt_nav_interfaces/local/lib/python3.10/dist-packages/mrpt_nav_interfaces/action/__init__.py
[2.005s] -- Up-to-date symlink: /home/jozef/ros2_ws/install/mrpt_nav_interfaces/local/lib/python3.10/dist-packages/mrpt_nav_interfaces/action/_navigate_goal.py
[2.005s] -- Up-to-date symlink: /home/jozef/ros2_ws/install/mrpt_nav_interfaces/local/lib/python3.10/dist-packages/mrpt_nav_interfaces/action/_navigate_goal_s.c
[2.005s] -- Up-to-date symlink: /home/jozef/ros2_ws/install/mrpt_nav_interfaces/local/lib/python3.10/dist-packages/mrpt_nav_interfaces/action/_navigate_waypoints.py
[2.005s] -- Up-to-date symlink: /home/jozef/ros2_ws/install/mrpt_nav_interfaces/local/lib/python3.10/dist-packages/mrpt_nav_interfaces/action/_navigate_waypoints_s.c
[2.005s] -- Up-to-date symlink: /home/jozef/ros2_ws/install/mrpt_nav_interfaces/local/lib/python3.10/dist-packages/mrpt_nav_interfaces/libmrpt_nav_interfaces__rosidl_generator_py.so
[2.005s] -- Up-to-date symlink: /home/jozef/ros2_ws/install/mrpt_nav_interfaces/local/lib/python3.10/dist-packages/mrpt_nav_interfaces/mrpt_nav_interfaces_s__rosidl_typesupport_c.cpython-310-x86_64-linux-gnu.so
[2.006s] -- Up-to-date symlink: /home/jozef/ros2_ws/install/mrpt_nav_interfaces/local/lib/python3.10/dist-packages/mrpt_nav_interfaces/mrpt_nav_interfaces_s__rosidl_typesupport_fastrtps_c.cpython-310-x86_64-linux-gnu.so
[2.007s] -- Up-to-date symlink: /home/jozef/ros2_ws/install/mrpt_nav_interfaces/local/lib/python3.10/dist-packages/mrpt_nav_interfaces/mrpt_nav_interfaces_s__rosidl_typesupport_introspection_c.cpython-310-x86_64-linux-gnu.so
[2.007s] -- Up-to-date symlink: /home/jozef/ros2_ws/install/mrpt_nav_interfaces/local/lib/python3.10/dist-packages/mrpt_nav_interfaces/msg/__init__.py
[2.007s] -- Up-to-date symlink: /home/jozef/ros2_ws/install/mrpt_nav_interfaces/local/lib/python3.10/dist-packages/mrpt_nav_interfaces/msg/_georeferencing_metadata.py
[2.007s] -- Up-to-date symlink: /home/jozef/ros2_ws/install/mrpt_nav_interfaces/local/lib/python3.10/dist-packages/mrpt_nav_interfaces/msg/_georeferencing_metadata_s.c
[2.008s] -- Up-to-date symlink: /home/jozef/ros2_ws/install/mrpt_nav_interfaces/local/lib/python3.10/dist-packages/mrpt_nav_interfaces/msg/_navigation_feedback.py
[2.008s] -- Up-to-date symlink: /home/jozef/ros2_ws/install/mrpt_nav_interfaces/local/lib/python3.10/dist-packages/mrpt_nav_interfaces/msg/_navigation_feedback_s.c
[2.013s] -- Up-to-date symlink: /home/jozef/ros2_ws/install/mrpt_nav_interfaces/local/lib/python3.10/dist-packages/mrpt_nav_interfaces/msg/_navigation_final_status.py
[2.013s] -- Up-to-date symlink: /home/jozef/ros2_ws/install/mrpt_nav_interfaces/local/lib/python3.10/dist-packages/mrpt_nav_interfaces/msg/_navigation_final_status_s.c
[2.013s] -- Up-to-date symlink: /home/jozef/ros2_ws/install/mrpt_nav_interfaces/local/lib/python3.10/dist-packages/mrpt_nav_interfaces/srv/__init__.py
[2.013s] -- Up-to-date symlink: /home/jozef/ros2_ws/install/mrpt_nav_interfaces/local/lib/python3.10/dist-packages/mrpt_nav_interfaces/srv/_get_gridmap_layer.py
[2.013s] -- Up-to-date symlink: /home/jozef/ros2_ws/install/mrpt_nav_interfaces/local/lib/python3.10/dist-packages/mrpt_nav_interfaces/srv/_get_gridmap_layer_s.c
[2.014s] -- Up-to-date symlink: /home/jozef/ros2_ws/install/mrpt_nav_interfaces/local/lib/python3.10/dist-packages/mrpt_nav_interfaces/srv/_get_layers.py
[2.015s] -- Up-to-date symlink: /home/jozef/ros2_ws/install/mrpt_nav_interfaces/local/lib/python3.10/dist-packages/mrpt_nav_interfaces/srv/_get_layers_s.c
[2.015s] -- Up-to-date symlink: /home/jozef/ros2_ws/install/mrpt_nav_interfaces/local/lib/python3.10/dist-packages/mrpt_nav_interfaces/srv/_get_pointmap_layer.py
[2.015s] -- Up-to-date symlink: /home/jozef/ros2_ws/install/mrpt_nav_interfaces/local/lib/python3.10/dist-packages/mrpt_nav_interfaces/srv/_get_pointmap_layer_s.c
[2.016s] -- Up-to-date symlink: /home/jozef/ros2_ws/install/mrpt_nav_interfaces/local/lib/python3.10/dist-packages/mrpt_nav_interfaces/srv/_make_plan_from_to.py
[2.016s] -- Up-to-date symlink: /home/jozef/ros2_ws/install/mrpt_nav_interfaces/local/lib/python3.10/dist-packages/mrpt_nav_interfaces/srv/_make_plan_from_to_s.c
[2.016s] -- Up-to-date symlink: /home/jozef/ros2_ws/install/mrpt_nav_interfaces/local/lib/python3.10/dist-packages/mrpt_nav_interfaces/srv/_make_plan_to.py
[2.016s] -- Up-to-date symlink: /home/jozef/ros2_ws/install/mrpt_nav_interfaces/local/lib/python3.10/dist-packages/mrpt_nav_interfaces/srv/_make_plan_to_s.c
[2.017s] -- Up-to-date symlink: /home/jozef/ros2_ws/install/mrpt_nav_interfaces/local/lib/python3.10/dist-packages/mrpt_nav_interfaces/mrpt_nav_interfaces_s__rosidl_typesupport_fastrtps_c.cpython-310-x86_64-linux-gnu.so
[2.017s] -- Up-to-date symlink: /home/jozef/ros2_ws/install/mrpt_nav_interfaces/local/lib/python3.10/dist-packages/mrpt_nav_interfaces/mrpt_nav_interfaces_s__rosidl_typesupport_introspection_c.cpython-310-x86_64-linux-gnu.so
[2.021s] -- Up-to-date symlink: /home/jozef/ros2_ws/install/mrpt_nav_interfaces/local/lib/python3.10/dist-packages/mrpt_nav_interfaces/mrpt_nav_interfaces_s__rosidl_typesupport_c.cpython-310-x86_64-linux-gnu.so
[2.023s] -- Up-to-date symlink: /home/jozef/ros2_ws/install/mrpt_nav_interfaces/share/mrpt_nav_interfaces/action/NavigateGoal.idl
[2.023s] -- Up-to-date symlink: /home/jozef/ros2_ws/install/mrpt_nav_interfaces/share/mrpt_nav_interfaces/action/NavigateWaypoints.idl
[2.023s] -- Up-to-date symlink: /home/jozef/ros2_ws/install/mrpt_nav_interfaces/share/mrpt_nav_interfaces/msg/GeoreferencingMetadata.idl
[2.023s] -- Up-to-date symlink: /home/jozef/ros2_ws/install/mrpt_nav_interfaces/share/mrpt_nav_interfaces/msg/NavigationFeedback.idl
[2.025s] -- Up-to-date symlink: /home/jozef/ros2_ws/install/mrpt_nav_interfaces/share/mrpt_nav_interfaces/msg/NavigationFinalStatus.idl
[2.025s] -- Up-to-date symlink: /home/jozef/ros2_ws/install/mrpt_nav_interfaces/share/mrpt_nav_interfaces/srv/GetLayers.idl
[2.030s] -- Up-to-date symlink: /home/jozef/ros2_ws/install/mrpt_nav_interfaces/share/mrpt_nav_interfaces/srv/GetGridmapLayer.idl
[2.031s] -- Up-to-date symlink: /home/jozef/ros2_ws/install/mrpt_nav_interfaces/share/mrpt_nav_interfaces/srv/GetPointmapLayer.idl
[2.032s] -- Up-to-date symlink: /home/jozef/ros2_ws/install/mrpt_nav_interfaces/share/mrpt_nav_interfaces/srv/MakePlanFromTo.idl
[2.032s] -- Up-to-date symlink: /home/jozef/ros2_ws/install/mrpt_nav_interfaces/share/mrpt_nav_interfaces/srv/MakePlanTo.idl
[2.032s] -- Up-to-date symlink: /home/jozef/ros2_ws/install/mrpt_nav_interfaces/share/mrpt_nav_interfaces/action/NavigateGoal.action
[2.032s] -- Up-to-date symlink: /home/jozef/ros2_ws/install/mrpt_nav_interfaces/share/mrpt_nav_interfaces/action/NavigateWaypoints.action
[2.033s] -- Up-to-date symlink: /home/jozef/ros2_ws/install/mrpt_nav_interfaces/share/mrpt_nav_interfaces/msg/GeoreferencingMetadata.msg
[2.035s] -- Up-to-date symlink: /home/jozef/ros2_ws/install/mrpt_nav_interfaces/share/mrpt_nav_interfaces/msg/NavigationFeedback.msg
[2.035s] -- Up-to-date symlink: /home/jozef/ros2_ws/install/mrpt_nav_interfaces/share/mrpt_nav_interfaces/msg/NavigationFinalStatus.msg
[2.036s] -- Up-to-date symlink: /home/jozef/ros2_ws/install/mrpt_nav_interfaces/share/mrpt_nav_interfaces/srv/GetLayers.srv
[2.037s] -- Up-to-date symlink: /home/jozef/ros2_ws/install/mrpt_nav_interfaces/share/mrpt_nav_interfaces/srv/GetLayers_Request.msg
[2.038s] -- Up-to-date symlink: /home/jozef/ros2_ws/install/mrpt_nav_interfaces/share/mrpt_nav_interfaces/srv/GetLayers_Response.msg
[2.040s] -- Up-to-date symlink: /home/jozef/ros2_ws/install/mrpt_nav_interfaces/share/mrpt_nav_interfaces/srv/GetGridmapLayer.srv
[2.041s] -- Up-to-date symlink: /home/jozef/ros2_ws/install/mrpt_nav_interfaces/share/mrpt_nav_interfaces/srv/GetGridmapLayer_Request.msg
[2.041s] -- Up-to-date symlink: /home/jozef/ros2_ws/install/mrpt_nav_interfaces/share/mrpt_nav_interfaces/srv/GetGridmapLayer_Response.msg
[2.042s] -- Up-to-date symlink: /home/jozef/ros2_ws/install/mrpt_nav_interfaces/share/mrpt_nav_interfaces/srv/GetPointmapLayer.srv
[2.042s] -- Up-to-date symlink: /home/jozef/ros2_ws/install/mrpt_nav_interfaces/share/mrpt_nav_interfaces/srv/GetPointmapLayer_Request.msg
[2.042s] -- Up-to-date symlink: /home/jozef/ros2_ws/install/mrpt_nav_interfaces/share/mrpt_nav_interfaces/srv/GetPointmapLayer_Response.msg
[2.042s] -- Up-to-date symlink: /home/jozef/ros2_ws/install/mrpt_nav_interfaces/share/mrpt_nav_interfaces/srv/MakePlanFromTo.srv
[2.042s] -- Up-to-date symlink: /home/jozef/ros2_ws/install/mrpt_nav_interfaces/share/mrpt_nav_interfaces/srv/MakePlanFromTo_Request.msg
[2.042s] -- Up-to-date symlink: /home/jozef/ros2_ws/install/mrpt_nav_interfaces/share/mrpt_nav_interfaces/srv/MakePlanFromTo_Response.msg
[2.043s] -- Up-to-date symlink: /home/jozef/ros2_ws/install/mrpt_nav_interfaces/share/mrpt_nav_interfaces/srv/MakePlanTo.srv
[2.043s] -- Up-to-date symlink: /home/jozef/ros2_ws/install/mrpt_nav_interfaces/share/mrpt_nav_interfaces/srv/MakePlanTo_Request.msg
[2.043s] -- Up-to-date symlink: /home/jozef/ros2_ws/install/mrpt_nav_interfaces/share/mrpt_nav_interfaces/srv/MakePlanTo_Response.msg
[2.046s] -- Up-to-date symlink: /home/jozef/ros2_ws/install/mrpt_nav_interfaces/share/ament_index/resource_index/package_run_dependencies/mrpt_nav_interfaces
[2.046s] -- Up-to-date symlink: /home/jozef/ros2_ws/install/mrpt_nav_interfaces/share/ament_index/resource_index/parent_prefix_path/mrpt_nav_interfaces
[2.047s] -- Up-to-date symlink: /home/jozef/ros2_ws/install/mrpt_nav_interfaces/share/mrpt_nav_interfaces/environment/ament_prefix_path.sh
[2.047s] -- Up-to-date symlink: /home/jozef/ros2_ws/install/mrpt_nav_interfaces/share/mrpt_nav_interfaces/environment/ament_prefix_path.dsv
[2.047s] -- Up-to-date symlink: /home/jozef/ros2_ws/install/mrpt_nav_interfaces/share/mrpt_nav_interfaces/environment/path.sh
[2.047s] -- Up-to-date symlink: /home/jozef/ros2_ws/install/mrpt_nav_interfaces/share/mrpt_nav_interfaces/environment/path.dsv
[2.047s] -- Up-to-date symlink: /home/jozef/ros2_ws/install/mrpt_nav_interfaces/share/mrpt_nav_interfaces/local_setup.bash
[2.047s] -- Up-to-date symlink: /home/jozef/ros2_ws/install/mrpt_nav_interfaces/share/mrpt_nav_interfaces/local_setup.sh
[2.048s] -- Up-to-date symlink: /home/jozef/ros2_ws/install/mrpt_nav_interfaces/share/mrpt_nav_interfaces/local_setup.zsh
[2.048s] -- Up-to-date symlink: /home/jozef/ros2_ws/install/mrpt_nav_interfaces/share/mrpt_nav_interfaces/local_setup.dsv
[2.048s] -- Symlinking: /home/jozef/ros2_ws/install/mrpt_nav_interfaces/share/mrpt_nav_interfaces/package.dsv
[2.098s] -- Up-to-date symlink: /home/jozef/ros2_ws/install/mrpt_nav_interfaces/share/ament_index/resource_index/packages/mrpt_nav_interfaces
[2.099s] -- Up-to-date symlink: /home/jozef/ros2_ws/install/mrpt_nav_interfaces/share/mrpt_nav_interfaces/cmake/rosidl_cmake-extras.cmake
[2.100s] -- Up-to-date symlink: /home/jozef/ros2_ws/install/mrpt_nav_interfaces/share/mrpt_nav_interfaces/cmake/ament_cmake_export_dependencies-extras.cmake
[2.100s] -- Up-to-date symlink: /home/jozef/ros2_ws/install/mrpt_nav_interfaces/share/mrpt_nav_interfaces/cmake/ament_cmake_export_include_directories-extras.cmake
[2.102s] -- Up-to-date symlink: /home/jozef/ros2_ws/install/mrpt_nav_interfaces/share/mrpt_nav_interfaces/cmake/ament_cmake_export_libraries-extras.cmake
[2.102s] -- Up-to-date symlink: /home/jozef/ros2_ws/install/mrpt_nav_interfaces/share/mrpt_nav_interfaces/cmake/ament_cmake_export_targets-extras.cmake
[2.107s] -- Up-to-date symlink: /home/jozef/ros2_ws/install/mrpt_nav_interfaces/share/mrpt_nav_interfaces/cmake/rosidl_cmake_export_typesupport_targets-extras.cmake
[2.107s] -- Up-to-date symlink: /home/jozef/ros2_ws/install/mrpt_nav_interfaces/share/mrpt_nav_interfaces/cmake/rosidl_cmake_export_typesupport_libraries-extras.cmake
[2.107s] -- Up-to-date symlink: /home/jozef/ros2_ws/install/mrpt_nav_interfaces/share/mrpt_nav_interfaces/cmake/mrpt_nav_interfacesConfig.cmake
[2.108s] -- Up-to-date symlink: /home/jozef/ros2_ws/install/mrpt_nav_interfaces/share/mrpt_nav_interfaces/cmake/mrpt_nav_interfacesConfig-version.cmake
[2.108s] -- Up-to-date symlink: /home/jozef/ros2_ws/install/mrpt_nav_interfaces/share/mrpt_nav_interfaces/package.xml
[2.108s] -- Up-to-date: /home/jozef/ros2_ws/install/mrpt_nav_interfaces/lib/libmrpt_nav_interfaces__rosidl_generator_c.so
[2.111s] -- Up-to-date: /home/jozef/ros2_ws/install/mrpt_nav_interfaces/lib/libmrpt_nav_interfaces__rosidl_typesupport_fastrtps_c.so
[2.111s] -- Up-to-date: /home/jozef/ros2_ws/install/mrpt_nav_interfaces/lib/libmrpt_nav_interfaces__rosidl_typesupport_introspection_c.so
[2.111s] -- Up-to-date: /home/jozef/ros2_ws/install/mrpt_nav_interfaces/lib/libmrpt_nav_interfaces__rosidl_typesupport_c.so
[2.113s] -- Up-to-date: /home/jozef/ros2_ws/install/mrpt_nav_interfaces/lib/libmrpt_nav_interfaces__rosidl_typesupport_fastrtps_cpp.so
[2.127s] -- Up-to-date: /home/jozef/ros2_ws/install/mrpt_nav_interfaces/lib/libmrpt_nav_interfaces__rosidl_typesupport_introspection_cpp.so
[2.127s] -- Up-to-date: /home/jozef/ros2_ws/install/mrpt_nav_interfaces/lib/libmrpt_nav_interfaces__rosidl_typesupport_cpp.so
[2.288s] Listing '/home/jozef/ros2_ws/install/mrpt_nav_interfaces/local/lib/python3.10/dist-packages/mrpt_nav_interfaces'...
[2.288s] Listing '/home/jozef/ros2_ws/install/mrpt_nav_interfaces/local/lib/python3.10/dist-packages/mrpt_nav_interfaces/action'...
[2.289s] Listing '/home/jozef/ros2_ws/install/mrpt_nav_interfaces/local/lib/python3.10/dist-packages/mrpt_nav_interfaces/msg'...
[2.289s] Listing '/home/jozef/ros2_ws/install/mrpt_nav_interfaces/local/lib/python3.10/dist-packages/mrpt_nav_interfaces/srv'...
[2.306s] -- Up-to-date: /home/jozef/ros2_ws/install/mrpt_nav_interfaces/lib/libmrpt_nav_interfaces__rosidl_generator_py.so
[2.312s] -- Up-to-date: /home/jozef/ros2_ws/install/mrpt_nav_interfaces/share/mrpt_nav_interfaces/cmake/export_mrpt_nav_interfaces__rosidl_generator_cExport.cmake
[2.313s] -- Up-to-date: /home/jozef/ros2_ws/install/mrpt_nav_interfaces/share/mrpt_nav_interfaces/cmake/export_mrpt_nav_interfaces__rosidl_generator_cExport-noconfig.cmake
[2.313s] -- Up-to-date: /home/jozef/ros2_ws/install/mrpt_nav_interfaces/share/mrpt_nav_interfaces/cmake/export_mrpt_nav_interfaces__rosidl_typesupport_fastrtps_cExport.cmake
[2.317s] -- Up-to-date: /home/jozef/ros2_ws/install/mrpt_nav_interfaces/share/mrpt_nav_interfaces/cmake/export_mrpt_nav_interfaces__rosidl_typesupport_fastrtps_cExport-noconfig.cmake
[2.317s] -- Up-to-date: /home/jozef/ros2_ws/install/mrpt_nav_interfaces/share/mrpt_nav_interfaces/cmake/mrpt_nav_interfaces__rosidl_typesupport_introspection_cExport.cmake
[2.317s] -- Up-to-date: /home/jozef/ros2_ws/install/mrpt_nav_interfaces/share/mrpt_nav_interfaces/cmake/mrpt_nav_interfaces__rosidl_typesupport_introspection_cExport-noconfig.cmake
[2.317s] -- Up-to-date: /home/jozef/ros2_ws/install/mrpt_nav_interfaces/share/mrpt_nav_interfaces/cmake/mrpt_nav_interfaces__rosidl_typesupport_cExport.cmake
[2.317s] -- Up-to-date: /home/jozef/ros2_ws/install/mrpt_nav_interfaces/share/mrpt_nav_interfaces/cmake/mrpt_nav_interfaces__rosidl_typesupport_cExport-noconfig.cmake
[2.317s] -- Up-to-date: /home/jozef/ros2_ws/install/mrpt_nav_interfaces/share/mrpt_nav_interfaces/cmake/export_mrpt_nav_interfaces__rosidl_generator_cppExport.cmake
[2.318s] -- Up-to-date: /home/jozef/ros2_ws/install/mrpt_nav_interfaces/share/mrpt_nav_interfaces/cmake/export_mrpt_nav_interfaces__rosidl_typesupport_fastrtps_cppExport.cmake
[2.318s] -- Up-to-date: /home/jozef/ros2_ws/install/mrpt_nav_interfaces/share/mrpt_nav_interfaces/cmake/export_mrpt_nav_interfaces__rosidl_typesupport_fastrtps_cppExport-noconfig.cmake
[2.318s] -- Up-to-date: /home/jozef/ros2_ws/install/mrpt_nav_interfaces/share/mrpt_nav_interfaces/cmake/mrpt_nav_interfaces__rosidl_typesupport_introspection_cppExport.cmake
[2.318s] -- Up-to-date: /home/jozef/ros2_ws/install/mrpt_nav_interfaces/share/mrpt_nav_interfaces/cmake/mrpt_nav_interfaces__rosidl_typesupport_introspection_cppExport-noconfig.cmake
[2.325s] -- Up-to-date: /home/jozef/ros2_ws/install/mrpt_nav_interfaces/share/mrpt_nav_interfaces/cmake/mrpt_nav_interfaces__rosidl_typesupport_cppExport.cmake
[2.325s] -- Up-to-date: /home/jozef/ros2_ws/install/mrpt_nav_interfaces/share/mrpt_nav_interfaces/cmake/mrpt_nav_interfaces__rosidl_typesupport_cppExport-noconfig.cmake
[2.325s] -- Up-to-date: /home/jozef/ros2_ws/install/mrpt_nav_interfaces/share/mrpt_nav_interfaces/cmake/export_mrpt_nav_interfaces__rosidl_generator_pyExport.cmake
[2.325s] -- Up-to-date: /home/jozef/ros2_ws/install/mrpt_nav_interfaces/share/mrpt_nav_interfaces/cmake/export_mrpt_nav_interfaces__rosidl_generator_pyExport-noconfig.cmake
[2.348s] Invoked command in '/home/jozef/ros2_ws/build/mrpt_nav_interfaces' returned '0': CMAKE_PREFIX_PATH=/home/jozef/ros2_ws/install/tb2_control:/home/jozef/ros2_ws/install/tb2_bringup:/home/jozef/ros2_ws/install/mocap4r2cli:/home/jozef/ros2_ws/install/localization_benchmarking:/opt/ros/humble:/home/jozef/ros2_ws/install/mrpt_msgs:/home/jozef/ros2_ws/install/tb2_slam:/home/jozef/ros2_ws/install/rqt_mocap4r2_control:/home/jozef/ros2_ws/install/neo_localization2:/home/jozef/ros2_ws/install/mrpt_navigation:/home/jozef/ros2_ws/install/mrpt_tutorials:/home/jozef/ros2_ws/install/mrpt_tps_astar_planner:/home/jozef/ros2_ws/install/mrpt_reactivenav2d:/home/jozef/ros2_ws/install/mrpt_rawlog:/home/jozef/ros2_ws/install/mrpt_pointcloud_pipeline:/home/jozef/ros2_ws/install/mrpt_pf_localization:/home/jozef/ros2_ws/install/mrpt_map_server:/home/jozef/ros2_ws/install/mrpt_nav_interfaces:/home/jozef/ros2_ws/install/mrpt_msgs_bridge:/home/jozef/ros2_ws/install/mocap4r2_robot_gt:/home/jozef/ros2_ws/install/mocap4r2_robot_gt_msgs:/home/jozef/ros2_ws/install/mocap4r2_optitrack_driver:/home/jozef/ros2_ws/install/mocap4r2_marker_viz:/home/jozef/ros2_ws/install/mocap4r2_marker_publisher:/home/jozef/ros2_ws/install/mocap4r2_dummy_driver:/home/jozef/ros2_ws/install/mocap4r2_msgs:/home/jozef/ros2_ws/install/mocap4r2_marker_viz_srvs:/home/jozef/ros2_ws/install/mocap4r2_control:/home/jozef/ros2_ws/install/mocap4r2_control_msgs:/home/jozef/ros2_ws/install/message_filters LD_LIBRARY_PATH=/home/jozef/ros2_ws/install/mrpt_msgs/lib:/home/jozef/ros2_ws/install/rqt_mocap4r2_control/lib:/home/jozef/ros2_ws/install/neo_localization2/lib:/home/jozef/ros2_ws/install/mrpt_pointcloud_pipeline/lib:/home/jozef/ros2_ws/install/mrpt_pf_localization/lib:/home/jozef/ros2_ws/install/mrpt_nav_interfaces/lib:/home/jozef/ros2_ws/install/mocap4r2_robot_gt/lib:/home/jozef/ros2_ws/install/mocap4r2_robot_gt_msgs/lib:/home/jozef/ros2_ws/install/mocap4r2_optitrack_driver/lib:/home/jozef/ros2_ws/install/mocap4r2_msgs/lib:/home/jozef/ros2_ws/install/mocap4r2_marker_viz_srvs/lib:/home/jozef/ros2_ws/install/mocap4r2_control/lib:/home/jozef/ros2_ws/install/mocap4r2_control_msgs/lib:/home/jozef/ros2_ws/install/message_filters/lib:/opt/ros/humble/opt/rviz_ogre_vendor/lib:/opt/ros/humble/lib/x86_64-linux-gnu:/opt/ros/humble/lib /usr/bin/cmake --install /home/jozef/ros2_ws/build/mrpt_nav_interfaces
