In file included from [01m[K/opt/ros/humble/include/mrpt/core/include/mrpt/core/exceptions.h:14[m[K,
                 from [01m[K/opt/ros/humble/include/mrpt/math/include/mrpt/math/TPoseOrPoint.h:11[m[K,
                 from [01m[K/opt/ros/humble/include/mrpt/math/include/mrpt/math/TTwist3D.h:11[m[K,
                 from [01m[K/home/jozef/ros2_ws/src/mrpt_navigation/mrpt_pf_localization/include/mrpt_pf_localization_node.h:11[m[K,
                 from [01m[K/home/jozef/ros2_ws/src/mrpt_navigation/mrpt_pf_localization/src/mrpt_pf_localization_component.cpp:9[m[K,
                 from [01m[K/home/jozef/ros2_ws/src/mrpt_navigation/mrpt_pf_localization/src/main.cpp:10[m[K:
[01m[K/home/jozef/ros2_ws/src/mrpt_navigation/mrpt_pf_localization/src/mrpt_pf_localization_component.cpp:[m[K In member function ‘[01m[Kvoid PFLocalizationNode::loop()[m[K’:
[01m[K/home/jozef/ros2_ws/src/mrpt_navigation/mrpt_pf_localization/src/mrpt_pf_localization_component.cpp:292:9:[m[K [01;36m[Knote: [m[K‘[01m[K#pragma message: TODO: pub quality metrics[m[K’
  292 |         [01;36m[KMRPT_TODO[m[K("pub quality metrics");
      |         [01;36m[K^~~~~~~~~[m[K
[01m[K/home/jozef/ros2_ws/src/mrpt_navigation/mrpt_pf_localization/src/mrpt_pf_localization_component.cpp:[m[K In member function ‘[01m[Kvoid PFLocalizationNode::update_tf_pub_data()[m[K’:
[01m[K/home/jozef/ros2_ws/src/mrpt_navigation/mrpt_pf_localization/src/mrpt_pf_localization_component.cpp:623:9:[m[K [01;36m[Knote: [m[K‘[01m[K#pragma message: TODO: Use param: no_update_tolerance[m[K’
  623 |         [01;36m[KMRPT_TODO[m[K("Use param: no_update_tolerance");
      |         [01;36m[K^~~~~~~~~[m[K
In file included from [01m[K/opt/ros/humble/include/mrpt/core/include/mrpt/core/exceptions.h:14[m[K,
                 from [01m[K/opt/ros/humble/include/mrpt/math/include/mrpt/math/TPoseOrPoint.h:11[m[K,
                 from [01m[K/opt/ros/humble/include/mrpt/math/include/mrpt/math/TTwist3D.h:11[m[K,
                 from [01m[K/home/jozef/ros2_ws/src/mrpt_navigation/mrpt_pf_localization/include/mrpt_pf_localization_node.h:11[m[K,
                 from [01m[K/home/jozef/ros2_ws/src/mrpt_navigation/mrpt_pf_localization/src/mrpt_pf_localization_component.cpp:9[m[K:
[01m[K/home/jozef/ros2_ws/src/mrpt_navigation/mrpt_pf_localization/src/mrpt_pf_localization_component.cpp:[m[K In member function ‘[01m[Kvoid PFLocalizationNode::loop()[m[K’:
[01m[K/home/jozef/ros2_ws/src/mrpt_navigation/mrpt_pf_localization/src/mrpt_pf_localization_component.cpp:292:9:[m[K [01;36m[Knote: [m[K‘[01m[K#pragma message: TODO: pub quality metrics[m[K’
  292 |         [01;36m[KMRPT_TODO[m[K("pub quality metrics");
      |         [01;36m[K^~~~~~~~~[m[K
[01m[K/home/jozef/ros2_ws/src/mrpt_navigation/mrpt_pf_localization/src/mrpt_pf_localization_component.cpp:[m[K In member function ‘[01m[Kvoid PFLocalizationNode::update_tf_pub_data()[m[K’:
[01m[K/home/jozef/ros2_ws/src/mrpt_navigation/mrpt_pf_localization/src/mrpt_pf_localization_component.cpp:623:9:[m[K [01;36m[Knote: [m[K‘[01m[K#pragma message: TODO: Use param: no_update_tolerance[m[K’
  623 |         [01;36m[KMRPT_TODO[m[K("Use param: no_update_tolerance");
      |         [01;36m[K^~~~~~~~~[m[K
