[0.068s] Invoking command in '/home/jozef/ros2_ws/build/mrpt_tutorials': CMAKE_PREFIX_PATH=/opt/ros/humble /usr/bin/cmake --build /home/jozef/ros2_ws/build/mrpt_tutorials -- -j8 -l8
[0.749s] Invoked command in '/home/jozef/ros2_ws/build/mrpt_tutorials' returned '0': CMAKE_PREFIX_PATH=/opt/ros/humble /usr/bin/cmake --build /home/jozef/ros2_ws/build/mrpt_tutorials -- -j8 -l8
[0.750s] Invoking command in '/home/jozef/ros2_ws/build/mrpt_tutorials': CMAKE_PREFIX_PATH=/opt/ros/humble /usr/bin/cmake --install /home/jozef/ros2_ws/build/mrpt_tutorials
[0.868s] -- Install configuration: ""
[0.868s] -- Execute custom install script
[0.868s] -- Up-to-date symlink: /home/jozef/ros2_ws/install/mrpt_tutorials/share/mrpt_tutorials/datasets/README.md
[0.869s] -- Up-to-date symlink: /home/jozef/ros2_ws/install/mrpt_tutorials/share/mrpt_tutorials/datasets/driving_in_office.rawlog
[0.869s] -- Up-to-date symlink: /home/jozef/ros2_ws/install/mrpt_tutorials/share/mrpt_tutorials/datasets/driving_in_office_obs.rawlog
[0.869s] -- Up-to-date symlink: /home/jozef/ros2_ws/install/mrpt_tutorials/share/mrpt_tutorials/launch/demo_astar_planner_gridmap.launch.py
[0.875s] -- Up-to-date symlink: /home/jozef/ros2_ws/install/mrpt_tutorials/share/mrpt_tutorials/launch/demo_composable_nodes.launch.py
[0.875s] -- Up-to-date symlink: /home/jozef/ros2_ws/install/mrpt_tutorials/share/mrpt_tutorials/launch/demo_localization_pf_mvsim_2d_lidar.launch.py
[0.876s] -- Up-to-date symlink: /home/jozef/ros2_ws/install/mrpt_tutorials/share/mrpt_tutorials/launch/demo_map_server_from_mm.launch.py
[0.876s] -- Up-to-date symlink: /home/jozef/ros2_ws/install/mrpt_tutorials/share/mrpt_tutorials/launch/demo_map_server_gridmap_from_yaml.launch.py
[0.876s] -- Up-to-date symlink: /home/jozef/ros2_ws/install/mrpt_tutorials/share/mrpt_tutorials/launch/demo_pointcloud_pipeline_mvsim.launch.py
[0.876s] -- Up-to-date symlink: /home/jozef/ros2_ws/install/mrpt_tutorials/share/mrpt_tutorials/launch/demo_reactive_nav_mvsim.launch.py
[0.876s] -- Up-to-date symlink: /home/jozef/ros2_ws/install/mrpt_tutorials/share/mrpt_tutorials/launch/demo_ro.launch
[0.876s] -- Up-to-date symlink: /home/jozef/ros2_ws/install/mrpt_tutorials/share/mrpt_tutorials/maps/demo_world2.png
[0.876s] -- Up-to-date symlink: /home/jozef/ros2_ws/install/mrpt_tutorials/share/mrpt_tutorials/maps/demo_world2.yaml
[0.876s] -- Up-to-date symlink: /home/jozef/ros2_ws/install/mrpt_tutorials/share/mrpt_tutorials/maps/gh25_real_top_laser.simplemap
[0.877s] -- Up-to-date symlink: /home/jozef/ros2_ws/install/mrpt_tutorials/share/mrpt_tutorials/maps/gh25_simulated.simplemap
[0.877s] -- Up-to-date symlink: /home/jozef/ros2_ws/install/mrpt_tutorials/share/mrpt_tutorials/maps/lab7.yaml
[0.877s] -- Up-to-date symlink: /home/jozef/ros2_ws/install/mrpt_tutorials/share/mrpt_tutorials/mvsim/demo_world2.world.xml
[0.877s] -- Up-to-date symlink: /home/jozef/ros2_ws/install/mrpt_tutorials/share/mrpt_tutorials/params/mvsim_ros2_params.yaml
[0.877s] -- Up-to-date symlink: /home/jozef/ros2_ws/install/mrpt_tutorials/share/mrpt_tutorials/rviz2/gridmap.rviz
[0.877s] -- Up-to-date symlink: /home/jozef/ros2_ws/install/mrpt_tutorials/share/mrpt_tutorials/rviz2/rnav_demo.rviz
[0.877s] -- Up-to-date symlink: /home/jozef/ros2_ws/install/mrpt_tutorials/share/ament_index/resource_index/package_run_dependencies/mrpt_tutorials
[0.877s] -- Up-to-date symlink: /home/jozef/ros2_ws/install/mrpt_tutorials/share/ament_index/resource_index/parent_prefix_path/mrpt_tutorials
[0.878s] -- Up-to-date symlink: /home/jozef/ros2_ws/install/mrpt_tutorials/share/mrpt_tutorials/environment/ament_prefix_path.sh
[0.878s] -- Up-to-date symlink: /home/jozef/ros2_ws/install/mrpt_tutorials/share/mrpt_tutorials/environment/ament_prefix_path.dsv
[0.878s] -- Up-to-date symlink: /home/jozef/ros2_ws/install/mrpt_tutorials/share/mrpt_tutorials/environment/path.sh
[0.878s] -- Up-to-date symlink: /home/jozef/ros2_ws/install/mrpt_tutorials/share/mrpt_tutorials/environment/path.dsv
[0.878s] -- Up-to-date symlink: /home/jozef/ros2_ws/install/mrpt_tutorials/share/mrpt_tutorials/local_setup.bash
[0.895s] -- Up-to-date symlink: /home/jozef/ros2_ws/install/mrpt_tutorials/share/mrpt_tutorials/local_setup.sh
[0.895s] -- Up-to-date symlink: /home/jozef/ros2_ws/install/mrpt_tutorials/share/mrpt_tutorials/local_setup.zsh
[0.895s] -- Up-to-date symlink: /home/jozef/ros2_ws/install/mrpt_tutorials/share/mrpt_tutorials/local_setup.dsv
[0.896s] -- Symlinking: /home/jozef/ros2_ws/install/mrpt_tutorials/share/mrpt_tutorials/package.dsv
[0.897s] -- Up-to-date symlink: /home/jozef/ros2_ws/install/mrpt_tutorials/share/ament_index/resource_index/packages/mrpt_tutorials
[0.909s] -- Up-to-date symlink: /home/jozef/ros2_ws/install/mrpt_tutorials/share/mrpt_tutorials/cmake/mrpt_tutorialsConfig.cmake
[0.910s] -- Up-to-date symlink: /home/jozef/ros2_ws/install/mrpt_tutorials/share/mrpt_tutorials/cmake/mrpt_tutorialsConfig-version.cmake
[0.910s] -- Up-to-date symlink: /home/jozef/ros2_ws/install/mrpt_tutorials/share/mrpt_tutorials/package.xml
[1.102s] Invoked command in '/home/jozef/ros2_ws/build/mrpt_tutorials' returned '0': CMAKE_PREFIX_PATH=/opt/ros/humble /usr/bin/cmake --install /home/jozef/ros2_ws/build/mrpt_tutorials
