[0.065s] Invoking command in '/home/jozef/ros2_ws/build/mrpt_pointcloud_pipeline': CMAKE_PREFIX_PATH=${CMAKE_PREFIX_PATH}:/home/jozef/ros2_ws/install/tb2_control:/opt/ros/humble /usr/bin/cmake --build /home/jozef/ros2_ws/build/mrpt_pointcloud_pipeline -- -j8 -l8
[0.210s] [35m[1mConsolidate compiler generated dependencies of target mrpt_pointcloud_pipeline_composable[0m
[0.210s] [35m[1mConsolidate compiler generated dependencies of target mrpt_pointcloud_pipeline_node[0m
[0.212s] [35m[1mConsolidate compiler generated dependencies of target mrpt_pointcloud_pipeline_component[0m
[0.309s] [ 50%] Built target mrpt_pointcloud_pipeline_component
[0.312s] [ 66%] Built target mrpt_pointcloud_pipeline_composable
[0.333s] [100%] Built target mrpt_pointcloud_pipeline_node
[0.385s] Invoked command in '/home/jozef/ros2_ws/build/mrpt_pointcloud_pipeline' returned '0': CMAKE_PREFIX_PATH=${CMAKE_PREFIX_PATH}:/home/jozef/ros2_ws/install/tb2_control:/opt/ros/humble /usr/bin/cmake --build /home/jozef/ros2_ws/build/mrpt_pointcloud_pipeline -- -j8 -l8
[0.386s] Invoking command in '/home/jozef/ros2_ws/build/mrpt_pointcloud_pipeline': CMAKE_PREFIX_PATH=${CMAKE_PREFIX_PATH}:/home/jozef/ros2_ws/install/tb2_control:/opt/ros/humble /usr/bin/cmake --install /home/jozef/ros2_ws/build/mrpt_pointcloud_pipeline
[1.051s] -- Install configuration: ""
[1.052s] -- Execute custom install script
[1.052s] -- Up-to-date symlink: /home/jozef/ros2_ws/install/mrpt_pointcloud_pipeline/lib/mrpt_pointcloud_pipeline/mrpt_pointcloud_pipeline_composable
[1.052s] -- Up-to-date symlink: /home/jozef/ros2_ws/install/mrpt_pointcloud_pipeline/share/mrpt_pointcloud_pipeline/launch/pointcloud_pipeline.launch.py
[1.052s] -- Up-to-date symlink: /home/jozef/ros2_ws/install/mrpt_pointcloud_pipeline/share/mrpt_pointcloud_pipeline/params/point-cloud-pipeline.yaml
[1.054s] -- Up-to-date symlink: /home/jozef/ros2_ws/install/mrpt_pointcloud_pipeline/share/ament_index/resource_index/package_run_dependencies/mrpt_pointcloud_pipeline
[1.054s] -- Up-to-date symlink: /home/jozef/ros2_ws/install/mrpt_pointcloud_pipeline/share/ament_index/resource_index/parent_prefix_path/mrpt_pointcloud_pipeline
[1.055s] -- Up-to-date symlink: /home/jozef/ros2_ws/install/mrpt_pointcloud_pipeline/share/mrpt_pointcloud_pipeline/environment/ament_prefix_path.sh
[1.055s] -- Up-to-date symlink: /home/jozef/ros2_ws/install/mrpt_pointcloud_pipeline/share/mrpt_pointcloud_pipeline/environment/ament_prefix_path.dsv
[1.055s] -- Up-to-date symlink: /home/jozef/ros2_ws/install/mrpt_pointcloud_pipeline/share/mrpt_pointcloud_pipeline/environment/path.sh
[1.059s] -- Up-to-date symlink: /home/jozef/ros2_ws/install/mrpt_pointcloud_pipeline/share/mrpt_pointcloud_pipeline/environment/path.dsv
[1.059s] -- Up-to-date symlink: /home/jozef/ros2_ws/install/mrpt_pointcloud_pipeline/share/mrpt_pointcloud_pipeline/local_setup.bash
[1.059s] -- Up-to-date symlink: /home/jozef/ros2_ws/install/mrpt_pointcloud_pipeline/share/mrpt_pointcloud_pipeline/local_setup.sh
[1.059s] -- Up-to-date symlink: /home/jozef/ros2_ws/install/mrpt_pointcloud_pipeline/share/mrpt_pointcloud_pipeline/local_setup.zsh
[1.059s] -- Up-to-date symlink: /home/jozef/ros2_ws/install/mrpt_pointcloud_pipeline/share/mrpt_pointcloud_pipeline/local_setup.dsv
[1.059s] -- Symlinking: /home/jozef/ros2_ws/install/mrpt_pointcloud_pipeline/share/mrpt_pointcloud_pipeline/package.dsv
[1.060s] -- Up-to-date symlink: /home/jozef/ros2_ws/install/mrpt_pointcloud_pipeline/share/ament_index/resource_index/packages/mrpt_pointcloud_pipeline
[1.060s] -- Up-to-date symlink: /home/jozef/ros2_ws/install/mrpt_pointcloud_pipeline/share/ament_index/resource_index/rclcpp_components/mrpt_pointcloud_pipeline
[1.060s] -- Up-to-date symlink: /home/jozef/ros2_ws/install/mrpt_pointcloud_pipeline/share/mrpt_pointcloud_pipeline/cmake/mrpt_pointcloud_pipelineConfig.cmake
[1.060s] -- Up-to-date symlink: /home/jozef/ros2_ws/install/mrpt_pointcloud_pipeline/share/mrpt_pointcloud_pipeline/cmake/mrpt_pointcloud_pipelineConfig-version.cmake
[1.060s] -- Up-to-date symlink: /home/jozef/ros2_ws/install/mrpt_pointcloud_pipeline/share/mrpt_pointcloud_pipeline/package.xml
[1.060s] -- Up-to-date: /home/jozef/ros2_ws/install/mrpt_pointcloud_pipeline/lib/libmrpt_pointcloud_pipeline_component.so
[1.060s] -- Up-to-date: /home/jozef/ros2_ws/install/mrpt_pointcloud_pipeline/lib/mrpt_pointcloud_pipeline/mrpt_pointcloud_pipeline_node
[1.109s] Invoked command in '/home/jozef/ros2_ws/build/mrpt_pointcloud_pipeline' returned '0': CMAKE_PREFIX_PATH=${CMAKE_PREFIX_PATH}:/home/jozef/ros2_ws/install/tb2_control:/opt/ros/humble /usr/bin/cmake --install /home/jozef/ros2_ws/build/mrpt_pointcloud_pipeline
