[0.160s] Invoking command in '/home/jozef/ros2_ws/build/mocap4r2_dummy_driver': AMENT_PREFIX_PATH=/home/jozef/ros2_ws/install/mocap4r2_control:/home/jozef/ros2_ws/install/mocap4r2_msgs:/home/jozef/ros2_ws/install/mocap4r2_control_msgs:${AMENT_PREFIX_PATH} CMAKE_PREFIX_PATH=/home/jozef/ros2_ws/install/mocap4r2_control:/home/jozef/ros2_ws/install/mocap4r2_msgs:/home/jozef/ros2_ws/install/mocap4r2_control_msgs:/opt/ros/humble LD_LIBRARY_PATH=/home/jozef/ros2_ws/install/mocap4r2_control/lib:/home/jozef/ros2_ws/install/mocap4r2_msgs/lib:/home/jozef/ros2_ws/install/mocap4r2_control_msgs/lib:${LD_LIBRARY_PATH} PYTHONPATH=/home/jozef/ros2_ws/install/mocap4r2_msgs/local/lib/python3.10/dist-packages:/home/jozef/ros2_ws/install/mocap4r2_control_msgs/local/lib/python3.10/dist-packages:${PYTHONPATH} /usr/bin/cmake --build /home/jozef/ros2_ws/build/mocap4r2_dummy_driver -- -j8 -l8
[0.393s] [ 50%] Built target mocap4r2_dummy_driver
[0.457s] [100%] Built target mocap4r2_dummy_driver_main
[0.613s] Invoked command in '/home/jozef/ros2_ws/build/mocap4r2_dummy_driver' returned '0': AMENT_PREFIX_PATH=/home/jozef/ros2_ws/install/mocap4r2_control:/home/jozef/ros2_ws/install/mocap4r2_msgs:/home/jozef/ros2_ws/install/mocap4r2_control_msgs:${AMENT_PREFIX_PATH} CMAKE_PREFIX_PATH=/home/jozef/ros2_ws/install/mocap4r2_control:/home/jozef/ros2_ws/install/mocap4r2_msgs:/home/jozef/ros2_ws/install/mocap4r2_control_msgs:/opt/ros/humble LD_LIBRARY_PATH=/home/jozef/ros2_ws/install/mocap4r2_control/lib:/home/jozef/ros2_ws/install/mocap4r2_msgs/lib:/home/jozef/ros2_ws/install/mocap4r2_control_msgs/lib:${LD_LIBRARY_PATH} PYTHONPATH=/home/jozef/ros2_ws/install/mocap4r2_msgs/local/lib/python3.10/dist-packages:/home/jozef/ros2_ws/install/mocap4r2_control_msgs/local/lib/python3.10/dist-packages:${PYTHONPATH} /usr/bin/cmake --build /home/jozef/ros2_ws/build/mocap4r2_dummy_driver -- -j8 -l8
[0.624s] Invoking command in '/home/jozef/ros2_ws/build/mocap4r2_dummy_driver': AMENT_PREFIX_PATH=/home/jozef/ros2_ws/install/mocap4r2_control:/home/jozef/ros2_ws/install/mocap4r2_msgs:/home/jozef/ros2_ws/install/mocap4r2_control_msgs:${AMENT_PREFIX_PATH} CMAKE_PREFIX_PATH=/home/jozef/ros2_ws/install/mocap4r2_control:/home/jozef/ros2_ws/install/mocap4r2_msgs:/home/jozef/ros2_ws/install/mocap4r2_control_msgs:/opt/ros/humble LD_LIBRARY_PATH=/home/jozef/ros2_ws/install/mocap4r2_control/lib:/home/jozef/ros2_ws/install/mocap4r2_msgs/lib:/home/jozef/ros2_ws/install/mocap4r2_control_msgs/lib:${LD_LIBRARY_PATH} PYTHONPATH=/home/jozef/ros2_ws/install/mocap4r2_msgs/local/lib/python3.10/dist-packages:/home/jozef/ros2_ws/install/mocap4r2_control_msgs/local/lib/python3.10/dist-packages:${PYTHONPATH} /usr/bin/cmake --install /home/jozef/ros2_ws/build/mocap4r2_dummy_driver
[0.660s] -- Install configuration: ""
[0.660s] -- Execute custom install script
[0.660s] -- Up-to-date symlink: /home/jozef/ros2_ws/install/mocap4r2_dummy_driver/share/mocap4r2_dummy_driver/launch/dummy.launch.py
[0.661s] -- Up-to-date symlink: /home/jozef/ros2_ws/install/mocap4r2_dummy_driver/lib/libmocap4r2_dummy_driver.a
[0.661s] -- Up-to-date symlink: /home/jozef/ros2_ws/install/mocap4r2_dummy_driver/lib/mocap4r2_dummy_driver/mocap4r2_dummy_driver_main
[0.670s] -- Up-to-date symlink: /home/jozef/ros2_ws/install/mocap4r2_dummy_driver/share/ament_index/resource_index/package_run_dependencies/mocap4r2_dummy_driver
[0.670s] -- Up-to-date symlink: /home/jozef/ros2_ws/install/mocap4r2_dummy_driver/share/ament_index/resource_index/parent_prefix_path/mocap4r2_dummy_driver
[0.670s] -- Up-to-date symlink: /home/jozef/ros2_ws/install/mocap4r2_dummy_driver/share/mocap4r2_dummy_driver/environment/ament_prefix_path.sh
[0.670s] -- Up-to-date symlink: /home/jozef/ros2_ws/install/mocap4r2_dummy_driver/share/mocap4r2_dummy_driver/environment/ament_prefix_path.dsv
[0.671s] -- Up-to-date symlink: /home/jozef/ros2_ws/install/mocap4r2_dummy_driver/share/mocap4r2_dummy_driver/environment/path.sh
[0.671s] -- Up-to-date symlink: /home/jozef/ros2_ws/install/mocap4r2_dummy_driver/share/mocap4r2_dummy_driver/environment/path.dsv
[0.680s] -- Up-to-date symlink: /home/jozef/ros2_ws/install/mocap4r2_dummy_driver/share/mocap4r2_dummy_driver/local_setup.bash
[0.680s] -- Up-to-date symlink: /home/jozef/ros2_ws/install/mocap4r2_dummy_driver/share/mocap4r2_dummy_driver/local_setup.sh
[0.680s] -- Up-to-date symlink: /home/jozef/ros2_ws/install/mocap4r2_dummy_driver/share/mocap4r2_dummy_driver/local_setup.zsh
[0.680s] -- Up-to-date symlink: /home/jozef/ros2_ws/install/mocap4r2_dummy_driver/share/mocap4r2_dummy_driver/local_setup.dsv
[0.681s] -- Symlinking: /home/jozef/ros2_ws/install/mocap4r2_dummy_driver/share/mocap4r2_dummy_driver/package.dsv
[0.712s] -- Up-to-date symlink: /home/jozef/ros2_ws/install/mocap4r2_dummy_driver/share/ament_index/resource_index/packages/mocap4r2_dummy_driver
[0.713s] -- Up-to-date symlink: /home/jozef/ros2_ws/install/mocap4r2_dummy_driver/share/mocap4r2_dummy_driver/cmake/ament_cmake_export_dependencies-extras.cmake
[0.715s] -- Up-to-date symlink: /home/jozef/ros2_ws/install/mocap4r2_dummy_driver/share/mocap4r2_dummy_driver/cmake/mocap4r2_dummy_driverConfig.cmake
[0.716s] -- Up-to-date symlink: /home/jozef/ros2_ws/install/mocap4r2_dummy_driver/share/mocap4r2_dummy_driver/cmake/mocap4r2_dummy_driverConfig-version.cmake
[0.717s] -- Up-to-date symlink: /home/jozef/ros2_ws/install/mocap4r2_dummy_driver/share/mocap4r2_dummy_driver/package.xml
[0.727s] Invoked command in '/home/jozef/ros2_ws/build/mocap4r2_dummy_driver' returned '0': AMENT_PREFIX_PATH=/home/jozef/ros2_ws/install/mocap4r2_control:/home/jozef/ros2_ws/install/mocap4r2_msgs:/home/jozef/ros2_ws/install/mocap4r2_control_msgs:${AMENT_PREFIX_PATH} CMAKE_PREFIX_PATH=/home/jozef/ros2_ws/install/mocap4r2_control:/home/jozef/ros2_ws/install/mocap4r2_msgs:/home/jozef/ros2_ws/install/mocap4r2_control_msgs:/opt/ros/humble LD_LIBRARY_PATH=/home/jozef/ros2_ws/install/mocap4r2_control/lib:/home/jozef/ros2_ws/install/mocap4r2_msgs/lib:/home/jozef/ros2_ws/install/mocap4r2_control_msgs/lib:${LD_LIBRARY_PATH} PYTHONPATH=/home/jozef/ros2_ws/install/mocap4r2_msgs/local/lib/python3.10/dist-packages:/home/jozef/ros2_ws/install/mocap4r2_control_msgs/local/lib/python3.10/dist-packages:${PYTHONPATH} /usr/bin/cmake --install /home/jozef/ros2_ws/build/mocap4r2_dummy_driver
