[0.159s] Invoking command in '/home/jozef/ros2_ws/build/mrpt_msgs_bridge': CMAKE_PREFIX_PATH=/home/jozef/ros2_ws/install/mrpt_msgs:/home/jozef/ros2_ws/install/tb2_slam:/home/jozef/ros2_ws/install/neo_localization2:/home/jozef/ros2_ws/install/mrpt_navigation:/home/jozef/ros2_ws/install/mrpt_tutorials:/home/jozef/ros2_ws/install/mrpt_tps_astar_planner:/home/jozef/ros2_ws/install/mrpt_reactivenav2d:/home/jozef/ros2_ws/install/mrpt_rawlog:/home/jozef/ros2_ws/install/mrpt_pointcloud_pipeline:/home/jozef/ros2_ws/install/mrpt_pf_localization:/home/jozef/ros2_ws/install/mrpt_map_server:/home/jozef/ros2_ws/install/mrpt_nav_interfaces:/home/jozef/ros2_ws/install/mrpt_msgs_bridge:/home/jozef/ros2_ws/install/tb2_control:/opt/ros/humble LD_LIBRARY_PATH=/home/jozef/ros2_ws/install/mrpt_msgs/lib:/home/jozef/ros2_ws/install/neo_localization2/lib:/home/jozef/ros2_ws/install/mrpt_pointcloud_pipeline/lib:/home/jozef/ros2_ws/install/mrpt_pf_localization/lib:/home/jozef/ros2_ws/install/mrpt_nav_interfaces/lib:/opt/ros/humble/opt/rviz_ogre_vendor/lib:/opt/ros/humble/lib/x86_64-linux-gnu:/opt/ros/humble/lib /usr/bin/cmake --build /home/jozef/ros2_ws/build/mrpt_msgs_bridge -- -j8 -l8
[0.384s] [100%] Built target mrpt_msgs_bridge
[0.483s] Invoked command in '/home/jozef/ros2_ws/build/mrpt_msgs_bridge' returned '0': CMAKE_PREFIX_PATH=/home/jozef/ros2_ws/install/mrpt_msgs:/home/jozef/ros2_ws/install/tb2_slam:/home/jozef/ros2_ws/install/neo_localization2:/home/jozef/ros2_ws/install/mrpt_navigation:/home/jozef/ros2_ws/install/mrpt_tutorials:/home/jozef/ros2_ws/install/mrpt_tps_astar_planner:/home/jozef/ros2_ws/install/mrpt_reactivenav2d:/home/jozef/ros2_ws/install/mrpt_rawlog:/home/jozef/ros2_ws/install/mrpt_pointcloud_pipeline:/home/jozef/ros2_ws/install/mrpt_pf_localization:/home/jozef/ros2_ws/install/mrpt_map_server:/home/jozef/ros2_ws/install/mrpt_nav_interfaces:/home/jozef/ros2_ws/install/mrpt_msgs_bridge:/home/jozef/ros2_ws/install/tb2_control:/opt/ros/humble LD_LIBRARY_PATH=/home/jozef/ros2_ws/install/mrpt_msgs/lib:/home/jozef/ros2_ws/install/neo_localization2/lib:/home/jozef/ros2_ws/install/mrpt_pointcloud_pipeline/lib:/home/jozef/ros2_ws/install/mrpt_pf_localization/lib:/home/jozef/ros2_ws/install/mrpt_nav_interfaces/lib:/opt/ros/humble/opt/rviz_ogre_vendor/lib:/opt/ros/humble/lib/x86_64-linux-gnu:/opt/ros/humble/lib /usr/bin/cmake --build /home/jozef/ros2_ws/build/mrpt_msgs_bridge -- -j8 -l8
[0.491s] Invoking command in '/home/jozef/ros2_ws/build/mrpt_msgs_bridge': CMAKE_PREFIX_PATH=/home/jozef/ros2_ws/install/mrpt_msgs:/home/jozef/ros2_ws/install/tb2_slam:/home/jozef/ros2_ws/install/neo_localization2:/home/jozef/ros2_ws/install/mrpt_navigation:/home/jozef/ros2_ws/install/mrpt_tutorials:/home/jozef/ros2_ws/install/mrpt_tps_astar_planner:/home/jozef/ros2_ws/install/mrpt_reactivenav2d:/home/jozef/ros2_ws/install/mrpt_rawlog:/home/jozef/ros2_ws/install/mrpt_pointcloud_pipeline:/home/jozef/ros2_ws/install/mrpt_pf_localization:/home/jozef/ros2_ws/install/mrpt_map_server:/home/jozef/ros2_ws/install/mrpt_nav_interfaces:/home/jozef/ros2_ws/install/mrpt_msgs_bridge:/home/jozef/ros2_ws/install/tb2_control:/opt/ros/humble LD_LIBRARY_PATH=/home/jozef/ros2_ws/install/mrpt_msgs/lib:/home/jozef/ros2_ws/install/neo_localization2/lib:/home/jozef/ros2_ws/install/mrpt_pointcloud_pipeline/lib:/home/jozef/ros2_ws/install/mrpt_pf_localization/lib:/home/jozef/ros2_ws/install/mrpt_nav_interfaces/lib:/opt/ros/humble/opt/rviz_ogre_vendor/lib:/opt/ros/humble/lib/x86_64-linux-gnu:/opt/ros/humble/lib /usr/bin/cmake --install /home/jozef/ros2_ws/build/mrpt_msgs_bridge
[0.520s] -- Install configuration: ""
[0.525s] -- Execute custom install script
[0.527s] -- Up-to-date symlink: /home/jozef/ros2_ws/install/mrpt_msgs_bridge/lib/mrpt_msgs_bridge/libmrpt_msgs_bridge.a
[0.527s] -- Up-to-date symlink: /home/jozef/ros2_ws/install/mrpt_msgs_bridge/share/ament_index/resource_index/package_run_dependencies/mrpt_msgs_bridge
[0.528s] -- Up-to-date symlink: /home/jozef/ros2_ws/install/mrpt_msgs_bridge/share/ament_index/resource_index/parent_prefix_path/mrpt_msgs_bridge
[0.530s] -- Up-to-date symlink: /home/jozef/ros2_ws/install/mrpt_msgs_bridge/share/mrpt_msgs_bridge/environment/ament_prefix_path.sh
[0.530s] -- Up-to-date symlink: /home/jozef/ros2_ws/install/mrpt_msgs_bridge/share/mrpt_msgs_bridge/environment/ament_prefix_path.dsv
[0.531s] -- Up-to-date symlink: /home/jozef/ros2_ws/install/mrpt_msgs_bridge/share/mrpt_msgs_bridge/environment/path.sh
[0.532s] -- Up-to-date symlink: /home/jozef/ros2_ws/install/mrpt_msgs_bridge/share/mrpt_msgs_bridge/environment/path.dsv
[0.538s] -- Up-to-date symlink: /home/jozef/ros2_ws/install/mrpt_msgs_bridge/share/mrpt_msgs_bridge/local_setup.bash
[0.538s] -- Up-to-date symlink: /home/jozef/ros2_ws/install/mrpt_msgs_bridge/share/mrpt_msgs_bridge/local_setup.sh
[0.538s] -- Up-to-date symlink: /home/jozef/ros2_ws/install/mrpt_msgs_bridge/share/mrpt_msgs_bridge/local_setup.zsh
[0.538s] -- Up-to-date symlink: /home/jozef/ros2_ws/install/mrpt_msgs_bridge/share/mrpt_msgs_bridge/local_setup.dsv
[0.538s] -- Symlinking: /home/jozef/ros2_ws/install/mrpt_msgs_bridge/share/mrpt_msgs_bridge/package.dsv
[0.565s] -- Up-to-date symlink: /home/jozef/ros2_ws/install/mrpt_msgs_bridge/share/ament_index/resource_index/packages/mrpt_msgs_bridge
[0.567s] -- Up-to-date symlink: /home/jozef/ros2_ws/install/mrpt_msgs_bridge/share/mrpt_msgs_bridge/cmake/ament_cmake_export_targets-extras.cmake
[0.568s] -- Up-to-date symlink: /home/jozef/ros2_ws/install/mrpt_msgs_bridge/share/mrpt_msgs_bridge/cmake/mrpt_msgs_bridgeConfig.cmake
[0.573s] -- Up-to-date symlink: /home/jozef/ros2_ws/install/mrpt_msgs_bridge/share/mrpt_msgs_bridge/cmake/mrpt_msgs_bridgeConfig-version.cmake
[0.573s] -- Up-to-date symlink: /home/jozef/ros2_ws/install/mrpt_msgs_bridge/share/mrpt_msgs_bridge/package.xml
[0.574s] -- Up-to-date: /home/jozef/ros2_ws/install/mrpt_msgs_bridge/include/mrpt_msgs_bridge
[0.574s] -- Up-to-date: /home/jozef/ros2_ws/install/mrpt_msgs_bridge/include/mrpt_msgs_bridge/marker_msgs.hpp
[0.574s] -- Up-to-date: /home/jozef/ros2_ws/install/mrpt_msgs_bridge/include/mrpt_msgs_bridge/beacon.hpp
[0.574s] -- Up-to-date: /home/jozef/ros2_ws/install/mrpt_msgs_bridge/include/mrpt_msgs_bridge/landmark.hpp
[0.574s] -- Up-to-date: /home/jozef/ros2_ws/install/mrpt_msgs_bridge/include/mrpt_msgs_bridge/network_of_poses.hpp
[0.574s] -- Up-to-date: /home/jozef/ros2_ws/install/mrpt_msgs_bridge/lib/libmrpt_msgs_bridge.a
[0.578s] -- Up-to-date: /home/jozef/ros2_ws/install/mrpt_msgs_bridge/share/mrpt_msgs_bridge/cmake/mrpt_msgs_bridgeExport.cmake
[0.578s] -- Up-to-date: /home/jozef/ros2_ws/install/mrpt_msgs_bridge/share/mrpt_msgs_bridge/cmake/mrpt_msgs_bridgeExport-noconfig.cmake
[0.920s] Invoked command in '/home/jozef/ros2_ws/build/mrpt_msgs_bridge' returned '0': CMAKE_PREFIX_PATH=/home/jozef/ros2_ws/install/mrpt_msgs:/home/jozef/ros2_ws/install/tb2_slam:/home/jozef/ros2_ws/install/neo_localization2:/home/jozef/ros2_ws/install/mrpt_navigation:/home/jozef/ros2_ws/install/mrpt_tutorials:/home/jozef/ros2_ws/install/mrpt_tps_astar_planner:/home/jozef/ros2_ws/install/mrpt_reactivenav2d:/home/jozef/ros2_ws/install/mrpt_rawlog:/home/jozef/ros2_ws/install/mrpt_pointcloud_pipeline:/home/jozef/ros2_ws/install/mrpt_pf_localization:/home/jozef/ros2_ws/install/mrpt_map_server:/home/jozef/ros2_ws/install/mrpt_nav_interfaces:/home/jozef/ros2_ws/install/mrpt_msgs_bridge:/home/jozef/ros2_ws/install/tb2_control:/opt/ros/humble LD_LIBRARY_PATH=/home/jozef/ros2_ws/install/mrpt_msgs/lib:/home/jozef/ros2_ws/install/neo_localization2/lib:/home/jozef/ros2_ws/install/mrpt_pointcloud_pipeline/lib:/home/jozef/ros2_ws/install/mrpt_pf_localization/lib:/home/jozef/ros2_ws/install/mrpt_nav_interfaces/lib:/opt/ros/humble/opt/rviz_ogre_vendor/lib:/opt/ros/humble/lib/x86_64-linux-gnu:/opt/ros/humble/lib /usr/bin/cmake --install /home/jozef/ros2_ws/build/mrpt_msgs_bridge
