[0.049s] Invoking command in '/home/jozef/ros2_ws/build/mocap4r2_control_msgs': /usr/bin/cmake --build /home/jozef/ros2_ws/build/mocap4r2_control_msgs -- -j8 -l8
[0.223s] [ 10%] Built target mocap4r2_control_msgs__rosidl_generator_c
[0.256s] [ 12%] Built target mocap4r2_control_msgs__cpp
[0.284s] [ 12%] Built target ament_cmake_python_symlink_mocap4r2_control_msgs
[0.405s] [ 23%] Built target mocap4r2_control_msgs__rosidl_typesupport_c
[0.417s] [ 33%] Built target mocap4r2_control_msgs__rosidl_typesupport_introspection_c
[0.417s] [ 43%] Built target mocap4r2_control_msgs__rosidl_typesupport_fastrtps_c
[0.425s] [ 53%] Built target mocap4r2_control_msgs__rosidl_typesupport_fastrtps_cpp
[0.450s] [ 64%] Built target mocap4r2_control_msgs__rosidl_typesupport_cpp
[0.468s] [ 74%] Built target mocap4r2_control_msgs__rosidl_typesupport_introspection_cpp
[0.587s] [ 74%] Built target mocap4r2_control_msgs
[0.697s] [ 76%] Built target mocap4r2_control_msgs__py
[0.793s] [ 84%] Built target mocap4r2_control_msgs__rosidl_generator_py
[0.906s] [ 89%] Built target mocap4r2_control_msgs__rosidl_typesupport_fastrtps_c__pyext
[0.910s] [ 94%] Built target mocap4r2_control_msgs__rosidl_typesupport_introspection_c__pyext
[0.918s] [100%] Built target mocap4r2_control_msgs__rosidl_typesupport_c__pyext
[1.093s] running egg_info
[1.137s] writing mocap4r2_control_msgs.egg-info/PKG-INFO
[1.139s] writing dependency_links to mocap4r2_control_msgs.egg-info/dependency_links.txt
[1.145s] writing top-level names to mocap4r2_control_msgs.egg-info/top_level.txt
[1.239s] reading manifest file 'mocap4r2_control_msgs.egg-info/SOURCES.txt'
[1.242s] writing manifest file 'mocap4r2_control_msgs.egg-info/SOURCES.txt'
[1.329s] [100%] Built target ament_cmake_python_build_mocap4r2_control_msgs_egg
