[0.054s] Invoking command in '/home/jozef/ros2_ws/build/neo_localization2': CMAKE_PREFIX_PATH=/opt/ros/humble /usr/bin/cmake /home/jozef/ros2_ws/src/neo_localization2 -DAMENT_CMAKE_SYMLINK_INSTALL=1 -DCMAKE_INSTALL_PREFIX=/home/jozef/ros2_ws/install/neo_localization2
[1.550s] -- The C compiler identification is GNU 11.4.0
[1.550s] -- The CXX compiler identification is GNU 11.4.0
[1.550s] -- Detecting C compiler ABI info
[1.551s] -- Detecting C compiler ABI info - done
[1.551s] -- Check for working C compiler: /usr/bin/cc - skipped
[1.551s] -- Detecting C compile features
[1.551s] -- Detecting C compile features - done
[1.551s] -- Detecting CXX compiler ABI info
[1.632s] -- Detecting CXX compiler ABI info - done
[1.667s] -- Check for working CXX compiler: /usr/bin/c++ - skipped
[1.667s] -- Detecting CXX compile features
[1.668s] -- Detecting CXX compile features - done
[1.687s] -- Found ament_cmake: 1.3.11 (/opt/ros/humble/share/ament_cmake/cmake)
[3.790s] -- Found Python3: /usr/bin/python3 (found version "3.10.12") found components: Interpreter 
[4.019s] -- Override CMake install command with custom implementation using symlinks instead of copying resources
[4.212s] -- Found nav_msgs: 4.2.4 (/opt/ros/humble/share/nav_msgs/cmake)
[4.425s] -- Found rosidl_generator_c: 3.1.6 (/opt/ros/humble/share/rosidl_generator_c/cmake)
[4.450s] -- Found rosidl_adapter: 3.1.6 (/opt/ros/humble/share/rosidl_adapter/cmake)
[4.498s] -- Found rosidl_generator_cpp: 3.1.6 (/opt/ros/humble/share/rosidl_generator_cpp/cmake)
[4.574s] -- Using all available rosidl_typesupport_c: rosidl_typesupport_fastrtps_c;rosidl_typesupport_introspection_c
[4.692s] -- Using all available rosidl_typesupport_cpp: rosidl_typesupport_fastrtps_cpp;rosidl_typesupport_introspection_cpp
[5.057s] -- Found rclcpp: 16.0.11 (/opt/ros/humble/share/rclcpp/cmake)
[5.286s] -- Found rmw_implementation_cmake: 6.1.2 (/opt/ros/humble/share/rmw_implementation_cmake/cmake)
[5.292s] -- Found rmw_fastrtps_cpp: 6.2.7 (/opt/ros/humble/share/rmw_fastrtps_cpp/cmake)
[5.815s] -- Found OpenSSL: /usr/lib/x86_64-linux-gnu/libcrypto.so (found version "3.0.2")  
[6.018s] -- Found FastRTPS: /opt/ros/humble/include  
[6.257s] -- Using RMW implementation 'rmw_fastrtps_cpp' as default
[6.318s] -- Looking for pthread.h
[6.793s] -- Looking for pthread.h - found
[6.793s] -- Performing Test CMAKE_HAVE_LIBC_PTHREAD
[7.213s] -- Performing Test CMAKE_HAVE_LIBC_PTHREAD - Success
[7.217s] -- Found Threads: TRUE  
[7.363s] -- Found tf2_eigen: 0.25.9 (/opt/ros/humble/share/tf2_eigen/cmake)
[8.005s] -- Found tf2_sensor_msgs: 0.25.9 (/opt/ros/humble/share/tf2_sensor_msgs/cmake)
[8.120s] -- Found tf2_geometry_msgs: 0.25.9 (/opt/ros/humble/share/tf2_geometry_msgs/cmake)
[8.167s] -- Found Eigen3: TRUE (found version "3.4.0") 
[8.167s] -- Ensuring Eigen3 include directory is part of orocos-kdl CMake target
[8.184s] -- Found angles: 1.15.0 (/opt/ros/humble/share/angles/cmake)
[8.706s] -- Configuring done
[8.822s] -- Generating done
[8.853s] -- Build files have been written to: /home/jozef/ros2_ws/build/neo_localization2
[8.911s] Invoked command in '/home/jozef/ros2_ws/build/neo_localization2' returned '0': CMAKE_PREFIX_PATH=/opt/ros/humble /usr/bin/cmake /home/jozef/ros2_ws/src/neo_localization2 -DAMENT_CMAKE_SYMLINK_INSTALL=1 -DCMAKE_INSTALL_PREFIX=/home/jozef/ros2_ws/install/neo_localization2
[8.912s] Invoking command in '/home/jozef/ros2_ws/build/neo_localization2': CMAKE_PREFIX_PATH=/opt/ros/humble /usr/bin/cmake --build /home/jozef/ros2_ws/build/neo_localization2 -- -j8 -l8
[10.353s] [ 50%] [32mBuilding CXX object CMakeFiles/neo_localization_node.dir/src/neo_localization_node.cpp.o[0m
[79.030s] [100%] [32m[1mLinking CXX executable neo_localization_node[0m
[79.971s] [100%] Built target neo_localization_node
[80.013s] Invoked command in '/home/jozef/ros2_ws/build/neo_localization2' returned '0': CMAKE_PREFIX_PATH=/opt/ros/humble /usr/bin/cmake --build /home/jozef/ros2_ws/build/neo_localization2 -- -j8 -l8
[80.021s] Invoking command in '/home/jozef/ros2_ws/build/neo_localization2': CMAKE_PREFIX_PATH=/opt/ros/humble /usr/bin/cmake --install /home/jozef/ros2_ws/build/neo_localization2
[80.331s] -- Install configuration: "Release"
[80.331s] -- Execute custom install script
[80.331s] -- Symlinking: /home/jozef/ros2_ws/install/neo_localization2/share/neo_localization2/environment/library_path.sh
[80.331s] -- Symlinking: /home/jozef/ros2_ws/install/neo_localization2/share/neo_localization2/environment/library_path.dsv
[80.331s] -- Symlinking: /home/jozef/ros2_ws/install/neo_localization2/include//neo_localization/Convert.h
[80.331s] -- Symlinking: /home/jozef/ros2_ws/install/neo_localization2/include//neo_localization/GridMap.h
[80.332s] -- Symlinking: /home/jozef/ros2_ws/install/neo_localization2/include//neo_localization/Matrix.h
[80.332s] -- Symlinking: /home/jozef/ros2_ws/install/neo_localization2/include//neo_localization/Solver.h
[80.332s] -- Symlinking: /home/jozef/ros2_ws/install/neo_localization2/include//neo_localization/Util.h
[80.332s] -- Symlinking: /home/jozef/ros2_ws/install/neo_localization2/lib/neo_localization2/neo_localization_node
[80.332s] -- Symlinking: /home/jozef/ros2_ws/install/neo_localization2/share/neo_localization2/launch/test_setup.launch.py
[80.332s] -- Symlinking: /home/jozef/ros2_ws/install/neo_localization2/share/neo_localization2/launch/test_setup.yaml
[80.332s] -- Symlinking: /home/jozef/ros2_ws/install/neo_localization2/share/ament_index/resource_index/package_run_dependencies/neo_localization2
[80.332s] -- Symlinking: /home/jozef/ros2_ws/install/neo_localization2/share/ament_index/resource_index/parent_prefix_path/neo_localization2
[80.350s] -- Symlinking: /home/jozef/ros2_ws/install/neo_localization2/share/neo_localization2/environment/ament_prefix_path.sh
[80.372s] -- Symlinking: /home/jozef/ros2_ws/install/neo_localization2/share/neo_localization2/environment/ament_prefix_path.dsv
[80.397s] -- Symlinking: /home/jozef/ros2_ws/install/neo_localization2/share/neo_localization2/environment/path.sh
[80.419s] -- Symlinking: /home/jozef/ros2_ws/install/neo_localization2/share/neo_localization2/environment/path.dsv
[80.440s] -- Symlinking: /home/jozef/ros2_ws/install/neo_localization2/share/neo_localization2/local_setup.bash
[80.463s] -- Symlinking: /home/jozef/ros2_ws/install/neo_localization2/share/neo_localization2/local_setup.sh
[80.485s] -- Symlinking: /home/jozef/ros2_ws/install/neo_localization2/share/neo_localization2/local_setup.zsh
[80.500s] -- Symlinking: /home/jozef/ros2_ws/install/neo_localization2/share/neo_localization2/local_setup.dsv
[80.515s] -- Symlinking: /home/jozef/ros2_ws/install/neo_localization2/share/neo_localization2/package.dsv
[80.531s] -- Symlinking: /home/jozef/ros2_ws/install/neo_localization2/share/ament_index/resource_index/packages/neo_localization2
[80.548s] -- Symlinking: /home/jozef/ros2_ws/install/neo_localization2/share/neo_localization2/cmake/ament_cmake_export_include_directories-extras.cmake
[80.564s] -- Symlinking: /home/jozef/ros2_ws/install/neo_localization2/share/neo_localization2/cmake/ament_cmake_export_libraries-extras.cmake
[80.582s] -- Symlinking: /home/jozef/ros2_ws/install/neo_localization2/share/neo_localization2/cmake/ament_cmake_export_dependencies-extras.cmake
[80.598s] -- Symlinking: /home/jozef/ros2_ws/install/neo_localization2/share/neo_localization2/cmake/neo_localization2Config.cmake
[80.613s] -- Symlinking: /home/jozef/ros2_ws/install/neo_localization2/share/neo_localization2/cmake/neo_localization2Config-version.cmake
[80.630s] -- Symlinking: /home/jozef/ros2_ws/install/neo_localization2/share/neo_localization2/package.xml
[80.650s] Invoked command in '/home/jozef/ros2_ws/build/neo_localization2' returned '0': CMAKE_PREFIX_PATH=/opt/ros/humble /usr/bin/cmake --install /home/jozef/ros2_ws/build/neo_localization2
