-- Found ament_cmake: 1.3.11 (/opt/ros/humble/share/ament_cmake/cmake)
-- Override CMake install command with custom implementation using symlinks instead of copying resources
-- Found rosidl_default_generators: 1.2.0 (/opt/ros/humble/share/rosidl_default_generators/cmake)
-- Using all available rosidl_typesupport_c: rosidl_typesupport_fastrtps_c;rosidl_typesupport_introspection_c
-- Found rosidl_adapter: 3.1.6 (/opt/ros/humble/share/rosidl_adapter/cmake)
-- Using all available rosidl_typesupport_cpp: rosidl_typesupport_fastrtps_cpp;rosidl_typesupport_introspection_cpp
-- Found std_msgs: 4.2.4 (/opt/ros/humble/share/std_msgs/cmake)
-- Found geometry_msgs: 4.2.4 (/opt/ros/humble/share/geometry_msgs/cmake)
-- Found sensor_msgs: 4.2.4 (/opt/ros/humble/share/sensor_msgs/cmake)
-- Found ament_cmake_cppcheck: 0.12.11 (/opt/ros/humble/share/ament_cmake_cppcheck/cmake)
-- Found ament_cmake_cpplint: 0.12.11 (/opt/ros/humble/share/ament_cmake_cpplint/cmake)
-- Found ament_cmake_uncrustify: 0.12.11 (/opt/ros/humble/share/ament_cmake_uncrustify/cmake)
-- Found ament_cmake_ros: 0.10.0 (/opt/ros/humble/share/ament_cmake_ros/cmake)
-- Using all available rosidl_typesupport_c: rosidl_typesupport_fastrtps_c;rosidl_typesupport_introspection_c
-- Using all available rosidl_typesupport_cpp: rosidl_typesupport_fastrtps_cpp;rosidl_typesupport_introspection_cpp
-- Found python_cmake_module: 0.10.0 (/opt/ros/humble/share/python_cmake_module/cmake)
-- Using PYTHON_EXECUTABLE: /usr/bin/python3
-- Using PYTHON_INCLUDE_DIRS: /usr/include/python3.10
-- Using PYTHON_LIBRARIES: /usr/lib/x86_64-linux-gnu/libpython3.10.so
-- Found ament_cmake_flake8: 0.12.11 (/opt/ros/humble/share/ament_cmake_flake8/cmake)
-- Found ament_cmake_pep257: 0.12.11 (/opt/ros/humble/share/ament_cmake_pep257/cmake)
-- Found ament_cmake_xmllint: 0.12.11 (/opt/ros/humble/share/ament_cmake_xmllint/cmake)
-- Configuring done
-- Generating done
-- Build files have been written to: /home/jozef/ros2_ws/build/mrpt_msgs
[  0%] Built target mrpt_msgs__cpp
[35m[1mConsolidate compiler generated dependencies of target mrpt_msgs__rosidl_generator_c[0m
[  0%] Built target ament_cmake_python_symlink_mrpt_msgs
[35m[1mConsolidate compiler generated dependencies of target mrpt_msgs__rosidl_typesupport_fastrtps_cpp[0m
[ 12%] Built target mrpt_msgs__rosidl_generator_c
[35m[1mConsolidate compiler generated dependencies of target mrpt_msgs__rosidl_typesupport_cpp[0m
[35m[1mConsolidate compiler generated dependencies of target mrpt_msgs__rosidl_typesupport_introspection_cpp[0m
[35m[1mConsolidate compiler generated dependencies of target mrpt_msgs__rosidl_typesupport_c[0m
[35m[1mConsolidate compiler generated dependencies of target mrpt_msgs__rosidl_typesupport_introspection_c[0m
[35m[1mConsolidate compiler generated dependencies of target mrpt_msgs__rosidl_typesupport_fastrtps_c[0m
[ 26%] Built target mrpt_msgs__rosidl_typesupport_fastrtps_cpp
[ 36%] Built target mrpt_msgs__rosidl_typesupport_cpp
[ 48%] Built target mrpt_msgs__rosidl_typesupport_introspection_cpp
[ 60%] Built target mrpt_msgs__rosidl_typesupport_c
[ 72%] Built target mrpt_msgs__rosidl_typesupport_introspection_c
[ 84%] Built target mrpt_msgs__rosidl_typesupport_fastrtps_c
[ 84%] Built target mrpt_msgs
[ 85%] Built target mrpt_msgs__py
[35m[1mConsolidate compiler generated dependencies of target mrpt_msgs__rosidl_generator_py[0m
[ 96%] Built target mrpt_msgs__rosidl_generator_py
[35m[1mConsolidate compiler generated dependencies of target mrpt_msgs__rosidl_typesupport_introspection_c__pyext[0m
[35m[1mConsolidate compiler generated dependencies of target mrpt_msgs__rosidl_typesupport_fastrtps_c__pyext[0m
[35m[1mConsolidate compiler generated dependencies of target mrpt_msgs__rosidl_typesupport_c__pyext[0m
[ 98%] Built target mrpt_msgs__rosidl_typesupport_introspection_c__pyext
running egg_info
[100%] Built target mrpt_msgs__rosidl_typesupport_c__pyext
[100%] Built target mrpt_msgs__rosidl_typesupport_fastrtps_c__pyext
writing mrpt_msgs.egg-info/PKG-INFO
writing dependency_links to mrpt_msgs.egg-info/dependency_links.txt
writing top-level names to mrpt_msgs.egg-info/top_level.txt
reading manifest file 'mrpt_msgs.egg-info/SOURCES.txt'
writing manifest file 'mrpt_msgs.egg-info/SOURCES.txt'
[100%] Built target ament_cmake_python_build_mrpt_msgs_egg
