[0.083s] Invoking command in '/home/jozef/ros2_ws/build/mrpt_msgs': CMAKE_PREFIX_PATH=/opt/ros/humble /usr/bin/cmake /home/jozef/ros2_ws/src/mrpt_msgs -DAMENT_CMAKE_SYMLINK_INSTALL=1 -DCMAKE_INSTALL_PREFIX=/home/jozef/ros2_ws/install/mrpt_msgs
[0.140s] -- Found ament_cmake: 1.3.11 (/opt/ros/humble/share/ament_cmake/cmake)
[1.052s] -- Override CMake install command with custom implementation using symlinks instead of copying resources
[1.144s] -- Found rosidl_default_generators: 1.2.0 (/opt/ros/humble/share/rosidl_default_generators/cmake)
[1.156s] -- Using all available rosidl_typesupport_c: rosidl_typesupport_fastrtps_c;rosidl_typesupport_introspection_c
[1.176s] -- Found rosidl_adapter: 3.1.6 (/opt/ros/humble/share/rosidl_adapter/cmake)
[1.371s] -- Using all available rosidl_typesupport_cpp: rosidl_typesupport_fastrtps_cpp;rosidl_typesupport_introspection_cpp
[1.463s] -- Found std_msgs: 4.2.4 (/opt/ros/humble/share/std_msgs/cmake)
[1.543s] -- Found geometry_msgs: 4.2.4 (/opt/ros/humble/share/geometry_msgs/cmake)
[1.648s] -- Found sensor_msgs: 4.2.4 (/opt/ros/humble/share/sensor_msgs/cmake)
[2.664s] -- Found ament_cmake_cppcheck: 0.12.11 (/opt/ros/humble/share/ament_cmake_cppcheck/cmake)
[2.684s] -- Found ament_cmake_cpplint: 0.12.11 (/opt/ros/humble/share/ament_cmake_cpplint/cmake)
[2.685s] -- Found ament_cmake_uncrustify: 0.12.11 (/opt/ros/humble/share/ament_cmake_uncrustify/cmake)
[2.685s] -- Found ament_cmake_ros: 0.10.0 (/opt/ros/humble/share/ament_cmake_ros/cmake)
[3.476s] -- Using all available rosidl_typesupport_c: rosidl_typesupport_fastrtps_c;rosidl_typesupport_introspection_c
[4.686s] -- Using all available rosidl_typesupport_cpp: rosidl_typesupport_fastrtps_cpp;rosidl_typesupport_introspection_cpp
[4.803s] -- Found python_cmake_module: 0.10.0 (/opt/ros/humble/share/python_cmake_module/cmake)
[4.926s] -- Using PYTHON_EXECUTABLE: /usr/bin/python3
[4.926s] -- Using PYTHON_INCLUDE_DIRS: /usr/include/python3.10
[4.927s] -- Using PYTHON_LIBRARIES: /usr/lib/x86_64-linux-gnu/libpython3.10.so
[5.104s] -- Found ament_cmake_flake8: 0.12.11 (/opt/ros/humble/share/ament_cmake_flake8/cmake)
[5.110s] -- Found ament_cmake_pep257: 0.12.11 (/opt/ros/humble/share/ament_cmake_pep257/cmake)
[5.131s] -- Found ament_cmake_xmllint: 0.12.11 (/opt/ros/humble/share/ament_cmake_xmllint/cmake)
[5.200s] -- Configuring done
[5.488s] -- Generating done
[5.524s] -- Build files have been written to: /home/jozef/ros2_ws/build/mrpt_msgs
[5.544s] Invoked command in '/home/jozef/ros2_ws/build/mrpt_msgs' returned '0': CMAKE_PREFIX_PATH=/opt/ros/humble /usr/bin/cmake /home/jozef/ros2_ws/src/mrpt_msgs -DAMENT_CMAKE_SYMLINK_INSTALL=1 -DCMAKE_INSTALL_PREFIX=/home/jozef/ros2_ws/install/mrpt_msgs
[5.551s] Invoking command in '/home/jozef/ros2_ws/build/mrpt_msgs': CMAKE_PREFIX_PATH=/opt/ros/humble /usr/bin/cmake --build /home/jozef/ros2_ws/build/mrpt_msgs -- -j8 -l8
[5.667s] [  0%] Built target mrpt_msgs__cpp
[5.669s] [35m[1mConsolidate compiler generated dependencies of target mrpt_msgs__rosidl_generator_c[0m
[5.686s] [  0%] Built target ament_cmake_python_symlink_mrpt_msgs
[5.710s] [35m[1mConsolidate compiler generated dependencies of target mrpt_msgs__rosidl_typesupport_fastrtps_cpp[0m
[5.711s] [ 12%] Built target mrpt_msgs__rosidl_generator_c
[5.711s] [35m[1mConsolidate compiler generated dependencies of target mrpt_msgs__rosidl_typesupport_cpp[0m
[5.717s] [35m[1mConsolidate compiler generated dependencies of target mrpt_msgs__rosidl_typesupport_introspection_cpp[0m
[5.765s] [35m[1mConsolidate compiler generated dependencies of target mrpt_msgs__rosidl_typesupport_c[0m
[5.772s] [35m[1mConsolidate compiler generated dependencies of target mrpt_msgs__rosidl_typesupport_introspection_c[0m
[5.780s] [35m[1mConsolidate compiler generated dependencies of target mrpt_msgs__rosidl_typesupport_fastrtps_c[0m
[5.797s] [ 26%] Built target mrpt_msgs__rosidl_typesupport_fastrtps_cpp
[5.803s] [ 36%] Built target mrpt_msgs__rosidl_typesupport_cpp
[5.818s] [ 48%] Built target mrpt_msgs__rosidl_typesupport_introspection_cpp
[5.823s] [ 60%] Built target mrpt_msgs__rosidl_typesupport_c
[5.830s] [ 72%] Built target mrpt_msgs__rosidl_typesupport_introspection_c
[5.855s] [ 84%] Built target mrpt_msgs__rosidl_typesupport_fastrtps_c
[5.901s] [ 84%] Built target mrpt_msgs
[5.954s] [ 85%] Built target mrpt_msgs__py
[5.992s] [35m[1mConsolidate compiler generated dependencies of target mrpt_msgs__rosidl_generator_py[0m
[6.067s] [ 96%] Built target mrpt_msgs__rosidl_generator_py
[6.090s] [35m[1mConsolidate compiler generated dependencies of target mrpt_msgs__rosidl_typesupport_introspection_c__pyext[0m
[6.097s] [35m[1mConsolidate compiler generated dependencies of target mrpt_msgs__rosidl_typesupport_fastrtps_c__pyext[0m
[6.101s] [35m[1mConsolidate compiler generated dependencies of target mrpt_msgs__rosidl_typesupport_c__pyext[0m
[6.127s] [ 98%] Built target mrpt_msgs__rosidl_typesupport_introspection_c__pyext
[6.128s] running egg_info
[6.138s] [100%] Built target mrpt_msgs__rosidl_typesupport_c__pyext
[6.138s] [100%] Built target mrpt_msgs__rosidl_typesupport_fastrtps_c__pyext
[6.165s] writing mrpt_msgs.egg-info/PKG-INFO
[6.166s] writing dependency_links to mrpt_msgs.egg-info/dependency_links.txt
[6.167s] writing top-level names to mrpt_msgs.egg-info/top_level.txt
[6.251s] reading manifest file 'mrpt_msgs.egg-info/SOURCES.txt'
[6.252s] writing manifest file 'mrpt_msgs.egg-info/SOURCES.txt'
[6.307s] [100%] Built target ament_cmake_python_build_mrpt_msgs_egg
