[0.286s] Invoking command in '/home/jozef/ros2_ws/build/mrpt_msgs_bridge': AMENT_PREFIX_PATH=/home/jozef/ros2_ws/install/mrpt_msgs:${AMENT_PREFIX_PATH} CMAKE_PREFIX_PATH=/opt/ros/humble:/home/jozef/ros2_ws/install/mrpt_msgs LD_LIBRARY_PATH=/home/jozef/ros2_ws/install/mrpt_msgs/lib:${LD_LIBRARY_PATH} PYTHONPATH=/home/jozef/ros2_ws/install/mrpt_msgs/local/lib/python3.10/dist-packages:${PYTHONPATH} /usr/bin/cmake --build /home/jozef/ros2_ws/build/mrpt_msgs_bridge -- -j8 -l8
[0.513s] [100%] Built target mrpt_msgs_bridge
[1.220s] Invoked command in '/home/jozef/ros2_ws/build/mrpt_msgs_bridge' returned '0': AMENT_PREFIX_PATH=/home/jozef/ros2_ws/install/mrpt_msgs:${AMENT_PREFIX_PATH} CMAKE_PREFIX_PATH=/opt/ros/humble:/home/jozef/ros2_ws/install/mrpt_msgs LD_LIBRARY_PATH=/home/jozef/ros2_ws/install/mrpt_msgs/lib:${LD_LIBRARY_PATH} PYTHONPATH=/home/jozef/ros2_ws/install/mrpt_msgs/local/lib/python3.10/dist-packages:${PYTHONPATH} /usr/bin/cmake --build /home/jozef/ros2_ws/build/mrpt_msgs_bridge -- -j8 -l8
[1.229s] Invoking command in '/home/jozef/ros2_ws/build/mrpt_msgs_bridge': AMENT_PREFIX_PATH=/home/jozef/ros2_ws/install/mrpt_msgs:${AMENT_PREFIX_PATH} CMAKE_PREFIX_PATH=/opt/ros/humble:/home/jozef/ros2_ws/install/mrpt_msgs LD_LIBRARY_PATH=/home/jozef/ros2_ws/install/mrpt_msgs/lib:${LD_LIBRARY_PATH} PYTHONPATH=/home/jozef/ros2_ws/install/mrpt_msgs/local/lib/python3.10/dist-packages:${PYTHONPATH} /usr/bin/cmake --install /home/jozef/ros2_ws/build/mrpt_msgs_bridge
[1.309s] -- Install configuration: ""
[1.309s] -- Execute custom install script
[1.309s] -- Up-to-date symlink: /home/jozef/ros2_ws/install/mrpt_msgs_bridge/lib/mrpt_msgs_bridge/libmrpt_msgs_bridge.a
[1.309s] -- Up-to-date symlink: /home/jozef/ros2_ws/install/mrpt_msgs_bridge/share/ament_index/resource_index/package_run_dependencies/mrpt_msgs_bridge
[1.309s] -- Up-to-date symlink: /home/jozef/ros2_ws/install/mrpt_msgs_bridge/share/ament_index/resource_index/parent_prefix_path/mrpt_msgs_bridge
[1.310s] -- Up-to-date symlink: /home/jozef/ros2_ws/install/mrpt_msgs_bridge/share/mrpt_msgs_bridge/environment/ament_prefix_path.sh
[1.310s] -- Up-to-date symlink: /home/jozef/ros2_ws/install/mrpt_msgs_bridge/share/mrpt_msgs_bridge/environment/ament_prefix_path.dsv
[1.315s] -- Up-to-date symlink: /home/jozef/ros2_ws/install/mrpt_msgs_bridge/share/mrpt_msgs_bridge/environment/path.sh
[1.315s] -- Up-to-date symlink: /home/jozef/ros2_ws/install/mrpt_msgs_bridge/share/mrpt_msgs_bridge/environment/path.dsv
[1.321s] -- Up-to-date symlink: /home/jozef/ros2_ws/install/mrpt_msgs_bridge/share/mrpt_msgs_bridge/local_setup.bash
[1.322s] -- Up-to-date symlink: /home/jozef/ros2_ws/install/mrpt_msgs_bridge/share/mrpt_msgs_bridge/local_setup.sh
[1.323s] -- Up-to-date symlink: /home/jozef/ros2_ws/install/mrpt_msgs_bridge/share/mrpt_msgs_bridge/local_setup.zsh
[1.334s] -- Up-to-date symlink: /home/jozef/ros2_ws/install/mrpt_msgs_bridge/share/mrpt_msgs_bridge/local_setup.dsv
[1.334s] -- Symlinking: /home/jozef/ros2_ws/install/mrpt_msgs_bridge/share/mrpt_msgs_bridge/package.dsv
[1.368s] -- Up-to-date symlink: /home/jozef/ros2_ws/install/mrpt_msgs_bridge/share/ament_index/resource_index/packages/mrpt_msgs_bridge
[1.368s] -- Up-to-date symlink: /home/jozef/ros2_ws/install/mrpt_msgs_bridge/share/mrpt_msgs_bridge/cmake/ament_cmake_export_targets-extras.cmake
[1.368s] -- Up-to-date symlink: /home/jozef/ros2_ws/install/mrpt_msgs_bridge/share/mrpt_msgs_bridge/cmake/mrpt_msgs_bridgeConfig.cmake
[1.372s] -- Up-to-date symlink: /home/jozef/ros2_ws/install/mrpt_msgs_bridge/share/mrpt_msgs_bridge/cmake/mrpt_msgs_bridgeConfig-version.cmake
[1.373s] -- Up-to-date symlink: /home/jozef/ros2_ws/install/mrpt_msgs_bridge/share/mrpt_msgs_bridge/package.xml
[1.392s] -- Up-to-date: /home/jozef/ros2_ws/install/mrpt_msgs_bridge/include/mrpt_msgs_bridge
[1.392s] -- Up-to-date: /home/jozef/ros2_ws/install/mrpt_msgs_bridge/include/mrpt_msgs_bridge/marker_msgs.hpp
[1.392s] -- Up-to-date: /home/jozef/ros2_ws/install/mrpt_msgs_bridge/include/mrpt_msgs_bridge/beacon.hpp
[1.392s] -- Up-to-date: /home/jozef/ros2_ws/install/mrpt_msgs_bridge/include/mrpt_msgs_bridge/landmark.hpp
[1.392s] -- Up-to-date: /home/jozef/ros2_ws/install/mrpt_msgs_bridge/include/mrpt_msgs_bridge/network_of_poses.hpp
[1.392s] -- Up-to-date: /home/jozef/ros2_ws/install/mrpt_msgs_bridge/lib/libmrpt_msgs_bridge.a
[1.392s] -- Up-to-date: /home/jozef/ros2_ws/install/mrpt_msgs_bridge/share/mrpt_msgs_bridge/cmake/mrpt_msgs_bridgeExport.cmake
[1.392s] -- Up-to-date: /home/jozef/ros2_ws/install/mrpt_msgs_bridge/share/mrpt_msgs_bridge/cmake/mrpt_msgs_bridgeExport-noconfig.cmake
[1.469s] Invoked command in '/home/jozef/ros2_ws/build/mrpt_msgs_bridge' returned '0': AMENT_PREFIX_PATH=/home/jozef/ros2_ws/install/mrpt_msgs:${AMENT_PREFIX_PATH} CMAKE_PREFIX_PATH=/opt/ros/humble:/home/jozef/ros2_ws/install/mrpt_msgs LD_LIBRARY_PATH=/home/jozef/ros2_ws/install/mrpt_msgs/lib:${LD_LIBRARY_PATH} PYTHONPATH=/home/jozef/ros2_ws/install/mrpt_msgs/local/lib/python3.10/dist-packages:${PYTHONPATH} /usr/bin/cmake --install /home/jozef/ros2_ws/build/mrpt_msgs_bridge
