[0.173s] Invoking command in '/home/jozef/ros2_ws/build/mrpt_rawlog': AMENT_PREFIX_PATH=/home/jozef/ros2_ws/install/mrpt_msgs:${AMENT_PREFIX_PATH} CMAKE_PREFIX_PATH=/home/jozef/ros2_ws/install/mrpt_msgs:/opt/ros/humble LD_LIBRARY_PATH=/home/jozef/ros2_ws/install/mrpt_msgs/lib:${LD_LIBRARY_PATH} PYTHONPATH=/home/jozef/ros2_ws/install/mrpt_msgs/local/lib/python3.10/dist-packages:${PYTHONPATH} /usr/bin/cmake --build /home/jozef/ros2_ws/build/mrpt_rawlog -- -j8 -l8
[0.407s] [100%] Built target rosbag2rawlog
[0.544s] Invoked command in '/home/jozef/ros2_ws/build/mrpt_rawlog' returned '0': AMENT_PREFIX_PATH=/home/jozef/ros2_ws/install/mrpt_msgs:${AMENT_PREFIX_PATH} CMAKE_PREFIX_PATH=/home/jozef/ros2_ws/install/mrpt_msgs:/opt/ros/humble LD_LIBRARY_PATH=/home/jozef/ros2_ws/install/mrpt_msgs/lib:${LD_LIBRARY_PATH} PYTHONPATH=/home/jozef/ros2_ws/install/mrpt_msgs/local/lib/python3.10/dist-packages:${PYTHONPATH} /usr/bin/cmake --build /home/jozef/ros2_ws/build/mrpt_rawlog -- -j8 -l8
[0.551s] Invoking command in '/home/jozef/ros2_ws/build/mrpt_rawlog': AMENT_PREFIX_PATH=/home/jozef/ros2_ws/install/mrpt_msgs:${AMENT_PREFIX_PATH} CMAKE_PREFIX_PATH=/home/jozef/ros2_ws/install/mrpt_msgs:/opt/ros/humble LD_LIBRARY_PATH=/home/jozef/ros2_ws/install/mrpt_msgs/lib:${LD_LIBRARY_PATH} PYTHONPATH=/home/jozef/ros2_ws/install/mrpt_msgs/local/lib/python3.10/dist-packages:${PYTHONPATH} /usr/bin/cmake --install /home/jozef/ros2_ws/build/mrpt_rawlog
[0.576s] -- Install configuration: ""
[0.583s] -- Execute custom install script
[0.583s] -- Up-to-date symlink: /home/jozef/ros2_ws/install/mrpt_rawlog/bin/rosbag2rawlog
[0.584s] -- Up-to-date symlink: /home/jozef/ros2_ws/install/mrpt_rawlog/share/ament_index/resource_index/package_run_dependencies/mrpt_rawlog
[0.584s] -- Up-to-date symlink: /home/jozef/ros2_ws/install/mrpt_rawlog/share/ament_index/resource_index/parent_prefix_path/mrpt_rawlog
[0.584s] -- Up-to-date symlink: /home/jozef/ros2_ws/install/mrpt_rawlog/share/mrpt_rawlog/environment/ament_prefix_path.sh
[0.585s] -- Up-to-date symlink: /home/jozef/ros2_ws/install/mrpt_rawlog/share/mrpt_rawlog/environment/ament_prefix_path.dsv
[0.586s] -- Up-to-date symlink: /home/jozef/ros2_ws/install/mrpt_rawlog/share/mrpt_rawlog/environment/path.sh
[0.586s] -- Up-to-date symlink: /home/jozef/ros2_ws/install/mrpt_rawlog/share/mrpt_rawlog/environment/path.dsv
[0.587s] -- Up-to-date symlink: /home/jozef/ros2_ws/install/mrpt_rawlog/share/mrpt_rawlog/local_setup.bash
[0.587s] -- Up-to-date symlink: /home/jozef/ros2_ws/install/mrpt_rawlog/share/mrpt_rawlog/local_setup.sh
[0.587s] -- Up-to-date symlink: /home/jozef/ros2_ws/install/mrpt_rawlog/share/mrpt_rawlog/local_setup.zsh
[0.587s] -- Up-to-date symlink: /home/jozef/ros2_ws/install/mrpt_rawlog/share/mrpt_rawlog/local_setup.dsv
[0.587s] -- Symlinking: /home/jozef/ros2_ws/install/mrpt_rawlog/share/mrpt_rawlog/package.dsv
[0.618s] -- Up-to-date symlink: /home/jozef/ros2_ws/install/mrpt_rawlog/share/ament_index/resource_index/packages/mrpt_rawlog
[0.621s] -- Up-to-date symlink: /home/jozef/ros2_ws/install/mrpt_rawlog/share/mrpt_rawlog/cmake/mrpt_rawlogConfig.cmake
[0.621s] -- Up-to-date symlink: /home/jozef/ros2_ws/install/mrpt_rawlog/share/mrpt_rawlog/cmake/mrpt_rawlogConfig-version.cmake
[0.621s] -- Up-to-date symlink: /home/jozef/ros2_ws/install/mrpt_rawlog/share/mrpt_rawlog/package.xml
[0.656s] Invoked command in '/home/jozef/ros2_ws/build/mrpt_rawlog' returned '0': AMENT_PREFIX_PATH=/home/jozef/ros2_ws/install/mrpt_msgs:${AMENT_PREFIX_PATH} CMAKE_PREFIX_PATH=/home/jozef/ros2_ws/install/mrpt_msgs:/opt/ros/humble LD_LIBRARY_PATH=/home/jozef/ros2_ws/install/mrpt_msgs/lib:${LD_LIBRARY_PATH} PYTHONPATH=/home/jozef/ros2_ws/install/mrpt_msgs/local/lib/python3.10/dist-packages:${PYTHONPATH} /usr/bin/cmake --install /home/jozef/ros2_ws/build/mrpt_rawlog
