[0.058s] Invoking command in '/home/jozef/ros2_ws/build/mrpt_tutorials': CMAKE_PREFIX_PATH=/opt/ros/humble /usr/bin/cmake /home/jozef/ros2_ws/src/mrpt_navigation/mrpt_tutorials -DAMENT_CMAKE_SYMLINK_INSTALL=1 -DCMAKE_INSTALL_PREFIX=/home/jozef/ros2_ws/install/mrpt_tutorials
[0.599s] -- Found ament_cmake: 1.3.11 (/opt/ros/humble/share/ament_cmake/cmake)
[0.877s] -- Found Python3: /usr/bin/python3 (found version "3.10.12") found components: Interpreter 
[1.067s] -- Override CMake install command with custom implementation using symlinks instead of copying resources
[1.161s] -- Found ament_lint_auto: 0.12.11 (/opt/ros/humble/share/ament_lint_auto/cmake)
[1.320s] -- Configuring done
[1.328s] -- Generating done
[1.332s] -- Build files have been written to: /home/jozef/ros2_ws/build/mrpt_tutorials
[1.339s] Invoked command in '/home/jozef/ros2_ws/build/mrpt_tutorials' returned '0': CMAKE_PREFIX_PATH=/opt/ros/humble /usr/bin/cmake /home/jozef/ros2_ws/src/mrpt_navigation/mrpt_tutorials -DAMENT_CMAKE_SYMLINK_INSTALL=1 -DCMAKE_INSTALL_PREFIX=/home/jozef/ros2_ws/install/mrpt_tutorials
[1.341s] Invoking command in '/home/jozef/ros2_ws/build/mrpt_tutorials': CMAKE_PREFIX_PATH=/opt/ros/humble /usr/bin/cmake --build /home/jozef/ros2_ws/build/mrpt_tutorials -- -j8 -l8
[1.441s] Invoked command in '/home/jozef/ros2_ws/build/mrpt_tutorials' returned '0': CMAKE_PREFIX_PATH=/opt/ros/humble /usr/bin/cmake --build /home/jozef/ros2_ws/build/mrpt_tutorials -- -j8 -l8
[1.464s] Invoking command in '/home/jozef/ros2_ws/build/mrpt_tutorials': CMAKE_PREFIX_PATH=/opt/ros/humble /usr/bin/cmake --install /home/jozef/ros2_ws/build/mrpt_tutorials
[1.480s] -- Install configuration: ""
[1.483s] -- Execute custom install script
[1.485s] -- Symlinking: /home/jozef/ros2_ws/install/mrpt_tutorials/share/mrpt_tutorials/datasets/README.md
[1.506s] -- Symlinking: /home/jozef/ros2_ws/install/mrpt_tutorials/share/mrpt_tutorials/datasets/driving_in_office.rawlog
[1.527s] -- Symlinking: /home/jozef/ros2_ws/install/mrpt_tutorials/share/mrpt_tutorials/datasets/driving_in_office_obs.rawlog
[1.548s] -- Symlinking: /home/jozef/ros2_ws/install/mrpt_tutorials/share/mrpt_tutorials/launch/demo_astar_planner_gridmap.launch.py
[1.568s] -- Symlinking: /home/jozef/ros2_ws/install/mrpt_tutorials/share/mrpt_tutorials/launch/demo_composable_nodes.launch.py
[1.591s] -- Symlinking: /home/jozef/ros2_ws/install/mrpt_tutorials/share/mrpt_tutorials/launch/demo_localization_pf_mvsim_2d_lidar.launch.py
[1.611s] -- Symlinking: /home/jozef/ros2_ws/install/mrpt_tutorials/share/mrpt_tutorials/launch/demo_map_server_from_mm.launch.py
[1.645s] -- Symlinking: /home/jozef/ros2_ws/install/mrpt_tutorials/share/mrpt_tutorials/launch/demo_map_server_gridmap_from_yaml.launch.py
[1.670s] -- Symlinking: /home/jozef/ros2_ws/install/mrpt_tutorials/share/mrpt_tutorials/launch/demo_pointcloud_pipeline_mvsim.launch.py
[1.698s] -- Symlinking: /home/jozef/ros2_ws/install/mrpt_tutorials/share/mrpt_tutorials/launch/demo_reactive_nav_mvsim.launch.py
[1.717s] -- Symlinking: /home/jozef/ros2_ws/install/mrpt_tutorials/share/mrpt_tutorials/launch/demo_ro.launch
[1.734s] -- Symlinking: /home/jozef/ros2_ws/install/mrpt_tutorials/share/mrpt_tutorials/maps/demo_world2.png
[1.749s] -- Symlinking: /home/jozef/ros2_ws/install/mrpt_tutorials/share/mrpt_tutorials/maps/demo_world2.yaml
[1.764s] -- Symlinking: /home/jozef/ros2_ws/install/mrpt_tutorials/share/mrpt_tutorials/maps/gh25_real_top_laser.simplemap
[1.780s] -- Symlinking: /home/jozef/ros2_ws/install/mrpt_tutorials/share/mrpt_tutorials/maps/gh25_simulated.simplemap
[1.797s] -- Symlinking: /home/jozef/ros2_ws/install/mrpt_tutorials/share/mrpt_tutorials/mvsim/demo_world2.world.xml
[1.816s] -- Symlinking: /home/jozef/ros2_ws/install/mrpt_tutorials/share/mrpt_tutorials/params/mvsim_ros2_params.yaml
[1.835s] -- Symlinking: /home/jozef/ros2_ws/install/mrpt_tutorials/share/mrpt_tutorials/rviz2/gridmap.rviz
[1.852s] -- Symlinking: /home/jozef/ros2_ws/install/mrpt_tutorials/share/mrpt_tutorials/rviz2/rnav_demo.rviz
[1.867s] -- Symlinking: /home/jozef/ros2_ws/install/mrpt_tutorials/share/ament_index/resource_index/package_run_dependencies/mrpt_tutorials
[1.881s] -- Symlinking: /home/jozef/ros2_ws/install/mrpt_tutorials/share/ament_index/resource_index/parent_prefix_path/mrpt_tutorials
[1.897s] -- Symlinking: /home/jozef/ros2_ws/install/mrpt_tutorials/share/mrpt_tutorials/environment/ament_prefix_path.sh
[1.916s] -- Symlinking: /home/jozef/ros2_ws/install/mrpt_tutorials/share/mrpt_tutorials/environment/ament_prefix_path.dsv
[1.934s] -- Symlinking: /home/jozef/ros2_ws/install/mrpt_tutorials/share/mrpt_tutorials/environment/path.sh
[1.950s] -- Symlinking: /home/jozef/ros2_ws/install/mrpt_tutorials/share/mrpt_tutorials/environment/path.dsv
[1.972s] -- Symlinking: /home/jozef/ros2_ws/install/mrpt_tutorials/share/mrpt_tutorials/local_setup.bash
[1.988s] -- Symlinking: /home/jozef/ros2_ws/install/mrpt_tutorials/share/mrpt_tutorials/local_setup.sh
[2.007s] -- Symlinking: /home/jozef/ros2_ws/install/mrpt_tutorials/share/mrpt_tutorials/local_setup.zsh
[2.026s] -- Symlinking: /home/jozef/ros2_ws/install/mrpt_tutorials/share/mrpt_tutorials/local_setup.dsv
[2.043s] -- Symlinking: /home/jozef/ros2_ws/install/mrpt_tutorials/share/mrpt_tutorials/package.dsv
[2.060s] -- Symlinking: /home/jozef/ros2_ws/install/mrpt_tutorials/share/ament_index/resource_index/packages/mrpt_tutorials
[2.076s] -- Symlinking: /home/jozef/ros2_ws/install/mrpt_tutorials/share/mrpt_tutorials/cmake/mrpt_tutorialsConfig.cmake
[2.098s] -- Symlinking: /home/jozef/ros2_ws/install/mrpt_tutorials/share/mrpt_tutorials/cmake/mrpt_tutorialsConfig-version.cmake
[2.114s] -- Symlinking: /home/jozef/ros2_ws/install/mrpt_tutorials/share/mrpt_tutorials/package.xml
[2.136s] Invoked command in '/home/jozef/ros2_ws/build/mrpt_tutorials' returned '0': CMAKE_PREFIX_PATH=/opt/ros/humble /usr/bin/cmake --install /home/jozef/ros2_ws/build/mrpt_tutorials
