[0.214s] Invoking command in '/home/jozef/ros2_ws/build/rqt_mocap4r2_control': AMENT_PREFIX_PATH=/home/jozef/ros2_ws/install/mocap4r2_control:/home/jozef/ros2_ws/install/mocap4r2_control_msgs:${AMENT_PREFIX_PATH} CMAKE_PREFIX_PATH=/home/jozef/ros2_ws/install/mocap4r2_control:/home/jozef/ros2_ws/install/mocap4r2_control_msgs:/opt/ros/humble LD_LIBRARY_PATH=/home/jozef/ros2_ws/install/mocap4r2_control/lib:/home/jozef/ros2_ws/install/mocap4r2_control_msgs/lib:${LD_LIBRARY_PATH} PYTHONPATH=/home/jozef/ros2_ws/install/mocap4r2_control_msgs/local/lib/python3.10/dist-packages:${PYTHONPATH} /usr/bin/cmake --build /home/jozef/ros2_ws/build/rqt_mocap4r2_control -- -j8 -l8
[0.500s] [100%] Built target rqt_mocap4r2_control
[0.633s] Invoked command in '/home/jozef/ros2_ws/build/rqt_mocap4r2_control' returned '0': AMENT_PREFIX_PATH=/home/jozef/ros2_ws/install/mocap4r2_control:/home/jozef/ros2_ws/install/mocap4r2_control_msgs:${AMENT_PREFIX_PATH} CMAKE_PREFIX_PATH=/home/jozef/ros2_ws/install/mocap4r2_control:/home/jozef/ros2_ws/install/mocap4r2_control_msgs:/opt/ros/humble LD_LIBRARY_PATH=/home/jozef/ros2_ws/install/mocap4r2_control/lib:/home/jozef/ros2_ws/install/mocap4r2_control_msgs/lib:${LD_LIBRARY_PATH} PYTHONPATH=/home/jozef/ros2_ws/install/mocap4r2_control_msgs/local/lib/python3.10/dist-packages:${PYTHONPATH} /usr/bin/cmake --build /home/jozef/ros2_ws/build/rqt_mocap4r2_control -- -j8 -l8
[0.640s] Invoking command in '/home/jozef/ros2_ws/build/rqt_mocap4r2_control': AMENT_PREFIX_PATH=/home/jozef/ros2_ws/install/mocap4r2_control:/home/jozef/ros2_ws/install/mocap4r2_control_msgs:${AMENT_PREFIX_PATH} CMAKE_PREFIX_PATH=/home/jozef/ros2_ws/install/mocap4r2_control:/home/jozef/ros2_ws/install/mocap4r2_control_msgs:/opt/ros/humble LD_LIBRARY_PATH=/home/jozef/ros2_ws/install/mocap4r2_control/lib:/home/jozef/ros2_ws/install/mocap4r2_control_msgs/lib:${LD_LIBRARY_PATH} PYTHONPATH=/home/jozef/ros2_ws/install/mocap4r2_control_msgs/local/lib/python3.10/dist-packages:${PYTHONPATH} /usr/bin/cmake --install /home/jozef/ros2_ws/build/rqt_mocap4r2_control
[0.678s] -- Install configuration: ""
[0.679s] -- Execute custom install script
[0.688s] -- Up-to-date symlink: /home/jozef/ros2_ws/install/rqt_mocap4r2_control/lib/rqt_mocap4r2_control/rqt_mocap4r2_control
[0.701s] -- Up-to-date symlink: /home/jozef/ros2_ws/install/rqt_mocap4r2_control/include/rqt_mocap4r2_control/SystemController.hpp
[0.701s] -- Up-to-date symlink: /home/jozef/ros2_ws/install/rqt_mocap4r2_control/include/rqt_mocap4r2_control/mocap4r2_control.hpp
[0.702s] -- Up-to-date symlink: /home/jozef/ros2_ws/install/rqt_mocap4r2_control/include/rqt_mocap4r2_control/utils.hpp
[0.702s] -- Up-to-date symlink: /home/jozef/ros2_ws/install/rqt_mocap4r2_control/share/rqt_mocap4r2_control/plugin.xml
[0.702s] -- Up-to-date symlink: /home/jozef/ros2_ws/install/rqt_mocap4r2_control/share/rqt_mocap4r2_control//plugin.xml
[0.702s] -- Up-to-date symlink: /home/jozef/ros2_ws/install/rqt_mocap4r2_control/share/rqt_mocap4r2_control/environment/library_path.sh
[0.702s] -- Up-to-date symlink: /home/jozef/ros2_ws/install/rqt_mocap4r2_control/share/rqt_mocap4r2_control/environment/library_path.dsv
[0.702s] -- Up-to-date symlink: /home/jozef/ros2_ws/install/rqt_mocap4r2_control/share/ament_index/resource_index/package_run_dependencies/rqt_mocap4r2_control
[0.711s] -- Up-to-date symlink: /home/jozef/ros2_ws/install/rqt_mocap4r2_control/share/ament_index/resource_index/parent_prefix_path/rqt_mocap4r2_control
[0.711s] -- Up-to-date symlink: /home/jozef/ros2_ws/install/rqt_mocap4r2_control/share/rqt_mocap4r2_control/environment/ament_prefix_path.sh
[0.711s] -- Up-to-date symlink: /home/jozef/ros2_ws/install/rqt_mocap4r2_control/share/rqt_mocap4r2_control/environment/ament_prefix_path.dsv
[0.711s] -- Up-to-date symlink: /home/jozef/ros2_ws/install/rqt_mocap4r2_control/share/rqt_mocap4r2_control/environment/path.sh
[0.712s] -- Up-to-date symlink: /home/jozef/ros2_ws/install/rqt_mocap4r2_control/share/rqt_mocap4r2_control/environment/path.dsv
[0.712s] -- Up-to-date symlink: /home/jozef/ros2_ws/install/rqt_mocap4r2_control/share/rqt_mocap4r2_control/local_setup.bash
[0.712s] -- Up-to-date symlink: /home/jozef/ros2_ws/install/rqt_mocap4r2_control/share/rqt_mocap4r2_control/local_setup.sh
[0.712s] -- Up-to-date symlink: /home/jozef/ros2_ws/install/rqt_mocap4r2_control/share/rqt_mocap4r2_control/local_setup.zsh
[0.712s] -- Up-to-date symlink: /home/jozef/ros2_ws/install/rqt_mocap4r2_control/share/rqt_mocap4r2_control/local_setup.dsv
[0.712s] -- Symlinking: /home/jozef/ros2_ws/install/rqt_mocap4r2_control/share/rqt_mocap4r2_control/package.dsv
[0.729s] -- Up-to-date symlink: /home/jozef/ros2_ws/install/rqt_mocap4r2_control/share/ament_index/resource_index/packages/rqt_mocap4r2_control
[0.729s] -- Up-to-date symlink: /home/jozef/ros2_ws/install/rqt_mocap4r2_control/share/ament_index/resource_index/rqt_gui__pluginlib__plugin/rqt_mocap4r2_control
[0.729s] -- Up-to-date symlink: /home/jozef/ros2_ws/install/rqt_mocap4r2_control/share/rqt_mocap4r2_control/cmake/ament_cmake_export_include_directories-extras.cmake
[0.739s] -- Up-to-date symlink: /home/jozef/ros2_ws/install/rqt_mocap4r2_control/share/rqt_mocap4r2_control/cmake/ament_cmake_export_libraries-extras.cmake
[0.739s] -- Up-to-date symlink: /home/jozef/ros2_ws/install/rqt_mocap4r2_control/share/rqt_mocap4r2_control/cmake/rqt_mocap4r2_controlConfig.cmake
[0.740s] -- Up-to-date symlink: /home/jozef/ros2_ws/install/rqt_mocap4r2_control/share/rqt_mocap4r2_control/cmake/rqt_mocap4r2_controlConfig-version.cmake
[0.740s] -- Up-to-date symlink: /home/jozef/ros2_ws/install/rqt_mocap4r2_control/share/rqt_mocap4r2_control/package.xml
[0.740s] -- Up-to-date: /home/jozef/ros2_ws/install/rqt_mocap4r2_control/lib/rqt_mocap4r2_control/librqt_mocap4r2_control.so
[0.752s] Invoked command in '/home/jozef/ros2_ws/build/rqt_mocap4r2_control' returned '0': AMENT_PREFIX_PATH=/home/jozef/ros2_ws/install/mocap4r2_control:/home/jozef/ros2_ws/install/mocap4r2_control_msgs:${AMENT_PREFIX_PATH} CMAKE_PREFIX_PATH=/home/jozef/ros2_ws/install/mocap4r2_control:/home/jozef/ros2_ws/install/mocap4r2_control_msgs:/opt/ros/humble LD_LIBRARY_PATH=/home/jozef/ros2_ws/install/mocap4r2_control/lib:/home/jozef/ros2_ws/install/mocap4r2_control_msgs/lib:${LD_LIBRARY_PATH} PYTHONPATH=/home/jozef/ros2_ws/install/mocap4r2_control_msgs/local/lib/python3.10/dist-packages:${PYTHONPATH} /usr/bin/cmake --install /home/jozef/ros2_ws/build/rqt_mocap4r2_control
