[0.081s] Invoking command in '/home/jozef/ros2_ws/build/mrpt_msgs': CMAKE_PREFIX_PATH=/opt/ros/humble /usr/bin/cmake --build /home/jozef/ros2_ws/build/mrpt_msgs -- -j8 -l8
[0.269s] [  0%] Built target mrpt_msgs__cpp
[0.295s] [  1%] Built target ament_cmake_python_symlink_mrpt_msgs
[0.301s] [ 12%] Built target mrpt_msgs__rosidl_generator_c
[0.474s] [ 24%] Built target mrpt_msgs__rosidl_typesupport_cpp
[0.508s] [ 36%] Built target mrpt_msgs__rosidl_typesupport_fastrtps_cpp
[0.529s] [ 48%] Built target mrpt_msgs__rosidl_typesupport_c
[0.543s] [ 60%] Built target mrpt_msgs__rosidl_typesupport_introspection_cpp
[0.583s] [ 72%] Built target mrpt_msgs__rosidl_typesupport_fastrtps_c
[0.610s] [ 84%] Built target mrpt_msgs__rosidl_typesupport_introspection_c
[0.709s] [ 84%] Built target mrpt_msgs
[0.812s] [ 85%] Built target mrpt_msgs__py
[0.939s] [ 96%] Built target mrpt_msgs__rosidl_generator_py
[1.086s] [ 97%] Built target mrpt_msgs__rosidl_typesupport_c__pyext
[1.106s] [ 99%] Built target mrpt_msgs__rosidl_typesupport_introspection_c__pyext
[1.107s] [100%] Built target mrpt_msgs__rosidl_typesupport_fastrtps_c__pyext
[1.414s] running egg_info
[1.505s] writing mrpt_msgs.egg-info/PKG-INFO
[1.506s] writing dependency_links to mrpt_msgs.egg-info/dependency_links.txt
[1.508s] writing top-level names to mrpt_msgs.egg-info/top_level.txt
[1.676s] reading manifest file 'mrpt_msgs.egg-info/SOURCES.txt'
[1.683s] writing manifest file 'mrpt_msgs.egg-info/SOURCES.txt'
[1.851s] [100%] Built target ament_cmake_python_build_mrpt_msgs_egg
[2.082s] Invoked command in '/home/jozef/ros2_ws/build/mrpt_msgs' returned '0': CMAKE_PREFIX_PATH=/opt/ros/humble /usr/bin/cmake --build /home/jozef/ros2_ws/build/mrpt_msgs -- -j8 -l8
[2.085s] Invoking command in '/home/jozef/ros2_ws/build/mrpt_msgs': CMAKE_PREFIX_PATH=/opt/ros/humble /usr/bin/cmake --install /home/jozef/ros2_ws/build/mrpt_msgs
[2.288s] -- Install configuration: ""
[2.289s] -- Execute custom install script
[2.289s] -- Up-to-date symlink: /home/jozef/ros2_ws/install/mrpt_msgs/share/ament_index/resource_index/rosidl_interfaces/mrpt_msgs
[2.289s] -- Up-to-date symlink: /home/jozef/ros2_ws/install/mrpt_msgs/include/mrpt_msgs/mrpt_msgs/msg/detail/generic_object__functions.h
[2.289s] -- Up-to-date symlink: /home/jozef/ros2_ws/install/mrpt_msgs/include/mrpt_msgs/mrpt_msgs/msg/detail/generic_object__struct.h
[2.289s] -- Up-to-date symlink: /home/jozef/ros2_ws/install/mrpt_msgs/include/mrpt_msgs/mrpt_msgs/msg/detail/generic_object__type_support.h
[2.289s] -- Up-to-date symlink: /home/jozef/ros2_ws/install/mrpt_msgs/include/mrpt_msgs/mrpt_msgs/msg/detail/generic_observation__functions.h
[2.289s] -- Up-to-date symlink: /home/jozef/ros2_ws/install/mrpt_msgs/include/mrpt_msgs/mrpt_msgs/msg/detail/generic_observation__struct.h
[2.289s] -- Up-to-date symlink: /home/jozef/ros2_ws/install/mrpt_msgs/include/mrpt_msgs/mrpt_msgs/msg/detail/generic_observation__type_support.h
[2.290s] -- Up-to-date symlink: /home/jozef/ros2_ws/install/mrpt_msgs/include/mrpt_msgs/mrpt_msgs/msg/detail/graph_constraint__functions.h
[2.290s] -- Up-to-date symlink: /home/jozef/ros2_ws/install/mrpt_msgs/include/mrpt_msgs/mrpt_msgs/msg/detail/graph_constraint__struct.h
[2.290s] -- Up-to-date symlink: /home/jozef/ros2_ws/install/mrpt_msgs/include/mrpt_msgs/mrpt_msgs/msg/detail/graph_constraint__type_support.h
[2.290s] -- Up-to-date symlink: /home/jozef/ros2_ws/install/mrpt_msgs/include/mrpt_msgs/mrpt_msgs/msg/detail/graph_slam_agent__functions.h
[2.290s] -- Up-to-date symlink: /home/jozef/ros2_ws/install/mrpt_msgs/include/mrpt_msgs/mrpt_msgs/msg/detail/graph_slam_agent__struct.h
[2.290s] -- Up-to-date symlink: /home/jozef/ros2_ws/install/mrpt_msgs/include/mrpt_msgs/mrpt_msgs/msg/detail/graph_slam_agent__type_support.h
[2.290s] -- Up-to-date symlink: /home/jozef/ros2_ws/install/mrpt_msgs/include/mrpt_msgs/mrpt_msgs/msg/detail/graph_slam_agents__functions.h
[2.290s] -- Up-to-date symlink: /home/jozef/ros2_ws/install/mrpt_msgs/include/mrpt_msgs/mrpt_msgs/msg/detail/graph_slam_agents__struct.h
[2.290s] -- Up-to-date symlink: /home/jozef/ros2_ws/install/mrpt_msgs/include/mrpt_msgs/mrpt_msgs/msg/detail/graph_slam_agents__type_support.h
[2.291s] -- Up-to-date symlink: /home/jozef/ros2_ws/install/mrpt_msgs/include/mrpt_msgs/mrpt_msgs/msg/detail/graph_slam_stats__functions.h
[2.291s] -- Up-to-date symlink: /home/jozef/ros2_ws/install/mrpt_msgs/include/mrpt_msgs/mrpt_msgs/msg/detail/graph_slam_stats__struct.h
[2.291s] -- Up-to-date symlink: /home/jozef/ros2_ws/install/mrpt_msgs/include/mrpt_msgs/mrpt_msgs/msg/detail/graph_slam_stats__type_support.h
[2.291s] -- Up-to-date symlink: /home/jozef/ros2_ws/install/mrpt_msgs/include/mrpt_msgs/mrpt_msgs/msg/detail/network_of_poses__functions.h
[2.291s] -- Up-to-date symlink: /home/jozef/ros2_ws/install/mrpt_msgs/include/mrpt_msgs/mrpt_msgs/msg/detail/network_of_poses__struct.h
[2.291s] -- Up-to-date symlink: /home/jozef/ros2_ws/install/mrpt_msgs/include/mrpt_msgs/mrpt_msgs/msg/detail/network_of_poses__type_support.h
[2.291s] -- Up-to-date symlink: /home/jozef/ros2_ws/install/mrpt_msgs/include/mrpt_msgs/mrpt_msgs/msg/detail/node_id_with_laser_scan__functions.h
[2.291s] -- Up-to-date symlink: /home/jozef/ros2_ws/install/mrpt_msgs/include/mrpt_msgs/mrpt_msgs/msg/detail/node_id_with_laser_scan__struct.h
[2.292s] -- Up-to-date symlink: /home/jozef/ros2_ws/install/mrpt_msgs/include/mrpt_msgs/mrpt_msgs/msg/detail/node_id_with_laser_scan__type_support.h
[2.292s] -- Up-to-date symlink: /home/jozef/ros2_ws/install/mrpt_msgs/include/mrpt_msgs/mrpt_msgs/msg/detail/node_id_with_pose__functions.h
[2.292s] -- Up-to-date symlink: /home/jozef/ros2_ws/install/mrpt_msgs/include/mrpt_msgs/mrpt_msgs/msg/detail/node_id_with_pose__struct.h
[2.292s] -- Up-to-date symlink: /home/jozef/ros2_ws/install/mrpt_msgs/include/mrpt_msgs/mrpt_msgs/msg/detail/node_id_with_pose__type_support.h
[2.292s] -- Up-to-date symlink: /home/jozef/ros2_ws/install/mrpt_msgs/include/mrpt_msgs/mrpt_msgs/msg/detail/node_id_with_pose_vec__functions.h
[2.292s] -- Up-to-date symlink: /home/jozef/ros2_ws/install/mrpt_msgs/include/mrpt_msgs/mrpt_msgs/msg/detail/node_id_with_pose_vec__struct.h
[2.292s] -- Up-to-date symlink: /home/jozef/ros2_ws/install/mrpt_msgs/include/mrpt_msgs/mrpt_msgs/msg/detail/node_id_with_pose_vec__type_support.h
[2.292s] -- Up-to-date symlink: /home/jozef/ros2_ws/install/mrpt_msgs/include/mrpt_msgs/mrpt_msgs/msg/detail/observation_object__functions.h
[2.292s] -- Up-to-date symlink: /home/jozef/ros2_ws/install/mrpt_msgs/include/mrpt_msgs/mrpt_msgs/msg/detail/observation_object__struct.h
[2.292s] -- Up-to-date symlink: /home/jozef/ros2_ws/install/mrpt_msgs/include/mrpt_msgs/mrpt_msgs/msg/detail/observation_object__type_support.h
[2.293s] -- Up-to-date symlink: /home/jozef/ros2_ws/install/mrpt_msgs/include/mrpt_msgs/mrpt_msgs/msg/detail/observation_range_beacon__functions.h
[2.293s] -- Up-to-date symlink: /home/jozef/ros2_ws/install/mrpt_msgs/include/mrpt_msgs/mrpt_msgs/msg/detail/observation_range_beacon__struct.h
[2.293s] -- Up-to-date symlink: /home/jozef/ros2_ws/install/mrpt_msgs/include/mrpt_msgs/mrpt_msgs/msg/detail/observation_range_beacon__type_support.h
[2.293s] -- Up-to-date symlink: /home/jozef/ros2_ws/install/mrpt_msgs/include/mrpt_msgs/mrpt_msgs/msg/detail/observation_range_bearing__functions.h
[2.293s] -- Up-to-date symlink: /home/jozef/ros2_ws/install/mrpt_msgs/include/mrpt_msgs/mrpt_msgs/msg/detail/observation_range_bearing__struct.h
[2.293s] -- Up-to-date symlink: /home/jozef/ros2_ws/install/mrpt_msgs/include/mrpt_msgs/mrpt_msgs/msg/detail/observation_range_bearing__type_support.h
[2.293s] -- Up-to-date symlink: /home/jozef/ros2_ws/install/mrpt_msgs/include/mrpt_msgs/mrpt_msgs/msg/detail/single_object_observation__functions.h
[2.295s] -- Up-to-date symlink: /home/jozef/ros2_ws/install/mrpt_msgs/include/mrpt_msgs/mrpt_msgs/msg/detail/single_object_observation__struct.h
[2.295s] -- Up-to-date symlink: /home/jozef/ros2_ws/install/mrpt_msgs/include/mrpt_msgs/mrpt_msgs/msg/detail/single_object_observation__type_support.h
[2.296s] -- Up-to-date symlink: /home/jozef/ros2_ws/install/mrpt_msgs/include/mrpt_msgs/mrpt_msgs/msg/detail/single_range_beacon_observation__functions.h
[2.296s] -- Up-to-date symlink: /home/jozef/ros2_ws/install/mrpt_msgs/include/mrpt_msgs/mrpt_msgs/msg/detail/single_range_beacon_observation__struct.h
[2.296s] -- Up-to-date symlink: /home/jozef/ros2_ws/install/mrpt_msgs/include/mrpt_msgs/mrpt_msgs/msg/detail/single_range_beacon_observation__type_support.h
[2.296s] -- Up-to-date symlink: /home/jozef/ros2_ws/install/mrpt_msgs/include/mrpt_msgs/mrpt_msgs/msg/detail/single_range_bearing_observation__functions.h
[2.296s] -- Up-to-date symlink: /home/jozef/ros2_ws/install/mrpt_msgs/include/mrpt_msgs/mrpt_msgs/msg/detail/single_range_bearing_observation__struct.h
[2.296s] -- Up-to-date symlink: /home/jozef/ros2_ws/install/mrpt_msgs/include/mrpt_msgs/mrpt_msgs/msg/detail/single_range_bearing_observation__type_support.h
[2.296s] -- Up-to-date symlink: /home/jozef/ros2_ws/install/mrpt_msgs/include/mrpt_msgs/mrpt_msgs/msg/detail/waypoint__functions.h
[2.297s] -- Up-to-date symlink: /home/jozef/ros2_ws/install/mrpt_msgs/include/mrpt_msgs/mrpt_msgs/msg/detail/waypoint__struct.h
[2.300s] -- Up-to-date symlink: /home/jozef/ros2_ws/install/mrpt_msgs/include/mrpt_msgs/mrpt_msgs/msg/detail/waypoint__type_support.h
[2.300s] -- Up-to-date symlink: /home/jozef/ros2_ws/install/mrpt_msgs/include/mrpt_msgs/mrpt_msgs/msg/detail/waypoint_sequence__functions.h
[2.301s] -- Up-to-date symlink: /home/jozef/ros2_ws/install/mrpt_msgs/include/mrpt_msgs/mrpt_msgs/msg/detail/waypoint_sequence__struct.h
[2.304s] -- Up-to-date symlink: /home/jozef/ros2_ws/install/mrpt_msgs/include/mrpt_msgs/mrpt_msgs/msg/detail/waypoint_sequence__type_support.h
[2.304s] -- Up-to-date symlink: /home/jozef/ros2_ws/install/mrpt_msgs/include/mrpt_msgs/mrpt_msgs/msg/generic_object.h
[2.305s] -- Up-to-date symlink: /home/jozef/ros2_ws/install/mrpt_msgs/include/mrpt_msgs/mrpt_msgs/msg/generic_observation.h
[2.305s] -- Up-to-date symlink: /home/jozef/ros2_ws/install/mrpt_msgs/include/mrpt_msgs/mrpt_msgs/msg/graph_constraint.h
[2.305s] -- Up-to-date symlink: /home/jozef/ros2_ws/install/mrpt_msgs/include/mrpt_msgs/mrpt_msgs/msg/graph_slam_agent.h
[2.305s] -- Up-to-date symlink: /home/jozef/ros2_ws/install/mrpt_msgs/include/mrpt_msgs/mrpt_msgs/msg/graph_slam_agents.h
[2.305s] -- Up-to-date symlink: /home/jozef/ros2_ws/install/mrpt_msgs/include/mrpt_msgs/mrpt_msgs/msg/graph_slam_stats.h
[2.306s] -- Up-to-date symlink: /home/jozef/ros2_ws/install/mrpt_msgs/include/mrpt_msgs/mrpt_msgs/msg/network_of_poses.h
[2.306s] -- Up-to-date symlink: /home/jozef/ros2_ws/install/mrpt_msgs/include/mrpt_msgs/mrpt_msgs/msg/node_id_with_laser_scan.h
[2.306s] -- Up-to-date symlink: /home/jozef/ros2_ws/install/mrpt_msgs/include/mrpt_msgs/mrpt_msgs/msg/node_id_with_pose.h
[2.306s] -- Up-to-date symlink: /home/jozef/ros2_ws/install/mrpt_msgs/include/mrpt_msgs/mrpt_msgs/msg/node_id_with_pose_vec.h
[2.306s] -- Up-to-date symlink: /home/jozef/ros2_ws/install/mrpt_msgs/include/mrpt_msgs/mrpt_msgs/msg/observation_object.h
[2.307s] -- Up-to-date symlink: /home/jozef/ros2_ws/install/mrpt_msgs/include/mrpt_msgs/mrpt_msgs/msg/observation_range_beacon.h
[2.307s] -- Up-to-date symlink: /home/jozef/ros2_ws/install/mrpt_msgs/include/mrpt_msgs/mrpt_msgs/msg/observation_range_bearing.h
[2.307s] -- Up-to-date symlink: /home/jozef/ros2_ws/install/mrpt_msgs/include/mrpt_msgs/mrpt_msgs/msg/rosidl_generator_c__visibility_control.h
[2.307s] -- Up-to-date symlink: /home/jozef/ros2_ws/install/mrpt_msgs/include/mrpt_msgs/mrpt_msgs/msg/single_object_observation.h
[2.308s] -- Up-to-date symlink: /home/jozef/ros2_ws/install/mrpt_msgs/include/mrpt_msgs/mrpt_msgs/msg/single_range_beacon_observation.h
[2.308s] -- Up-to-date symlink: /home/jozef/ros2_ws/install/mrpt_msgs/include/mrpt_msgs/mrpt_msgs/msg/single_range_bearing_observation.h
[2.308s] -- Up-to-date symlink: /home/jozef/ros2_ws/install/mrpt_msgs/include/mrpt_msgs/mrpt_msgs/msg/waypoint.h
[2.308s] -- Up-to-date symlink: /home/jozef/ros2_ws/install/mrpt_msgs/include/mrpt_msgs/mrpt_msgs/msg/waypoint_sequence.h
[2.308s] -- Up-to-date symlink: /home/jozef/ros2_ws/install/mrpt_msgs/include/mrpt_msgs/mrpt_msgs/srv/detail/get_cm_graph__functions.h
[2.308s] -- Up-to-date symlink: /home/jozef/ros2_ws/install/mrpt_msgs/include/mrpt_msgs/mrpt_msgs/srv/detail/get_cm_graph__struct.h
[2.308s] -- Up-to-date symlink: /home/jozef/ros2_ws/install/mrpt_msgs/include/mrpt_msgs/mrpt_msgs/srv/detail/get_cm_graph__type_support.h
[2.309s] -- Up-to-date symlink: /home/jozef/ros2_ws/install/mrpt_msgs/include/mrpt_msgs/mrpt_msgs/srv/get_cm_graph.h
[2.309s] -- Up-to-date symlink: /home/jozef/ros2_ws/install/mrpt_msgs/share/mrpt_msgs/environment/library_path.sh
[2.309s] -- Up-to-date symlink: /home/jozef/ros2_ws/install/mrpt_msgs/share/mrpt_msgs/environment/library_path.dsv
[2.309s] -- Up-to-date symlink: /home/jozef/ros2_ws/install/mrpt_msgs/include/mrpt_msgs/mrpt_msgs/msg/detail/generic_object__rosidl_typesupport_fastrtps_c.h
[2.309s] -- Up-to-date symlink: /home/jozef/ros2_ws/install/mrpt_msgs/include/mrpt_msgs/mrpt_msgs/msg/detail/generic_observation__rosidl_typesupport_fastrtps_c.h
[2.309s] -- Up-to-date symlink: /home/jozef/ros2_ws/install/mrpt_msgs/include/mrpt_msgs/mrpt_msgs/msg/detail/graph_constraint__rosidl_typesupport_fastrtps_c.h
[2.309s] -- Up-to-date symlink: /home/jozef/ros2_ws/install/mrpt_msgs/include/mrpt_msgs/mrpt_msgs/msg/detail/graph_slam_agent__rosidl_typesupport_fastrtps_c.h
[2.309s] -- Up-to-date symlink: /home/jozef/ros2_ws/install/mrpt_msgs/include/mrpt_msgs/mrpt_msgs/msg/detail/graph_slam_agents__rosidl_typesupport_fastrtps_c.h
[2.310s] -- Up-to-date symlink: /home/jozef/ros2_ws/install/mrpt_msgs/include/mrpt_msgs/mrpt_msgs/msg/detail/graph_slam_stats__rosidl_typesupport_fastrtps_c.h
[2.310s] -- Up-to-date symlink: /home/jozef/ros2_ws/install/mrpt_msgs/include/mrpt_msgs/mrpt_msgs/msg/detail/network_of_poses__rosidl_typesupport_fastrtps_c.h
[2.310s] -- Up-to-date symlink: /home/jozef/ros2_ws/install/mrpt_msgs/include/mrpt_msgs/mrpt_msgs/msg/detail/node_id_with_laser_scan__rosidl_typesupport_fastrtps_c.h
[2.310s] -- Up-to-date symlink: /home/jozef/ros2_ws/install/mrpt_msgs/include/mrpt_msgs/mrpt_msgs/msg/detail/node_id_with_pose__rosidl_typesupport_fastrtps_c.h
[2.310s] -- Up-to-date symlink: /home/jozef/ros2_ws/install/mrpt_msgs/include/mrpt_msgs/mrpt_msgs/msg/detail/node_id_with_pose_vec__rosidl_typesupport_fastrtps_c.h
[2.311s] -- Up-to-date symlink: /home/jozef/ros2_ws/install/mrpt_msgs/include/mrpt_msgs/mrpt_msgs/msg/detail/observation_object__rosidl_typesupport_fastrtps_c.h
[2.311s] -- Up-to-date symlink: /home/jozef/ros2_ws/install/mrpt_msgs/include/mrpt_msgs/mrpt_msgs/msg/detail/observation_range_beacon__rosidl_typesupport_fastrtps_c.h
[2.311s] -- Up-to-date symlink: /home/jozef/ros2_ws/install/mrpt_msgs/include/mrpt_msgs/mrpt_msgs/msg/detail/observation_range_bearing__rosidl_typesupport_fastrtps_c.h
[2.312s] -- Up-to-date symlink: /home/jozef/ros2_ws/install/mrpt_msgs/include/mrpt_msgs/mrpt_msgs/msg/detail/single_object_observation__rosidl_typesupport_fastrtps_c.h
[2.312s] -- Up-to-date symlink: /home/jozef/ros2_ws/install/mrpt_msgs/include/mrpt_msgs/mrpt_msgs/msg/detail/single_range_beacon_observation__rosidl_typesupport_fastrtps_c.h
[2.312s] -- Up-to-date symlink: /home/jozef/ros2_ws/install/mrpt_msgs/include/mrpt_msgs/mrpt_msgs/msg/detail/single_range_bearing_observation__rosidl_typesupport_fastrtps_c.h
[2.312s] -- Up-to-date symlink: /home/jozef/ros2_ws/install/mrpt_msgs/include/mrpt_msgs/mrpt_msgs/msg/detail/waypoint__rosidl_typesupport_fastrtps_c.h
[2.312s] -- Up-to-date symlink: /home/jozef/ros2_ws/install/mrpt_msgs/include/mrpt_msgs/mrpt_msgs/msg/detail/waypoint_sequence__rosidl_typesupport_fastrtps_c.h
[2.313s] -- Up-to-date symlink: /home/jozef/ros2_ws/install/mrpt_msgs/include/mrpt_msgs/mrpt_msgs/msg/rosidl_typesupport_fastrtps_c__visibility_control.h
[2.313s] -- Up-to-date symlink: /home/jozef/ros2_ws/install/mrpt_msgs/include/mrpt_msgs/mrpt_msgs/srv/detail/get_cm_graph__rosidl_typesupport_fastrtps_c.h
[2.313s] -- Up-to-date symlink: /home/jozef/ros2_ws/install/mrpt_msgs/include/mrpt_msgs/mrpt_msgs/msg/detail/generic_object__rosidl_typesupport_introspection_c.h
[2.313s] -- Up-to-date symlink: /home/jozef/ros2_ws/install/mrpt_msgs/include/mrpt_msgs/mrpt_msgs/msg/detail/generic_observation__rosidl_typesupport_introspection_c.h
[2.313s] -- Up-to-date symlink: /home/jozef/ros2_ws/install/mrpt_msgs/include/mrpt_msgs/mrpt_msgs/msg/detail/graph_constraint__rosidl_typesupport_introspection_c.h
[2.313s] -- Up-to-date symlink: /home/jozef/ros2_ws/install/mrpt_msgs/include/mrpt_msgs/mrpt_msgs/msg/detail/graph_slam_agent__rosidl_typesupport_introspection_c.h
[2.313s] -- Up-to-date symlink: /home/jozef/ros2_ws/install/mrpt_msgs/include/mrpt_msgs/mrpt_msgs/msg/detail/graph_slam_agents__rosidl_typesupport_introspection_c.h
[2.313s] -- Up-to-date symlink: /home/jozef/ros2_ws/install/mrpt_msgs/include/mrpt_msgs/mrpt_msgs/msg/detail/graph_slam_stats__rosidl_typesupport_introspection_c.h
[2.314s] -- Up-to-date symlink: /home/jozef/ros2_ws/install/mrpt_msgs/include/mrpt_msgs/mrpt_msgs/msg/detail/network_of_poses__rosidl_typesupport_introspection_c.h
[2.314s] -- Up-to-date symlink: /home/jozef/ros2_ws/install/mrpt_msgs/include/mrpt_msgs/mrpt_msgs/msg/detail/node_id_with_laser_scan__rosidl_typesupport_introspection_c.h
[2.314s] -- Up-to-date symlink: /home/jozef/ros2_ws/install/mrpt_msgs/include/mrpt_msgs/mrpt_msgs/msg/detail/node_id_with_pose__rosidl_typesupport_introspection_c.h
[2.314s] -- Up-to-date symlink: /home/jozef/ros2_ws/install/mrpt_msgs/include/mrpt_msgs/mrpt_msgs/msg/detail/node_id_with_pose_vec__rosidl_typesupport_introspection_c.h
[2.314s] -- Up-to-date symlink: /home/jozef/ros2_ws/install/mrpt_msgs/include/mrpt_msgs/mrpt_msgs/msg/detail/observation_object__rosidl_typesupport_introspection_c.h
[2.314s] -- Up-to-date symlink: /home/jozef/ros2_ws/install/mrpt_msgs/include/mrpt_msgs/mrpt_msgs/msg/detail/observation_range_beacon__rosidl_typesupport_introspection_c.h
[2.314s] -- Up-to-date symlink: /home/jozef/ros2_ws/install/mrpt_msgs/include/mrpt_msgs/mrpt_msgs/msg/detail/observation_range_bearing__rosidl_typesupport_introspection_c.h
[2.314s] -- Up-to-date symlink: /home/jozef/ros2_ws/install/mrpt_msgs/include/mrpt_msgs/mrpt_msgs/msg/detail/single_object_observation__rosidl_typesupport_introspection_c.h
[2.315s] -- Up-to-date symlink: /home/jozef/ros2_ws/install/mrpt_msgs/include/mrpt_msgs/mrpt_msgs/msg/detail/single_range_beacon_observation__rosidl_typesupport_introspection_c.h
[2.315s] -- Up-to-date symlink: /home/jozef/ros2_ws/install/mrpt_msgs/include/mrpt_msgs/mrpt_msgs/msg/detail/single_range_bearing_observation__rosidl_typesupport_introspection_c.h
[2.315s] -- Up-to-date symlink: /home/jozef/ros2_ws/install/mrpt_msgs/include/mrpt_msgs/mrpt_msgs/msg/detail/waypoint__rosidl_typesupport_introspection_c.h
[2.315s] -- Up-to-date symlink: /home/jozef/ros2_ws/install/mrpt_msgs/include/mrpt_msgs/mrpt_msgs/msg/detail/waypoint_sequence__rosidl_typesupport_introspection_c.h
[2.315s] -- Up-to-date symlink: /home/jozef/ros2_ws/install/mrpt_msgs/include/mrpt_msgs/mrpt_msgs/msg/rosidl_typesupport_introspection_c__visibility_control.h
[2.315s] -- Up-to-date symlink: /home/jozef/ros2_ws/install/mrpt_msgs/include/mrpt_msgs/mrpt_msgs/srv/detail/get_cm_graph__rosidl_typesupport_introspection_c.h
[2.316s] -- Up-to-date symlink: /home/jozef/ros2_ws/install/mrpt_msgs/include/mrpt_msgs/mrpt_msgs/msg/detail/generic_object__builder.hpp
[2.316s] -- Up-to-date symlink: /home/jozef/ros2_ws/install/mrpt_msgs/include/mrpt_msgs/mrpt_msgs/msg/detail/generic_object__struct.hpp
[2.316s] -- Up-to-date symlink: /home/jozef/ros2_ws/install/mrpt_msgs/include/mrpt_msgs/mrpt_msgs/msg/detail/generic_object__traits.hpp
[2.316s] -- Up-to-date symlink: /home/jozef/ros2_ws/install/mrpt_msgs/include/mrpt_msgs/mrpt_msgs/msg/detail/generic_object__type_support.hpp
[2.316s] -- Up-to-date symlink: /home/jozef/ros2_ws/install/mrpt_msgs/include/mrpt_msgs/mrpt_msgs/msg/detail/generic_observation__builder.hpp
[2.316s] -- Up-to-date symlink: /home/jozef/ros2_ws/install/mrpt_msgs/include/mrpt_msgs/mrpt_msgs/msg/detail/generic_observation__struct.hpp
[2.316s] -- Up-to-date symlink: /home/jozef/ros2_ws/install/mrpt_msgs/include/mrpt_msgs/mrpt_msgs/msg/detail/generic_observation__traits.hpp
[2.316s] -- Up-to-date symlink: /home/jozef/ros2_ws/install/mrpt_msgs/include/mrpt_msgs/mrpt_msgs/msg/detail/generic_observation__type_support.hpp
[2.317s] -- Up-to-date symlink: /home/jozef/ros2_ws/install/mrpt_msgs/include/mrpt_msgs/mrpt_msgs/msg/detail/graph_constraint__builder.hpp
[2.317s] -- Up-to-date symlink: /home/jozef/ros2_ws/install/mrpt_msgs/include/mrpt_msgs/mrpt_msgs/msg/detail/graph_constraint__struct.hpp
[2.317s] -- Up-to-date symlink: /home/jozef/ros2_ws/install/mrpt_msgs/include/mrpt_msgs/mrpt_msgs/msg/detail/graph_constraint__traits.hpp
[2.317s] -- Up-to-date symlink: /home/jozef/ros2_ws/install/mrpt_msgs/include/mrpt_msgs/mrpt_msgs/msg/detail/graph_constraint__type_support.hpp
[2.317s] -- Up-to-date symlink: /home/jozef/ros2_ws/install/mrpt_msgs/include/mrpt_msgs/mrpt_msgs/msg/detail/graph_slam_agent__builder.hpp
[2.317s] -- Up-to-date symlink: /home/jozef/ros2_ws/install/mrpt_msgs/include/mrpt_msgs/mrpt_msgs/msg/detail/graph_slam_agent__struct.hpp
[2.317s] -- Up-to-date symlink: /home/jozef/ros2_ws/install/mrpt_msgs/include/mrpt_msgs/mrpt_msgs/msg/detail/graph_slam_agent__traits.hpp
[2.317s] -- Up-to-date symlink: /home/jozef/ros2_ws/install/mrpt_msgs/include/mrpt_msgs/mrpt_msgs/msg/detail/graph_slam_agent__type_support.hpp
[2.317s] -- Up-to-date symlink: /home/jozef/ros2_ws/install/mrpt_msgs/include/mrpt_msgs/mrpt_msgs/msg/detail/graph_slam_agents__builder.hpp
[2.318s] -- Up-to-date symlink: /home/jozef/ros2_ws/install/mrpt_msgs/include/mrpt_msgs/mrpt_msgs/msg/detail/graph_slam_agents__struct.hpp
[2.318s] -- Up-to-date symlink: /home/jozef/ros2_ws/install/mrpt_msgs/include/mrpt_msgs/mrpt_msgs/msg/detail/graph_slam_agents__traits.hpp
[2.318s] -- Up-to-date symlink: /home/jozef/ros2_ws/install/mrpt_msgs/include/mrpt_msgs/mrpt_msgs/msg/detail/graph_slam_agents__type_support.hpp
[2.318s] -- Up-to-date symlink: /home/jozef/ros2_ws/install/mrpt_msgs/include/mrpt_msgs/mrpt_msgs/msg/detail/graph_slam_stats__builder.hpp
[2.322s] -- Up-to-date symlink: /home/jozef/ros2_ws/install/mrpt_msgs/include/mrpt_msgs/mrpt_msgs/msg/detail/graph_slam_stats__struct.hpp
[2.322s] -- Up-to-date symlink: /home/jozef/ros2_ws/install/mrpt_msgs/include/mrpt_msgs/mrpt_msgs/msg/detail/graph_slam_stats__traits.hpp
[2.322s] -- Up-to-date symlink: /home/jozef/ros2_ws/install/mrpt_msgs/include/mrpt_msgs/mrpt_msgs/msg/detail/graph_slam_stats__type_support.hpp
[2.322s] -- Up-to-date symlink: /home/jozef/ros2_ws/install/mrpt_msgs/include/mrpt_msgs/mrpt_msgs/msg/detail/network_of_poses__builder.hpp
[2.322s] -- Up-to-date symlink: /home/jozef/ros2_ws/install/mrpt_msgs/include/mrpt_msgs/mrpt_msgs/msg/detail/network_of_poses__struct.hpp
[2.322s] -- Up-to-date symlink: /home/jozef/ros2_ws/install/mrpt_msgs/include/mrpt_msgs/mrpt_msgs/msg/detail/network_of_poses__traits.hpp
[2.323s] -- Up-to-date symlink: /home/jozef/ros2_ws/install/mrpt_msgs/include/mrpt_msgs/mrpt_msgs/msg/detail/network_of_poses__type_support.hpp
[2.323s] -- Up-to-date symlink: /home/jozef/ros2_ws/install/mrpt_msgs/include/mrpt_msgs/mrpt_msgs/msg/detail/node_id_with_laser_scan__builder.hpp
[2.323s] -- Up-to-date symlink: /home/jozef/ros2_ws/install/mrpt_msgs/include/mrpt_msgs/mrpt_msgs/msg/detail/node_id_with_laser_scan__struct.hpp
[2.323s] -- Up-to-date symlink: /home/jozef/ros2_ws/install/mrpt_msgs/include/mrpt_msgs/mrpt_msgs/msg/detail/node_id_with_laser_scan__traits.hpp
[2.323s] -- Up-to-date symlink: /home/jozef/ros2_ws/install/mrpt_msgs/include/mrpt_msgs/mrpt_msgs/msg/detail/node_id_with_laser_scan__type_support.hpp
[2.323s] -- Up-to-date symlink: /home/jozef/ros2_ws/install/mrpt_msgs/include/mrpt_msgs/mrpt_msgs/msg/detail/node_id_with_pose__builder.hpp
[2.323s] -- Up-to-date symlink: /home/jozef/ros2_ws/install/mrpt_msgs/include/mrpt_msgs/mrpt_msgs/msg/detail/node_id_with_pose__struct.hpp
[2.324s] -- Up-to-date symlink: /home/jozef/ros2_ws/install/mrpt_msgs/include/mrpt_msgs/mrpt_msgs/msg/detail/node_id_with_pose__traits.hpp
[2.324s] -- Up-to-date symlink: /home/jozef/ros2_ws/install/mrpt_msgs/include/mrpt_msgs/mrpt_msgs/msg/detail/node_id_with_pose__type_support.hpp
[2.324s] -- Up-to-date symlink: /home/jozef/ros2_ws/install/mrpt_msgs/include/mrpt_msgs/mrpt_msgs/msg/detail/node_id_with_pose_vec__builder.hpp
[2.324s] -- Up-to-date symlink: /home/jozef/ros2_ws/install/mrpt_msgs/include/mrpt_msgs/mrpt_msgs/msg/detail/node_id_with_pose_vec__struct.hpp
[2.324s] -- Up-to-date symlink: /home/jozef/ros2_ws/install/mrpt_msgs/include/mrpt_msgs/mrpt_msgs/msg/detail/node_id_with_pose_vec__traits.hpp
[2.324s] -- Up-to-date symlink: /home/jozef/ros2_ws/install/mrpt_msgs/include/mrpt_msgs/mrpt_msgs/msg/detail/node_id_with_pose_vec__type_support.hpp
[2.324s] -- Up-to-date symlink: /home/jozef/ros2_ws/install/mrpt_msgs/include/mrpt_msgs/mrpt_msgs/msg/detail/observation_object__builder.hpp
[2.324s] -- Up-to-date symlink: /home/jozef/ros2_ws/install/mrpt_msgs/include/mrpt_msgs/mrpt_msgs/msg/detail/observation_object__struct.hpp
[2.325s] -- Up-to-date symlink: /home/jozef/ros2_ws/install/mrpt_msgs/include/mrpt_msgs/mrpt_msgs/msg/detail/observation_object__traits.hpp
[2.325s] -- Up-to-date symlink: /home/jozef/ros2_ws/install/mrpt_msgs/include/mrpt_msgs/mrpt_msgs/msg/detail/observation_object__type_support.hpp
[2.325s] -- Up-to-date symlink: /home/jozef/ros2_ws/install/mrpt_msgs/include/mrpt_msgs/mrpt_msgs/msg/detail/observation_range_beacon__builder.hpp
[2.325s] -- Up-to-date symlink: /home/jozef/ros2_ws/install/mrpt_msgs/include/mrpt_msgs/mrpt_msgs/msg/detail/observation_range_beacon__struct.hpp
[2.325s] -- Up-to-date symlink: /home/jozef/ros2_ws/install/mrpt_msgs/include/mrpt_msgs/mrpt_msgs/msg/detail/observation_range_beacon__traits.hpp
[2.325s] -- Up-to-date symlink: /home/jozef/ros2_ws/install/mrpt_msgs/include/mrpt_msgs/mrpt_msgs/msg/detail/observation_range_beacon__type_support.hpp
[2.326s] -- Up-to-date symlink: /home/jozef/ros2_ws/install/mrpt_msgs/include/mrpt_msgs/mrpt_msgs/msg/detail/observation_range_bearing__builder.hpp
[2.326s] -- Up-to-date symlink: /home/jozef/ros2_ws/install/mrpt_msgs/include/mrpt_msgs/mrpt_msgs/msg/detail/observation_range_bearing__struct.hpp
[2.326s] -- Up-to-date symlink: /home/jozef/ros2_ws/install/mrpt_msgs/include/mrpt_msgs/mrpt_msgs/msg/detail/observation_range_bearing__traits.hpp
[2.326s] -- Up-to-date symlink: /home/jozef/ros2_ws/install/mrpt_msgs/include/mrpt_msgs/mrpt_msgs/msg/detail/observation_range_bearing__type_support.hpp
[2.327s] -- Up-to-date symlink: /home/jozef/ros2_ws/install/mrpt_msgs/include/mrpt_msgs/mrpt_msgs/msg/detail/single_object_observation__builder.hpp
[2.327s] -- Up-to-date symlink: /home/jozef/ros2_ws/install/mrpt_msgs/include/mrpt_msgs/mrpt_msgs/msg/detail/single_object_observation__struct.hpp
[2.327s] -- Up-to-date symlink: /home/jozef/ros2_ws/install/mrpt_msgs/include/mrpt_msgs/mrpt_msgs/msg/detail/single_object_observation__traits.hpp
[2.327s] -- Up-to-date symlink: /home/jozef/ros2_ws/install/mrpt_msgs/include/mrpt_msgs/mrpt_msgs/msg/detail/single_object_observation__type_support.hpp
[2.327s] -- Up-to-date symlink: /home/jozef/ros2_ws/install/mrpt_msgs/include/mrpt_msgs/mrpt_msgs/msg/detail/single_range_beacon_observation__builder.hpp
[2.327s] -- Up-to-date symlink: /home/jozef/ros2_ws/install/mrpt_msgs/include/mrpt_msgs/mrpt_msgs/msg/detail/single_range_beacon_observation__struct.hpp
[2.328s] -- Up-to-date symlink: /home/jozef/ros2_ws/install/mrpt_msgs/include/mrpt_msgs/mrpt_msgs/msg/detail/single_range_beacon_observation__traits.hpp
[2.328s] -- Up-to-date symlink: /home/jozef/ros2_ws/install/mrpt_msgs/include/mrpt_msgs/mrpt_msgs/msg/detail/single_range_beacon_observation__type_support.hpp
[2.328s] -- Up-to-date symlink: /home/jozef/ros2_ws/install/mrpt_msgs/include/mrpt_msgs/mrpt_msgs/msg/detail/single_range_bearing_observation__builder.hpp
[2.328s] -- Up-to-date symlink: /home/jozef/ros2_ws/install/mrpt_msgs/include/mrpt_msgs/mrpt_msgs/msg/detail/single_range_bearing_observation__struct.hpp
[2.329s] -- Up-to-date symlink: /home/jozef/ros2_ws/install/mrpt_msgs/include/mrpt_msgs/mrpt_msgs/msg/detail/single_range_bearing_observation__traits.hpp
[2.329s] -- Up-to-date symlink: /home/jozef/ros2_ws/install/mrpt_msgs/include/mrpt_msgs/mrpt_msgs/msg/detail/single_range_bearing_observation__type_support.hpp
[2.329s] -- Up-to-date symlink: /home/jozef/ros2_ws/install/mrpt_msgs/include/mrpt_msgs/mrpt_msgs/msg/detail/waypoint__builder.hpp
[2.329s] -- Up-to-date symlink: /home/jozef/ros2_ws/install/mrpt_msgs/include/mrpt_msgs/mrpt_msgs/msg/detail/waypoint__struct.hpp
[2.329s] -- Up-to-date symlink: /home/jozef/ros2_ws/install/mrpt_msgs/include/mrpt_msgs/mrpt_msgs/msg/detail/waypoint__traits.hpp
[2.330s] -- Up-to-date symlink: /home/jozef/ros2_ws/install/mrpt_msgs/include/mrpt_msgs/mrpt_msgs/msg/detail/waypoint__type_support.hpp
[2.330s] -- Up-to-date symlink: /home/jozef/ros2_ws/install/mrpt_msgs/include/mrpt_msgs/mrpt_msgs/msg/detail/waypoint_sequence__builder.hpp
[2.330s] -- Up-to-date symlink: /home/jozef/ros2_ws/install/mrpt_msgs/include/mrpt_msgs/mrpt_msgs/msg/detail/waypoint_sequence__struct.hpp
[2.330s] -- Up-to-date symlink: /home/jozef/ros2_ws/install/mrpt_msgs/include/mrpt_msgs/mrpt_msgs/msg/detail/waypoint_sequence__traits.hpp
[2.330s] -- Up-to-date symlink: /home/jozef/ros2_ws/install/mrpt_msgs/include/mrpt_msgs/mrpt_msgs/msg/detail/waypoint_sequence__type_support.hpp
[2.331s] -- Up-to-date symlink: /home/jozef/ros2_ws/install/mrpt_msgs/include/mrpt_msgs/mrpt_msgs/msg/generic_object.hpp
[2.331s] -- Up-to-date symlink: /home/jozef/ros2_ws/install/mrpt_msgs/include/mrpt_msgs/mrpt_msgs/msg/generic_observation.hpp
[2.331s] -- Up-to-date symlink: /home/jozef/ros2_ws/install/mrpt_msgs/include/mrpt_msgs/mrpt_msgs/msg/graph_constraint.hpp
[2.331s] -- Up-to-date symlink: /home/jozef/ros2_ws/install/mrpt_msgs/include/mrpt_msgs/mrpt_msgs/msg/graph_slam_agent.hpp
[2.331s] -- Up-to-date symlink: /home/jozef/ros2_ws/install/mrpt_msgs/include/mrpt_msgs/mrpt_msgs/msg/graph_slam_agents.hpp
[2.332s] -- Up-to-date symlink: /home/jozef/ros2_ws/install/mrpt_msgs/include/mrpt_msgs/mrpt_msgs/msg/graph_slam_stats.hpp
[2.332s] -- Up-to-date symlink: /home/jozef/ros2_ws/install/mrpt_msgs/include/mrpt_msgs/mrpt_msgs/msg/network_of_poses.hpp
[2.332s] -- Up-to-date symlink: /home/jozef/ros2_ws/install/mrpt_msgs/include/mrpt_msgs/mrpt_msgs/msg/node_id_with_laser_scan.hpp
[2.332s] -- Up-to-date symlink: /home/jozef/ros2_ws/install/mrpt_msgs/include/mrpt_msgs/mrpt_msgs/msg/node_id_with_pose.hpp
[2.332s] -- Up-to-date symlink: /home/jozef/ros2_ws/install/mrpt_msgs/include/mrpt_msgs/mrpt_msgs/msg/node_id_with_pose_vec.hpp
[2.332s] -- Up-to-date symlink: /home/jozef/ros2_ws/install/mrpt_msgs/include/mrpt_msgs/mrpt_msgs/msg/observation_object.hpp
[2.333s] -- Up-to-date symlink: /home/jozef/ros2_ws/install/mrpt_msgs/include/mrpt_msgs/mrpt_msgs/msg/observation_range_beacon.hpp
[2.333s] -- Up-to-date symlink: /home/jozef/ros2_ws/install/mrpt_msgs/include/mrpt_msgs/mrpt_msgs/msg/observation_range_bearing.hpp
[2.333s] -- Up-to-date symlink: /home/jozef/ros2_ws/install/mrpt_msgs/include/mrpt_msgs/mrpt_msgs/msg/rosidl_generator_cpp__visibility_control.hpp
[2.333s] -- Up-to-date symlink: /home/jozef/ros2_ws/install/mrpt_msgs/include/mrpt_msgs/mrpt_msgs/msg/single_object_observation.hpp
[2.333s] -- Up-to-date symlink: /home/jozef/ros2_ws/install/mrpt_msgs/include/mrpt_msgs/mrpt_msgs/msg/single_range_beacon_observation.hpp
[2.333s] -- Up-to-date symlink: /home/jozef/ros2_ws/install/mrpt_msgs/include/mrpt_msgs/mrpt_msgs/msg/single_range_bearing_observation.hpp
[2.333s] -- Up-to-date symlink: /home/jozef/ros2_ws/install/mrpt_msgs/include/mrpt_msgs/mrpt_msgs/msg/waypoint.hpp
[2.333s] -- Up-to-date symlink: /home/jozef/ros2_ws/install/mrpt_msgs/include/mrpt_msgs/mrpt_msgs/msg/waypoint_sequence.hpp
[2.334s] -- Up-to-date symlink: /home/jozef/ros2_ws/install/mrpt_msgs/include/mrpt_msgs/mrpt_msgs/srv/detail/get_cm_graph__builder.hpp
[2.334s] -- Up-to-date symlink: /home/jozef/ros2_ws/install/mrpt_msgs/include/mrpt_msgs/mrpt_msgs/srv/detail/get_cm_graph__struct.hpp
[2.334s] -- Up-to-date symlink: /home/jozef/ros2_ws/install/mrpt_msgs/include/mrpt_msgs/mrpt_msgs/srv/detail/get_cm_graph__traits.hpp
[2.334s] -- Up-to-date symlink: /home/jozef/ros2_ws/install/mrpt_msgs/include/mrpt_msgs/mrpt_msgs/srv/detail/get_cm_graph__type_support.hpp
[2.334s] -- Up-to-date symlink: /home/jozef/ros2_ws/install/mrpt_msgs/include/mrpt_msgs/mrpt_msgs/srv/get_cm_graph.hpp
[2.334s] -- Up-to-date symlink: /home/jozef/ros2_ws/install/mrpt_msgs/include/mrpt_msgs/mrpt_msgs/msg/detail/generic_object__rosidl_typesupport_fastrtps_cpp.hpp
[2.334s] -- Up-to-date symlink: /home/jozef/ros2_ws/install/mrpt_msgs/include/mrpt_msgs/mrpt_msgs/msg/detail/generic_observation__rosidl_typesupport_fastrtps_cpp.hpp
[2.334s] -- Up-to-date symlink: /home/jozef/ros2_ws/install/mrpt_msgs/include/mrpt_msgs/mrpt_msgs/msg/detail/graph_constraint__rosidl_typesupport_fastrtps_cpp.hpp
[2.334s] -- Up-to-date symlink: /home/jozef/ros2_ws/install/mrpt_msgs/include/mrpt_msgs/mrpt_msgs/msg/detail/graph_slam_agent__rosidl_typesupport_fastrtps_cpp.hpp
[2.335s] -- Up-to-date symlink: /home/jozef/ros2_ws/install/mrpt_msgs/include/mrpt_msgs/mrpt_msgs/msg/detail/graph_slam_agents__rosidl_typesupport_fastrtps_cpp.hpp
[2.335s] -- Up-to-date symlink: /home/jozef/ros2_ws/install/mrpt_msgs/include/mrpt_msgs/mrpt_msgs/msg/detail/graph_slam_stats__rosidl_typesupport_fastrtps_cpp.hpp
[2.335s] -- Up-to-date symlink: /home/jozef/ros2_ws/install/mrpt_msgs/include/mrpt_msgs/mrpt_msgs/msg/detail/network_of_poses__rosidl_typesupport_fastrtps_cpp.hpp
[2.335s] -- Up-to-date symlink: /home/jozef/ros2_ws/install/mrpt_msgs/include/mrpt_msgs/mrpt_msgs/msg/detail/node_id_with_laser_scan__rosidl_typesupport_fastrtps_cpp.hpp
[2.335s] -- Up-to-date symlink: /home/jozef/ros2_ws/install/mrpt_msgs/include/mrpt_msgs/mrpt_msgs/msg/detail/node_id_with_pose__rosidl_typesupport_fastrtps_cpp.hpp
[2.335s] -- Up-to-date symlink: /home/jozef/ros2_ws/install/mrpt_msgs/include/mrpt_msgs/mrpt_msgs/msg/detail/node_id_with_pose_vec__rosidl_typesupport_fastrtps_cpp.hpp
[2.335s] -- Up-to-date symlink: /home/jozef/ros2_ws/install/mrpt_msgs/include/mrpt_msgs/mrpt_msgs/msg/detail/observation_object__rosidl_typesupport_fastrtps_cpp.hpp
[2.335s] -- Up-to-date symlink: /home/jozef/ros2_ws/install/mrpt_msgs/include/mrpt_msgs/mrpt_msgs/msg/detail/observation_range_beacon__rosidl_typesupport_fastrtps_cpp.hpp
[2.335s] -- Up-to-date symlink: /home/jozef/ros2_ws/install/mrpt_msgs/include/mrpt_msgs/mrpt_msgs/msg/detail/observation_range_bearing__rosidl_typesupport_fastrtps_cpp.hpp
[2.335s] -- Up-to-date symlink: /home/jozef/ros2_ws/install/mrpt_msgs/include/mrpt_msgs/mrpt_msgs/msg/detail/single_object_observation__rosidl_typesupport_fastrtps_cpp.hpp
[2.336s] -- Up-to-date symlink: /home/jozef/ros2_ws/install/mrpt_msgs/include/mrpt_msgs/mrpt_msgs/msg/detail/single_range_beacon_observation__rosidl_typesupport_fastrtps_cpp.hpp
[2.336s] -- Up-to-date symlink: /home/jozef/ros2_ws/install/mrpt_msgs/include/mrpt_msgs/mrpt_msgs/msg/detail/single_range_bearing_observation__rosidl_typesupport_fastrtps_cpp.hpp
[2.336s] -- Up-to-date symlink: /home/jozef/ros2_ws/install/mrpt_msgs/include/mrpt_msgs/mrpt_msgs/msg/detail/waypoint__rosidl_typesupport_fastrtps_cpp.hpp
[2.336s] -- Up-to-date symlink: /home/jozef/ros2_ws/install/mrpt_msgs/include/mrpt_msgs/mrpt_msgs/msg/detail/waypoint_sequence__rosidl_typesupport_fastrtps_cpp.hpp
[2.336s] -- Up-to-date symlink: /home/jozef/ros2_ws/install/mrpt_msgs/include/mrpt_msgs/mrpt_msgs/msg/rosidl_typesupport_fastrtps_cpp__visibility_control.h
[2.336s] -- Up-to-date symlink: /home/jozef/ros2_ws/install/mrpt_msgs/include/mrpt_msgs/mrpt_msgs/srv/detail/get_cm_graph__rosidl_typesupport_fastrtps_cpp.hpp
[2.336s] -- Up-to-date symlink: /home/jozef/ros2_ws/install/mrpt_msgs/include/mrpt_msgs/mrpt_msgs/msg/detail/generic_object__rosidl_typesupport_introspection_cpp.hpp
[2.336s] -- Up-to-date symlink: /home/jozef/ros2_ws/install/mrpt_msgs/include/mrpt_msgs/mrpt_msgs/msg/detail/generic_observation__rosidl_typesupport_introspection_cpp.hpp
[2.337s] -- Up-to-date symlink: /home/jozef/ros2_ws/install/mrpt_msgs/include/mrpt_msgs/mrpt_msgs/msg/detail/graph_constraint__rosidl_typesupport_introspection_cpp.hpp
[2.337s] -- Up-to-date symlink: /home/jozef/ros2_ws/install/mrpt_msgs/include/mrpt_msgs/mrpt_msgs/msg/detail/graph_slam_agent__rosidl_typesupport_introspection_cpp.hpp
[2.337s] -- Up-to-date symlink: /home/jozef/ros2_ws/install/mrpt_msgs/include/mrpt_msgs/mrpt_msgs/msg/detail/graph_slam_agents__rosidl_typesupport_introspection_cpp.hpp
[2.337s] -- Up-to-date symlink: /home/jozef/ros2_ws/install/mrpt_msgs/include/mrpt_msgs/mrpt_msgs/msg/detail/graph_slam_stats__rosidl_typesupport_introspection_cpp.hpp
[2.337s] -- Up-to-date symlink: /home/jozef/ros2_ws/install/mrpt_msgs/include/mrpt_msgs/mrpt_msgs/msg/detail/network_of_poses__rosidl_typesupport_introspection_cpp.hpp
[2.337s] -- Up-to-date symlink: /home/jozef/ros2_ws/install/mrpt_msgs/include/mrpt_msgs/mrpt_msgs/msg/detail/node_id_with_laser_scan__rosidl_typesupport_introspection_cpp.hpp
[2.337s] -- Up-to-date symlink: /home/jozef/ros2_ws/install/mrpt_msgs/include/mrpt_msgs/mrpt_msgs/msg/detail/node_id_with_pose__rosidl_typesupport_introspection_cpp.hpp
[2.337s] -- Up-to-date symlink: /home/jozef/ros2_ws/install/mrpt_msgs/include/mrpt_msgs/mrpt_msgs/msg/detail/node_id_with_pose_vec__rosidl_typesupport_introspection_cpp.hpp
[2.337s] -- Up-to-date symlink: /home/jozef/ros2_ws/install/mrpt_msgs/include/mrpt_msgs/mrpt_msgs/msg/detail/observation_object__rosidl_typesupport_introspection_cpp.hpp
[2.337s] -- Up-to-date symlink: /home/jozef/ros2_ws/install/mrpt_msgs/include/mrpt_msgs/mrpt_msgs/msg/detail/observation_range_beacon__rosidl_typesupport_introspection_cpp.hpp
[2.338s] -- Up-to-date symlink: /home/jozef/ros2_ws/install/mrpt_msgs/include/mrpt_msgs/mrpt_msgs/msg/detail/observation_range_bearing__rosidl_typesupport_introspection_cpp.hpp
[2.338s] -- Up-to-date symlink: /home/jozef/ros2_ws/install/mrpt_msgs/include/mrpt_msgs/mrpt_msgs/msg/detail/single_object_observation__rosidl_typesupport_introspection_cpp.hpp
[2.339s] -- Up-to-date symlink: /home/jozef/ros2_ws/install/mrpt_msgs/include/mrpt_msgs/mrpt_msgs/msg/detail/single_range_beacon_observation__rosidl_typesupport_introspection_cpp.hpp
[2.340s] -- Up-to-date symlink: /home/jozef/ros2_ws/install/mrpt_msgs/include/mrpt_msgs/mrpt_msgs/msg/detail/single_range_bearing_observation__rosidl_typesupport_introspection_cpp.hpp
[2.340s] -- Up-to-date symlink: /home/jozef/ros2_ws/install/mrpt_msgs/include/mrpt_msgs/mrpt_msgs/msg/detail/waypoint__rosidl_typesupport_introspection_cpp.hpp
[2.340s] -- Up-to-date symlink: /home/jozef/ros2_ws/install/mrpt_msgs/include/mrpt_msgs/mrpt_msgs/msg/detail/waypoint_sequence__rosidl_typesupport_introspection_cpp.hpp
[2.340s] -- Up-to-date symlink: /home/jozef/ros2_ws/install/mrpt_msgs/include/mrpt_msgs/mrpt_msgs/srv/detail/get_cm_graph__rosidl_typesupport_introspection_cpp.hpp
[2.340s] -- Up-to-date symlink: /home/jozef/ros2_ws/install/mrpt_msgs/share/mrpt_msgs/environment/pythonpath.sh
[2.340s] -- Up-to-date symlink: /home/jozef/ros2_ws/install/mrpt_msgs/share/mrpt_msgs/environment/pythonpath.dsv
[2.340s] -- Up-to-date symlink: /home/jozef/ros2_ws/install/mrpt_msgs/local/lib/python3.10/dist-packages/mrpt_msgs-0.5.0-py3.10.egg-info/PKG-INFO
[2.340s] -- Up-to-date symlink: /home/jozef/ros2_ws/install/mrpt_msgs/local/lib/python3.10/dist-packages/mrpt_msgs-0.5.0-py3.10.egg-info/SOURCES.txt
[2.340s] -- Up-to-date symlink: /home/jozef/ros2_ws/install/mrpt_msgs/local/lib/python3.10/dist-packages/mrpt_msgs-0.5.0-py3.10.egg-info/dependency_links.txt
[2.341s] -- Up-to-date symlink: /home/jozef/ros2_ws/install/mrpt_msgs/local/lib/python3.10/dist-packages/mrpt_msgs-0.5.0-py3.10.egg-info/top_level.txt
[2.341s] -- Up-to-date symlink: /home/jozef/ros2_ws/install/mrpt_msgs/local/lib/python3.10/dist-packages/mrpt_msgs/__init__.py
[2.341s] -- Up-to-date symlink: /home/jozef/ros2_ws/install/mrpt_msgs/local/lib/python3.10/dist-packages/mrpt_msgs/_mrpt_msgs_s.ep.rosidl_typesupport_c.c
[2.341s] -- Up-to-date symlink: /home/jozef/ros2_ws/install/mrpt_msgs/local/lib/python3.10/dist-packages/mrpt_msgs/_mrpt_msgs_s.ep.rosidl_typesupport_fastrtps_c.c
[2.341s] -- Up-to-date symlink: /home/jozef/ros2_ws/install/mrpt_msgs/local/lib/python3.10/dist-packages/mrpt_msgs/_mrpt_msgs_s.ep.rosidl_typesupport_introspection_c.c
[2.341s] -- Up-to-date symlink: /home/jozef/ros2_ws/install/mrpt_msgs/local/lib/python3.10/dist-packages/mrpt_msgs/libmrpt_msgs__rosidl_generator_py.so
[2.341s] -- Up-to-date symlink: /home/jozef/ros2_ws/install/mrpt_msgs/local/lib/python3.10/dist-packages/mrpt_msgs/mrpt_msgs_s__rosidl_typesupport_c.cpython-310-x86_64-linux-gnu.so
[2.341s] -- Up-to-date symlink: /home/jozef/ros2_ws/install/mrpt_msgs/local/lib/python3.10/dist-packages/mrpt_msgs/mrpt_msgs_s__rosidl_typesupport_fastrtps_c.cpython-310-x86_64-linux-gnu.so
[2.341s] -- Up-to-date symlink: /home/jozef/ros2_ws/install/mrpt_msgs/local/lib/python3.10/dist-packages/mrpt_msgs/mrpt_msgs_s__rosidl_typesupport_introspection_c.cpython-310-x86_64-linux-gnu.so
[2.342s] -- Up-to-date symlink: /home/jozef/ros2_ws/install/mrpt_msgs/local/lib/python3.10/dist-packages/mrpt_msgs/msg/__init__.py
[2.342s] -- Up-to-date symlink: /home/jozef/ros2_ws/install/mrpt_msgs/local/lib/python3.10/dist-packages/mrpt_msgs/msg/_generic_object.py
[2.342s] -- Up-to-date symlink: /home/jozef/ros2_ws/install/mrpt_msgs/local/lib/python3.10/dist-packages/mrpt_msgs/msg/_generic_object_s.c
[2.342s] -- Up-to-date symlink: /home/jozef/ros2_ws/install/mrpt_msgs/local/lib/python3.10/dist-packages/mrpt_msgs/msg/_generic_observation.py
[2.342s] -- Up-to-date symlink: /home/jozef/ros2_ws/install/mrpt_msgs/local/lib/python3.10/dist-packages/mrpt_msgs/msg/_generic_observation_s.c
[2.342s] -- Up-to-date symlink: /home/jozef/ros2_ws/install/mrpt_msgs/local/lib/python3.10/dist-packages/mrpt_msgs/msg/_graph_constraint.py
[2.342s] -- Up-to-date symlink: /home/jozef/ros2_ws/install/mrpt_msgs/local/lib/python3.10/dist-packages/mrpt_msgs/msg/_graph_constraint_s.c
[2.342s] -- Up-to-date symlink: /home/jozef/ros2_ws/install/mrpt_msgs/local/lib/python3.10/dist-packages/mrpt_msgs/msg/_graph_slam_agent.py
[2.342s] -- Up-to-date symlink: /home/jozef/ros2_ws/install/mrpt_msgs/local/lib/python3.10/dist-packages/mrpt_msgs/msg/_graph_slam_agent_s.c
[2.343s] -- Up-to-date symlink: /home/jozef/ros2_ws/install/mrpt_msgs/local/lib/python3.10/dist-packages/mrpt_msgs/msg/_graph_slam_agents.py
[2.343s] -- Up-to-date symlink: /home/jozef/ros2_ws/install/mrpt_msgs/local/lib/python3.10/dist-packages/mrpt_msgs/msg/_graph_slam_agents_s.c
[2.343s] -- Up-to-date symlink: /home/jozef/ros2_ws/install/mrpt_msgs/local/lib/python3.10/dist-packages/mrpt_msgs/msg/_graph_slam_stats.py
[2.343s] -- Up-to-date symlink: /home/jozef/ros2_ws/install/mrpt_msgs/local/lib/python3.10/dist-packages/mrpt_msgs/msg/_graph_slam_stats_s.c
[2.343s] -- Up-to-date symlink: /home/jozef/ros2_ws/install/mrpt_msgs/local/lib/python3.10/dist-packages/mrpt_msgs/msg/_network_of_poses.py
[2.343s] -- Up-to-date symlink: /home/jozef/ros2_ws/install/mrpt_msgs/local/lib/python3.10/dist-packages/mrpt_msgs/msg/_network_of_poses_s.c
[2.343s] -- Up-to-date symlink: /home/jozef/ros2_ws/install/mrpt_msgs/local/lib/python3.10/dist-packages/mrpt_msgs/msg/_node_id_with_laser_scan.py
[2.343s] -- Up-to-date symlink: /home/jozef/ros2_ws/install/mrpt_msgs/local/lib/python3.10/dist-packages/mrpt_msgs/msg/_node_id_with_laser_scan_s.c
[2.343s] -- Up-to-date symlink: /home/jozef/ros2_ws/install/mrpt_msgs/local/lib/python3.10/dist-packages/mrpt_msgs/msg/_node_id_with_pose.py
[2.344s] -- Up-to-date symlink: /home/jozef/ros2_ws/install/mrpt_msgs/local/lib/python3.10/dist-packages/mrpt_msgs/msg/_node_id_with_pose_s.c
[2.344s] -- Up-to-date symlink: /home/jozef/ros2_ws/install/mrpt_msgs/local/lib/python3.10/dist-packages/mrpt_msgs/msg/_node_id_with_pose_vec.py
[2.344s] -- Up-to-date symlink: /home/jozef/ros2_ws/install/mrpt_msgs/local/lib/python3.10/dist-packages/mrpt_msgs/msg/_node_id_with_pose_vec_s.c
[2.344s] -- Up-to-date symlink: /home/jozef/ros2_ws/install/mrpt_msgs/local/lib/python3.10/dist-packages/mrpt_msgs/msg/_observation_object.py
[2.344s] -- Up-to-date symlink: /home/jozef/ros2_ws/install/mrpt_msgs/local/lib/python3.10/dist-packages/mrpt_msgs/msg/_observation_object_s.c
[2.344s] -- Up-to-date symlink: /home/jozef/ros2_ws/install/mrpt_msgs/local/lib/python3.10/dist-packages/mrpt_msgs/msg/_observation_range_beacon.py
[2.344s] -- Up-to-date symlink: /home/jozef/ros2_ws/install/mrpt_msgs/local/lib/python3.10/dist-packages/mrpt_msgs/msg/_observation_range_beacon_s.c
[2.344s] -- Up-to-date symlink: /home/jozef/ros2_ws/install/mrpt_msgs/local/lib/python3.10/dist-packages/mrpt_msgs/msg/_observation_range_bearing.py
[2.344s] -- Up-to-date symlink: /home/jozef/ros2_ws/install/mrpt_msgs/local/lib/python3.10/dist-packages/mrpt_msgs/msg/_observation_range_bearing_s.c
[2.344s] -- Up-to-date symlink: /home/jozef/ros2_ws/install/mrpt_msgs/local/lib/python3.10/dist-packages/mrpt_msgs/msg/_single_object_observation.py
[2.345s] -- Up-to-date symlink: /home/jozef/ros2_ws/install/mrpt_msgs/local/lib/python3.10/dist-packages/mrpt_msgs/msg/_single_object_observation_s.c
[2.345s] -- Up-to-date symlink: /home/jozef/ros2_ws/install/mrpt_msgs/local/lib/python3.10/dist-packages/mrpt_msgs/msg/_single_range_beacon_observation.py
[2.345s] -- Up-to-date symlink: /home/jozef/ros2_ws/install/mrpt_msgs/local/lib/python3.10/dist-packages/mrpt_msgs/msg/_single_range_beacon_observation_s.c
[2.345s] -- Up-to-date symlink: /home/jozef/ros2_ws/install/mrpt_msgs/local/lib/python3.10/dist-packages/mrpt_msgs/msg/_single_range_bearing_observation.py
[2.345s] -- Up-to-date symlink: /home/jozef/ros2_ws/install/mrpt_msgs/local/lib/python3.10/dist-packages/mrpt_msgs/msg/_single_range_bearing_observation_s.c
[2.345s] -- Up-to-date symlink: /home/jozef/ros2_ws/install/mrpt_msgs/local/lib/python3.10/dist-packages/mrpt_msgs/msg/_waypoint.py
[2.345s] -- Up-to-date symlink: /home/jozef/ros2_ws/install/mrpt_msgs/local/lib/python3.10/dist-packages/mrpt_msgs/msg/_waypoint_s.c
[2.345s] -- Up-to-date symlink: /home/jozef/ros2_ws/install/mrpt_msgs/local/lib/python3.10/dist-packages/mrpt_msgs/msg/_waypoint_sequence.py
[2.345s] -- Up-to-date symlink: /home/jozef/ros2_ws/install/mrpt_msgs/local/lib/python3.10/dist-packages/mrpt_msgs/msg/_waypoint_sequence_s.c
[2.346s] -- Up-to-date symlink: /home/jozef/ros2_ws/install/mrpt_msgs/local/lib/python3.10/dist-packages/mrpt_msgs/srv/__init__.py
[2.346s] -- Up-to-date symlink: /home/jozef/ros2_ws/install/mrpt_msgs/local/lib/python3.10/dist-packages/mrpt_msgs/srv/_get_cm_graph.py
[2.346s] -- Up-to-date symlink: /home/jozef/ros2_ws/install/mrpt_msgs/local/lib/python3.10/dist-packages/mrpt_msgs/srv/_get_cm_graph_s.c
[2.346s] -- Up-to-date symlink: /home/jozef/ros2_ws/install/mrpt_msgs/local/lib/python3.10/dist-packages/mrpt_msgs/mrpt_msgs_s__rosidl_typesupport_fastrtps_c.cpython-310-x86_64-linux-gnu.so
[2.346s] -- Up-to-date symlink: /home/jozef/ros2_ws/install/mrpt_msgs/local/lib/python3.10/dist-packages/mrpt_msgs/mrpt_msgs_s__rosidl_typesupport_introspection_c.cpython-310-x86_64-linux-gnu.so
[2.346s] -- Up-to-date symlink: /home/jozef/ros2_ws/install/mrpt_msgs/local/lib/python3.10/dist-packages/mrpt_msgs/mrpt_msgs_s__rosidl_typesupport_c.cpython-310-x86_64-linux-gnu.so
[2.347s] -- Up-to-date symlink: /home/jozef/ros2_ws/install/mrpt_msgs/share/mrpt_msgs/msg/GenericObservation.idl
[2.347s] -- Up-to-date symlink: /home/jozef/ros2_ws/install/mrpt_msgs/share/mrpt_msgs/msg/GraphConstraint.idl
[2.347s] -- Up-to-date symlink: /home/jozef/ros2_ws/install/mrpt_msgs/share/mrpt_msgs/msg/GraphSlamAgent.idl
[2.347s] -- Up-to-date symlink: /home/jozef/ros2_ws/install/mrpt_msgs/share/mrpt_msgs/msg/GraphSlamStats.idl
[2.347s] -- Up-to-date symlink: /home/jozef/ros2_ws/install/mrpt_msgs/share/mrpt_msgs/msg/ObservationObject.idl
[2.347s] -- Up-to-date symlink: /home/jozef/ros2_ws/install/mrpt_msgs/share/mrpt_msgs/msg/ObservationRangeBeacon.idl
[2.347s] -- Up-to-date symlink: /home/jozef/ros2_ws/install/mrpt_msgs/share/mrpt_msgs/msg/ObservationRangeBearing.idl
[2.347s] -- Up-to-date symlink: /home/jozef/ros2_ws/install/mrpt_msgs/share/mrpt_msgs/msg/WaypointSequence.idl
[2.347s] -- Up-to-date symlink: /home/jozef/ros2_ws/install/mrpt_msgs/share/mrpt_msgs/msg/GenericObject.idl
[2.347s] -- Up-to-date symlink: /home/jozef/ros2_ws/install/mrpt_msgs/share/mrpt_msgs/msg/GraphSlamAgents.idl
[2.352s] -- Up-to-date symlink: /home/jozef/ros2_ws/install/mrpt_msgs/share/mrpt_msgs/msg/NetworkOfPoses.idl
[2.352s] -- Up-to-date symlink: /home/jozef/ros2_ws/install/mrpt_msgs/share/mrpt_msgs/msg/NodeIDWithLaserScan.idl
[2.352s] -- Up-to-date symlink: /home/jozef/ros2_ws/install/mrpt_msgs/share/mrpt_msgs/msg/NodeIDWithPose.idl
[2.353s] -- Up-to-date symlink: /home/jozef/ros2_ws/install/mrpt_msgs/share/mrpt_msgs/msg/NodeIDWithPoseVec.idl
[2.353s] -- Up-to-date symlink: /home/jozef/ros2_ws/install/mrpt_msgs/share/mrpt_msgs/msg/SingleObjectObservation.idl
[2.353s] -- Up-to-date symlink: /home/jozef/ros2_ws/install/mrpt_msgs/share/mrpt_msgs/msg/SingleRangeBeaconObservation.idl
[2.353s] -- Up-to-date symlink: /home/jozef/ros2_ws/install/mrpt_msgs/share/mrpt_msgs/msg/SingleRangeBearingObservation.idl
[2.353s] -- Up-to-date symlink: /home/jozef/ros2_ws/install/mrpt_msgs/share/mrpt_msgs/msg/Waypoint.idl
[2.353s] -- Up-to-date symlink: /home/jozef/ros2_ws/install/mrpt_msgs/share/mrpt_msgs/srv/GetCMGraph.idl
[2.355s] -- Up-to-date symlink: /home/jozef/ros2_ws/install/mrpt_msgs/share/mrpt_msgs/msg-ros2/GenericObservation.msg
[2.356s] -- Up-to-date symlink: /home/jozef/ros2_ws/install/mrpt_msgs/share/mrpt_msgs/msg-ros2/GraphConstraint.msg
[2.356s] -- Up-to-date symlink: /home/jozef/ros2_ws/install/mrpt_msgs/share/mrpt_msgs/msg-ros2/GraphSlamAgent.msg
[2.356s] -- Up-to-date symlink: /home/jozef/ros2_ws/install/mrpt_msgs/share/mrpt_msgs/msg-ros2/GraphSlamStats.msg
[2.356s] -- Up-to-date symlink: /home/jozef/ros2_ws/install/mrpt_msgs/share/mrpt_msgs/msg-ros2/ObservationObject.msg
[2.356s] -- Up-to-date symlink: /home/jozef/ros2_ws/install/mrpt_msgs/share/mrpt_msgs/msg-ros2/ObservationRangeBeacon.msg
[2.356s] -- Up-to-date symlink: /home/jozef/ros2_ws/install/mrpt_msgs/share/mrpt_msgs/msg-ros2/ObservationRangeBearing.msg
[2.356s] -- Up-to-date symlink: /home/jozef/ros2_ws/install/mrpt_msgs/share/mrpt_msgs/msg-ros2/WaypointSequence.msg
[2.357s] -- Up-to-date symlink: /home/jozef/ros2_ws/install/mrpt_msgs/share/mrpt_msgs/msg-common/GenericObject.msg
[2.357s] -- Up-to-date symlink: /home/jozef/ros2_ws/install/mrpt_msgs/share/mrpt_msgs/msg-common/GraphSlamAgents.msg
[2.357s] -- Up-to-date symlink: /home/jozef/ros2_ws/install/mrpt_msgs/share/mrpt_msgs/msg-common/NetworkOfPoses.msg
[2.357s] -- Up-to-date symlink: /home/jozef/ros2_ws/install/mrpt_msgs/share/mrpt_msgs/msg-common/NodeIDWithLaserScan.msg
[2.358s] -- Up-to-date symlink: /home/jozef/ros2_ws/install/mrpt_msgs/share/mrpt_msgs/msg-common/NodeIDWithPose.msg
[2.358s] -- Up-to-date symlink: /home/jozef/ros2_ws/install/mrpt_msgs/share/mrpt_msgs/msg-common/NodeIDWithPoseVec.msg
[2.359s] -- Up-to-date symlink: /home/jozef/ros2_ws/install/mrpt_msgs/share/mrpt_msgs/msg-common/SingleObjectObservation.msg
[2.359s] -- Up-to-date symlink: /home/jozef/ros2_ws/install/mrpt_msgs/share/mrpt_msgs/msg-common/SingleRangeBeaconObservation.msg
[2.359s] -- Up-to-date symlink: /home/jozef/ros2_ws/install/mrpt_msgs/share/mrpt_msgs/msg-common/SingleRangeBearingObservation.msg
[2.359s] -- Up-to-date symlink: /home/jozef/ros2_ws/install/mrpt_msgs/share/mrpt_msgs/msg-common/Waypoint.msg
[2.359s] -- Up-to-date symlink: /home/jozef/ros2_ws/install/mrpt_msgs/share/mrpt_msgs/srv/GetCMGraph.srv
[2.359s] -- Up-to-date symlink: /home/jozef/ros2_ws/install/mrpt_msgs/share/mrpt_msgs/srv/GetCMGraph_Request.msg
[2.359s] -- Up-to-date symlink: /home/jozef/ros2_ws/install/mrpt_msgs/share/mrpt_msgs/srv/GetCMGraph_Response.msg
[2.359s] -- Up-to-date symlink: /home/jozef/ros2_ws/install/mrpt_msgs/share/ament_index/resource_index/package_run_dependencies/mrpt_msgs
[2.360s] -- Up-to-date symlink: /home/jozef/ros2_ws/install/mrpt_msgs/share/ament_index/resource_index/parent_prefix_path/mrpt_msgs
[2.360s] -- Up-to-date symlink: /home/jozef/ros2_ws/install/mrpt_msgs/share/mrpt_msgs/environment/ament_prefix_path.sh
[2.360s] -- Up-to-date symlink: /home/jozef/ros2_ws/install/mrpt_msgs/share/mrpt_msgs/environment/ament_prefix_path.dsv
[2.360s] -- Up-to-date symlink: /home/jozef/ros2_ws/install/mrpt_msgs/share/mrpt_msgs/environment/path.sh
[2.360s] -- Up-to-date symlink: /home/jozef/ros2_ws/install/mrpt_msgs/share/mrpt_msgs/environment/path.dsv
[2.360s] -- Up-to-date symlink: /home/jozef/ros2_ws/install/mrpt_msgs/share/mrpt_msgs/local_setup.bash
[2.360s] -- Up-to-date symlink: /home/jozef/ros2_ws/install/mrpt_msgs/share/mrpt_msgs/local_setup.sh
[2.360s] -- Up-to-date symlink: /home/jozef/ros2_ws/install/mrpt_msgs/share/mrpt_msgs/local_setup.zsh
[2.360s] -- Up-to-date symlink: /home/jozef/ros2_ws/install/mrpt_msgs/share/mrpt_msgs/local_setup.dsv
[2.361s] -- Symlinking: /home/jozef/ros2_ws/install/mrpt_msgs/share/mrpt_msgs/package.dsv
[2.362s] -- Up-to-date symlink: /home/jozef/ros2_ws/install/mrpt_msgs/share/ament_index/resource_index/packages/mrpt_msgs
[2.364s] -- Up-to-date symlink: /home/jozef/ros2_ws/install/mrpt_msgs/share/mrpt_msgs/cmake/rosidl_cmake-extras.cmake
[2.364s] -- Up-to-date symlink: /home/jozef/ros2_ws/install/mrpt_msgs/share/mrpt_msgs/cmake/ament_cmake_export_dependencies-extras.cmake
[2.364s] -- Up-to-date symlink: /home/jozef/ros2_ws/install/mrpt_msgs/share/mrpt_msgs/cmake/ament_cmake_export_include_directories-extras.cmake
[2.365s] -- Up-to-date symlink: /home/jozef/ros2_ws/install/mrpt_msgs/share/mrpt_msgs/cmake/ament_cmake_export_libraries-extras.cmake
[2.366s] -- Up-to-date symlink: /home/jozef/ros2_ws/install/mrpt_msgs/share/mrpt_msgs/cmake/ament_cmake_export_targets-extras.cmake
[2.366s] -- Up-to-date symlink: /home/jozef/ros2_ws/install/mrpt_msgs/share/mrpt_msgs/cmake/rosidl_cmake_export_typesupport_targets-extras.cmake
[2.368s] -- Up-to-date symlink: /home/jozef/ros2_ws/install/mrpt_msgs/share/mrpt_msgs/cmake/rosidl_cmake_export_typesupport_libraries-extras.cmake
[2.368s] -- Up-to-date symlink: /home/jozef/ros2_ws/install/mrpt_msgs/share/mrpt_msgs/cmake/mrpt_msgsConfig.cmake
[2.370s] -- Up-to-date symlink: /home/jozef/ros2_ws/install/mrpt_msgs/share/mrpt_msgs/cmake/mrpt_msgsConfig-version.cmake
[2.370s] -- Up-to-date symlink: /home/jozef/ros2_ws/install/mrpt_msgs/share/mrpt_msgs/package.xml
[2.370s] -- Up-to-date: /home/jozef/ros2_ws/install/mrpt_msgs/lib/libmrpt_msgs__rosidl_generator_c.so
[2.371s] -- Up-to-date: /home/jozef/ros2_ws/install/mrpt_msgs/lib/libmrpt_msgs__rosidl_typesupport_fastrtps_c.so
[2.371s] -- Up-to-date: /home/jozef/ros2_ws/install/mrpt_msgs/lib/libmrpt_msgs__rosidl_typesupport_introspection_c.so
[2.371s] -- Up-to-date: /home/jozef/ros2_ws/install/mrpt_msgs/lib/libmrpt_msgs__rosidl_typesupport_c.so
[2.371s] -- Up-to-date: /home/jozef/ros2_ws/install/mrpt_msgs/lib/libmrpt_msgs__rosidl_typesupport_fastrtps_cpp.so
[2.371s] -- Up-to-date: /home/jozef/ros2_ws/install/mrpt_msgs/lib/libmrpt_msgs__rosidl_typesupport_introspection_cpp.so
[2.371s] -- Up-to-date: /home/jozef/ros2_ws/install/mrpt_msgs/lib/libmrpt_msgs__rosidl_typesupport_cpp.so
[2.405s] Listing '/home/jozef/ros2_ws/install/mrpt_msgs/local/lib/python3.10/dist-packages/mrpt_msgs'...
[2.406s] Listing '/home/jozef/ros2_ws/install/mrpt_msgs/local/lib/python3.10/dist-packages/mrpt_msgs/msg'...
[2.406s] Listing '/home/jozef/ros2_ws/install/mrpt_msgs/local/lib/python3.10/dist-packages/mrpt_msgs/srv'...
[2.419s] -- Up-to-date: /home/jozef/ros2_ws/install/mrpt_msgs/lib/libmrpt_msgs__rosidl_generator_py.so
[2.420s] -- Up-to-date: /home/jozef/ros2_ws/install/mrpt_msgs/share/mrpt_msgs/cmake/export_mrpt_msgs__rosidl_generator_cExport.cmake
[2.421s] -- Up-to-date: /home/jozef/ros2_ws/install/mrpt_msgs/share/mrpt_msgs/cmake/export_mrpt_msgs__rosidl_generator_cExport-noconfig.cmake
[2.422s] -- Up-to-date: /home/jozef/ros2_ws/install/mrpt_msgs/share/mrpt_msgs/cmake/export_mrpt_msgs__rosidl_typesupport_fastrtps_cExport.cmake
[2.423s] -- Up-to-date: /home/jozef/ros2_ws/install/mrpt_msgs/share/mrpt_msgs/cmake/export_mrpt_msgs__rosidl_typesupport_fastrtps_cExport-noconfig.cmake
[2.424s] -- Up-to-date: /home/jozef/ros2_ws/install/mrpt_msgs/share/mrpt_msgs/cmake/mrpt_msgs__rosidl_typesupport_introspection_cExport.cmake
[2.427s] -- Up-to-date: /home/jozef/ros2_ws/install/mrpt_msgs/share/mrpt_msgs/cmake/mrpt_msgs__rosidl_typesupport_introspection_cExport-noconfig.cmake
[2.427s] -- Up-to-date: /home/jozef/ros2_ws/install/mrpt_msgs/share/mrpt_msgs/cmake/mrpt_msgs__rosidl_typesupport_cExport.cmake
[2.428s] -- Up-to-date: /home/jozef/ros2_ws/install/mrpt_msgs/share/mrpt_msgs/cmake/mrpt_msgs__rosidl_typesupport_cExport-noconfig.cmake
[2.429s] -- Up-to-date: /home/jozef/ros2_ws/install/mrpt_msgs/share/mrpt_msgs/cmake/export_mrpt_msgs__rosidl_generator_cppExport.cmake
[2.429s] -- Up-to-date: /home/jozef/ros2_ws/install/mrpt_msgs/share/mrpt_msgs/cmake/export_mrpt_msgs__rosidl_typesupport_fastrtps_cppExport.cmake
[2.429s] -- Up-to-date: /home/jozef/ros2_ws/install/mrpt_msgs/share/mrpt_msgs/cmake/export_mrpt_msgs__rosidl_typesupport_fastrtps_cppExport-noconfig.cmake
[2.429s] -- Up-to-date: /home/jozef/ros2_ws/install/mrpt_msgs/share/mrpt_msgs/cmake/mrpt_msgs__rosidl_typesupport_introspection_cppExport.cmake
[2.429s] -- Up-to-date: /home/jozef/ros2_ws/install/mrpt_msgs/share/mrpt_msgs/cmake/mrpt_msgs__rosidl_typesupport_introspection_cppExport-noconfig.cmake
[2.431s] -- Up-to-date: /home/jozef/ros2_ws/install/mrpt_msgs/share/mrpt_msgs/cmake/mrpt_msgs__rosidl_typesupport_cppExport.cmake
[2.431s] -- Up-to-date: /home/jozef/ros2_ws/install/mrpt_msgs/share/mrpt_msgs/cmake/mrpt_msgs__rosidl_typesupport_cppExport-noconfig.cmake
[2.431s] -- Up-to-date: /home/jozef/ros2_ws/install/mrpt_msgs/share/mrpt_msgs/cmake/export_mrpt_msgs__rosidl_generator_pyExport.cmake
[2.431s] -- Up-to-date: /home/jozef/ros2_ws/install/mrpt_msgs/share/mrpt_msgs/cmake/export_mrpt_msgs__rosidl_generator_pyExport-noconfig.cmake
[2.882s] Invoked command in '/home/jozef/ros2_ws/build/mrpt_msgs' returned '0': CMAKE_PREFIX_PATH=/opt/ros/humble /usr/bin/cmake --install /home/jozef/ros2_ws/build/mrpt_msgs
