[  2%] Built target mocap4r2_marker_viz_srvs__cpp
[ 12%] Built target mocap4r2_marker_viz_srvs__rosidl_generator_c
[ 12%] Built target ament_cmake_python_symlink_mocap4r2_marker_viz_srvs
[ 23%] Built target mocap4r2_marker_viz_srvs__rosidl_typesupport_fastrtps_c
[ 33%] Built target mocap4r2_marker_viz_srvs__rosidl_typesupport_cpp
[ 53%] Built target mocap4r2_marker_viz_srvs__rosidl_typesupport_introspection_c
[ 43%] Built target mocap4r2_marker_viz_srvs__rosidl_typesupport_introspection_cpp
[ 64%] Built target mocap4r2_marker_viz_srvs__rosidl_typesupport_c
[ 74%] Built target mocap4r2_marker_viz_srvs__rosidl_typesupport_fastrtps_cpp
[ 74%] Built target mocap4r2_marker_viz_srvs
[ 76%] Built target mocap4r2_marker_viz_srvs__py
[ 84%] Built target mocap4r2_marker_viz_srvs__rosidl_generator_py
[ 89%] Built target mocap4r2_marker_viz_srvs__rosidl_typesupport_introspection_c__pyext
[ 94%] Built target mocap4r2_marker_viz_srvs__rosidl_typesupport_fastrtps_c__pyext
[100%] Built target mocap4r2_marker_viz_srvs__rosidl_typesupport_c__pyext
running egg_info
writing mocap4r2_marker_viz_srvs.egg-info/PKG-INFO
writing dependency_links to mocap4r2_marker_viz_srvs.egg-info/dependency_links.txt
writing top-level names to mocap4r2_marker_viz_srvs.egg-info/top_level.txt
reading manifest file 'mocap4r2_marker_viz_srvs.egg-info/SOURCES.txt'
writing manifest file 'mocap4r2_marker_viz_srvs.egg-info/SOURCES.txt'
[100%] Built target ament_cmake_python_build_mocap4r2_marker_viz_srvs_egg
