[0.055s] Invoking command in '/home/jozef/ros2_ws/build/mocap4r2_marker_viz_srvs': /usr/bin/cmake --build /home/jozef/ros2_ws/build/mocap4r2_marker_viz_srvs -- -j8 -l8
[0.264s] [  2%] Built target mocap4r2_marker_viz_srvs__cpp
[0.274s] [ 12%] Built target mocap4r2_marker_viz_srvs__rosidl_generator_c
[0.288s] [ 12%] Built target ament_cmake_python_symlink_mocap4r2_marker_viz_srvs
[0.434s] [ 23%] Built target mocap4r2_marker_viz_srvs__rosidl_typesupport_fastrtps_c
[0.451s] [ 33%] Built target mocap4r2_marker_viz_srvs__rosidl_typesupport_cpp
[0.467s] [ 53%] Built target mocap4r2_marker_viz_srvs__rosidl_typesupport_introspection_c
[0.467s] [ 43%] Built target mocap4r2_marker_viz_srvs__rosidl_typesupport_introspection_cpp
[0.468s] [ 64%] Built target mocap4r2_marker_viz_srvs__rosidl_typesupport_c
[0.474s] [ 74%] Built target mocap4r2_marker_viz_srvs__rosidl_typesupport_fastrtps_cpp
[0.618s] [ 74%] Built target mocap4r2_marker_viz_srvs
[0.752s] [ 76%] Built target mocap4r2_marker_viz_srvs__py
[0.876s] [ 84%] Built target mocap4r2_marker_viz_srvs__rosidl_generator_py
[0.953s] [ 89%] Built target mocap4r2_marker_viz_srvs__rosidl_typesupport_introspection_c__pyext
[0.969s] [ 94%] Built target mocap4r2_marker_viz_srvs__rosidl_typesupport_fastrtps_c__pyext
[0.984s] [100%] Built target mocap4r2_marker_viz_srvs__rosidl_typesupport_c__pyext
[1.065s] running egg_info
[1.103s] writing mocap4r2_marker_viz_srvs.egg-info/PKG-INFO
[1.104s] writing dependency_links to mocap4r2_marker_viz_srvs.egg-info/dependency_links.txt
[1.110s] writing top-level names to mocap4r2_marker_viz_srvs.egg-info/top_level.txt
[1.187s] reading manifest file 'mocap4r2_marker_viz_srvs.egg-info/SOURCES.txt'
[1.192s] writing manifest file 'mocap4r2_marker_viz_srvs.egg-info/SOURCES.txt'
[1.295s] [100%] Built target ament_cmake_python_build_mocap4r2_marker_viz_srvs_egg
