[0.070s] Invoking command in '/home/jozef/ros2_ws/build/mocap4r2_marker_viz_srvs': CMAKE_PREFIX_PATH=/opt/ros/humble /usr/bin/cmake --build /home/jozef/ros2_ws/build/mocap4r2_marker_viz_srvs -- -j8 -l8
[0.279s] [ 10%] Built target mocap4r2_marker_viz_srvs__rosidl_generator_c
[0.279s] [ 12%] Built target mocap4r2_marker_viz_srvs__cpp
[0.326s] [ 12%] Built target ament_cmake_python_symlink_mocap4r2_marker_viz_srvs
[0.453s] [ 23%] Built target mocap4r2_marker_viz_srvs__rosidl_typesupport_c
[0.477s] [ 33%] Built target mocap4r2_marker_viz_srvs__rosidl_typesupport_introspection_cpp
[0.522s] [ 46%] Built target mocap4r2_marker_viz_srvs__rosidl_typesupport_cpp
[0.525s] [ 53%] Built target mocap4r2_marker_viz_srvs__rosidl_typesupport_fastrtps_c
[0.567s] [ 64%] Built target mocap4r2_marker_viz_srvs__rosidl_typesupport_introspection_c
[0.589s] [ 74%] Built target mocap4r2_marker_viz_srvs__rosidl_typesupport_fastrtps_cpp
[0.718s] [ 74%] Built target mocap4r2_marker_viz_srvs
[0.823s] [ 76%] Built target mocap4r2_marker_viz_srvs__py
[0.993s] [ 84%] Built target mocap4r2_marker_viz_srvs__rosidl_generator_py
[1.110s] [ 89%] Built target mocap4r2_marker_viz_srvs__rosidl_typesupport_fastrtps_c__pyext
[1.137s] [ 94%] Built target mocap4r2_marker_viz_srvs__rosidl_typesupport_introspection_c__pyext
[1.145s] [100%] Built target mocap4r2_marker_viz_srvs__rosidl_typesupport_c__pyext
[1.360s] running egg_info
[1.417s] writing mocap4r2_marker_viz_srvs.egg-info/PKG-INFO
[1.418s] writing dependency_links to mocap4r2_marker_viz_srvs.egg-info/dependency_links.txt
[1.420s] writing top-level names to mocap4r2_marker_viz_srvs.egg-info/top_level.txt
[1.566s] reading manifest file 'mocap4r2_marker_viz_srvs.egg-info/SOURCES.txt'
[1.567s] writing manifest file 'mocap4r2_marker_viz_srvs.egg-info/SOURCES.txt'
[1.658s] [100%] Built target ament_cmake_python_build_mocap4r2_marker_viz_srvs_egg
[1.762s] Invoked command in '/home/jozef/ros2_ws/build/mocap4r2_marker_viz_srvs' returned '0': CMAKE_PREFIX_PATH=/opt/ros/humble /usr/bin/cmake --build /home/jozef/ros2_ws/build/mocap4r2_marker_viz_srvs -- -j8 -l8
[1.763s] Invoking command in '/home/jozef/ros2_ws/build/mocap4r2_marker_viz_srvs': CMAKE_PREFIX_PATH=/opt/ros/humble /usr/bin/cmake --install /home/jozef/ros2_ws/build/mocap4r2_marker_viz_srvs
[1.842s] -- Install configuration: ""
[1.843s] -- Execute custom install script
[1.843s] -- Up-to-date symlink: /home/jozef/ros2_ws/install/mocap4r2_marker_viz_srvs/share/ament_index/resource_index/rosidl_interfaces/mocap4r2_marker_viz_srvs
[1.843s] -- Up-to-date symlink: /home/jozef/ros2_ws/install/mocap4r2_marker_viz_srvs/include/mocap4r2_marker_viz_srvs/mocap4r2_marker_viz_srvs/msg/rosidl_generator_c__visibility_control.h
[1.843s] -- Up-to-date symlink: /home/jozef/ros2_ws/install/mocap4r2_marker_viz_srvs/include/mocap4r2_marker_viz_srvs/mocap4r2_marker_viz_srvs/srv/detail/reset_marker_color__functions.h
[1.843s] -- Up-to-date symlink: /home/jozef/ros2_ws/install/mocap4r2_marker_viz_srvs/include/mocap4r2_marker_viz_srvs/mocap4r2_marker_viz_srvs/srv/detail/reset_marker_color__struct.h
[1.844s] -- Up-to-date symlink: /home/jozef/ros2_ws/install/mocap4r2_marker_viz_srvs/include/mocap4r2_marker_viz_srvs/mocap4r2_marker_viz_srvs/srv/detail/reset_marker_color__type_support.h
[1.844s] -- Up-to-date symlink: /home/jozef/ros2_ws/install/mocap4r2_marker_viz_srvs/include/mocap4r2_marker_viz_srvs/mocap4r2_marker_viz_srvs/srv/detail/set_marker_color__functions.h
[1.844s] -- Up-to-date symlink: /home/jozef/ros2_ws/install/mocap4r2_marker_viz_srvs/include/mocap4r2_marker_viz_srvs/mocap4r2_marker_viz_srvs/srv/detail/set_marker_color__struct.h
[1.844s] -- Up-to-date symlink: /home/jozef/ros2_ws/install/mocap4r2_marker_viz_srvs/include/mocap4r2_marker_viz_srvs/mocap4r2_marker_viz_srvs/srv/detail/set_marker_color__type_support.h
[1.844s] -- Up-to-date symlink: /home/jozef/ros2_ws/install/mocap4r2_marker_viz_srvs/include/mocap4r2_marker_viz_srvs/mocap4r2_marker_viz_srvs/srv/reset_marker_color.h
[1.844s] -- Up-to-date symlink: /home/jozef/ros2_ws/install/mocap4r2_marker_viz_srvs/include/mocap4r2_marker_viz_srvs/mocap4r2_marker_viz_srvs/srv/set_marker_color.h
[1.845s] -- Up-to-date symlink: /home/jozef/ros2_ws/install/mocap4r2_marker_viz_srvs/share/mocap4r2_marker_viz_srvs/environment/library_path.sh
[1.845s] -- Up-to-date symlink: /home/jozef/ros2_ws/install/mocap4r2_marker_viz_srvs/share/mocap4r2_marker_viz_srvs/environment/library_path.dsv
[1.845s] -- Up-to-date symlink: /home/jozef/ros2_ws/install/mocap4r2_marker_viz_srvs/include/mocap4r2_marker_viz_srvs/mocap4r2_marker_viz_srvs/msg/rosidl_typesupport_fastrtps_c__visibility_control.h
[1.846s] -- Up-to-date symlink: /home/jozef/ros2_ws/install/mocap4r2_marker_viz_srvs/include/mocap4r2_marker_viz_srvs/mocap4r2_marker_viz_srvs/srv/detail/reset_marker_color__rosidl_typesupport_fastrtps_c.h
[1.847s] -- Up-to-date symlink: /home/jozef/ros2_ws/install/mocap4r2_marker_viz_srvs/include/mocap4r2_marker_viz_srvs/mocap4r2_marker_viz_srvs/srv/detail/set_marker_color__rosidl_typesupport_fastrtps_c.h
[1.847s] -- Up-to-date symlink: /home/jozef/ros2_ws/install/mocap4r2_marker_viz_srvs/include/mocap4r2_marker_viz_srvs/mocap4r2_marker_viz_srvs/msg/rosidl_typesupport_introspection_c__visibility_control.h
[1.847s] -- Up-to-date symlink: /home/jozef/ros2_ws/install/mocap4r2_marker_viz_srvs/include/mocap4r2_marker_viz_srvs/mocap4r2_marker_viz_srvs/srv/detail/reset_marker_color__rosidl_typesupport_introspection_c.h
[1.847s] -- Up-to-date symlink: /home/jozef/ros2_ws/install/mocap4r2_marker_viz_srvs/include/mocap4r2_marker_viz_srvs/mocap4r2_marker_viz_srvs/srv/detail/set_marker_color__rosidl_typesupport_introspection_c.h
[1.848s] -- Up-to-date symlink: /home/jozef/ros2_ws/install/mocap4r2_marker_viz_srvs/include/mocap4r2_marker_viz_srvs/mocap4r2_marker_viz_srvs/msg/rosidl_generator_cpp__visibility_control.hpp
[1.848s] -- Up-to-date symlink: /home/jozef/ros2_ws/install/mocap4r2_marker_viz_srvs/include/mocap4r2_marker_viz_srvs/mocap4r2_marker_viz_srvs/srv/detail/reset_marker_color__builder.hpp
[1.848s] -- Up-to-date symlink: /home/jozef/ros2_ws/install/mocap4r2_marker_viz_srvs/include/mocap4r2_marker_viz_srvs/mocap4r2_marker_viz_srvs/srv/detail/reset_marker_color__struct.hpp
[1.849s] -- Up-to-date symlink: /home/jozef/ros2_ws/install/mocap4r2_marker_viz_srvs/include/mocap4r2_marker_viz_srvs/mocap4r2_marker_viz_srvs/srv/detail/reset_marker_color__traits.hpp
[1.849s] -- Up-to-date symlink: /home/jozef/ros2_ws/install/mocap4r2_marker_viz_srvs/include/mocap4r2_marker_viz_srvs/mocap4r2_marker_viz_srvs/srv/detail/reset_marker_color__type_support.hpp
[1.849s] -- Up-to-date symlink: /home/jozef/ros2_ws/install/mocap4r2_marker_viz_srvs/include/mocap4r2_marker_viz_srvs/mocap4r2_marker_viz_srvs/srv/detail/set_marker_color__builder.hpp
[1.849s] -- Up-to-date symlink: /home/jozef/ros2_ws/install/mocap4r2_marker_viz_srvs/include/mocap4r2_marker_viz_srvs/mocap4r2_marker_viz_srvs/srv/detail/set_marker_color__struct.hpp
[1.849s] -- Up-to-date symlink: /home/jozef/ros2_ws/install/mocap4r2_marker_viz_srvs/include/mocap4r2_marker_viz_srvs/mocap4r2_marker_viz_srvs/srv/detail/set_marker_color__traits.hpp
[1.850s] -- Up-to-date symlink: /home/jozef/ros2_ws/install/mocap4r2_marker_viz_srvs/include/mocap4r2_marker_viz_srvs/mocap4r2_marker_viz_srvs/srv/detail/set_marker_color__type_support.hpp
[1.850s] -- Up-to-date symlink: /home/jozef/ros2_ws/install/mocap4r2_marker_viz_srvs/include/mocap4r2_marker_viz_srvs/mocap4r2_marker_viz_srvs/srv/reset_marker_color.hpp
[1.850s] -- Up-to-date symlink: /home/jozef/ros2_ws/install/mocap4r2_marker_viz_srvs/include/mocap4r2_marker_viz_srvs/mocap4r2_marker_viz_srvs/srv/set_marker_color.hpp
[1.850s] -- Up-to-date symlink: /home/jozef/ros2_ws/install/mocap4r2_marker_viz_srvs/include/mocap4r2_marker_viz_srvs/mocap4r2_marker_viz_srvs/msg/rosidl_typesupport_fastrtps_cpp__visibility_control.h
[1.854s] -- Up-to-date symlink: /home/jozef/ros2_ws/install/mocap4r2_marker_viz_srvs/include/mocap4r2_marker_viz_srvs/mocap4r2_marker_viz_srvs/srv/detail/reset_marker_color__rosidl_typesupport_fastrtps_cpp.hpp
[1.855s] -- Up-to-date symlink: /home/jozef/ros2_ws/install/mocap4r2_marker_viz_srvs/include/mocap4r2_marker_viz_srvs/mocap4r2_marker_viz_srvs/srv/detail/set_marker_color__rosidl_typesupport_fastrtps_cpp.hpp
[1.855s] -- Up-to-date symlink: /home/jozef/ros2_ws/install/mocap4r2_marker_viz_srvs/include/mocap4r2_marker_viz_srvs/mocap4r2_marker_viz_srvs/srv/detail/reset_marker_color__rosidl_typesupport_introspection_cpp.hpp
[1.855s] -- Up-to-date symlink: /home/jozef/ros2_ws/install/mocap4r2_marker_viz_srvs/include/mocap4r2_marker_viz_srvs/mocap4r2_marker_viz_srvs/srv/detail/set_marker_color__rosidl_typesupport_introspection_cpp.hpp
[1.855s] -- Up-to-date symlink: /home/jozef/ros2_ws/install/mocap4r2_marker_viz_srvs/share/mocap4r2_marker_viz_srvs/environment/pythonpath.sh
[1.855s] -- Up-to-date symlink: /home/jozef/ros2_ws/install/mocap4r2_marker_viz_srvs/share/mocap4r2_marker_viz_srvs/environment/pythonpath.dsv
[1.855s] -- Up-to-date symlink: /home/jozef/ros2_ws/install/mocap4r2_marker_viz_srvs/local/lib/python3.10/dist-packages/mocap4r2_marker_viz_srvs-0.0.7-py3.10.egg-info/PKG-INFO
[1.855s] -- Up-to-date symlink: /home/jozef/ros2_ws/install/mocap4r2_marker_viz_srvs/local/lib/python3.10/dist-packages/mocap4r2_marker_viz_srvs-0.0.7-py3.10.egg-info/SOURCES.txt
[1.855s] -- Up-to-date symlink: /home/jozef/ros2_ws/install/mocap4r2_marker_viz_srvs/local/lib/python3.10/dist-packages/mocap4r2_marker_viz_srvs-0.0.7-py3.10.egg-info/dependency_links.txt
[1.856s] -- Up-to-date symlink: /home/jozef/ros2_ws/install/mocap4r2_marker_viz_srvs/local/lib/python3.10/dist-packages/mocap4r2_marker_viz_srvs-0.0.7-py3.10.egg-info/top_level.txt
[1.856s] -- Up-to-date symlink: /home/jozef/ros2_ws/install/mocap4r2_marker_viz_srvs/local/lib/python3.10/dist-packages/mocap4r2_marker_viz_srvs/__init__.py
[1.856s] -- Up-to-date symlink: /home/jozef/ros2_ws/install/mocap4r2_marker_viz_srvs/local/lib/python3.10/dist-packages/mocap4r2_marker_viz_srvs/_mocap4r2_marker_viz_srvs_s.ep.rosidl_typesupport_c.c
[1.856s] -- Up-to-date symlink: /home/jozef/ros2_ws/install/mocap4r2_marker_viz_srvs/local/lib/python3.10/dist-packages/mocap4r2_marker_viz_srvs/_mocap4r2_marker_viz_srvs_s.ep.rosidl_typesupport_fastrtps_c.c
[1.856s] -- Up-to-date symlink: /home/jozef/ros2_ws/install/mocap4r2_marker_viz_srvs/local/lib/python3.10/dist-packages/mocap4r2_marker_viz_srvs/_mocap4r2_marker_viz_srvs_s.ep.rosidl_typesupport_introspection_c.c
[1.856s] -- Up-to-date symlink: /home/jozef/ros2_ws/install/mocap4r2_marker_viz_srvs/local/lib/python3.10/dist-packages/mocap4r2_marker_viz_srvs/libmocap4r2_marker_viz_srvs__rosidl_generator_py.so
[1.856s] -- Up-to-date symlink: /home/jozef/ros2_ws/install/mocap4r2_marker_viz_srvs/local/lib/python3.10/dist-packages/mocap4r2_marker_viz_srvs/mocap4r2_marker_viz_srvs_s__rosidl_typesupport_c.cpython-310-x86_64-linux-gnu.so
[1.856s] -- Up-to-date symlink: /home/jozef/ros2_ws/install/mocap4r2_marker_viz_srvs/local/lib/python3.10/dist-packages/mocap4r2_marker_viz_srvs/mocap4r2_marker_viz_srvs_s__rosidl_typesupport_fastrtps_c.cpython-310-x86_64-linux-gnu.so
[1.858s] -- Up-to-date symlink: /home/jozef/ros2_ws/install/mocap4r2_marker_viz_srvs/local/lib/python3.10/dist-packages/mocap4r2_marker_viz_srvs/mocap4r2_marker_viz_srvs_s__rosidl_typesupport_introspection_c.cpython-310-x86_64-linux-gnu.so
[1.858s] -- Up-to-date symlink: /home/jozef/ros2_ws/install/mocap4r2_marker_viz_srvs/local/lib/python3.10/dist-packages/mocap4r2_marker_viz_srvs/srv/__init__.py
[1.858s] -- Up-to-date symlink: /home/jozef/ros2_ws/install/mocap4r2_marker_viz_srvs/local/lib/python3.10/dist-packages/mocap4r2_marker_viz_srvs/srv/_reset_marker_color.py
[1.858s] -- Up-to-date symlink: /home/jozef/ros2_ws/install/mocap4r2_marker_viz_srvs/local/lib/python3.10/dist-packages/mocap4r2_marker_viz_srvs/srv/_reset_marker_color_s.c
[1.859s] -- Up-to-date symlink: /home/jozef/ros2_ws/install/mocap4r2_marker_viz_srvs/local/lib/python3.10/dist-packages/mocap4r2_marker_viz_srvs/srv/_set_marker_color.py
[1.859s] -- Up-to-date symlink: /home/jozef/ros2_ws/install/mocap4r2_marker_viz_srvs/local/lib/python3.10/dist-packages/mocap4r2_marker_viz_srvs/srv/_set_marker_color_s.c
[1.859s] -- Up-to-date symlink: /home/jozef/ros2_ws/install/mocap4r2_marker_viz_srvs/local/lib/python3.10/dist-packages/mocap4r2_marker_viz_srvs/mocap4r2_marker_viz_srvs_s__rosidl_typesupport_fastrtps_c.cpython-310-x86_64-linux-gnu.so
[1.859s] -- Up-to-date symlink: /home/jozef/ros2_ws/install/mocap4r2_marker_viz_srvs/local/lib/python3.10/dist-packages/mocap4r2_marker_viz_srvs/mocap4r2_marker_viz_srvs_s__rosidl_typesupport_introspection_c.cpython-310-x86_64-linux-gnu.so
[1.859s] -- Up-to-date symlink: /home/jozef/ros2_ws/install/mocap4r2_marker_viz_srvs/local/lib/python3.10/dist-packages/mocap4r2_marker_viz_srvs/mocap4r2_marker_viz_srvs_s__rosidl_typesupport_c.cpython-310-x86_64-linux-gnu.so
[1.859s] -- Up-to-date symlink: /home/jozef/ros2_ws/install/mocap4r2_marker_viz_srvs/share/mocap4r2_marker_viz_srvs/srv/SetMarkerColor.idl
[1.859s] -- Up-to-date symlink: /home/jozef/ros2_ws/install/mocap4r2_marker_viz_srvs/share/mocap4r2_marker_viz_srvs/srv/ResetMarkerColor.idl
[1.859s] -- Up-to-date symlink: /home/jozef/ros2_ws/install/mocap4r2_marker_viz_srvs/share/mocap4r2_marker_viz_srvs/srv/SetMarkerColor.srv
[1.859s] -- Up-to-date symlink: /home/jozef/ros2_ws/install/mocap4r2_marker_viz_srvs/share/mocap4r2_marker_viz_srvs/srv/SetMarkerColor_Request.msg
[1.860s] -- Up-to-date symlink: /home/jozef/ros2_ws/install/mocap4r2_marker_viz_srvs/share/mocap4r2_marker_viz_srvs/srv/SetMarkerColor_Response.msg
[1.860s] -- Up-to-date symlink: /home/jozef/ros2_ws/install/mocap4r2_marker_viz_srvs/share/mocap4r2_marker_viz_srvs/srv/ResetMarkerColor.srv
[1.860s] -- Up-to-date symlink: /home/jozef/ros2_ws/install/mocap4r2_marker_viz_srvs/share/mocap4r2_marker_viz_srvs/srv/ResetMarkerColor_Request.msg
[1.860s] -- Up-to-date symlink: /home/jozef/ros2_ws/install/mocap4r2_marker_viz_srvs/share/mocap4r2_marker_viz_srvs/srv/ResetMarkerColor_Response.msg
[1.860s] -- Up-to-date symlink: /home/jozef/ros2_ws/install/mocap4r2_marker_viz_srvs/share/ament_index/resource_index/package_run_dependencies/mocap4r2_marker_viz_srvs
[1.860s] -- Up-to-date symlink: /home/jozef/ros2_ws/install/mocap4r2_marker_viz_srvs/share/ament_index/resource_index/parent_prefix_path/mocap4r2_marker_viz_srvs
[1.860s] -- Up-to-date symlink: /home/jozef/ros2_ws/install/mocap4r2_marker_viz_srvs/share/mocap4r2_marker_viz_srvs/environment/ament_prefix_path.sh
[1.860s] -- Up-to-date symlink: /home/jozef/ros2_ws/install/mocap4r2_marker_viz_srvs/share/mocap4r2_marker_viz_srvs/environment/ament_prefix_path.dsv
[1.860s] -- Up-to-date symlink: /home/jozef/ros2_ws/install/mocap4r2_marker_viz_srvs/share/mocap4r2_marker_viz_srvs/environment/path.sh
[1.861s] -- Up-to-date symlink: /home/jozef/ros2_ws/install/mocap4r2_marker_viz_srvs/share/mocap4r2_marker_viz_srvs/environment/path.dsv
[1.861s] -- Up-to-date symlink: /home/jozef/ros2_ws/install/mocap4r2_marker_viz_srvs/share/mocap4r2_marker_viz_srvs/local_setup.bash
[1.861s] -- Up-to-date symlink: /home/jozef/ros2_ws/install/mocap4r2_marker_viz_srvs/share/mocap4r2_marker_viz_srvs/local_setup.sh
[1.861s] -- Up-to-date symlink: /home/jozef/ros2_ws/install/mocap4r2_marker_viz_srvs/share/mocap4r2_marker_viz_srvs/local_setup.zsh
[1.861s] -- Up-to-date symlink: /home/jozef/ros2_ws/install/mocap4r2_marker_viz_srvs/share/mocap4r2_marker_viz_srvs/local_setup.dsv
[1.861s] -- Symlinking: /home/jozef/ros2_ws/install/mocap4r2_marker_viz_srvs/share/mocap4r2_marker_viz_srvs/package.dsv
[1.862s] -- Up-to-date symlink: /home/jozef/ros2_ws/install/mocap4r2_marker_viz_srvs/share/ament_index/resource_index/packages/mocap4r2_marker_viz_srvs
[1.862s] -- Up-to-date symlink: /home/jozef/ros2_ws/install/mocap4r2_marker_viz_srvs/share/mocap4r2_marker_viz_srvs/cmake/rosidl_cmake-extras.cmake
[1.862s] -- Up-to-date symlink: /home/jozef/ros2_ws/install/mocap4r2_marker_viz_srvs/share/mocap4r2_marker_viz_srvs/cmake/ament_cmake_export_dependencies-extras.cmake
[1.862s] -- Up-to-date symlink: /home/jozef/ros2_ws/install/mocap4r2_marker_viz_srvs/share/mocap4r2_marker_viz_srvs/cmake/ament_cmake_export_include_directories-extras.cmake
[1.862s] -- Up-to-date symlink: /home/jozef/ros2_ws/install/mocap4r2_marker_viz_srvs/share/mocap4r2_marker_viz_srvs/cmake/ament_cmake_export_libraries-extras.cmake
[1.867s] -- Up-to-date symlink: /home/jozef/ros2_ws/install/mocap4r2_marker_viz_srvs/share/mocap4r2_marker_viz_srvs/cmake/ament_cmake_export_targets-extras.cmake
[1.867s] -- Up-to-date symlink: /home/jozef/ros2_ws/install/mocap4r2_marker_viz_srvs/share/mocap4r2_marker_viz_srvs/cmake/rosidl_cmake_export_typesupport_targets-extras.cmake
[1.867s] -- Up-to-date symlink: /home/jozef/ros2_ws/install/mocap4r2_marker_viz_srvs/share/mocap4r2_marker_viz_srvs/cmake/rosidl_cmake_export_typesupport_libraries-extras.cmake
[1.867s] -- Up-to-date symlink: /home/jozef/ros2_ws/install/mocap4r2_marker_viz_srvs/share/mocap4r2_marker_viz_srvs/cmake/mocap4r2_marker_viz_srvsConfig.cmake
[1.867s] -- Up-to-date symlink: /home/jozef/ros2_ws/install/mocap4r2_marker_viz_srvs/share/mocap4r2_marker_viz_srvs/cmake/mocap4r2_marker_viz_srvsConfig-version.cmake
[1.868s] -- Up-to-date symlink: /home/jozef/ros2_ws/install/mocap4r2_marker_viz_srvs/share/mocap4r2_marker_viz_srvs/package.xml
[1.868s] -- Up-to-date: /home/jozef/ros2_ws/install/mocap4r2_marker_viz_srvs/lib/libmocap4r2_marker_viz_srvs__rosidl_generator_c.so
[1.868s] -- Up-to-date: /home/jozef/ros2_ws/install/mocap4r2_marker_viz_srvs/lib/libmocap4r2_marker_viz_srvs__rosidl_typesupport_fastrtps_c.so
[1.868s] -- Up-to-date: /home/jozef/ros2_ws/install/mocap4r2_marker_viz_srvs/lib/libmocap4r2_marker_viz_srvs__rosidl_typesupport_introspection_c.so
[1.868s] -- Up-to-date: /home/jozef/ros2_ws/install/mocap4r2_marker_viz_srvs/lib/libmocap4r2_marker_viz_srvs__rosidl_typesupport_c.so
[1.868s] -- Up-to-date: /home/jozef/ros2_ws/install/mocap4r2_marker_viz_srvs/lib/libmocap4r2_marker_viz_srvs__rosidl_typesupport_fastrtps_cpp.so
[1.868s] -- Up-to-date: /home/jozef/ros2_ws/install/mocap4r2_marker_viz_srvs/lib/libmocap4r2_marker_viz_srvs__rosidl_typesupport_introspection_cpp.so
[1.868s] -- Up-to-date: /home/jozef/ros2_ws/install/mocap4r2_marker_viz_srvs/lib/libmocap4r2_marker_viz_srvs__rosidl_typesupport_cpp.so
[1.948s] Listing '/home/jozef/ros2_ws/install/mocap4r2_marker_viz_srvs/local/lib/python3.10/dist-packages/mocap4r2_marker_viz_srvs'...
[1.949s] Listing '/home/jozef/ros2_ws/install/mocap4r2_marker_viz_srvs/local/lib/python3.10/dist-packages/mocap4r2_marker_viz_srvs/srv'...
[1.994s] -- Up-to-date: /home/jozef/ros2_ws/install/mocap4r2_marker_viz_srvs/lib/libmocap4r2_marker_viz_srvs__rosidl_generator_py.so
[2.003s] -- Up-to-date: /home/jozef/ros2_ws/install/mocap4r2_marker_viz_srvs/share/mocap4r2_marker_viz_srvs/cmake/export_mocap4r2_marker_viz_srvs__rosidl_generator_cExport.cmake
[2.005s] -- Up-to-date: /home/jozef/ros2_ws/install/mocap4r2_marker_viz_srvs/share/mocap4r2_marker_viz_srvs/cmake/export_mocap4r2_marker_viz_srvs__rosidl_generator_cExport-noconfig.cmake
[2.009s] -- Up-to-date: /home/jozef/ros2_ws/install/mocap4r2_marker_viz_srvs/share/mocap4r2_marker_viz_srvs/cmake/export_mocap4r2_marker_viz_srvs__rosidl_typesupport_fastrtps_cExport.cmake
[2.016s] -- Up-to-date: /home/jozef/ros2_ws/install/mocap4r2_marker_viz_srvs/share/mocap4r2_marker_viz_srvs/cmake/export_mocap4r2_marker_viz_srvs__rosidl_typesupport_fastrtps_cExport-noconfig.cmake
[2.018s] -- Up-to-date: /home/jozef/ros2_ws/install/mocap4r2_marker_viz_srvs/share/mocap4r2_marker_viz_srvs/cmake/mocap4r2_marker_viz_srvs__rosidl_typesupport_introspection_cExport.cmake
[2.018s] -- Up-to-date: /home/jozef/ros2_ws/install/mocap4r2_marker_viz_srvs/share/mocap4r2_marker_viz_srvs/cmake/mocap4r2_marker_viz_srvs__rosidl_typesupport_introspection_cExport-noconfig.cmake
[2.018s] -- Up-to-date: /home/jozef/ros2_ws/install/mocap4r2_marker_viz_srvs/share/mocap4r2_marker_viz_srvs/cmake/mocap4r2_marker_viz_srvs__rosidl_typesupport_cExport.cmake
[2.018s] -- Up-to-date: /home/jozef/ros2_ws/install/mocap4r2_marker_viz_srvs/share/mocap4r2_marker_viz_srvs/cmake/mocap4r2_marker_viz_srvs__rosidl_typesupport_cExport-noconfig.cmake
[2.018s] -- Up-to-date: /home/jozef/ros2_ws/install/mocap4r2_marker_viz_srvs/share/mocap4r2_marker_viz_srvs/cmake/export_mocap4r2_marker_viz_srvs__rosidl_generator_cppExport.cmake
[2.019s] -- Up-to-date: /home/jozef/ros2_ws/install/mocap4r2_marker_viz_srvs/share/mocap4r2_marker_viz_srvs/cmake/export_mocap4r2_marker_viz_srvs__rosidl_typesupport_fastrtps_cppExport.cmake
[2.019s] -- Up-to-date: /home/jozef/ros2_ws/install/mocap4r2_marker_viz_srvs/share/mocap4r2_marker_viz_srvs/cmake/export_mocap4r2_marker_viz_srvs__rosidl_typesupport_fastrtps_cppExport-noconfig.cmake
[2.020s] -- Up-to-date: /home/jozef/ros2_ws/install/mocap4r2_marker_viz_srvs/share/mocap4r2_marker_viz_srvs/cmake/mocap4r2_marker_viz_srvs__rosidl_typesupport_introspection_cppExport.cmake
[2.022s] -- Up-to-date: /home/jozef/ros2_ws/install/mocap4r2_marker_viz_srvs/share/mocap4r2_marker_viz_srvs/cmake/mocap4r2_marker_viz_srvs__rosidl_typesupport_introspection_cppExport-noconfig.cmake
[2.023s] -- Up-to-date: /home/jozef/ros2_ws/install/mocap4r2_marker_viz_srvs/share/mocap4r2_marker_viz_srvs/cmake/mocap4r2_marker_viz_srvs__rosidl_typesupport_cppExport.cmake
[2.023s] -- Up-to-date: /home/jozef/ros2_ws/install/mocap4r2_marker_viz_srvs/share/mocap4r2_marker_viz_srvs/cmake/mocap4r2_marker_viz_srvs__rosidl_typesupport_cppExport-noconfig.cmake
[2.027s] -- Up-to-date: /home/jozef/ros2_ws/install/mocap4r2_marker_viz_srvs/share/mocap4r2_marker_viz_srvs/cmake/export_mocap4r2_marker_viz_srvs__rosidl_generator_pyExport.cmake
[2.027s] -- Up-to-date: /home/jozef/ros2_ws/install/mocap4r2_marker_viz_srvs/share/mocap4r2_marker_viz_srvs/cmake/export_mocap4r2_marker_viz_srvs__rosidl_generator_pyExport-noconfig.cmake
[2.384s] Invoked command in '/home/jozef/ros2_ws/build/mocap4r2_marker_viz_srvs' returned '0': CMAKE_PREFIX_PATH=/opt/ros/humble /usr/bin/cmake --install /home/jozef/ros2_ws/build/mocap4r2_marker_viz_srvs
