[0.075s] Invoking command in '/home/jozef/ros2_ws/build/mocap4r2_msgs': CMAKE_PREFIX_PATH=/opt/ros/humble /usr/bin/cmake --build /home/jozef/ros2_ws/build/mocap4r2_msgs -- -j8 -l8
[0.234s] [  1%] Built target mocap4r2_msgs__cpp
[0.432s] [  1%] Built target ament_cmake_python_symlink_mocap4r2_msgs
[0.432s] [ 12%] Built target mocap4r2_msgs__rosidl_typesupport_fastrtps_cpp
[0.454s] [ 23%] Built target mocap4r2_msgs__rosidl_typesupport_introspection_cpp
[0.490s] [ 34%] Built target mocap4r2_msgs__rosidl_generator_c
[0.524s] [ 46%] Built target mocap4r2_msgs__rosidl_typesupport_cpp
[0.683s] [ 57%] Built target mocap4r2_msgs__rosidl_typesupport_c
[0.683s] [ 68%] Built target mocap4r2_msgs__rosidl_typesupport_fastrtps_c
[0.750s] [ 79%] Built target mocap4r2_msgs__rosidl_typesupport_introspection_c
[0.844s] [ 79%] Built target mocap4r2_msgs
[0.955s] [ 80%] Built target mocap4r2_msgs__py
[1.076s] [ 90%] Built target mocap4r2_msgs__rosidl_generator_py
[1.190s] [ 93%] Built target mocap4r2_msgs__rosidl_typesupport_introspection_c__pyext
[1.214s] [ 96%] Built target mocap4r2_msgs__rosidl_typesupport_c__pyext
[1.218s] [100%] Built target mocap4r2_msgs__rosidl_typesupport_fastrtps_c__pyext
[1.548s] running egg_info
[1.595s] writing mocap4r2_msgs.egg-info/PKG-INFO
[1.597s] writing dependency_links to mocap4r2_msgs.egg-info/dependency_links.txt
[1.600s] writing top-level names to mocap4r2_msgs.egg-info/top_level.txt
[1.791s] reading manifest file 'mocap4r2_msgs.egg-info/SOURCES.txt'
[1.793s] writing manifest file 'mocap4r2_msgs.egg-info/SOURCES.txt'
[1.895s] [100%] Built target ament_cmake_python_build_mocap4r2_msgs_egg
[2.403s] Invoked command in '/home/jozef/ros2_ws/build/mocap4r2_msgs' returned '0': CMAKE_PREFIX_PATH=/opt/ros/humble /usr/bin/cmake --build /home/jozef/ros2_ws/build/mocap4r2_msgs -- -j8 -l8
[2.406s] Invoking command in '/home/jozef/ros2_ws/build/mocap4r2_msgs': CMAKE_PREFIX_PATH=/opt/ros/humble /usr/bin/cmake --install /home/jozef/ros2_ws/build/mocap4r2_msgs
[2.455s] -- Install configuration: ""
[2.455s] -- Execute custom install script
[2.455s] -- Up-to-date symlink: /home/jozef/ros2_ws/install/mocap4r2_msgs/share/ament_index/resource_index/rosidl_interfaces/mocap4r2_msgs
[2.456s] -- Up-to-date symlink: /home/jozef/ros2_ws/install/mocap4r2_msgs/include/mocap4r2_msgs/mocap4r2_msgs/msg/detail/imus_info__functions.h
[2.456s] -- Up-to-date symlink: /home/jozef/ros2_ws/install/mocap4r2_msgs/include/mocap4r2_msgs/mocap4r2_msgs/msg/detail/imus_info__struct.h
[2.456s] -- Up-to-date symlink: /home/jozef/ros2_ws/install/mocap4r2_msgs/include/mocap4r2_msgs/mocap4r2_msgs/msg/detail/imus_info__type_support.h
[2.456s] -- Up-to-date symlink: /home/jozef/ros2_ws/install/mocap4r2_msgs/include/mocap4r2_msgs/mocap4r2_msgs/msg/detail/marker__functions.h
[2.457s] -- Up-to-date symlink: /home/jozef/ros2_ws/install/mocap4r2_msgs/include/mocap4r2_msgs/mocap4r2_msgs/msg/detail/marker__struct.h
[2.457s] -- Up-to-date symlink: /home/jozef/ros2_ws/install/mocap4r2_msgs/include/mocap4r2_msgs/mocap4r2_msgs/msg/detail/marker__type_support.h
[2.457s] -- Up-to-date symlink: /home/jozef/ros2_ws/install/mocap4r2_msgs/include/mocap4r2_msgs/mocap4r2_msgs/msg/detail/markers__functions.h
[2.457s] -- Up-to-date symlink: /home/jozef/ros2_ws/install/mocap4r2_msgs/include/mocap4r2_msgs/mocap4r2_msgs/msg/detail/markers__struct.h
[2.457s] -- Up-to-date symlink: /home/jozef/ros2_ws/install/mocap4r2_msgs/include/mocap4r2_msgs/mocap4r2_msgs/msg/detail/markers__type_support.h
[2.457s] -- Up-to-date symlink: /home/jozef/ros2_ws/install/mocap4r2_msgs/include/mocap4r2_msgs/mocap4r2_msgs/msg/detail/rigid_bodies__functions.h
[2.457s] -- Up-to-date symlink: /home/jozef/ros2_ws/install/mocap4r2_msgs/include/mocap4r2_msgs/mocap4r2_msgs/msg/detail/rigid_bodies__struct.h
[2.458s] -- Up-to-date symlink: /home/jozef/ros2_ws/install/mocap4r2_msgs/include/mocap4r2_msgs/mocap4r2_msgs/msg/detail/rigid_bodies__type_support.h
[2.458s] -- Up-to-date symlink: /home/jozef/ros2_ws/install/mocap4r2_msgs/include/mocap4r2_msgs/mocap4r2_msgs/msg/detail/rigid_body__functions.h
[2.459s] -- Up-to-date symlink: /home/jozef/ros2_ws/install/mocap4r2_msgs/include/mocap4r2_msgs/mocap4r2_msgs/msg/detail/rigid_body__struct.h
[2.459s] -- Up-to-date symlink: /home/jozef/ros2_ws/install/mocap4r2_msgs/include/mocap4r2_msgs/mocap4r2_msgs/msg/detail/rigid_body__type_support.h
[2.459s] -- Up-to-date symlink: /home/jozef/ros2_ws/install/mocap4r2_msgs/include/mocap4r2_msgs/mocap4r2_msgs/msg/imus_info.h
[2.460s] -- Up-to-date symlink: /home/jozef/ros2_ws/install/mocap4r2_msgs/include/mocap4r2_msgs/mocap4r2_msgs/msg/marker.h
[2.460s] -- Up-to-date symlink: /home/jozef/ros2_ws/install/mocap4r2_msgs/include/mocap4r2_msgs/mocap4r2_msgs/msg/markers.h
[2.460s] -- Up-to-date symlink: /home/jozef/ros2_ws/install/mocap4r2_msgs/include/mocap4r2_msgs/mocap4r2_msgs/msg/rigid_bodies.h
[2.460s] -- Up-to-date symlink: /home/jozef/ros2_ws/install/mocap4r2_msgs/include/mocap4r2_msgs/mocap4r2_msgs/msg/rigid_body.h
[2.460s] -- Up-to-date symlink: /home/jozef/ros2_ws/install/mocap4r2_msgs/include/mocap4r2_msgs/mocap4r2_msgs/msg/rosidl_generator_c__visibility_control.h
[2.461s] -- Up-to-date symlink: /home/jozef/ros2_ws/install/mocap4r2_msgs/share/mocap4r2_msgs/environment/library_path.sh
[2.461s] -- Up-to-date symlink: /home/jozef/ros2_ws/install/mocap4r2_msgs/share/mocap4r2_msgs/environment/library_path.dsv
[2.461s] -- Up-to-date symlink: /home/jozef/ros2_ws/install/mocap4r2_msgs/include/mocap4r2_msgs/mocap4r2_msgs/msg/detail/imus_info__rosidl_typesupport_fastrtps_c.h
[2.461s] -- Up-to-date symlink: /home/jozef/ros2_ws/install/mocap4r2_msgs/include/mocap4r2_msgs/mocap4r2_msgs/msg/detail/marker__rosidl_typesupport_fastrtps_c.h
[2.462s] -- Up-to-date symlink: /home/jozef/ros2_ws/install/mocap4r2_msgs/include/mocap4r2_msgs/mocap4r2_msgs/msg/detail/markers__rosidl_typesupport_fastrtps_c.h
[2.462s] -- Up-to-date symlink: /home/jozef/ros2_ws/install/mocap4r2_msgs/include/mocap4r2_msgs/mocap4r2_msgs/msg/detail/rigid_bodies__rosidl_typesupport_fastrtps_c.h
[2.462s] -- Up-to-date symlink: /home/jozef/ros2_ws/install/mocap4r2_msgs/include/mocap4r2_msgs/mocap4r2_msgs/msg/detail/rigid_body__rosidl_typesupport_fastrtps_c.h
[2.462s] -- Up-to-date symlink: /home/jozef/ros2_ws/install/mocap4r2_msgs/include/mocap4r2_msgs/mocap4r2_msgs/msg/rosidl_typesupport_fastrtps_c__visibility_control.h
[2.462s] -- Up-to-date symlink: /home/jozef/ros2_ws/install/mocap4r2_msgs/include/mocap4r2_msgs/mocap4r2_msgs/msg/detail/imus_info__rosidl_typesupport_introspection_c.h
[2.462s] -- Up-to-date symlink: /home/jozef/ros2_ws/install/mocap4r2_msgs/include/mocap4r2_msgs/mocap4r2_msgs/msg/detail/marker__rosidl_typesupport_introspection_c.h
[2.463s] -- Up-to-date symlink: /home/jozef/ros2_ws/install/mocap4r2_msgs/include/mocap4r2_msgs/mocap4r2_msgs/msg/detail/markers__rosidl_typesupport_introspection_c.h
[2.463s] -- Up-to-date symlink: /home/jozef/ros2_ws/install/mocap4r2_msgs/include/mocap4r2_msgs/mocap4r2_msgs/msg/detail/rigid_bodies__rosidl_typesupport_introspection_c.h
[2.463s] -- Up-to-date symlink: /home/jozef/ros2_ws/install/mocap4r2_msgs/include/mocap4r2_msgs/mocap4r2_msgs/msg/detail/rigid_body__rosidl_typesupport_introspection_c.h
[2.463s] -- Up-to-date symlink: /home/jozef/ros2_ws/install/mocap4r2_msgs/include/mocap4r2_msgs/mocap4r2_msgs/msg/rosidl_typesupport_introspection_c__visibility_control.h
[2.464s] -- Up-to-date symlink: /home/jozef/ros2_ws/install/mocap4r2_msgs/include/mocap4r2_msgs/mocap4r2_msgs/msg/detail/imus_info__builder.hpp
[2.464s] -- Up-to-date symlink: /home/jozef/ros2_ws/install/mocap4r2_msgs/include/mocap4r2_msgs/mocap4r2_msgs/msg/detail/imus_info__struct.hpp
[2.464s] -- Up-to-date symlink: /home/jozef/ros2_ws/install/mocap4r2_msgs/include/mocap4r2_msgs/mocap4r2_msgs/msg/detail/imus_info__traits.hpp
[2.464s] -- Up-to-date symlink: /home/jozef/ros2_ws/install/mocap4r2_msgs/include/mocap4r2_msgs/mocap4r2_msgs/msg/detail/imus_info__type_support.hpp
[2.464s] -- Up-to-date symlink: /home/jozef/ros2_ws/install/mocap4r2_msgs/include/mocap4r2_msgs/mocap4r2_msgs/msg/detail/marker__builder.hpp
[2.465s] -- Up-to-date symlink: /home/jozef/ros2_ws/install/mocap4r2_msgs/include/mocap4r2_msgs/mocap4r2_msgs/msg/detail/marker__struct.hpp
[2.465s] -- Up-to-date symlink: /home/jozef/ros2_ws/install/mocap4r2_msgs/include/mocap4r2_msgs/mocap4r2_msgs/msg/detail/marker__traits.hpp
[2.465s] -- Up-to-date symlink: /home/jozef/ros2_ws/install/mocap4r2_msgs/include/mocap4r2_msgs/mocap4r2_msgs/msg/detail/marker__type_support.hpp
[2.465s] -- Up-to-date symlink: /home/jozef/ros2_ws/install/mocap4r2_msgs/include/mocap4r2_msgs/mocap4r2_msgs/msg/detail/markers__builder.hpp
[2.465s] -- Up-to-date symlink: /home/jozef/ros2_ws/install/mocap4r2_msgs/include/mocap4r2_msgs/mocap4r2_msgs/msg/detail/markers__struct.hpp
[2.466s] -- Up-to-date symlink: /home/jozef/ros2_ws/install/mocap4r2_msgs/include/mocap4r2_msgs/mocap4r2_msgs/msg/detail/markers__traits.hpp
[2.467s] -- Up-to-date symlink: /home/jozef/ros2_ws/install/mocap4r2_msgs/include/mocap4r2_msgs/mocap4r2_msgs/msg/detail/markers__type_support.hpp
[2.467s] -- Up-to-date symlink: /home/jozef/ros2_ws/install/mocap4r2_msgs/include/mocap4r2_msgs/mocap4r2_msgs/msg/detail/rigid_bodies__builder.hpp
[2.468s] -- Up-to-date symlink: /home/jozef/ros2_ws/install/mocap4r2_msgs/include/mocap4r2_msgs/mocap4r2_msgs/msg/detail/rigid_bodies__struct.hpp
[2.468s] -- Up-to-date symlink: /home/jozef/ros2_ws/install/mocap4r2_msgs/include/mocap4r2_msgs/mocap4r2_msgs/msg/detail/rigid_bodies__traits.hpp
[2.469s] -- Up-to-date symlink: /home/jozef/ros2_ws/install/mocap4r2_msgs/include/mocap4r2_msgs/mocap4r2_msgs/msg/detail/rigid_bodies__type_support.hpp
[2.469s] -- Up-to-date symlink: /home/jozef/ros2_ws/install/mocap4r2_msgs/include/mocap4r2_msgs/mocap4r2_msgs/msg/detail/rigid_body__builder.hpp
[2.469s] -- Up-to-date symlink: /home/jozef/ros2_ws/install/mocap4r2_msgs/include/mocap4r2_msgs/mocap4r2_msgs/msg/detail/rigid_body__struct.hpp
[2.469s] -- Up-to-date symlink: /home/jozef/ros2_ws/install/mocap4r2_msgs/include/mocap4r2_msgs/mocap4r2_msgs/msg/detail/rigid_body__traits.hpp
[2.469s] -- Up-to-date symlink: /home/jozef/ros2_ws/install/mocap4r2_msgs/include/mocap4r2_msgs/mocap4r2_msgs/msg/detail/rigid_body__type_support.hpp
[2.470s] -- Up-to-date symlink: /home/jozef/ros2_ws/install/mocap4r2_msgs/include/mocap4r2_msgs/mocap4r2_msgs/msg/imus_info.hpp
[2.470s] -- Up-to-date symlink: /home/jozef/ros2_ws/install/mocap4r2_msgs/include/mocap4r2_msgs/mocap4r2_msgs/msg/marker.hpp
[2.470s] -- Up-to-date symlink: /home/jozef/ros2_ws/install/mocap4r2_msgs/include/mocap4r2_msgs/mocap4r2_msgs/msg/markers.hpp
[2.470s] -- Up-to-date symlink: /home/jozef/ros2_ws/install/mocap4r2_msgs/include/mocap4r2_msgs/mocap4r2_msgs/msg/rigid_bodies.hpp
[2.470s] -- Up-to-date symlink: /home/jozef/ros2_ws/install/mocap4r2_msgs/include/mocap4r2_msgs/mocap4r2_msgs/msg/rigid_body.hpp
[2.470s] -- Up-to-date symlink: /home/jozef/ros2_ws/install/mocap4r2_msgs/include/mocap4r2_msgs/mocap4r2_msgs/msg/rosidl_generator_cpp__visibility_control.hpp
[2.470s] -- Up-to-date symlink: /home/jozef/ros2_ws/install/mocap4r2_msgs/include/mocap4r2_msgs/mocap4r2_msgs/msg/detail/imus_info__rosidl_typesupport_fastrtps_cpp.hpp
[2.471s] -- Up-to-date symlink: /home/jozef/ros2_ws/install/mocap4r2_msgs/include/mocap4r2_msgs/mocap4r2_msgs/msg/detail/marker__rosidl_typesupport_fastrtps_cpp.hpp
[2.471s] -- Up-to-date symlink: /home/jozef/ros2_ws/install/mocap4r2_msgs/include/mocap4r2_msgs/mocap4r2_msgs/msg/detail/markers__rosidl_typesupport_fastrtps_cpp.hpp
[2.471s] -- Up-to-date symlink: /home/jozef/ros2_ws/install/mocap4r2_msgs/include/mocap4r2_msgs/mocap4r2_msgs/msg/detail/rigid_bodies__rosidl_typesupport_fastrtps_cpp.hpp
[2.471s] -- Up-to-date symlink: /home/jozef/ros2_ws/install/mocap4r2_msgs/include/mocap4r2_msgs/mocap4r2_msgs/msg/detail/rigid_body__rosidl_typesupport_fastrtps_cpp.hpp
[2.471s] -- Up-to-date symlink: /home/jozef/ros2_ws/install/mocap4r2_msgs/include/mocap4r2_msgs/mocap4r2_msgs/msg/rosidl_typesupport_fastrtps_cpp__visibility_control.h
[2.471s] -- Up-to-date symlink: /home/jozef/ros2_ws/install/mocap4r2_msgs/include/mocap4r2_msgs/mocap4r2_msgs/msg/detail/imus_info__rosidl_typesupport_introspection_cpp.hpp
[2.472s] -- Up-to-date symlink: /home/jozef/ros2_ws/install/mocap4r2_msgs/include/mocap4r2_msgs/mocap4r2_msgs/msg/detail/marker__rosidl_typesupport_introspection_cpp.hpp
[2.472s] -- Up-to-date symlink: /home/jozef/ros2_ws/install/mocap4r2_msgs/include/mocap4r2_msgs/mocap4r2_msgs/msg/detail/markers__rosidl_typesupport_introspection_cpp.hpp
[2.473s] -- Up-to-date symlink: /home/jozef/ros2_ws/install/mocap4r2_msgs/include/mocap4r2_msgs/mocap4r2_msgs/msg/detail/rigid_bodies__rosidl_typesupport_introspection_cpp.hpp
[2.474s] -- Up-to-date symlink: /home/jozef/ros2_ws/install/mocap4r2_msgs/include/mocap4r2_msgs/mocap4r2_msgs/msg/detail/rigid_body__rosidl_typesupport_introspection_cpp.hpp
[2.474s] -- Up-to-date symlink: /home/jozef/ros2_ws/install/mocap4r2_msgs/share/mocap4r2_msgs/environment/pythonpath.sh
[2.474s] -- Up-to-date symlink: /home/jozef/ros2_ws/install/mocap4r2_msgs/share/mocap4r2_msgs/environment/pythonpath.dsv
[2.474s] -- Up-to-date symlink: /home/jozef/ros2_ws/install/mocap4r2_msgs/local/lib/python3.10/dist-packages/mocap4r2_msgs-0.0.3-py3.10.egg-info/PKG-INFO
[2.474s] -- Up-to-date symlink: /home/jozef/ros2_ws/install/mocap4r2_msgs/local/lib/python3.10/dist-packages/mocap4r2_msgs-0.0.3-py3.10.egg-info/SOURCES.txt
[2.474s] -- Up-to-date symlink: /home/jozef/ros2_ws/install/mocap4r2_msgs/local/lib/python3.10/dist-packages/mocap4r2_msgs-0.0.3-py3.10.egg-info/dependency_links.txt
[2.475s] -- Up-to-date symlink: /home/jozef/ros2_ws/install/mocap4r2_msgs/local/lib/python3.10/dist-packages/mocap4r2_msgs-0.0.3-py3.10.egg-info/top_level.txt
[2.476s] -- Up-to-date symlink: /home/jozef/ros2_ws/install/mocap4r2_msgs/local/lib/python3.10/dist-packages/mocap4r2_msgs/__init__.py
[2.478s] -- Up-to-date symlink: /home/jozef/ros2_ws/install/mocap4r2_msgs/local/lib/python3.10/dist-packages/mocap4r2_msgs/_mocap4r2_msgs_s.ep.rosidl_typesupport_c.c
[2.478s] -- Up-to-date symlink: /home/jozef/ros2_ws/install/mocap4r2_msgs/local/lib/python3.10/dist-packages/mocap4r2_msgs/_mocap4r2_msgs_s.ep.rosidl_typesupport_fastrtps_c.c
[2.479s] -- Up-to-date symlink: /home/jozef/ros2_ws/install/mocap4r2_msgs/local/lib/python3.10/dist-packages/mocap4r2_msgs/_mocap4r2_msgs_s.ep.rosidl_typesupport_introspection_c.c
[2.479s] -- Up-to-date symlink: /home/jozef/ros2_ws/install/mocap4r2_msgs/local/lib/python3.10/dist-packages/mocap4r2_msgs/libmocap4r2_msgs__rosidl_generator_py.so
[2.479s] -- Up-to-date symlink: /home/jozef/ros2_ws/install/mocap4r2_msgs/local/lib/python3.10/dist-packages/mocap4r2_msgs/mocap4r2_msgs_s__rosidl_typesupport_c.cpython-310-x86_64-linux-gnu.so
[2.479s] -- Up-to-date symlink: /home/jozef/ros2_ws/install/mocap4r2_msgs/local/lib/python3.10/dist-packages/mocap4r2_msgs/mocap4r2_msgs_s__rosidl_typesupport_fastrtps_c.cpython-310-x86_64-linux-gnu.so
[2.479s] -- Up-to-date symlink: /home/jozef/ros2_ws/install/mocap4r2_msgs/local/lib/python3.10/dist-packages/mocap4r2_msgs/mocap4r2_msgs_s__rosidl_typesupport_introspection_c.cpython-310-x86_64-linux-gnu.so
[2.480s] -- Up-to-date symlink: /home/jozef/ros2_ws/install/mocap4r2_msgs/local/lib/python3.10/dist-packages/mocap4r2_msgs/msg/__init__.py
[2.480s] -- Up-to-date symlink: /home/jozef/ros2_ws/install/mocap4r2_msgs/local/lib/python3.10/dist-packages/mocap4r2_msgs/msg/_imus_info.py
[2.480s] -- Up-to-date symlink: /home/jozef/ros2_ws/install/mocap4r2_msgs/local/lib/python3.10/dist-packages/mocap4r2_msgs/msg/_imus_info_s.c
[2.480s] -- Up-to-date symlink: /home/jozef/ros2_ws/install/mocap4r2_msgs/local/lib/python3.10/dist-packages/mocap4r2_msgs/msg/_marker.py
[2.480s] -- Up-to-date symlink: /home/jozef/ros2_ws/install/mocap4r2_msgs/local/lib/python3.10/dist-packages/mocap4r2_msgs/msg/_marker_s.c
[2.480s] -- Up-to-date symlink: /home/jozef/ros2_ws/install/mocap4r2_msgs/local/lib/python3.10/dist-packages/mocap4r2_msgs/msg/_markers.py
[2.480s] -- Up-to-date symlink: /home/jozef/ros2_ws/install/mocap4r2_msgs/local/lib/python3.10/dist-packages/mocap4r2_msgs/msg/_markers_s.c
[2.481s] -- Up-to-date symlink: /home/jozef/ros2_ws/install/mocap4r2_msgs/local/lib/python3.10/dist-packages/mocap4r2_msgs/msg/_rigid_bodies.py
[2.481s] -- Up-to-date symlink: /home/jozef/ros2_ws/install/mocap4r2_msgs/local/lib/python3.10/dist-packages/mocap4r2_msgs/msg/_rigid_bodies_s.c
[2.484s] -- Up-to-date symlink: /home/jozef/ros2_ws/install/mocap4r2_msgs/local/lib/python3.10/dist-packages/mocap4r2_msgs/msg/_rigid_body.py
[2.484s] -- Up-to-date symlink: /home/jozef/ros2_ws/install/mocap4r2_msgs/local/lib/python3.10/dist-packages/mocap4r2_msgs/msg/_rigid_body_s.c
[2.484s] -- Up-to-date symlink: /home/jozef/ros2_ws/install/mocap4r2_msgs/local/lib/python3.10/dist-packages/mocap4r2_msgs/mocap4r2_msgs_s__rosidl_typesupport_fastrtps_c.cpython-310-x86_64-linux-gnu.so
[2.484s] -- Up-to-date symlink: /home/jozef/ros2_ws/install/mocap4r2_msgs/local/lib/python3.10/dist-packages/mocap4r2_msgs/mocap4r2_msgs_s__rosidl_typesupport_introspection_c.cpython-310-x86_64-linux-gnu.so
[2.485s] -- Up-to-date symlink: /home/jozef/ros2_ws/install/mocap4r2_msgs/local/lib/python3.10/dist-packages/mocap4r2_msgs/mocap4r2_msgs_s__rosidl_typesupport_c.cpython-310-x86_64-linux-gnu.so
[2.485s] -- Up-to-date symlink: /home/jozef/ros2_ws/install/mocap4r2_msgs/share/mocap4r2_msgs/msg/Marker.idl
[2.485s] -- Up-to-date symlink: /home/jozef/ros2_ws/install/mocap4r2_msgs/share/mocap4r2_msgs/msg/Markers.idl
[2.485s] -- Up-to-date symlink: /home/jozef/ros2_ws/install/mocap4r2_msgs/share/mocap4r2_msgs/msg/ImusInfo.idl
[2.485s] -- Up-to-date symlink: /home/jozef/ros2_ws/install/mocap4r2_msgs/share/mocap4r2_msgs/msg/RigidBody.idl
[2.485s] -- Up-to-date symlink: /home/jozef/ros2_ws/install/mocap4r2_msgs/share/mocap4r2_msgs/msg/RigidBodies.idl
[2.485s] -- Up-to-date symlink: /home/jozef/ros2_ws/install/mocap4r2_msgs/share/mocap4r2_msgs/msg/Marker.msg
[2.485s] -- Up-to-date symlink: /home/jozef/ros2_ws/install/mocap4r2_msgs/share/mocap4r2_msgs/msg/Markers.msg
[2.487s] -- Up-to-date symlink: /home/jozef/ros2_ws/install/mocap4r2_msgs/share/mocap4r2_msgs/msg/ImusInfo.msg
[2.487s] -- Up-to-date symlink: /home/jozef/ros2_ws/install/mocap4r2_msgs/share/mocap4r2_msgs/msg/RigidBody.msg
[2.488s] -- Up-to-date symlink: /home/jozef/ros2_ws/install/mocap4r2_msgs/share/mocap4r2_msgs/msg/RigidBodies.msg
[2.488s] -- Up-to-date symlink: /home/jozef/ros2_ws/install/mocap4r2_msgs/share/mocap4r2_msgs/mocap4r2_bridge_mapping_rule.yaml
[2.488s] -- Up-to-date symlink: /home/jozef/ros2_ws/install/mocap4r2_msgs/share/ament_index/resource_index/package_run_dependencies/mocap4r2_msgs
[2.489s] -- Up-to-date symlink: /home/jozef/ros2_ws/install/mocap4r2_msgs/share/ament_index/resource_index/parent_prefix_path/mocap4r2_msgs
[2.489s] -- Up-to-date symlink: /home/jozef/ros2_ws/install/mocap4r2_msgs/share/mocap4r2_msgs/environment/ament_prefix_path.sh
[2.489s] -- Up-to-date symlink: /home/jozef/ros2_ws/install/mocap4r2_msgs/share/mocap4r2_msgs/environment/ament_prefix_path.dsv
[2.489s] -- Up-to-date symlink: /home/jozef/ros2_ws/install/mocap4r2_msgs/share/mocap4r2_msgs/environment/path.sh
[2.489s] -- Up-to-date symlink: /home/jozef/ros2_ws/install/mocap4r2_msgs/share/mocap4r2_msgs/environment/path.dsv
[2.490s] -- Up-to-date symlink: /home/jozef/ros2_ws/install/mocap4r2_msgs/share/mocap4r2_msgs/local_setup.bash
[2.490s] -- Up-to-date symlink: /home/jozef/ros2_ws/install/mocap4r2_msgs/share/mocap4r2_msgs/local_setup.sh
[2.490s] -- Up-to-date symlink: /home/jozef/ros2_ws/install/mocap4r2_msgs/share/mocap4r2_msgs/local_setup.zsh
[2.491s] -- Up-to-date symlink: /home/jozef/ros2_ws/install/mocap4r2_msgs/share/mocap4r2_msgs/local_setup.dsv
[2.491s] -- Symlinking: /home/jozef/ros2_ws/install/mocap4r2_msgs/share/mocap4r2_msgs/package.dsv
[2.494s] -- Up-to-date symlink: /home/jozef/ros2_ws/install/mocap4r2_msgs/share/ament_index/resource_index/packages/mocap4r2_msgs
[2.494s] -- Up-to-date symlink: /home/jozef/ros2_ws/install/mocap4r2_msgs/share/mocap4r2_msgs/cmake/rosidl_cmake-extras.cmake
[2.494s] -- Up-to-date symlink: /home/jozef/ros2_ws/install/mocap4r2_msgs/share/mocap4r2_msgs/cmake/ament_cmake_export_dependencies-extras.cmake
[2.494s] -- Up-to-date symlink: /home/jozef/ros2_ws/install/mocap4r2_msgs/share/mocap4r2_msgs/cmake/ament_cmake_export_include_directories-extras.cmake
[2.494s] -- Up-to-date symlink: /home/jozef/ros2_ws/install/mocap4r2_msgs/share/mocap4r2_msgs/cmake/ament_cmake_export_libraries-extras.cmake
[2.494s] -- Up-to-date symlink: /home/jozef/ros2_ws/install/mocap4r2_msgs/share/mocap4r2_msgs/cmake/ament_cmake_export_targets-extras.cmake
[2.494s] -- Up-to-date symlink: /home/jozef/ros2_ws/install/mocap4r2_msgs/share/mocap4r2_msgs/cmake/rosidl_cmake_export_typesupport_targets-extras.cmake
[2.494s] -- Up-to-date symlink: /home/jozef/ros2_ws/install/mocap4r2_msgs/share/mocap4r2_msgs/cmake/rosidl_cmake_export_typesupport_libraries-extras.cmake
[2.494s] -- Up-to-date symlink: /home/jozef/ros2_ws/install/mocap4r2_msgs/share/mocap4r2_msgs/cmake/mocap4r2_msgsConfig.cmake
[2.495s] -- Up-to-date symlink: /home/jozef/ros2_ws/install/mocap4r2_msgs/share/mocap4r2_msgs/cmake/mocap4r2_msgsConfig-version.cmake
[2.495s] -- Up-to-date symlink: /home/jozef/ros2_ws/install/mocap4r2_msgs/share/mocap4r2_msgs/package.xml
[2.496s] -- Up-to-date: /home/jozef/ros2_ws/install/mocap4r2_msgs/lib/libmocap4r2_msgs__rosidl_generator_c.so
[2.497s] -- Up-to-date: /home/jozef/ros2_ws/install/mocap4r2_msgs/lib/libmocap4r2_msgs__rosidl_typesupport_fastrtps_c.so
[2.498s] -- Up-to-date: /home/jozef/ros2_ws/install/mocap4r2_msgs/lib/libmocap4r2_msgs__rosidl_typesupport_introspection_c.so
[2.499s] -- Up-to-date: /home/jozef/ros2_ws/install/mocap4r2_msgs/lib/libmocap4r2_msgs__rosidl_typesupport_c.so
[2.500s] -- Up-to-date: /home/jozef/ros2_ws/install/mocap4r2_msgs/lib/libmocap4r2_msgs__rosidl_typesupport_fastrtps_cpp.so
[2.500s] -- Up-to-date: /home/jozef/ros2_ws/install/mocap4r2_msgs/lib/libmocap4r2_msgs__rosidl_typesupport_introspection_cpp.so
[2.501s] -- Up-to-date: /home/jozef/ros2_ws/install/mocap4r2_msgs/lib/libmocap4r2_msgs__rosidl_typesupport_cpp.so
[2.569s] Listing '/home/jozef/ros2_ws/install/mocap4r2_msgs/local/lib/python3.10/dist-packages/mocap4r2_msgs'...
[2.570s] Listing '/home/jozef/ros2_ws/install/mocap4r2_msgs/local/lib/python3.10/dist-packages/mocap4r2_msgs/msg'...
[2.584s] -- Up-to-date: /home/jozef/ros2_ws/install/mocap4r2_msgs/lib/libmocap4r2_msgs__rosidl_generator_py.so
[2.585s] -- Up-to-date: /home/jozef/ros2_ws/install/mocap4r2_msgs/share/mocap4r2_msgs/cmake/export_mocap4r2_msgs__rosidl_generator_cExport.cmake
[2.586s] -- Up-to-date: /home/jozef/ros2_ws/install/mocap4r2_msgs/share/mocap4r2_msgs/cmake/export_mocap4r2_msgs__rosidl_generator_cExport-noconfig.cmake
[2.586s] -- Up-to-date: /home/jozef/ros2_ws/install/mocap4r2_msgs/share/mocap4r2_msgs/cmake/export_mocap4r2_msgs__rosidl_typesupport_fastrtps_cExport.cmake
[2.587s] -- Up-to-date: /home/jozef/ros2_ws/install/mocap4r2_msgs/share/mocap4r2_msgs/cmake/export_mocap4r2_msgs__rosidl_typesupport_fastrtps_cExport-noconfig.cmake
[2.588s] -- Up-to-date: /home/jozef/ros2_ws/install/mocap4r2_msgs/share/mocap4r2_msgs/cmake/mocap4r2_msgs__rosidl_typesupport_introspection_cExport.cmake
[2.588s] -- Up-to-date: /home/jozef/ros2_ws/install/mocap4r2_msgs/share/mocap4r2_msgs/cmake/mocap4r2_msgs__rosidl_typesupport_introspection_cExport-noconfig.cmake
[2.588s] -- Up-to-date: /home/jozef/ros2_ws/install/mocap4r2_msgs/share/mocap4r2_msgs/cmake/mocap4r2_msgs__rosidl_typesupport_cExport.cmake
[2.589s] -- Up-to-date: /home/jozef/ros2_ws/install/mocap4r2_msgs/share/mocap4r2_msgs/cmake/mocap4r2_msgs__rosidl_typesupport_cExport-noconfig.cmake
[2.589s] -- Up-to-date: /home/jozef/ros2_ws/install/mocap4r2_msgs/share/mocap4r2_msgs/cmake/export_mocap4r2_msgs__rosidl_generator_cppExport.cmake
[2.590s] -- Up-to-date: /home/jozef/ros2_ws/install/mocap4r2_msgs/share/mocap4r2_msgs/cmake/export_mocap4r2_msgs__rosidl_typesupport_fastrtps_cppExport.cmake
[2.590s] -- Up-to-date: /home/jozef/ros2_ws/install/mocap4r2_msgs/share/mocap4r2_msgs/cmake/export_mocap4r2_msgs__rosidl_typesupport_fastrtps_cppExport-noconfig.cmake
[2.596s] -- Up-to-date: /home/jozef/ros2_ws/install/mocap4r2_msgs/share/mocap4r2_msgs/cmake/mocap4r2_msgs__rosidl_typesupport_introspection_cppExport.cmake
[2.597s] -- Up-to-date: /home/jozef/ros2_ws/install/mocap4r2_msgs/share/mocap4r2_msgs/cmake/mocap4r2_msgs__rosidl_typesupport_introspection_cppExport-noconfig.cmake
[2.597s] -- Up-to-date: /home/jozef/ros2_ws/install/mocap4r2_msgs/share/mocap4r2_msgs/cmake/mocap4r2_msgs__rosidl_typesupport_cppExport.cmake
[2.597s] -- Up-to-date: /home/jozef/ros2_ws/install/mocap4r2_msgs/share/mocap4r2_msgs/cmake/mocap4r2_msgs__rosidl_typesupport_cppExport-noconfig.cmake
[2.597s] -- Up-to-date: /home/jozef/ros2_ws/install/mocap4r2_msgs/share/mocap4r2_msgs/cmake/export_mocap4r2_msgs__rosidl_generator_pyExport.cmake
[2.597s] -- Up-to-date: /home/jozef/ros2_ws/install/mocap4r2_msgs/share/mocap4r2_msgs/cmake/export_mocap4r2_msgs__rosidl_generator_pyExport-noconfig.cmake
[2.707s] Invoked command in '/home/jozef/ros2_ws/build/mocap4r2_msgs' returned '0': CMAKE_PREFIX_PATH=/opt/ros/humble /usr/bin/cmake --install /home/jozef/ros2_ws/build/mocap4r2_msgs
