[0.105s] Invoking command in '/home/jozef/ros2_ws/build/mocap4r2_robot_gt': AMENT_PREFIX_PATH=/home/jozef/ros2_ws/install/mocap4r2_robot_gt_msgs:/home/jozef/ros2_ws/install/mocap4r2_msgs:${AMENT_PREFIX_PATH} CMAKE_PREFIX_PATH=/home/jozef/ros2_ws/install/mocap4r2_robot_gt_msgs:/home/jozef/ros2_ws/install/mocap4r2_msgs:/home/jozef/ros2_ws/install/tb2_slam:/home/jozef/ros2_ws/install/neo_localization2:/home/jozef/ros2_ws/install/mrpt_navigation:/home/jozef/ros2_ws/install/mrpt_tutorials:/home/jozef/ros2_ws/install/mrpt_tps_astar_planner:/home/jozef/ros2_ws/install/mrpt_reactivenav2d:/home/jozef/ros2_ws/install/mrpt_rawlog:/home/jozef/ros2_ws/install/mrpt_pointcloud_pipeline:/home/jozef/ros2_ws/install/mrpt_pf_localization:/home/jozef/ros2_ws/install/mrpt_map_server:/home/jozef/ros2_ws/install/mrpt_nav_interfaces:/home/jozef/ros2_ws/install/mrpt_msgs_bridge:/home/jozef/ros2_ws/install/mrpt_msgs:/home/jozef/ros2_ws/install/tb2_control:/opt/ros/humble LD_LIBRARY_PATH=/home/jozef/ros2_ws/install/mocap4r2_robot_gt_msgs/lib:/home/jozef/ros2_ws/install/mocap4r2_msgs/lib:${LD_LIBRARY_PATH} PYTHONPATH=/home/jozef/ros2_ws/install/mocap4r2_robot_gt_msgs/local/lib/python3.10/dist-packages:/home/jozef/ros2_ws/install/mocap4r2_msgs/local/lib/python3.10/dist-packages:${PYTHONPATH} /usr/bin/cmake /home/jozef/ros2_ws/src/mocap4r2_robot_gt/mocap4r2_robot_gt -DAMENT_CMAKE_SYMLINK_INSTALL=1 -DCMAKE_INSTALL_PREFIX=/home/jozef/ros2_ws/install/mocap4r2_robot_gt
[0.425s] -- The C compiler identification is GNU 11.4.0
[0.753s] -- The CXX compiler identification is GNU 11.4.0
[0.794s] -- Detecting C compiler ABI info
[1.131s] -- Detecting C compiler ABI info - done
[1.199s] -- Check for working C compiler: /usr/bin/cc - skipped
[1.208s] -- Detecting C compile features
[1.209s] -- Detecting C compile features - done
[1.228s] -- Detecting CXX compiler ABI info
[1.713s] -- Detecting CXX compiler ABI info - done
[1.776s] -- Check for working CXX compiler: /usr/bin/c++ - skipped
[1.784s] -- Detecting CXX compile features
[1.784s] -- Detecting CXX compile features - done
[1.813s] -- Found ament_cmake: 1.3.11 (/opt/ros/humble/share/ament_cmake/cmake)
[4.556s] -- Found Python3: /usr/bin/python3 (found version "3.10.12") found components: Interpreter 
[4.938s] -- Override CMake install command with custom implementation using symlinks instead of copying resources
[5.225s] -- Found rclcpp: 16.0.11 (/opt/ros/humble/share/rclcpp/cmake)
[5.485s] -- Found rosidl_generator_c: 3.1.6 (/opt/ros/humble/share/rosidl_generator_c/cmake)
[5.511s] -- Found rosidl_adapter: 3.1.6 (/opt/ros/humble/share/rosidl_adapter/cmake)
[5.543s] -- Found rosidl_generator_cpp: 3.1.6 (/opt/ros/humble/share/rosidl_generator_cpp/cmake)
[5.620s] -- Using all available rosidl_typesupport_c: rosidl_typesupport_fastrtps_c;rosidl_typesupport_introspection_c
[5.697s] -- Using all available rosidl_typesupport_cpp: rosidl_typesupport_fastrtps_cpp;rosidl_typesupport_introspection_cpp
[6.028s] -- Found rmw_implementation_cmake: 6.1.2 (/opt/ros/humble/share/rmw_implementation_cmake/cmake)
[6.040s] -- Found rmw_fastrtps_cpp: 6.2.7 (/opt/ros/humble/share/rmw_fastrtps_cpp/cmake)
[6.509s] -- Found OpenSSL: /usr/lib/x86_64-linux-gnu/libcrypto.so (found version "3.0.2")  
[6.594s] -- Found FastRTPS: /opt/ros/humble/include  
[6.750s] -- Using RMW implementation 'rmw_fastrtps_cpp' as default
[6.788s] -- Looking for pthread.h
[7.249s] -- Looking for pthread.h - found
[7.253s] -- Performing Test CMAKE_HAVE_LIBC_PTHREAD
[7.735s] -- Performing Test CMAKE_HAVE_LIBC_PTHREAD - Success
[7.738s] -- Found Threads: TRUE  
[8.180s] -- Found rclcpp_components: 16.0.11 (/opt/ros/humble/share/rclcpp_components/cmake)
[8.449s] -- Found mocap4r2_msgs: 0.0.3 (/home/jozef/ros2_ws/install/mocap4r2_msgs/share/mocap4r2_msgs/cmake)
[8.710s] -- Found mocap4r2_robot_gt_msgs: 0.0.7 (/home/jozef/ros2_ws/install/mocap4r2_robot_gt_msgs/share/mocap4r2_robot_gt_msgs/cmake)
[8.847s] -- Found tf2_ros: 0.25.9 (/opt/ros/humble/share/tf2_ros/cmake)
[9.482s] -- Found tf2_geometry_msgs: 0.25.9 (/opt/ros/humble/share/tf2_geometry_msgs/cmake)
[9.649s] -- Found eigen3_cmake_module: 0.1.1 (/opt/ros/humble/share/eigen3_cmake_module/cmake)
[9.653s] -- Found Eigen3: TRUE (found version "3.4.0") 
[9.653s] -- Ensuring Eigen3 include directory is part of orocos-kdl CMake target
[9.726s] -- Found ament_lint_auto: 0.12.11 (/opt/ros/humble/share/ament_lint_auto/cmake)
[10.257s] -- Added test 'cppcheck' to perform static code analysis on C / C++ code
[10.271s] -- Configured cppcheck include dirs: /home/jozef/ros2_ws/src/mocap4r2_robot_gt/mocap4r2_robot_gt/include
[10.271s] -- Configured cppcheck exclude dirs and/or files: 
[10.293s] -- Added test 'lint_cmake' to check CMake code style
[10.302s] -- Added test 'uncrustify' to check C / C++ code style
[10.302s] -- Configured uncrustify additional arguments: 
[10.314s] -- Added test 'xmllint' to check XML markup files
[10.334s] -- Configuring done
[10.548s] -- Generating done
[10.626s] -- Build files have been written to: /home/jozef/ros2_ws/build/mocap4r2_robot_gt
[10.696s] Invoked command in '/home/jozef/ros2_ws/build/mocap4r2_robot_gt' returned '0': AMENT_PREFIX_PATH=/home/jozef/ros2_ws/install/mocap4r2_robot_gt_msgs:/home/jozef/ros2_ws/install/mocap4r2_msgs:${AMENT_PREFIX_PATH} CMAKE_PREFIX_PATH=/home/jozef/ros2_ws/install/mocap4r2_robot_gt_msgs:/home/jozef/ros2_ws/install/mocap4r2_msgs:/home/jozef/ros2_ws/install/tb2_slam:/home/jozef/ros2_ws/install/neo_localization2:/home/jozef/ros2_ws/install/mrpt_navigation:/home/jozef/ros2_ws/install/mrpt_tutorials:/home/jozef/ros2_ws/install/mrpt_tps_astar_planner:/home/jozef/ros2_ws/install/mrpt_reactivenav2d:/home/jozef/ros2_ws/install/mrpt_rawlog:/home/jozef/ros2_ws/install/mrpt_pointcloud_pipeline:/home/jozef/ros2_ws/install/mrpt_pf_localization:/home/jozef/ros2_ws/install/mrpt_map_server:/home/jozef/ros2_ws/install/mrpt_nav_interfaces:/home/jozef/ros2_ws/install/mrpt_msgs_bridge:/home/jozef/ros2_ws/install/mrpt_msgs:/home/jozef/ros2_ws/install/tb2_control:/opt/ros/humble LD_LIBRARY_PATH=/home/jozef/ros2_ws/install/mocap4r2_robot_gt_msgs/lib:/home/jozef/ros2_ws/install/mocap4r2_msgs/lib:${LD_LIBRARY_PATH} PYTHONPATH=/home/jozef/ros2_ws/install/mocap4r2_robot_gt_msgs/local/lib/python3.10/dist-packages:/home/jozef/ros2_ws/install/mocap4r2_msgs/local/lib/python3.10/dist-packages:${PYTHONPATH} /usr/bin/cmake /home/jozef/ros2_ws/src/mocap4r2_robot_gt/mocap4r2_robot_gt -DAMENT_CMAKE_SYMLINK_INSTALL=1 -DCMAKE_INSTALL_PREFIX=/home/jozef/ros2_ws/install/mocap4r2_robot_gt
[10.705s] Invoking command in '/home/jozef/ros2_ws/build/mocap4r2_robot_gt': AMENT_PREFIX_PATH=/home/jozef/ros2_ws/install/mocap4r2_robot_gt_msgs:/home/jozef/ros2_ws/install/mocap4r2_msgs:${AMENT_PREFIX_PATH} CMAKE_PREFIX_PATH=/home/jozef/ros2_ws/install/mocap4r2_robot_gt_msgs:/home/jozef/ros2_ws/install/mocap4r2_msgs:/home/jozef/ros2_ws/install/tb2_slam:/home/jozef/ros2_ws/install/neo_localization2:/home/jozef/ros2_ws/install/mrpt_navigation:/home/jozef/ros2_ws/install/mrpt_tutorials:/home/jozef/ros2_ws/install/mrpt_tps_astar_planner:/home/jozef/ros2_ws/install/mrpt_reactivenav2d:/home/jozef/ros2_ws/install/mrpt_rawlog:/home/jozef/ros2_ws/install/mrpt_pointcloud_pipeline:/home/jozef/ros2_ws/install/mrpt_pf_localization:/home/jozef/ros2_ws/install/mrpt_map_server:/home/jozef/ros2_ws/install/mrpt_nav_interfaces:/home/jozef/ros2_ws/install/mrpt_msgs_bridge:/home/jozef/ros2_ws/install/mrpt_msgs:/home/jozef/ros2_ws/install/tb2_control:/opt/ros/humble LD_LIBRARY_PATH=/home/jozef/ros2_ws/install/mocap4r2_robot_gt_msgs/lib:/home/jozef/ros2_ws/install/mocap4r2_msgs/lib:${LD_LIBRARY_PATH} PYTHONPATH=/home/jozef/ros2_ws/install/mocap4r2_robot_gt_msgs/local/lib/python3.10/dist-packages:/home/jozef/ros2_ws/install/mocap4r2_msgs/local/lib/python3.10/dist-packages:${PYTHONPATH} /usr/bin/cmake --build /home/jozef/ros2_ws/build/mocap4r2_robot_gt -- -j8 -l8
[10.952s] [ 12%] [32mBuilding CXX object CMakeFiles/gt_component.dir/src/mocap4r2_robot_gt/gt_component.cpp.o[0m
[11.035s] [ 25%] [32mBuilding CXX object CMakeFiles/set_gt_component.dir/src/mocap4r2_robot_gt/set_gt_component.cpp.o[0m
[28.114s] [ 37%] [32m[1mLinking CXX shared library libset_gt_component.so[0m
[29.055s] [ 37%] Built target set_gt_component
[38.126s] [ 50%] [32m[1mLinking CXX shared library libgt_component.so[0m
[39.338s] [ 50%] Built target gt_component
[39.378s] [ 62%] [32mBuilding CXX object CMakeFiles/set_gt_cli.dir/src/set_gt_cli.cpp.o[0m
[44.496s] [ 75%] [32m[1mLinking CXX executable set_gt_cli[0m
[44.814s] [ 75%] Built target set_gt_cli
[44.858s] [ 87%] [32mBuilding CXX object CMakeFiles/gt_program.dir/src/gt_program.cpp.o[0m
[49.940s] [100%] [32m[1mLinking CXX executable gt_program[0m
[50.611s] [100%] Built target gt_program
[50.644s] Invoked command in '/home/jozef/ros2_ws/build/mocap4r2_robot_gt' returned '0': AMENT_PREFIX_PATH=/home/jozef/ros2_ws/install/mocap4r2_robot_gt_msgs:/home/jozef/ros2_ws/install/mocap4r2_msgs:${AMENT_PREFIX_PATH} CMAKE_PREFIX_PATH=/home/jozef/ros2_ws/install/mocap4r2_robot_gt_msgs:/home/jozef/ros2_ws/install/mocap4r2_msgs:/home/jozef/ros2_ws/install/tb2_slam:/home/jozef/ros2_ws/install/neo_localization2:/home/jozef/ros2_ws/install/mrpt_navigation:/home/jozef/ros2_ws/install/mrpt_tutorials:/home/jozef/ros2_ws/install/mrpt_tps_astar_planner:/home/jozef/ros2_ws/install/mrpt_reactivenav2d:/home/jozef/ros2_ws/install/mrpt_rawlog:/home/jozef/ros2_ws/install/mrpt_pointcloud_pipeline:/home/jozef/ros2_ws/install/mrpt_pf_localization:/home/jozef/ros2_ws/install/mrpt_map_server:/home/jozef/ros2_ws/install/mrpt_nav_interfaces:/home/jozef/ros2_ws/install/mrpt_msgs_bridge:/home/jozef/ros2_ws/install/mrpt_msgs:/home/jozef/ros2_ws/install/tb2_control:/opt/ros/humble LD_LIBRARY_PATH=/home/jozef/ros2_ws/install/mocap4r2_robot_gt_msgs/lib:/home/jozef/ros2_ws/install/mocap4r2_msgs/lib:${LD_LIBRARY_PATH} PYTHONPATH=/home/jozef/ros2_ws/install/mocap4r2_robot_gt_msgs/local/lib/python3.10/dist-packages:/home/jozef/ros2_ws/install/mocap4r2_msgs/local/lib/python3.10/dist-packages:${PYTHONPATH} /usr/bin/cmake --build /home/jozef/ros2_ws/build/mocap4r2_robot_gt -- -j8 -l8
[50.650s] Invoking command in '/home/jozef/ros2_ws/build/mocap4r2_robot_gt': AMENT_PREFIX_PATH=/home/jozef/ros2_ws/install/mocap4r2_robot_gt_msgs:/home/jozef/ros2_ws/install/mocap4r2_msgs:${AMENT_PREFIX_PATH} CMAKE_PREFIX_PATH=/home/jozef/ros2_ws/install/mocap4r2_robot_gt_msgs:/home/jozef/ros2_ws/install/mocap4r2_msgs:/home/jozef/ros2_ws/install/tb2_slam:/home/jozef/ros2_ws/install/neo_localization2:/home/jozef/ros2_ws/install/mrpt_navigation:/home/jozef/ros2_ws/install/mrpt_tutorials:/home/jozef/ros2_ws/install/mrpt_tps_astar_planner:/home/jozef/ros2_ws/install/mrpt_reactivenav2d:/home/jozef/ros2_ws/install/mrpt_rawlog:/home/jozef/ros2_ws/install/mrpt_pointcloud_pipeline:/home/jozef/ros2_ws/install/mrpt_pf_localization:/home/jozef/ros2_ws/install/mrpt_map_server:/home/jozef/ros2_ws/install/mrpt_nav_interfaces:/home/jozef/ros2_ws/install/mrpt_msgs_bridge:/home/jozef/ros2_ws/install/mrpt_msgs:/home/jozef/ros2_ws/install/tb2_control:/opt/ros/humble LD_LIBRARY_PATH=/home/jozef/ros2_ws/install/mocap4r2_robot_gt_msgs/lib:/home/jozef/ros2_ws/install/mocap4r2_msgs/lib:${LD_LIBRARY_PATH} PYTHONPATH=/home/jozef/ros2_ws/install/mocap4r2_robot_gt_msgs/local/lib/python3.10/dist-packages:/home/jozef/ros2_ws/install/mocap4r2_msgs/local/lib/python3.10/dist-packages:${PYTHONPATH} /usr/bin/cmake --install /home/jozef/ros2_ws/build/mocap4r2_robot_gt
[50.662s] -- Install configuration: ""
[50.663s] -- Execute custom install script
[50.664s] -- Symlinking: /home/jozef/ros2_ws/install/mocap4r2_robot_gt/lib/libgt_component.so
[50.681s] -- Symlinking: /home/jozef/ros2_ws/install/mocap4r2_robot_gt/lib/mocap4r2_robot_gt/gt_program
[50.699s] -- Symlinking: /home/jozef/ros2_ws/install/mocap4r2_robot_gt/lib/libset_gt_component.so
[50.726s] -- Symlinking: /home/jozef/ros2_ws/install/mocap4r2_robot_gt/lib/mocap4r2_robot_gt/set_gt_cli
[50.744s] -- Symlinking: /home/jozef/ros2_ws/install/mocap4r2_robot_gt/share/ament_index/resource_index/package_run_dependencies/mocap4r2_robot_gt
[50.761s] -- Symlinking: /home/jozef/ros2_ws/install/mocap4r2_robot_gt/share/ament_index/resource_index/parent_prefix_path/mocap4r2_robot_gt
[50.785s] -- Symlinking: /home/jozef/ros2_ws/install/mocap4r2_robot_gt/share/mocap4r2_robot_gt/environment/ament_prefix_path.sh
[50.801s] -- Symlinking: /home/jozef/ros2_ws/install/mocap4r2_robot_gt/share/mocap4r2_robot_gt/environment/ament_prefix_path.dsv
[50.821s] -- Symlinking: /home/jozef/ros2_ws/install/mocap4r2_robot_gt/share/mocap4r2_robot_gt/environment/path.sh
[50.838s] -- Symlinking: /home/jozef/ros2_ws/install/mocap4r2_robot_gt/share/mocap4r2_robot_gt/environment/path.dsv
[50.853s] -- Symlinking: /home/jozef/ros2_ws/install/mocap4r2_robot_gt/share/mocap4r2_robot_gt/local_setup.bash
[50.869s] -- Symlinking: /home/jozef/ros2_ws/install/mocap4r2_robot_gt/share/mocap4r2_robot_gt/local_setup.sh
[50.885s] -- Symlinking: /home/jozef/ros2_ws/install/mocap4r2_robot_gt/share/mocap4r2_robot_gt/local_setup.zsh
[50.900s] -- Symlinking: /home/jozef/ros2_ws/install/mocap4r2_robot_gt/share/mocap4r2_robot_gt/local_setup.dsv
[50.917s] -- Symlinking: /home/jozef/ros2_ws/install/mocap4r2_robot_gt/share/mocap4r2_robot_gt/package.dsv
[50.934s] -- Symlinking: /home/jozef/ros2_ws/install/mocap4r2_robot_gt/share/ament_index/resource_index/packages/mocap4r2_robot_gt
[50.950s] -- Symlinking: /home/jozef/ros2_ws/install/mocap4r2_robot_gt/share/ament_index/resource_index/rclcpp_components/mocap4r2_robot_gt
[50.966s] -- Symlinking: /home/jozef/ros2_ws/install/mocap4r2_robot_gt/share/mocap4r2_robot_gt/cmake/mocap4r2_robot_gtConfig.cmake
[50.982s] -- Symlinking: /home/jozef/ros2_ws/install/mocap4r2_robot_gt/share/mocap4r2_robot_gt/cmake/mocap4r2_robot_gtConfig-version.cmake
[50.998s] -- Symlinking: /home/jozef/ros2_ws/install/mocap4r2_robot_gt/share/mocap4r2_robot_gt/package.xml
[51.020s] Invoked command in '/home/jozef/ros2_ws/build/mocap4r2_robot_gt' returned '0': AMENT_PREFIX_PATH=/home/jozef/ros2_ws/install/mocap4r2_robot_gt_msgs:/home/jozef/ros2_ws/install/mocap4r2_msgs:${AMENT_PREFIX_PATH} CMAKE_PREFIX_PATH=/home/jozef/ros2_ws/install/mocap4r2_robot_gt_msgs:/home/jozef/ros2_ws/install/mocap4r2_msgs:/home/jozef/ros2_ws/install/tb2_slam:/home/jozef/ros2_ws/install/neo_localization2:/home/jozef/ros2_ws/install/mrpt_navigation:/home/jozef/ros2_ws/install/mrpt_tutorials:/home/jozef/ros2_ws/install/mrpt_tps_astar_planner:/home/jozef/ros2_ws/install/mrpt_reactivenav2d:/home/jozef/ros2_ws/install/mrpt_rawlog:/home/jozef/ros2_ws/install/mrpt_pointcloud_pipeline:/home/jozef/ros2_ws/install/mrpt_pf_localization:/home/jozef/ros2_ws/install/mrpt_map_server:/home/jozef/ros2_ws/install/mrpt_nav_interfaces:/home/jozef/ros2_ws/install/mrpt_msgs_bridge:/home/jozef/ros2_ws/install/mrpt_msgs:/home/jozef/ros2_ws/install/tb2_control:/opt/ros/humble LD_LIBRARY_PATH=/home/jozef/ros2_ws/install/mocap4r2_robot_gt_msgs/lib:/home/jozef/ros2_ws/install/mocap4r2_msgs/lib:${LD_LIBRARY_PATH} PYTHONPATH=/home/jozef/ros2_ws/install/mocap4r2_robot_gt_msgs/local/lib/python3.10/dist-packages:/home/jozef/ros2_ws/install/mocap4r2_msgs/local/lib/python3.10/dist-packages:${PYTHONPATH} /usr/bin/cmake --install /home/jozef/ros2_ws/build/mocap4r2_robot_gt
