[0.083s] Invoking command in '/home/jozef/ros2_ws/build/mocap4r2_robot_gt_msgs': CMAKE_PREFIX_PATH=/opt/ros/humble /usr/bin/cmake --build /home/jozef/ros2_ws/build/mocap4r2_robot_gt_msgs -- -j8 -l8
[0.294s] [  3%] Built target mocap4r2_robot_gt_msgs__cpp
[0.350s] [ 12%] Built target mocap4r2_robot_gt_msgs__rosidl_generator_c
[0.434s] [ 12%] Built target ament_cmake_python_symlink_mocap4r2_robot_gt_msgs
[0.522s] [ 22%] Built target mocap4r2_robot_gt_msgs__rosidl_typesupport_c
[0.526s] [ 32%] Built target mocap4r2_robot_gt_msgs__rosidl_typesupport_cpp
[0.565s] [ 45%] Built target mocap4r2_robot_gt_msgs__rosidl_typesupport_introspection_cpp
[0.566s] [ 51%] Built target mocap4r2_robot_gt_msgs__rosidl_typesupport_fastrtps_cpp
[0.576s] [ 61%] Built target mocap4r2_robot_gt_msgs__rosidl_typesupport_introspection_c
[0.576s] [ 70%] Built target mocap4r2_robot_gt_msgs__rosidl_typesupport_fastrtps_c
[0.701s] [ 70%] Built target mocap4r2_robot_gt_msgs
[0.787s] [ 74%] Built target mocap4r2_robot_gt_msgs__py
[0.937s] [ 80%] Built target mocap4r2_robot_gt_msgs__rosidl_generator_py
[1.068s] [ 87%] Built target mocap4r2_robot_gt_msgs__rosidl_typesupport_fastrtps_c__pyext
[1.089s] [ 93%] Built target mocap4r2_robot_gt_msgs__rosidl_typesupport_introspection_c__pyext
[1.089s] [100%] Built target mocap4r2_robot_gt_msgs__rosidl_typesupport_c__pyext
[1.367s] running egg_info
[1.430s] writing mocap4r2_robot_gt_msgs.egg-info/PKG-INFO
[1.432s] writing dependency_links to mocap4r2_robot_gt_msgs.egg-info/dependency_links.txt
[1.434s] writing top-level names to mocap4r2_robot_gt_msgs.egg-info/top_level.txt
[1.569s] reading manifest file 'mocap4r2_robot_gt_msgs.egg-info/SOURCES.txt'
[1.572s] writing manifest file 'mocap4r2_robot_gt_msgs.egg-info/SOURCES.txt'
[1.691s] [100%] Built target ament_cmake_python_build_mocap4r2_robot_gt_msgs_egg
[1.761s] Invoked command in '/home/jozef/ros2_ws/build/mocap4r2_robot_gt_msgs' returned '0': CMAKE_PREFIX_PATH=/opt/ros/humble /usr/bin/cmake --build /home/jozef/ros2_ws/build/mocap4r2_robot_gt_msgs -- -j8 -l8
[1.798s] Invoking command in '/home/jozef/ros2_ws/build/mocap4r2_robot_gt_msgs': CMAKE_PREFIX_PATH=/opt/ros/humble /usr/bin/cmake --install /home/jozef/ros2_ws/build/mocap4r2_robot_gt_msgs
[1.809s] -- Install configuration: ""
[1.810s] -- Execute custom install script
[1.810s] -- Up-to-date symlink: /home/jozef/ros2_ws/install/mocap4r2_robot_gt_msgs/share/ament_index/resource_index/rosidl_interfaces/mocap4r2_robot_gt_msgs
[1.810s] -- Up-to-date symlink: /home/jozef/ros2_ws/install/mocap4r2_robot_gt_msgs/include/mocap4r2_robot_gt_msgs/mocap4r2_robot_gt_msgs/msg/rosidl_generator_c__visibility_control.h
[1.810s] -- Up-to-date symlink: /home/jozef/ros2_ws/install/mocap4r2_robot_gt_msgs/include/mocap4r2_robot_gt_msgs/mocap4r2_robot_gt_msgs/srv/detail/set_gt_origin__functions.h
[1.818s] -- Up-to-date symlink: /home/jozef/ros2_ws/install/mocap4r2_robot_gt_msgs/include/mocap4r2_robot_gt_msgs/mocap4r2_robot_gt_msgs/srv/detail/set_gt_origin__struct.h
[1.818s] -- Up-to-date symlink: /home/jozef/ros2_ws/install/mocap4r2_robot_gt_msgs/include/mocap4r2_robot_gt_msgs/mocap4r2_robot_gt_msgs/srv/detail/set_gt_origin__type_support.h
[1.819s] -- Up-to-date symlink: /home/jozef/ros2_ws/install/mocap4r2_robot_gt_msgs/include/mocap4r2_robot_gt_msgs/mocap4r2_robot_gt_msgs/srv/set_gt_origin.h
[1.819s] -- Up-to-date symlink: /home/jozef/ros2_ws/install/mocap4r2_robot_gt_msgs/share/mocap4r2_robot_gt_msgs/environment/library_path.sh
[1.819s] -- Up-to-date symlink: /home/jozef/ros2_ws/install/mocap4r2_robot_gt_msgs/share/mocap4r2_robot_gt_msgs/environment/library_path.dsv
[1.819s] -- Up-to-date symlink: /home/jozef/ros2_ws/install/mocap4r2_robot_gt_msgs/include/mocap4r2_robot_gt_msgs/mocap4r2_robot_gt_msgs/msg/rosidl_typesupport_fastrtps_c__visibility_control.h
[1.819s] -- Up-to-date symlink: /home/jozef/ros2_ws/install/mocap4r2_robot_gt_msgs/include/mocap4r2_robot_gt_msgs/mocap4r2_robot_gt_msgs/srv/detail/set_gt_origin__rosidl_typesupport_fastrtps_c.h
[1.819s] -- Up-to-date symlink: /home/jozef/ros2_ws/install/mocap4r2_robot_gt_msgs/include/mocap4r2_robot_gt_msgs/mocap4r2_robot_gt_msgs/msg/rosidl_typesupport_introspection_c__visibility_control.h
[1.819s] -- Up-to-date symlink: /home/jozef/ros2_ws/install/mocap4r2_robot_gt_msgs/include/mocap4r2_robot_gt_msgs/mocap4r2_robot_gt_msgs/srv/detail/set_gt_origin__rosidl_typesupport_introspection_c.h
[1.820s] -- Up-to-date symlink: /home/jozef/ros2_ws/install/mocap4r2_robot_gt_msgs/include/mocap4r2_robot_gt_msgs/mocap4r2_robot_gt_msgs/msg/rosidl_generator_cpp__visibility_control.hpp
[1.823s] -- Up-to-date symlink: /home/jozef/ros2_ws/install/mocap4r2_robot_gt_msgs/include/mocap4r2_robot_gt_msgs/mocap4r2_robot_gt_msgs/srv/detail/set_gt_origin__builder.hpp
[1.823s] -- Up-to-date symlink: /home/jozef/ros2_ws/install/mocap4r2_robot_gt_msgs/include/mocap4r2_robot_gt_msgs/mocap4r2_robot_gt_msgs/srv/detail/set_gt_origin__struct.hpp
[1.824s] -- Up-to-date symlink: /home/jozef/ros2_ws/install/mocap4r2_robot_gt_msgs/include/mocap4r2_robot_gt_msgs/mocap4r2_robot_gt_msgs/srv/detail/set_gt_origin__traits.hpp
[1.824s] -- Up-to-date symlink: /home/jozef/ros2_ws/install/mocap4r2_robot_gt_msgs/include/mocap4r2_robot_gt_msgs/mocap4r2_robot_gt_msgs/srv/detail/set_gt_origin__type_support.hpp
[1.824s] -- Up-to-date symlink: /home/jozef/ros2_ws/install/mocap4r2_robot_gt_msgs/include/mocap4r2_robot_gt_msgs/mocap4r2_robot_gt_msgs/srv/set_gt_origin.hpp
[1.824s] -- Up-to-date symlink: /home/jozef/ros2_ws/install/mocap4r2_robot_gt_msgs/include/mocap4r2_robot_gt_msgs/mocap4r2_robot_gt_msgs/msg/rosidl_typesupport_fastrtps_cpp__visibility_control.h
[1.824s] -- Up-to-date symlink: /home/jozef/ros2_ws/install/mocap4r2_robot_gt_msgs/include/mocap4r2_robot_gt_msgs/mocap4r2_robot_gt_msgs/srv/detail/set_gt_origin__rosidl_typesupport_fastrtps_cpp.hpp
[1.829s] -- Up-to-date symlink: /home/jozef/ros2_ws/install/mocap4r2_robot_gt_msgs/include/mocap4r2_robot_gt_msgs/mocap4r2_robot_gt_msgs/srv/detail/set_gt_origin__rosidl_typesupport_introspection_cpp.hpp
[1.832s] -- Up-to-date symlink: /home/jozef/ros2_ws/install/mocap4r2_robot_gt_msgs/share/mocap4r2_robot_gt_msgs/environment/pythonpath.sh
[1.837s] -- Up-to-date symlink: /home/jozef/ros2_ws/install/mocap4r2_robot_gt_msgs/share/mocap4r2_robot_gt_msgs/environment/pythonpath.dsv
[1.837s] -- Up-to-date symlink: /home/jozef/ros2_ws/install/mocap4r2_robot_gt_msgs/local/lib/python3.10/dist-packages/mocap4r2_robot_gt_msgs-0.0.7-py3.10.egg-info/PKG-INFO
[1.838s] -- Up-to-date symlink: /home/jozef/ros2_ws/install/mocap4r2_robot_gt_msgs/local/lib/python3.10/dist-packages/mocap4r2_robot_gt_msgs-0.0.7-py3.10.egg-info/SOURCES.txt
[1.838s] -- Up-to-date symlink: /home/jozef/ros2_ws/install/mocap4r2_robot_gt_msgs/local/lib/python3.10/dist-packages/mocap4r2_robot_gt_msgs-0.0.7-py3.10.egg-info/dependency_links.txt
[1.838s] -- Up-to-date symlink: /home/jozef/ros2_ws/install/mocap4r2_robot_gt_msgs/local/lib/python3.10/dist-packages/mocap4r2_robot_gt_msgs-0.0.7-py3.10.egg-info/top_level.txt
[1.838s] -- Up-to-date symlink: /home/jozef/ros2_ws/install/mocap4r2_robot_gt_msgs/local/lib/python3.10/dist-packages/mocap4r2_robot_gt_msgs/__init__.py
[1.838s] -- Up-to-date symlink: /home/jozef/ros2_ws/install/mocap4r2_robot_gt_msgs/local/lib/python3.10/dist-packages/mocap4r2_robot_gt_msgs/_mocap4r2_robot_gt_msgs_s.ep.rosidl_typesupport_c.c
[1.838s] -- Up-to-date symlink: /home/jozef/ros2_ws/install/mocap4r2_robot_gt_msgs/local/lib/python3.10/dist-packages/mocap4r2_robot_gt_msgs/_mocap4r2_robot_gt_msgs_s.ep.rosidl_typesupport_fastrtps_c.c
[1.838s] -- Up-to-date symlink: /home/jozef/ros2_ws/install/mocap4r2_robot_gt_msgs/local/lib/python3.10/dist-packages/mocap4r2_robot_gt_msgs/_mocap4r2_robot_gt_msgs_s.ep.rosidl_typesupport_introspection_c.c
[1.838s] -- Up-to-date symlink: /home/jozef/ros2_ws/install/mocap4r2_robot_gt_msgs/local/lib/python3.10/dist-packages/mocap4r2_robot_gt_msgs/libmocap4r2_robot_gt_msgs__rosidl_generator_py.so
[1.839s] -- Up-to-date symlink: /home/jozef/ros2_ws/install/mocap4r2_robot_gt_msgs/local/lib/python3.10/dist-packages/mocap4r2_robot_gt_msgs/mocap4r2_robot_gt_msgs_s__rosidl_typesupport_c.cpython-310-x86_64-linux-gnu.so
[1.839s] -- Up-to-date symlink: /home/jozef/ros2_ws/install/mocap4r2_robot_gt_msgs/local/lib/python3.10/dist-packages/mocap4r2_robot_gt_msgs/mocap4r2_robot_gt_msgs_s__rosidl_typesupport_fastrtps_c.cpython-310-x86_64-linux-gnu.so
[1.839s] -- Up-to-date symlink: /home/jozef/ros2_ws/install/mocap4r2_robot_gt_msgs/local/lib/python3.10/dist-packages/mocap4r2_robot_gt_msgs/mocap4r2_robot_gt_msgs_s__rosidl_typesupport_introspection_c.cpython-310-x86_64-linux-gnu.so
[1.839s] -- Up-to-date symlink: /home/jozef/ros2_ws/install/mocap4r2_robot_gt_msgs/local/lib/python3.10/dist-packages/mocap4r2_robot_gt_msgs/srv/__init__.py
[1.839s] -- Up-to-date symlink: /home/jozef/ros2_ws/install/mocap4r2_robot_gt_msgs/local/lib/python3.10/dist-packages/mocap4r2_robot_gt_msgs/srv/_set_gt_origin.py
[1.839s] -- Up-to-date symlink: /home/jozef/ros2_ws/install/mocap4r2_robot_gt_msgs/local/lib/python3.10/dist-packages/mocap4r2_robot_gt_msgs/srv/_set_gt_origin_s.c
[1.839s] -- Up-to-date symlink: /home/jozef/ros2_ws/install/mocap4r2_robot_gt_msgs/local/lib/python3.10/dist-packages/mocap4r2_robot_gt_msgs/mocap4r2_robot_gt_msgs_s__rosidl_typesupport_fastrtps_c.cpython-310-x86_64-linux-gnu.so
[1.839s] -- Up-to-date symlink: /home/jozef/ros2_ws/install/mocap4r2_robot_gt_msgs/local/lib/python3.10/dist-packages/mocap4r2_robot_gt_msgs/mocap4r2_robot_gt_msgs_s__rosidl_typesupport_introspection_c.cpython-310-x86_64-linux-gnu.so
[1.840s] -- Up-to-date symlink: /home/jozef/ros2_ws/install/mocap4r2_robot_gt_msgs/local/lib/python3.10/dist-packages/mocap4r2_robot_gt_msgs/mocap4r2_robot_gt_msgs_s__rosidl_typesupport_c.cpython-310-x86_64-linux-gnu.so
[1.840s] -- Up-to-date symlink: /home/jozef/ros2_ws/install/mocap4r2_robot_gt_msgs/share/mocap4r2_robot_gt_msgs/srv/SetGTOrigin.idl
[1.840s] -- Up-to-date symlink: /home/jozef/ros2_ws/install/mocap4r2_robot_gt_msgs/share/mocap4r2_robot_gt_msgs/srv/SetGTOrigin.srv
[1.840s] -- Up-to-date symlink: /home/jozef/ros2_ws/install/mocap4r2_robot_gt_msgs/share/mocap4r2_robot_gt_msgs/srv/SetGTOrigin_Request.msg
[1.841s] -- Up-to-date symlink: /home/jozef/ros2_ws/install/mocap4r2_robot_gt_msgs/share/mocap4r2_robot_gt_msgs/srv/SetGTOrigin_Response.msg
[1.842s] -- Up-to-date symlink: /home/jozef/ros2_ws/install/mocap4r2_robot_gt_msgs/share/ament_index/resource_index/package_run_dependencies/mocap4r2_robot_gt_msgs
[1.842s] -- Up-to-date symlink: /home/jozef/ros2_ws/install/mocap4r2_robot_gt_msgs/share/ament_index/resource_index/parent_prefix_path/mocap4r2_robot_gt_msgs
[1.842s] -- Up-to-date symlink: /home/jozef/ros2_ws/install/mocap4r2_robot_gt_msgs/share/mocap4r2_robot_gt_msgs/environment/ament_prefix_path.sh
[1.842s] -- Up-to-date symlink: /home/jozef/ros2_ws/install/mocap4r2_robot_gt_msgs/share/mocap4r2_robot_gt_msgs/environment/ament_prefix_path.dsv
[1.845s] -- Up-to-date symlink: /home/jozef/ros2_ws/install/mocap4r2_robot_gt_msgs/share/mocap4r2_robot_gt_msgs/environment/path.sh
[1.845s] -- Up-to-date symlink: /home/jozef/ros2_ws/install/mocap4r2_robot_gt_msgs/share/mocap4r2_robot_gt_msgs/environment/path.dsv
[1.846s] -- Up-to-date symlink: /home/jozef/ros2_ws/install/mocap4r2_robot_gt_msgs/share/mocap4r2_robot_gt_msgs/local_setup.bash
[1.846s] -- Up-to-date symlink: /home/jozef/ros2_ws/install/mocap4r2_robot_gt_msgs/share/mocap4r2_robot_gt_msgs/local_setup.sh
[1.846s] -- Up-to-date symlink: /home/jozef/ros2_ws/install/mocap4r2_robot_gt_msgs/share/mocap4r2_robot_gt_msgs/local_setup.zsh
[1.846s] -- Up-to-date symlink: /home/jozef/ros2_ws/install/mocap4r2_robot_gt_msgs/share/mocap4r2_robot_gt_msgs/local_setup.dsv
[1.850s] -- Symlinking: /home/jozef/ros2_ws/install/mocap4r2_robot_gt_msgs/share/mocap4r2_robot_gt_msgs/package.dsv
[1.859s] -- Up-to-date symlink: /home/jozef/ros2_ws/install/mocap4r2_robot_gt_msgs/share/ament_index/resource_index/packages/mocap4r2_robot_gt_msgs
[1.859s] -- Up-to-date symlink: /home/jozef/ros2_ws/install/mocap4r2_robot_gt_msgs/share/mocap4r2_robot_gt_msgs/cmake/rosidl_cmake-extras.cmake
[1.859s] -- Up-to-date symlink: /home/jozef/ros2_ws/install/mocap4r2_robot_gt_msgs/share/mocap4r2_robot_gt_msgs/cmake/ament_cmake_export_dependencies-extras.cmake
[1.867s] -- Up-to-date symlink: /home/jozef/ros2_ws/install/mocap4r2_robot_gt_msgs/share/mocap4r2_robot_gt_msgs/cmake/ament_cmake_export_include_directories-extras.cmake
[1.867s] -- Up-to-date symlink: /home/jozef/ros2_ws/install/mocap4r2_robot_gt_msgs/share/mocap4r2_robot_gt_msgs/cmake/ament_cmake_export_libraries-extras.cmake
[1.867s] -- Up-to-date symlink: /home/jozef/ros2_ws/install/mocap4r2_robot_gt_msgs/share/mocap4r2_robot_gt_msgs/cmake/ament_cmake_export_targets-extras.cmake
[1.867s] -- Up-to-date symlink: /home/jozef/ros2_ws/install/mocap4r2_robot_gt_msgs/share/mocap4r2_robot_gt_msgs/cmake/rosidl_cmake_export_typesupport_targets-extras.cmake
[1.868s] -- Up-to-date symlink: /home/jozef/ros2_ws/install/mocap4r2_robot_gt_msgs/share/mocap4r2_robot_gt_msgs/cmake/rosidl_cmake_export_typesupport_libraries-extras.cmake
[1.868s] -- Up-to-date symlink: /home/jozef/ros2_ws/install/mocap4r2_robot_gt_msgs/share/mocap4r2_robot_gt_msgs/cmake/mocap4r2_robot_gt_msgsConfig.cmake
[1.868s] -- Up-to-date symlink: /home/jozef/ros2_ws/install/mocap4r2_robot_gt_msgs/share/mocap4r2_robot_gt_msgs/cmake/mocap4r2_robot_gt_msgsConfig-version.cmake
[1.868s] -- Up-to-date symlink: /home/jozef/ros2_ws/install/mocap4r2_robot_gt_msgs/share/mocap4r2_robot_gt_msgs/package.xml
[1.868s] -- Up-to-date: /home/jozef/ros2_ws/install/mocap4r2_robot_gt_msgs/lib/libmocap4r2_robot_gt_msgs__rosidl_generator_c.so
[1.868s] -- Up-to-date: /home/jozef/ros2_ws/install/mocap4r2_robot_gt_msgs/lib/libmocap4r2_robot_gt_msgs__rosidl_typesupport_fastrtps_c.so
[1.868s] -- Up-to-date: /home/jozef/ros2_ws/install/mocap4r2_robot_gt_msgs/lib/libmocap4r2_robot_gt_msgs__rosidl_typesupport_introspection_c.so
[1.868s] -- Up-to-date: /home/jozef/ros2_ws/install/mocap4r2_robot_gt_msgs/lib/libmocap4r2_robot_gt_msgs__rosidl_typesupport_c.so
[1.869s] -- Up-to-date: /home/jozef/ros2_ws/install/mocap4r2_robot_gt_msgs/lib/libmocap4r2_robot_gt_msgs__rosidl_typesupport_fastrtps_cpp.so
[1.869s] -- Up-to-date: /home/jozef/ros2_ws/install/mocap4r2_robot_gt_msgs/lib/libmocap4r2_robot_gt_msgs__rosidl_typesupport_introspection_cpp.so
[1.869s] -- Up-to-date: /home/jozef/ros2_ws/install/mocap4r2_robot_gt_msgs/lib/libmocap4r2_robot_gt_msgs__rosidl_typesupport_cpp.so
[1.946s] Listing '/home/jozef/ros2_ws/install/mocap4r2_robot_gt_msgs/local/lib/python3.10/dist-packages/mocap4r2_robot_gt_msgs'...
[1.947s] Listing '/home/jozef/ros2_ws/install/mocap4r2_robot_gt_msgs/local/lib/python3.10/dist-packages/mocap4r2_robot_gt_msgs/srv'...
[1.963s] -- Up-to-date: /home/jozef/ros2_ws/install/mocap4r2_robot_gt_msgs/lib/libmocap4r2_robot_gt_msgs__rosidl_generator_py.so
[1.965s] -- Up-to-date: /home/jozef/ros2_ws/install/mocap4r2_robot_gt_msgs/share/mocap4r2_robot_gt_msgs/cmake/export_mocap4r2_robot_gt_msgs__rosidl_generator_cExport.cmake
[1.965s] -- Up-to-date: /home/jozef/ros2_ws/install/mocap4r2_robot_gt_msgs/share/mocap4r2_robot_gt_msgs/cmake/export_mocap4r2_robot_gt_msgs__rosidl_generator_cExport-noconfig.cmake
[1.965s] -- Up-to-date: /home/jozef/ros2_ws/install/mocap4r2_robot_gt_msgs/share/mocap4r2_robot_gt_msgs/cmake/export_mocap4r2_robot_gt_msgs__rosidl_typesupport_fastrtps_cExport.cmake
[1.965s] -- Up-to-date: /home/jozef/ros2_ws/install/mocap4r2_robot_gt_msgs/share/mocap4r2_robot_gt_msgs/cmake/export_mocap4r2_robot_gt_msgs__rosidl_typesupport_fastrtps_cExport-noconfig.cmake
[1.968s] -- Up-to-date: /home/jozef/ros2_ws/install/mocap4r2_robot_gt_msgs/share/mocap4r2_robot_gt_msgs/cmake/mocap4r2_robot_gt_msgs__rosidl_typesupport_introspection_cExport.cmake
[1.968s] -- Up-to-date: /home/jozef/ros2_ws/install/mocap4r2_robot_gt_msgs/share/mocap4r2_robot_gt_msgs/cmake/mocap4r2_robot_gt_msgs__rosidl_typesupport_introspection_cExport-noconfig.cmake
[1.968s] -- Up-to-date: /home/jozef/ros2_ws/install/mocap4r2_robot_gt_msgs/share/mocap4r2_robot_gt_msgs/cmake/mocap4r2_robot_gt_msgs__rosidl_typesupport_cExport.cmake
[1.969s] -- Up-to-date: /home/jozef/ros2_ws/install/mocap4r2_robot_gt_msgs/share/mocap4r2_robot_gt_msgs/cmake/mocap4r2_robot_gt_msgs__rosidl_typesupport_cExport-noconfig.cmake
[1.972s] -- Up-to-date: /home/jozef/ros2_ws/install/mocap4r2_robot_gt_msgs/share/mocap4r2_robot_gt_msgs/cmake/export_mocap4r2_robot_gt_msgs__rosidl_generator_cppExport.cmake
[1.972s] -- Up-to-date: /home/jozef/ros2_ws/install/mocap4r2_robot_gt_msgs/share/mocap4r2_robot_gt_msgs/cmake/export_mocap4r2_robot_gt_msgs__rosidl_typesupport_fastrtps_cppExport.cmake
[1.972s] -- Up-to-date: /home/jozef/ros2_ws/install/mocap4r2_robot_gt_msgs/share/mocap4r2_robot_gt_msgs/cmake/export_mocap4r2_robot_gt_msgs__rosidl_typesupport_fastrtps_cppExport-noconfig.cmake
[1.972s] -- Up-to-date: /home/jozef/ros2_ws/install/mocap4r2_robot_gt_msgs/share/mocap4r2_robot_gt_msgs/cmake/mocap4r2_robot_gt_msgs__rosidl_typesupport_introspection_cppExport.cmake
[1.972s] -- Up-to-date: /home/jozef/ros2_ws/install/mocap4r2_robot_gt_msgs/share/mocap4r2_robot_gt_msgs/cmake/mocap4r2_robot_gt_msgs__rosidl_typesupport_introspection_cppExport-noconfig.cmake
[1.972s] -- Up-to-date: /home/jozef/ros2_ws/install/mocap4r2_robot_gt_msgs/share/mocap4r2_robot_gt_msgs/cmake/mocap4r2_robot_gt_msgs__rosidl_typesupport_cppExport.cmake
[1.972s] -- Up-to-date: /home/jozef/ros2_ws/install/mocap4r2_robot_gt_msgs/share/mocap4r2_robot_gt_msgs/cmake/mocap4r2_robot_gt_msgs__rosidl_typesupport_cppExport-noconfig.cmake
[1.973s] -- Up-to-date: /home/jozef/ros2_ws/install/mocap4r2_robot_gt_msgs/share/mocap4r2_robot_gt_msgs/cmake/export_mocap4r2_robot_gt_msgs__rosidl_generator_pyExport.cmake
[1.975s] -- Up-to-date: /home/jozef/ros2_ws/install/mocap4r2_robot_gt_msgs/share/mocap4r2_robot_gt_msgs/cmake/export_mocap4r2_robot_gt_msgs__rosidl_generator_pyExport-noconfig.cmake
[2.042s] Invoked command in '/home/jozef/ros2_ws/build/mocap4r2_robot_gt_msgs' returned '0': CMAKE_PREFIX_PATH=/opt/ros/humble /usr/bin/cmake --install /home/jozef/ros2_ws/build/mocap4r2_robot_gt_msgs
