-- Found ament_cmake: 1.3.11 (/opt/ros/humble/share/ament_cmake/cmake)
-- Found Python3: /usr/bin/python3 (found version "3.10.12") found components: Interpreter 
-- Override CMake install command with custom implementation using symlinks instead of copying resources
-- Found nav_msgs: 4.2.4 (/opt/ros/humble/share/nav_msgs/cmake)
-- Found rosidl_generator_c: 3.1.6 (/opt/ros/humble/share/rosidl_generator_c/cmake)
-- Found rosidl_adapter: 3.1.6 (/opt/ros/humble/share/rosidl_adapter/cmake)
-- Found rosidl_generator_cpp: 3.1.6 (/opt/ros/humble/share/rosidl_generator_cpp/cmake)
-- Using all available rosidl_typesupport_c: rosidl_typesupport_fastrtps_c;rosidl_typesupport_introspection_c
-- Using all available rosidl_typesupport_cpp: rosidl_typesupport_fastrtps_cpp;rosidl_typesupport_introspection_cpp
-- Found rclcpp: 16.0.11 (/opt/ros/humble/share/rclcpp/cmake)
-- Found rmw_implementation_cmake: 6.1.2 (/opt/ros/humble/share/rmw_implementation_cmake/cmake)
-- Found rmw_fastrtps_cpp: 6.2.7 (/opt/ros/humble/share/rmw_fastrtps_cpp/cmake)
-- Found OpenSSL: /usr/lib/x86_64-linux-gnu/libcrypto.so (found version "3.0.2")  
-- Found FastRTPS: /opt/ros/humble/include  
-- Using RMW implementation 'rmw_fastrtps_cpp' as default
-- Looking for pthread.h
-- Looking for pthread.h - found
-- Performing Test CMAKE_HAVE_LIBC_PTHREAD
-- Performing Test CMAKE_HAVE_LIBC_PTHREAD - Success
-- Found Threads: TRUE  
-- Found tf2_eigen: 0.25.9 (/opt/ros/humble/share/tf2_eigen/cmake)
-- Found tf2_sensor_msgs: 0.25.9 (/opt/ros/humble/share/tf2_sensor_msgs/cmake)
-- Found tf2_geometry_msgs: 0.25.9 (/opt/ros/humble/share/tf2_geometry_msgs/cmake)
-- Found Eigen3: TRUE (found version "3.4.0") 
-- Ensuring Eigen3 include directory is part of orocos-kdl CMake target
-- Found angles: 1.15.0 (/opt/ros/humble/share/angles/cmake)
-- Configuring done
-- Generating done
-- Build files have been written to: /home/jozef/ros2_ws/build/neo_localization2
[ 50%] [32mBuilding CXX object CMakeFiles/neo_localization_node.dir/src/neo_localization_node.cpp.o[0m
[100%] [32m[1mLinking CXX executable neo_localization_node[0m
[100%] Built target neo_localization_node
-- Install configuration: "Release"
-- Execute custom install script
-- Symlinking: /home/jozef/ros2_ws/install/neo_localization2/share/neo_localization2/environment/library_path.sh
-- Symlinking: /home/jozef/ros2_ws/install/neo_localization2/share/neo_localization2/environment/library_path.dsv
-- Symlinking: /home/jozef/ros2_ws/install/neo_localization2/include//neo_localization/Convert.h
-- Symlinking: /home/jozef/ros2_ws/install/neo_localization2/include//neo_localization/GridMap.h
-- Symlinking: /home/jozef/ros2_ws/install/neo_localization2/include//neo_localization/Matrix.h
-- Symlinking: /home/jozef/ros2_ws/install/neo_localization2/include//neo_localization/Solver.h
-- Symlinking: /home/jozef/ros2_ws/install/neo_localization2/include//neo_localization/Util.h
-- Symlinking: /home/jozef/ros2_ws/install/neo_localization2/lib/neo_localization2/neo_localization_node
-- Symlinking: /home/jozef/ros2_ws/install/neo_localization2/share/neo_localization2/launch/test_setup.launch.py
-- Symlinking: /home/jozef/ros2_ws/install/neo_localization2/share/neo_localization2/launch/test_setup.yaml
-- Symlinking: /home/jozef/ros2_ws/install/neo_localization2/share/ament_index/resource_index/package_run_dependencies/neo_localization2
-- Symlinking: /home/jozef/ros2_ws/install/neo_localization2/share/ament_index/resource_index/parent_prefix_path/neo_localization2
-- Symlinking: /home/jozef/ros2_ws/install/neo_localization2/share/neo_localization2/environment/ament_prefix_path.sh
-- Symlinking: /home/jozef/ros2_ws/install/neo_localization2/share/neo_localization2/environment/ament_prefix_path.dsv
-- Symlinking: /home/jozef/ros2_ws/install/neo_localization2/share/neo_localization2/environment/path.sh
-- Symlinking: /home/jozef/ros2_ws/install/neo_localization2/share/neo_localization2/environment/path.dsv
-- Symlinking: /home/jozef/ros2_ws/install/neo_localization2/share/neo_localization2/local_setup.bash
-- Symlinking: /home/jozef/ros2_ws/install/neo_localization2/share/neo_localization2/local_setup.sh
-- Symlinking: /home/jozef/ros2_ws/install/neo_localization2/share/neo_localization2/local_setup.zsh
-- Symlinking: /home/jozef/ros2_ws/install/neo_localization2/share/neo_localization2/local_setup.dsv
-- Symlinking: /home/jozef/ros2_ws/install/neo_localization2/share/neo_localization2/package.dsv
-- Symlinking: /home/jozef/ros2_ws/install/neo_localization2/share/ament_index/resource_index/packages/neo_localization2
-- Symlinking: /home/jozef/ros2_ws/install/neo_localization2/share/neo_localization2/cmake/ament_cmake_export_include_directories-extras.cmake
-- Symlinking: /home/jozef/ros2_ws/install/neo_localization2/share/neo_localization2/cmake/ament_cmake_export_libraries-extras.cmake
-- Symlinking: /home/jozef/ros2_ws/install/neo_localization2/share/neo_localization2/cmake/ament_cmake_export_dependencies-extras.cmake
-- Symlinking: /home/jozef/ros2_ws/install/neo_localization2/share/neo_localization2/cmake/neo_localization2Config.cmake
-- Symlinking: /home/jozef/ros2_ws/install/neo_localization2/share/neo_localization2/cmake/neo_localization2Config-version.cmake
-- Symlinking: /home/jozef/ros2_ws/install/neo_localization2/share/neo_localization2/package.xml
