[0.054s] Invoking command in '/home/jozef/ros2_ws/build/mrpt_map_server': CMAKE_PREFIX_PATH=/home/jozef/ros2_ws/install/mrpt_nav_interfaces:/home/jozef/ros2_ws/install/mrpt_msgs:/home/jozef/ros2_ws/install/tb2_slam:/home/jozef/ros2_ws/install/neo_localization2:/home/jozef/ros2_ws/install/mrpt_navigation:/home/jozef/ros2_ws/install/mrpt_tutorials:/home/jozef/ros2_ws/install/mrpt_tps_astar_planner:/home/jozef/ros2_ws/install/mrpt_reactivenav2d:/home/jozef/ros2_ws/install/mrpt_rawlog:/home/jozef/ros2_ws/install/mrpt_pointcloud_pipeline:/home/jozef/ros2_ws/install/mrpt_pf_localization:/home/jozef/ros2_ws/install/mrpt_map_server:/home/jozef/ros2_ws/install/mrpt_msgs_bridge:/home/jozef/ros2_ws/install/tb2_control:/opt/ros/humble LD_LIBRARY_PATH=/home/jozef/ros2_ws/install/mrpt_nav_interfaces/lib:/home/jozef/ros2_ws/install/mrpt_msgs/lib:/home/jozef/ros2_ws/install/neo_localization2/lib:/home/jozef/ros2_ws/install/mrpt_pointcloud_pipeline/lib:/home/jozef/ros2_ws/install/mrpt_pf_localization/lib:/opt/ros/humble/opt/rviz_ogre_vendor/lib:/opt/ros/humble/lib/x86_64-linux-gnu:/opt/ros/humble/lib /usr/bin/cmake --build /home/jozef/ros2_ws/build/mrpt_map_server -- -j8 -l8
[0.187s] [35m[1mConsolidate compiler generated dependencies of target map_server_node[0m
[0.236s] [100%] Built target map_server_node
[0.269s] Invoked command in '/home/jozef/ros2_ws/build/mrpt_map_server' returned '0': CMAKE_PREFIX_PATH=/home/jozef/ros2_ws/install/mrpt_nav_interfaces:/home/jozef/ros2_ws/install/mrpt_msgs:/home/jozef/ros2_ws/install/tb2_slam:/home/jozef/ros2_ws/install/neo_localization2:/home/jozef/ros2_ws/install/mrpt_navigation:/home/jozef/ros2_ws/install/mrpt_tutorials:/home/jozef/ros2_ws/install/mrpt_tps_astar_planner:/home/jozef/ros2_ws/install/mrpt_reactivenav2d:/home/jozef/ros2_ws/install/mrpt_rawlog:/home/jozef/ros2_ws/install/mrpt_pointcloud_pipeline:/home/jozef/ros2_ws/install/mrpt_pf_localization:/home/jozef/ros2_ws/install/mrpt_map_server:/home/jozef/ros2_ws/install/mrpt_msgs_bridge:/home/jozef/ros2_ws/install/tb2_control:/opt/ros/humble LD_LIBRARY_PATH=/home/jozef/ros2_ws/install/mrpt_nav_interfaces/lib:/home/jozef/ros2_ws/install/mrpt_msgs/lib:/home/jozef/ros2_ws/install/neo_localization2/lib:/home/jozef/ros2_ws/install/mrpt_pointcloud_pipeline/lib:/home/jozef/ros2_ws/install/mrpt_pf_localization/lib:/opt/ros/humble/opt/rviz_ogre_vendor/lib:/opt/ros/humble/lib/x86_64-linux-gnu:/opt/ros/humble/lib /usr/bin/cmake --build /home/jozef/ros2_ws/build/mrpt_map_server -- -j8 -l8
[0.279s] Invoking command in '/home/jozef/ros2_ws/build/mrpt_map_server': CMAKE_PREFIX_PATH=/home/jozef/ros2_ws/install/mrpt_nav_interfaces:/home/jozef/ros2_ws/install/mrpt_msgs:/home/jozef/ros2_ws/install/tb2_slam:/home/jozef/ros2_ws/install/neo_localization2:/home/jozef/ros2_ws/install/mrpt_navigation:/home/jozef/ros2_ws/install/mrpt_tutorials:/home/jozef/ros2_ws/install/mrpt_tps_astar_planner:/home/jozef/ros2_ws/install/mrpt_reactivenav2d:/home/jozef/ros2_ws/install/mrpt_rawlog:/home/jozef/ros2_ws/install/mrpt_pointcloud_pipeline:/home/jozef/ros2_ws/install/mrpt_pf_localization:/home/jozef/ros2_ws/install/mrpt_map_server:/home/jozef/ros2_ws/install/mrpt_msgs_bridge:/home/jozef/ros2_ws/install/tb2_control:/opt/ros/humble LD_LIBRARY_PATH=/home/jozef/ros2_ws/install/mrpt_nav_interfaces/lib:/home/jozef/ros2_ws/install/mrpt_msgs/lib:/home/jozef/ros2_ws/install/neo_localization2/lib:/home/jozef/ros2_ws/install/mrpt_pointcloud_pipeline/lib:/home/jozef/ros2_ws/install/mrpt_pf_localization/lib:/opt/ros/humble/opt/rviz_ogre_vendor/lib:/opt/ros/humble/lib/x86_64-linux-gnu:/opt/ros/humble/lib /usr/bin/cmake --install /home/jozef/ros2_ws/build/mrpt_map_server
[1.562s] -- Install configuration: ""
[1.562s] -- Execute custom install script
[1.562s] -- Up-to-date symlink: /home/jozef/ros2_ws/install/mrpt_map_server/lib/mrpt_map_server/map_server_node
[1.562s] -- Up-to-date symlink: /home/jozef/ros2_ws/install/mrpt_map_server/share/mrpt_map_server/launch/mrpt_map_server.launch.py
[1.562s] -- Up-to-date symlink: /home/jozef/ros2_ws/install/mrpt_map_server/share/mrpt_map_server/params/README.md
[1.562s] -- Up-to-date symlink: /home/jozef/ros2_ws/install/mrpt_map_server/share/mrpt_map_server/params/metric-map-gridmap.ini
[1.562s] -- Up-to-date symlink: /home/jozef/ros2_ws/install/mrpt_map_server/share/ament_index/resource_index/package_run_dependencies/mrpt_map_server
[1.562s] -- Up-to-date symlink: /home/jozef/ros2_ws/install/mrpt_map_server/share/ament_index/resource_index/parent_prefix_path/mrpt_map_server
[1.563s] -- Up-to-date symlink: /home/jozef/ros2_ws/install/mrpt_map_server/share/mrpt_map_server/environment/ament_prefix_path.sh
[1.563s] -- Up-to-date symlink: /home/jozef/ros2_ws/install/mrpt_map_server/share/mrpt_map_server/environment/ament_prefix_path.dsv
[1.563s] -- Up-to-date symlink: /home/jozef/ros2_ws/install/mrpt_map_server/share/mrpt_map_server/environment/path.sh
[1.563s] -- Up-to-date symlink: /home/jozef/ros2_ws/install/mrpt_map_server/share/mrpt_map_server/environment/path.dsv
[1.563s] -- Up-to-date symlink: /home/jozef/ros2_ws/install/mrpt_map_server/share/mrpt_map_server/local_setup.bash
[1.564s] -- Up-to-date symlink: /home/jozef/ros2_ws/install/mrpt_map_server/share/mrpt_map_server/local_setup.sh
[1.564s] -- Up-to-date symlink: /home/jozef/ros2_ws/install/mrpt_map_server/share/mrpt_map_server/local_setup.zsh
[1.564s] -- Up-to-date symlink: /home/jozef/ros2_ws/install/mrpt_map_server/share/mrpt_map_server/local_setup.dsv
[1.564s] -- Symlinking: /home/jozef/ros2_ws/install/mrpt_map_server/share/mrpt_map_server/package.dsv
[1.564s] -- Up-to-date symlink: /home/jozef/ros2_ws/install/mrpt_map_server/share/ament_index/resource_index/packages/mrpt_map_server
[1.564s] -- Up-to-date symlink: /home/jozef/ros2_ws/install/mrpt_map_server/share/mrpt_map_server/cmake/mrpt_map_serverConfig.cmake
[1.565s] -- Up-to-date symlink: /home/jozef/ros2_ws/install/mrpt_map_server/share/mrpt_map_server/cmake/mrpt_map_serverConfig-version.cmake
[1.565s] -- Up-to-date symlink: /home/jozef/ros2_ws/install/mrpt_map_server/share/mrpt_map_server/package.xml
[1.657s] Invoked command in '/home/jozef/ros2_ws/build/mrpt_map_server' returned '0': CMAKE_PREFIX_PATH=/home/jozef/ros2_ws/install/mrpt_nav_interfaces:/home/jozef/ros2_ws/install/mrpt_msgs:/home/jozef/ros2_ws/install/tb2_slam:/home/jozef/ros2_ws/install/neo_localization2:/home/jozef/ros2_ws/install/mrpt_navigation:/home/jozef/ros2_ws/install/mrpt_tutorials:/home/jozef/ros2_ws/install/mrpt_tps_astar_planner:/home/jozef/ros2_ws/install/mrpt_reactivenav2d:/home/jozef/ros2_ws/install/mrpt_rawlog:/home/jozef/ros2_ws/install/mrpt_pointcloud_pipeline:/home/jozef/ros2_ws/install/mrpt_pf_localization:/home/jozef/ros2_ws/install/mrpt_map_server:/home/jozef/ros2_ws/install/mrpt_msgs_bridge:/home/jozef/ros2_ws/install/tb2_control:/opt/ros/humble LD_LIBRARY_PATH=/home/jozef/ros2_ws/install/mrpt_nav_interfaces/lib:/home/jozef/ros2_ws/install/mrpt_msgs/lib:/home/jozef/ros2_ws/install/neo_localization2/lib:/home/jozef/ros2_ws/install/mrpt_pointcloud_pipeline/lib:/home/jozef/ros2_ws/install/mrpt_pf_localization/lib:/opt/ros/humble/opt/rviz_ogre_vendor/lib:/opt/ros/humble/lib/x86_64-linux-gnu:/opt/ros/humble/lib /usr/bin/cmake --install /home/jozef/ros2_ws/build/mrpt_map_server
