[100%] Built target mrpt_reactivenav2d_node
-- Install configuration: ""
-- Execute custom install script
-- Up-to-date symlink: /home/jozef/ros2_ws/install/mrpt_reactivenav2d/lib/mrpt_reactivenav2d/mrpt_reactivenav2d_node
-- Up-to-date symlink: /home/jozef/ros2_ws/install/mrpt_reactivenav2d/share/mrpt_reactivenav2d/launch/rnav.launch.py
-- Up-to-date symlink: /home/jozef/ros2_ws/install/mrpt_reactivenav2d/share/mrpt_reactivenav2d/params/reactive2d_default.ini
-- Up-to-date symlink: /home/jozef/ros2_ws/install/mrpt_reactivenav2d/share/ament_index/resource_index/package_run_dependencies/mrpt_reactivenav2d
-- Up-to-date symlink: /home/jozef/ros2_ws/install/mrpt_reactivenav2d/share/ament_index/resource_index/parent_prefix_path/mrpt_reactivenav2d
-- Up-to-date symlink: /home/jozef/ros2_ws/install/mrpt_reactivenav2d/share/mrpt_reactivenav2d/environment/ament_prefix_path.sh
-- Up-to-date symlink: /home/jozef/ros2_ws/install/mrpt_reactivenav2d/share/mrpt_reactivenav2d/environment/ament_prefix_path.dsv
-- Up-to-date symlink: /home/jozef/ros2_ws/install/mrpt_reactivenav2d/share/mrpt_reactivenav2d/environment/path.sh
-- Up-to-date symlink: /home/jozef/ros2_ws/install/mrpt_reactivenav2d/share/mrpt_reactivenav2d/environment/path.dsv
-- Up-to-date symlink: /home/jozef/ros2_ws/install/mrpt_reactivenav2d/share/mrpt_reactivenav2d/local_setup.bash
-- Up-to-date symlink: /home/jozef/ros2_ws/install/mrpt_reactivenav2d/share/mrpt_reactivenav2d/local_setup.sh
-- Up-to-date symlink: /home/jozef/ros2_ws/install/mrpt_reactivenav2d/share/mrpt_reactivenav2d/local_setup.zsh
-- Up-to-date symlink: /home/jozef/ros2_ws/install/mrpt_reactivenav2d/share/mrpt_reactivenav2d/local_setup.dsv
-- Symlinking: /home/jozef/ros2_ws/install/mrpt_reactivenav2d/share/mrpt_reactivenav2d/package.dsv
-- Up-to-date symlink: /home/jozef/ros2_ws/install/mrpt_reactivenav2d/share/ament_index/resource_index/packages/mrpt_reactivenav2d
-- Up-to-date symlink: /home/jozef/ros2_ws/install/mrpt_reactivenav2d/share/mrpt_reactivenav2d/cmake/mrpt_reactivenav2dConfig.cmake
-- Up-to-date symlink: /home/jozef/ros2_ws/install/mrpt_reactivenav2d/share/mrpt_reactivenav2d/cmake/mrpt_reactivenav2dConfig-version.cmake
-- Up-to-date symlink: /home/jozef/ros2_ws/install/mrpt_reactivenav2d/share/mrpt_reactivenav2d/package.xml
