[0.116s] Invoking command in '/home/jozef/ros2_ws/build/mrpt_msgs': CMAKE_PREFIX_PATH=/home/jozef/ros2_ws/install/tb2_slam:/home/jozef/ros2_ws/install/rqt_mocap4r2_control:/home/jozef/ros2_ws/install/neo_localization2:/home/jozef/ros2_ws/install/mrpt_navigation:/home/jozef/ros2_ws/install/mrpt_tutorials:/home/jozef/ros2_ws/install/mrpt_tps_astar_planner:/home/jozef/ros2_ws/install/mrpt_reactivenav2d:/home/jozef/ros2_ws/install/mrpt_rawlog:/home/jozef/ros2_ws/install/mrpt_pointcloud_pipeline:/home/jozef/ros2_ws/install/mrpt_pf_localization:/home/jozef/ros2_ws/install/mrpt_map_server:/home/jozef/ros2_ws/install/mrpt_nav_interfaces:/home/jozef/ros2_ws/install/mrpt_msgs_bridge:/home/jozef/ros2_ws/install/tb2_control:/home/jozef/ros2_ws/install/tb2_bringup:/home/jozef/ros2_ws/install/mocap4r2cli:/home/jozef/ros2_ws/install/localization_benchmarking:/opt/ros/humble:/home/jozef/ros2_ws/install/mrpt_msgs:/home/jozef/ros2_ws/install/mocap4r2_robot_gt:/home/jozef/ros2_ws/install/mocap4r2_robot_gt_msgs:/home/jozef/ros2_ws/install/mocap4r2_optitrack_driver:/home/jozef/ros2_ws/install/mocap4r2_marker_viz:/home/jozef/ros2_ws/install/mocap4r2_marker_publisher:/home/jozef/ros2_ws/install/mocap4r2_dummy_driver:/home/jozef/ros2_ws/install/mocap4r2_msgs:/home/jozef/ros2_ws/install/mocap4r2_marker_viz_srvs:/home/jozef/ros2_ws/install/mocap4r2_control:/home/jozef/ros2_ws/install/mocap4r2_control_msgs:/home/jozef/ros2_ws/install/message_filters /usr/bin/cmake --build /home/jozef/ros2_ws/build/mrpt_msgs -- -j8 -l8
[0.382s] [  0%] Built target ament_cmake_python_symlink_mrpt_msgs
[0.412s] [  0%] Built target mrpt_msgs__cpp
[0.435s] [ 12%] Built target mrpt_msgs__rosidl_generator_c
[0.691s] [ 24%] Built target mrpt_msgs__rosidl_typesupport_introspection_c
[0.704s] [ 36%] Built target mrpt_msgs__rosidl_typesupport_c
[0.708s] [ 48%] Built target mrpt_msgs__rosidl_typesupport_fastrtps_c
[0.725s] [ 60%] Built target mrpt_msgs__rosidl_typesupport_cpp
[0.730s] [ 72%] Built target mrpt_msgs__rosidl_typesupport_introspection_cpp
[0.743s] [ 84%] Built target mrpt_msgs__rosidl_typesupport_fastrtps_cpp
[0.861s] [ 84%] Built target mrpt_msgs
[1.003s] [ 85%] Built target mrpt_msgs__py
[1.178s] [ 96%] Built target mrpt_msgs__rosidl_generator_py
[1.286s] [ 97%] Built target mrpt_msgs__rosidl_typesupport_fastrtps_c__pyext
[1.309s] [ 99%] Built target mrpt_msgs__rosidl_typesupport_introspection_c__pyext
[1.313s] [100%] Built target mrpt_msgs__rosidl_typesupport_c__pyext
[1.617s] running egg_info
[1.677s] writing mrpt_msgs.egg-info/PKG-INFO
[1.678s] writing dependency_links to mrpt_msgs.egg-info/dependency_links.txt
[1.680s] writing top-level names to mrpt_msgs.egg-info/top_level.txt
[1.936s] reading manifest file 'mrpt_msgs.egg-info/SOURCES.txt'
[1.942s] writing manifest file 'mrpt_msgs.egg-info/SOURCES.txt'
[2.069s] [100%] Built target ament_cmake_python_build_mrpt_msgs_egg
[2.115s] Invoked command in '/home/jozef/ros2_ws/build/mrpt_msgs' returned '0': CMAKE_PREFIX_PATH=/home/jozef/ros2_ws/install/tb2_slam:/home/jozef/ros2_ws/install/rqt_mocap4r2_control:/home/jozef/ros2_ws/install/neo_localization2:/home/jozef/ros2_ws/install/mrpt_navigation:/home/jozef/ros2_ws/install/mrpt_tutorials:/home/jozef/ros2_ws/install/mrpt_tps_astar_planner:/home/jozef/ros2_ws/install/mrpt_reactivenav2d:/home/jozef/ros2_ws/install/mrpt_rawlog:/home/jozef/ros2_ws/install/mrpt_pointcloud_pipeline:/home/jozef/ros2_ws/install/mrpt_pf_localization:/home/jozef/ros2_ws/install/mrpt_map_server:/home/jozef/ros2_ws/install/mrpt_nav_interfaces:/home/jozef/ros2_ws/install/mrpt_msgs_bridge:/home/jozef/ros2_ws/install/tb2_control:/home/jozef/ros2_ws/install/tb2_bringup:/home/jozef/ros2_ws/install/mocap4r2cli:/home/jozef/ros2_ws/install/localization_benchmarking:/opt/ros/humble:/home/jozef/ros2_ws/install/mrpt_msgs:/home/jozef/ros2_ws/install/mocap4r2_robot_gt:/home/jozef/ros2_ws/install/mocap4r2_robot_gt_msgs:/home/jozef/ros2_ws/install/mocap4r2_optitrack_driver:/home/jozef/ros2_ws/install/mocap4r2_marker_viz:/home/jozef/ros2_ws/install/mocap4r2_marker_publisher:/home/jozef/ros2_ws/install/mocap4r2_dummy_driver:/home/jozef/ros2_ws/install/mocap4r2_msgs:/home/jozef/ros2_ws/install/mocap4r2_marker_viz_srvs:/home/jozef/ros2_ws/install/mocap4r2_control:/home/jozef/ros2_ws/install/mocap4r2_control_msgs:/home/jozef/ros2_ws/install/message_filters /usr/bin/cmake --build /home/jozef/ros2_ws/build/mrpt_msgs -- -j8 -l8
[2.118s] Invoking command in '/home/jozef/ros2_ws/build/mrpt_msgs': CMAKE_PREFIX_PATH=/home/jozef/ros2_ws/install/tb2_slam:/home/jozef/ros2_ws/install/rqt_mocap4r2_control:/home/jozef/ros2_ws/install/neo_localization2:/home/jozef/ros2_ws/install/mrpt_navigation:/home/jozef/ros2_ws/install/mrpt_tutorials:/home/jozef/ros2_ws/install/mrpt_tps_astar_planner:/home/jozef/ros2_ws/install/mrpt_reactivenav2d:/home/jozef/ros2_ws/install/mrpt_rawlog:/home/jozef/ros2_ws/install/mrpt_pointcloud_pipeline:/home/jozef/ros2_ws/install/mrpt_pf_localization:/home/jozef/ros2_ws/install/mrpt_map_server:/home/jozef/ros2_ws/install/mrpt_nav_interfaces:/home/jozef/ros2_ws/install/mrpt_msgs_bridge:/home/jozef/ros2_ws/install/tb2_control:/home/jozef/ros2_ws/install/tb2_bringup:/home/jozef/ros2_ws/install/mocap4r2cli:/home/jozef/ros2_ws/install/localization_benchmarking:/opt/ros/humble:/home/jozef/ros2_ws/install/mrpt_msgs:/home/jozef/ros2_ws/install/mocap4r2_robot_gt:/home/jozef/ros2_ws/install/mocap4r2_robot_gt_msgs:/home/jozef/ros2_ws/install/mocap4r2_optitrack_driver:/home/jozef/ros2_ws/install/mocap4r2_marker_viz:/home/jozef/ros2_ws/install/mocap4r2_marker_publisher:/home/jozef/ros2_ws/install/mocap4r2_dummy_driver:/home/jozef/ros2_ws/install/mocap4r2_msgs:/home/jozef/ros2_ws/install/mocap4r2_marker_viz_srvs:/home/jozef/ros2_ws/install/mocap4r2_control:/home/jozef/ros2_ws/install/mocap4r2_control_msgs:/home/jozef/ros2_ws/install/message_filters /usr/bin/cmake --install /home/jozef/ros2_ws/build/mrpt_msgs
[2.266s] -- Install configuration: ""
[2.271s] -- Execute custom install script
[2.271s] -- Up-to-date symlink: /home/jozef/ros2_ws/install/mrpt_msgs/share/ament_index/resource_index/rosidl_interfaces/mrpt_msgs
[2.272s] -- Up-to-date symlink: /home/jozef/ros2_ws/install/mrpt_msgs/include/mrpt_msgs/mrpt_msgs/msg/detail/generic_object__functions.h
[2.272s] -- Up-to-date symlink: /home/jozef/ros2_ws/install/mrpt_msgs/include/mrpt_msgs/mrpt_msgs/msg/detail/generic_object__struct.h
[2.272s] -- Up-to-date symlink: /home/jozef/ros2_ws/install/mrpt_msgs/include/mrpt_msgs/mrpt_msgs/msg/detail/generic_object__type_support.h
[2.272s] -- Up-to-date symlink: /home/jozef/ros2_ws/install/mrpt_msgs/include/mrpt_msgs/mrpt_msgs/msg/detail/generic_observation__functions.h
[2.272s] -- Up-to-date symlink: /home/jozef/ros2_ws/install/mrpt_msgs/include/mrpt_msgs/mrpt_msgs/msg/detail/generic_observation__struct.h
[2.272s] -- Up-to-date symlink: /home/jozef/ros2_ws/install/mrpt_msgs/include/mrpt_msgs/mrpt_msgs/msg/detail/generic_observation__type_support.h
[2.273s] -- Up-to-date symlink: /home/jozef/ros2_ws/install/mrpt_msgs/include/mrpt_msgs/mrpt_msgs/msg/detail/graph_constraint__functions.h
[2.273s] -- Up-to-date symlink: /home/jozef/ros2_ws/install/mrpt_msgs/include/mrpt_msgs/mrpt_msgs/msg/detail/graph_constraint__struct.h
[2.273s] -- Up-to-date symlink: /home/jozef/ros2_ws/install/mrpt_msgs/include/mrpt_msgs/mrpt_msgs/msg/detail/graph_constraint__type_support.h
[2.273s] -- Up-to-date symlink: /home/jozef/ros2_ws/install/mrpt_msgs/include/mrpt_msgs/mrpt_msgs/msg/detail/graph_slam_agent__functions.h
[2.273s] -- Up-to-date symlink: /home/jozef/ros2_ws/install/mrpt_msgs/include/mrpt_msgs/mrpt_msgs/msg/detail/graph_slam_agent__struct.h
[2.274s] -- Up-to-date symlink: /home/jozef/ros2_ws/install/mrpt_msgs/include/mrpt_msgs/mrpt_msgs/msg/detail/graph_slam_agent__type_support.h
[2.274s] -- Up-to-date symlink: /home/jozef/ros2_ws/install/mrpt_msgs/include/mrpt_msgs/mrpt_msgs/msg/detail/graph_slam_agents__functions.h
[2.274s] -- Up-to-date symlink: /home/jozef/ros2_ws/install/mrpt_msgs/include/mrpt_msgs/mrpt_msgs/msg/detail/graph_slam_agents__struct.h
[2.274s] -- Up-to-date symlink: /home/jozef/ros2_ws/install/mrpt_msgs/include/mrpt_msgs/mrpt_msgs/msg/detail/graph_slam_agents__type_support.h
[2.274s] -- Up-to-date symlink: /home/jozef/ros2_ws/install/mrpt_msgs/include/mrpt_msgs/mrpt_msgs/msg/detail/graph_slam_stats__functions.h
[2.274s] -- Up-to-date symlink: /home/jozef/ros2_ws/install/mrpt_msgs/include/mrpt_msgs/mrpt_msgs/msg/detail/graph_slam_stats__struct.h
[2.275s] -- Up-to-date symlink: /home/jozef/ros2_ws/install/mrpt_msgs/include/mrpt_msgs/mrpt_msgs/msg/detail/graph_slam_stats__type_support.h
[2.280s] -- Up-to-date symlink: /home/jozef/ros2_ws/install/mrpt_msgs/include/mrpt_msgs/mrpt_msgs/msg/detail/network_of_poses__functions.h
[2.280s] -- Up-to-date symlink: /home/jozef/ros2_ws/install/mrpt_msgs/include/mrpt_msgs/mrpt_msgs/msg/detail/network_of_poses__struct.h
[2.280s] -- Up-to-date symlink: /home/jozef/ros2_ws/install/mrpt_msgs/include/mrpt_msgs/mrpt_msgs/msg/detail/network_of_poses__type_support.h
[2.281s] -- Up-to-date symlink: /home/jozef/ros2_ws/install/mrpt_msgs/include/mrpt_msgs/mrpt_msgs/msg/detail/node_id_with_laser_scan__functions.h
[2.281s] -- Up-to-date symlink: /home/jozef/ros2_ws/install/mrpt_msgs/include/mrpt_msgs/mrpt_msgs/msg/detail/node_id_with_laser_scan__struct.h
[2.281s] -- Up-to-date symlink: /home/jozef/ros2_ws/install/mrpt_msgs/include/mrpt_msgs/mrpt_msgs/msg/detail/node_id_with_laser_scan__type_support.h
[2.281s] -- Up-to-date symlink: /home/jozef/ros2_ws/install/mrpt_msgs/include/mrpt_msgs/mrpt_msgs/msg/detail/node_id_with_pose__functions.h
[2.281s] -- Up-to-date symlink: /home/jozef/ros2_ws/install/mrpt_msgs/include/mrpt_msgs/mrpt_msgs/msg/detail/node_id_with_pose__struct.h
[2.281s] -- Up-to-date symlink: /home/jozef/ros2_ws/install/mrpt_msgs/include/mrpt_msgs/mrpt_msgs/msg/detail/node_id_with_pose__type_support.h
[2.282s] -- Up-to-date symlink: /home/jozef/ros2_ws/install/mrpt_msgs/include/mrpt_msgs/mrpt_msgs/msg/detail/node_id_with_pose_vec__functions.h
[2.282s] -- Up-to-date symlink: /home/jozef/ros2_ws/install/mrpt_msgs/include/mrpt_msgs/mrpt_msgs/msg/detail/node_id_with_pose_vec__struct.h
[2.285s] -- Up-to-date symlink: /home/jozef/ros2_ws/install/mrpt_msgs/include/mrpt_msgs/mrpt_msgs/msg/detail/node_id_with_pose_vec__type_support.h
[2.287s] -- Up-to-date symlink: /home/jozef/ros2_ws/install/mrpt_msgs/include/mrpt_msgs/mrpt_msgs/msg/detail/observation_object__functions.h
[2.288s] -- Up-to-date symlink: /home/jozef/ros2_ws/install/mrpt_msgs/include/mrpt_msgs/mrpt_msgs/msg/detail/observation_object__struct.h
[2.291s] -- Up-to-date symlink: /home/jozef/ros2_ws/install/mrpt_msgs/include/mrpt_msgs/mrpt_msgs/msg/detail/observation_object__type_support.h
[2.304s] -- Up-to-date symlink: /home/jozef/ros2_ws/install/mrpt_msgs/include/mrpt_msgs/mrpt_msgs/msg/detail/observation_range_beacon__functions.h
[2.304s] -- Up-to-date symlink: /home/jozef/ros2_ws/install/mrpt_msgs/include/mrpt_msgs/mrpt_msgs/msg/detail/observation_range_beacon__struct.h
[2.304s] -- Up-to-date symlink: /home/jozef/ros2_ws/install/mrpt_msgs/include/mrpt_msgs/mrpt_msgs/msg/detail/observation_range_beacon__type_support.h
[2.305s] -- Up-to-date symlink: /home/jozef/ros2_ws/install/mrpt_msgs/include/mrpt_msgs/mrpt_msgs/msg/detail/observation_range_bearing__functions.h
[2.305s] -- Up-to-date symlink: /home/jozef/ros2_ws/install/mrpt_msgs/include/mrpt_msgs/mrpt_msgs/msg/detail/observation_range_bearing__struct.h
[2.305s] -- Up-to-date symlink: /home/jozef/ros2_ws/install/mrpt_msgs/include/mrpt_msgs/mrpt_msgs/msg/detail/observation_range_bearing__type_support.h
[2.305s] -- Up-to-date symlink: /home/jozef/ros2_ws/install/mrpt_msgs/include/mrpt_msgs/mrpt_msgs/msg/detail/single_object_observation__functions.h
[2.305s] -- Up-to-date symlink: /home/jozef/ros2_ws/install/mrpt_msgs/include/mrpt_msgs/mrpt_msgs/msg/detail/single_object_observation__struct.h
[2.305s] -- Up-to-date symlink: /home/jozef/ros2_ws/install/mrpt_msgs/include/mrpt_msgs/mrpt_msgs/msg/detail/single_object_observation__type_support.h
[2.305s] -- Up-to-date symlink: /home/jozef/ros2_ws/install/mrpt_msgs/include/mrpt_msgs/mrpt_msgs/msg/detail/single_range_beacon_observation__functions.h
[2.305s] -- Up-to-date symlink: /home/jozef/ros2_ws/install/mrpt_msgs/include/mrpt_msgs/mrpt_msgs/msg/detail/single_range_beacon_observation__struct.h
[2.305s] -- Up-to-date symlink: /home/jozef/ros2_ws/install/mrpt_msgs/include/mrpt_msgs/mrpt_msgs/msg/detail/single_range_beacon_observation__type_support.h
[2.306s] -- Up-to-date symlink: /home/jozef/ros2_ws/install/mrpt_msgs/include/mrpt_msgs/mrpt_msgs/msg/detail/single_range_bearing_observation__functions.h
[2.306s] -- Up-to-date symlink: /home/jozef/ros2_ws/install/mrpt_msgs/include/mrpt_msgs/mrpt_msgs/msg/detail/single_range_bearing_observation__struct.h
[2.306s] -- Up-to-date symlink: /home/jozef/ros2_ws/install/mrpt_msgs/include/mrpt_msgs/mrpt_msgs/msg/detail/single_range_bearing_observation__type_support.h
[2.306s] -- Up-to-date symlink: /home/jozef/ros2_ws/install/mrpt_msgs/include/mrpt_msgs/mrpt_msgs/msg/detail/waypoint__functions.h
[2.306s] -- Up-to-date symlink: /home/jozef/ros2_ws/install/mrpt_msgs/include/mrpt_msgs/mrpt_msgs/msg/detail/waypoint__struct.h
[2.306s] -- Up-to-date symlink: /home/jozef/ros2_ws/install/mrpt_msgs/include/mrpt_msgs/mrpt_msgs/msg/detail/waypoint__type_support.h
[2.306s] -- Up-to-date symlink: /home/jozef/ros2_ws/install/mrpt_msgs/include/mrpt_msgs/mrpt_msgs/msg/detail/waypoint_sequence__functions.h
[2.306s] -- Up-to-date symlink: /home/jozef/ros2_ws/install/mrpt_msgs/include/mrpt_msgs/mrpt_msgs/msg/detail/waypoint_sequence__struct.h
[2.306s] -- Up-to-date symlink: /home/jozef/ros2_ws/install/mrpt_msgs/include/mrpt_msgs/mrpt_msgs/msg/detail/waypoint_sequence__type_support.h
[2.307s] -- Up-to-date symlink: /home/jozef/ros2_ws/install/mrpt_msgs/include/mrpt_msgs/mrpt_msgs/msg/generic_object.h
[2.307s] -- Up-to-date symlink: /home/jozef/ros2_ws/install/mrpt_msgs/include/mrpt_msgs/mrpt_msgs/msg/generic_observation.h
[2.307s] -- Up-to-date symlink: /home/jozef/ros2_ws/install/mrpt_msgs/include/mrpt_msgs/mrpt_msgs/msg/graph_constraint.h
[2.307s] -- Up-to-date symlink: /home/jozef/ros2_ws/install/mrpt_msgs/include/mrpt_msgs/mrpt_msgs/msg/graph_slam_agent.h
[2.307s] -- Up-to-date symlink: /home/jozef/ros2_ws/install/mrpt_msgs/include/mrpt_msgs/mrpt_msgs/msg/graph_slam_agents.h
[2.307s] -- Up-to-date symlink: /home/jozef/ros2_ws/install/mrpt_msgs/include/mrpt_msgs/mrpt_msgs/msg/graph_slam_stats.h
[2.307s] -- Up-to-date symlink: /home/jozef/ros2_ws/install/mrpt_msgs/include/mrpt_msgs/mrpt_msgs/msg/network_of_poses.h
[2.307s] -- Up-to-date symlink: /home/jozef/ros2_ws/install/mrpt_msgs/include/mrpt_msgs/mrpt_msgs/msg/node_id_with_laser_scan.h
[2.307s] -- Up-to-date symlink: /home/jozef/ros2_ws/install/mrpt_msgs/include/mrpt_msgs/mrpt_msgs/msg/node_id_with_pose.h
[2.307s] -- Up-to-date symlink: /home/jozef/ros2_ws/install/mrpt_msgs/include/mrpt_msgs/mrpt_msgs/msg/node_id_with_pose_vec.h
[2.308s] -- Up-to-date symlink: /home/jozef/ros2_ws/install/mrpt_msgs/include/mrpt_msgs/mrpt_msgs/msg/observation_object.h
[2.323s] -- Up-to-date symlink: /home/jozef/ros2_ws/install/mrpt_msgs/include/mrpt_msgs/mrpt_msgs/msg/observation_range_beacon.h
[2.323s] -- Up-to-date symlink: /home/jozef/ros2_ws/install/mrpt_msgs/include/mrpt_msgs/mrpt_msgs/msg/observation_range_bearing.h
[2.324s] -- Up-to-date symlink: /home/jozef/ros2_ws/install/mrpt_msgs/include/mrpt_msgs/mrpt_msgs/msg/rosidl_generator_c__visibility_control.h
[2.324s] -- Up-to-date symlink: /home/jozef/ros2_ws/install/mrpt_msgs/include/mrpt_msgs/mrpt_msgs/msg/single_object_observation.h
[2.324s] -- Up-to-date symlink: /home/jozef/ros2_ws/install/mrpt_msgs/include/mrpt_msgs/mrpt_msgs/msg/single_range_beacon_observation.h
[2.324s] -- Up-to-date symlink: /home/jozef/ros2_ws/install/mrpt_msgs/include/mrpt_msgs/mrpt_msgs/msg/single_range_bearing_observation.h
[2.324s] -- Up-to-date symlink: /home/jozef/ros2_ws/install/mrpt_msgs/include/mrpt_msgs/mrpt_msgs/msg/waypoint.h
[2.324s] -- Up-to-date symlink: /home/jozef/ros2_ws/install/mrpt_msgs/include/mrpt_msgs/mrpt_msgs/msg/waypoint_sequence.h
[2.324s] -- Up-to-date symlink: /home/jozef/ros2_ws/install/mrpt_msgs/include/mrpt_msgs/mrpt_msgs/srv/detail/get_cm_graph__functions.h
[2.324s] -- Up-to-date symlink: /home/jozef/ros2_ws/install/mrpt_msgs/include/mrpt_msgs/mrpt_msgs/srv/detail/get_cm_graph__struct.h
[2.325s] -- Up-to-date symlink: /home/jozef/ros2_ws/install/mrpt_msgs/include/mrpt_msgs/mrpt_msgs/srv/detail/get_cm_graph__type_support.h
[2.325s] -- Up-to-date symlink: /home/jozef/ros2_ws/install/mrpt_msgs/include/mrpt_msgs/mrpt_msgs/srv/get_cm_graph.h
[2.325s] -- Up-to-date symlink: /home/jozef/ros2_ws/install/mrpt_msgs/share/mrpt_msgs/environment/library_path.sh
[2.325s] -- Up-to-date symlink: /home/jozef/ros2_ws/install/mrpt_msgs/share/mrpt_msgs/environment/library_path.dsv
[2.325s] -- Up-to-date symlink: /home/jozef/ros2_ws/install/mrpt_msgs/include/mrpt_msgs/mrpt_msgs/msg/detail/generic_object__rosidl_typesupport_fastrtps_c.h
[2.325s] -- Up-to-date symlink: /home/jozef/ros2_ws/install/mrpt_msgs/include/mrpt_msgs/mrpt_msgs/msg/detail/generic_observation__rosidl_typesupport_fastrtps_c.h
[2.325s] -- Up-to-date symlink: /home/jozef/ros2_ws/install/mrpt_msgs/include/mrpt_msgs/mrpt_msgs/msg/detail/graph_constraint__rosidl_typesupport_fastrtps_c.h
[2.325s] -- Up-to-date symlink: /home/jozef/ros2_ws/install/mrpt_msgs/include/mrpt_msgs/mrpt_msgs/msg/detail/graph_slam_agent__rosidl_typesupport_fastrtps_c.h
[2.325s] -- Up-to-date symlink: /home/jozef/ros2_ws/install/mrpt_msgs/include/mrpt_msgs/mrpt_msgs/msg/detail/graph_slam_agents__rosidl_typesupport_fastrtps_c.h
[2.326s] -- Up-to-date symlink: /home/jozef/ros2_ws/install/mrpt_msgs/include/mrpt_msgs/mrpt_msgs/msg/detail/graph_slam_stats__rosidl_typesupport_fastrtps_c.h
[2.326s] -- Up-to-date symlink: /home/jozef/ros2_ws/install/mrpt_msgs/include/mrpt_msgs/mrpt_msgs/msg/detail/network_of_poses__rosidl_typesupport_fastrtps_c.h
[2.326s] -- Up-to-date symlink: /home/jozef/ros2_ws/install/mrpt_msgs/include/mrpt_msgs/mrpt_msgs/msg/detail/node_id_with_laser_scan__rosidl_typesupport_fastrtps_c.h
[2.326s] -- Up-to-date symlink: /home/jozef/ros2_ws/install/mrpt_msgs/include/mrpt_msgs/mrpt_msgs/msg/detail/node_id_with_pose__rosidl_typesupport_fastrtps_c.h
[2.326s] -- Up-to-date symlink: /home/jozef/ros2_ws/install/mrpt_msgs/include/mrpt_msgs/mrpt_msgs/msg/detail/node_id_with_pose_vec__rosidl_typesupport_fastrtps_c.h
[2.326s] -- Up-to-date symlink: /home/jozef/ros2_ws/install/mrpt_msgs/include/mrpt_msgs/mrpt_msgs/msg/detail/observation_object__rosidl_typesupport_fastrtps_c.h
[2.326s] -- Up-to-date symlink: /home/jozef/ros2_ws/install/mrpt_msgs/include/mrpt_msgs/mrpt_msgs/msg/detail/observation_range_beacon__rosidl_typesupport_fastrtps_c.h
[2.326s] -- Up-to-date symlink: /home/jozef/ros2_ws/install/mrpt_msgs/include/mrpt_msgs/mrpt_msgs/msg/detail/observation_range_bearing__rosidl_typesupport_fastrtps_c.h
[2.326s] -- Up-to-date symlink: /home/jozef/ros2_ws/install/mrpt_msgs/include/mrpt_msgs/mrpt_msgs/msg/detail/single_object_observation__rosidl_typesupport_fastrtps_c.h
[2.327s] -- Up-to-date symlink: /home/jozef/ros2_ws/install/mrpt_msgs/include/mrpt_msgs/mrpt_msgs/msg/detail/single_range_beacon_observation__rosidl_typesupport_fastrtps_c.h
[2.327s] -- Up-to-date symlink: /home/jozef/ros2_ws/install/mrpt_msgs/include/mrpt_msgs/mrpt_msgs/msg/detail/single_range_bearing_observation__rosidl_typesupport_fastrtps_c.h
[2.327s] -- Up-to-date symlink: /home/jozef/ros2_ws/install/mrpt_msgs/include/mrpt_msgs/mrpt_msgs/msg/detail/waypoint__rosidl_typesupport_fastrtps_c.h
[2.328s] -- Up-to-date symlink: /home/jozef/ros2_ws/install/mrpt_msgs/include/mrpt_msgs/mrpt_msgs/msg/detail/waypoint_sequence__rosidl_typesupport_fastrtps_c.h
[2.328s] -- Up-to-date symlink: /home/jozef/ros2_ws/install/mrpt_msgs/include/mrpt_msgs/mrpt_msgs/msg/rosidl_typesupport_fastrtps_c__visibility_control.h
[2.328s] -- Up-to-date symlink: /home/jozef/ros2_ws/install/mrpt_msgs/include/mrpt_msgs/mrpt_msgs/srv/detail/get_cm_graph__rosidl_typesupport_fastrtps_c.h
[2.328s] -- Up-to-date symlink: /home/jozef/ros2_ws/install/mrpt_msgs/include/mrpt_msgs/mrpt_msgs/msg/detail/generic_object__rosidl_typesupport_introspection_c.h
[2.328s] -- Up-to-date symlink: /home/jozef/ros2_ws/install/mrpt_msgs/include/mrpt_msgs/mrpt_msgs/msg/detail/generic_observation__rosidl_typesupport_introspection_c.h
[2.328s] -- Up-to-date symlink: /home/jozef/ros2_ws/install/mrpt_msgs/include/mrpt_msgs/mrpt_msgs/msg/detail/graph_constraint__rosidl_typesupport_introspection_c.h
[2.328s] -- Up-to-date symlink: /home/jozef/ros2_ws/install/mrpt_msgs/include/mrpt_msgs/mrpt_msgs/msg/detail/graph_slam_agent__rosidl_typesupport_introspection_c.h
[2.328s] -- Up-to-date symlink: /home/jozef/ros2_ws/install/mrpt_msgs/include/mrpt_msgs/mrpt_msgs/msg/detail/graph_slam_agents__rosidl_typesupport_introspection_c.h
[2.328s] -- Up-to-date symlink: /home/jozef/ros2_ws/install/mrpt_msgs/include/mrpt_msgs/mrpt_msgs/msg/detail/graph_slam_stats__rosidl_typesupport_introspection_c.h
[2.329s] -- Up-to-date symlink: /home/jozef/ros2_ws/install/mrpt_msgs/include/mrpt_msgs/mrpt_msgs/msg/detail/network_of_poses__rosidl_typesupport_introspection_c.h
[2.329s] -- Up-to-date symlink: /home/jozef/ros2_ws/install/mrpt_msgs/include/mrpt_msgs/mrpt_msgs/msg/detail/node_id_with_laser_scan__rosidl_typesupport_introspection_c.h
[2.329s] -- Up-to-date symlink: /home/jozef/ros2_ws/install/mrpt_msgs/include/mrpt_msgs/mrpt_msgs/msg/detail/node_id_with_pose__rosidl_typesupport_introspection_c.h
[2.329s] -- Up-to-date symlink: /home/jozef/ros2_ws/install/mrpt_msgs/include/mrpt_msgs/mrpt_msgs/msg/detail/node_id_with_pose_vec__rosidl_typesupport_introspection_c.h
[2.329s] -- Up-to-date symlink: /home/jozef/ros2_ws/install/mrpt_msgs/include/mrpt_msgs/mrpt_msgs/msg/detail/observation_object__rosidl_typesupport_introspection_c.h
[2.329s] -- Up-to-date symlink: /home/jozef/ros2_ws/install/mrpt_msgs/include/mrpt_msgs/mrpt_msgs/msg/detail/observation_range_beacon__rosidl_typesupport_introspection_c.h
[2.329s] -- Up-to-date symlink: /home/jozef/ros2_ws/install/mrpt_msgs/include/mrpt_msgs/mrpt_msgs/msg/detail/observation_range_bearing__rosidl_typesupport_introspection_c.h
[2.329s] -- Up-to-date symlink: /home/jozef/ros2_ws/install/mrpt_msgs/include/mrpt_msgs/mrpt_msgs/msg/detail/single_object_observation__rosidl_typesupport_introspection_c.h
[2.329s] -- Up-to-date symlink: /home/jozef/ros2_ws/install/mrpt_msgs/include/mrpt_msgs/mrpt_msgs/msg/detail/single_range_beacon_observation__rosidl_typesupport_introspection_c.h
[2.330s] -- Up-to-date symlink: /home/jozef/ros2_ws/install/mrpt_msgs/include/mrpt_msgs/mrpt_msgs/msg/detail/single_range_bearing_observation__rosidl_typesupport_introspection_c.h
[2.330s] -- Up-to-date symlink: /home/jozef/ros2_ws/install/mrpt_msgs/include/mrpt_msgs/mrpt_msgs/msg/detail/waypoint__rosidl_typesupport_introspection_c.h
[2.331s] -- Up-to-date symlink: /home/jozef/ros2_ws/install/mrpt_msgs/include/mrpt_msgs/mrpt_msgs/msg/detail/waypoint_sequence__rosidl_typesupport_introspection_c.h
[2.343s] -- Up-to-date symlink: /home/jozef/ros2_ws/install/mrpt_msgs/include/mrpt_msgs/mrpt_msgs/msg/rosidl_typesupport_introspection_c__visibility_control.h
[2.344s] -- Up-to-date symlink: /home/jozef/ros2_ws/install/mrpt_msgs/include/mrpt_msgs/mrpt_msgs/srv/detail/get_cm_graph__rosidl_typesupport_introspection_c.h
[2.344s] -- Up-to-date symlink: /home/jozef/ros2_ws/install/mrpt_msgs/include/mrpt_msgs/mrpt_msgs/msg/detail/generic_object__builder.hpp
[2.347s] -- Up-to-date symlink: /home/jozef/ros2_ws/install/mrpt_msgs/include/mrpt_msgs/mrpt_msgs/msg/detail/generic_object__struct.hpp
[2.348s] -- Up-to-date symlink: /home/jozef/ros2_ws/install/mrpt_msgs/include/mrpt_msgs/mrpt_msgs/msg/detail/generic_object__traits.hpp
[2.348s] -- Up-to-date symlink: /home/jozef/ros2_ws/install/mrpt_msgs/include/mrpt_msgs/mrpt_msgs/msg/detail/generic_object__type_support.hpp
[2.348s] -- Up-to-date symlink: /home/jozef/ros2_ws/install/mrpt_msgs/include/mrpt_msgs/mrpt_msgs/msg/detail/generic_observation__builder.hpp
[2.348s] -- Up-to-date symlink: /home/jozef/ros2_ws/install/mrpt_msgs/include/mrpt_msgs/mrpt_msgs/msg/detail/generic_observation__struct.hpp
[2.348s] -- Up-to-date symlink: /home/jozef/ros2_ws/install/mrpt_msgs/include/mrpt_msgs/mrpt_msgs/msg/detail/generic_observation__traits.hpp
[2.348s] -- Up-to-date symlink: /home/jozef/ros2_ws/install/mrpt_msgs/include/mrpt_msgs/mrpt_msgs/msg/detail/generic_observation__type_support.hpp
[2.348s] -- Up-to-date symlink: /home/jozef/ros2_ws/install/mrpt_msgs/include/mrpt_msgs/mrpt_msgs/msg/detail/graph_constraint__builder.hpp
[2.348s] -- Up-to-date symlink: /home/jozef/ros2_ws/install/mrpt_msgs/include/mrpt_msgs/mrpt_msgs/msg/detail/graph_constraint__struct.hpp
[2.349s] -- Up-to-date symlink: /home/jozef/ros2_ws/install/mrpt_msgs/include/mrpt_msgs/mrpt_msgs/msg/detail/graph_constraint__traits.hpp
[2.349s] -- Up-to-date symlink: /home/jozef/ros2_ws/install/mrpt_msgs/include/mrpt_msgs/mrpt_msgs/msg/detail/graph_constraint__type_support.hpp
[2.349s] -- Up-to-date symlink: /home/jozef/ros2_ws/install/mrpt_msgs/include/mrpt_msgs/mrpt_msgs/msg/detail/graph_slam_agent__builder.hpp
[2.349s] -- Up-to-date symlink: /home/jozef/ros2_ws/install/mrpt_msgs/include/mrpt_msgs/mrpt_msgs/msg/detail/graph_slam_agent__struct.hpp
[2.349s] -- Up-to-date symlink: /home/jozef/ros2_ws/install/mrpt_msgs/include/mrpt_msgs/mrpt_msgs/msg/detail/graph_slam_agent__traits.hpp
[2.349s] -- Up-to-date symlink: /home/jozef/ros2_ws/install/mrpt_msgs/include/mrpt_msgs/mrpt_msgs/msg/detail/graph_slam_agent__type_support.hpp
[2.349s] -- Up-to-date symlink: /home/jozef/ros2_ws/install/mrpt_msgs/include/mrpt_msgs/mrpt_msgs/msg/detail/graph_slam_agents__builder.hpp
[2.349s] -- Up-to-date symlink: /home/jozef/ros2_ws/install/mrpt_msgs/include/mrpt_msgs/mrpt_msgs/msg/detail/graph_slam_agents__struct.hpp
[2.349s] -- Up-to-date symlink: /home/jozef/ros2_ws/install/mrpt_msgs/include/mrpt_msgs/mrpt_msgs/msg/detail/graph_slam_agents__traits.hpp
[2.350s] -- Up-to-date symlink: /home/jozef/ros2_ws/install/mrpt_msgs/include/mrpt_msgs/mrpt_msgs/msg/detail/graph_slam_agents__type_support.hpp
[2.350s] -- Up-to-date symlink: /home/jozef/ros2_ws/install/mrpt_msgs/include/mrpt_msgs/mrpt_msgs/msg/detail/graph_slam_stats__builder.hpp
[2.365s] -- Up-to-date symlink: /home/jozef/ros2_ws/install/mrpt_msgs/include/mrpt_msgs/mrpt_msgs/msg/detail/graph_slam_stats__struct.hpp
[2.366s] -- Up-to-date symlink: /home/jozef/ros2_ws/install/mrpt_msgs/include/mrpt_msgs/mrpt_msgs/msg/detail/graph_slam_stats__traits.hpp
[2.366s] -- Up-to-date symlink: /home/jozef/ros2_ws/install/mrpt_msgs/include/mrpt_msgs/mrpt_msgs/msg/detail/graph_slam_stats__type_support.hpp
[2.366s] -- Up-to-date symlink: /home/jozef/ros2_ws/install/mrpt_msgs/include/mrpt_msgs/mrpt_msgs/msg/detail/network_of_poses__builder.hpp
[2.366s] -- Up-to-date symlink: /home/jozef/ros2_ws/install/mrpt_msgs/include/mrpt_msgs/mrpt_msgs/msg/detail/network_of_poses__struct.hpp
[2.366s] -- Up-to-date symlink: /home/jozef/ros2_ws/install/mrpt_msgs/include/mrpt_msgs/mrpt_msgs/msg/detail/network_of_poses__traits.hpp
[2.366s] -- Up-to-date symlink: /home/jozef/ros2_ws/install/mrpt_msgs/include/mrpt_msgs/mrpt_msgs/msg/detail/network_of_poses__type_support.hpp
[2.366s] -- Up-to-date symlink: /home/jozef/ros2_ws/install/mrpt_msgs/include/mrpt_msgs/mrpt_msgs/msg/detail/node_id_with_laser_scan__builder.hpp
[2.366s] -- Up-to-date symlink: /home/jozef/ros2_ws/install/mrpt_msgs/include/mrpt_msgs/mrpt_msgs/msg/detail/node_id_with_laser_scan__struct.hpp
[2.367s] -- Up-to-date symlink: /home/jozef/ros2_ws/install/mrpt_msgs/include/mrpt_msgs/mrpt_msgs/msg/detail/node_id_with_laser_scan__traits.hpp
[2.367s] -- Up-to-date symlink: /home/jozef/ros2_ws/install/mrpt_msgs/include/mrpt_msgs/mrpt_msgs/msg/detail/node_id_with_laser_scan__type_support.hpp
[2.367s] -- Up-to-date symlink: /home/jozef/ros2_ws/install/mrpt_msgs/include/mrpt_msgs/mrpt_msgs/msg/detail/node_id_with_pose__builder.hpp
[2.367s] -- Up-to-date symlink: /home/jozef/ros2_ws/install/mrpt_msgs/include/mrpt_msgs/mrpt_msgs/msg/detail/node_id_with_pose__struct.hpp
[2.367s] -- Up-to-date symlink: /home/jozef/ros2_ws/install/mrpt_msgs/include/mrpt_msgs/mrpt_msgs/msg/detail/node_id_with_pose__traits.hpp
[2.367s] -- Up-to-date symlink: /home/jozef/ros2_ws/install/mrpt_msgs/include/mrpt_msgs/mrpt_msgs/msg/detail/node_id_with_pose__type_support.hpp
[2.367s] -- Up-to-date symlink: /home/jozef/ros2_ws/install/mrpt_msgs/include/mrpt_msgs/mrpt_msgs/msg/detail/node_id_with_pose_vec__builder.hpp
[2.367s] -- Up-to-date symlink: /home/jozef/ros2_ws/install/mrpt_msgs/include/mrpt_msgs/mrpt_msgs/msg/detail/node_id_with_pose_vec__struct.hpp
[2.368s] -- Up-to-date symlink: /home/jozef/ros2_ws/install/mrpt_msgs/include/mrpt_msgs/mrpt_msgs/msg/detail/node_id_with_pose_vec__traits.hpp
[2.368s] -- Up-to-date symlink: /home/jozef/ros2_ws/install/mrpt_msgs/include/mrpt_msgs/mrpt_msgs/msg/detail/node_id_with_pose_vec__type_support.hpp
[2.368s] -- Up-to-date symlink: /home/jozef/ros2_ws/install/mrpt_msgs/include/mrpt_msgs/mrpt_msgs/msg/detail/observation_object__builder.hpp
[2.368s] -- Up-to-date symlink: /home/jozef/ros2_ws/install/mrpt_msgs/include/mrpt_msgs/mrpt_msgs/msg/detail/observation_object__struct.hpp
[2.368s] -- Up-to-date symlink: /home/jozef/ros2_ws/install/mrpt_msgs/include/mrpt_msgs/mrpt_msgs/msg/detail/observation_object__traits.hpp
[2.368s] -- Up-to-date symlink: /home/jozef/ros2_ws/install/mrpt_msgs/include/mrpt_msgs/mrpt_msgs/msg/detail/observation_object__type_support.hpp
[2.368s] -- Up-to-date symlink: /home/jozef/ros2_ws/install/mrpt_msgs/include/mrpt_msgs/mrpt_msgs/msg/detail/observation_range_beacon__builder.hpp
[2.368s] -- Up-to-date symlink: /home/jozef/ros2_ws/install/mrpt_msgs/include/mrpt_msgs/mrpt_msgs/msg/detail/observation_range_beacon__struct.hpp
[2.369s] -- Up-to-date symlink: /home/jozef/ros2_ws/install/mrpt_msgs/include/mrpt_msgs/mrpt_msgs/msg/detail/observation_range_beacon__traits.hpp
[2.369s] -- Up-to-date symlink: /home/jozef/ros2_ws/install/mrpt_msgs/include/mrpt_msgs/mrpt_msgs/msg/detail/observation_range_beacon__type_support.hpp
[2.370s] -- Up-to-date symlink: /home/jozef/ros2_ws/install/mrpt_msgs/include/mrpt_msgs/mrpt_msgs/msg/detail/observation_range_bearing__builder.hpp
[2.370s] -- Up-to-date symlink: /home/jozef/ros2_ws/install/mrpt_msgs/include/mrpt_msgs/mrpt_msgs/msg/detail/observation_range_bearing__struct.hpp
[2.370s] -- Up-to-date symlink: /home/jozef/ros2_ws/install/mrpt_msgs/include/mrpt_msgs/mrpt_msgs/msg/detail/observation_range_bearing__traits.hpp
[2.384s] -- Up-to-date symlink: /home/jozef/ros2_ws/install/mrpt_msgs/include/mrpt_msgs/mrpt_msgs/msg/detail/observation_range_bearing__type_support.hpp
[2.384s] -- Up-to-date symlink: /home/jozef/ros2_ws/install/mrpt_msgs/include/mrpt_msgs/mrpt_msgs/msg/detail/single_object_observation__builder.hpp
[2.384s] -- Up-to-date symlink: /home/jozef/ros2_ws/install/mrpt_msgs/include/mrpt_msgs/mrpt_msgs/msg/detail/single_object_observation__struct.hpp
[2.384s] -- Up-to-date symlink: /home/jozef/ros2_ws/install/mrpt_msgs/include/mrpt_msgs/mrpt_msgs/msg/detail/single_object_observation__traits.hpp
[2.384s] -- Up-to-date symlink: /home/jozef/ros2_ws/install/mrpt_msgs/include/mrpt_msgs/mrpt_msgs/msg/detail/single_object_observation__type_support.hpp
[2.385s] -- Up-to-date symlink: /home/jozef/ros2_ws/install/mrpt_msgs/include/mrpt_msgs/mrpt_msgs/msg/detail/single_range_beacon_observation__builder.hpp
[2.385s] -- Up-to-date symlink: /home/jozef/ros2_ws/install/mrpt_msgs/include/mrpt_msgs/mrpt_msgs/msg/detail/single_range_beacon_observation__struct.hpp
[2.385s] -- Up-to-date symlink: /home/jozef/ros2_ws/install/mrpt_msgs/include/mrpt_msgs/mrpt_msgs/msg/detail/single_range_beacon_observation__traits.hpp
[2.385s] -- Up-to-date symlink: /home/jozef/ros2_ws/install/mrpt_msgs/include/mrpt_msgs/mrpt_msgs/msg/detail/single_range_beacon_observation__type_support.hpp
[2.385s] -- Up-to-date symlink: /home/jozef/ros2_ws/install/mrpt_msgs/include/mrpt_msgs/mrpt_msgs/msg/detail/single_range_bearing_observation__builder.hpp
[2.385s] -- Up-to-date symlink: /home/jozef/ros2_ws/install/mrpt_msgs/include/mrpt_msgs/mrpt_msgs/msg/detail/single_range_bearing_observation__struct.hpp
[2.385s] -- Up-to-date symlink: /home/jozef/ros2_ws/install/mrpt_msgs/include/mrpt_msgs/mrpt_msgs/msg/detail/single_range_bearing_observation__traits.hpp
[2.385s] -- Up-to-date symlink: /home/jozef/ros2_ws/install/mrpt_msgs/include/mrpt_msgs/mrpt_msgs/msg/detail/single_range_bearing_observation__type_support.hpp
[2.385s] -- Up-to-date symlink: /home/jozef/ros2_ws/install/mrpt_msgs/include/mrpt_msgs/mrpt_msgs/msg/detail/waypoint__builder.hpp
[2.386s] -- Up-to-date symlink: /home/jozef/ros2_ws/install/mrpt_msgs/include/mrpt_msgs/mrpt_msgs/msg/detail/waypoint__struct.hpp
[2.386s] -- Up-to-date symlink: /home/jozef/ros2_ws/install/mrpt_msgs/include/mrpt_msgs/mrpt_msgs/msg/detail/waypoint__traits.hpp
[2.386s] -- Up-to-date symlink: /home/jozef/ros2_ws/install/mrpt_msgs/include/mrpt_msgs/mrpt_msgs/msg/detail/waypoint__type_support.hpp
[2.386s] -- Up-to-date symlink: /home/jozef/ros2_ws/install/mrpt_msgs/include/mrpt_msgs/mrpt_msgs/msg/detail/waypoint_sequence__builder.hpp
[2.386s] -- Up-to-date symlink: /home/jozef/ros2_ws/install/mrpt_msgs/include/mrpt_msgs/mrpt_msgs/msg/detail/waypoint_sequence__struct.hpp
[2.386s] -- Up-to-date symlink: /home/jozef/ros2_ws/install/mrpt_msgs/include/mrpt_msgs/mrpt_msgs/msg/detail/waypoint_sequence__traits.hpp
[2.386s] -- Up-to-date symlink: /home/jozef/ros2_ws/install/mrpt_msgs/include/mrpt_msgs/mrpt_msgs/msg/detail/waypoint_sequence__type_support.hpp
[2.387s] -- Up-to-date symlink: /home/jozef/ros2_ws/install/mrpt_msgs/include/mrpt_msgs/mrpt_msgs/msg/generic_object.hpp
[2.387s] -- Up-to-date symlink: /home/jozef/ros2_ws/install/mrpt_msgs/include/mrpt_msgs/mrpt_msgs/msg/generic_observation.hpp
[2.387s] -- Up-to-date symlink: /home/jozef/ros2_ws/install/mrpt_msgs/include/mrpt_msgs/mrpt_msgs/msg/graph_constraint.hpp
[2.387s] -- Up-to-date symlink: /home/jozef/ros2_ws/install/mrpt_msgs/include/mrpt_msgs/mrpt_msgs/msg/graph_slam_agent.hpp
[2.387s] -- Up-to-date symlink: /home/jozef/ros2_ws/install/mrpt_msgs/include/mrpt_msgs/mrpt_msgs/msg/graph_slam_agents.hpp
[2.387s] -- Up-to-date symlink: /home/jozef/ros2_ws/install/mrpt_msgs/include/mrpt_msgs/mrpt_msgs/msg/graph_slam_stats.hpp
[2.387s] -- Up-to-date symlink: /home/jozef/ros2_ws/install/mrpt_msgs/include/mrpt_msgs/mrpt_msgs/msg/network_of_poses.hpp
[2.387s] -- Up-to-date symlink: /home/jozef/ros2_ws/install/mrpt_msgs/include/mrpt_msgs/mrpt_msgs/msg/node_id_with_laser_scan.hpp
[2.387s] -- Up-to-date symlink: /home/jozef/ros2_ws/install/mrpt_msgs/include/mrpt_msgs/mrpt_msgs/msg/node_id_with_pose.hpp
[2.388s] -- Up-to-date symlink: /home/jozef/ros2_ws/install/mrpt_msgs/include/mrpt_msgs/mrpt_msgs/msg/node_id_with_pose_vec.hpp
[2.393s] -- Up-to-date symlink: /home/jozef/ros2_ws/install/mrpt_msgs/include/mrpt_msgs/mrpt_msgs/msg/observation_object.hpp
[2.394s] -- Up-to-date symlink: /home/jozef/ros2_ws/install/mrpt_msgs/include/mrpt_msgs/mrpt_msgs/msg/observation_range_beacon.hpp
[2.394s] -- Up-to-date symlink: /home/jozef/ros2_ws/install/mrpt_msgs/include/mrpt_msgs/mrpt_msgs/msg/observation_range_bearing.hpp
[2.394s] -- Up-to-date symlink: /home/jozef/ros2_ws/install/mrpt_msgs/include/mrpt_msgs/mrpt_msgs/msg/rosidl_generator_cpp__visibility_control.hpp
[2.394s] -- Up-to-date symlink: /home/jozef/ros2_ws/install/mrpt_msgs/include/mrpt_msgs/mrpt_msgs/msg/single_object_observation.hpp
[2.395s] -- Up-to-date symlink: /home/jozef/ros2_ws/install/mrpt_msgs/include/mrpt_msgs/mrpt_msgs/msg/single_range_beacon_observation.hpp
[2.395s] -- Up-to-date symlink: /home/jozef/ros2_ws/install/mrpt_msgs/include/mrpt_msgs/mrpt_msgs/msg/single_range_bearing_observation.hpp
[2.395s] -- Up-to-date symlink: /home/jozef/ros2_ws/install/mrpt_msgs/include/mrpt_msgs/mrpt_msgs/msg/waypoint.hpp
[2.395s] -- Up-to-date symlink: /home/jozef/ros2_ws/install/mrpt_msgs/include/mrpt_msgs/mrpt_msgs/msg/waypoint_sequence.hpp
[2.395s] -- Up-to-date symlink: /home/jozef/ros2_ws/install/mrpt_msgs/include/mrpt_msgs/mrpt_msgs/srv/detail/get_cm_graph__builder.hpp
[2.395s] -- Up-to-date symlink: /home/jozef/ros2_ws/install/mrpt_msgs/include/mrpt_msgs/mrpt_msgs/srv/detail/get_cm_graph__struct.hpp
[2.395s] -- Up-to-date symlink: /home/jozef/ros2_ws/install/mrpt_msgs/include/mrpt_msgs/mrpt_msgs/srv/detail/get_cm_graph__traits.hpp
[2.395s] -- Up-to-date symlink: /home/jozef/ros2_ws/install/mrpt_msgs/include/mrpt_msgs/mrpt_msgs/srv/detail/get_cm_graph__type_support.hpp
[2.396s] -- Up-to-date symlink: /home/jozef/ros2_ws/install/mrpt_msgs/include/mrpt_msgs/mrpt_msgs/srv/get_cm_graph.hpp
[2.396s] -- Up-to-date symlink: /home/jozef/ros2_ws/install/mrpt_msgs/include/mrpt_msgs/mrpt_msgs/msg/detail/generic_object__rosidl_typesupport_fastrtps_cpp.hpp
[2.396s] -- Up-to-date symlink: /home/jozef/ros2_ws/install/mrpt_msgs/include/mrpt_msgs/mrpt_msgs/msg/detail/generic_observation__rosidl_typesupport_fastrtps_cpp.hpp
[2.396s] -- Up-to-date symlink: /home/jozef/ros2_ws/install/mrpt_msgs/include/mrpt_msgs/mrpt_msgs/msg/detail/graph_constraint__rosidl_typesupport_fastrtps_cpp.hpp
[2.396s] -- Up-to-date symlink: /home/jozef/ros2_ws/install/mrpt_msgs/include/mrpt_msgs/mrpt_msgs/msg/detail/graph_slam_agent__rosidl_typesupport_fastrtps_cpp.hpp
[2.399s] -- Up-to-date symlink: /home/jozef/ros2_ws/install/mrpt_msgs/include/mrpt_msgs/mrpt_msgs/msg/detail/graph_slam_agents__rosidl_typesupport_fastrtps_cpp.hpp
[2.400s] -- Up-to-date symlink: /home/jozef/ros2_ws/install/mrpt_msgs/include/mrpt_msgs/mrpt_msgs/msg/detail/graph_slam_stats__rosidl_typesupport_fastrtps_cpp.hpp
[2.400s] -- Up-to-date symlink: /home/jozef/ros2_ws/install/mrpt_msgs/include/mrpt_msgs/mrpt_msgs/msg/detail/network_of_poses__rosidl_typesupport_fastrtps_cpp.hpp
[2.401s] -- Up-to-date symlink: /home/jozef/ros2_ws/install/mrpt_msgs/include/mrpt_msgs/mrpt_msgs/msg/detail/node_id_with_laser_scan__rosidl_typesupport_fastrtps_cpp.hpp
[2.402s] -- Up-to-date symlink: /home/jozef/ros2_ws/install/mrpt_msgs/include/mrpt_msgs/mrpt_msgs/msg/detail/node_id_with_pose__rosidl_typesupport_fastrtps_cpp.hpp
[2.403s] -- Up-to-date symlink: /home/jozef/ros2_ws/install/mrpt_msgs/include/mrpt_msgs/mrpt_msgs/msg/detail/node_id_with_pose_vec__rosidl_typesupport_fastrtps_cpp.hpp
[2.404s] -- Up-to-date symlink: /home/jozef/ros2_ws/install/mrpt_msgs/include/mrpt_msgs/mrpt_msgs/msg/detail/observation_object__rosidl_typesupport_fastrtps_cpp.hpp
[2.408s] -- Up-to-date symlink: /home/jozef/ros2_ws/install/mrpt_msgs/include/mrpt_msgs/mrpt_msgs/msg/detail/observation_range_beacon__rosidl_typesupport_fastrtps_cpp.hpp
[2.408s] -- Up-to-date symlink: /home/jozef/ros2_ws/install/mrpt_msgs/include/mrpt_msgs/mrpt_msgs/msg/detail/observation_range_bearing__rosidl_typesupport_fastrtps_cpp.hpp
[2.408s] -- Up-to-date symlink: /home/jozef/ros2_ws/install/mrpt_msgs/include/mrpt_msgs/mrpt_msgs/msg/detail/single_object_observation__rosidl_typesupport_fastrtps_cpp.hpp
[2.408s] -- Up-to-date symlink: /home/jozef/ros2_ws/install/mrpt_msgs/include/mrpt_msgs/mrpt_msgs/msg/detail/single_range_beacon_observation__rosidl_typesupport_fastrtps_cpp.hpp
[2.408s] -- Up-to-date symlink: /home/jozef/ros2_ws/install/mrpt_msgs/include/mrpt_msgs/mrpt_msgs/msg/detail/single_range_bearing_observation__rosidl_typesupport_fastrtps_cpp.hpp
[2.409s] -- Up-to-date symlink: /home/jozef/ros2_ws/install/mrpt_msgs/include/mrpt_msgs/mrpt_msgs/msg/detail/waypoint__rosidl_typesupport_fastrtps_cpp.hpp
[2.409s] -- Up-to-date symlink: /home/jozef/ros2_ws/install/mrpt_msgs/include/mrpt_msgs/mrpt_msgs/msg/detail/waypoint_sequence__rosidl_typesupport_fastrtps_cpp.hpp
[2.409s] -- Up-to-date symlink: /home/jozef/ros2_ws/install/mrpt_msgs/include/mrpt_msgs/mrpt_msgs/msg/rosidl_typesupport_fastrtps_cpp__visibility_control.h
[2.409s] -- Up-to-date symlink: /home/jozef/ros2_ws/install/mrpt_msgs/include/mrpt_msgs/mrpt_msgs/srv/detail/get_cm_graph__rosidl_typesupport_fastrtps_cpp.hpp
[2.409s] -- Up-to-date symlink: /home/jozef/ros2_ws/install/mrpt_msgs/include/mrpt_msgs/mrpt_msgs/msg/detail/generic_object__rosidl_typesupport_introspection_cpp.hpp
[2.409s] -- Up-to-date symlink: /home/jozef/ros2_ws/install/mrpt_msgs/include/mrpt_msgs/mrpt_msgs/msg/detail/generic_observation__rosidl_typesupport_introspection_cpp.hpp
[2.409s] -- Up-to-date symlink: /home/jozef/ros2_ws/install/mrpt_msgs/include/mrpt_msgs/mrpt_msgs/msg/detail/graph_constraint__rosidl_typesupport_introspection_cpp.hpp
[2.409s] -- Up-to-date symlink: /home/jozef/ros2_ws/install/mrpt_msgs/include/mrpt_msgs/mrpt_msgs/msg/detail/graph_slam_agent__rosidl_typesupport_introspection_cpp.hpp
[2.410s] -- Up-to-date symlink: /home/jozef/ros2_ws/install/mrpt_msgs/include/mrpt_msgs/mrpt_msgs/msg/detail/graph_slam_agents__rosidl_typesupport_introspection_cpp.hpp
[2.410s] -- Up-to-date symlink: /home/jozef/ros2_ws/install/mrpt_msgs/include/mrpt_msgs/mrpt_msgs/msg/detail/graph_slam_stats__rosidl_typesupport_introspection_cpp.hpp
[2.410s] -- Up-to-date symlink: /home/jozef/ros2_ws/install/mrpt_msgs/include/mrpt_msgs/mrpt_msgs/msg/detail/network_of_poses__rosidl_typesupport_introspection_cpp.hpp
[2.410s] -- Up-to-date symlink: /home/jozef/ros2_ws/install/mrpt_msgs/include/mrpt_msgs/mrpt_msgs/msg/detail/node_id_with_laser_scan__rosidl_typesupport_introspection_cpp.hpp
[2.410s] -- Up-to-date symlink: /home/jozef/ros2_ws/install/mrpt_msgs/include/mrpt_msgs/mrpt_msgs/msg/detail/node_id_with_pose__rosidl_typesupport_introspection_cpp.hpp
[2.410s] -- Up-to-date symlink: /home/jozef/ros2_ws/install/mrpt_msgs/include/mrpt_msgs/mrpt_msgs/msg/detail/node_id_with_pose_vec__rosidl_typesupport_introspection_cpp.hpp
[2.410s] -- Up-to-date symlink: /home/jozef/ros2_ws/install/mrpt_msgs/include/mrpt_msgs/mrpt_msgs/msg/detail/observation_object__rosidl_typesupport_introspection_cpp.hpp
[2.410s] -- Up-to-date symlink: /home/jozef/ros2_ws/install/mrpt_msgs/include/mrpt_msgs/mrpt_msgs/msg/detail/observation_range_beacon__rosidl_typesupport_introspection_cpp.hpp
[2.416s] -- Up-to-date symlink: /home/jozef/ros2_ws/install/mrpt_msgs/include/mrpt_msgs/mrpt_msgs/msg/detail/observation_range_bearing__rosidl_typesupport_introspection_cpp.hpp
[2.419s] -- Up-to-date symlink: /home/jozef/ros2_ws/install/mrpt_msgs/include/mrpt_msgs/mrpt_msgs/msg/detail/single_object_observation__rosidl_typesupport_introspection_cpp.hpp
[2.419s] -- Up-to-date symlink: /home/jozef/ros2_ws/install/mrpt_msgs/include/mrpt_msgs/mrpt_msgs/msg/detail/single_range_beacon_observation__rosidl_typesupport_introspection_cpp.hpp
[2.419s] -- Up-to-date symlink: /home/jozef/ros2_ws/install/mrpt_msgs/include/mrpt_msgs/mrpt_msgs/msg/detail/single_range_bearing_observation__rosidl_typesupport_introspection_cpp.hpp
[2.419s] -- Up-to-date symlink: /home/jozef/ros2_ws/install/mrpt_msgs/include/mrpt_msgs/mrpt_msgs/msg/detail/waypoint__rosidl_typesupport_introspection_cpp.hpp
[2.420s] -- Up-to-date symlink: /home/jozef/ros2_ws/install/mrpt_msgs/include/mrpt_msgs/mrpt_msgs/msg/detail/waypoint_sequence__rosidl_typesupport_introspection_cpp.hpp
[2.420s] -- Up-to-date symlink: /home/jozef/ros2_ws/install/mrpt_msgs/include/mrpt_msgs/mrpt_msgs/srv/detail/get_cm_graph__rosidl_typesupport_introspection_cpp.hpp
[2.420s] -- Up-to-date symlink: /home/jozef/ros2_ws/install/mrpt_msgs/share/mrpt_msgs/environment/pythonpath.sh
[2.420s] -- Up-to-date symlink: /home/jozef/ros2_ws/install/mrpt_msgs/share/mrpt_msgs/environment/pythonpath.dsv
[2.420s] -- Up-to-date symlink: /home/jozef/ros2_ws/install/mrpt_msgs/local/lib/python3.10/dist-packages/mrpt_msgs-0.5.0-py3.10.egg-info/PKG-INFO
[2.420s] -- Up-to-date symlink: /home/jozef/ros2_ws/install/mrpt_msgs/local/lib/python3.10/dist-packages/mrpt_msgs-0.5.0-py3.10.egg-info/SOURCES.txt
[2.420s] -- Up-to-date symlink: /home/jozef/ros2_ws/install/mrpt_msgs/local/lib/python3.10/dist-packages/mrpt_msgs-0.5.0-py3.10.egg-info/dependency_links.txt
[2.420s] -- Up-to-date symlink: /home/jozef/ros2_ws/install/mrpt_msgs/local/lib/python3.10/dist-packages/mrpt_msgs-0.5.0-py3.10.egg-info/top_level.txt
[2.421s] -- Up-to-date symlink: /home/jozef/ros2_ws/install/mrpt_msgs/local/lib/python3.10/dist-packages/mrpt_msgs/__init__.py
[2.421s] -- Up-to-date symlink: /home/jozef/ros2_ws/install/mrpt_msgs/local/lib/python3.10/dist-packages/mrpt_msgs/_mrpt_msgs_s.ep.rosidl_typesupport_c.c
[2.421s] -- Up-to-date symlink: /home/jozef/ros2_ws/install/mrpt_msgs/local/lib/python3.10/dist-packages/mrpt_msgs/_mrpt_msgs_s.ep.rosidl_typesupport_fastrtps_c.c
[2.421s] -- Up-to-date symlink: /home/jozef/ros2_ws/install/mrpt_msgs/local/lib/python3.10/dist-packages/mrpt_msgs/_mrpt_msgs_s.ep.rosidl_typesupport_introspection_c.c
[2.421s] -- Up-to-date symlink: /home/jozef/ros2_ws/install/mrpt_msgs/local/lib/python3.10/dist-packages/mrpt_msgs/libmrpt_msgs__rosidl_generator_py.so
[2.428s] -- Up-to-date symlink: /home/jozef/ros2_ws/install/mrpt_msgs/local/lib/python3.10/dist-packages/mrpt_msgs/mrpt_msgs_s__rosidl_typesupport_c.cpython-310-x86_64-linux-gnu.so
[2.436s] -- Up-to-date symlink: /home/jozef/ros2_ws/install/mrpt_msgs/local/lib/python3.10/dist-packages/mrpt_msgs/mrpt_msgs_s__rosidl_typesupport_fastrtps_c.cpython-310-x86_64-linux-gnu.so
[2.436s] -- Up-to-date symlink: /home/jozef/ros2_ws/install/mrpt_msgs/local/lib/python3.10/dist-packages/mrpt_msgs/mrpt_msgs_s__rosidl_typesupport_introspection_c.cpython-310-x86_64-linux-gnu.so
[2.436s] -- Up-to-date symlink: /home/jozef/ros2_ws/install/mrpt_msgs/local/lib/python3.10/dist-packages/mrpt_msgs/msg/__init__.py
[2.436s] -- Up-to-date symlink: /home/jozef/ros2_ws/install/mrpt_msgs/local/lib/python3.10/dist-packages/mrpt_msgs/msg/_generic_object.py
[2.436s] -- Up-to-date symlink: /home/jozef/ros2_ws/install/mrpt_msgs/local/lib/python3.10/dist-packages/mrpt_msgs/msg/_generic_object_s.c
[2.437s] -- Up-to-date symlink: /home/jozef/ros2_ws/install/mrpt_msgs/local/lib/python3.10/dist-packages/mrpt_msgs/msg/_generic_observation.py
[2.437s] -- Up-to-date symlink: /home/jozef/ros2_ws/install/mrpt_msgs/local/lib/python3.10/dist-packages/mrpt_msgs/msg/_generic_observation_s.c
[2.437s] -- Up-to-date symlink: /home/jozef/ros2_ws/install/mrpt_msgs/local/lib/python3.10/dist-packages/mrpt_msgs/msg/_graph_constraint.py
[2.437s] -- Up-to-date symlink: /home/jozef/ros2_ws/install/mrpt_msgs/local/lib/python3.10/dist-packages/mrpt_msgs/msg/_graph_constraint_s.c
[2.437s] -- Up-to-date symlink: /home/jozef/ros2_ws/install/mrpt_msgs/local/lib/python3.10/dist-packages/mrpt_msgs/msg/_graph_slam_agent.py
[2.437s] -- Up-to-date symlink: /home/jozef/ros2_ws/install/mrpt_msgs/local/lib/python3.10/dist-packages/mrpt_msgs/msg/_graph_slam_agent_s.c
[2.437s] -- Up-to-date symlink: /home/jozef/ros2_ws/install/mrpt_msgs/local/lib/python3.10/dist-packages/mrpt_msgs/msg/_graph_slam_agents.py
[2.437s] -- Up-to-date symlink: /home/jozef/ros2_ws/install/mrpt_msgs/local/lib/python3.10/dist-packages/mrpt_msgs/msg/_graph_slam_agents_s.c
[2.437s] -- Up-to-date symlink: /home/jozef/ros2_ws/install/mrpt_msgs/local/lib/python3.10/dist-packages/mrpt_msgs/msg/_graph_slam_stats.py
[2.438s] -- Up-to-date symlink: /home/jozef/ros2_ws/install/mrpt_msgs/local/lib/python3.10/dist-packages/mrpt_msgs/msg/_graph_slam_stats_s.c
[2.438s] -- Up-to-date symlink: /home/jozef/ros2_ws/install/mrpt_msgs/local/lib/python3.10/dist-packages/mrpt_msgs/msg/_network_of_poses.py
[2.438s] -- Up-to-date symlink: /home/jozef/ros2_ws/install/mrpt_msgs/local/lib/python3.10/dist-packages/mrpt_msgs/msg/_network_of_poses_s.c
[2.438s] -- Up-to-date symlink: /home/jozef/ros2_ws/install/mrpt_msgs/local/lib/python3.10/dist-packages/mrpt_msgs/msg/_node_id_with_laser_scan.py
[2.439s] -- Up-to-date symlink: /home/jozef/ros2_ws/install/mrpt_msgs/local/lib/python3.10/dist-packages/mrpt_msgs/msg/_node_id_with_laser_scan_s.c
[2.440s] -- Up-to-date symlink: /home/jozef/ros2_ws/install/mrpt_msgs/local/lib/python3.10/dist-packages/mrpt_msgs/msg/_node_id_with_pose.py
[2.441s] -- Up-to-date symlink: /home/jozef/ros2_ws/install/mrpt_msgs/local/lib/python3.10/dist-packages/mrpt_msgs/msg/_node_id_with_pose_s.c
[2.441s] -- Up-to-date symlink: /home/jozef/ros2_ws/install/mrpt_msgs/local/lib/python3.10/dist-packages/mrpt_msgs/msg/_node_id_with_pose_vec.py
[2.441s] -- Up-to-date symlink: /home/jozef/ros2_ws/install/mrpt_msgs/local/lib/python3.10/dist-packages/mrpt_msgs/msg/_node_id_with_pose_vec_s.c
[2.441s] -- Up-to-date symlink: /home/jozef/ros2_ws/install/mrpt_msgs/local/lib/python3.10/dist-packages/mrpt_msgs/msg/_observation_object.py
[2.441s] -- Up-to-date symlink: /home/jozef/ros2_ws/install/mrpt_msgs/local/lib/python3.10/dist-packages/mrpt_msgs/msg/_observation_object_s.c
[2.442s] -- Up-to-date symlink: /home/jozef/ros2_ws/install/mrpt_msgs/local/lib/python3.10/dist-packages/mrpt_msgs/msg/_observation_range_beacon.py
[2.442s] -- Up-to-date symlink: /home/jozef/ros2_ws/install/mrpt_msgs/local/lib/python3.10/dist-packages/mrpt_msgs/msg/_observation_range_beacon_s.c
[2.446s] -- Up-to-date symlink: /home/jozef/ros2_ws/install/mrpt_msgs/local/lib/python3.10/dist-packages/mrpt_msgs/msg/_observation_range_bearing.py
[2.446s] -- Up-to-date symlink: /home/jozef/ros2_ws/install/mrpt_msgs/local/lib/python3.10/dist-packages/mrpt_msgs/msg/_observation_range_bearing_s.c
[2.446s] -- Up-to-date symlink: /home/jozef/ros2_ws/install/mrpt_msgs/local/lib/python3.10/dist-packages/mrpt_msgs/msg/_single_object_observation.py
[2.447s] -- Up-to-date symlink: /home/jozef/ros2_ws/install/mrpt_msgs/local/lib/python3.10/dist-packages/mrpt_msgs/msg/_single_object_observation_s.c
[2.447s] -- Up-to-date symlink: /home/jozef/ros2_ws/install/mrpt_msgs/local/lib/python3.10/dist-packages/mrpt_msgs/msg/_single_range_beacon_observation.py
[2.447s] -- Up-to-date symlink: /home/jozef/ros2_ws/install/mrpt_msgs/local/lib/python3.10/dist-packages/mrpt_msgs/msg/_single_range_beacon_observation_s.c
[2.447s] -- Up-to-date symlink: /home/jozef/ros2_ws/install/mrpt_msgs/local/lib/python3.10/dist-packages/mrpt_msgs/msg/_single_range_bearing_observation.py
[2.447s] -- Up-to-date symlink: /home/jozef/ros2_ws/install/mrpt_msgs/local/lib/python3.10/dist-packages/mrpt_msgs/msg/_single_range_bearing_observation_s.c
[2.448s] -- Up-to-date symlink: /home/jozef/ros2_ws/install/mrpt_msgs/local/lib/python3.10/dist-packages/mrpt_msgs/msg/_waypoint.py
[2.448s] -- Up-to-date symlink: /home/jozef/ros2_ws/install/mrpt_msgs/local/lib/python3.10/dist-packages/mrpt_msgs/msg/_waypoint_s.c
[2.448s] -- Up-to-date symlink: /home/jozef/ros2_ws/install/mrpt_msgs/local/lib/python3.10/dist-packages/mrpt_msgs/msg/_waypoint_sequence.py
[2.448s] -- Up-to-date symlink: /home/jozef/ros2_ws/install/mrpt_msgs/local/lib/python3.10/dist-packages/mrpt_msgs/msg/_waypoint_sequence_s.c
[2.448s] -- Up-to-date symlink: /home/jozef/ros2_ws/install/mrpt_msgs/local/lib/python3.10/dist-packages/mrpt_msgs/srv/__init__.py
[2.448s] -- Up-to-date symlink: /home/jozef/ros2_ws/install/mrpt_msgs/local/lib/python3.10/dist-packages/mrpt_msgs/srv/_get_cm_graph.py
[2.448s] -- Up-to-date symlink: /home/jozef/ros2_ws/install/mrpt_msgs/local/lib/python3.10/dist-packages/mrpt_msgs/srv/_get_cm_graph_s.c
[2.448s] -- Up-to-date symlink: /home/jozef/ros2_ws/install/mrpt_msgs/local/lib/python3.10/dist-packages/mrpt_msgs/mrpt_msgs_s__rosidl_typesupport_fastrtps_c.cpython-310-x86_64-linux-gnu.so
[2.449s] -- Up-to-date symlink: /home/jozef/ros2_ws/install/mrpt_msgs/local/lib/python3.10/dist-packages/mrpt_msgs/mrpt_msgs_s__rosidl_typesupport_introspection_c.cpython-310-x86_64-linux-gnu.so
[2.449s] -- Up-to-date symlink: /home/jozef/ros2_ws/install/mrpt_msgs/local/lib/python3.10/dist-packages/mrpt_msgs/mrpt_msgs_s__rosidl_typesupport_c.cpython-310-x86_64-linux-gnu.so
[2.449s] -- Up-to-date symlink: /home/jozef/ros2_ws/install/mrpt_msgs/share/mrpt_msgs/msg/GenericObservation.idl
[2.450s] -- Up-to-date symlink: /home/jozef/ros2_ws/install/mrpt_msgs/share/mrpt_msgs/msg/GraphConstraint.idl
[2.450s] -- Up-to-date symlink: /home/jozef/ros2_ws/install/mrpt_msgs/share/mrpt_msgs/msg/GraphSlamAgent.idl
[2.450s] -- Up-to-date symlink: /home/jozef/ros2_ws/install/mrpt_msgs/share/mrpt_msgs/msg/GraphSlamStats.idl
[2.450s] -- Up-to-date symlink: /home/jozef/ros2_ws/install/mrpt_msgs/share/mrpt_msgs/msg/ObservationObject.idl
[2.450s] -- Up-to-date symlink: /home/jozef/ros2_ws/install/mrpt_msgs/share/mrpt_msgs/msg/ObservationRangeBeacon.idl
[2.451s] -- Up-to-date symlink: /home/jozef/ros2_ws/install/mrpt_msgs/share/mrpt_msgs/msg/ObservationRangeBearing.idl
[2.451s] -- Up-to-date symlink: /home/jozef/ros2_ws/install/mrpt_msgs/share/mrpt_msgs/msg/WaypointSequence.idl
[2.451s] -- Up-to-date symlink: /home/jozef/ros2_ws/install/mrpt_msgs/share/mrpt_msgs/msg/GenericObject.idl
[2.452s] -- Up-to-date symlink: /home/jozef/ros2_ws/install/mrpt_msgs/share/mrpt_msgs/msg/GraphSlamAgents.idl
[2.453s] -- Up-to-date symlink: /home/jozef/ros2_ws/install/mrpt_msgs/share/mrpt_msgs/msg/NetworkOfPoses.idl
[2.453s] -- Up-to-date symlink: /home/jozef/ros2_ws/install/mrpt_msgs/share/mrpt_msgs/msg/NodeIDWithLaserScan.idl
[2.453s] -- Up-to-date symlink: /home/jozef/ros2_ws/install/mrpt_msgs/share/mrpt_msgs/msg/NodeIDWithPose.idl
[2.453s] -- Up-to-date symlink: /home/jozef/ros2_ws/install/mrpt_msgs/share/mrpt_msgs/msg/NodeIDWithPoseVec.idl
[2.459s] -- Up-to-date symlink: /home/jozef/ros2_ws/install/mrpt_msgs/share/mrpt_msgs/msg/SingleObjectObservation.idl
[2.459s] -- Up-to-date symlink: /home/jozef/ros2_ws/install/mrpt_msgs/share/mrpt_msgs/msg/SingleRangeBeaconObservation.idl
[2.459s] -- Up-to-date symlink: /home/jozef/ros2_ws/install/mrpt_msgs/share/mrpt_msgs/msg/SingleRangeBearingObservation.idl
[2.460s] -- Up-to-date symlink: /home/jozef/ros2_ws/install/mrpt_msgs/share/mrpt_msgs/msg/Waypoint.idl
[2.460s] -- Up-to-date symlink: /home/jozef/ros2_ws/install/mrpt_msgs/share/mrpt_msgs/srv/GetCMGraph.idl
[2.464s] -- Up-to-date symlink: /home/jozef/ros2_ws/install/mrpt_msgs/share/mrpt_msgs/msg-ros2/GenericObservation.msg
[2.465s] -- Up-to-date symlink: /home/jozef/ros2_ws/install/mrpt_msgs/share/mrpt_msgs/msg-ros2/GraphConstraint.msg
[2.466s] -- Up-to-date symlink: /home/jozef/ros2_ws/install/mrpt_msgs/share/mrpt_msgs/msg-ros2/GraphSlamAgent.msg
[2.467s] -- Up-to-date symlink: /home/jozef/ros2_ws/install/mrpt_msgs/share/mrpt_msgs/msg-ros2/GraphSlamStats.msg
[2.467s] -- Up-to-date symlink: /home/jozef/ros2_ws/install/mrpt_msgs/share/mrpt_msgs/msg-ros2/ObservationObject.msg
[2.467s] -- Up-to-date symlink: /home/jozef/ros2_ws/install/mrpt_msgs/share/mrpt_msgs/msg-ros2/ObservationRangeBeacon.msg
[2.467s] -- Up-to-date symlink: /home/jozef/ros2_ws/install/mrpt_msgs/share/mrpt_msgs/msg-ros2/ObservationRangeBearing.msg
[2.467s] -- Up-to-date symlink: /home/jozef/ros2_ws/install/mrpt_msgs/share/mrpt_msgs/msg-ros2/WaypointSequence.msg
[2.467s] -- Up-to-date symlink: /home/jozef/ros2_ws/install/mrpt_msgs/share/mrpt_msgs/msg-common/GenericObject.msg
[2.467s] -- Up-to-date symlink: /home/jozef/ros2_ws/install/mrpt_msgs/share/mrpt_msgs/msg-common/GraphSlamAgents.msg
[2.467s] -- Up-to-date symlink: /home/jozef/ros2_ws/install/mrpt_msgs/share/mrpt_msgs/msg-common/NetworkOfPoses.msg
[2.467s] -- Up-to-date symlink: /home/jozef/ros2_ws/install/mrpt_msgs/share/mrpt_msgs/msg-common/NodeIDWithLaserScan.msg
[2.468s] -- Up-to-date symlink: /home/jozef/ros2_ws/install/mrpt_msgs/share/mrpt_msgs/msg-common/NodeIDWithPose.msg
[2.468s] -- Up-to-date symlink: /home/jozef/ros2_ws/install/mrpt_msgs/share/mrpt_msgs/msg-common/NodeIDWithPoseVec.msg
[2.468s] -- Up-to-date symlink: /home/jozef/ros2_ws/install/mrpt_msgs/share/mrpt_msgs/msg-common/SingleObjectObservation.msg
[2.468s] -- Up-to-date symlink: /home/jozef/ros2_ws/install/mrpt_msgs/share/mrpt_msgs/msg-common/SingleRangeBeaconObservation.msg
[2.468s] -- Up-to-date symlink: /home/jozef/ros2_ws/install/mrpt_msgs/share/mrpt_msgs/msg-common/SingleRangeBearingObservation.msg
[2.468s] -- Up-to-date symlink: /home/jozef/ros2_ws/install/mrpt_msgs/share/mrpt_msgs/msg-common/Waypoint.msg
[2.468s] -- Up-to-date symlink: /home/jozef/ros2_ws/install/mrpt_msgs/share/mrpt_msgs/srv/GetCMGraph.srv
[2.468s] -- Up-to-date symlink: /home/jozef/ros2_ws/install/mrpt_msgs/share/mrpt_msgs/srv/GetCMGraph_Request.msg
[2.468s] -- Up-to-date symlink: /home/jozef/ros2_ws/install/mrpt_msgs/share/mrpt_msgs/srv/GetCMGraph_Response.msg
[2.469s] -- Up-to-date symlink: /home/jozef/ros2_ws/install/mrpt_msgs/share/ament_index/resource_index/package_run_dependencies/mrpt_msgs
[2.469s] -- Up-to-date symlink: /home/jozef/ros2_ws/install/mrpt_msgs/share/ament_index/resource_index/parent_prefix_path/mrpt_msgs
[2.469s] -- Up-to-date symlink: /home/jozef/ros2_ws/install/mrpt_msgs/share/mrpt_msgs/environment/ament_prefix_path.sh
[2.469s] -- Up-to-date symlink: /home/jozef/ros2_ws/install/mrpt_msgs/share/mrpt_msgs/environment/ament_prefix_path.dsv
[2.469s] -- Up-to-date symlink: /home/jozef/ros2_ws/install/mrpt_msgs/share/mrpt_msgs/environment/path.sh
[2.469s] -- Up-to-date symlink: /home/jozef/ros2_ws/install/mrpt_msgs/share/mrpt_msgs/environment/path.dsv
[2.469s] -- Up-to-date symlink: /home/jozef/ros2_ws/install/mrpt_msgs/share/mrpt_msgs/local_setup.bash
[2.469s] -- Up-to-date symlink: /home/jozef/ros2_ws/install/mrpt_msgs/share/mrpt_msgs/local_setup.sh
[2.478s] -- Up-to-date symlink: /home/jozef/ros2_ws/install/mrpt_msgs/share/mrpt_msgs/local_setup.zsh
[2.478s] -- Up-to-date symlink: /home/jozef/ros2_ws/install/mrpt_msgs/share/mrpt_msgs/local_setup.dsv
[2.479s] -- Symlinking: /home/jozef/ros2_ws/install/mrpt_msgs/share/mrpt_msgs/package.dsv
[2.496s] -- Up-to-date symlink: /home/jozef/ros2_ws/install/mrpt_msgs/share/ament_index/resource_index/packages/mrpt_msgs
[2.496s] -- Up-to-date symlink: /home/jozef/ros2_ws/install/mrpt_msgs/share/mrpt_msgs/cmake/rosidl_cmake-extras.cmake
[2.496s] -- Up-to-date symlink: /home/jozef/ros2_ws/install/mrpt_msgs/share/mrpt_msgs/cmake/ament_cmake_export_dependencies-extras.cmake
[2.497s] -- Up-to-date symlink: /home/jozef/ros2_ws/install/mrpt_msgs/share/mrpt_msgs/cmake/ament_cmake_export_include_directories-extras.cmake
[2.502s] -- Up-to-date symlink: /home/jozef/ros2_ws/install/mrpt_msgs/share/mrpt_msgs/cmake/ament_cmake_export_libraries-extras.cmake
[2.502s] -- Up-to-date symlink: /home/jozef/ros2_ws/install/mrpt_msgs/share/mrpt_msgs/cmake/ament_cmake_export_targets-extras.cmake
[2.502s] -- Up-to-date symlink: /home/jozef/ros2_ws/install/mrpt_msgs/share/mrpt_msgs/cmake/rosidl_cmake_export_typesupport_targets-extras.cmake
[2.502s] -- Up-to-date symlink: /home/jozef/ros2_ws/install/mrpt_msgs/share/mrpt_msgs/cmake/rosidl_cmake_export_typesupport_libraries-extras.cmake
[2.503s] -- Up-to-date symlink: /home/jozef/ros2_ws/install/mrpt_msgs/share/mrpt_msgs/cmake/mrpt_msgsConfig.cmake
[2.503s] -- Up-to-date symlink: /home/jozef/ros2_ws/install/mrpt_msgs/share/mrpt_msgs/cmake/mrpt_msgsConfig-version.cmake
[2.503s] -- Up-to-date symlink: /home/jozef/ros2_ws/install/mrpt_msgs/share/mrpt_msgs/package.xml
[2.503s] -- Up-to-date: /home/jozef/ros2_ws/install/mrpt_msgs/lib/libmrpt_msgs__rosidl_generator_c.so
[2.503s] -- Up-to-date: /home/jozef/ros2_ws/install/mrpt_msgs/lib/libmrpt_msgs__rosidl_typesupport_fastrtps_c.so
[2.503s] -- Up-to-date: /home/jozef/ros2_ws/install/mrpt_msgs/lib/libmrpt_msgs__rosidl_typesupport_introspection_c.so
[2.503s] -- Up-to-date: /home/jozef/ros2_ws/install/mrpt_msgs/lib/libmrpt_msgs__rosidl_typesupport_c.so
[2.503s] -- Up-to-date: /home/jozef/ros2_ws/install/mrpt_msgs/lib/libmrpt_msgs__rosidl_typesupport_fastrtps_cpp.so
[2.503s] -- Up-to-date: /home/jozef/ros2_ws/install/mrpt_msgs/lib/libmrpt_msgs__rosidl_typesupport_introspection_cpp.so
[2.503s] -- Up-to-date: /home/jozef/ros2_ws/install/mrpt_msgs/lib/libmrpt_msgs__rosidl_typesupport_cpp.so
[2.608s] Listing '/home/jozef/ros2_ws/install/mrpt_msgs/local/lib/python3.10/dist-packages/mrpt_msgs'...
[2.608s] Listing '/home/jozef/ros2_ws/install/mrpt_msgs/local/lib/python3.10/dist-packages/mrpt_msgs/msg'...
[2.609s] Listing '/home/jozef/ros2_ws/install/mrpt_msgs/local/lib/python3.10/dist-packages/mrpt_msgs/srv'...
[2.622s] -- Up-to-date: /home/jozef/ros2_ws/install/mrpt_msgs/lib/libmrpt_msgs__rosidl_generator_py.so
[2.623s] -- Up-to-date: /home/jozef/ros2_ws/install/mrpt_msgs/share/mrpt_msgs/cmake/export_mrpt_msgs__rosidl_generator_cExport.cmake
[2.623s] -- Up-to-date: /home/jozef/ros2_ws/install/mrpt_msgs/share/mrpt_msgs/cmake/export_mrpt_msgs__rosidl_generator_cExport-noconfig.cmake
[2.623s] -- Up-to-date: /home/jozef/ros2_ws/install/mrpt_msgs/share/mrpt_msgs/cmake/export_mrpt_msgs__rosidl_typesupport_fastrtps_cExport.cmake
[2.623s] -- Up-to-date: /home/jozef/ros2_ws/install/mrpt_msgs/share/mrpt_msgs/cmake/export_mrpt_msgs__rosidl_typesupport_fastrtps_cExport-noconfig.cmake
[2.625s] -- Up-to-date: /home/jozef/ros2_ws/install/mrpt_msgs/share/mrpt_msgs/cmake/mrpt_msgs__rosidl_typesupport_introspection_cExport.cmake
[2.625s] -- Up-to-date: /home/jozef/ros2_ws/install/mrpt_msgs/share/mrpt_msgs/cmake/mrpt_msgs__rosidl_typesupport_introspection_cExport-noconfig.cmake
[2.625s] -- Up-to-date: /home/jozef/ros2_ws/install/mrpt_msgs/share/mrpt_msgs/cmake/mrpt_msgs__rosidl_typesupport_cExport.cmake
[2.625s] -- Up-to-date: /home/jozef/ros2_ws/install/mrpt_msgs/share/mrpt_msgs/cmake/mrpt_msgs__rosidl_typesupport_cExport-noconfig.cmake
[2.625s] -- Up-to-date: /home/jozef/ros2_ws/install/mrpt_msgs/share/mrpt_msgs/cmake/export_mrpt_msgs__rosidl_generator_cppExport.cmake
[2.626s] -- Up-to-date: /home/jozef/ros2_ws/install/mrpt_msgs/share/mrpt_msgs/cmake/export_mrpt_msgs__rosidl_typesupport_fastrtps_cppExport.cmake
[2.626s] -- Up-to-date: /home/jozef/ros2_ws/install/mrpt_msgs/share/mrpt_msgs/cmake/export_mrpt_msgs__rosidl_typesupport_fastrtps_cppExport-noconfig.cmake
[2.626s] -- Up-to-date: /home/jozef/ros2_ws/install/mrpt_msgs/share/mrpt_msgs/cmake/mrpt_msgs__rosidl_typesupport_introspection_cppExport.cmake
[2.626s] -- Up-to-date: /home/jozef/ros2_ws/install/mrpt_msgs/share/mrpt_msgs/cmake/mrpt_msgs__rosidl_typesupport_introspection_cppExport-noconfig.cmake
[2.626s] -- Up-to-date: /home/jozef/ros2_ws/install/mrpt_msgs/share/mrpt_msgs/cmake/mrpt_msgs__rosidl_typesupport_cppExport.cmake
[2.626s] -- Up-to-date: /home/jozef/ros2_ws/install/mrpt_msgs/share/mrpt_msgs/cmake/mrpt_msgs__rosidl_typesupport_cppExport-noconfig.cmake
[2.627s] -- Up-to-date: /home/jozef/ros2_ws/install/mrpt_msgs/share/mrpt_msgs/cmake/export_mrpt_msgs__rosidl_generator_pyExport.cmake
[2.628s] -- Up-to-date: /home/jozef/ros2_ws/install/mrpt_msgs/share/mrpt_msgs/cmake/export_mrpt_msgs__rosidl_generator_pyExport-noconfig.cmake
[3.329s] Invoked command in '/home/jozef/ros2_ws/build/mrpt_msgs' returned '0': CMAKE_PREFIX_PATH=/home/jozef/ros2_ws/install/tb2_slam:/home/jozef/ros2_ws/install/rqt_mocap4r2_control:/home/jozef/ros2_ws/install/neo_localization2:/home/jozef/ros2_ws/install/mrpt_navigation:/home/jozef/ros2_ws/install/mrpt_tutorials:/home/jozef/ros2_ws/install/mrpt_tps_astar_planner:/home/jozef/ros2_ws/install/mrpt_reactivenav2d:/home/jozef/ros2_ws/install/mrpt_rawlog:/home/jozef/ros2_ws/install/mrpt_pointcloud_pipeline:/home/jozef/ros2_ws/install/mrpt_pf_localization:/home/jozef/ros2_ws/install/mrpt_map_server:/home/jozef/ros2_ws/install/mrpt_nav_interfaces:/home/jozef/ros2_ws/install/mrpt_msgs_bridge:/home/jozef/ros2_ws/install/tb2_control:/home/jozef/ros2_ws/install/tb2_bringup:/home/jozef/ros2_ws/install/mocap4r2cli:/home/jozef/ros2_ws/install/localization_benchmarking:/opt/ros/humble:/home/jozef/ros2_ws/install/mrpt_msgs:/home/jozef/ros2_ws/install/mocap4r2_robot_gt:/home/jozef/ros2_ws/install/mocap4r2_robot_gt_msgs:/home/jozef/ros2_ws/install/mocap4r2_optitrack_driver:/home/jozef/ros2_ws/install/mocap4r2_marker_viz:/home/jozef/ros2_ws/install/mocap4r2_marker_publisher:/home/jozef/ros2_ws/install/mocap4r2_dummy_driver:/home/jozef/ros2_ws/install/mocap4r2_msgs:/home/jozef/ros2_ws/install/mocap4r2_marker_viz_srvs:/home/jozef/ros2_ws/install/mocap4r2_control:/home/jozef/ros2_ws/install/mocap4r2_control_msgs:/home/jozef/ros2_ws/install/message_filters /usr/bin/cmake --install /home/jozef/ros2_ws/build/mrpt_msgs
