[0.044s] Invoking command in '/home/jozef/ros2_ws/build/mrpt_reactivenav2d': AMENT_PREFIX_PATH=/home/jozef/ros2_ws/install/mrpt_nav_interfaces:/home/jozef/ros2_ws/install/mrpt_msgs:${AMENT_PREFIX_PATH} CMAKE_PREFIX_PATH=/home/jozef/ros2_ws/install/mrpt_nav_interfaces:/home/jozef/ros2_ws/install/mrpt_msgs:/opt/ros/humble LD_LIBRARY_PATH=/home/jozef/ros2_ws/install/mrpt_nav_interfaces/lib:/home/jozef/ros2_ws/install/mrpt_msgs/lib:${LD_LIBRARY_PATH} PYTHONPATH=/home/jozef/ros2_ws/install/mrpt_nav_interfaces/local/lib/python3.10/dist-packages:/home/jozef/ros2_ws/install/mrpt_msgs/local/lib/python3.10/dist-packages:${PYTHONPATH} /usr/bin/cmake /home/jozef/ros2_ws/src/mrpt_navigation/mrpt_reactivenav2d -DAMENT_CMAKE_SYMLINK_INSTALL=1 -DCMAKE_INSTALL_PREFIX=/home/jozef/ros2_ws/install/mrpt_reactivenav2d
[0.159s] -- The C compiler identification is GNU 11.4.0
[0.285s] -- The CXX compiler identification is GNU 11.4.0
[0.298s] -- Detecting C compiler ABI info
[0.462s] -- Detecting C compiler ABI info - done
[0.480s] -- Check for working C compiler: /usr/bin/cc - skipped
[0.480s] -- Detecting C compile features
[0.481s] -- Detecting C compile features - done
[0.486s] -- Detecting CXX compiler ABI info
[0.662s] -- Detecting CXX compiler ABI info - done
[0.678s] -- Check for working CXX compiler: /usr/bin/c++ - skipped
[0.679s] -- Detecting CXX compile features
[0.680s] -- Detecting CXX compile features - done
[0.686s] -- Found ament_cmake: 1.3.11 (/opt/ros/humble/share/ament_cmake/cmake)
[1.540s] -- Found Python3: /usr/bin/python3 (found version "3.10.12") found components: Interpreter 
[1.666s] -- Override CMake install command with custom implementation using symlinks instead of copying resources
[1.744s] -- Found rclcpp: 16.0.11 (/opt/ros/humble/share/rclcpp/cmake)
[1.822s] -- Found rosidl_generator_c: 3.1.6 (/opt/ros/humble/share/rosidl_generator_c/cmake)
[1.831s] -- Found rosidl_adapter: 3.1.6 (/opt/ros/humble/share/rosidl_adapter/cmake)
[1.845s] -- Found rosidl_generator_cpp: 3.1.6 (/opt/ros/humble/share/rosidl_generator_cpp/cmake)
[1.867s] -- Using all available rosidl_typesupport_c: rosidl_typesupport_fastrtps_c;rosidl_typesupport_introspection_c
[1.907s] -- Using all available rosidl_typesupport_cpp: rosidl_typesupport_fastrtps_cpp;rosidl_typesupport_introspection_cpp
[1.986s] -- Found rmw_implementation_cmake: 6.1.2 (/opt/ros/humble/share/rmw_implementation_cmake/cmake)
[1.991s] -- Found rmw_fastrtps_cpp: 6.2.7 (/opt/ros/humble/share/rmw_fastrtps_cpp/cmake)
[2.178s] -- Found OpenSSL: /usr/lib/x86_64-linux-gnu/libcrypto.so (found version "3.0.2")  
[2.231s] -- Found FastRTPS: /opt/ros/humble/include  
[2.309s] -- Using RMW implementation 'rmw_fastrtps_cpp' as default
[2.324s] -- Looking for pthread.h
[2.451s] -- Looking for pthread.h - found
[2.453s] -- Performing Test CMAKE_HAVE_LIBC_PTHREAD
[2.685s] -- Performing Test CMAKE_HAVE_LIBC_PTHREAD - Success
[2.689s] -- Found Threads: TRUE  
[2.792s] -- Found rclcpp_components: 16.0.11 (/opt/ros/humble/share/rclcpp_components/cmake)
[2.851s] -- Found nav_msgs: 4.2.4 (/opt/ros/humble/share/nav_msgs/cmake)
[2.919s] -- Found sensor_msgs: 4.2.4 (/opt/ros/humble/share/sensor_msgs/cmake)
[2.953s] -- Found mrpt_msgs: 0.5.0 (/home/jozef/ros2_ws/install/mrpt_msgs/share/mrpt_msgs/cmake)
[2.986s] -- Found tf2: 0.25.9 (/opt/ros/humble/share/tf2/cmake)
[2.996s] -- Found tf2_ros: 0.25.9 (/opt/ros/humble/share/tf2_ros/cmake)
[3.130s] -- Found tf2_geometry_msgs: 0.25.9 (/opt/ros/humble/share/tf2_geometry_msgs/cmake)
[3.157s] -- Found eigen3_cmake_module: 0.1.1 (/opt/ros/humble/share/eigen3_cmake_module/cmake)
[3.159s] -- Found Eigen3: TRUE (found version "3.4.0") 
[3.159s] -- Ensuring Eigen3 include directory is part of orocos-kdl CMake target
[3.167s] -- Found visualization_msgs: 4.2.4 (/opt/ros/humble/share/visualization_msgs/cmake)
[3.212s] -- Found mrpt_nav_interfaces: 2.2.1 (/home/jozef/ros2_ws/install/mrpt_nav_interfaces/share/mrpt_nav_interfaces/cmake)
[3.298s] -- Found stereo_msgs: 4.2.4 (/opt/ros/humble/share/stereo_msgs/cmake)
[3.326s] -- Found cv_bridge: 3.2.1 (/opt/ros/humble/share/cv_bridge/cmake)
[3.353s] -- MRPT_VERSION: 
[3.367s] -- Found ament_lint_auto: 0.12.11 (/opt/ros/humble/share/ament_lint_auto/cmake)
[3.502s] -- Configuring done
[3.563s] -- Generating done
[3.578s] -- Build files have been written to: /home/jozef/ros2_ws/build/mrpt_reactivenav2d
[3.606s] Invoked command in '/home/jozef/ros2_ws/build/mrpt_reactivenav2d' returned '0': AMENT_PREFIX_PATH=/home/jozef/ros2_ws/install/mrpt_nav_interfaces:/home/jozef/ros2_ws/install/mrpt_msgs:${AMENT_PREFIX_PATH} CMAKE_PREFIX_PATH=/home/jozef/ros2_ws/install/mrpt_nav_interfaces:/home/jozef/ros2_ws/install/mrpt_msgs:/opt/ros/humble LD_LIBRARY_PATH=/home/jozef/ros2_ws/install/mrpt_nav_interfaces/lib:/home/jozef/ros2_ws/install/mrpt_msgs/lib:${LD_LIBRARY_PATH} PYTHONPATH=/home/jozef/ros2_ws/install/mrpt_nav_interfaces/local/lib/python3.10/dist-packages:/home/jozef/ros2_ws/install/mrpt_msgs/local/lib/python3.10/dist-packages:${PYTHONPATH} /usr/bin/cmake /home/jozef/ros2_ws/src/mrpt_navigation/mrpt_reactivenav2d -DAMENT_CMAKE_SYMLINK_INSTALL=1 -DCMAKE_INSTALL_PREFIX=/home/jozef/ros2_ws/install/mrpt_reactivenav2d
[3.610s] Invoking command in '/home/jozef/ros2_ws/build/mrpt_reactivenav2d': AMENT_PREFIX_PATH=/home/jozef/ros2_ws/install/mrpt_nav_interfaces:/home/jozef/ros2_ws/install/mrpt_msgs:${AMENT_PREFIX_PATH} CMAKE_PREFIX_PATH=/home/jozef/ros2_ws/install/mrpt_nav_interfaces:/home/jozef/ros2_ws/install/mrpt_msgs:/opt/ros/humble LD_LIBRARY_PATH=/home/jozef/ros2_ws/install/mrpt_nav_interfaces/lib:/home/jozef/ros2_ws/install/mrpt_msgs/lib:${LD_LIBRARY_PATH} PYTHONPATH=/home/jozef/ros2_ws/install/mrpt_nav_interfaces/local/lib/python3.10/dist-packages:/home/jozef/ros2_ws/install/mrpt_msgs/local/lib/python3.10/dist-packages:${PYTHONPATH} /usr/bin/cmake --build /home/jozef/ros2_ws/build/mrpt_reactivenav2d -- -j8 -l8
[3.711s] [ 50%] [32mBuilding CXX object CMakeFiles/mrpt_reactivenav2d_node.dir/src/mrpt_reactivenav2d_node.cpp.o[0m
[13.651s] In file included from [01m[K/opt/ros/humble/include/mrpt/core/include/mrpt/core/exceptions.h:14[m[K,
[13.652s]                  from [01m[K/opt/ros/humble/include/mrpt/config/include/mrpt/config/CConfigFileBase.h:12[m[K,
[13.653s]                  from [01m[K/opt/ros/humble/include/mrpt/config/include/mrpt/config/CConfigFile.h:11[m[K,
[13.653s]                  from [01m[K/home/jozef/ros2_ws/src/mrpt_navigation/mrpt_reactivenav2d/include/mrpt_reactivenav2d/mrpt_reactivenav2d_node.hpp:11[m[K,
[13.654s]                  from [01m[K/home/jozef/ros2_ws/src/mrpt_navigation/mrpt_reactivenav2d/src/mrpt_reactivenav2d_node.cpp:10[m[K:
[13.658s] [01m[K/home/jozef/ros2_ws/src/mrpt_navigation/mrpt_reactivenav2d/src/mrpt_reactivenav2d_node.cpp:[m[K In member function ‘[01m[Kvoid mrpt_reactivenav2d::ReactiveNav2DNode::handle_accepted(std::shared_ptr<rclcpp_action::ServerGoalHandle<mrpt_nav_interfaces::action::NavigateGoal> >)[m[K’:
[13.659s] [01m[K/home/jozef/ros2_ws/src/mrpt_navigation/mrpt_reactivenav2d/src/mrpt_reactivenav2d_node.cpp:600:9:[m[K [01;36m[Knote: [m[K‘[01m[K#pragma message: TODO: Keep past actions and cancel them if we accept this one[m[K’
[13.660s]   600 |         [01;36m[KMRPT_TODO[m[K("Keep past actions and cancel them if we accept this one");
[13.660s]       |         [01;36m[K^~~~~~~~~[m[K
[13.689s] [01m[K/home/jozef/ros2_ws/src/mrpt_navigation/mrpt_reactivenav2d/src/mrpt_reactivenav2d_node.cpp:[m[K In member function ‘[01m[Kvoid mrpt_reactivenav2d::ReactiveNav2DNode::handle_accepted_wp(std::shared_ptr<rclcpp_action::ServerGoalHandle<mrpt_nav_interfaces::action::NavigateWaypoints> >)[m[K’:
[13.689s] [01m[K/home/jozef/ros2_ws/src/mrpt_navigation/mrpt_reactivenav2d/src/mrpt_reactivenav2d_node.cpp:704:9:[m[K [01;36m[Knote: [m[K‘[01m[K#pragma message: TODO: Keep past actions and cancel them if we accept this one[m[K’
[13.690s]   704 |         [01;36m[KMRPT_TODO[m[K("Keep past actions and cancel them if we accept this one");
[13.690s]       |         [01;36m[K^~~~~~~~~[m[K
[13.724s] [01m[K/home/jozef/ros2_ws/src/mrpt_navigation/mrpt_reactivenav2d/src/mrpt_reactivenav2d_node.cpp:[m[K In member function ‘[01m[Kvirtual bool mrpt_reactivenav2d::ReactiveNav2DNode::MyReactiveInterface::getCurrentPoseAndSpeeds(mrpt::math::TPose2D&, mrpt::math::TTwist2D&, mrpt::system::TTimeStamp&, mrpt::math::TPose2D&, std::string&)[m[K’:
[13.724s] [01m[K/home/jozef/ros2_ws/src/mrpt_navigation/mrpt_reactivenav2d/src/mrpt_reactivenav2d_node.cpp:821:9:[m[K [01;36m[Knote: [m[K‘[01m[K#pragma message: TODO: Retrieve current speeds from /odom topic?[m[K’
[13.725s]   821 |         [01;36m[KMRPT_TODO[m[K("Retrieve current speeds from /odom topic?");
[13.725s]       |         [01;36m[K^~~~~~~~~[m[K
[13.731s] [01m[K/home/jozef/ros2_ws/src/mrpt_navigation/mrpt_reactivenav2d/src/mrpt_reactivenav2d_node.cpp:[m[K In member function ‘[01m[Kvirtual bool mrpt_reactivenav2d::ReactiveNav2DNode::MyReactiveInterface::senseObstacles(mrpt::maps::CSimplePointsMap&, mrpt::system::TTimeStamp&)[m[K’:
[13.731s] [01m[K/home/jozef/ros2_ws/src/mrpt_navigation/mrpt_reactivenav2d/src/mrpt_reactivenav2d_node.cpp:875:17:[m[K [01;36m[Knote: [m[K‘[01m[K#pragma message: TODO: Check age of obstacles![m[K’
[13.731s]   875 |                 [01;36m[KMRPT_TODO[m[K("Check age of obstacles!");
[13.731s]       |                 [01;36m[K^~~~~~~~~[m[K
[62.862s] [100%] [32m[1mLinking CXX executable mrpt_reactivenav2d_node[0m
[64.192s] [100%] Built target mrpt_reactivenav2d_node
[64.220s] Invoked command in '/home/jozef/ros2_ws/build/mrpt_reactivenav2d' returned '0': AMENT_PREFIX_PATH=/home/jozef/ros2_ws/install/mrpt_nav_interfaces:/home/jozef/ros2_ws/install/mrpt_msgs:${AMENT_PREFIX_PATH} CMAKE_PREFIX_PATH=/home/jozef/ros2_ws/install/mrpt_nav_interfaces:/home/jozef/ros2_ws/install/mrpt_msgs:/opt/ros/humble LD_LIBRARY_PATH=/home/jozef/ros2_ws/install/mrpt_nav_interfaces/lib:/home/jozef/ros2_ws/install/mrpt_msgs/lib:${LD_LIBRARY_PATH} PYTHONPATH=/home/jozef/ros2_ws/install/mrpt_nav_interfaces/local/lib/python3.10/dist-packages:/home/jozef/ros2_ws/install/mrpt_msgs/local/lib/python3.10/dist-packages:${PYTHONPATH} /usr/bin/cmake --build /home/jozef/ros2_ws/build/mrpt_reactivenav2d -- -j8 -l8
[64.224s] Invoking command in '/home/jozef/ros2_ws/build/mrpt_reactivenav2d': AMENT_PREFIX_PATH=/home/jozef/ros2_ws/install/mrpt_nav_interfaces:/home/jozef/ros2_ws/install/mrpt_msgs:${AMENT_PREFIX_PATH} CMAKE_PREFIX_PATH=/home/jozef/ros2_ws/install/mrpt_nav_interfaces:/home/jozef/ros2_ws/install/mrpt_msgs:/opt/ros/humble LD_LIBRARY_PATH=/home/jozef/ros2_ws/install/mrpt_nav_interfaces/lib:/home/jozef/ros2_ws/install/mrpt_msgs/lib:${LD_LIBRARY_PATH} PYTHONPATH=/home/jozef/ros2_ws/install/mrpt_nav_interfaces/local/lib/python3.10/dist-packages:/home/jozef/ros2_ws/install/mrpt_msgs/local/lib/python3.10/dist-packages:${PYTHONPATH} /usr/bin/cmake --install /home/jozef/ros2_ws/build/mrpt_reactivenav2d
[64.237s] -- Install configuration: ""
[64.237s] -- Execute custom install script
[64.238s] -- Symlinking: /home/jozef/ros2_ws/install/mrpt_reactivenav2d/lib/mrpt_reactivenav2d/mrpt_reactivenav2d_node
[64.260s] -- Symlinking: /home/jozef/ros2_ws/install/mrpt_reactivenav2d/share/mrpt_reactivenav2d/launch/rnav.launch.py
[64.275s] -- Symlinking: /home/jozef/ros2_ws/install/mrpt_reactivenav2d/share/mrpt_reactivenav2d/params/reactive2d_default.ini
[64.291s] -- Symlinking: /home/jozef/ros2_ws/install/mrpt_reactivenav2d/share/ament_index/resource_index/package_run_dependencies/mrpt_reactivenav2d
[64.309s] -- Symlinking: /home/jozef/ros2_ws/install/mrpt_reactivenav2d/share/ament_index/resource_index/parent_prefix_path/mrpt_reactivenav2d
[64.323s] -- Symlinking: /home/jozef/ros2_ws/install/mrpt_reactivenav2d/share/mrpt_reactivenav2d/environment/ament_prefix_path.sh
[64.345s] -- Symlinking: /home/jozef/ros2_ws/install/mrpt_reactivenav2d/share/mrpt_reactivenav2d/environment/ament_prefix_path.dsv
[64.357s] -- Symlinking: /home/jozef/ros2_ws/install/mrpt_reactivenav2d/share/mrpt_reactivenav2d/environment/path.sh
[64.370s] -- Symlinking: /home/jozef/ros2_ws/install/mrpt_reactivenav2d/share/mrpt_reactivenav2d/environment/path.dsv
[64.383s] -- Symlinking: /home/jozef/ros2_ws/install/mrpt_reactivenav2d/share/mrpt_reactivenav2d/local_setup.bash
[64.407s] -- Symlinking: /home/jozef/ros2_ws/install/mrpt_reactivenav2d/share/mrpt_reactivenav2d/local_setup.sh
[64.421s] -- Symlinking: /home/jozef/ros2_ws/install/mrpt_reactivenav2d/share/mrpt_reactivenav2d/local_setup.zsh
[64.445s] -- Symlinking: /home/jozef/ros2_ws/install/mrpt_reactivenav2d/share/mrpt_reactivenav2d/local_setup.dsv
[64.459s] -- Symlinking: /home/jozef/ros2_ws/install/mrpt_reactivenav2d/share/mrpt_reactivenav2d/package.dsv
[64.474s] -- Symlinking: /home/jozef/ros2_ws/install/mrpt_reactivenav2d/share/ament_index/resource_index/packages/mrpt_reactivenav2d
[64.490s] -- Symlinking: /home/jozef/ros2_ws/install/mrpt_reactivenav2d/share/mrpt_reactivenav2d/cmake/mrpt_reactivenav2dConfig.cmake
[64.513s] -- Symlinking: /home/jozef/ros2_ws/install/mrpt_reactivenav2d/share/mrpt_reactivenav2d/cmake/mrpt_reactivenav2dConfig-version.cmake
[64.528s] -- Symlinking: /home/jozef/ros2_ws/install/mrpt_reactivenav2d/share/mrpt_reactivenav2d/package.xml
[64.549s] Invoked command in '/home/jozef/ros2_ws/build/mrpt_reactivenav2d' returned '0': AMENT_PREFIX_PATH=/home/jozef/ros2_ws/install/mrpt_nav_interfaces:/home/jozef/ros2_ws/install/mrpt_msgs:${AMENT_PREFIX_PATH} CMAKE_PREFIX_PATH=/home/jozef/ros2_ws/install/mrpt_nav_interfaces:/home/jozef/ros2_ws/install/mrpt_msgs:/opt/ros/humble LD_LIBRARY_PATH=/home/jozef/ros2_ws/install/mrpt_nav_interfaces/lib:/home/jozef/ros2_ws/install/mrpt_msgs/lib:${LD_LIBRARY_PATH} PYTHONPATH=/home/jozef/ros2_ws/install/mrpt_nav_interfaces/local/lib/python3.10/dist-packages:/home/jozef/ros2_ws/install/mrpt_msgs/local/lib/python3.10/dist-packages:${PYTHONPATH} /usr/bin/cmake --install /home/jozef/ros2_ws/build/mrpt_reactivenav2d
