[3.048s] Invoking command in '/home/jozef/ros2_ws/build/tb2_bringup': PYTHONPATH=/home/jozef/ros2_ws/build/tb2_bringup/prefix_override:/usr/lib/python3/dist-packages/colcon_core/task/python/colcon_distutils_commands:/home/jozef/ros2_ws/install/tb2_bringup/lib/python3.10/site-packages:${PYTHONPATH} /usr/bin/python3 -W ignore:setup.py install is deprecated -W ignore:easy_install command is deprecated setup.py develop --editable --build-directory /home/jozef/ros2_ws/build/tb2_bringup/build --no-deps symlink_data
[4.188s] running develop
[4.799s] running egg_info
[4.837s] writing tb2_bringup.egg-info/PKG-INFO
[4.839s] writing dependency_links to tb2_bringup.egg-info/dependency_links.txt
[4.839s] writing entry points to tb2_bringup.egg-info/entry_points.txt
[4.839s] writing requirements to tb2_bringup.egg-info/requires.txt
[4.842s] writing top-level names to tb2_bringup.egg-info/top_level.txt
[4.922s] reading manifest file 'tb2_bringup.egg-info/SOURCES.txt'
[4.925s] writing manifest file 'tb2_bringup.egg-info/SOURCES.txt'
[4.967s] running build_ext
[4.967s] Creating /home/jozef/ros2_ws/install/tb2_bringup/lib/python3.10/site-packages/tb2-bringup.egg-link (link to .)
[4.968s] Installing tb2_bringup_node script to /home/jozef/ros2_ws/install/tb2_bringup/lib/tb2_bringup
[4.969s] 
[4.969s] Installed /home/jozef/ros2_ws/build/tb2_bringup
[4.969s] running symlink_data
[4.970s] creating /home/jozef/ros2_ws/install/tb2_bringup/share/ament_index
[4.970s] creating /home/jozef/ros2_ws/install/tb2_bringup/share/ament_index/resource_index
[4.971s] creating /home/jozef/ros2_ws/install/tb2_bringup/share/ament_index/resource_index/packages
[4.971s] symbolically linking /home/jozef/ros2_ws/build/tb2_bringup/resource/tb2_bringup -> /home/jozef/ros2_ws/install/tb2_bringup/share/ament_index/resource_index/packages
[4.971s] symbolically linking /home/jozef/ros2_ws/build/tb2_bringup/package.xml -> /home/jozef/ros2_ws/install/tb2_bringup/share/tb2_bringup
[4.971s] creating /home/jozef/ros2_ws/install/tb2_bringup/share/tb2_bringup/launch
[4.971s] symbolically linking /home/jozef/ros2_ws/build/tb2_bringup/launch/tb2_bringup_launch.py -> /home/jozef/ros2_ws/install/tb2_bringup/share/tb2_bringup/launch
[4.972s] creating /home/jozef/ros2_ws/install/tb2_bringup/share/tb2_bringup/config
[4.972s] error: can't copy '/home/jozef/ros2_ws/build/tb2_bringup/config/controller_params.yaml': doesn't exist or not a regular file
[5.083s] Invoked command in '/home/jozef/ros2_ws/build/tb2_bringup' returned '1': PYTHONPATH=/home/jozef/ros2_ws/build/tb2_bringup/prefix_override:/usr/lib/python3/dist-packages/colcon_core/task/python/colcon_distutils_commands:/home/jozef/ros2_ws/install/tb2_bringup/lib/python3.10/site-packages:${PYTHONPATH} /usr/bin/python3 -W ignore:setup.py install is deprecated -W ignore:easy_install command is deprecated setup.py develop --editable --build-directory /home/jozef/ros2_ws/build/tb2_bringup/build --no-deps symlink_data
