[0.067s] Invoking command in '/home/jozef/ros2_ws/build/mocap4r2_marker_viz_srvs': CMAKE_PREFIX_PATH=/home/jozef/ros2_ws/install/tb2_slam:/home/jozef/ros2_ws/install/rqt_mocap4r2_control:/home/jozef/ros2_ws/install/neo_localization2:/home/jozef/ros2_ws/install/mrpt_navigation:/home/jozef/ros2_ws/install/mrpt_tutorials:/home/jozef/ros2_ws/install/mrpt_tps_astar_planner:/home/jozef/ros2_ws/install/mrpt_reactivenav2d:/home/jozef/ros2_ws/install/mrpt_rawlog:/home/jozef/ros2_ws/install/mrpt_pointcloud_pipeline:/home/jozef/ros2_ws/install/mrpt_pf_localization:/home/jozef/ros2_ws/install/mrpt_map_server:/home/jozef/ros2_ws/install/mrpt_nav_interfaces:/home/jozef/ros2_ws/install/mrpt_msgs_bridge:/home/jozef/ros2_ws/install/tb2_control:/home/jozef/ros2_ws/install/tb2_bringup:/home/jozef/ros2_ws/install/mocap4r2cli:/home/jozef/ros2_ws/install/localization_benchmarking:/opt/ros/humble:/home/jozef/ros2_ws/install/mrpt_msgs:/home/jozef/ros2_ws/install/mocap4r2_robot_gt:/home/jozef/ros2_ws/install/mocap4r2_robot_gt_msgs:/home/jozef/ros2_ws/install/mocap4r2_optitrack_driver:/home/jozef/ros2_ws/install/mocap4r2_marker_viz:/home/jozef/ros2_ws/install/mocap4r2_marker_publisher:/home/jozef/ros2_ws/install/mocap4r2_dummy_driver:/home/jozef/ros2_ws/install/mocap4r2_msgs:/home/jozef/ros2_ws/install/mocap4r2_marker_viz_srvs:/home/jozef/ros2_ws/install/mocap4r2_control:/home/jozef/ros2_ws/install/mocap4r2_control_msgs:/home/jozef/ros2_ws/install/message_filters /usr/bin/cmake --build /home/jozef/ros2_ws/build/mocap4r2_marker_viz_srvs -- -j8 -l8
[0.232s] [  2%] Built target mocap4r2_marker_viz_srvs__cpp
[0.271s] [ 12%] Built target mocap4r2_marker_viz_srvs__rosidl_generator_c
[0.331s] [ 12%] Built target ament_cmake_python_symlink_mocap4r2_marker_viz_srvs
[0.411s] [ 23%] Built target mocap4r2_marker_viz_srvs__rosidl_typesupport_fastrtps_cpp
[0.458s] [ 35%] Built target mocap4r2_marker_viz_srvs__rosidl_typesupport_cpp
[0.465s] [ 43%] Built target mocap4r2_marker_viz_srvs__rosidl_typesupport_introspection_cpp
[0.473s] [ 53%] Built target mocap4r2_marker_viz_srvs__rosidl_typesupport_introspection_c
[0.510s] [ 64%] Built target mocap4r2_marker_viz_srvs__rosidl_typesupport_c
[0.518s] [ 74%] Built target mocap4r2_marker_viz_srvs__rosidl_typesupport_fastrtps_c
[0.654s] [ 74%] Built target mocap4r2_marker_viz_srvs
[0.729s] [ 76%] Built target mocap4r2_marker_viz_srvs__py
[0.889s] [ 84%] Built target mocap4r2_marker_viz_srvs__rosidl_generator_py
[1.017s] [ 89%] Built target mocap4r2_marker_viz_srvs__rosidl_typesupport_introspection_c__pyext
[1.039s] [ 94%] Built target mocap4r2_marker_viz_srvs__rosidl_typesupport_fastrtps_c__pyext
[1.059s] [100%] Built target mocap4r2_marker_viz_srvs__rosidl_typesupport_c__pyext
[1.405s] running egg_info
[1.448s] writing mocap4r2_marker_viz_srvs.egg-info/PKG-INFO
[1.448s] writing dependency_links to mocap4r2_marker_viz_srvs.egg-info/dependency_links.txt
[1.449s] writing top-level names to mocap4r2_marker_viz_srvs.egg-info/top_level.txt
[1.767s] reading manifest file 'mocap4r2_marker_viz_srvs.egg-info/SOURCES.txt'
[1.768s] writing manifest file 'mocap4r2_marker_viz_srvs.egg-info/SOURCES.txt'
[1.895s] [100%] Built target ament_cmake_python_build_mocap4r2_marker_viz_srvs_egg
[2.085s] Invoked command in '/home/jozef/ros2_ws/build/mocap4r2_marker_viz_srvs' returned '0': CMAKE_PREFIX_PATH=/home/jozef/ros2_ws/install/tb2_slam:/home/jozef/ros2_ws/install/rqt_mocap4r2_control:/home/jozef/ros2_ws/install/neo_localization2:/home/jozef/ros2_ws/install/mrpt_navigation:/home/jozef/ros2_ws/install/mrpt_tutorials:/home/jozef/ros2_ws/install/mrpt_tps_astar_planner:/home/jozef/ros2_ws/install/mrpt_reactivenav2d:/home/jozef/ros2_ws/install/mrpt_rawlog:/home/jozef/ros2_ws/install/mrpt_pointcloud_pipeline:/home/jozef/ros2_ws/install/mrpt_pf_localization:/home/jozef/ros2_ws/install/mrpt_map_server:/home/jozef/ros2_ws/install/mrpt_nav_interfaces:/home/jozef/ros2_ws/install/mrpt_msgs_bridge:/home/jozef/ros2_ws/install/tb2_control:/home/jozef/ros2_ws/install/tb2_bringup:/home/jozef/ros2_ws/install/mocap4r2cli:/home/jozef/ros2_ws/install/localization_benchmarking:/opt/ros/humble:/home/jozef/ros2_ws/install/mrpt_msgs:/home/jozef/ros2_ws/install/mocap4r2_robot_gt:/home/jozef/ros2_ws/install/mocap4r2_robot_gt_msgs:/home/jozef/ros2_ws/install/mocap4r2_optitrack_driver:/home/jozef/ros2_ws/install/mocap4r2_marker_viz:/home/jozef/ros2_ws/install/mocap4r2_marker_publisher:/home/jozef/ros2_ws/install/mocap4r2_dummy_driver:/home/jozef/ros2_ws/install/mocap4r2_msgs:/home/jozef/ros2_ws/install/mocap4r2_marker_viz_srvs:/home/jozef/ros2_ws/install/mocap4r2_control:/home/jozef/ros2_ws/install/mocap4r2_control_msgs:/home/jozef/ros2_ws/install/message_filters /usr/bin/cmake --build /home/jozef/ros2_ws/build/mocap4r2_marker_viz_srvs -- -j8 -l8
[2.102s] Invoking command in '/home/jozef/ros2_ws/build/mocap4r2_marker_viz_srvs': CMAKE_PREFIX_PATH=/home/jozef/ros2_ws/install/tb2_slam:/home/jozef/ros2_ws/install/rqt_mocap4r2_control:/home/jozef/ros2_ws/install/neo_localization2:/home/jozef/ros2_ws/install/mrpt_navigation:/home/jozef/ros2_ws/install/mrpt_tutorials:/home/jozef/ros2_ws/install/mrpt_tps_astar_planner:/home/jozef/ros2_ws/install/mrpt_reactivenav2d:/home/jozef/ros2_ws/install/mrpt_rawlog:/home/jozef/ros2_ws/install/mrpt_pointcloud_pipeline:/home/jozef/ros2_ws/install/mrpt_pf_localization:/home/jozef/ros2_ws/install/mrpt_map_server:/home/jozef/ros2_ws/install/mrpt_nav_interfaces:/home/jozef/ros2_ws/install/mrpt_msgs_bridge:/home/jozef/ros2_ws/install/tb2_control:/home/jozef/ros2_ws/install/tb2_bringup:/home/jozef/ros2_ws/install/mocap4r2cli:/home/jozef/ros2_ws/install/localization_benchmarking:/opt/ros/humble:/home/jozef/ros2_ws/install/mrpt_msgs:/home/jozef/ros2_ws/install/mocap4r2_robot_gt:/home/jozef/ros2_ws/install/mocap4r2_robot_gt_msgs:/home/jozef/ros2_ws/install/mocap4r2_optitrack_driver:/home/jozef/ros2_ws/install/mocap4r2_marker_viz:/home/jozef/ros2_ws/install/mocap4r2_marker_publisher:/home/jozef/ros2_ws/install/mocap4r2_dummy_driver:/home/jozef/ros2_ws/install/mocap4r2_msgs:/home/jozef/ros2_ws/install/mocap4r2_marker_viz_srvs:/home/jozef/ros2_ws/install/mocap4r2_control:/home/jozef/ros2_ws/install/mocap4r2_control_msgs:/home/jozef/ros2_ws/install/message_filters /usr/bin/cmake --install /home/jozef/ros2_ws/build/mocap4r2_marker_viz_srvs
[2.163s] -- Install configuration: ""
[2.163s] -- Execute custom install script
[2.163s] -- Up-to-date symlink: /home/jozef/ros2_ws/install/mocap4r2_marker_viz_srvs/share/ament_index/resource_index/rosidl_interfaces/mocap4r2_marker_viz_srvs
[2.163s] -- Up-to-date symlink: /home/jozef/ros2_ws/install/mocap4r2_marker_viz_srvs/include/mocap4r2_marker_viz_srvs/mocap4r2_marker_viz_srvs/msg/rosidl_generator_c__visibility_control.h
[2.164s] -- Up-to-date symlink: /home/jozef/ros2_ws/install/mocap4r2_marker_viz_srvs/include/mocap4r2_marker_viz_srvs/mocap4r2_marker_viz_srvs/srv/detail/reset_marker_color__functions.h
[2.164s] -- Up-to-date symlink: /home/jozef/ros2_ws/install/mocap4r2_marker_viz_srvs/include/mocap4r2_marker_viz_srvs/mocap4r2_marker_viz_srvs/srv/detail/reset_marker_color__struct.h
[2.164s] -- Up-to-date symlink: /home/jozef/ros2_ws/install/mocap4r2_marker_viz_srvs/include/mocap4r2_marker_viz_srvs/mocap4r2_marker_viz_srvs/srv/detail/reset_marker_color__type_support.h
[2.164s] -- Up-to-date symlink: /home/jozef/ros2_ws/install/mocap4r2_marker_viz_srvs/include/mocap4r2_marker_viz_srvs/mocap4r2_marker_viz_srvs/srv/detail/set_marker_color__functions.h
[2.171s] -- Up-to-date symlink: /home/jozef/ros2_ws/install/mocap4r2_marker_viz_srvs/include/mocap4r2_marker_viz_srvs/mocap4r2_marker_viz_srvs/srv/detail/set_marker_color__struct.h
[2.173s] -- Up-to-date symlink: /home/jozef/ros2_ws/install/mocap4r2_marker_viz_srvs/include/mocap4r2_marker_viz_srvs/mocap4r2_marker_viz_srvs/srv/detail/set_marker_color__type_support.h
[2.173s] -- Up-to-date symlink: /home/jozef/ros2_ws/install/mocap4r2_marker_viz_srvs/include/mocap4r2_marker_viz_srvs/mocap4r2_marker_viz_srvs/srv/reset_marker_color.h
[2.173s] -- Up-to-date symlink: /home/jozef/ros2_ws/install/mocap4r2_marker_viz_srvs/include/mocap4r2_marker_viz_srvs/mocap4r2_marker_viz_srvs/srv/set_marker_color.h
[2.173s] -- Up-to-date symlink: /home/jozef/ros2_ws/install/mocap4r2_marker_viz_srvs/share/mocap4r2_marker_viz_srvs/environment/library_path.sh
[2.173s] -- Up-to-date symlink: /home/jozef/ros2_ws/install/mocap4r2_marker_viz_srvs/share/mocap4r2_marker_viz_srvs/environment/library_path.dsv
[2.178s] -- Up-to-date symlink: /home/jozef/ros2_ws/install/mocap4r2_marker_viz_srvs/include/mocap4r2_marker_viz_srvs/mocap4r2_marker_viz_srvs/msg/rosidl_typesupport_fastrtps_c__visibility_control.h
[2.178s] -- Up-to-date symlink: /home/jozef/ros2_ws/install/mocap4r2_marker_viz_srvs/include/mocap4r2_marker_viz_srvs/mocap4r2_marker_viz_srvs/srv/detail/reset_marker_color__rosidl_typesupport_fastrtps_c.h
[2.185s] -- Up-to-date symlink: /home/jozef/ros2_ws/install/mocap4r2_marker_viz_srvs/include/mocap4r2_marker_viz_srvs/mocap4r2_marker_viz_srvs/srv/detail/set_marker_color__rosidl_typesupport_fastrtps_c.h
[2.186s] -- Up-to-date symlink: /home/jozef/ros2_ws/install/mocap4r2_marker_viz_srvs/include/mocap4r2_marker_viz_srvs/mocap4r2_marker_viz_srvs/msg/rosidl_typesupport_introspection_c__visibility_control.h
[2.186s] -- Up-to-date symlink: /home/jozef/ros2_ws/install/mocap4r2_marker_viz_srvs/include/mocap4r2_marker_viz_srvs/mocap4r2_marker_viz_srvs/srv/detail/reset_marker_color__rosidl_typesupport_introspection_c.h
[2.186s] -- Up-to-date symlink: /home/jozef/ros2_ws/install/mocap4r2_marker_viz_srvs/include/mocap4r2_marker_viz_srvs/mocap4r2_marker_viz_srvs/srv/detail/set_marker_color__rosidl_typesupport_introspection_c.h
[2.189s] -- Up-to-date symlink: /home/jozef/ros2_ws/install/mocap4r2_marker_viz_srvs/include/mocap4r2_marker_viz_srvs/mocap4r2_marker_viz_srvs/msg/rosidl_generator_cpp__visibility_control.hpp
[2.197s] -- Up-to-date symlink: /home/jozef/ros2_ws/install/mocap4r2_marker_viz_srvs/include/mocap4r2_marker_viz_srvs/mocap4r2_marker_viz_srvs/srv/detail/reset_marker_color__builder.hpp
[2.197s] -- Up-to-date symlink: /home/jozef/ros2_ws/install/mocap4r2_marker_viz_srvs/include/mocap4r2_marker_viz_srvs/mocap4r2_marker_viz_srvs/srv/detail/reset_marker_color__struct.hpp
[2.197s] -- Up-to-date symlink: /home/jozef/ros2_ws/install/mocap4r2_marker_viz_srvs/include/mocap4r2_marker_viz_srvs/mocap4r2_marker_viz_srvs/srv/detail/reset_marker_color__traits.hpp
[2.197s] -- Up-to-date symlink: /home/jozef/ros2_ws/install/mocap4r2_marker_viz_srvs/include/mocap4r2_marker_viz_srvs/mocap4r2_marker_viz_srvs/srv/detail/reset_marker_color__type_support.hpp
[2.197s] -- Up-to-date symlink: /home/jozef/ros2_ws/install/mocap4r2_marker_viz_srvs/include/mocap4r2_marker_viz_srvs/mocap4r2_marker_viz_srvs/srv/detail/set_marker_color__builder.hpp
[2.197s] -- Up-to-date symlink: /home/jozef/ros2_ws/install/mocap4r2_marker_viz_srvs/include/mocap4r2_marker_viz_srvs/mocap4r2_marker_viz_srvs/srv/detail/set_marker_color__struct.hpp
[2.202s] -- Up-to-date symlink: /home/jozef/ros2_ws/install/mocap4r2_marker_viz_srvs/include/mocap4r2_marker_viz_srvs/mocap4r2_marker_viz_srvs/srv/detail/set_marker_color__traits.hpp
[2.202s] -- Up-to-date symlink: /home/jozef/ros2_ws/install/mocap4r2_marker_viz_srvs/include/mocap4r2_marker_viz_srvs/mocap4r2_marker_viz_srvs/srv/detail/set_marker_color__type_support.hpp
[2.203s] -- Up-to-date symlink: /home/jozef/ros2_ws/install/mocap4r2_marker_viz_srvs/include/mocap4r2_marker_viz_srvs/mocap4r2_marker_viz_srvs/srv/reset_marker_color.hpp
[2.204s] -- Up-to-date symlink: /home/jozef/ros2_ws/install/mocap4r2_marker_viz_srvs/include/mocap4r2_marker_viz_srvs/mocap4r2_marker_viz_srvs/srv/set_marker_color.hpp
[2.204s] -- Up-to-date symlink: /home/jozef/ros2_ws/install/mocap4r2_marker_viz_srvs/include/mocap4r2_marker_viz_srvs/mocap4r2_marker_viz_srvs/msg/rosidl_typesupport_fastrtps_cpp__visibility_control.h
[2.204s] -- Up-to-date symlink: /home/jozef/ros2_ws/install/mocap4r2_marker_viz_srvs/include/mocap4r2_marker_viz_srvs/mocap4r2_marker_viz_srvs/srv/detail/reset_marker_color__rosidl_typesupport_fastrtps_cpp.hpp
[2.204s] -- Up-to-date symlink: /home/jozef/ros2_ws/install/mocap4r2_marker_viz_srvs/include/mocap4r2_marker_viz_srvs/mocap4r2_marker_viz_srvs/srv/detail/set_marker_color__rosidl_typesupport_fastrtps_cpp.hpp
[2.219s] -- Up-to-date symlink: /home/jozef/ros2_ws/install/mocap4r2_marker_viz_srvs/include/mocap4r2_marker_viz_srvs/mocap4r2_marker_viz_srvs/srv/detail/reset_marker_color__rosidl_typesupport_introspection_cpp.hpp
[2.219s] -- Up-to-date symlink: /home/jozef/ros2_ws/install/mocap4r2_marker_viz_srvs/include/mocap4r2_marker_viz_srvs/mocap4r2_marker_viz_srvs/srv/detail/set_marker_color__rosidl_typesupport_introspection_cpp.hpp
[2.219s] -- Up-to-date symlink: /home/jozef/ros2_ws/install/mocap4r2_marker_viz_srvs/share/mocap4r2_marker_viz_srvs/environment/pythonpath.sh
[2.219s] -- Up-to-date symlink: /home/jozef/ros2_ws/install/mocap4r2_marker_viz_srvs/share/mocap4r2_marker_viz_srvs/environment/pythonpath.dsv
[2.219s] -- Up-to-date symlink: /home/jozef/ros2_ws/install/mocap4r2_marker_viz_srvs/local/lib/python3.10/dist-packages/mocap4r2_marker_viz_srvs-0.0.7-py3.10.egg-info/PKG-INFO
[2.220s] -- Up-to-date symlink: /home/jozef/ros2_ws/install/mocap4r2_marker_viz_srvs/local/lib/python3.10/dist-packages/mocap4r2_marker_viz_srvs-0.0.7-py3.10.egg-info/SOURCES.txt
[2.220s] -- Up-to-date symlink: /home/jozef/ros2_ws/install/mocap4r2_marker_viz_srvs/local/lib/python3.10/dist-packages/mocap4r2_marker_viz_srvs-0.0.7-py3.10.egg-info/dependency_links.txt
[2.220s] -- Up-to-date symlink: /home/jozef/ros2_ws/install/mocap4r2_marker_viz_srvs/local/lib/python3.10/dist-packages/mocap4r2_marker_viz_srvs-0.0.7-py3.10.egg-info/top_level.txt
[2.225s] -- Up-to-date symlink: /home/jozef/ros2_ws/install/mocap4r2_marker_viz_srvs/local/lib/python3.10/dist-packages/mocap4r2_marker_viz_srvs/__init__.py
[2.225s] -- Up-to-date symlink: /home/jozef/ros2_ws/install/mocap4r2_marker_viz_srvs/local/lib/python3.10/dist-packages/mocap4r2_marker_viz_srvs/_mocap4r2_marker_viz_srvs_s.ep.rosidl_typesupport_c.c
[2.225s] -- Up-to-date symlink: /home/jozef/ros2_ws/install/mocap4r2_marker_viz_srvs/local/lib/python3.10/dist-packages/mocap4r2_marker_viz_srvs/_mocap4r2_marker_viz_srvs_s.ep.rosidl_typesupport_fastrtps_c.c
[2.226s] -- Up-to-date symlink: /home/jozef/ros2_ws/install/mocap4r2_marker_viz_srvs/local/lib/python3.10/dist-packages/mocap4r2_marker_viz_srvs/_mocap4r2_marker_viz_srvs_s.ep.rosidl_typesupport_introspection_c.c
[2.226s] -- Up-to-date symlink: /home/jozef/ros2_ws/install/mocap4r2_marker_viz_srvs/local/lib/python3.10/dist-packages/mocap4r2_marker_viz_srvs/libmocap4r2_marker_viz_srvs__rosidl_generator_py.so
[2.227s] -- Up-to-date symlink: /home/jozef/ros2_ws/install/mocap4r2_marker_viz_srvs/local/lib/python3.10/dist-packages/mocap4r2_marker_viz_srvs/mocap4r2_marker_viz_srvs_s__rosidl_typesupport_c.cpython-310-x86_64-linux-gnu.so
[2.229s] -- Up-to-date symlink: /home/jozef/ros2_ws/install/mocap4r2_marker_viz_srvs/local/lib/python3.10/dist-packages/mocap4r2_marker_viz_srvs/mocap4r2_marker_viz_srvs_s__rosidl_typesupport_fastrtps_c.cpython-310-x86_64-linux-gnu.so
[2.234s] -- Up-to-date symlink: /home/jozef/ros2_ws/install/mocap4r2_marker_viz_srvs/local/lib/python3.10/dist-packages/mocap4r2_marker_viz_srvs/mocap4r2_marker_viz_srvs_s__rosidl_typesupport_introspection_c.cpython-310-x86_64-linux-gnu.so
[2.234s] -- Up-to-date symlink: /home/jozef/ros2_ws/install/mocap4r2_marker_viz_srvs/local/lib/python3.10/dist-packages/mocap4r2_marker_viz_srvs/srv/__init__.py
[2.235s] -- Up-to-date symlink: /home/jozef/ros2_ws/install/mocap4r2_marker_viz_srvs/local/lib/python3.10/dist-packages/mocap4r2_marker_viz_srvs/srv/_reset_marker_color.py
[2.235s] -- Up-to-date symlink: /home/jozef/ros2_ws/install/mocap4r2_marker_viz_srvs/local/lib/python3.10/dist-packages/mocap4r2_marker_viz_srvs/srv/_reset_marker_color_s.c
[2.236s] -- Up-to-date symlink: /home/jozef/ros2_ws/install/mocap4r2_marker_viz_srvs/local/lib/python3.10/dist-packages/mocap4r2_marker_viz_srvs/srv/_set_marker_color.py
[2.236s] -- Up-to-date symlink: /home/jozef/ros2_ws/install/mocap4r2_marker_viz_srvs/local/lib/python3.10/dist-packages/mocap4r2_marker_viz_srvs/srv/_set_marker_color_s.c
[2.236s] -- Up-to-date symlink: /home/jozef/ros2_ws/install/mocap4r2_marker_viz_srvs/local/lib/python3.10/dist-packages/mocap4r2_marker_viz_srvs/mocap4r2_marker_viz_srvs_s__rosidl_typesupport_fastrtps_c.cpython-310-x86_64-linux-gnu.so
[2.237s] -- Up-to-date symlink: /home/jozef/ros2_ws/install/mocap4r2_marker_viz_srvs/local/lib/python3.10/dist-packages/mocap4r2_marker_viz_srvs/mocap4r2_marker_viz_srvs_s__rosidl_typesupport_introspection_c.cpython-310-x86_64-linux-gnu.so
[2.237s] -- Up-to-date symlink: /home/jozef/ros2_ws/install/mocap4r2_marker_viz_srvs/local/lib/python3.10/dist-packages/mocap4r2_marker_viz_srvs/mocap4r2_marker_viz_srvs_s__rosidl_typesupport_c.cpython-310-x86_64-linux-gnu.so
[2.238s] -- Up-to-date symlink: /home/jozef/ros2_ws/install/mocap4r2_marker_viz_srvs/share/mocap4r2_marker_viz_srvs/srv/SetMarkerColor.idl
[2.238s] -- Up-to-date symlink: /home/jozef/ros2_ws/install/mocap4r2_marker_viz_srvs/share/mocap4r2_marker_viz_srvs/srv/ResetMarkerColor.idl
[2.238s] -- Up-to-date symlink: /home/jozef/ros2_ws/install/mocap4r2_marker_viz_srvs/share/mocap4r2_marker_viz_srvs/srv/SetMarkerColor.srv
[2.238s] -- Up-to-date symlink: /home/jozef/ros2_ws/install/mocap4r2_marker_viz_srvs/share/mocap4r2_marker_viz_srvs/srv/SetMarkerColor_Request.msg
[2.239s] -- Up-to-date symlink: /home/jozef/ros2_ws/install/mocap4r2_marker_viz_srvs/share/mocap4r2_marker_viz_srvs/srv/SetMarkerColor_Response.msg
[2.239s] -- Up-to-date symlink: /home/jozef/ros2_ws/install/mocap4r2_marker_viz_srvs/share/mocap4r2_marker_viz_srvs/srv/ResetMarkerColor.srv
[2.239s] -- Up-to-date symlink: /home/jozef/ros2_ws/install/mocap4r2_marker_viz_srvs/share/mocap4r2_marker_viz_srvs/srv/ResetMarkerColor_Request.msg
[2.240s] -- Up-to-date symlink: /home/jozef/ros2_ws/install/mocap4r2_marker_viz_srvs/share/mocap4r2_marker_viz_srvs/srv/ResetMarkerColor_Response.msg
[2.240s] -- Up-to-date symlink: /home/jozef/ros2_ws/install/mocap4r2_marker_viz_srvs/share/ament_index/resource_index/package_run_dependencies/mocap4r2_marker_viz_srvs
[2.240s] -- Up-to-date symlink: /home/jozef/ros2_ws/install/mocap4r2_marker_viz_srvs/share/ament_index/resource_index/parent_prefix_path/mocap4r2_marker_viz_srvs
[2.240s] -- Up-to-date symlink: /home/jozef/ros2_ws/install/mocap4r2_marker_viz_srvs/share/mocap4r2_marker_viz_srvs/environment/ament_prefix_path.sh
[2.240s] -- Up-to-date symlink: /home/jozef/ros2_ws/install/mocap4r2_marker_viz_srvs/share/mocap4r2_marker_viz_srvs/environment/ament_prefix_path.dsv
[2.241s] -- Up-to-date symlink: /home/jozef/ros2_ws/install/mocap4r2_marker_viz_srvs/share/mocap4r2_marker_viz_srvs/environment/path.sh
[2.242s] -- Up-to-date symlink: /home/jozef/ros2_ws/install/mocap4r2_marker_viz_srvs/share/mocap4r2_marker_viz_srvs/environment/path.dsv
[2.242s] -- Up-to-date symlink: /home/jozef/ros2_ws/install/mocap4r2_marker_viz_srvs/share/mocap4r2_marker_viz_srvs/local_setup.bash
[2.245s] -- Up-to-date symlink: /home/jozef/ros2_ws/install/mocap4r2_marker_viz_srvs/share/mocap4r2_marker_viz_srvs/local_setup.sh
[2.245s] -- Up-to-date symlink: /home/jozef/ros2_ws/install/mocap4r2_marker_viz_srvs/share/mocap4r2_marker_viz_srvs/local_setup.zsh
[2.247s] -- Up-to-date symlink: /home/jozef/ros2_ws/install/mocap4r2_marker_viz_srvs/share/mocap4r2_marker_viz_srvs/local_setup.dsv
[2.247s] -- Symlinking: /home/jozef/ros2_ws/install/mocap4r2_marker_viz_srvs/share/mocap4r2_marker_viz_srvs/package.dsv
[2.258s] -- Up-to-date symlink: /home/jozef/ros2_ws/install/mocap4r2_marker_viz_srvs/share/ament_index/resource_index/packages/mocap4r2_marker_viz_srvs
[2.258s] -- Up-to-date symlink: /home/jozef/ros2_ws/install/mocap4r2_marker_viz_srvs/share/mocap4r2_marker_viz_srvs/cmake/rosidl_cmake-extras.cmake
[2.259s] -- Up-to-date symlink: /home/jozef/ros2_ws/install/mocap4r2_marker_viz_srvs/share/mocap4r2_marker_viz_srvs/cmake/ament_cmake_export_dependencies-extras.cmake
[2.259s] -- Up-to-date symlink: /home/jozef/ros2_ws/install/mocap4r2_marker_viz_srvs/share/mocap4r2_marker_viz_srvs/cmake/ament_cmake_export_include_directories-extras.cmake
[2.259s] -- Up-to-date symlink: /home/jozef/ros2_ws/install/mocap4r2_marker_viz_srvs/share/mocap4r2_marker_viz_srvs/cmake/ament_cmake_export_libraries-extras.cmake
[2.260s] -- Up-to-date symlink: /home/jozef/ros2_ws/install/mocap4r2_marker_viz_srvs/share/mocap4r2_marker_viz_srvs/cmake/ament_cmake_export_targets-extras.cmake
[2.261s] -- Up-to-date symlink: /home/jozef/ros2_ws/install/mocap4r2_marker_viz_srvs/share/mocap4r2_marker_viz_srvs/cmake/rosidl_cmake_export_typesupport_targets-extras.cmake
[2.261s] -- Up-to-date symlink: /home/jozef/ros2_ws/install/mocap4r2_marker_viz_srvs/share/mocap4r2_marker_viz_srvs/cmake/rosidl_cmake_export_typesupport_libraries-extras.cmake
[2.262s] -- Up-to-date symlink: /home/jozef/ros2_ws/install/mocap4r2_marker_viz_srvs/share/mocap4r2_marker_viz_srvs/cmake/mocap4r2_marker_viz_srvsConfig.cmake
[2.262s] -- Up-to-date symlink: /home/jozef/ros2_ws/install/mocap4r2_marker_viz_srvs/share/mocap4r2_marker_viz_srvs/cmake/mocap4r2_marker_viz_srvsConfig-version.cmake
[2.262s] -- Up-to-date symlink: /home/jozef/ros2_ws/install/mocap4r2_marker_viz_srvs/share/mocap4r2_marker_viz_srvs/package.xml
[2.262s] -- Up-to-date: /home/jozef/ros2_ws/install/mocap4r2_marker_viz_srvs/lib/libmocap4r2_marker_viz_srvs__rosidl_generator_c.so
[2.263s] -- Up-to-date: /home/jozef/ros2_ws/install/mocap4r2_marker_viz_srvs/lib/libmocap4r2_marker_viz_srvs__rosidl_typesupport_fastrtps_c.so
[2.263s] -- Up-to-date: /home/jozef/ros2_ws/install/mocap4r2_marker_viz_srvs/lib/libmocap4r2_marker_viz_srvs__rosidl_typesupport_introspection_c.so
[2.263s] -- Up-to-date: /home/jozef/ros2_ws/install/mocap4r2_marker_viz_srvs/lib/libmocap4r2_marker_viz_srvs__rosidl_typesupport_c.so
[2.264s] -- Up-to-date: /home/jozef/ros2_ws/install/mocap4r2_marker_viz_srvs/lib/libmocap4r2_marker_viz_srvs__rosidl_typesupport_fastrtps_cpp.so
[2.265s] -- Up-to-date: /home/jozef/ros2_ws/install/mocap4r2_marker_viz_srvs/lib/libmocap4r2_marker_viz_srvs__rosidl_typesupport_introspection_cpp.so
[2.265s] -- Up-to-date: /home/jozef/ros2_ws/install/mocap4r2_marker_viz_srvs/lib/libmocap4r2_marker_viz_srvs__rosidl_typesupport_cpp.so
[2.282s] Listing '/home/jozef/ros2_ws/install/mocap4r2_marker_viz_srvs/local/lib/python3.10/dist-packages/mocap4r2_marker_viz_srvs'...
[2.283s] Listing '/home/jozef/ros2_ws/install/mocap4r2_marker_viz_srvs/local/lib/python3.10/dist-packages/mocap4r2_marker_viz_srvs/srv'...
[2.283s] -- Up-to-date: /home/jozef/ros2_ws/install/mocap4r2_marker_viz_srvs/lib/libmocap4r2_marker_viz_srvs__rosidl_generator_py.so
[2.283s] -- Up-to-date: /home/jozef/ros2_ws/install/mocap4r2_marker_viz_srvs/share/mocap4r2_marker_viz_srvs/cmake/export_mocap4r2_marker_viz_srvs__rosidl_generator_cExport.cmake
[2.283s] -- Up-to-date: /home/jozef/ros2_ws/install/mocap4r2_marker_viz_srvs/share/mocap4r2_marker_viz_srvs/cmake/export_mocap4r2_marker_viz_srvs__rosidl_generator_cExport-noconfig.cmake
[2.284s] -- Up-to-date: /home/jozef/ros2_ws/install/mocap4r2_marker_viz_srvs/share/mocap4r2_marker_viz_srvs/cmake/export_mocap4r2_marker_viz_srvs__rosidl_typesupport_fastrtps_cExport.cmake
[2.284s] -- Up-to-date: /home/jozef/ros2_ws/install/mocap4r2_marker_viz_srvs/share/mocap4r2_marker_viz_srvs/cmake/export_mocap4r2_marker_viz_srvs__rosidl_typesupport_fastrtps_cExport-noconfig.cmake
[2.284s] -- Up-to-date: /home/jozef/ros2_ws/install/mocap4r2_marker_viz_srvs/share/mocap4r2_marker_viz_srvs/cmake/mocap4r2_marker_viz_srvs__rosidl_typesupport_introspection_cExport.cmake
[2.284s] -- Up-to-date: /home/jozef/ros2_ws/install/mocap4r2_marker_viz_srvs/share/mocap4r2_marker_viz_srvs/cmake/mocap4r2_marker_viz_srvs__rosidl_typesupport_introspection_cExport-noconfig.cmake
[2.286s] -- Up-to-date: /home/jozef/ros2_ws/install/mocap4r2_marker_viz_srvs/share/mocap4r2_marker_viz_srvs/cmake/mocap4r2_marker_viz_srvs__rosidl_typesupport_cExport.cmake
[2.286s] -- Up-to-date: /home/jozef/ros2_ws/install/mocap4r2_marker_viz_srvs/share/mocap4r2_marker_viz_srvs/cmake/mocap4r2_marker_viz_srvs__rosidl_typesupport_cExport-noconfig.cmake
[2.286s] -- Up-to-date: /home/jozef/ros2_ws/install/mocap4r2_marker_viz_srvs/share/mocap4r2_marker_viz_srvs/cmake/export_mocap4r2_marker_viz_srvs__rosidl_generator_cppExport.cmake
[2.286s] -- Up-to-date: /home/jozef/ros2_ws/install/mocap4r2_marker_viz_srvs/share/mocap4r2_marker_viz_srvs/cmake/export_mocap4r2_marker_viz_srvs__rosidl_typesupport_fastrtps_cppExport.cmake
[2.287s] -- Up-to-date: /home/jozef/ros2_ws/install/mocap4r2_marker_viz_srvs/share/mocap4r2_marker_viz_srvs/cmake/export_mocap4r2_marker_viz_srvs__rosidl_typesupport_fastrtps_cppExport-noconfig.cmake
[2.287s] -- Up-to-date: /home/jozef/ros2_ws/install/mocap4r2_marker_viz_srvs/share/mocap4r2_marker_viz_srvs/cmake/mocap4r2_marker_viz_srvs__rosidl_typesupport_introspection_cppExport.cmake
[2.287s] -- Up-to-date: /home/jozef/ros2_ws/install/mocap4r2_marker_viz_srvs/share/mocap4r2_marker_viz_srvs/cmake/mocap4r2_marker_viz_srvs__rosidl_typesupport_introspection_cppExport-noconfig.cmake
[2.287s] -- Up-to-date: /home/jozef/ros2_ws/install/mocap4r2_marker_viz_srvs/share/mocap4r2_marker_viz_srvs/cmake/mocap4r2_marker_viz_srvs__rosidl_typesupport_cppExport.cmake
[2.287s] -- Up-to-date: /home/jozef/ros2_ws/install/mocap4r2_marker_viz_srvs/share/mocap4r2_marker_viz_srvs/cmake/mocap4r2_marker_viz_srvs__rosidl_typesupport_cppExport-noconfig.cmake
[2.287s] -- Up-to-date: /home/jozef/ros2_ws/install/mocap4r2_marker_viz_srvs/share/mocap4r2_marker_viz_srvs/cmake/export_mocap4r2_marker_viz_srvs__rosidl_generator_pyExport.cmake
[2.288s] -- Up-to-date: /home/jozef/ros2_ws/install/mocap4r2_marker_viz_srvs/share/mocap4r2_marker_viz_srvs/cmake/export_mocap4r2_marker_viz_srvs__rosidl_generator_pyExport-noconfig.cmake
[2.879s] Invoked command in '/home/jozef/ros2_ws/build/mocap4r2_marker_viz_srvs' returned '0': CMAKE_PREFIX_PATH=/home/jozef/ros2_ws/install/tb2_slam:/home/jozef/ros2_ws/install/rqt_mocap4r2_control:/home/jozef/ros2_ws/install/neo_localization2:/home/jozef/ros2_ws/install/mrpt_navigation:/home/jozef/ros2_ws/install/mrpt_tutorials:/home/jozef/ros2_ws/install/mrpt_tps_astar_planner:/home/jozef/ros2_ws/install/mrpt_reactivenav2d:/home/jozef/ros2_ws/install/mrpt_rawlog:/home/jozef/ros2_ws/install/mrpt_pointcloud_pipeline:/home/jozef/ros2_ws/install/mrpt_pf_localization:/home/jozef/ros2_ws/install/mrpt_map_server:/home/jozef/ros2_ws/install/mrpt_nav_interfaces:/home/jozef/ros2_ws/install/mrpt_msgs_bridge:/home/jozef/ros2_ws/install/tb2_control:/home/jozef/ros2_ws/install/tb2_bringup:/home/jozef/ros2_ws/install/mocap4r2cli:/home/jozef/ros2_ws/install/localization_benchmarking:/opt/ros/humble:/home/jozef/ros2_ws/install/mrpt_msgs:/home/jozef/ros2_ws/install/mocap4r2_robot_gt:/home/jozef/ros2_ws/install/mocap4r2_robot_gt_msgs:/home/jozef/ros2_ws/install/mocap4r2_optitrack_driver:/home/jozef/ros2_ws/install/mocap4r2_marker_viz:/home/jozef/ros2_ws/install/mocap4r2_marker_publisher:/home/jozef/ros2_ws/install/mocap4r2_dummy_driver:/home/jozef/ros2_ws/install/mocap4r2_msgs:/home/jozef/ros2_ws/install/mocap4r2_marker_viz_srvs:/home/jozef/ros2_ws/install/mocap4r2_control:/home/jozef/ros2_ws/install/mocap4r2_control_msgs:/home/jozef/ros2_ws/install/message_filters /usr/bin/cmake --install /home/jozef/ros2_ws/build/mocap4r2_marker_viz_srvs
