[0.056s] Invoking command in '/home/jozef/ros2_ws/build/mrpt_map_server': AMENT_PREFIX_PATH=/home/jozef/ros2_ws/install/mrpt_nav_interfaces:/home/jozef/ros2_ws/install/mrpt_msgs:${AMENT_PREFIX_PATH} CMAKE_PREFIX_PATH=/home/jozef/ros2_ws/install/mrpt_nav_interfaces:/opt/ros/humble:/home/jozef/ros2_ws/install/mrpt_msgs LD_LIBRARY_PATH=/home/jozef/ros2_ws/install/mrpt_nav_interfaces/lib:/home/jozef/ros2_ws/install/mrpt_msgs/lib:${LD_LIBRARY_PATH} PYTHONPATH=/home/jozef/ros2_ws/install/mrpt_nav_interfaces/local/lib/python3.10/dist-packages:/home/jozef/ros2_ws/install/mrpt_msgs/local/lib/python3.10/dist-packages:${PYTHONPATH} /usr/bin/cmake --build /home/jozef/ros2_ws/build/mrpt_map_server -- -j8 -l8
[0.392s] [100%] Built target map_server_node
[0.461s] Invoked command in '/home/jozef/ros2_ws/build/mrpt_map_server' returned '0': AMENT_PREFIX_PATH=/home/jozef/ros2_ws/install/mrpt_nav_interfaces:/home/jozef/ros2_ws/install/mrpt_msgs:${AMENT_PREFIX_PATH} CMAKE_PREFIX_PATH=/home/jozef/ros2_ws/install/mrpt_nav_interfaces:/opt/ros/humble:/home/jozef/ros2_ws/install/mrpt_msgs LD_LIBRARY_PATH=/home/jozef/ros2_ws/install/mrpt_nav_interfaces/lib:/home/jozef/ros2_ws/install/mrpt_msgs/lib:${LD_LIBRARY_PATH} PYTHONPATH=/home/jozef/ros2_ws/install/mrpt_nav_interfaces/local/lib/python3.10/dist-packages:/home/jozef/ros2_ws/install/mrpt_msgs/local/lib/python3.10/dist-packages:${PYTHONPATH} /usr/bin/cmake --build /home/jozef/ros2_ws/build/mrpt_map_server -- -j8 -l8
[0.462s] Invoking command in '/home/jozef/ros2_ws/build/mrpt_map_server': AMENT_PREFIX_PATH=/home/jozef/ros2_ws/install/mrpt_nav_interfaces:/home/jozef/ros2_ws/install/mrpt_msgs:${AMENT_PREFIX_PATH} CMAKE_PREFIX_PATH=/home/jozef/ros2_ws/install/mrpt_nav_interfaces:/opt/ros/humble:/home/jozef/ros2_ws/install/mrpt_msgs LD_LIBRARY_PATH=/home/jozef/ros2_ws/install/mrpt_nav_interfaces/lib:/home/jozef/ros2_ws/install/mrpt_msgs/lib:${LD_LIBRARY_PATH} PYTHONPATH=/home/jozef/ros2_ws/install/mrpt_nav_interfaces/local/lib/python3.10/dist-packages:/home/jozef/ros2_ws/install/mrpt_msgs/local/lib/python3.10/dist-packages:${PYTHONPATH} /usr/bin/cmake --install /home/jozef/ros2_ws/build/mrpt_map_server
[0.515s] -- Install configuration: ""
[0.515s] -- Execute custom install script
[0.515s] -- Up-to-date symlink: /home/jozef/ros2_ws/install/mrpt_map_server/lib/mrpt_map_server/map_server_node
[0.528s] -- Up-to-date symlink: /home/jozef/ros2_ws/install/mrpt_map_server/share/mrpt_map_server/launch/mrpt_map_server.launch.py
[0.529s] -- Up-to-date symlink: /home/jozef/ros2_ws/install/mrpt_map_server/share/mrpt_map_server/params/README.md
[0.537s] -- Up-to-date symlink: /home/jozef/ros2_ws/install/mrpt_map_server/share/mrpt_map_server/params/metric-map-gridmap.ini
[0.538s] -- Up-to-date symlink: /home/jozef/ros2_ws/install/mrpt_map_server/share/ament_index/resource_index/package_run_dependencies/mrpt_map_server
[0.539s] -- Up-to-date symlink: /home/jozef/ros2_ws/install/mrpt_map_server/share/ament_index/resource_index/parent_prefix_path/mrpt_map_server
[0.539s] -- Up-to-date symlink: /home/jozef/ros2_ws/install/mrpt_map_server/share/mrpt_map_server/environment/ament_prefix_path.sh
[0.539s] -- Up-to-date symlink: /home/jozef/ros2_ws/install/mrpt_map_server/share/mrpt_map_server/environment/ament_prefix_path.dsv
[0.539s] -- Up-to-date symlink: /home/jozef/ros2_ws/install/mrpt_map_server/share/mrpt_map_server/environment/path.sh
[0.539s] -- Up-to-date symlink: /home/jozef/ros2_ws/install/mrpt_map_server/share/mrpt_map_server/environment/path.dsv
[0.539s] -- Up-to-date symlink: /home/jozef/ros2_ws/install/mrpt_map_server/share/mrpt_map_server/local_setup.bash
[0.540s] -- Up-to-date symlink: /home/jozef/ros2_ws/install/mrpt_map_server/share/mrpt_map_server/local_setup.sh
[0.540s] -- Up-to-date symlink: /home/jozef/ros2_ws/install/mrpt_map_server/share/mrpt_map_server/local_setup.zsh
[0.540s] -- Up-to-date symlink: /home/jozef/ros2_ws/install/mrpt_map_server/share/mrpt_map_server/local_setup.dsv
[0.540s] -- Symlinking: /home/jozef/ros2_ws/install/mrpt_map_server/share/mrpt_map_server/package.dsv
[0.578s] -- Up-to-date symlink: /home/jozef/ros2_ws/install/mrpt_map_server/share/ament_index/resource_index/packages/mrpt_map_server
[0.587s] -- Up-to-date symlink: /home/jozef/ros2_ws/install/mrpt_map_server/share/mrpt_map_server/cmake/mrpt_map_serverConfig.cmake
[0.588s] -- Up-to-date symlink: /home/jozef/ros2_ws/install/mrpt_map_server/share/mrpt_map_server/cmake/mrpt_map_serverConfig-version.cmake
[0.588s] -- Up-to-date symlink: /home/jozef/ros2_ws/install/mrpt_map_server/share/mrpt_map_server/package.xml
[0.745s] Invoked command in '/home/jozef/ros2_ws/build/mrpt_map_server' returned '0': AMENT_PREFIX_PATH=/home/jozef/ros2_ws/install/mrpt_nav_interfaces:/home/jozef/ros2_ws/install/mrpt_msgs:${AMENT_PREFIX_PATH} CMAKE_PREFIX_PATH=/home/jozef/ros2_ws/install/mrpt_nav_interfaces:/opt/ros/humble:/home/jozef/ros2_ws/install/mrpt_msgs LD_LIBRARY_PATH=/home/jozef/ros2_ws/install/mrpt_nav_interfaces/lib:/home/jozef/ros2_ws/install/mrpt_msgs/lib:${LD_LIBRARY_PATH} PYTHONPATH=/home/jozef/ros2_ws/install/mrpt_nav_interfaces/local/lib/python3.10/dist-packages:/home/jozef/ros2_ws/install/mrpt_msgs/local/lib/python3.10/dist-packages:${PYTHONPATH} /usr/bin/cmake --install /home/jozef/ros2_ws/build/mrpt_map_server
