[  3%] Built target mocap4r2_robot_gt_msgs__cpp
[  3%] Built target ament_cmake_python_symlink_mocap4r2_robot_gt_msgs
[ 12%] Built target mocap4r2_robot_gt_msgs__rosidl_generator_c
[ 22%] Built target mocap4r2_robot_gt_msgs__rosidl_typesupport_introspection_c
[ 32%] Built target mocap4r2_robot_gt_msgs__rosidl_typesupport_fastrtps_cpp
[ 41%] Built target mocap4r2_robot_gt_msgs__rosidl_typesupport_cpp
[ 51%] Built target mocap4r2_robot_gt_msgs__rosidl_typesupport_introspection_cpp
[ 61%] Built target mocap4r2_robot_gt_msgs__rosidl_typesupport_c
[ 70%] Built target mocap4r2_robot_gt_msgs__rosidl_typesupport_fastrtps_c
[ 70%] Built target mocap4r2_robot_gt_msgs
[ 74%] Built target mocap4r2_robot_gt_msgs__py
[ 80%] Built target mocap4r2_robot_gt_msgs__rosidl_generator_py
[ 87%] Built target mocap4r2_robot_gt_msgs__rosidl_typesupport_fastrtps_c__pyext
[ 93%] Built target mocap4r2_robot_gt_msgs__rosidl_typesupport_introspection_c__pyext
[100%] Built target mocap4r2_robot_gt_msgs__rosidl_typesupport_c__pyext
running egg_info
writing mocap4r2_robot_gt_msgs.egg-info/PKG-INFO
writing dependency_links to mocap4r2_robot_gt_msgs.egg-info/dependency_links.txt
writing top-level names to mocap4r2_robot_gt_msgs.egg-info/top_level.txt
reading manifest file 'mocap4r2_robot_gt_msgs.egg-info/SOURCES.txt'
writing manifest file 'mocap4r2_robot_gt_msgs.egg-info/SOURCES.txt'
[100%] Built target ament_cmake_python_build_mocap4r2_robot_gt_msgs_egg
