[0.086s] Invoking command in '/home/jozef/ros2_ws/build/mrpt_msgs': CMAKE_PREFIX_PATH=${CMAKE_PREFIX_PATH}:/home/jozef/ros2_ws/install/tb2_control:/opt/ros/humble /usr/bin/cmake --build /home/jozef/ros2_ws/build/mrpt_msgs -- -j8 -l8
[0.212s] [35m[1mConsolidate compiler generated dependencies of target mrpt_msgs__rosidl_generator_c[0m
[0.242s] [  0%] Built target mrpt_msgs__cpp
[0.281s] [ 12%] Built target mrpt_msgs__rosidl_generator_c
[0.287s] [35m[1mConsolidate compiler generated dependencies of target mrpt_msgs__rosidl_typesupport_fastrtps_cpp[0m
[0.300s] [35m[1mConsolidate compiler generated dependencies of target mrpt_msgs__rosidl_typesupport_cpp[0m
[0.301s] [ 12%] Built target ament_cmake_python_symlink_mrpt_msgs
[0.305s] [35m[1mConsolidate compiler generated dependencies of target mrpt_msgs__rosidl_typesupport_introspection_cpp[0m
[0.349s] [35m[1mConsolidate compiler generated dependencies of target mrpt_msgs__rosidl_typesupport_introspection_c[0m
[0.349s] [35m[1mConsolidate compiler generated dependencies of target mrpt_msgs__rosidl_typesupport_c[0m
[0.359s] [35m[1mConsolidate compiler generated dependencies of target mrpt_msgs__rosidl_typesupport_fastrtps_c[0m
[0.382s] [ 24%] Built target mrpt_msgs__rosidl_typesupport_cpp
[0.411s] [ 43%] Built target mrpt_msgs__rosidl_typesupport_fastrtps_cpp
[0.412s] [ 48%] Built target mrpt_msgs__rosidl_typesupport_c
[0.423s] [ 60%] Built target mrpt_msgs__rosidl_typesupport_introspection_cpp
[0.426s] [ 72%] Built target mrpt_msgs__rosidl_typesupport_introspection_c
[0.472s] [ 84%] Built target mrpt_msgs__rosidl_typesupport_fastrtps_c
[0.532s] [ 84%] Built target mrpt_msgs
[0.589s] [ 85%] Built target mrpt_msgs__py
[0.620s] [35m[1mConsolidate compiler generated dependencies of target mrpt_msgs__rosidl_generator_py[0m
[0.684s] [ 96%] Built target mrpt_msgs__rosidl_generator_py
[0.712s] [35m[1mConsolidate compiler generated dependencies of target mrpt_msgs__rosidl_typesupport_fastrtps_c__pyext[0m
[0.741s] [35m[1mConsolidate compiler generated dependencies of target mrpt_msgs__rosidl_typesupport_c__pyext[0m
[0.745s] [35m[1mConsolidate compiler generated dependencies of target mrpt_msgs__rosidl_typesupport_introspection_c__pyext[0m
[0.750s] [ 97%] Built target mrpt_msgs__rosidl_typesupport_fastrtps_c__pyext
[0.777s] [ 98%] Built target mrpt_msgs__rosidl_typesupport_c__pyext
[0.781s] [100%] Built target mrpt_msgs__rosidl_typesupport_introspection_c__pyext
[0.846s] running egg_info
[0.879s] writing mrpt_msgs.egg-info/PKG-INFO
[0.880s] writing dependency_links to mrpt_msgs.egg-info/dependency_links.txt
[0.880s] writing top-level names to mrpt_msgs.egg-info/top_level.txt
[0.989s] reading manifest file 'mrpt_msgs.egg-info/SOURCES.txt'
[0.991s] writing manifest file 'mrpt_msgs.egg-info/SOURCES.txt'
[1.070s] [100%] Built target ament_cmake_python_build_mrpt_msgs_egg
[1.164s] Invoked command in '/home/jozef/ros2_ws/build/mrpt_msgs' returned '0': CMAKE_PREFIX_PATH=${CMAKE_PREFIX_PATH}:/home/jozef/ros2_ws/install/tb2_control:/opt/ros/humble /usr/bin/cmake --build /home/jozef/ros2_ws/build/mrpt_msgs -- -j8 -l8
[1.165s] Invoking command in '/home/jozef/ros2_ws/build/mrpt_msgs': CMAKE_PREFIX_PATH=${CMAKE_PREFIX_PATH}:/home/jozef/ros2_ws/install/tb2_control:/opt/ros/humble /usr/bin/cmake --install /home/jozef/ros2_ws/build/mrpt_msgs
[1.211s] -- Install configuration: ""
[1.213s] -- Execute custom install script
[1.213s] -- Up-to-date symlink: /home/jozef/ros2_ws/install/mrpt_msgs/share/ament_index/resource_index/rosidl_interfaces/mrpt_msgs
[1.213s] -- Up-to-date symlink: /home/jozef/ros2_ws/install/mrpt_msgs/include/mrpt_msgs/mrpt_msgs/msg/detail/generic_object__functions.h
[1.213s] -- Up-to-date symlink: /home/jozef/ros2_ws/install/mrpt_msgs/include/mrpt_msgs/mrpt_msgs/msg/detail/generic_object__struct.h
[1.214s] -- Up-to-date symlink: /home/jozef/ros2_ws/install/mrpt_msgs/include/mrpt_msgs/mrpt_msgs/msg/detail/generic_object__type_support.h
[1.214s] -- Up-to-date symlink: /home/jozef/ros2_ws/install/mrpt_msgs/include/mrpt_msgs/mrpt_msgs/msg/detail/generic_observation__functions.h
[1.214s] -- Up-to-date symlink: /home/jozef/ros2_ws/install/mrpt_msgs/include/mrpt_msgs/mrpt_msgs/msg/detail/generic_observation__struct.h
[1.214s] -- Up-to-date symlink: /home/jozef/ros2_ws/install/mrpt_msgs/include/mrpt_msgs/mrpt_msgs/msg/detail/generic_observation__type_support.h
[1.214s] -- Up-to-date symlink: /home/jozef/ros2_ws/install/mrpt_msgs/include/mrpt_msgs/mrpt_msgs/msg/detail/graph_constraint__functions.h
[1.214s] -- Up-to-date symlink: /home/jozef/ros2_ws/install/mrpt_msgs/include/mrpt_msgs/mrpt_msgs/msg/detail/graph_constraint__struct.h
[1.215s] -- Up-to-date symlink: /home/jozef/ros2_ws/install/mrpt_msgs/include/mrpt_msgs/mrpt_msgs/msg/detail/graph_constraint__type_support.h
[1.215s] -- Up-to-date symlink: /home/jozef/ros2_ws/install/mrpt_msgs/include/mrpt_msgs/mrpt_msgs/msg/detail/graph_slam_agent__functions.h
[1.215s] -- Up-to-date symlink: /home/jozef/ros2_ws/install/mrpt_msgs/include/mrpt_msgs/mrpt_msgs/msg/detail/graph_slam_agent__struct.h
[1.215s] -- Up-to-date symlink: /home/jozef/ros2_ws/install/mrpt_msgs/include/mrpt_msgs/mrpt_msgs/msg/detail/graph_slam_agent__type_support.h
[1.215s] -- Up-to-date symlink: /home/jozef/ros2_ws/install/mrpt_msgs/include/mrpt_msgs/mrpt_msgs/msg/detail/graph_slam_agents__functions.h
[1.215s] -- Up-to-date symlink: /home/jozef/ros2_ws/install/mrpt_msgs/include/mrpt_msgs/mrpt_msgs/msg/detail/graph_slam_agents__struct.h
[1.215s] -- Up-to-date symlink: /home/jozef/ros2_ws/install/mrpt_msgs/include/mrpt_msgs/mrpt_msgs/msg/detail/graph_slam_agents__type_support.h
[1.215s] -- Up-to-date symlink: /home/jozef/ros2_ws/install/mrpt_msgs/include/mrpt_msgs/mrpt_msgs/msg/detail/graph_slam_stats__functions.h
[1.216s] -- Up-to-date symlink: /home/jozef/ros2_ws/install/mrpt_msgs/include/mrpt_msgs/mrpt_msgs/msg/detail/graph_slam_stats__struct.h
[1.216s] -- Up-to-date symlink: /home/jozef/ros2_ws/install/mrpt_msgs/include/mrpt_msgs/mrpt_msgs/msg/detail/graph_slam_stats__type_support.h
[1.228s] -- Up-to-date symlink: /home/jozef/ros2_ws/install/mrpt_msgs/include/mrpt_msgs/mrpt_msgs/msg/detail/network_of_poses__functions.h
[1.228s] -- Up-to-date symlink: /home/jozef/ros2_ws/install/mrpt_msgs/include/mrpt_msgs/mrpt_msgs/msg/detail/network_of_poses__struct.h
[1.228s] -- Up-to-date symlink: /home/jozef/ros2_ws/install/mrpt_msgs/include/mrpt_msgs/mrpt_msgs/msg/detail/network_of_poses__type_support.h
[1.228s] -- Up-to-date symlink: /home/jozef/ros2_ws/install/mrpt_msgs/include/mrpt_msgs/mrpt_msgs/msg/detail/node_id_with_laser_scan__functions.h
[1.229s] -- Up-to-date symlink: /home/jozef/ros2_ws/install/mrpt_msgs/include/mrpt_msgs/mrpt_msgs/msg/detail/node_id_with_laser_scan__struct.h
[1.229s] -- Up-to-date symlink: /home/jozef/ros2_ws/install/mrpt_msgs/include/mrpt_msgs/mrpt_msgs/msg/detail/node_id_with_laser_scan__type_support.h
[1.229s] -- Up-to-date symlink: /home/jozef/ros2_ws/install/mrpt_msgs/include/mrpt_msgs/mrpt_msgs/msg/detail/node_id_with_pose__functions.h
[1.229s] -- Up-to-date symlink: /home/jozef/ros2_ws/install/mrpt_msgs/include/mrpt_msgs/mrpt_msgs/msg/detail/node_id_with_pose__struct.h
[1.229s] -- Up-to-date symlink: /home/jozef/ros2_ws/install/mrpt_msgs/include/mrpt_msgs/mrpt_msgs/msg/detail/node_id_with_pose__type_support.h
[1.229s] -- Up-to-date symlink: /home/jozef/ros2_ws/install/mrpt_msgs/include/mrpt_msgs/mrpt_msgs/msg/detail/node_id_with_pose_vec__functions.h
[1.229s] -- Up-to-date symlink: /home/jozef/ros2_ws/install/mrpt_msgs/include/mrpt_msgs/mrpt_msgs/msg/detail/node_id_with_pose_vec__struct.h
[1.230s] -- Up-to-date symlink: /home/jozef/ros2_ws/install/mrpt_msgs/include/mrpt_msgs/mrpt_msgs/msg/detail/node_id_with_pose_vec__type_support.h
[1.230s] -- Up-to-date symlink: /home/jozef/ros2_ws/install/mrpt_msgs/include/mrpt_msgs/mrpt_msgs/msg/detail/observation_object__functions.h
[1.230s] -- Up-to-date symlink: /home/jozef/ros2_ws/install/mrpt_msgs/include/mrpt_msgs/mrpt_msgs/msg/detail/observation_object__struct.h
[1.230s] -- Up-to-date symlink: /home/jozef/ros2_ws/install/mrpt_msgs/include/mrpt_msgs/mrpt_msgs/msg/detail/observation_object__type_support.h
[1.230s] -- Up-to-date symlink: /home/jozef/ros2_ws/install/mrpt_msgs/include/mrpt_msgs/mrpt_msgs/msg/detail/observation_range_beacon__functions.h
[1.230s] -- Up-to-date symlink: /home/jozef/ros2_ws/install/mrpt_msgs/include/mrpt_msgs/mrpt_msgs/msg/detail/observation_range_beacon__struct.h
[1.230s] -- Up-to-date symlink: /home/jozef/ros2_ws/install/mrpt_msgs/include/mrpt_msgs/mrpt_msgs/msg/detail/observation_range_beacon__type_support.h
[1.230s] -- Up-to-date symlink: /home/jozef/ros2_ws/install/mrpt_msgs/include/mrpt_msgs/mrpt_msgs/msg/detail/observation_range_bearing__functions.h
[1.231s] -- Up-to-date symlink: /home/jozef/ros2_ws/install/mrpt_msgs/include/mrpt_msgs/mrpt_msgs/msg/detail/observation_range_bearing__struct.h
[1.231s] -- Up-to-date symlink: /home/jozef/ros2_ws/install/mrpt_msgs/include/mrpt_msgs/mrpt_msgs/msg/detail/observation_range_bearing__type_support.h
[1.231s] -- Up-to-date symlink: /home/jozef/ros2_ws/install/mrpt_msgs/include/mrpt_msgs/mrpt_msgs/msg/detail/single_object_observation__functions.h
[1.231s] -- Up-to-date symlink: /home/jozef/ros2_ws/install/mrpt_msgs/include/mrpt_msgs/mrpt_msgs/msg/detail/single_object_observation__struct.h
[1.231s] -- Up-to-date symlink: /home/jozef/ros2_ws/install/mrpt_msgs/include/mrpt_msgs/mrpt_msgs/msg/detail/single_object_observation__type_support.h
[1.231s] -- Up-to-date symlink: /home/jozef/ros2_ws/install/mrpt_msgs/include/mrpt_msgs/mrpt_msgs/msg/detail/single_range_beacon_observation__functions.h
[1.231s] -- Up-to-date symlink: /home/jozef/ros2_ws/install/mrpt_msgs/include/mrpt_msgs/mrpt_msgs/msg/detail/single_range_beacon_observation__struct.h
[1.231s] -- Up-to-date symlink: /home/jozef/ros2_ws/install/mrpt_msgs/include/mrpt_msgs/mrpt_msgs/msg/detail/single_range_beacon_observation__type_support.h
[1.232s] -- Up-to-date symlink: /home/jozef/ros2_ws/install/mrpt_msgs/include/mrpt_msgs/mrpt_msgs/msg/detail/single_range_bearing_observation__functions.h
[1.236s] -- Up-to-date symlink: /home/jozef/ros2_ws/install/mrpt_msgs/include/mrpt_msgs/mrpt_msgs/msg/detail/single_range_bearing_observation__struct.h
[1.238s] -- Up-to-date symlink: /home/jozef/ros2_ws/install/mrpt_msgs/include/mrpt_msgs/mrpt_msgs/msg/detail/single_range_bearing_observation__type_support.h
[1.239s] -- Up-to-date symlink: /home/jozef/ros2_ws/install/mrpt_msgs/include/mrpt_msgs/mrpt_msgs/msg/detail/waypoint__functions.h
[1.240s] -- Up-to-date symlink: /home/jozef/ros2_ws/install/mrpt_msgs/include/mrpt_msgs/mrpt_msgs/msg/detail/waypoint__struct.h
[1.241s] -- Up-to-date symlink: /home/jozef/ros2_ws/install/mrpt_msgs/include/mrpt_msgs/mrpt_msgs/msg/detail/waypoint__type_support.h
[1.242s] -- Up-to-date symlink: /home/jozef/ros2_ws/install/mrpt_msgs/include/mrpt_msgs/mrpt_msgs/msg/detail/waypoint_sequence__functions.h
[1.243s] -- Up-to-date symlink: /home/jozef/ros2_ws/install/mrpt_msgs/include/mrpt_msgs/mrpt_msgs/msg/detail/waypoint_sequence__struct.h
[1.243s] -- Up-to-date symlink: /home/jozef/ros2_ws/install/mrpt_msgs/include/mrpt_msgs/mrpt_msgs/msg/detail/waypoint_sequence__type_support.h
[1.243s] -- Up-to-date symlink: /home/jozef/ros2_ws/install/mrpt_msgs/include/mrpt_msgs/mrpt_msgs/msg/generic_object.h
[1.245s] -- Up-to-date symlink: /home/jozef/ros2_ws/install/mrpt_msgs/include/mrpt_msgs/mrpt_msgs/msg/generic_observation.h
[1.247s] -- Up-to-date symlink: /home/jozef/ros2_ws/install/mrpt_msgs/include/mrpt_msgs/mrpt_msgs/msg/graph_constraint.h
[1.247s] -- Up-to-date symlink: /home/jozef/ros2_ws/install/mrpt_msgs/include/mrpt_msgs/mrpt_msgs/msg/graph_slam_agent.h
[1.248s] -- Up-to-date symlink: /home/jozef/ros2_ws/install/mrpt_msgs/include/mrpt_msgs/mrpt_msgs/msg/graph_slam_agents.h
[1.248s] -- Up-to-date symlink: /home/jozef/ros2_ws/install/mrpt_msgs/include/mrpt_msgs/mrpt_msgs/msg/graph_slam_stats.h
[1.248s] -- Up-to-date symlink: /home/jozef/ros2_ws/install/mrpt_msgs/include/mrpt_msgs/mrpt_msgs/msg/network_of_poses.h
[1.248s] -- Up-to-date symlink: /home/jozef/ros2_ws/install/mrpt_msgs/include/mrpt_msgs/mrpt_msgs/msg/node_id_with_laser_scan.h
[1.248s] -- Up-to-date symlink: /home/jozef/ros2_ws/install/mrpt_msgs/include/mrpt_msgs/mrpt_msgs/msg/node_id_with_pose.h
[1.248s] -- Up-to-date symlink: /home/jozef/ros2_ws/install/mrpt_msgs/include/mrpt_msgs/mrpt_msgs/msg/node_id_with_pose_vec.h
[1.248s] -- Up-to-date symlink: /home/jozef/ros2_ws/install/mrpt_msgs/include/mrpt_msgs/mrpt_msgs/msg/observation_object.h
[1.249s] -- Up-to-date symlink: /home/jozef/ros2_ws/install/mrpt_msgs/include/mrpt_msgs/mrpt_msgs/msg/observation_range_beacon.h
[1.249s] -- Up-to-date symlink: /home/jozef/ros2_ws/install/mrpt_msgs/include/mrpt_msgs/mrpt_msgs/msg/observation_range_bearing.h
[1.249s] -- Up-to-date symlink: /home/jozef/ros2_ws/install/mrpt_msgs/include/mrpt_msgs/mrpt_msgs/msg/rosidl_generator_c__visibility_control.h
[1.249s] -- Up-to-date symlink: /home/jozef/ros2_ws/install/mrpt_msgs/include/mrpt_msgs/mrpt_msgs/msg/single_object_observation.h
[1.249s] -- Up-to-date symlink: /home/jozef/ros2_ws/install/mrpt_msgs/include/mrpt_msgs/mrpt_msgs/msg/single_range_beacon_observation.h
[1.249s] -- Up-to-date symlink: /home/jozef/ros2_ws/install/mrpt_msgs/include/mrpt_msgs/mrpt_msgs/msg/single_range_bearing_observation.h
[1.249s] -- Up-to-date symlink: /home/jozef/ros2_ws/install/mrpt_msgs/include/mrpt_msgs/mrpt_msgs/msg/waypoint.h
[1.249s] -- Up-to-date symlink: /home/jozef/ros2_ws/install/mrpt_msgs/include/mrpt_msgs/mrpt_msgs/msg/waypoint_sequence.h
[1.250s] -- Up-to-date symlink: /home/jozef/ros2_ws/install/mrpt_msgs/include/mrpt_msgs/mrpt_msgs/srv/detail/get_cm_graph__functions.h
[1.250s] -- Up-to-date symlink: /home/jozef/ros2_ws/install/mrpt_msgs/include/mrpt_msgs/mrpt_msgs/srv/detail/get_cm_graph__struct.h
[1.250s] -- Up-to-date symlink: /home/jozef/ros2_ws/install/mrpt_msgs/include/mrpt_msgs/mrpt_msgs/srv/detail/get_cm_graph__type_support.h
[1.250s] -- Up-to-date symlink: /home/jozef/ros2_ws/install/mrpt_msgs/include/mrpt_msgs/mrpt_msgs/srv/get_cm_graph.h
[1.250s] -- Up-to-date symlink: /home/jozef/ros2_ws/install/mrpt_msgs/share/mrpt_msgs/environment/library_path.sh
[1.250s] -- Up-to-date symlink: /home/jozef/ros2_ws/install/mrpt_msgs/share/mrpt_msgs/environment/library_path.dsv
[1.251s] -- Up-to-date symlink: /home/jozef/ros2_ws/install/mrpt_msgs/include/mrpt_msgs/mrpt_msgs/msg/detail/generic_object__rosidl_typesupport_fastrtps_c.h
[1.252s] -- Up-to-date symlink: /home/jozef/ros2_ws/install/mrpt_msgs/include/mrpt_msgs/mrpt_msgs/msg/detail/generic_observation__rosidl_typesupport_fastrtps_c.h
[1.253s] -- Up-to-date symlink: /home/jozef/ros2_ws/install/mrpt_msgs/include/mrpt_msgs/mrpt_msgs/msg/detail/graph_constraint__rosidl_typesupport_fastrtps_c.h
[1.254s] -- Up-to-date symlink: /home/jozef/ros2_ws/install/mrpt_msgs/include/mrpt_msgs/mrpt_msgs/msg/detail/graph_slam_agent__rosidl_typesupport_fastrtps_c.h
[1.257s] -- Up-to-date symlink: /home/jozef/ros2_ws/install/mrpt_msgs/include/mrpt_msgs/mrpt_msgs/msg/detail/graph_slam_agents__rosidl_typesupport_fastrtps_c.h
[1.257s] -- Up-to-date symlink: /home/jozef/ros2_ws/install/mrpt_msgs/include/mrpt_msgs/mrpt_msgs/msg/detail/graph_slam_stats__rosidl_typesupport_fastrtps_c.h
[1.257s] -- Up-to-date symlink: /home/jozef/ros2_ws/install/mrpt_msgs/include/mrpt_msgs/mrpt_msgs/msg/detail/network_of_poses__rosidl_typesupport_fastrtps_c.h
[1.258s] -- Up-to-date symlink: /home/jozef/ros2_ws/install/mrpt_msgs/include/mrpt_msgs/mrpt_msgs/msg/detail/node_id_with_laser_scan__rosidl_typesupport_fastrtps_c.h
[1.258s] -- Up-to-date symlink: /home/jozef/ros2_ws/install/mrpt_msgs/include/mrpt_msgs/mrpt_msgs/msg/detail/node_id_with_pose__rosidl_typesupport_fastrtps_c.h
[1.258s] -- Up-to-date symlink: /home/jozef/ros2_ws/install/mrpt_msgs/include/mrpt_msgs/mrpt_msgs/msg/detail/node_id_with_pose_vec__rosidl_typesupport_fastrtps_c.h
[1.262s] -- Up-to-date symlink: /home/jozef/ros2_ws/install/mrpt_msgs/include/mrpt_msgs/mrpt_msgs/msg/detail/observation_object__rosidl_typesupport_fastrtps_c.h
[1.262s] -- Up-to-date symlink: /home/jozef/ros2_ws/install/mrpt_msgs/include/mrpt_msgs/mrpt_msgs/msg/detail/observation_range_beacon__rosidl_typesupport_fastrtps_c.h
[1.262s] -- Up-to-date symlink: /home/jozef/ros2_ws/install/mrpt_msgs/include/mrpt_msgs/mrpt_msgs/msg/detail/observation_range_bearing__rosidl_typesupport_fastrtps_c.h
[1.262s] -- Up-to-date symlink: /home/jozef/ros2_ws/install/mrpt_msgs/include/mrpt_msgs/mrpt_msgs/msg/detail/single_object_observation__rosidl_typesupport_fastrtps_c.h
[1.262s] -- Up-to-date symlink: /home/jozef/ros2_ws/install/mrpt_msgs/include/mrpt_msgs/mrpt_msgs/msg/detail/single_range_beacon_observation__rosidl_typesupport_fastrtps_c.h
[1.263s] -- Up-to-date symlink: /home/jozef/ros2_ws/install/mrpt_msgs/include/mrpt_msgs/mrpt_msgs/msg/detail/single_range_bearing_observation__rosidl_typesupport_fastrtps_c.h
[1.263s] -- Up-to-date symlink: /home/jozef/ros2_ws/install/mrpt_msgs/include/mrpt_msgs/mrpt_msgs/msg/detail/waypoint__rosidl_typesupport_fastrtps_c.h
[1.263s] -- Up-to-date symlink: /home/jozef/ros2_ws/install/mrpt_msgs/include/mrpt_msgs/mrpt_msgs/msg/detail/waypoint_sequence__rosidl_typesupport_fastrtps_c.h
[1.263s] -- Up-to-date symlink: /home/jozef/ros2_ws/install/mrpt_msgs/include/mrpt_msgs/mrpt_msgs/msg/rosidl_typesupport_fastrtps_c__visibility_control.h
[1.263s] -- Up-to-date symlink: /home/jozef/ros2_ws/install/mrpt_msgs/include/mrpt_msgs/mrpt_msgs/srv/detail/get_cm_graph__rosidl_typesupport_fastrtps_c.h
[1.263s] -- Up-to-date symlink: /home/jozef/ros2_ws/install/mrpt_msgs/include/mrpt_msgs/mrpt_msgs/msg/detail/generic_object__rosidl_typesupport_introspection_c.h
[1.263s] -- Up-to-date symlink: /home/jozef/ros2_ws/install/mrpt_msgs/include/mrpt_msgs/mrpt_msgs/msg/detail/generic_observation__rosidl_typesupport_introspection_c.h
[1.263s] -- Up-to-date symlink: /home/jozef/ros2_ws/install/mrpt_msgs/include/mrpt_msgs/mrpt_msgs/msg/detail/graph_constraint__rosidl_typesupport_introspection_c.h
[1.264s] -- Up-to-date symlink: /home/jozef/ros2_ws/install/mrpt_msgs/include/mrpt_msgs/mrpt_msgs/msg/detail/graph_slam_agent__rosidl_typesupport_introspection_c.h
[1.264s] -- Up-to-date symlink: /home/jozef/ros2_ws/install/mrpt_msgs/include/mrpt_msgs/mrpt_msgs/msg/detail/graph_slam_agents__rosidl_typesupport_introspection_c.h
[1.264s] -- Up-to-date symlink: /home/jozef/ros2_ws/install/mrpt_msgs/include/mrpt_msgs/mrpt_msgs/msg/detail/graph_slam_stats__rosidl_typesupport_introspection_c.h
[1.264s] -- Up-to-date symlink: /home/jozef/ros2_ws/install/mrpt_msgs/include/mrpt_msgs/mrpt_msgs/msg/detail/network_of_poses__rosidl_typesupport_introspection_c.h
[1.264s] -- Up-to-date symlink: /home/jozef/ros2_ws/install/mrpt_msgs/include/mrpt_msgs/mrpt_msgs/msg/detail/node_id_with_laser_scan__rosidl_typesupport_introspection_c.h
[1.265s] -- Up-to-date symlink: /home/jozef/ros2_ws/install/mrpt_msgs/include/mrpt_msgs/mrpt_msgs/msg/detail/node_id_with_pose__rosidl_typesupport_introspection_c.h
[1.265s] -- Up-to-date symlink: /home/jozef/ros2_ws/install/mrpt_msgs/include/mrpt_msgs/mrpt_msgs/msg/detail/node_id_with_pose_vec__rosidl_typesupport_introspection_c.h
[1.265s] -- Up-to-date symlink: /home/jozef/ros2_ws/install/mrpt_msgs/include/mrpt_msgs/mrpt_msgs/msg/detail/observation_object__rosidl_typesupport_introspection_c.h
[1.273s] -- Up-to-date symlink: /home/jozef/ros2_ws/install/mrpt_msgs/include/mrpt_msgs/mrpt_msgs/msg/detail/observation_range_beacon__rosidl_typesupport_introspection_c.h
[1.274s] -- Up-to-date symlink: /home/jozef/ros2_ws/install/mrpt_msgs/include/mrpt_msgs/mrpt_msgs/msg/detail/observation_range_bearing__rosidl_typesupport_introspection_c.h
[1.274s] -- Up-to-date symlink: /home/jozef/ros2_ws/install/mrpt_msgs/include/mrpt_msgs/mrpt_msgs/msg/detail/single_object_observation__rosidl_typesupport_introspection_c.h
[1.274s] -- Up-to-date symlink: /home/jozef/ros2_ws/install/mrpt_msgs/include/mrpt_msgs/mrpt_msgs/msg/detail/single_range_beacon_observation__rosidl_typesupport_introspection_c.h
[1.274s] -- Up-to-date symlink: /home/jozef/ros2_ws/install/mrpt_msgs/include/mrpt_msgs/mrpt_msgs/msg/detail/single_range_bearing_observation__rosidl_typesupport_introspection_c.h
[1.274s] -- Up-to-date symlink: /home/jozef/ros2_ws/install/mrpt_msgs/include/mrpt_msgs/mrpt_msgs/msg/detail/waypoint__rosidl_typesupport_introspection_c.h
[1.274s] -- Up-to-date symlink: /home/jozef/ros2_ws/install/mrpt_msgs/include/mrpt_msgs/mrpt_msgs/msg/detail/waypoint_sequence__rosidl_typesupport_introspection_c.h
[1.274s] -- Up-to-date symlink: /home/jozef/ros2_ws/install/mrpt_msgs/include/mrpt_msgs/mrpt_msgs/msg/rosidl_typesupport_introspection_c__visibility_control.h
[1.274s] -- Up-to-date symlink: /home/jozef/ros2_ws/install/mrpt_msgs/include/mrpt_msgs/mrpt_msgs/srv/detail/get_cm_graph__rosidl_typesupport_introspection_c.h
[1.274s] -- Up-to-date symlink: /home/jozef/ros2_ws/install/mrpt_msgs/include/mrpt_msgs/mrpt_msgs/msg/detail/generic_object__builder.hpp
[1.274s] -- Up-to-date symlink: /home/jozef/ros2_ws/install/mrpt_msgs/include/mrpt_msgs/mrpt_msgs/msg/detail/generic_object__struct.hpp
[1.275s] -- Up-to-date symlink: /home/jozef/ros2_ws/install/mrpt_msgs/include/mrpt_msgs/mrpt_msgs/msg/detail/generic_object__traits.hpp
[1.275s] -- Up-to-date symlink: /home/jozef/ros2_ws/install/mrpt_msgs/include/mrpt_msgs/mrpt_msgs/msg/detail/generic_object__type_support.hpp
[1.275s] -- Up-to-date symlink: /home/jozef/ros2_ws/install/mrpt_msgs/include/mrpt_msgs/mrpt_msgs/msg/detail/generic_observation__builder.hpp
[1.275s] -- Up-to-date symlink: /home/jozef/ros2_ws/install/mrpt_msgs/include/mrpt_msgs/mrpt_msgs/msg/detail/generic_observation__struct.hpp
[1.275s] -- Up-to-date symlink: /home/jozef/ros2_ws/install/mrpt_msgs/include/mrpt_msgs/mrpt_msgs/msg/detail/generic_observation__traits.hpp
[1.275s] -- Up-to-date symlink: /home/jozef/ros2_ws/install/mrpt_msgs/include/mrpt_msgs/mrpt_msgs/msg/detail/generic_observation__type_support.hpp
[1.275s] -- Up-to-date symlink: /home/jozef/ros2_ws/install/mrpt_msgs/include/mrpt_msgs/mrpt_msgs/msg/detail/graph_constraint__builder.hpp
[1.275s] -- Up-to-date symlink: /home/jozef/ros2_ws/install/mrpt_msgs/include/mrpt_msgs/mrpt_msgs/msg/detail/graph_constraint__struct.hpp
[1.275s] -- Up-to-date symlink: /home/jozef/ros2_ws/install/mrpt_msgs/include/mrpt_msgs/mrpt_msgs/msg/detail/graph_constraint__traits.hpp
[1.276s] -- Up-to-date symlink: /home/jozef/ros2_ws/install/mrpt_msgs/include/mrpt_msgs/mrpt_msgs/msg/detail/graph_constraint__type_support.hpp
[1.276s] -- Up-to-date symlink: /home/jozef/ros2_ws/install/mrpt_msgs/include/mrpt_msgs/mrpt_msgs/msg/detail/graph_slam_agent__builder.hpp
[1.276s] -- Up-to-date symlink: /home/jozef/ros2_ws/install/mrpt_msgs/include/mrpt_msgs/mrpt_msgs/msg/detail/graph_slam_agent__struct.hpp
[1.276s] -- Up-to-date symlink: /home/jozef/ros2_ws/install/mrpt_msgs/include/mrpt_msgs/mrpt_msgs/msg/detail/graph_slam_agent__traits.hpp
[1.277s] -- Up-to-date symlink: /home/jozef/ros2_ws/install/mrpt_msgs/include/mrpt_msgs/mrpt_msgs/msg/detail/graph_slam_agent__type_support.hpp
[1.277s] -- Up-to-date symlink: /home/jozef/ros2_ws/install/mrpt_msgs/include/mrpt_msgs/mrpt_msgs/msg/detail/graph_slam_agents__builder.hpp
[1.278s] -- Up-to-date symlink: /home/jozef/ros2_ws/install/mrpt_msgs/include/mrpt_msgs/mrpt_msgs/msg/detail/graph_slam_agents__struct.hpp
[1.278s] -- Up-to-date symlink: /home/jozef/ros2_ws/install/mrpt_msgs/include/mrpt_msgs/mrpt_msgs/msg/detail/graph_slam_agents__traits.hpp
[1.278s] -- Up-to-date symlink: /home/jozef/ros2_ws/install/mrpt_msgs/include/mrpt_msgs/mrpt_msgs/msg/detail/graph_slam_agents__type_support.hpp
[1.278s] -- Up-to-date symlink: /home/jozef/ros2_ws/install/mrpt_msgs/include/mrpt_msgs/mrpt_msgs/msg/detail/graph_slam_stats__builder.hpp
[1.278s] -- Up-to-date symlink: /home/jozef/ros2_ws/install/mrpt_msgs/include/mrpt_msgs/mrpt_msgs/msg/detail/graph_slam_stats__struct.hpp
[1.278s] -- Up-to-date symlink: /home/jozef/ros2_ws/install/mrpt_msgs/include/mrpt_msgs/mrpt_msgs/msg/detail/graph_slam_stats__traits.hpp
[1.284s] -- Up-to-date symlink: /home/jozef/ros2_ws/install/mrpt_msgs/include/mrpt_msgs/mrpt_msgs/msg/detail/graph_slam_stats__type_support.hpp
[1.284s] -- Up-to-date symlink: /home/jozef/ros2_ws/install/mrpt_msgs/include/mrpt_msgs/mrpt_msgs/msg/detail/network_of_poses__builder.hpp
[1.284s] -- Up-to-date symlink: /home/jozef/ros2_ws/install/mrpt_msgs/include/mrpt_msgs/mrpt_msgs/msg/detail/network_of_poses__struct.hpp
[1.285s] -- Up-to-date symlink: /home/jozef/ros2_ws/install/mrpt_msgs/include/mrpt_msgs/mrpt_msgs/msg/detail/network_of_poses__traits.hpp
[1.291s] -- Up-to-date symlink: /home/jozef/ros2_ws/install/mrpt_msgs/include/mrpt_msgs/mrpt_msgs/msg/detail/network_of_poses__type_support.hpp
[1.292s] -- Up-to-date symlink: /home/jozef/ros2_ws/install/mrpt_msgs/include/mrpt_msgs/mrpt_msgs/msg/detail/node_id_with_laser_scan__builder.hpp
[1.297s] -- Up-to-date symlink: /home/jozef/ros2_ws/install/mrpt_msgs/include/mrpt_msgs/mrpt_msgs/msg/detail/node_id_with_laser_scan__struct.hpp
[1.298s] -- Up-to-date symlink: /home/jozef/ros2_ws/install/mrpt_msgs/include/mrpt_msgs/mrpt_msgs/msg/detail/node_id_with_laser_scan__traits.hpp
[1.298s] -- Up-to-date symlink: /home/jozef/ros2_ws/install/mrpt_msgs/include/mrpt_msgs/mrpt_msgs/msg/detail/node_id_with_laser_scan__type_support.hpp
[1.298s] -- Up-to-date symlink: /home/jozef/ros2_ws/install/mrpt_msgs/include/mrpt_msgs/mrpt_msgs/msg/detail/node_id_with_pose__builder.hpp
[1.300s] -- Up-to-date symlink: /home/jozef/ros2_ws/install/mrpt_msgs/include/mrpt_msgs/mrpt_msgs/msg/detail/node_id_with_pose__struct.hpp
[1.300s] -- Up-to-date symlink: /home/jozef/ros2_ws/install/mrpt_msgs/include/mrpt_msgs/mrpt_msgs/msg/detail/node_id_with_pose__traits.hpp
[1.301s] -- Up-to-date symlink: /home/jozef/ros2_ws/install/mrpt_msgs/include/mrpt_msgs/mrpt_msgs/msg/detail/node_id_with_pose__type_support.hpp
[1.301s] -- Up-to-date symlink: /home/jozef/ros2_ws/install/mrpt_msgs/include/mrpt_msgs/mrpt_msgs/msg/detail/node_id_with_pose_vec__builder.hpp
[1.301s] -- Up-to-date symlink: /home/jozef/ros2_ws/install/mrpt_msgs/include/mrpt_msgs/mrpt_msgs/msg/detail/node_id_with_pose_vec__struct.hpp
[1.301s] -- Up-to-date symlink: /home/jozef/ros2_ws/install/mrpt_msgs/include/mrpt_msgs/mrpt_msgs/msg/detail/node_id_with_pose_vec__traits.hpp
[1.301s] -- Up-to-date symlink: /home/jozef/ros2_ws/install/mrpt_msgs/include/mrpt_msgs/mrpt_msgs/msg/detail/node_id_with_pose_vec__type_support.hpp
[1.301s] -- Up-to-date symlink: /home/jozef/ros2_ws/install/mrpt_msgs/include/mrpt_msgs/mrpt_msgs/msg/detail/observation_object__builder.hpp
[1.301s] -- Up-to-date symlink: /home/jozef/ros2_ws/install/mrpt_msgs/include/mrpt_msgs/mrpt_msgs/msg/detail/observation_object__struct.hpp
[1.303s] -- Up-to-date symlink: /home/jozef/ros2_ws/install/mrpt_msgs/include/mrpt_msgs/mrpt_msgs/msg/detail/observation_object__traits.hpp
[1.303s] -- Up-to-date symlink: /home/jozef/ros2_ws/install/mrpt_msgs/include/mrpt_msgs/mrpt_msgs/msg/detail/observation_object__type_support.hpp
[1.303s] -- Up-to-date symlink: /home/jozef/ros2_ws/install/mrpt_msgs/include/mrpt_msgs/mrpt_msgs/msg/detail/observation_range_beacon__builder.hpp
[1.303s] -- Up-to-date symlink: /home/jozef/ros2_ws/install/mrpt_msgs/include/mrpt_msgs/mrpt_msgs/msg/detail/observation_range_beacon__struct.hpp
[1.303s] -- Up-to-date symlink: /home/jozef/ros2_ws/install/mrpt_msgs/include/mrpt_msgs/mrpt_msgs/msg/detail/observation_range_beacon__traits.hpp
[1.304s] -- Up-to-date symlink: /home/jozef/ros2_ws/install/mrpt_msgs/include/mrpt_msgs/mrpt_msgs/msg/detail/observation_range_beacon__type_support.hpp
[1.304s] -- Up-to-date symlink: /home/jozef/ros2_ws/install/mrpt_msgs/include/mrpt_msgs/mrpt_msgs/msg/detail/observation_range_bearing__builder.hpp
[1.304s] -- Up-to-date symlink: /home/jozef/ros2_ws/install/mrpt_msgs/include/mrpt_msgs/mrpt_msgs/msg/detail/observation_range_bearing__struct.hpp
[1.304s] -- Up-to-date symlink: /home/jozef/ros2_ws/install/mrpt_msgs/include/mrpt_msgs/mrpt_msgs/msg/detail/observation_range_bearing__traits.hpp
[1.304s] -- Up-to-date symlink: /home/jozef/ros2_ws/install/mrpt_msgs/include/mrpt_msgs/mrpt_msgs/msg/detail/observation_range_bearing__type_support.hpp
[1.304s] -- Up-to-date symlink: /home/jozef/ros2_ws/install/mrpt_msgs/include/mrpt_msgs/mrpt_msgs/msg/detail/single_object_observation__builder.hpp
[1.304s] -- Up-to-date symlink: /home/jozef/ros2_ws/install/mrpt_msgs/include/mrpt_msgs/mrpt_msgs/msg/detail/single_object_observation__struct.hpp
[1.305s] -- Up-to-date symlink: /home/jozef/ros2_ws/install/mrpt_msgs/include/mrpt_msgs/mrpt_msgs/msg/detail/single_object_observation__traits.hpp
[1.305s] -- Up-to-date symlink: /home/jozef/ros2_ws/install/mrpt_msgs/include/mrpt_msgs/mrpt_msgs/msg/detail/single_object_observation__type_support.hpp
[1.305s] -- Up-to-date symlink: /home/jozef/ros2_ws/install/mrpt_msgs/include/mrpt_msgs/mrpt_msgs/msg/detail/single_range_beacon_observation__builder.hpp
[1.305s] -- Up-to-date symlink: /home/jozef/ros2_ws/install/mrpt_msgs/include/mrpt_msgs/mrpt_msgs/msg/detail/single_range_beacon_observation__struct.hpp
[1.305s] -- Up-to-date symlink: /home/jozef/ros2_ws/install/mrpt_msgs/include/mrpt_msgs/mrpt_msgs/msg/detail/single_range_beacon_observation__traits.hpp
[1.305s] -- Up-to-date symlink: /home/jozef/ros2_ws/install/mrpt_msgs/include/mrpt_msgs/mrpt_msgs/msg/detail/single_range_beacon_observation__type_support.hpp
[1.305s] -- Up-to-date symlink: /home/jozef/ros2_ws/install/mrpt_msgs/include/mrpt_msgs/mrpt_msgs/msg/detail/single_range_bearing_observation__builder.hpp
[1.305s] -- Up-to-date symlink: /home/jozef/ros2_ws/install/mrpt_msgs/include/mrpt_msgs/mrpt_msgs/msg/detail/single_range_bearing_observation__struct.hpp
[1.306s] -- Up-to-date symlink: /home/jozef/ros2_ws/install/mrpt_msgs/include/mrpt_msgs/mrpt_msgs/msg/detail/single_range_bearing_observation__traits.hpp
[1.306s] -- Up-to-date symlink: /home/jozef/ros2_ws/install/mrpt_msgs/include/mrpt_msgs/mrpt_msgs/msg/detail/single_range_bearing_observation__type_support.hpp
[1.306s] -- Up-to-date symlink: /home/jozef/ros2_ws/install/mrpt_msgs/include/mrpt_msgs/mrpt_msgs/msg/detail/waypoint__builder.hpp
[1.306s] -- Up-to-date symlink: /home/jozef/ros2_ws/install/mrpt_msgs/include/mrpt_msgs/mrpt_msgs/msg/detail/waypoint__struct.hpp
[1.306s] -- Up-to-date symlink: /home/jozef/ros2_ws/install/mrpt_msgs/include/mrpt_msgs/mrpt_msgs/msg/detail/waypoint__traits.hpp
[1.306s] -- Up-to-date symlink: /home/jozef/ros2_ws/install/mrpt_msgs/include/mrpt_msgs/mrpt_msgs/msg/detail/waypoint__type_support.hpp
[1.306s] -- Up-to-date symlink: /home/jozef/ros2_ws/install/mrpt_msgs/include/mrpt_msgs/mrpt_msgs/msg/detail/waypoint_sequence__builder.hpp
[1.307s] -- Up-to-date symlink: /home/jozef/ros2_ws/install/mrpt_msgs/include/mrpt_msgs/mrpt_msgs/msg/detail/waypoint_sequence__struct.hpp
[1.307s] -- Up-to-date symlink: /home/jozef/ros2_ws/install/mrpt_msgs/include/mrpt_msgs/mrpt_msgs/msg/detail/waypoint_sequence__traits.hpp
[1.307s] -- Up-to-date symlink: /home/jozef/ros2_ws/install/mrpt_msgs/include/mrpt_msgs/mrpt_msgs/msg/detail/waypoint_sequence__type_support.hpp
[1.307s] -- Up-to-date symlink: /home/jozef/ros2_ws/install/mrpt_msgs/include/mrpt_msgs/mrpt_msgs/msg/generic_object.hpp
[1.307s] -- Up-to-date symlink: /home/jozef/ros2_ws/install/mrpt_msgs/include/mrpt_msgs/mrpt_msgs/msg/generic_observation.hpp
[1.307s] -- Up-to-date symlink: /home/jozef/ros2_ws/install/mrpt_msgs/include/mrpt_msgs/mrpt_msgs/msg/graph_constraint.hpp
[1.307s] -- Up-to-date symlink: /home/jozef/ros2_ws/install/mrpt_msgs/include/mrpt_msgs/mrpt_msgs/msg/graph_slam_agent.hpp
[1.307s] -- Up-to-date symlink: /home/jozef/ros2_ws/install/mrpt_msgs/include/mrpt_msgs/mrpt_msgs/msg/graph_slam_agents.hpp
[1.308s] -- Up-to-date symlink: /home/jozef/ros2_ws/install/mrpt_msgs/include/mrpt_msgs/mrpt_msgs/msg/graph_slam_stats.hpp
[1.308s] -- Up-to-date symlink: /home/jozef/ros2_ws/install/mrpt_msgs/include/mrpt_msgs/mrpt_msgs/msg/network_of_poses.hpp
[1.308s] -- Up-to-date symlink: /home/jozef/ros2_ws/install/mrpt_msgs/include/mrpt_msgs/mrpt_msgs/msg/node_id_with_laser_scan.hpp
[1.308s] -- Up-to-date symlink: /home/jozef/ros2_ws/install/mrpt_msgs/include/mrpt_msgs/mrpt_msgs/msg/node_id_with_pose.hpp
[1.308s] -- Up-to-date symlink: /home/jozef/ros2_ws/install/mrpt_msgs/include/mrpt_msgs/mrpt_msgs/msg/node_id_with_pose_vec.hpp
[1.308s] -- Up-to-date symlink: /home/jozef/ros2_ws/install/mrpt_msgs/include/mrpt_msgs/mrpt_msgs/msg/observation_object.hpp
[1.308s] -- Up-to-date symlink: /home/jozef/ros2_ws/install/mrpt_msgs/include/mrpt_msgs/mrpt_msgs/msg/observation_range_beacon.hpp
[1.308s] -- Up-to-date symlink: /home/jozef/ros2_ws/install/mrpt_msgs/include/mrpt_msgs/mrpt_msgs/msg/observation_range_bearing.hpp
[1.308s] -- Up-to-date symlink: /home/jozef/ros2_ws/install/mrpt_msgs/include/mrpt_msgs/mrpt_msgs/msg/rosidl_generator_cpp__visibility_control.hpp
[1.309s] -- Up-to-date symlink: /home/jozef/ros2_ws/install/mrpt_msgs/include/mrpt_msgs/mrpt_msgs/msg/single_object_observation.hpp
[1.309s] -- Up-to-date symlink: /home/jozef/ros2_ws/install/mrpt_msgs/include/mrpt_msgs/mrpt_msgs/msg/single_range_beacon_observation.hpp
[1.309s] -- Up-to-date symlink: /home/jozef/ros2_ws/install/mrpt_msgs/include/mrpt_msgs/mrpt_msgs/msg/single_range_bearing_observation.hpp
[1.309s] -- Up-to-date symlink: /home/jozef/ros2_ws/install/mrpt_msgs/include/mrpt_msgs/mrpt_msgs/msg/waypoint.hpp
[1.309s] -- Up-to-date symlink: /home/jozef/ros2_ws/install/mrpt_msgs/include/mrpt_msgs/mrpt_msgs/msg/waypoint_sequence.hpp
[1.309s] -- Up-to-date symlink: /home/jozef/ros2_ws/install/mrpt_msgs/include/mrpt_msgs/mrpt_msgs/srv/detail/get_cm_graph__builder.hpp
[1.309s] -- Up-to-date symlink: /home/jozef/ros2_ws/install/mrpt_msgs/include/mrpt_msgs/mrpt_msgs/srv/detail/get_cm_graph__struct.hpp
[1.309s] -- Up-to-date symlink: /home/jozef/ros2_ws/install/mrpt_msgs/include/mrpt_msgs/mrpt_msgs/srv/detail/get_cm_graph__traits.hpp
[1.309s] -- Up-to-date symlink: /home/jozef/ros2_ws/install/mrpt_msgs/include/mrpt_msgs/mrpt_msgs/srv/detail/get_cm_graph__type_support.hpp
[1.310s] -- Up-to-date symlink: /home/jozef/ros2_ws/install/mrpt_msgs/include/mrpt_msgs/mrpt_msgs/srv/get_cm_graph.hpp
[1.310s] -- Up-to-date symlink: /home/jozef/ros2_ws/install/mrpt_msgs/include/mrpt_msgs/mrpt_msgs/msg/detail/generic_object__rosidl_typesupport_fastrtps_cpp.hpp
[1.310s] -- Up-to-date symlink: /home/jozef/ros2_ws/install/mrpt_msgs/include/mrpt_msgs/mrpt_msgs/msg/detail/generic_observation__rosidl_typesupport_fastrtps_cpp.hpp
[1.310s] -- Up-to-date symlink: /home/jozef/ros2_ws/install/mrpt_msgs/include/mrpt_msgs/mrpt_msgs/msg/detail/graph_constraint__rosidl_typesupport_fastrtps_cpp.hpp
[1.310s] -- Up-to-date symlink: /home/jozef/ros2_ws/install/mrpt_msgs/include/mrpt_msgs/mrpt_msgs/msg/detail/graph_slam_agent__rosidl_typesupport_fastrtps_cpp.hpp
[1.310s] -- Up-to-date symlink: /home/jozef/ros2_ws/install/mrpt_msgs/include/mrpt_msgs/mrpt_msgs/msg/detail/graph_slam_agents__rosidl_typesupport_fastrtps_cpp.hpp
[1.310s] -- Up-to-date symlink: /home/jozef/ros2_ws/install/mrpt_msgs/include/mrpt_msgs/mrpt_msgs/msg/detail/graph_slam_stats__rosidl_typesupport_fastrtps_cpp.hpp
[1.310s] -- Up-to-date symlink: /home/jozef/ros2_ws/install/mrpt_msgs/include/mrpt_msgs/mrpt_msgs/msg/detail/network_of_poses__rosidl_typesupport_fastrtps_cpp.hpp
[1.311s] -- Up-to-date symlink: /home/jozef/ros2_ws/install/mrpt_msgs/include/mrpt_msgs/mrpt_msgs/msg/detail/node_id_with_laser_scan__rosidl_typesupport_fastrtps_cpp.hpp
[1.311s] -- Up-to-date symlink: /home/jozef/ros2_ws/install/mrpt_msgs/include/mrpt_msgs/mrpt_msgs/msg/detail/node_id_with_pose__rosidl_typesupport_fastrtps_cpp.hpp
[1.311s] -- Up-to-date symlink: /home/jozef/ros2_ws/install/mrpt_msgs/include/mrpt_msgs/mrpt_msgs/msg/detail/node_id_with_pose_vec__rosidl_typesupport_fastrtps_cpp.hpp
[1.312s] -- Up-to-date symlink: /home/jozef/ros2_ws/install/mrpt_msgs/include/mrpt_msgs/mrpt_msgs/msg/detail/observation_object__rosidl_typesupport_fastrtps_cpp.hpp
[1.312s] -- Up-to-date symlink: /home/jozef/ros2_ws/install/mrpt_msgs/include/mrpt_msgs/mrpt_msgs/msg/detail/observation_range_beacon__rosidl_typesupport_fastrtps_cpp.hpp
[1.312s] -- Up-to-date symlink: /home/jozef/ros2_ws/install/mrpt_msgs/include/mrpt_msgs/mrpt_msgs/msg/detail/observation_range_bearing__rosidl_typesupport_fastrtps_cpp.hpp
[1.312s] -- Up-to-date symlink: /home/jozef/ros2_ws/install/mrpt_msgs/include/mrpt_msgs/mrpt_msgs/msg/detail/single_object_observation__rosidl_typesupport_fastrtps_cpp.hpp
[1.312s] -- Up-to-date symlink: /home/jozef/ros2_ws/install/mrpt_msgs/include/mrpt_msgs/mrpt_msgs/msg/detail/single_range_beacon_observation__rosidl_typesupport_fastrtps_cpp.hpp
[1.313s] -- Up-to-date symlink: /home/jozef/ros2_ws/install/mrpt_msgs/include/mrpt_msgs/mrpt_msgs/msg/detail/single_range_bearing_observation__rosidl_typesupport_fastrtps_cpp.hpp
[1.313s] -- Up-to-date symlink: /home/jozef/ros2_ws/install/mrpt_msgs/include/mrpt_msgs/mrpt_msgs/msg/detail/waypoint__rosidl_typesupport_fastrtps_cpp.hpp
[1.313s] -- Up-to-date symlink: /home/jozef/ros2_ws/install/mrpt_msgs/include/mrpt_msgs/mrpt_msgs/msg/detail/waypoint_sequence__rosidl_typesupport_fastrtps_cpp.hpp
[1.313s] -- Up-to-date symlink: /home/jozef/ros2_ws/install/mrpt_msgs/include/mrpt_msgs/mrpt_msgs/msg/rosidl_typesupport_fastrtps_cpp__visibility_control.h
[1.313s] -- Up-to-date symlink: /home/jozef/ros2_ws/install/mrpt_msgs/include/mrpt_msgs/mrpt_msgs/srv/detail/get_cm_graph__rosidl_typesupport_fastrtps_cpp.hpp
[1.314s] -- Up-to-date symlink: /home/jozef/ros2_ws/install/mrpt_msgs/include/mrpt_msgs/mrpt_msgs/msg/detail/generic_object__rosidl_typesupport_introspection_cpp.hpp
[1.314s] -- Up-to-date symlink: /home/jozef/ros2_ws/install/mrpt_msgs/include/mrpt_msgs/mrpt_msgs/msg/detail/generic_observation__rosidl_typesupport_introspection_cpp.hpp
[1.314s] -- Up-to-date symlink: /home/jozef/ros2_ws/install/mrpt_msgs/include/mrpt_msgs/mrpt_msgs/msg/detail/graph_constraint__rosidl_typesupport_introspection_cpp.hpp
[1.314s] -- Up-to-date symlink: /home/jozef/ros2_ws/install/mrpt_msgs/include/mrpt_msgs/mrpt_msgs/msg/detail/graph_slam_agent__rosidl_typesupport_introspection_cpp.hpp
[1.314s] -- Up-to-date symlink: /home/jozef/ros2_ws/install/mrpt_msgs/include/mrpt_msgs/mrpt_msgs/msg/detail/graph_slam_agents__rosidl_typesupport_introspection_cpp.hpp
[1.314s] -- Up-to-date symlink: /home/jozef/ros2_ws/install/mrpt_msgs/include/mrpt_msgs/mrpt_msgs/msg/detail/graph_slam_stats__rosidl_typesupport_introspection_cpp.hpp
[1.315s] -- Up-to-date symlink: /home/jozef/ros2_ws/install/mrpt_msgs/include/mrpt_msgs/mrpt_msgs/msg/detail/network_of_poses__rosidl_typesupport_introspection_cpp.hpp
[1.315s] -- Up-to-date symlink: /home/jozef/ros2_ws/install/mrpt_msgs/include/mrpt_msgs/mrpt_msgs/msg/detail/node_id_with_laser_scan__rosidl_typesupport_introspection_cpp.hpp
[1.315s] -- Up-to-date symlink: /home/jozef/ros2_ws/install/mrpt_msgs/include/mrpt_msgs/mrpt_msgs/msg/detail/node_id_with_pose__rosidl_typesupport_introspection_cpp.hpp
[1.315s] -- Up-to-date symlink: /home/jozef/ros2_ws/install/mrpt_msgs/include/mrpt_msgs/mrpt_msgs/msg/detail/node_id_with_pose_vec__rosidl_typesupport_introspection_cpp.hpp
[1.315s] -- Up-to-date symlink: /home/jozef/ros2_ws/install/mrpt_msgs/include/mrpt_msgs/mrpt_msgs/msg/detail/observation_object__rosidl_typesupport_introspection_cpp.hpp
[1.315s] -- Up-to-date symlink: /home/jozef/ros2_ws/install/mrpt_msgs/include/mrpt_msgs/mrpt_msgs/msg/detail/observation_range_beacon__rosidl_typesupport_introspection_cpp.hpp
[1.316s] -- Up-to-date symlink: /home/jozef/ros2_ws/install/mrpt_msgs/include/mrpt_msgs/mrpt_msgs/msg/detail/observation_range_bearing__rosidl_typesupport_introspection_cpp.hpp
[1.316s] -- Up-to-date symlink: /home/jozef/ros2_ws/install/mrpt_msgs/include/mrpt_msgs/mrpt_msgs/msg/detail/single_object_observation__rosidl_typesupport_introspection_cpp.hpp
[1.316s] -- Up-to-date symlink: /home/jozef/ros2_ws/install/mrpt_msgs/include/mrpt_msgs/mrpt_msgs/msg/detail/single_range_beacon_observation__rosidl_typesupport_introspection_cpp.hpp
[1.316s] -- Up-to-date symlink: /home/jozef/ros2_ws/install/mrpt_msgs/include/mrpt_msgs/mrpt_msgs/msg/detail/single_range_bearing_observation__rosidl_typesupport_introspection_cpp.hpp
[1.316s] -- Up-to-date symlink: /home/jozef/ros2_ws/install/mrpt_msgs/include/mrpt_msgs/mrpt_msgs/msg/detail/waypoint__rosidl_typesupport_introspection_cpp.hpp
[1.316s] -- Up-to-date symlink: /home/jozef/ros2_ws/install/mrpt_msgs/include/mrpt_msgs/mrpt_msgs/msg/detail/waypoint_sequence__rosidl_typesupport_introspection_cpp.hpp
[1.316s] -- Up-to-date symlink: /home/jozef/ros2_ws/install/mrpt_msgs/include/mrpt_msgs/mrpt_msgs/srv/detail/get_cm_graph__rosidl_typesupport_introspection_cpp.hpp
[1.317s] -- Up-to-date symlink: /home/jozef/ros2_ws/install/mrpt_msgs/share/mrpt_msgs/environment/pythonpath.sh
[1.317s] -- Up-to-date symlink: /home/jozef/ros2_ws/install/mrpt_msgs/share/mrpt_msgs/environment/pythonpath.dsv
[1.317s] -- Up-to-date symlink: /home/jozef/ros2_ws/install/mrpt_msgs/local/lib/python3.10/dist-packages/mrpt_msgs-0.5.0-py3.10.egg-info/PKG-INFO
[1.317s] -- Up-to-date symlink: /home/jozef/ros2_ws/install/mrpt_msgs/local/lib/python3.10/dist-packages/mrpt_msgs-0.5.0-py3.10.egg-info/SOURCES.txt
[1.317s] -- Up-to-date symlink: /home/jozef/ros2_ws/install/mrpt_msgs/local/lib/python3.10/dist-packages/mrpt_msgs-0.5.0-py3.10.egg-info/dependency_links.txt
[1.317s] -- Up-to-date symlink: /home/jozef/ros2_ws/install/mrpt_msgs/local/lib/python3.10/dist-packages/mrpt_msgs-0.5.0-py3.10.egg-info/top_level.txt
[1.319s] -- Up-to-date symlink: /home/jozef/ros2_ws/install/mrpt_msgs/local/lib/python3.10/dist-packages/mrpt_msgs/__init__.py
[1.320s] -- Up-to-date symlink: /home/jozef/ros2_ws/install/mrpt_msgs/local/lib/python3.10/dist-packages/mrpt_msgs/_mrpt_msgs_s.ep.rosidl_typesupport_c.c
[1.320s] -- Up-to-date symlink: /home/jozef/ros2_ws/install/mrpt_msgs/local/lib/python3.10/dist-packages/mrpt_msgs/_mrpt_msgs_s.ep.rosidl_typesupport_fastrtps_c.c
[1.320s] -- Up-to-date symlink: /home/jozef/ros2_ws/install/mrpt_msgs/local/lib/python3.10/dist-packages/mrpt_msgs/_mrpt_msgs_s.ep.rosidl_typesupport_introspection_c.c
[1.320s] -- Up-to-date symlink: /home/jozef/ros2_ws/install/mrpt_msgs/local/lib/python3.10/dist-packages/mrpt_msgs/libmrpt_msgs__rosidl_generator_py.so
[1.320s] -- Up-to-date symlink: /home/jozef/ros2_ws/install/mrpt_msgs/local/lib/python3.10/dist-packages/mrpt_msgs/mrpt_msgs_s__rosidl_typesupport_c.cpython-310-x86_64-linux-gnu.so
[1.320s] -- Up-to-date symlink: /home/jozef/ros2_ws/install/mrpt_msgs/local/lib/python3.10/dist-packages/mrpt_msgs/mrpt_msgs_s__rosidl_typesupport_fastrtps_c.cpython-310-x86_64-linux-gnu.so
[1.320s] -- Up-to-date symlink: /home/jozef/ros2_ws/install/mrpt_msgs/local/lib/python3.10/dist-packages/mrpt_msgs/mrpt_msgs_s__rosidl_typesupport_introspection_c.cpython-310-x86_64-linux-gnu.so
[1.320s] -- Up-to-date symlink: /home/jozef/ros2_ws/install/mrpt_msgs/local/lib/python3.10/dist-packages/mrpt_msgs/msg/__init__.py
[1.320s] -- Up-to-date symlink: /home/jozef/ros2_ws/install/mrpt_msgs/local/lib/python3.10/dist-packages/mrpt_msgs/msg/_generic_object.py
[1.321s] -- Up-to-date symlink: /home/jozef/ros2_ws/install/mrpt_msgs/local/lib/python3.10/dist-packages/mrpt_msgs/msg/_generic_object_s.c
[1.321s] -- Up-to-date symlink: /home/jozef/ros2_ws/install/mrpt_msgs/local/lib/python3.10/dist-packages/mrpt_msgs/msg/_generic_observation.py
[1.321s] -- Up-to-date symlink: /home/jozef/ros2_ws/install/mrpt_msgs/local/lib/python3.10/dist-packages/mrpt_msgs/msg/_generic_observation_s.c
[1.321s] -- Up-to-date symlink: /home/jozef/ros2_ws/install/mrpt_msgs/local/lib/python3.10/dist-packages/mrpt_msgs/msg/_graph_constraint.py
[1.321s] -- Up-to-date symlink: /home/jozef/ros2_ws/install/mrpt_msgs/local/lib/python3.10/dist-packages/mrpt_msgs/msg/_graph_constraint_s.c
[1.321s] -- Up-to-date symlink: /home/jozef/ros2_ws/install/mrpt_msgs/local/lib/python3.10/dist-packages/mrpt_msgs/msg/_graph_slam_agent.py
[1.321s] -- Up-to-date symlink: /home/jozef/ros2_ws/install/mrpt_msgs/local/lib/python3.10/dist-packages/mrpt_msgs/msg/_graph_slam_agent_s.c
[1.321s] -- Up-to-date symlink: /home/jozef/ros2_ws/install/mrpt_msgs/local/lib/python3.10/dist-packages/mrpt_msgs/msg/_graph_slam_agents.py
[1.321s] -- Up-to-date symlink: /home/jozef/ros2_ws/install/mrpt_msgs/local/lib/python3.10/dist-packages/mrpt_msgs/msg/_graph_slam_agents_s.c
[1.322s] -- Up-to-date symlink: /home/jozef/ros2_ws/install/mrpt_msgs/local/lib/python3.10/dist-packages/mrpt_msgs/msg/_graph_slam_stats.py
[1.322s] -- Up-to-date symlink: /home/jozef/ros2_ws/install/mrpt_msgs/local/lib/python3.10/dist-packages/mrpt_msgs/msg/_graph_slam_stats_s.c
[1.322s] -- Up-to-date symlink: /home/jozef/ros2_ws/install/mrpt_msgs/local/lib/python3.10/dist-packages/mrpt_msgs/msg/_network_of_poses.py
[1.322s] -- Up-to-date symlink: /home/jozef/ros2_ws/install/mrpt_msgs/local/lib/python3.10/dist-packages/mrpt_msgs/msg/_network_of_poses_s.c
[1.322s] -- Up-to-date symlink: /home/jozef/ros2_ws/install/mrpt_msgs/local/lib/python3.10/dist-packages/mrpt_msgs/msg/_node_id_with_laser_scan.py
[1.322s] -- Up-to-date symlink: /home/jozef/ros2_ws/install/mrpt_msgs/local/lib/python3.10/dist-packages/mrpt_msgs/msg/_node_id_with_laser_scan_s.c
[1.322s] -- Up-to-date symlink: /home/jozef/ros2_ws/install/mrpt_msgs/local/lib/python3.10/dist-packages/mrpt_msgs/msg/_node_id_with_pose.py
[1.322s] -- Up-to-date symlink: /home/jozef/ros2_ws/install/mrpt_msgs/local/lib/python3.10/dist-packages/mrpt_msgs/msg/_node_id_with_pose_s.c
[1.322s] -- Up-to-date symlink: /home/jozef/ros2_ws/install/mrpt_msgs/local/lib/python3.10/dist-packages/mrpt_msgs/msg/_node_id_with_pose_vec.py
[1.323s] -- Up-to-date symlink: /home/jozef/ros2_ws/install/mrpt_msgs/local/lib/python3.10/dist-packages/mrpt_msgs/msg/_node_id_with_pose_vec_s.c
[1.323s] -- Up-to-date symlink: /home/jozef/ros2_ws/install/mrpt_msgs/local/lib/python3.10/dist-packages/mrpt_msgs/msg/_observation_object.py
[1.323s] -- Up-to-date symlink: /home/jozef/ros2_ws/install/mrpt_msgs/local/lib/python3.10/dist-packages/mrpt_msgs/msg/_observation_object_s.c
[1.323s] -- Up-to-date symlink: /home/jozef/ros2_ws/install/mrpt_msgs/local/lib/python3.10/dist-packages/mrpt_msgs/msg/_observation_range_beacon.py
[1.323s] -- Up-to-date symlink: /home/jozef/ros2_ws/install/mrpt_msgs/local/lib/python3.10/dist-packages/mrpt_msgs/msg/_observation_range_beacon_s.c
[1.323s] -- Up-to-date symlink: /home/jozef/ros2_ws/install/mrpt_msgs/local/lib/python3.10/dist-packages/mrpt_msgs/msg/_observation_range_bearing.py
[1.323s] -- Up-to-date symlink: /home/jozef/ros2_ws/install/mrpt_msgs/local/lib/python3.10/dist-packages/mrpt_msgs/msg/_observation_range_bearing_s.c
[1.323s] -- Up-to-date symlink: /home/jozef/ros2_ws/install/mrpt_msgs/local/lib/python3.10/dist-packages/mrpt_msgs/msg/_single_object_observation.py
[1.324s] -- Up-to-date symlink: /home/jozef/ros2_ws/install/mrpt_msgs/local/lib/python3.10/dist-packages/mrpt_msgs/msg/_single_object_observation_s.c
[1.324s] -- Up-to-date symlink: /home/jozef/ros2_ws/install/mrpt_msgs/local/lib/python3.10/dist-packages/mrpt_msgs/msg/_single_range_beacon_observation.py
[1.324s] -- Up-to-date symlink: /home/jozef/ros2_ws/install/mrpt_msgs/local/lib/python3.10/dist-packages/mrpt_msgs/msg/_single_range_beacon_observation_s.c
[1.324s] -- Up-to-date symlink: /home/jozef/ros2_ws/install/mrpt_msgs/local/lib/python3.10/dist-packages/mrpt_msgs/msg/_single_range_bearing_observation.py
[1.324s] -- Up-to-date symlink: /home/jozef/ros2_ws/install/mrpt_msgs/local/lib/python3.10/dist-packages/mrpt_msgs/msg/_single_range_bearing_observation_s.c
[1.324s] -- Up-to-date symlink: /home/jozef/ros2_ws/install/mrpt_msgs/local/lib/python3.10/dist-packages/mrpt_msgs/msg/_waypoint.py
[1.324s] -- Up-to-date symlink: /home/jozef/ros2_ws/install/mrpt_msgs/local/lib/python3.10/dist-packages/mrpt_msgs/msg/_waypoint_s.c
[1.324s] -- Up-to-date symlink: /home/jozef/ros2_ws/install/mrpt_msgs/local/lib/python3.10/dist-packages/mrpt_msgs/msg/_waypoint_sequence.py
[1.325s] -- Up-to-date symlink: /home/jozef/ros2_ws/install/mrpt_msgs/local/lib/python3.10/dist-packages/mrpt_msgs/msg/_waypoint_sequence_s.c
[1.325s] -- Up-to-date symlink: /home/jozef/ros2_ws/install/mrpt_msgs/local/lib/python3.10/dist-packages/mrpt_msgs/srv/__init__.py
[1.325s] -- Up-to-date symlink: /home/jozef/ros2_ws/install/mrpt_msgs/local/lib/python3.10/dist-packages/mrpt_msgs/srv/_get_cm_graph.py
[1.325s] -- Up-to-date symlink: /home/jozef/ros2_ws/install/mrpt_msgs/local/lib/python3.10/dist-packages/mrpt_msgs/srv/_get_cm_graph_s.c
[1.325s] -- Up-to-date symlink: /home/jozef/ros2_ws/install/mrpt_msgs/local/lib/python3.10/dist-packages/mrpt_msgs/mrpt_msgs_s__rosidl_typesupport_fastrtps_c.cpython-310-x86_64-linux-gnu.so
[1.325s] -- Up-to-date symlink: /home/jozef/ros2_ws/install/mrpt_msgs/local/lib/python3.10/dist-packages/mrpt_msgs/mrpt_msgs_s__rosidl_typesupport_introspection_c.cpython-310-x86_64-linux-gnu.so
[1.325s] -- Up-to-date symlink: /home/jozef/ros2_ws/install/mrpt_msgs/local/lib/python3.10/dist-packages/mrpt_msgs/mrpt_msgs_s__rosidl_typesupport_c.cpython-310-x86_64-linux-gnu.so
[1.325s] -- Up-to-date symlink: /home/jozef/ros2_ws/install/mrpt_msgs/share/mrpt_msgs/msg/GenericObservation.idl
[1.326s] -- Up-to-date symlink: /home/jozef/ros2_ws/install/mrpt_msgs/share/mrpt_msgs/msg/GraphConstraint.idl
[1.326s] -- Up-to-date symlink: /home/jozef/ros2_ws/install/mrpt_msgs/share/mrpt_msgs/msg/GraphSlamAgent.idl
[1.326s] -- Up-to-date symlink: /home/jozef/ros2_ws/install/mrpt_msgs/share/mrpt_msgs/msg/GraphSlamStats.idl
[1.326s] -- Up-to-date symlink: /home/jozef/ros2_ws/install/mrpt_msgs/share/mrpt_msgs/msg/ObservationObject.idl
[1.326s] -- Up-to-date symlink: /home/jozef/ros2_ws/install/mrpt_msgs/share/mrpt_msgs/msg/ObservationRangeBeacon.idl
[1.326s] -- Up-to-date symlink: /home/jozef/ros2_ws/install/mrpt_msgs/share/mrpt_msgs/msg/ObservationRangeBearing.idl
[1.326s] -- Up-to-date symlink: /home/jozef/ros2_ws/install/mrpt_msgs/share/mrpt_msgs/msg/WaypointSequence.idl
[1.327s] -- Up-to-date symlink: /home/jozef/ros2_ws/install/mrpt_msgs/share/mrpt_msgs/msg/GenericObject.idl
[1.327s] -- Up-to-date symlink: /home/jozef/ros2_ws/install/mrpt_msgs/share/mrpt_msgs/msg/GraphSlamAgents.idl
[1.327s] -- Up-to-date symlink: /home/jozef/ros2_ws/install/mrpt_msgs/share/mrpt_msgs/msg/NetworkOfPoses.idl
[1.327s] -- Up-to-date symlink: /home/jozef/ros2_ws/install/mrpt_msgs/share/mrpt_msgs/msg/NodeIDWithLaserScan.idl
[1.327s] -- Up-to-date symlink: /home/jozef/ros2_ws/install/mrpt_msgs/share/mrpt_msgs/msg/NodeIDWithPose.idl
[1.327s] -- Up-to-date symlink: /home/jozef/ros2_ws/install/mrpt_msgs/share/mrpt_msgs/msg/NodeIDWithPoseVec.idl
[1.327s] -- Up-to-date symlink: /home/jozef/ros2_ws/install/mrpt_msgs/share/mrpt_msgs/msg/SingleObjectObservation.idl
[1.328s] -- Up-to-date symlink: /home/jozef/ros2_ws/install/mrpt_msgs/share/mrpt_msgs/msg/SingleRangeBeaconObservation.idl
[1.328s] -- Up-to-date symlink: /home/jozef/ros2_ws/install/mrpt_msgs/share/mrpt_msgs/msg/SingleRangeBearingObservation.idl
[1.328s] -- Up-to-date symlink: /home/jozef/ros2_ws/install/mrpt_msgs/share/mrpt_msgs/msg/Waypoint.idl
[1.328s] -- Up-to-date symlink: /home/jozef/ros2_ws/install/mrpt_msgs/share/mrpt_msgs/srv/GetCMGraph.idl
[1.328s] -- Up-to-date symlink: /home/jozef/ros2_ws/install/mrpt_msgs/share/mrpt_msgs/msg-ros2/GenericObservation.msg
[1.328s] -- Up-to-date symlink: /home/jozef/ros2_ws/install/mrpt_msgs/share/mrpt_msgs/msg-ros2/GraphConstraint.msg
[1.328s] -- Up-to-date symlink: /home/jozef/ros2_ws/install/mrpt_msgs/share/mrpt_msgs/msg-ros2/GraphSlamAgent.msg
[1.329s] -- Up-to-date symlink: /home/jozef/ros2_ws/install/mrpt_msgs/share/mrpt_msgs/msg-ros2/GraphSlamStats.msg
[1.329s] -- Up-to-date symlink: /home/jozef/ros2_ws/install/mrpt_msgs/share/mrpt_msgs/msg-ros2/ObservationObject.msg
[1.329s] -- Up-to-date symlink: /home/jozef/ros2_ws/install/mrpt_msgs/share/mrpt_msgs/msg-ros2/ObservationRangeBeacon.msg
[1.329s] -- Up-to-date symlink: /home/jozef/ros2_ws/install/mrpt_msgs/share/mrpt_msgs/msg-ros2/ObservationRangeBearing.msg
[1.329s] -- Up-to-date symlink: /home/jozef/ros2_ws/install/mrpt_msgs/share/mrpt_msgs/msg-ros2/WaypointSequence.msg
[1.329s] -- Up-to-date symlink: /home/jozef/ros2_ws/install/mrpt_msgs/share/mrpt_msgs/msg-common/GenericObject.msg
[1.329s] -- Up-to-date symlink: /home/jozef/ros2_ws/install/mrpt_msgs/share/mrpt_msgs/msg-common/GraphSlamAgents.msg
[1.330s] -- Up-to-date symlink: /home/jozef/ros2_ws/install/mrpt_msgs/share/mrpt_msgs/msg-common/NetworkOfPoses.msg
[1.330s] -- Up-to-date symlink: /home/jozef/ros2_ws/install/mrpt_msgs/share/mrpt_msgs/msg-common/NodeIDWithLaserScan.msg
[1.330s] -- Up-to-date symlink: /home/jozef/ros2_ws/install/mrpt_msgs/share/mrpt_msgs/msg-common/NodeIDWithPose.msg
[1.330s] -- Up-to-date symlink: /home/jozef/ros2_ws/install/mrpt_msgs/share/mrpt_msgs/msg-common/NodeIDWithPoseVec.msg
[1.330s] -- Up-to-date symlink: /home/jozef/ros2_ws/install/mrpt_msgs/share/mrpt_msgs/msg-common/SingleObjectObservation.msg
[1.330s] -- Up-to-date symlink: /home/jozef/ros2_ws/install/mrpt_msgs/share/mrpt_msgs/msg-common/SingleRangeBeaconObservation.msg
[1.330s] -- Up-to-date symlink: /home/jozef/ros2_ws/install/mrpt_msgs/share/mrpt_msgs/msg-common/SingleRangeBearingObservation.msg
[1.331s] -- Up-to-date symlink: /home/jozef/ros2_ws/install/mrpt_msgs/share/mrpt_msgs/msg-common/Waypoint.msg
[1.331s] -- Up-to-date symlink: /home/jozef/ros2_ws/install/mrpt_msgs/share/mrpt_msgs/srv/GetCMGraph.srv
[1.331s] -- Up-to-date symlink: /home/jozef/ros2_ws/install/mrpt_msgs/share/mrpt_msgs/srv/GetCMGraph_Request.msg
[1.331s] -- Up-to-date symlink: /home/jozef/ros2_ws/install/mrpt_msgs/share/mrpt_msgs/srv/GetCMGraph_Response.msg
[1.331s] -- Up-to-date symlink: /home/jozef/ros2_ws/install/mrpt_msgs/share/ament_index/resource_index/package_run_dependencies/mrpt_msgs
[1.331s] -- Up-to-date symlink: /home/jozef/ros2_ws/install/mrpt_msgs/share/ament_index/resource_index/parent_prefix_path/mrpt_msgs
[1.331s] -- Up-to-date symlink: /home/jozef/ros2_ws/install/mrpt_msgs/share/mrpt_msgs/environment/ament_prefix_path.sh
[1.331s] -- Up-to-date symlink: /home/jozef/ros2_ws/install/mrpt_msgs/share/mrpt_msgs/environment/ament_prefix_path.dsv
[1.332s] -- Up-to-date symlink: /home/jozef/ros2_ws/install/mrpt_msgs/share/mrpt_msgs/environment/path.sh
[1.332s] -- Up-to-date symlink: /home/jozef/ros2_ws/install/mrpt_msgs/share/mrpt_msgs/environment/path.dsv
[1.332s] -- Up-to-date symlink: /home/jozef/ros2_ws/install/mrpt_msgs/share/mrpt_msgs/local_setup.bash
[1.332s] -- Up-to-date symlink: /home/jozef/ros2_ws/install/mrpt_msgs/share/mrpt_msgs/local_setup.sh
[1.332s] -- Up-to-date symlink: /home/jozef/ros2_ws/install/mrpt_msgs/share/mrpt_msgs/local_setup.zsh
[1.332s] -- Up-to-date symlink: /home/jozef/ros2_ws/install/mrpt_msgs/share/mrpt_msgs/local_setup.dsv
[1.332s] -- Symlinking: /home/jozef/ros2_ws/install/mrpt_msgs/share/mrpt_msgs/package.dsv
[1.342s] -- Up-to-date symlink: /home/jozef/ros2_ws/install/mrpt_msgs/share/ament_index/resource_index/packages/mrpt_msgs
[1.342s] -- Up-to-date symlink: /home/jozef/ros2_ws/install/mrpt_msgs/share/mrpt_msgs/cmake/rosidl_cmake-extras.cmake
[1.344s] -- Up-to-date symlink: /home/jozef/ros2_ws/install/mrpt_msgs/share/mrpt_msgs/cmake/ament_cmake_export_dependencies-extras.cmake
[1.345s] -- Up-to-date symlink: /home/jozef/ros2_ws/install/mrpt_msgs/share/mrpt_msgs/cmake/ament_cmake_export_include_directories-extras.cmake
[1.345s] -- Up-to-date symlink: /home/jozef/ros2_ws/install/mrpt_msgs/share/mrpt_msgs/cmake/ament_cmake_export_libraries-extras.cmake
[1.345s] -- Up-to-date symlink: /home/jozef/ros2_ws/install/mrpt_msgs/share/mrpt_msgs/cmake/ament_cmake_export_targets-extras.cmake
[1.345s] -- Up-to-date symlink: /home/jozef/ros2_ws/install/mrpt_msgs/share/mrpt_msgs/cmake/rosidl_cmake_export_typesupport_targets-extras.cmake
[1.345s] -- Up-to-date symlink: /home/jozef/ros2_ws/install/mrpt_msgs/share/mrpt_msgs/cmake/rosidl_cmake_export_typesupport_libraries-extras.cmake
[1.346s] -- Up-to-date symlink: /home/jozef/ros2_ws/install/mrpt_msgs/share/mrpt_msgs/cmake/mrpt_msgsConfig.cmake
[1.346s] -- Up-to-date symlink: /home/jozef/ros2_ws/install/mrpt_msgs/share/mrpt_msgs/cmake/mrpt_msgsConfig-version.cmake
[1.346s] -- Up-to-date symlink: /home/jozef/ros2_ws/install/mrpt_msgs/share/mrpt_msgs/package.xml
[1.349s] -- Up-to-date: /home/jozef/ros2_ws/install/mrpt_msgs/lib/libmrpt_msgs__rosidl_generator_c.so
[1.349s] -- Up-to-date: /home/jozef/ros2_ws/install/mrpt_msgs/lib/libmrpt_msgs__rosidl_typesupport_fastrtps_c.so
[1.349s] -- Up-to-date: /home/jozef/ros2_ws/install/mrpt_msgs/lib/libmrpt_msgs__rosidl_typesupport_introspection_c.so
[1.350s] -- Up-to-date: /home/jozef/ros2_ws/install/mrpt_msgs/lib/libmrpt_msgs__rosidl_typesupport_c.so
[1.350s] -- Up-to-date: /home/jozef/ros2_ws/install/mrpt_msgs/lib/libmrpt_msgs__rosidl_typesupport_fastrtps_cpp.so
[1.350s] -- Up-to-date: /home/jozef/ros2_ws/install/mrpt_msgs/lib/libmrpt_msgs__rosidl_typesupport_introspection_cpp.so
[1.350s] -- Up-to-date: /home/jozef/ros2_ws/install/mrpt_msgs/lib/libmrpt_msgs__rosidl_typesupport_cpp.so
[1.437s] Listing '/home/jozef/ros2_ws/install/mrpt_msgs/local/lib/python3.10/dist-packages/mrpt_msgs'...
[1.437s] Listing '/home/jozef/ros2_ws/install/mrpt_msgs/local/lib/python3.10/dist-packages/mrpt_msgs/msg'...
[1.438s] Listing '/home/jozef/ros2_ws/install/mrpt_msgs/local/lib/python3.10/dist-packages/mrpt_msgs/srv'...
[1.452s] -- Up-to-date: /home/jozef/ros2_ws/install/mrpt_msgs/lib/libmrpt_msgs__rosidl_generator_py.so
[1.453s] -- Up-to-date: /home/jozef/ros2_ws/install/mrpt_msgs/share/mrpt_msgs/cmake/export_mrpt_msgs__rosidl_generator_cExport.cmake
[1.453s] -- Up-to-date: /home/jozef/ros2_ws/install/mrpt_msgs/share/mrpt_msgs/cmake/export_mrpt_msgs__rosidl_generator_cExport-noconfig.cmake
[1.454s] -- Up-to-date: /home/jozef/ros2_ws/install/mrpt_msgs/share/mrpt_msgs/cmake/export_mrpt_msgs__rosidl_typesupport_fastrtps_cExport.cmake
[1.454s] -- Up-to-date: /home/jozef/ros2_ws/install/mrpt_msgs/share/mrpt_msgs/cmake/export_mrpt_msgs__rosidl_typesupport_fastrtps_cExport-noconfig.cmake
[1.454s] -- Up-to-date: /home/jozef/ros2_ws/install/mrpt_msgs/share/mrpt_msgs/cmake/mrpt_msgs__rosidl_typesupport_introspection_cExport.cmake
[1.454s] -- Up-to-date: /home/jozef/ros2_ws/install/mrpt_msgs/share/mrpt_msgs/cmake/mrpt_msgs__rosidl_typesupport_introspection_cExport-noconfig.cmake
[1.455s] -- Up-to-date: /home/jozef/ros2_ws/install/mrpt_msgs/share/mrpt_msgs/cmake/mrpt_msgs__rosidl_typesupport_cExport.cmake
[1.455s] -- Up-to-date: /home/jozef/ros2_ws/install/mrpt_msgs/share/mrpt_msgs/cmake/mrpt_msgs__rosidl_typesupport_cExport-noconfig.cmake
[1.455s] -- Up-to-date: /home/jozef/ros2_ws/install/mrpt_msgs/share/mrpt_msgs/cmake/export_mrpt_msgs__rosidl_generator_cppExport.cmake
[1.456s] -- Up-to-date: /home/jozef/ros2_ws/install/mrpt_msgs/share/mrpt_msgs/cmake/export_mrpt_msgs__rosidl_typesupport_fastrtps_cppExport.cmake
[1.456s] -- Up-to-date: /home/jozef/ros2_ws/install/mrpt_msgs/share/mrpt_msgs/cmake/export_mrpt_msgs__rosidl_typesupport_fastrtps_cppExport-noconfig.cmake
[1.456s] -- Up-to-date: /home/jozef/ros2_ws/install/mrpt_msgs/share/mrpt_msgs/cmake/mrpt_msgs__rosidl_typesupport_introspection_cppExport.cmake
[1.457s] -- Up-to-date: /home/jozef/ros2_ws/install/mrpt_msgs/share/mrpt_msgs/cmake/mrpt_msgs__rosidl_typesupport_introspection_cppExport-noconfig.cmake
[1.457s] -- Up-to-date: /home/jozef/ros2_ws/install/mrpt_msgs/share/mrpt_msgs/cmake/mrpt_msgs__rosidl_typesupport_cppExport.cmake
[1.458s] -- Up-to-date: /home/jozef/ros2_ws/install/mrpt_msgs/share/mrpt_msgs/cmake/mrpt_msgs__rosidl_typesupport_cppExport-noconfig.cmake
[1.458s] -- Up-to-date: /home/jozef/ros2_ws/install/mrpt_msgs/share/mrpt_msgs/cmake/export_mrpt_msgs__rosidl_generator_pyExport.cmake
[1.458s] -- Up-to-date: /home/jozef/ros2_ws/install/mrpt_msgs/share/mrpt_msgs/cmake/export_mrpt_msgs__rosidl_generator_pyExport-noconfig.cmake
[1.840s] Invoked command in '/home/jozef/ros2_ws/build/mrpt_msgs' returned '0': CMAKE_PREFIX_PATH=${CMAKE_PREFIX_PATH}:/home/jozef/ros2_ws/install/tb2_control:/opt/ros/humble /usr/bin/cmake --install /home/jozef/ros2_ws/build/mrpt_msgs
