[0.273s] Invoking command in '/home/jozef/ros2_ws/build/mrpt_rawlog': AMENT_PREFIX_PATH=/home/jozef/ros2_ws/install/mrpt_msgs:${AMENT_PREFIX_PATH} CMAKE_PREFIX_PATH=/opt/ros/humble:/home/jozef/ros2_ws/install/mrpt_msgs LD_LIBRARY_PATH=/home/jozef/ros2_ws/install/mrpt_msgs/lib:${LD_LIBRARY_PATH} PYTHONPATH=/home/jozef/ros2_ws/install/mrpt_msgs/local/lib/python3.10/dist-packages:${PYTHONPATH} /usr/bin/cmake --build /home/jozef/ros2_ws/build/mrpt_rawlog -- -j8 -l8
[0.641s] [100%] Built target rosbag2rawlog
[1.098s] Invoked command in '/home/jozef/ros2_ws/build/mrpt_rawlog' returned '0': AMENT_PREFIX_PATH=/home/jozef/ros2_ws/install/mrpt_msgs:${AMENT_PREFIX_PATH} CMAKE_PREFIX_PATH=/opt/ros/humble:/home/jozef/ros2_ws/install/mrpt_msgs LD_LIBRARY_PATH=/home/jozef/ros2_ws/install/mrpt_msgs/lib:${LD_LIBRARY_PATH} PYTHONPATH=/home/jozef/ros2_ws/install/mrpt_msgs/local/lib/python3.10/dist-packages:${PYTHONPATH} /usr/bin/cmake --build /home/jozef/ros2_ws/build/mrpt_rawlog -- -j8 -l8
[1.104s] Invoking command in '/home/jozef/ros2_ws/build/mrpt_rawlog': AMENT_PREFIX_PATH=/home/jozef/ros2_ws/install/mrpt_msgs:${AMENT_PREFIX_PATH} CMAKE_PREFIX_PATH=/opt/ros/humble:/home/jozef/ros2_ws/install/mrpt_msgs LD_LIBRARY_PATH=/home/jozef/ros2_ws/install/mrpt_msgs/lib:${LD_LIBRARY_PATH} PYTHONPATH=/home/jozef/ros2_ws/install/mrpt_msgs/local/lib/python3.10/dist-packages:${PYTHONPATH} /usr/bin/cmake --install /home/jozef/ros2_ws/build/mrpt_rawlog
[1.177s] -- Install configuration: ""
[1.177s] -- Execute custom install script
[1.177s] -- Up-to-date symlink: /home/jozef/ros2_ws/install/mrpt_rawlog/bin/rosbag2rawlog
[1.178s] -- Up-to-date symlink: /home/jozef/ros2_ws/install/mrpt_rawlog/share/ament_index/resource_index/package_run_dependencies/mrpt_rawlog
[1.178s] -- Up-to-date symlink: /home/jozef/ros2_ws/install/mrpt_rawlog/share/ament_index/resource_index/parent_prefix_path/mrpt_rawlog
[1.178s] -- Up-to-date symlink: /home/jozef/ros2_ws/install/mrpt_rawlog/share/mrpt_rawlog/environment/ament_prefix_path.sh
[1.178s] -- Up-to-date symlink: /home/jozef/ros2_ws/install/mrpt_rawlog/share/mrpt_rawlog/environment/ament_prefix_path.dsv
[1.178s] -- Up-to-date symlink: /home/jozef/ros2_ws/install/mrpt_rawlog/share/mrpt_rawlog/environment/path.sh
[1.178s] -- Up-to-date symlink: /home/jozef/ros2_ws/install/mrpt_rawlog/share/mrpt_rawlog/environment/path.dsv
[1.179s] -- Up-to-date symlink: /home/jozef/ros2_ws/install/mrpt_rawlog/share/mrpt_rawlog/local_setup.bash
[1.179s] -- Up-to-date symlink: /home/jozef/ros2_ws/install/mrpt_rawlog/share/mrpt_rawlog/local_setup.sh
[1.179s] -- Up-to-date symlink: /home/jozef/ros2_ws/install/mrpt_rawlog/share/mrpt_rawlog/local_setup.zsh
[1.179s] -- Up-to-date symlink: /home/jozef/ros2_ws/install/mrpt_rawlog/share/mrpt_rawlog/local_setup.dsv
[1.179s] -- Symlinking: /home/jozef/ros2_ws/install/mrpt_rawlog/share/mrpt_rawlog/package.dsv
[1.238s] -- Up-to-date symlink: /home/jozef/ros2_ws/install/mrpt_rawlog/share/ament_index/resource_index/packages/mrpt_rawlog
[1.246s] -- Up-to-date symlink: /home/jozef/ros2_ws/install/mrpt_rawlog/share/mrpt_rawlog/cmake/mrpt_rawlogConfig.cmake
[1.246s] -- Up-to-date symlink: /home/jozef/ros2_ws/install/mrpt_rawlog/share/mrpt_rawlog/cmake/mrpt_rawlogConfig-version.cmake
[1.246s] -- Up-to-date symlink: /home/jozef/ros2_ws/install/mrpt_rawlog/share/mrpt_rawlog/package.xml
[1.254s] Invoked command in '/home/jozef/ros2_ws/build/mrpt_rawlog' returned '0': AMENT_PREFIX_PATH=/home/jozef/ros2_ws/install/mrpt_msgs:${AMENT_PREFIX_PATH} CMAKE_PREFIX_PATH=/opt/ros/humble:/home/jozef/ros2_ws/install/mrpt_msgs LD_LIBRARY_PATH=/home/jozef/ros2_ws/install/mrpt_msgs/lib:${LD_LIBRARY_PATH} PYTHONPATH=/home/jozef/ros2_ws/install/mrpt_msgs/local/lib/python3.10/dist-packages:${PYTHONPATH} /usr/bin/cmake --install /home/jozef/ros2_ws/build/mrpt_rawlog
