[0.105s] Invoking command in '/home/jozef/ros2_ws/build/mocap4r2_marker_publisher': AMENT_PREFIX_PATH=/home/jozef/ros2_ws/install/mocap4r2_msgs:${AMENT_PREFIX_PATH} CMAKE_PREFIX_PATH=/home/jozef/ros2_ws/install/mocap4r2_msgs:/home/jozef/ros2_ws/install/tb2_slam:/home/jozef/ros2_ws/install/neo_localization2:/home/jozef/ros2_ws/install/mrpt_navigation:/home/jozef/ros2_ws/install/mrpt_tutorials:/home/jozef/ros2_ws/install/mrpt_tps_astar_planner:/home/jozef/ros2_ws/install/mrpt_reactivenav2d:/home/jozef/ros2_ws/install/mrpt_rawlog:/home/jozef/ros2_ws/install/mrpt_pointcloud_pipeline:/home/jozef/ros2_ws/install/mrpt_pf_localization:/home/jozef/ros2_ws/install/mrpt_map_server:/home/jozef/ros2_ws/install/mrpt_nav_interfaces:/home/jozef/ros2_ws/install/mrpt_msgs_bridge:/home/jozef/ros2_ws/install/mrpt_msgs:/home/jozef/ros2_ws/install/tb2_control:/opt/ros/humble LD_LIBRARY_PATH=/home/jozef/ros2_ws/install/mocap4r2_msgs/lib:${LD_LIBRARY_PATH} PYTHONPATH=/home/jozef/ros2_ws/install/mocap4r2_msgs/local/lib/python3.10/dist-packages:${PYTHONPATH} /usr/bin/cmake /home/jozef/ros2_ws/src/mocap4r2_marker_viz/mocap4r2_marker_publisher -DAMENT_CMAKE_SYMLINK_INSTALL=1 -DCMAKE_INSTALL_PREFIX=/home/jozef/ros2_ws/install/mocap4r2_marker_publisher
[0.468s] -- The C compiler identification is GNU 11.4.0
[0.827s] -- The CXX compiler identification is GNU 11.4.0
[0.874s] -- Detecting C compiler ABI info
[1.374s] -- Detecting C compiler ABI info - done
[1.434s] -- Check for working C compiler: /usr/bin/cc - skipped
[1.434s] -- Detecting C compile features
[1.438s] -- Detecting C compile features - done
[1.455s] -- Detecting CXX compiler ABI info
[1.938s] -- Detecting CXX compiler ABI info - done
[1.981s] -- Check for working CXX compiler: /usr/bin/c++ - skipped
[1.985s] -- Detecting CXX compile features
[1.988s] -- Detecting CXX compile features - done
[2.017s] -- Found ament_cmake: 1.3.11 (/opt/ros/humble/share/ament_cmake/cmake)
[4.714s] -- Found Python3: /usr/bin/python3 (found version "3.10.12") found components: Interpreter 
[5.209s] -- Override CMake install command with custom implementation using symlinks instead of copying resources
[5.512s] -- Found rclcpp: 16.0.11 (/opt/ros/humble/share/rclcpp/cmake)
[5.904s] -- Found rosidl_generator_c: 3.1.6 (/opt/ros/humble/share/rosidl_generator_c/cmake)
[5.941s] -- Found rosidl_adapter: 3.1.6 (/opt/ros/humble/share/rosidl_adapter/cmake)
[6.034s] -- Found rosidl_generator_cpp: 3.1.6 (/opt/ros/humble/share/rosidl_generator_cpp/cmake)
[6.143s] -- Using all available rosidl_typesupport_c: rosidl_typesupport_fastrtps_c;rosidl_typesupport_introspection_c
[6.255s] -- Using all available rosidl_typesupport_cpp: rosidl_typesupport_fastrtps_cpp;rosidl_typesupport_introspection_cpp
[6.519s] -- Found rmw_implementation_cmake: 6.1.2 (/opt/ros/humble/share/rmw_implementation_cmake/cmake)
[6.553s] -- Found rmw_fastrtps_cpp: 6.2.7 (/opt/ros/humble/share/rmw_fastrtps_cpp/cmake)
[7.177s] -- Found OpenSSL: /usr/lib/x86_64-linux-gnu/libcrypto.so (found version "3.0.2")  
[7.418s] -- Found FastRTPS: /opt/ros/humble/include  
[7.764s] -- Using RMW implementation 'rmw_fastrtps_cpp' as default
[7.838s] -- Looking for pthread.h
[8.321s] -- Looking for pthread.h - found
[8.322s] -- Performing Test CMAKE_HAVE_LIBC_PTHREAD
[8.796s] -- Performing Test CMAKE_HAVE_LIBC_PTHREAD - Success
[8.810s] -- Found Threads: TRUE  
[9.011s] -- Found mocap4r2_msgs: 0.0.3 (/home/jozef/ros2_ws/install/mocap4r2_msgs/share/mocap4r2_msgs/cmake)
[9.195s] -- Found ament_lint_auto: 0.12.11 (/opt/ros/humble/share/ament_lint_auto/cmake)
[9.792s] -- Added test 'copyright' to check source files copyright and LICENSE
[9.795s] -- Added test 'cppcheck' to perform static code analysis on C / C++ code
[9.795s] -- Configured cppcheck include dirs: 
[9.795s] -- Configured cppcheck exclude dirs and/or files: 
[9.797s] -- Added test 'cpplint' to check C / C++ code against the Google style
[9.797s] -- Configured cpplint exclude dirs and/or files: 
[9.801s] -- Added test 'lint_cmake' to check CMake code style
[9.807s] -- Added test 'uncrustify' to check C / C++ code style
[9.807s] -- Configured uncrustify additional arguments: 
[9.808s] -- Added test 'xmllint' to check XML markup files
[9.809s] -- Configuring done
[9.837s] -- Generating done
[9.844s] -- Build files have been written to: /home/jozef/ros2_ws/build/mocap4r2_marker_publisher
[9.872s] Invoked command in '/home/jozef/ros2_ws/build/mocap4r2_marker_publisher' returned '0': AMENT_PREFIX_PATH=/home/jozef/ros2_ws/install/mocap4r2_msgs:${AMENT_PREFIX_PATH} CMAKE_PREFIX_PATH=/home/jozef/ros2_ws/install/mocap4r2_msgs:/home/jozef/ros2_ws/install/tb2_slam:/home/jozef/ros2_ws/install/neo_localization2:/home/jozef/ros2_ws/install/mrpt_navigation:/home/jozef/ros2_ws/install/mrpt_tutorials:/home/jozef/ros2_ws/install/mrpt_tps_astar_planner:/home/jozef/ros2_ws/install/mrpt_reactivenav2d:/home/jozef/ros2_ws/install/mrpt_rawlog:/home/jozef/ros2_ws/install/mrpt_pointcloud_pipeline:/home/jozef/ros2_ws/install/mrpt_pf_localization:/home/jozef/ros2_ws/install/mrpt_map_server:/home/jozef/ros2_ws/install/mrpt_nav_interfaces:/home/jozef/ros2_ws/install/mrpt_msgs_bridge:/home/jozef/ros2_ws/install/mrpt_msgs:/home/jozef/ros2_ws/install/tb2_control:/opt/ros/humble LD_LIBRARY_PATH=/home/jozef/ros2_ws/install/mocap4r2_msgs/lib:${LD_LIBRARY_PATH} PYTHONPATH=/home/jozef/ros2_ws/install/mocap4r2_msgs/local/lib/python3.10/dist-packages:${PYTHONPATH} /usr/bin/cmake /home/jozef/ros2_ws/src/mocap4r2_marker_viz/mocap4r2_marker_publisher -DAMENT_CMAKE_SYMLINK_INSTALL=1 -DCMAKE_INSTALL_PREFIX=/home/jozef/ros2_ws/install/mocap4r2_marker_publisher
[9.883s] Invoking command in '/home/jozef/ros2_ws/build/mocap4r2_marker_publisher': AMENT_PREFIX_PATH=/home/jozef/ros2_ws/install/mocap4r2_msgs:${AMENT_PREFIX_PATH} CMAKE_PREFIX_PATH=/home/jozef/ros2_ws/install/mocap4r2_msgs:/home/jozef/ros2_ws/install/tb2_slam:/home/jozef/ros2_ws/install/neo_localization2:/home/jozef/ros2_ws/install/mrpt_navigation:/home/jozef/ros2_ws/install/mrpt_tutorials:/home/jozef/ros2_ws/install/mrpt_tps_astar_planner:/home/jozef/ros2_ws/install/mrpt_reactivenav2d:/home/jozef/ros2_ws/install/mrpt_rawlog:/home/jozef/ros2_ws/install/mrpt_pointcloud_pipeline:/home/jozef/ros2_ws/install/mrpt_pf_localization:/home/jozef/ros2_ws/install/mrpt_map_server:/home/jozef/ros2_ws/install/mrpt_nav_interfaces:/home/jozef/ros2_ws/install/mrpt_msgs_bridge:/home/jozef/ros2_ws/install/mrpt_msgs:/home/jozef/ros2_ws/install/tb2_control:/opt/ros/humble LD_LIBRARY_PATH=/home/jozef/ros2_ws/install/mocap4r2_msgs/lib:${LD_LIBRARY_PATH} PYTHONPATH=/home/jozef/ros2_ws/install/mocap4r2_msgs/local/lib/python3.10/dist-packages:${PYTHONPATH} /usr/bin/cmake --build /home/jozef/ros2_ws/build/mocap4r2_marker_publisher -- -j8 -l8
[10.162s] [ 50%] [32mBuilding CXX object CMakeFiles/mocap4r2_marker_publisher.dir/src/mocap4r2_marker_publisher.cpp.o[0m
[29.109s] [100%] [32m[1mLinking CXX executable mocap4r2_marker_publisher[0m
[29.836s] [100%] Built target mocap4r2_marker_publisher
[29.867s] Invoked command in '/home/jozef/ros2_ws/build/mocap4r2_marker_publisher' returned '0': AMENT_PREFIX_PATH=/home/jozef/ros2_ws/install/mocap4r2_msgs:${AMENT_PREFIX_PATH} CMAKE_PREFIX_PATH=/home/jozef/ros2_ws/install/mocap4r2_msgs:/home/jozef/ros2_ws/install/tb2_slam:/home/jozef/ros2_ws/install/neo_localization2:/home/jozef/ros2_ws/install/mrpt_navigation:/home/jozef/ros2_ws/install/mrpt_tutorials:/home/jozef/ros2_ws/install/mrpt_tps_astar_planner:/home/jozef/ros2_ws/install/mrpt_reactivenav2d:/home/jozef/ros2_ws/install/mrpt_rawlog:/home/jozef/ros2_ws/install/mrpt_pointcloud_pipeline:/home/jozef/ros2_ws/install/mrpt_pf_localization:/home/jozef/ros2_ws/install/mrpt_map_server:/home/jozef/ros2_ws/install/mrpt_nav_interfaces:/home/jozef/ros2_ws/install/mrpt_msgs_bridge:/home/jozef/ros2_ws/install/mrpt_msgs:/home/jozef/ros2_ws/install/tb2_control:/opt/ros/humble LD_LIBRARY_PATH=/home/jozef/ros2_ws/install/mocap4r2_msgs/lib:${LD_LIBRARY_PATH} PYTHONPATH=/home/jozef/ros2_ws/install/mocap4r2_msgs/local/lib/python3.10/dist-packages:${PYTHONPATH} /usr/bin/cmake --build /home/jozef/ros2_ws/build/mocap4r2_marker_publisher -- -j8 -l8
[29.873s] Invoking command in '/home/jozef/ros2_ws/build/mocap4r2_marker_publisher': AMENT_PREFIX_PATH=/home/jozef/ros2_ws/install/mocap4r2_msgs:${AMENT_PREFIX_PATH} CMAKE_PREFIX_PATH=/home/jozef/ros2_ws/install/mocap4r2_msgs:/home/jozef/ros2_ws/install/tb2_slam:/home/jozef/ros2_ws/install/neo_localization2:/home/jozef/ros2_ws/install/mrpt_navigation:/home/jozef/ros2_ws/install/mrpt_tutorials:/home/jozef/ros2_ws/install/mrpt_tps_astar_planner:/home/jozef/ros2_ws/install/mrpt_reactivenav2d:/home/jozef/ros2_ws/install/mrpt_rawlog:/home/jozef/ros2_ws/install/mrpt_pointcloud_pipeline:/home/jozef/ros2_ws/install/mrpt_pf_localization:/home/jozef/ros2_ws/install/mrpt_map_server:/home/jozef/ros2_ws/install/mrpt_nav_interfaces:/home/jozef/ros2_ws/install/mrpt_msgs_bridge:/home/jozef/ros2_ws/install/mrpt_msgs:/home/jozef/ros2_ws/install/tb2_control:/opt/ros/humble LD_LIBRARY_PATH=/home/jozef/ros2_ws/install/mocap4r2_msgs/lib:${LD_LIBRARY_PATH} PYTHONPATH=/home/jozef/ros2_ws/install/mocap4r2_msgs/local/lib/python3.10/dist-packages:${PYTHONPATH} /usr/bin/cmake --install /home/jozef/ros2_ws/build/mocap4r2_marker_publisher
[29.894s] -- Install configuration: ""
[29.895s] -- Execute custom install script
[29.896s] -- Symlinking: /home/jozef/ros2_ws/install/mocap4r2_marker_publisher/lib/mocap4r2_marker_publisher/mocap4r2_marker_publisher
[29.921s] -- Symlinking: /home/jozef/ros2_ws/install/mocap4r2_marker_publisher/share/ament_index/resource_index/package_run_dependencies/mocap4r2_marker_publisher
[29.944s] -- Symlinking: /home/jozef/ros2_ws/install/mocap4r2_marker_publisher/share/ament_index/resource_index/parent_prefix_path/mocap4r2_marker_publisher
[29.972s] -- Symlinking: /home/jozef/ros2_ws/install/mocap4r2_marker_publisher/share/mocap4r2_marker_publisher/environment/ament_prefix_path.sh
[29.999s] -- Symlinking: /home/jozef/ros2_ws/install/mocap4r2_marker_publisher/share/mocap4r2_marker_publisher/environment/ament_prefix_path.dsv
[30.022s] -- Symlinking: /home/jozef/ros2_ws/install/mocap4r2_marker_publisher/share/mocap4r2_marker_publisher/environment/path.sh
[30.046s] -- Symlinking: /home/jozef/ros2_ws/install/mocap4r2_marker_publisher/share/mocap4r2_marker_publisher/environment/path.dsv
[30.072s] -- Symlinking: /home/jozef/ros2_ws/install/mocap4r2_marker_publisher/share/mocap4r2_marker_publisher/local_setup.bash
[30.099s] -- Symlinking: /home/jozef/ros2_ws/install/mocap4r2_marker_publisher/share/mocap4r2_marker_publisher/local_setup.sh
[30.124s] -- Symlinking: /home/jozef/ros2_ws/install/mocap4r2_marker_publisher/share/mocap4r2_marker_publisher/local_setup.zsh
[30.148s] -- Symlinking: /home/jozef/ros2_ws/install/mocap4r2_marker_publisher/share/mocap4r2_marker_publisher/local_setup.dsv
[30.181s] -- Symlinking: /home/jozef/ros2_ws/install/mocap4r2_marker_publisher/share/mocap4r2_marker_publisher/package.dsv
[30.209s] -- Symlinking: /home/jozef/ros2_ws/install/mocap4r2_marker_publisher/share/ament_index/resource_index/packages/mocap4r2_marker_publisher
[30.233s] -- Symlinking: /home/jozef/ros2_ws/install/mocap4r2_marker_publisher/share/mocap4r2_marker_publisher/cmake/mocap4r2_marker_publisherConfig.cmake
[30.257s] -- Symlinking: /home/jozef/ros2_ws/install/mocap4r2_marker_publisher/share/mocap4r2_marker_publisher/cmake/mocap4r2_marker_publisherConfig-version.cmake
[30.284s] -- Symlinking: /home/jozef/ros2_ws/install/mocap4r2_marker_publisher/share/mocap4r2_marker_publisher/package.xml
[30.315s] Invoked command in '/home/jozef/ros2_ws/build/mocap4r2_marker_publisher' returned '0': AMENT_PREFIX_PATH=/home/jozef/ros2_ws/install/mocap4r2_msgs:${AMENT_PREFIX_PATH} CMAKE_PREFIX_PATH=/home/jozef/ros2_ws/install/mocap4r2_msgs:/home/jozef/ros2_ws/install/tb2_slam:/home/jozef/ros2_ws/install/neo_localization2:/home/jozef/ros2_ws/install/mrpt_navigation:/home/jozef/ros2_ws/install/mrpt_tutorials:/home/jozef/ros2_ws/install/mrpt_tps_astar_planner:/home/jozef/ros2_ws/install/mrpt_reactivenav2d:/home/jozef/ros2_ws/install/mrpt_rawlog:/home/jozef/ros2_ws/install/mrpt_pointcloud_pipeline:/home/jozef/ros2_ws/install/mrpt_pf_localization:/home/jozef/ros2_ws/install/mrpt_map_server:/home/jozef/ros2_ws/install/mrpt_nav_interfaces:/home/jozef/ros2_ws/install/mrpt_msgs_bridge:/home/jozef/ros2_ws/install/mrpt_msgs:/home/jozef/ros2_ws/install/tb2_control:/opt/ros/humble LD_LIBRARY_PATH=/home/jozef/ros2_ws/install/mocap4r2_msgs/lib:${LD_LIBRARY_PATH} PYTHONPATH=/home/jozef/ros2_ws/install/mocap4r2_msgs/local/lib/python3.10/dist-packages:${PYTHONPATH} /usr/bin/cmake --install /home/jozef/ros2_ws/build/mocap4r2_marker_publisher
