[0.067s] Invoking command in '/home/jozef/ros2_ws/build/mocap4r2_robot_gt_msgs': CMAKE_PREFIX_PATH=/opt/ros/humble /usr/bin/cmake --build /home/jozef/ros2_ws/build/mocap4r2_robot_gt_msgs -- -j8 -l8
[0.266s] [  9%] Built target mocap4r2_robot_gt_msgs__rosidl_generator_c
[0.310s] [ 12%] Built target mocap4r2_robot_gt_msgs__cpp
[0.382s] [ 12%] Built target ament_cmake_python_symlink_mocap4r2_robot_gt_msgs
[0.499s] [ 22%] Built target mocap4r2_robot_gt_msgs__rosidl_typesupport_c
[0.504s] [ 32%] Built target mocap4r2_robot_gt_msgs__rosidl_typesupport_introspection_cpp
[0.511s] [ 41%] Built target mocap4r2_robot_gt_msgs__rosidl_typesupport_fastrtps_cpp
[0.557s] [ 51%] Built target mocap4r2_robot_gt_msgs__rosidl_typesupport_fastrtps_c
[0.568s] [ 61%] Built target mocap4r2_robot_gt_msgs__rosidl_typesupport_introspection_c
[0.570s] [ 70%] Built target mocap4r2_robot_gt_msgs__rosidl_typesupport_cpp
[0.680s] [ 70%] Built target mocap4r2_robot_gt_msgs
[0.786s] [ 74%] Built target mocap4r2_robot_gt_msgs__py
[0.907s] [ 80%] Built target mocap4r2_robot_gt_msgs__rosidl_generator_py
[1.050s] [ 87%] Built target mocap4r2_robot_gt_msgs__rosidl_typesupport_fastrtps_c__pyext
[1.105s] [ 93%] Built target mocap4r2_robot_gt_msgs__rosidl_typesupport_introspection_c__pyext
[1.109s] [100%] Built target mocap4r2_robot_gt_msgs__rosidl_typesupport_c__pyext
[1.543s] running egg_info
[1.592s] writing mocap4r2_robot_gt_msgs.egg-info/PKG-INFO
[1.592s] writing dependency_links to mocap4r2_robot_gt_msgs.egg-info/dependency_links.txt
[1.596s] writing top-level names to mocap4r2_robot_gt_msgs.egg-info/top_level.txt
[1.822s] reading manifest file 'mocap4r2_robot_gt_msgs.egg-info/SOURCES.txt'
[1.823s] writing manifest file 'mocap4r2_robot_gt_msgs.egg-info/SOURCES.txt'
[1.923s] [100%] Built target ament_cmake_python_build_mocap4r2_robot_gt_msgs_egg
[2.007s] Invoked command in '/home/jozef/ros2_ws/build/mocap4r2_robot_gt_msgs' returned '0': CMAKE_PREFIX_PATH=/opt/ros/humble /usr/bin/cmake --build /home/jozef/ros2_ws/build/mocap4r2_robot_gt_msgs -- -j8 -l8
[2.008s] Invoking command in '/home/jozef/ros2_ws/build/mocap4r2_robot_gt_msgs': CMAKE_PREFIX_PATH=/opt/ros/humble /usr/bin/cmake --install /home/jozef/ros2_ws/build/mocap4r2_robot_gt_msgs
[2.087s] -- Install configuration: ""
[2.087s] -- Execute custom install script
[2.087s] -- Up-to-date symlink: /home/jozef/ros2_ws/install/mocap4r2_robot_gt_msgs/share/ament_index/resource_index/rosidl_interfaces/mocap4r2_robot_gt_msgs
[2.088s] -- Up-to-date symlink: /home/jozef/ros2_ws/install/mocap4r2_robot_gt_msgs/include/mocap4r2_robot_gt_msgs/mocap4r2_robot_gt_msgs/msg/rosidl_generator_c__visibility_control.h
[2.088s] -- Up-to-date symlink: /home/jozef/ros2_ws/install/mocap4r2_robot_gt_msgs/include/mocap4r2_robot_gt_msgs/mocap4r2_robot_gt_msgs/srv/detail/set_gt_origin__functions.h
[2.088s] -- Up-to-date symlink: /home/jozef/ros2_ws/install/mocap4r2_robot_gt_msgs/include/mocap4r2_robot_gt_msgs/mocap4r2_robot_gt_msgs/srv/detail/set_gt_origin__struct.h
[2.088s] -- Up-to-date symlink: /home/jozef/ros2_ws/install/mocap4r2_robot_gt_msgs/include/mocap4r2_robot_gt_msgs/mocap4r2_robot_gt_msgs/srv/detail/set_gt_origin__type_support.h
[2.088s] -- Up-to-date symlink: /home/jozef/ros2_ws/install/mocap4r2_robot_gt_msgs/include/mocap4r2_robot_gt_msgs/mocap4r2_robot_gt_msgs/srv/set_gt_origin.h
[2.088s] -- Up-to-date symlink: /home/jozef/ros2_ws/install/mocap4r2_robot_gt_msgs/share/mocap4r2_robot_gt_msgs/environment/library_path.sh
[2.088s] -- Up-to-date symlink: /home/jozef/ros2_ws/install/mocap4r2_robot_gt_msgs/share/mocap4r2_robot_gt_msgs/environment/library_path.dsv
[2.088s] -- Up-to-date symlink: /home/jozef/ros2_ws/install/mocap4r2_robot_gt_msgs/include/mocap4r2_robot_gt_msgs/mocap4r2_robot_gt_msgs/msg/rosidl_typesupport_fastrtps_c__visibility_control.h
[2.088s] -- Up-to-date symlink: /home/jozef/ros2_ws/install/mocap4r2_robot_gt_msgs/include/mocap4r2_robot_gt_msgs/mocap4r2_robot_gt_msgs/srv/detail/set_gt_origin__rosidl_typesupport_fastrtps_c.h
[2.089s] -- Up-to-date symlink: /home/jozef/ros2_ws/install/mocap4r2_robot_gt_msgs/include/mocap4r2_robot_gt_msgs/mocap4r2_robot_gt_msgs/msg/rosidl_typesupport_introspection_c__visibility_control.h
[2.093s] -- Up-to-date symlink: /home/jozef/ros2_ws/install/mocap4r2_robot_gt_msgs/include/mocap4r2_robot_gt_msgs/mocap4r2_robot_gt_msgs/srv/detail/set_gt_origin__rosidl_typesupport_introspection_c.h
[2.093s] -- Up-to-date symlink: /home/jozef/ros2_ws/install/mocap4r2_robot_gt_msgs/include/mocap4r2_robot_gt_msgs/mocap4r2_robot_gt_msgs/msg/rosidl_generator_cpp__visibility_control.hpp
[2.093s] -- Up-to-date symlink: /home/jozef/ros2_ws/install/mocap4r2_robot_gt_msgs/include/mocap4r2_robot_gt_msgs/mocap4r2_robot_gt_msgs/srv/detail/set_gt_origin__builder.hpp
[2.093s] -- Up-to-date symlink: /home/jozef/ros2_ws/install/mocap4r2_robot_gt_msgs/include/mocap4r2_robot_gt_msgs/mocap4r2_robot_gt_msgs/srv/detail/set_gt_origin__struct.hpp
[2.093s] -- Up-to-date symlink: /home/jozef/ros2_ws/install/mocap4r2_robot_gt_msgs/include/mocap4r2_robot_gt_msgs/mocap4r2_robot_gt_msgs/srv/detail/set_gt_origin__traits.hpp
[2.093s] -- Up-to-date symlink: /home/jozef/ros2_ws/install/mocap4r2_robot_gt_msgs/include/mocap4r2_robot_gt_msgs/mocap4r2_robot_gt_msgs/srv/detail/set_gt_origin__type_support.hpp
[2.094s] -- Up-to-date symlink: /home/jozef/ros2_ws/install/mocap4r2_robot_gt_msgs/include/mocap4r2_robot_gt_msgs/mocap4r2_robot_gt_msgs/srv/set_gt_origin.hpp
[2.094s] -- Up-to-date symlink: /home/jozef/ros2_ws/install/mocap4r2_robot_gt_msgs/include/mocap4r2_robot_gt_msgs/mocap4r2_robot_gt_msgs/msg/rosidl_typesupport_fastrtps_cpp__visibility_control.h
[2.094s] -- Up-to-date symlink: /home/jozef/ros2_ws/install/mocap4r2_robot_gt_msgs/include/mocap4r2_robot_gt_msgs/mocap4r2_robot_gt_msgs/srv/detail/set_gt_origin__rosidl_typesupport_fastrtps_cpp.hpp
[2.094s] -- Up-to-date symlink: /home/jozef/ros2_ws/install/mocap4r2_robot_gt_msgs/include/mocap4r2_robot_gt_msgs/mocap4r2_robot_gt_msgs/srv/detail/set_gt_origin__rosidl_typesupport_introspection_cpp.hpp
[2.094s] -- Up-to-date symlink: /home/jozef/ros2_ws/install/mocap4r2_robot_gt_msgs/share/mocap4r2_robot_gt_msgs/environment/pythonpath.sh
[2.094s] -- Up-to-date symlink: /home/jozef/ros2_ws/install/mocap4r2_robot_gt_msgs/share/mocap4r2_robot_gt_msgs/environment/pythonpath.dsv
[2.094s] -- Up-to-date symlink: /home/jozef/ros2_ws/install/mocap4r2_robot_gt_msgs/local/lib/python3.10/dist-packages/mocap4r2_robot_gt_msgs-0.0.7-py3.10.egg-info/PKG-INFO
[2.094s] -- Up-to-date symlink: /home/jozef/ros2_ws/install/mocap4r2_robot_gt_msgs/local/lib/python3.10/dist-packages/mocap4r2_robot_gt_msgs-0.0.7-py3.10.egg-info/SOURCES.txt
[2.095s] -- Up-to-date symlink: /home/jozef/ros2_ws/install/mocap4r2_robot_gt_msgs/local/lib/python3.10/dist-packages/mocap4r2_robot_gt_msgs-0.0.7-py3.10.egg-info/dependency_links.txt
[2.095s] -- Up-to-date symlink: /home/jozef/ros2_ws/install/mocap4r2_robot_gt_msgs/local/lib/python3.10/dist-packages/mocap4r2_robot_gt_msgs-0.0.7-py3.10.egg-info/top_level.txt
[2.095s] -- Up-to-date symlink: /home/jozef/ros2_ws/install/mocap4r2_robot_gt_msgs/local/lib/python3.10/dist-packages/mocap4r2_robot_gt_msgs/__init__.py
[2.095s] -- Up-to-date symlink: /home/jozef/ros2_ws/install/mocap4r2_robot_gt_msgs/local/lib/python3.10/dist-packages/mocap4r2_robot_gt_msgs/_mocap4r2_robot_gt_msgs_s.ep.rosidl_typesupport_c.c
[2.095s] -- Up-to-date symlink: /home/jozef/ros2_ws/install/mocap4r2_robot_gt_msgs/local/lib/python3.10/dist-packages/mocap4r2_robot_gt_msgs/_mocap4r2_robot_gt_msgs_s.ep.rosidl_typesupport_fastrtps_c.c
[2.095s] -- Up-to-date symlink: /home/jozef/ros2_ws/install/mocap4r2_robot_gt_msgs/local/lib/python3.10/dist-packages/mocap4r2_robot_gt_msgs/_mocap4r2_robot_gt_msgs_s.ep.rosidl_typesupport_introspection_c.c
[2.095s] -- Up-to-date symlink: /home/jozef/ros2_ws/install/mocap4r2_robot_gt_msgs/local/lib/python3.10/dist-packages/mocap4r2_robot_gt_msgs/libmocap4r2_robot_gt_msgs__rosidl_generator_py.so
[2.096s] -- Up-to-date symlink: /home/jozef/ros2_ws/install/mocap4r2_robot_gt_msgs/local/lib/python3.10/dist-packages/mocap4r2_robot_gt_msgs/mocap4r2_robot_gt_msgs_s__rosidl_typesupport_c.cpython-310-x86_64-linux-gnu.so
[2.096s] -- Up-to-date symlink: /home/jozef/ros2_ws/install/mocap4r2_robot_gt_msgs/local/lib/python3.10/dist-packages/mocap4r2_robot_gt_msgs/mocap4r2_robot_gt_msgs_s__rosidl_typesupport_fastrtps_c.cpython-310-x86_64-linux-gnu.so
[2.096s] -- Up-to-date symlink: /home/jozef/ros2_ws/install/mocap4r2_robot_gt_msgs/local/lib/python3.10/dist-packages/mocap4r2_robot_gt_msgs/mocap4r2_robot_gt_msgs_s__rosidl_typesupport_introspection_c.cpython-310-x86_64-linux-gnu.so
[2.096s] -- Up-to-date symlink: /home/jozef/ros2_ws/install/mocap4r2_robot_gt_msgs/local/lib/python3.10/dist-packages/mocap4r2_robot_gt_msgs/srv/__init__.py
[2.096s] -- Up-to-date symlink: /home/jozef/ros2_ws/install/mocap4r2_robot_gt_msgs/local/lib/python3.10/dist-packages/mocap4r2_robot_gt_msgs/srv/_set_gt_origin.py
[2.100s] -- Up-to-date symlink: /home/jozef/ros2_ws/install/mocap4r2_robot_gt_msgs/local/lib/python3.10/dist-packages/mocap4r2_robot_gt_msgs/srv/_set_gt_origin_s.c
[2.100s] -- Up-to-date symlink: /home/jozef/ros2_ws/install/mocap4r2_robot_gt_msgs/local/lib/python3.10/dist-packages/mocap4r2_robot_gt_msgs/mocap4r2_robot_gt_msgs_s__rosidl_typesupport_fastrtps_c.cpython-310-x86_64-linux-gnu.so
[2.101s] -- Up-to-date symlink: /home/jozef/ros2_ws/install/mocap4r2_robot_gt_msgs/local/lib/python3.10/dist-packages/mocap4r2_robot_gt_msgs/mocap4r2_robot_gt_msgs_s__rosidl_typesupport_introspection_c.cpython-310-x86_64-linux-gnu.so
[2.102s] -- Up-to-date symlink: /home/jozef/ros2_ws/install/mocap4r2_robot_gt_msgs/local/lib/python3.10/dist-packages/mocap4r2_robot_gt_msgs/mocap4r2_robot_gt_msgs_s__rosidl_typesupport_c.cpython-310-x86_64-linux-gnu.so
[2.102s] -- Up-to-date symlink: /home/jozef/ros2_ws/install/mocap4r2_robot_gt_msgs/share/mocap4r2_robot_gt_msgs/srv/SetGTOrigin.idl
[2.103s] -- Up-to-date symlink: /home/jozef/ros2_ws/install/mocap4r2_robot_gt_msgs/share/mocap4r2_robot_gt_msgs/srv/SetGTOrigin.srv
[2.103s] -- Up-to-date symlink: /home/jozef/ros2_ws/install/mocap4r2_robot_gt_msgs/share/mocap4r2_robot_gt_msgs/srv/SetGTOrigin_Request.msg
[2.103s] -- Up-to-date symlink: /home/jozef/ros2_ws/install/mocap4r2_robot_gt_msgs/share/mocap4r2_robot_gt_msgs/srv/SetGTOrigin_Response.msg
[2.103s] -- Up-to-date symlink: /home/jozef/ros2_ws/install/mocap4r2_robot_gt_msgs/share/ament_index/resource_index/package_run_dependencies/mocap4r2_robot_gt_msgs
[2.104s] -- Up-to-date symlink: /home/jozef/ros2_ws/install/mocap4r2_robot_gt_msgs/share/ament_index/resource_index/parent_prefix_path/mocap4r2_robot_gt_msgs
[2.104s] -- Up-to-date symlink: /home/jozef/ros2_ws/install/mocap4r2_robot_gt_msgs/share/mocap4r2_robot_gt_msgs/environment/ament_prefix_path.sh
[2.104s] -- Up-to-date symlink: /home/jozef/ros2_ws/install/mocap4r2_robot_gt_msgs/share/mocap4r2_robot_gt_msgs/environment/ament_prefix_path.dsv
[2.104s] -- Up-to-date symlink: /home/jozef/ros2_ws/install/mocap4r2_robot_gt_msgs/share/mocap4r2_robot_gt_msgs/environment/path.sh
[2.104s] -- Up-to-date symlink: /home/jozef/ros2_ws/install/mocap4r2_robot_gt_msgs/share/mocap4r2_robot_gt_msgs/environment/path.dsv
[2.104s] -- Up-to-date symlink: /home/jozef/ros2_ws/install/mocap4r2_robot_gt_msgs/share/mocap4r2_robot_gt_msgs/local_setup.bash
[2.104s] -- Up-to-date symlink: /home/jozef/ros2_ws/install/mocap4r2_robot_gt_msgs/share/mocap4r2_robot_gt_msgs/local_setup.sh
[2.105s] -- Up-to-date symlink: /home/jozef/ros2_ws/install/mocap4r2_robot_gt_msgs/share/mocap4r2_robot_gt_msgs/local_setup.zsh
[2.105s] -- Up-to-date symlink: /home/jozef/ros2_ws/install/mocap4r2_robot_gt_msgs/share/mocap4r2_robot_gt_msgs/local_setup.dsv
[2.105s] -- Symlinking: /home/jozef/ros2_ws/install/mocap4r2_robot_gt_msgs/share/mocap4r2_robot_gt_msgs/package.dsv
[2.131s] -- Up-to-date symlink: /home/jozef/ros2_ws/install/mocap4r2_robot_gt_msgs/share/ament_index/resource_index/packages/mocap4r2_robot_gt_msgs
[2.134s] -- Up-to-date symlink: /home/jozef/ros2_ws/install/mocap4r2_robot_gt_msgs/share/mocap4r2_robot_gt_msgs/cmake/rosidl_cmake-extras.cmake
[2.134s] -- Up-to-date symlink: /home/jozef/ros2_ws/install/mocap4r2_robot_gt_msgs/share/mocap4r2_robot_gt_msgs/cmake/ament_cmake_export_dependencies-extras.cmake
[2.134s] -- Up-to-date symlink: /home/jozef/ros2_ws/install/mocap4r2_robot_gt_msgs/share/mocap4r2_robot_gt_msgs/cmake/ament_cmake_export_include_directories-extras.cmake
[2.134s] -- Up-to-date symlink: /home/jozef/ros2_ws/install/mocap4r2_robot_gt_msgs/share/mocap4r2_robot_gt_msgs/cmake/ament_cmake_export_libraries-extras.cmake
[2.134s] -- Up-to-date symlink: /home/jozef/ros2_ws/install/mocap4r2_robot_gt_msgs/share/mocap4r2_robot_gt_msgs/cmake/ament_cmake_export_targets-extras.cmake
[2.135s] -- Up-to-date symlink: /home/jozef/ros2_ws/install/mocap4r2_robot_gt_msgs/share/mocap4r2_robot_gt_msgs/cmake/rosidl_cmake_export_typesupport_targets-extras.cmake
[2.135s] -- Up-to-date symlink: /home/jozef/ros2_ws/install/mocap4r2_robot_gt_msgs/share/mocap4r2_robot_gt_msgs/cmake/rosidl_cmake_export_typesupport_libraries-extras.cmake
[2.135s] -- Up-to-date symlink: /home/jozef/ros2_ws/install/mocap4r2_robot_gt_msgs/share/mocap4r2_robot_gt_msgs/cmake/mocap4r2_robot_gt_msgsConfig.cmake
[2.135s] -- Up-to-date symlink: /home/jozef/ros2_ws/install/mocap4r2_robot_gt_msgs/share/mocap4r2_robot_gt_msgs/cmake/mocap4r2_robot_gt_msgsConfig-version.cmake
[2.136s] -- Up-to-date symlink: /home/jozef/ros2_ws/install/mocap4r2_robot_gt_msgs/share/mocap4r2_robot_gt_msgs/package.xml
[2.136s] -- Up-to-date: /home/jozef/ros2_ws/install/mocap4r2_robot_gt_msgs/lib/libmocap4r2_robot_gt_msgs__rosidl_generator_c.so
[2.136s] -- Up-to-date: /home/jozef/ros2_ws/install/mocap4r2_robot_gt_msgs/lib/libmocap4r2_robot_gt_msgs__rosidl_typesupport_fastrtps_c.so
[2.136s] -- Up-to-date: /home/jozef/ros2_ws/install/mocap4r2_robot_gt_msgs/lib/libmocap4r2_robot_gt_msgs__rosidl_typesupport_introspection_c.so
[2.137s] -- Up-to-date: /home/jozef/ros2_ws/install/mocap4r2_robot_gt_msgs/lib/libmocap4r2_robot_gt_msgs__rosidl_typesupport_c.so
[2.137s] -- Up-to-date: /home/jozef/ros2_ws/install/mocap4r2_robot_gt_msgs/lib/libmocap4r2_robot_gt_msgs__rosidl_typesupport_fastrtps_cpp.so
[2.137s] -- Up-to-date: /home/jozef/ros2_ws/install/mocap4r2_robot_gt_msgs/lib/libmocap4r2_robot_gt_msgs__rosidl_typesupport_introspection_cpp.so
[2.137s] -- Up-to-date: /home/jozef/ros2_ws/install/mocap4r2_robot_gt_msgs/lib/libmocap4r2_robot_gt_msgs__rosidl_typesupport_cpp.so
[2.164s] Listing '/home/jozef/ros2_ws/install/mocap4r2_robot_gt_msgs/local/lib/python3.10/dist-packages/mocap4r2_robot_gt_msgs'...
[2.164s] Listing '/home/jozef/ros2_ws/install/mocap4r2_robot_gt_msgs/local/lib/python3.10/dist-packages/mocap4r2_robot_gt_msgs/srv'...
[2.178s] -- Up-to-date: /home/jozef/ros2_ws/install/mocap4r2_robot_gt_msgs/lib/libmocap4r2_robot_gt_msgs__rosidl_generator_py.so
[2.179s] -- Up-to-date: /home/jozef/ros2_ws/install/mocap4r2_robot_gt_msgs/share/mocap4r2_robot_gt_msgs/cmake/export_mocap4r2_robot_gt_msgs__rosidl_generator_cExport.cmake
[2.180s] -- Up-to-date: /home/jozef/ros2_ws/install/mocap4r2_robot_gt_msgs/share/mocap4r2_robot_gt_msgs/cmake/export_mocap4r2_robot_gt_msgs__rosidl_generator_cExport-noconfig.cmake
[2.181s] -- Up-to-date: /home/jozef/ros2_ws/install/mocap4r2_robot_gt_msgs/share/mocap4r2_robot_gt_msgs/cmake/export_mocap4r2_robot_gt_msgs__rosidl_typesupport_fastrtps_cExport.cmake
[2.182s] -- Up-to-date: /home/jozef/ros2_ws/install/mocap4r2_robot_gt_msgs/share/mocap4r2_robot_gt_msgs/cmake/export_mocap4r2_robot_gt_msgs__rosidl_typesupport_fastrtps_cExport-noconfig.cmake
[2.183s] -- Up-to-date: /home/jozef/ros2_ws/install/mocap4r2_robot_gt_msgs/share/mocap4r2_robot_gt_msgs/cmake/mocap4r2_robot_gt_msgs__rosidl_typesupport_introspection_cExport.cmake
[2.184s] -- Up-to-date: /home/jozef/ros2_ws/install/mocap4r2_robot_gt_msgs/share/mocap4r2_robot_gt_msgs/cmake/mocap4r2_robot_gt_msgs__rosidl_typesupport_introspection_cExport-noconfig.cmake
[2.185s] -- Up-to-date: /home/jozef/ros2_ws/install/mocap4r2_robot_gt_msgs/share/mocap4r2_robot_gt_msgs/cmake/mocap4r2_robot_gt_msgs__rosidl_typesupport_cExport.cmake
[2.187s] -- Up-to-date: /home/jozef/ros2_ws/install/mocap4r2_robot_gt_msgs/share/mocap4r2_robot_gt_msgs/cmake/mocap4r2_robot_gt_msgs__rosidl_typesupport_cExport-noconfig.cmake
[2.187s] -- Up-to-date: /home/jozef/ros2_ws/install/mocap4r2_robot_gt_msgs/share/mocap4r2_robot_gt_msgs/cmake/export_mocap4r2_robot_gt_msgs__rosidl_generator_cppExport.cmake
[2.187s] -- Up-to-date: /home/jozef/ros2_ws/install/mocap4r2_robot_gt_msgs/share/mocap4r2_robot_gt_msgs/cmake/export_mocap4r2_robot_gt_msgs__rosidl_typesupport_fastrtps_cppExport.cmake
[2.189s] -- Up-to-date: /home/jozef/ros2_ws/install/mocap4r2_robot_gt_msgs/share/mocap4r2_robot_gt_msgs/cmake/export_mocap4r2_robot_gt_msgs__rosidl_typesupport_fastrtps_cppExport-noconfig.cmake
[2.189s] -- Up-to-date: /home/jozef/ros2_ws/install/mocap4r2_robot_gt_msgs/share/mocap4r2_robot_gt_msgs/cmake/mocap4r2_robot_gt_msgs__rosidl_typesupport_introspection_cppExport.cmake
[2.191s] -- Up-to-date: /home/jozef/ros2_ws/install/mocap4r2_robot_gt_msgs/share/mocap4r2_robot_gt_msgs/cmake/mocap4r2_robot_gt_msgs__rosidl_typesupport_introspection_cppExport-noconfig.cmake
[2.193s] -- Up-to-date: /home/jozef/ros2_ws/install/mocap4r2_robot_gt_msgs/share/mocap4r2_robot_gt_msgs/cmake/mocap4r2_robot_gt_msgs__rosidl_typesupport_cppExport.cmake
[2.194s] -- Up-to-date: /home/jozef/ros2_ws/install/mocap4r2_robot_gt_msgs/share/mocap4r2_robot_gt_msgs/cmake/mocap4r2_robot_gt_msgs__rosidl_typesupport_cppExport-noconfig.cmake
[2.195s] -- Up-to-date: /home/jozef/ros2_ws/install/mocap4r2_robot_gt_msgs/share/mocap4r2_robot_gt_msgs/cmake/export_mocap4r2_robot_gt_msgs__rosidl_generator_pyExport.cmake
[2.196s] -- Up-to-date: /home/jozef/ros2_ws/install/mocap4r2_robot_gt_msgs/share/mocap4r2_robot_gt_msgs/cmake/export_mocap4r2_robot_gt_msgs__rosidl_generator_pyExport-noconfig.cmake
[2.473s] Invoked command in '/home/jozef/ros2_ws/build/mocap4r2_robot_gt_msgs' returned '0': CMAKE_PREFIX_PATH=/opt/ros/humble /usr/bin/cmake --install /home/jozef/ros2_ws/build/mocap4r2_robot_gt_msgs
