[0.045s] Invoking command in '/home/jozef/ros2_ws/build/mrpt_tutorials': /usr/bin/cmake /home/jozef/ros2_ws/src/mrpt_navigation/mrpt_tutorials -DAMENT_CMAKE_SYMLINK_INSTALL=1 -DCMAKE_INSTALL_PREFIX=/home/jozef/ros2_ws/install/mrpt_tutorials
[0.436s] -- The C compiler identification is GNU 11.4.0
[0.457s] -- The CXX compiler identification is GNU 11.4.0
[0.477s] -- Detecting C compiler ABI info
[0.649s] -- Detecting C compiler ABI info - done
[0.670s] -- Check for working C compiler: /usr/bin/cc - skipped
[0.670s] -- Detecting C compile features
[0.670s] -- Detecting C compile features - done
[0.674s] -- Detecting CXX compiler ABI info
[0.861s] -- Detecting CXX compiler ABI info - done
[0.879s] -- Check for working CXX compiler: /usr/bin/c++ - skipped
[0.879s] -- Detecting CXX compile features
[0.880s] -- Detecting CXX compile features - done
[0.919s] -- Configuring incomplete, errors occurred!
[0.919s] See also "/home/jozef/ros2_ws/build/mrpt_tutorials/CMakeFiles/CMakeOutput.log".
[0.919s] [31mCMake Error at CMakeLists.txt:5 (find_package):
[0.919s]   By not providing "Findament_cmake.cmake" in CMAKE_MODULE_PATH this project
[0.919s]   has asked CMake to find a package configuration file provided by
[0.920s]   "ament_cmake", but CMake did not find one.
[0.920s] 
[0.920s]   Could not find a package configuration file provided by "ament_cmake" with
[0.920s]   any of the following names:
[0.920s] 
[0.920s]     ament_cmakeConfig.cmake
[0.920s]     ament_cmake-config.cmake
[0.920s] 
[0.920s]   Add the installation prefix of "ament_cmake" to CMAKE_PREFIX_PATH or set
[0.921s]   "ament_cmake_DIR" to a directory containing one of the above files.  If
[0.921s]   "ament_cmake" provides a separate development package or SDK, be sure it
[0.921s]   has been installed.
[0.921s] 
[0.921s] [0m
[0.931s] Invoked command in '/home/jozef/ros2_ws/build/mrpt_tutorials' returned '1': /usr/bin/cmake /home/jozef/ros2_ws/src/mrpt_navigation/mrpt_tutorials -DAMENT_CMAKE_SYMLINK_INSTALL=1 -DCMAKE_INSTALL_PREFIX=/home/jozef/ros2_ws/install/mrpt_tutorials
