[0.109s] Invoking command in '/home/jozef/ros2_ws/build/mrpt_tps_astar_planner': AMENT_PREFIX_PATH=/home/jozef/ros2_ws/install/mrpt_nav_interfaces:/home/jozef/ros2_ws/install/mrpt_msgs:${AMENT_PREFIX_PATH} CMAKE_PREFIX_PATH=/home/jozef/ros2_ws/install/mrpt_nav_interfaces:/opt/ros/humble:/home/jozef/ros2_ws/install/mrpt_msgs LD_LIBRARY_PATH=/home/jozef/ros2_ws/install/mrpt_nav_interfaces/lib:/home/jozef/ros2_ws/install/mrpt_msgs/lib:${LD_LIBRARY_PATH} PYTHONPATH=/home/jozef/ros2_ws/install/mrpt_nav_interfaces/local/lib/python3.10/dist-packages:/home/jozef/ros2_ws/install/mrpt_msgs/local/lib/python3.10/dist-packages:${PYTHONPATH} /usr/bin/cmake --build /home/jozef/ros2_ws/build/mrpt_tps_astar_planner -- -j8 -l8
[0.242s] [100%] Built target mrpt_tps_astar_planner_node
[0.272s] Invoked command in '/home/jozef/ros2_ws/build/mrpt_tps_astar_planner' returned '0': AMENT_PREFIX_PATH=/home/jozef/ros2_ws/install/mrpt_nav_interfaces:/home/jozef/ros2_ws/install/mrpt_msgs:${AMENT_PREFIX_PATH} CMAKE_PREFIX_PATH=/home/jozef/ros2_ws/install/mrpt_nav_interfaces:/opt/ros/humble:/home/jozef/ros2_ws/install/mrpt_msgs LD_LIBRARY_PATH=/home/jozef/ros2_ws/install/mrpt_nav_interfaces/lib:/home/jozef/ros2_ws/install/mrpt_msgs/lib:${LD_LIBRARY_PATH} PYTHONPATH=/home/jozef/ros2_ws/install/mrpt_nav_interfaces/local/lib/python3.10/dist-packages:/home/jozef/ros2_ws/install/mrpt_msgs/local/lib/python3.10/dist-packages:${PYTHONPATH} /usr/bin/cmake --build /home/jozef/ros2_ws/build/mrpt_tps_astar_planner -- -j8 -l8
[0.280s] Invoking command in '/home/jozef/ros2_ws/build/mrpt_tps_astar_planner': AMENT_PREFIX_PATH=/home/jozef/ros2_ws/install/mrpt_nav_interfaces:/home/jozef/ros2_ws/install/mrpt_msgs:${AMENT_PREFIX_PATH} CMAKE_PREFIX_PATH=/home/jozef/ros2_ws/install/mrpt_nav_interfaces:/opt/ros/humble:/home/jozef/ros2_ws/install/mrpt_msgs LD_LIBRARY_PATH=/home/jozef/ros2_ws/install/mrpt_nav_interfaces/lib:/home/jozef/ros2_ws/install/mrpt_msgs/lib:${LD_LIBRARY_PATH} PYTHONPATH=/home/jozef/ros2_ws/install/mrpt_nav_interfaces/local/lib/python3.10/dist-packages:/home/jozef/ros2_ws/install/mrpt_msgs/local/lib/python3.10/dist-packages:${PYTHONPATH} /usr/bin/cmake --install /home/jozef/ros2_ws/build/mrpt_tps_astar_planner
[0.298s] -- Install configuration: ""
[0.299s] -- Execute custom install script
[0.299s] -- Up-to-date symlink: /home/jozef/ros2_ws/install/mrpt_tps_astar_planner/lib/mrpt_tps_astar_planner/mrpt_tps_astar_planner_node
[0.299s] -- Up-to-date symlink: /home/jozef/ros2_ws/install/mrpt_tps_astar_planner/share/mrpt_tps_astar_planner/launch/tps_astar_planner.launch.py
[0.299s] -- Up-to-date symlink: /home/jozef/ros2_ws/install/mrpt_tps_astar_planner/share/mrpt_tps_astar_planner/configs/ini/barn-pf-localization.ini
[0.300s] -- Up-to-date symlink: /home/jozef/ros2_ws/install/mrpt_tps_astar_planner/share/mrpt_tps_astar_planner/configs/ini/ptgs_jackal.ini
[0.300s] -- Up-to-date symlink: /home/jozef/ros2_ws/install/mrpt_tps_astar_planner/share/mrpt_tps_astar_planner/configs/params/costmap-obstacles.yaml
[0.301s] -- Up-to-date symlink: /home/jozef/ros2_ws/install/mrpt_tps_astar_planner/share/mrpt_tps_astar_planner/configs/params/costmap-prefer-waypoints.yaml
[0.302s] -- Up-to-date symlink: /home/jozef/ros2_ws/install/mrpt_tps_astar_planner/share/mrpt_tps_astar_planner/configs/params/nav-engine-params.yaml
[0.303s] -- Up-to-date symlink: /home/jozef/ros2_ws/install/mrpt_tps_astar_planner/share/mrpt_tps_astar_planner/configs/params/planner-params.yaml
[0.303s] -- Up-to-date symlink: /home/jozef/ros2_ws/install/mrpt_tps_astar_planner/share/ament_index/resource_index/package_run_dependencies/mrpt_tps_astar_planner
[0.303s] -- Up-to-date symlink: /home/jozef/ros2_ws/install/mrpt_tps_astar_planner/share/ament_index/resource_index/parent_prefix_path/mrpt_tps_astar_planner
[0.304s] -- Up-to-date symlink: /home/jozef/ros2_ws/install/mrpt_tps_astar_planner/share/mrpt_tps_astar_planner/environment/ament_prefix_path.sh
[0.304s] -- Up-to-date symlink: /home/jozef/ros2_ws/install/mrpt_tps_astar_planner/share/mrpt_tps_astar_planner/environment/ament_prefix_path.dsv
[0.304s] -- Up-to-date symlink: /home/jozef/ros2_ws/install/mrpt_tps_astar_planner/share/mrpt_tps_astar_planner/environment/path.sh
[0.304s] -- Up-to-date symlink: /home/jozef/ros2_ws/install/mrpt_tps_astar_planner/share/mrpt_tps_astar_planner/environment/path.dsv
[0.304s] -- Up-to-date symlink: /home/jozef/ros2_ws/install/mrpt_tps_astar_planner/share/mrpt_tps_astar_planner/local_setup.bash
[0.305s] -- Up-to-date symlink: /home/jozef/ros2_ws/install/mrpt_tps_astar_planner/share/mrpt_tps_astar_planner/local_setup.sh
[0.305s] -- Up-to-date symlink: /home/jozef/ros2_ws/install/mrpt_tps_astar_planner/share/mrpt_tps_astar_planner/local_setup.zsh
[0.306s] -- Up-to-date symlink: /home/jozef/ros2_ws/install/mrpt_tps_astar_planner/share/mrpt_tps_astar_planner/local_setup.dsv
[0.307s] -- Symlinking: /home/jozef/ros2_ws/install/mrpt_tps_astar_planner/share/mrpt_tps_astar_planner/package.dsv
[0.329s] -- Up-to-date symlink: /home/jozef/ros2_ws/install/mrpt_tps_astar_planner/share/ament_index/resource_index/packages/mrpt_tps_astar_planner
[0.329s] -- Up-to-date symlink: /home/jozef/ros2_ws/install/mrpt_tps_astar_planner/share/mrpt_tps_astar_planner/cmake/mrpt_tps_astar_plannerConfig.cmake
[0.330s] -- Up-to-date symlink: /home/jozef/ros2_ws/install/mrpt_tps_astar_planner/share/mrpt_tps_astar_planner/cmake/mrpt_tps_astar_plannerConfig-version.cmake
[0.330s] -- Up-to-date symlink: /home/jozef/ros2_ws/install/mrpt_tps_astar_planner/share/mrpt_tps_astar_planner/package.xml
[0.394s] Invoked command in '/home/jozef/ros2_ws/build/mrpt_tps_astar_planner' returned '0': AMENT_PREFIX_PATH=/home/jozef/ros2_ws/install/mrpt_nav_interfaces:/home/jozef/ros2_ws/install/mrpt_msgs:${AMENT_PREFIX_PATH} CMAKE_PREFIX_PATH=/home/jozef/ros2_ws/install/mrpt_nav_interfaces:/opt/ros/humble:/home/jozef/ros2_ws/install/mrpt_msgs LD_LIBRARY_PATH=/home/jozef/ros2_ws/install/mrpt_nav_interfaces/lib:/home/jozef/ros2_ws/install/mrpt_msgs/lib:${LD_LIBRARY_PATH} PYTHONPATH=/home/jozef/ros2_ws/install/mrpt_nav_interfaces/local/lib/python3.10/dist-packages:/home/jozef/ros2_ws/install/mrpt_msgs/local/lib/python3.10/dist-packages:${PYTHONPATH} /usr/bin/cmake --install /home/jozef/ros2_ws/build/mrpt_tps_astar_planner
