[0.047s] Invoking command in '/home/jozef/ros2_ws/build/tb2_slam': CMAKE_PREFIX_PATH=/opt/ros/humble /usr/bin/cmake /home/jozef/ros2_ws/src/tb2_slam -DAMENT_CMAKE_SYMLINK_INSTALL=1 -DCMAKE_INSTALL_PREFIX=/home/jozef/ros2_ws/install/tb2_slam
[1.417s] -- The C compiler identification is GNU 11.4.0
[1.417s] -- The CXX compiler identification is GNU 11.4.0
[1.418s] -- Detecting C compiler ABI info
[1.418s] -- Detecting C compiler ABI info - done
[1.418s] -- Check for working C compiler: /usr/bin/cc - skipped
[1.418s] -- Detecting C compile features
[1.419s] -- Detecting C compile features - done
[1.419s] -- Detecting CXX compiler ABI info
[1.860s] -- Detecting CXX compiler ABI info - done
[1.907s] -- Check for working CXX compiler: /usr/bin/c++ - skipped
[1.908s] -- Detecting CXX compile features
[1.909s] -- Detecting CXX compile features - done
[1.929s] -- Found ament_cmake: 1.3.11 (/opt/ros/humble/share/ament_cmake/cmake)
[3.521s] -- Found Python3: /usr/bin/python3 (found version "3.10.12") found components: Interpreter 
[4.044s] -- Override CMake install command with custom implementation using symlinks instead of copying resources
[4.234s] -- Found ament_lint_auto: 0.12.11 (/opt/ros/humble/share/ament_lint_auto/cmake)
[4.721s] -- Added test 'copyright' to check source files copyright and LICENSE
[4.741s] -- Added test 'flake8' to check Python code syntax and style conventions
[4.742s] -- Added test 'lint_cmake' to check CMake code style
[4.745s] -- Added test 'pep257' to check Python code against some of the docstring style conventions in PEP 257
[4.751s] -- Added test 'xmllint' to check XML markup files
[4.754s] -- Configuring done
[4.761s] -- Generating done
[4.771s] -- Build files have been written to: /home/jozef/ros2_ws/build/tb2_slam
[4.829s] Invoked command in '/home/jozef/ros2_ws/build/tb2_slam' returned '0': CMAKE_PREFIX_PATH=/opt/ros/humble /usr/bin/cmake /home/jozef/ros2_ws/src/tb2_slam -DAMENT_CMAKE_SYMLINK_INSTALL=1 -DCMAKE_INSTALL_PREFIX=/home/jozef/ros2_ws/install/tb2_slam
[4.830s] Invoking command in '/home/jozef/ros2_ws/build/tb2_slam': CMAKE_PREFIX_PATH=/opt/ros/humble /usr/bin/cmake --build /home/jozef/ros2_ws/build/tb2_slam -- -j8 -l8
[7.275s] Invoked command in '/home/jozef/ros2_ws/build/tb2_slam' returned '0': CMAKE_PREFIX_PATH=/opt/ros/humble /usr/bin/cmake --build /home/jozef/ros2_ws/build/tb2_slam -- -j8 -l8
[7.277s] Invoking command in '/home/jozef/ros2_ws/build/tb2_slam': CMAKE_PREFIX_PATH=/opt/ros/humble /usr/bin/cmake --install /home/jozef/ros2_ws/build/tb2_slam
[7.797s] -- Install configuration: ""
[7.798s] -- Execute custom install script
[7.798s] -- Symlinking: /home/jozef/ros2_ws/install/tb2_slam/share/tb2_slam/rviz/mapping.rviz
[7.798s] -- Symlinking: /home/jozef/ros2_ws/install/tb2_slam/share/tb2_slam/launch/tb2_slam_launch.py
[7.798s] -- Symlinking: /home/jozef/ros2_ws/install/tb2_slam/share/tb2_slam/config/mapping_params.yaml
[7.798s] -- Symlinking: /home/jozef/ros2_ws/install/tb2_slam/share/ament_index/resource_index/package_run_dependencies/tb2_slam
[7.798s] -- Symlinking: /home/jozef/ros2_ws/install/tb2_slam/share/ament_index/resource_index/parent_prefix_path/tb2_slam
[7.799s] -- Symlinking: /home/jozef/ros2_ws/install/tb2_slam/share/tb2_slam/environment/ament_prefix_path.sh
[7.799s] -- Symlinking: /home/jozef/ros2_ws/install/tb2_slam/share/tb2_slam/environment/ament_prefix_path.dsv
[7.799s] -- Symlinking: /home/jozef/ros2_ws/install/tb2_slam/share/tb2_slam/environment/path.sh
[7.799s] -- Symlinking: /home/jozef/ros2_ws/install/tb2_slam/share/tb2_slam/environment/path.dsv
[7.799s] -- Symlinking: /home/jozef/ros2_ws/install/tb2_slam/share/tb2_slam/local_setup.bash
[7.799s] -- Symlinking: /home/jozef/ros2_ws/install/tb2_slam/share/tb2_slam/local_setup.sh
[7.800s] -- Symlinking: /home/jozef/ros2_ws/install/tb2_slam/share/tb2_slam/local_setup.zsh
[7.800s] -- Symlinking: /home/jozef/ros2_ws/install/tb2_slam/share/tb2_slam/local_setup.dsv
[7.800s] -- Symlinking: /home/jozef/ros2_ws/install/tb2_slam/share/tb2_slam/package.dsv
[7.800s] -- Symlinking: /home/jozef/ros2_ws/install/tb2_slam/share/ament_index/resource_index/packages/tb2_slam
[7.812s] -- Symlinking: /home/jozef/ros2_ws/install/tb2_slam/share/tb2_slam/cmake/tb2_slamConfig.cmake
[7.859s] -- Symlinking: /home/jozef/ros2_ws/install/tb2_slam/share/tb2_slam/cmake/tb2_slamConfig-version.cmake
[7.888s] -- Symlinking: /home/jozef/ros2_ws/install/tb2_slam/share/tb2_slam/package.xml
[7.946s] Invoked command in '/home/jozef/ros2_ws/build/tb2_slam' returned '0': CMAKE_PREFIX_PATH=/opt/ros/humble /usr/bin/cmake --install /home/jozef/ros2_ws/build/tb2_slam
