[0.054s] Invoking command in '/home/jozef/ros2_ws/build/mocap4r2_msgs': /usr/bin/cmake --build /home/jozef/ros2_ws/build/mocap4r2_msgs -- -j8 -l8
[0.252s] [  7%] Built target mocap4r2_msgs__cpp
[0.252s] [ 12%] Built target mocap4r2_msgs__rosidl_generator_c
[0.296s] [ 12%] Built target ament_cmake_python_symlink_mocap4r2_msgs
[0.382s] [ 23%] Built target mocap4r2_msgs__rosidl_typesupport_cpp
[0.405s] [ 34%] Built target mocap4r2_msgs__rosidl_typesupport_fastrtps_cpp
[0.428s] [ 46%] Built target mocap4r2_msgs__rosidl_typesupport_introspection_cpp
[0.437s] [ 57%] Built target mocap4r2_msgs__rosidl_typesupport_c
[0.450s] [ 68%] Built target mocap4r2_msgs__rosidl_typesupport_fastrtps_c
[0.456s] [ 79%] Built target mocap4r2_msgs__rosidl_typesupport_introspection_c
[0.540s] [ 79%] Built target mocap4r2_msgs
[0.632s] [ 80%] Built target mocap4r2_msgs__py
[0.769s] [ 90%] Built target mocap4r2_msgs__rosidl_generator_py
[0.895s] [ 93%] Built target mocap4r2_msgs__rosidl_typesupport_introspection_c__pyext
[0.905s] [ 96%] Built target mocap4r2_msgs__rosidl_typesupport_fastrtps_c__pyext
[0.913s] [100%] Built target mocap4r2_msgs__rosidl_typesupport_c__pyext
[1.127s] running egg_info
[1.155s] writing mocap4r2_msgs.egg-info/PKG-INFO
[1.157s] writing dependency_links to mocap4r2_msgs.egg-info/dependency_links.txt
[1.157s] writing top-level names to mocap4r2_msgs.egg-info/top_level.txt
[1.240s] reading manifest file 'mocap4r2_msgs.egg-info/SOURCES.txt'
[1.243s] writing manifest file 'mocap4r2_msgs.egg-info/SOURCES.txt'
[1.326s] [100%] Built target ament_cmake_python_build_mocap4r2_msgs_egg
