[0.530s] Invoking command in '/home/jozef/ros2_ws/build/tb2_slam': CMAKE_PREFIX_PATH=/opt/ros/humble /usr/bin/cmake --build /home/jozef/ros2_ws/build/tb2_slam -- -j8 -l8
[0.646s] Invoked command in '/home/jozef/ros2_ws/build/tb2_slam' returned '0': CMAKE_PREFIX_PATH=/opt/ros/humble /usr/bin/cmake --build /home/jozef/ros2_ws/build/tb2_slam -- -j8 -l8
[0.649s] Invoking command in '/home/jozef/ros2_ws/build/tb2_slam': CMAKE_PREFIX_PATH=/opt/ros/humble /usr/bin/cmake --install /home/jozef/ros2_ws/build/tb2_slam
[0.685s] -- Install configuration: ""
[0.686s] -- Execute custom install script
[0.687s] -- Up-to-date symlink: /home/jozef/ros2_ws/install/tb2_slam/share/tb2_slam/rviz/mapping.rviz
[0.692s] -- Up-to-date symlink: /home/jozef/ros2_ws/install/tb2_slam/share/tb2_slam/launch/tb2_slam_launch.py
[0.692s] -- Up-to-date symlink: /home/jozef/ros2_ws/install/tb2_slam/share/tb2_slam/config/mapping_params.yaml
[0.694s] -- Up-to-date symlink: /home/jozef/ros2_ws/install/tb2_slam/share/ament_index/resource_index/package_run_dependencies/tb2_slam
[0.697s] -- Up-to-date symlink: /home/jozef/ros2_ws/install/tb2_slam/share/ament_index/resource_index/parent_prefix_path/tb2_slam
[0.698s] -- Up-to-date symlink: /home/jozef/ros2_ws/install/tb2_slam/share/tb2_slam/environment/ament_prefix_path.sh
[0.698s] -- Up-to-date symlink: /home/jozef/ros2_ws/install/tb2_slam/share/tb2_slam/environment/ament_prefix_path.dsv
[0.698s] -- Up-to-date symlink: /home/jozef/ros2_ws/install/tb2_slam/share/tb2_slam/environment/path.sh
[0.699s] -- Up-to-date symlink: /home/jozef/ros2_ws/install/tb2_slam/share/tb2_slam/environment/path.dsv
[0.699s] -- Up-to-date symlink: /home/jozef/ros2_ws/install/tb2_slam/share/tb2_slam/local_setup.bash
[0.699s] -- Up-to-date symlink: /home/jozef/ros2_ws/install/tb2_slam/share/tb2_slam/local_setup.sh
[0.699s] -- Up-to-date symlink: /home/jozef/ros2_ws/install/tb2_slam/share/tb2_slam/local_setup.zsh
[0.700s] -- Up-to-date symlink: /home/jozef/ros2_ws/install/tb2_slam/share/tb2_slam/local_setup.dsv
[0.700s] -- Symlinking: /home/jozef/ros2_ws/install/tb2_slam/share/tb2_slam/package.dsv
[0.727s] -- Up-to-date symlink: /home/jozef/ros2_ws/install/tb2_slam/share/ament_index/resource_index/packages/tb2_slam
[0.728s] -- Up-to-date symlink: /home/jozef/ros2_ws/install/tb2_slam/share/tb2_slam/cmake/tb2_slamConfig.cmake
[0.729s] -- Up-to-date symlink: /home/jozef/ros2_ws/install/tb2_slam/share/tb2_slam/cmake/tb2_slamConfig-version.cmake
[0.731s] -- Up-to-date symlink: /home/jozef/ros2_ws/install/tb2_slam/share/tb2_slam/package.xml
[0.745s] Invoked command in '/home/jozef/ros2_ws/build/tb2_slam' returned '0': CMAKE_PREFIX_PATH=/opt/ros/humble /usr/bin/cmake --install /home/jozef/ros2_ws/build/tb2_slam
